[2025-07-21T08:14:39.818+0000] {processor.py:161} INFO - Started process (PID=73) to work on /home/airflow/.local/lib/python3.8/site-packages/airflow/example_dags/example_branch_labels.py
[2025-07-21T08:14:39.822+0000] {processor.py:830} INFO - Processing file /home/airflow/.local/lib/python3.8/site-packages/airflow/example_dags/example_branch_labels.py for tasks to queue
[2025-07-21T08:14:39.835+0000] {logging_mixin.py:188} INFO - [2025-07-21T08:14:39.835+0000] {dagbag.py:538} INFO - Filling up the DagBag from /home/airflow/.local/lib/python3.8/site-packages/airflow/example_dags/example_branch_labels.py
[2025-07-21T08:14:39.907+0000] {processor.py:840} INFO - DAG(s) 'example_branch_labels' retrieved from /home/airflow/.local/lib/python3.8/site-packages/airflow/example_dags/example_branch_labels.py
[2025-07-21T08:14:40.185+0000] {logging_mixin.py:188} INFO - [2025-07-21T08:14:40.185+0000] {dag.py:3036} INFO - Sync 1 DAGs
[2025-07-21T08:14:40.476+0000] {logging_mixin.py:188} INFO - [2025-07-21T08:14:40.476+0000] {dag.py:3823} INFO - Setting next_dagrun for example_branch_labels to 2025-07-20 00:00:00+00:00, run_after=2025-07-21 00:00:00+00:00
[2025-07-21T08:14:40.737+0000] {processor.py:183} INFO - Processing /home/airflow/.local/lib/python3.8/site-packages/airflow/example_dags/example_branch_labels.py took 0.943 seconds
[2025-07-21T08:15:12.987+0000] {processor.py:161} INFO - Started process (PID=135) to work on /home/airflow/.local/lib/python3.8/site-packages/airflow/example_dags/example_branch_labels.py
[2025-07-21T08:15:13.127+0000] {processor.py:830} INFO - Processing file /home/airflow/.local/lib/python3.8/site-packages/airflow/example_dags/example_branch_labels.py for tasks to queue
[2025-07-21T08:15:13.179+0000] {logging_mixin.py:188} INFO - [2025-07-21T08:15:13.178+0000] {dagbag.py:538} INFO - Filling up the DagBag from /home/airflow/.local/lib/python3.8/site-packages/airflow/example_dags/example_branch_labels.py
[2025-07-21T08:15:13.265+0000] {processor.py:840} INFO - DAG(s) 'example_branch_labels' retrieved from /home/airflow/.local/lib/python3.8/site-packages/airflow/example_dags/example_branch_labels.py
[2025-07-21T08:15:13.686+0000] {logging_mixin.py:188} INFO - [2025-07-21T08:15:13.685+0000] {dag.py:3036} INFO - Sync 1 DAGs
[2025-07-21T08:15:14.138+0000] {logging_mixin.py:188} INFO - [2025-07-21T08:15:14.138+0000] {dag.py:3823} INFO - Setting next_dagrun for example_branch_labels to 2025-07-20 00:00:00+00:00, run_after=2025-07-21 00:00:00+00:00
[2025-07-21T08:15:14.398+0000] {processor.py:183} INFO - Processing /home/airflow/.local/lib/python3.8/site-packages/airflow/example_dags/example_branch_labels.py took 1.430 seconds
[2025-07-21T08:15:51.043+0000] {processor.py:161} INFO - Started process (PID=190) to work on /home/airflow/.local/lib/python3.8/site-packages/airflow/example_dags/example_branch_labels.py
[2025-07-21T08:15:51.070+0000] {processor.py:830} INFO - Processing file /home/airflow/.local/lib/python3.8/site-packages/airflow/example_dags/example_branch_labels.py for tasks to queue
[2025-07-21T08:15:51.125+0000] {logging_mixin.py:188} INFO - [2025-07-21T08:15:51.124+0000] {dagbag.py:538} INFO - Filling up the DagBag from /home/airflow/.local/lib/python3.8/site-packages/airflow/example_dags/example_branch_labels.py
[2025-07-21T08:15:51.235+0000] {processor.py:840} INFO - DAG(s) 'example_branch_labels' retrieved from /home/airflow/.local/lib/python3.8/site-packages/airflow/example_dags/example_branch_labels.py
[2025-07-21T08:15:52.059+0000] {logging_mixin.py:188} INFO - [2025-07-21T08:15:52.058+0000] {dag.py:3036} INFO - Sync 1 DAGs
[2025-07-21T08:15:52.209+0000] {logging_mixin.py:188} INFO - [2025-07-21T08:15:52.209+0000] {dag.py:3823} INFO - Setting next_dagrun for example_branch_labels to 2025-07-20 00:00:00+00:00, run_after=2025-07-21 00:00:00+00:00
[2025-07-21T08:15:52.392+0000] {processor.py:183} INFO - Processing /home/airflow/.local/lib/python3.8/site-packages/airflow/example_dags/example_branch_labels.py took 1.419 seconds
[2025-07-21T08:16:31.972+0000] {processor.py:161} INFO - Started process (PID=245) to work on /home/airflow/.local/lib/python3.8/site-packages/airflow/example_dags/example_branch_labels.py
[2025-07-21T08:16:31.991+0000] {processor.py:830} INFO - Processing file /home/airflow/.local/lib/python3.8/site-packages/airflow/example_dags/example_branch_labels.py for tasks to queue
[2025-07-21T08:16:32.048+0000] {logging_mixin.py:188} INFO - [2025-07-21T08:16:32.048+0000] {dagbag.py:538} INFO - Filling up the DagBag from /home/airflow/.local/lib/python3.8/site-packages/airflow/example_dags/example_branch_labels.py
[2025-07-21T08:16:32.156+0000] {processor.py:840} INFO - DAG(s) 'example_branch_labels' retrieved from /home/airflow/.local/lib/python3.8/site-packages/airflow/example_dags/example_branch_labels.py
[2025-07-21T08:16:32.285+0000] {logging_mixin.py:188} INFO - [2025-07-21T08:16:32.285+0000] {dag.py:3036} INFO - Sync 1 DAGs
[2025-07-21T08:16:32.567+0000] {logging_mixin.py:188} INFO - [2025-07-21T08:16:32.567+0000] {dag.py:3823} INFO - Setting next_dagrun for example_branch_labels to 2025-07-20 00:00:00+00:00, run_after=2025-07-21 00:00:00+00:00
[2025-07-21T08:16:32.698+0000] {processor.py:183} INFO - Processing /home/airflow/.local/lib/python3.8/site-packages/airflow/example_dags/example_branch_labels.py took 0.792 seconds
[2025-07-21T08:17:18.709+0000] {processor.py:161} INFO - Started process (PID=300) to work on /home/airflow/.local/lib/python3.8/site-packages/airflow/example_dags/example_branch_labels.py
[2025-07-21T08:17:18.732+0000] {processor.py:830} INFO - Processing file /home/airflow/.local/lib/python3.8/site-packages/airflow/example_dags/example_branch_labels.py for tasks to queue
[2025-07-21T08:17:18.818+0000] {logging_mixin.py:188} INFO - [2025-07-21T08:17:18.817+0000] {dagbag.py:538} INFO - Filling up the DagBag from /home/airflow/.local/lib/python3.8/site-packages/airflow/example_dags/example_branch_labels.py
[2025-07-21T08:17:18.932+0000] {processor.py:840} INFO - DAG(s) 'example_branch_labels' retrieved from /home/airflow/.local/lib/python3.8/site-packages/airflow/example_dags/example_branch_labels.py
[2025-07-21T08:17:19.273+0000] {logging_mixin.py:188} INFO - [2025-07-21T08:17:19.258+0000] {dag.py:3036} INFO - Sync 1 DAGs
[2025-07-21T08:17:19.829+0000] {logging_mixin.py:188} INFO - [2025-07-21T08:17:19.829+0000] {dag.py:3823} INFO - Setting next_dagrun for example_branch_labels to 2025-07-20 00:00:00+00:00, run_after=2025-07-21 00:00:00+00:00
[2025-07-21T08:17:20.187+0000] {processor.py:183} INFO - Processing /home/airflow/.local/lib/python3.8/site-packages/airflow/example_dags/example_branch_labels.py took 1.492 seconds
[2025-07-21T08:18:33.475+0000] {processor.py:161} INFO - Started process (PID=361) to work on /home/airflow/.local/lib/python3.8/site-packages/airflow/example_dags/example_branch_labels.py
[2025-07-21T08:18:33.488+0000] {processor.py:830} INFO - Processing file /home/airflow/.local/lib/python3.8/site-packages/airflow/example_dags/example_branch_labels.py for tasks to queue
[2025-07-21T08:18:33.528+0000] {logging_mixin.py:188} INFO - [2025-07-21T08:18:33.527+0000] {dagbag.py:538} INFO - Filling up the DagBag from /home/airflow/.local/lib/python3.8/site-packages/airflow/example_dags/example_branch_labels.py
[2025-07-21T08:18:33.821+0000] {processor.py:840} INFO - DAG(s) 'example_branch_labels' retrieved from /home/airflow/.local/lib/python3.8/site-packages/airflow/example_dags/example_branch_labels.py
[2025-07-21T08:18:34.717+0000] {logging_mixin.py:188} INFO - [2025-07-21T08:18:34.717+0000] {dag.py:3036} INFO - Sync 1 DAGs
[2025-07-21T08:18:34.968+0000] {logging_mixin.py:188} INFO - [2025-07-21T08:18:34.968+0000] {dag.py:3823} INFO - Setting next_dagrun for example_branch_labels to 2025-07-20 00:00:00+00:00, run_after=2025-07-21 00:00:00+00:00
[2025-07-21T08:18:35.115+0000] {processor.py:183} INFO - Processing /home/airflow/.local/lib/python3.8/site-packages/airflow/example_dags/example_branch_labels.py took 1.659 seconds
[2025-07-21T08:19:58.229+0000] {processor.py:161} INFO - Started process (PID=434) to work on /home/airflow/.local/lib/python3.8/site-packages/airflow/example_dags/example_branch_labels.py
[2025-07-21T08:19:58.241+0000] {processor.py:830} INFO - Processing file /home/airflow/.local/lib/python3.8/site-packages/airflow/example_dags/example_branch_labels.py for tasks to queue
[2025-07-21T08:19:58.268+0000] {logging_mixin.py:188} INFO - [2025-07-21T08:19:58.268+0000] {dagbag.py:538} INFO - Filling up the DagBag from /home/airflow/.local/lib/python3.8/site-packages/airflow/example_dags/example_branch_labels.py
[2025-07-21T08:19:58.316+0000] {processor.py:840} INFO - DAG(s) 'example_branch_labels' retrieved from /home/airflow/.local/lib/python3.8/site-packages/airflow/example_dags/example_branch_labels.py
[2025-07-21T08:19:58.511+0000] {logging_mixin.py:188} INFO - [2025-07-21T08:19:58.510+0000] {dag.py:3036} INFO - Sync 1 DAGs
[2025-07-21T08:19:58.926+0000] {logging_mixin.py:188} INFO - [2025-07-21T08:19:58.925+0000] {dag.py:3823} INFO - Setting next_dagrun for example_branch_labels to 2025-07-20 00:00:00+00:00, run_after=2025-07-21 00:00:00+00:00
[2025-07-21T08:19:59.270+0000] {processor.py:183} INFO - Processing /home/airflow/.local/lib/python3.8/site-packages/airflow/example_dags/example_branch_labels.py took 1.048 seconds
[2025-07-21T08:20:51.958+0000] {processor.py:161} INFO - Started process (PID=495) to work on /home/airflow/.local/lib/python3.8/site-packages/airflow/example_dags/example_branch_labels.py
[2025-07-21T08:20:51.963+0000] {processor.py:830} INFO - Processing file /home/airflow/.local/lib/python3.8/site-packages/airflow/example_dags/example_branch_labels.py for tasks to queue
[2025-07-21T08:20:51.968+0000] {logging_mixin.py:188} INFO - [2025-07-21T08:20:51.967+0000] {dagbag.py:538} INFO - Filling up the DagBag from /home/airflow/.local/lib/python3.8/site-packages/airflow/example_dags/example_branch_labels.py
[2025-07-21T08:20:52.007+0000] {processor.py:840} INFO - DAG(s) 'example_branch_labels' retrieved from /home/airflow/.local/lib/python3.8/site-packages/airflow/example_dags/example_branch_labels.py
[2025-07-21T08:20:52.119+0000] {logging_mixin.py:188} INFO - [2025-07-21T08:20:52.118+0000] {dag.py:3036} INFO - Sync 1 DAGs
[2025-07-21T08:20:52.388+0000] {logging_mixin.py:188} INFO - [2025-07-21T08:20:52.388+0000] {dag.py:3823} INFO - Setting next_dagrun for example_branch_labels to 2025-07-20 00:00:00+00:00, run_after=2025-07-21 00:00:00+00:00
[2025-07-21T08:20:52.582+0000] {processor.py:183} INFO - Processing /home/airflow/.local/lib/python3.8/site-packages/airflow/example_dags/example_branch_labels.py took 0.638 seconds
[2025-07-21T08:21:35.093+0000] {processor.py:161} INFO - Started process (PID=547) to work on /home/airflow/.local/lib/python3.8/site-packages/airflow/example_dags/example_branch_labels.py
[2025-07-21T08:21:35.100+0000] {processor.py:830} INFO - Processing file /home/airflow/.local/lib/python3.8/site-packages/airflow/example_dags/example_branch_labels.py for tasks to queue
[2025-07-21T08:21:35.132+0000] {logging_mixin.py:188} INFO - [2025-07-21T08:21:35.131+0000] {dagbag.py:538} INFO - Filling up the DagBag from /home/airflow/.local/lib/python3.8/site-packages/airflow/example_dags/example_branch_labels.py
[2025-07-21T08:21:35.165+0000] {processor.py:840} INFO - DAG(s) 'example_branch_labels' retrieved from /home/airflow/.local/lib/python3.8/site-packages/airflow/example_dags/example_branch_labels.py
[2025-07-21T08:21:35.248+0000] {logging_mixin.py:188} INFO - [2025-07-21T08:21:35.248+0000] {dag.py:3036} INFO - Sync 1 DAGs
[2025-07-21T08:21:35.335+0000] {logging_mixin.py:188} INFO - [2025-07-21T08:21:35.334+0000] {dag.py:3823} INFO - Setting next_dagrun for example_branch_labels to 2025-07-20 00:00:00+00:00, run_after=2025-07-21 00:00:00+00:00
[2025-07-21T08:21:35.402+0000] {processor.py:183} INFO - Processing /home/airflow/.local/lib/python3.8/site-packages/airflow/example_dags/example_branch_labels.py took 0.342 seconds
[2025-07-21T08:22:12.845+0000] {processor.py:161} INFO - Started process (PID=602) to work on /home/airflow/.local/lib/python3.8/site-packages/airflow/example_dags/example_branch_labels.py
[2025-07-21T08:22:12.856+0000] {processor.py:830} INFO - Processing file /home/airflow/.local/lib/python3.8/site-packages/airflow/example_dags/example_branch_labels.py for tasks to queue
[2025-07-21T08:22:12.874+0000] {logging_mixin.py:188} INFO - [2025-07-21T08:22:12.873+0000] {dagbag.py:538} INFO - Filling up the DagBag from /home/airflow/.local/lib/python3.8/site-packages/airflow/example_dags/example_branch_labels.py
[2025-07-21T08:22:12.996+0000] {processor.py:840} INFO - DAG(s) 'example_branch_labels' retrieved from /home/airflow/.local/lib/python3.8/site-packages/airflow/example_dags/example_branch_labels.py
[2025-07-21T08:22:13.208+0000] {logging_mixin.py:188} INFO - [2025-07-21T08:22:13.208+0000] {dag.py:3036} INFO - Sync 1 DAGs
[2025-07-21T08:22:13.673+0000] {logging_mixin.py:188} INFO - [2025-07-21T08:22:13.673+0000] {dag.py:3823} INFO - Setting next_dagrun for example_branch_labels to 2025-07-20 00:00:00+00:00, run_after=2025-07-21 00:00:00+00:00
[2025-07-21T08:22:14.035+0000] {processor.py:183} INFO - Processing /home/airflow/.local/lib/python3.8/site-packages/airflow/example_dags/example_branch_labels.py took 1.244 seconds
[2025-07-21T08:22:45.101+0000] {processor.py:161} INFO - Started process (PID=656) to work on /home/airflow/.local/lib/python3.8/site-packages/airflow/example_dags/example_branch_labels.py
[2025-07-21T08:22:45.232+0000] {processor.py:830} INFO - Processing file /home/airflow/.local/lib/python3.8/site-packages/airflow/example_dags/example_branch_labels.py for tasks to queue
[2025-07-21T08:22:45.270+0000] {logging_mixin.py:188} INFO - [2025-07-21T08:22:45.269+0000] {dagbag.py:538} INFO - Filling up the DagBag from /home/airflow/.local/lib/python3.8/site-packages/airflow/example_dags/example_branch_labels.py
[2025-07-21T08:22:45.407+0000] {processor.py:840} INFO - DAG(s) 'example_branch_labels' retrieved from /home/airflow/.local/lib/python3.8/site-packages/airflow/example_dags/example_branch_labels.py
[2025-07-21T08:22:45.550+0000] {logging_mixin.py:188} INFO - [2025-07-21T08:22:45.549+0000] {dag.py:3036} INFO - Sync 1 DAGs
[2025-07-21T08:22:45.879+0000] {logging_mixin.py:188} INFO - [2025-07-21T08:22:45.878+0000] {dag.py:3823} INFO - Setting next_dagrun for example_branch_labels to 2025-07-20 00:00:00+00:00, run_after=2025-07-21 00:00:00+00:00
[2025-07-21T08:22:46.164+0000] {processor.py:183} INFO - Processing /home/airflow/.local/lib/python3.8/site-packages/airflow/example_dags/example_branch_labels.py took 1.153 seconds
[2025-07-21T08:23:19.125+0000] {processor.py:161} INFO - Started process (PID=711) to work on /home/airflow/.local/lib/python3.8/site-packages/airflow/example_dags/example_branch_labels.py
[2025-07-21T08:23:19.128+0000] {processor.py:830} INFO - Processing file /home/airflow/.local/lib/python3.8/site-packages/airflow/example_dags/example_branch_labels.py for tasks to queue
[2025-07-21T08:23:19.137+0000] {logging_mixin.py:188} INFO - [2025-07-21T08:23:19.136+0000] {dagbag.py:538} INFO - Filling up the DagBag from /home/airflow/.local/lib/python3.8/site-packages/airflow/example_dags/example_branch_labels.py
[2025-07-21T08:23:19.162+0000] {processor.py:840} INFO - DAG(s) 'example_branch_labels' retrieved from /home/airflow/.local/lib/python3.8/site-packages/airflow/example_dags/example_branch_labels.py
[2025-07-21T08:23:19.242+0000] {logging_mixin.py:188} INFO - [2025-07-21T08:23:19.241+0000] {dag.py:3036} INFO - Sync 1 DAGs
[2025-07-21T08:23:19.297+0000] {logging_mixin.py:188} INFO - [2025-07-21T08:23:19.297+0000] {dag.py:3823} INFO - Setting next_dagrun for example_branch_labels to 2025-07-20 00:00:00+00:00, run_after=2025-07-21 00:00:00+00:00
[2025-07-21T08:23:19.359+0000] {processor.py:183} INFO - Processing /home/airflow/.local/lib/python3.8/site-packages/airflow/example_dags/example_branch_labels.py took 0.247 seconds
[2025-07-21T08:23:53.349+0000] {processor.py:161} INFO - Started process (PID=772) to work on /home/airflow/.local/lib/python3.8/site-packages/airflow/example_dags/example_branch_labels.py
[2025-07-21T08:23:53.409+0000] {processor.py:830} INFO - Processing file /home/airflow/.local/lib/python3.8/site-packages/airflow/example_dags/example_branch_labels.py for tasks to queue
[2025-07-21T08:23:53.427+0000] {logging_mixin.py:188} INFO - [2025-07-21T08:23:53.426+0000] {dagbag.py:538} INFO - Filling up the DagBag from /home/airflow/.local/lib/python3.8/site-packages/airflow/example_dags/example_branch_labels.py
[2025-07-21T08:23:53.484+0000] {processor.py:840} INFO - DAG(s) 'example_branch_labels' retrieved from /home/airflow/.local/lib/python3.8/site-packages/airflow/example_dags/example_branch_labels.py
[2025-07-21T08:23:53.745+0000] {logging_mixin.py:188} INFO - [2025-07-21T08:23:53.745+0000] {dag.py:3036} INFO - Sync 1 DAGs
[2025-07-21T08:23:53.888+0000] {logging_mixin.py:188} INFO - [2025-07-21T08:23:53.875+0000] {dag.py:3823} INFO - Setting next_dagrun for example_branch_labels to 2025-07-20 00:00:00+00:00, run_after=2025-07-21 00:00:00+00:00
[2025-07-21T08:23:54.043+0000] {processor.py:183} INFO - Processing /home/airflow/.local/lib/python3.8/site-packages/airflow/example_dags/example_branch_labels.py took 0.714 seconds
[2025-07-21T08:24:31.151+0000] {processor.py:161} INFO - Started process (PID=817) to work on /home/airflow/.local/lib/python3.8/site-packages/airflow/example_dags/example_branch_labels.py
[2025-07-21T08:24:31.167+0000] {processor.py:830} INFO - Processing file /home/airflow/.local/lib/python3.8/site-packages/airflow/example_dags/example_branch_labels.py for tasks to queue
[2025-07-21T08:24:31.175+0000] {logging_mixin.py:188} INFO - [2025-07-21T08:24:31.175+0000] {dagbag.py:538} INFO - Filling up the DagBag from /home/airflow/.local/lib/python3.8/site-packages/airflow/example_dags/example_branch_labels.py
[2025-07-21T08:24:31.269+0000] {processor.py:840} INFO - DAG(s) 'example_branch_labels' retrieved from /home/airflow/.local/lib/python3.8/site-packages/airflow/example_dags/example_branch_labels.py
[2025-07-21T08:24:31.414+0000] {logging_mixin.py:188} INFO - [2025-07-21T08:24:31.414+0000] {dag.py:3036} INFO - Sync 1 DAGs
[2025-07-21T08:24:31.574+0000] {logging_mixin.py:188} INFO - [2025-07-21T08:24:31.573+0000] {dag.py:3823} INFO - Setting next_dagrun for example_branch_labels to 2025-07-20 00:00:00+00:00, run_after=2025-07-21 00:00:00+00:00
[2025-07-21T08:24:31.661+0000] {processor.py:183} INFO - Processing /home/airflow/.local/lib/python3.8/site-packages/airflow/example_dags/example_branch_labels.py took 0.517 seconds
[2025-07-21T08:25:03.864+0000] {processor.py:161} INFO - Started process (PID=872) to work on /home/airflow/.local/lib/python3.8/site-packages/airflow/example_dags/example_branch_labels.py
[2025-07-21T08:25:03.866+0000] {processor.py:830} INFO - Processing file /home/airflow/.local/lib/python3.8/site-packages/airflow/example_dags/example_branch_labels.py for tasks to queue
[2025-07-21T08:25:03.870+0000] {logging_mixin.py:188} INFO - [2025-07-21T08:25:03.870+0000] {dagbag.py:538} INFO - Filling up the DagBag from /home/airflow/.local/lib/python3.8/site-packages/airflow/example_dags/example_branch_labels.py
[2025-07-21T08:25:03.888+0000] {processor.py:840} INFO - DAG(s) 'example_branch_labels' retrieved from /home/airflow/.local/lib/python3.8/site-packages/airflow/example_dags/example_branch_labels.py
[2025-07-21T08:25:03.944+0000] {logging_mixin.py:188} INFO - [2025-07-21T08:25:03.943+0000] {dag.py:3036} INFO - Sync 1 DAGs
[2025-07-21T08:25:04.104+0000] {logging_mixin.py:188} INFO - [2025-07-21T08:25:04.103+0000] {dag.py:3823} INFO - Setting next_dagrun for example_branch_labels to 2025-07-20 00:00:00+00:00, run_after=2025-07-21 00:00:00+00:00
[2025-07-21T08:25:04.157+0000] {processor.py:183} INFO - Processing /home/airflow/.local/lib/python3.8/site-packages/airflow/example_dags/example_branch_labels.py took 0.323 seconds
[2025-07-21T08:25:35.611+0000] {processor.py:161} INFO - Started process (PID=928) to work on /home/airflow/.local/lib/python3.8/site-packages/airflow/example_dags/example_branch_labels.py
[2025-07-21T08:25:35.641+0000] {processor.py:830} INFO - Processing file /home/airflow/.local/lib/python3.8/site-packages/airflow/example_dags/example_branch_labels.py for tasks to queue
[2025-07-21T08:25:35.660+0000] {logging_mixin.py:188} INFO - [2025-07-21T08:25:35.659+0000] {dagbag.py:538} INFO - Filling up the DagBag from /home/airflow/.local/lib/python3.8/site-packages/airflow/example_dags/example_branch_labels.py
[2025-07-21T08:25:35.703+0000] {processor.py:840} INFO - DAG(s) 'example_branch_labels' retrieved from /home/airflow/.local/lib/python3.8/site-packages/airflow/example_dags/example_branch_labels.py
[2025-07-21T08:25:35.844+0000] {logging_mixin.py:188} INFO - [2025-07-21T08:25:35.843+0000] {dag.py:3036} INFO - Sync 1 DAGs
[2025-07-21T08:25:36.035+0000] {logging_mixin.py:188} INFO - [2025-07-21T08:25:36.034+0000] {dag.py:3823} INFO - Setting next_dagrun for example_branch_labels to 2025-07-20 00:00:00+00:00, run_after=2025-07-21 00:00:00+00:00
[2025-07-21T08:25:36.407+0000] {processor.py:183} INFO - Processing /home/airflow/.local/lib/python3.8/site-packages/airflow/example_dags/example_branch_labels.py took 0.804 seconds
[2025-07-21T08:26:07.239+0000] {processor.py:161} INFO - Started process (PID=983) to work on /home/airflow/.local/lib/python3.8/site-packages/airflow/example_dags/example_branch_labels.py
[2025-07-21T08:26:07.241+0000] {processor.py:830} INFO - Processing file /home/airflow/.local/lib/python3.8/site-packages/airflow/example_dags/example_branch_labels.py for tasks to queue
[2025-07-21T08:26:07.245+0000] {logging_mixin.py:188} INFO - [2025-07-21T08:26:07.244+0000] {dagbag.py:538} INFO - Filling up the DagBag from /home/airflow/.local/lib/python3.8/site-packages/airflow/example_dags/example_branch_labels.py
[2025-07-21T08:26:07.269+0000] {processor.py:840} INFO - DAG(s) 'example_branch_labels' retrieved from /home/airflow/.local/lib/python3.8/site-packages/airflow/example_dags/example_branch_labels.py
[2025-07-21T08:26:07.473+0000] {logging_mixin.py:188} INFO - [2025-07-21T08:26:07.473+0000] {dag.py:3036} INFO - Sync 1 DAGs
[2025-07-21T08:26:07.597+0000] {logging_mixin.py:188} INFO - [2025-07-21T08:26:07.597+0000] {dag.py:3823} INFO - Setting next_dagrun for example_branch_labels to 2025-07-20 00:00:00+00:00, run_after=2025-07-21 00:00:00+00:00
[2025-07-21T08:26:07.732+0000] {processor.py:183} INFO - Processing /home/airflow/.local/lib/python3.8/site-packages/airflow/example_dags/example_branch_labels.py took 0.515 seconds
[2025-07-21T08:26:41.559+0000] {processor.py:161} INFO - Started process (PID=1039) to work on /home/airflow/.local/lib/python3.8/site-packages/airflow/example_dags/example_branch_labels.py
[2025-07-21T08:26:41.595+0000] {processor.py:830} INFO - Processing file /home/airflow/.local/lib/python3.8/site-packages/airflow/example_dags/example_branch_labels.py for tasks to queue
[2025-07-21T08:26:41.599+0000] {logging_mixin.py:188} INFO - [2025-07-21T08:26:41.599+0000] {dagbag.py:538} INFO - Filling up the DagBag from /home/airflow/.local/lib/python3.8/site-packages/airflow/example_dags/example_branch_labels.py
[2025-07-21T08:26:41.637+0000] {processor.py:840} INFO - DAG(s) 'example_branch_labels' retrieved from /home/airflow/.local/lib/python3.8/site-packages/airflow/example_dags/example_branch_labels.py
[2025-07-21T08:26:41.871+0000] {logging_mixin.py:188} INFO - [2025-07-21T08:26:41.870+0000] {dag.py:3036} INFO - Sync 1 DAGs
[2025-07-21T08:26:41.998+0000] {logging_mixin.py:188} INFO - [2025-07-21T08:26:41.998+0000] {dag.py:3823} INFO - Setting next_dagrun for example_branch_labels to 2025-07-20 00:00:00+00:00, run_after=2025-07-21 00:00:00+00:00
[2025-07-21T08:26:42.351+0000] {processor.py:183} INFO - Processing /home/airflow/.local/lib/python3.8/site-packages/airflow/example_dags/example_branch_labels.py took 0.798 seconds
[2025-07-21T08:27:13.323+0000] {processor.py:161} INFO - Started process (PID=1093) to work on /home/airflow/.local/lib/python3.8/site-packages/airflow/example_dags/example_branch_labels.py
[2025-07-21T08:27:13.326+0000] {processor.py:830} INFO - Processing file /home/airflow/.local/lib/python3.8/site-packages/airflow/example_dags/example_branch_labels.py for tasks to queue
[2025-07-21T08:27:13.332+0000] {logging_mixin.py:188} INFO - [2025-07-21T08:27:13.331+0000] {dagbag.py:538} INFO - Filling up the DagBag from /home/airflow/.local/lib/python3.8/site-packages/airflow/example_dags/example_branch_labels.py
[2025-07-21T08:27:13.367+0000] {processor.py:840} INFO - DAG(s) 'example_branch_labels' retrieved from /home/airflow/.local/lib/python3.8/site-packages/airflow/example_dags/example_branch_labels.py
[2025-07-21T08:27:13.465+0000] {logging_mixin.py:188} INFO - [2025-07-21T08:27:13.465+0000] {dag.py:3036} INFO - Sync 1 DAGs
[2025-07-21T08:27:13.532+0000] {logging_mixin.py:188} INFO - [2025-07-21T08:27:13.531+0000] {dag.py:3823} INFO - Setting next_dagrun for example_branch_labels to 2025-07-20 00:00:00+00:00, run_after=2025-07-21 00:00:00+00:00
[2025-07-21T08:27:13.604+0000] {processor.py:183} INFO - Processing /home/airflow/.local/lib/python3.8/site-packages/airflow/example_dags/example_branch_labels.py took 0.294 seconds
[2025-07-21T08:27:43.814+0000] {processor.py:161} INFO - Started process (PID=1148) to work on /home/airflow/.local/lib/python3.8/site-packages/airflow/example_dags/example_branch_labels.py
[2025-07-21T08:27:43.818+0000] {processor.py:830} INFO - Processing file /home/airflow/.local/lib/python3.8/site-packages/airflow/example_dags/example_branch_labels.py for tasks to queue
[2025-07-21T08:27:43.825+0000] {logging_mixin.py:188} INFO - [2025-07-21T08:27:43.823+0000] {dagbag.py:538} INFO - Filling up the DagBag from /home/airflow/.local/lib/python3.8/site-packages/airflow/example_dags/example_branch_labels.py
[2025-07-21T08:27:43.863+0000] {processor.py:840} INFO - DAG(s) 'example_branch_labels' retrieved from /home/airflow/.local/lib/python3.8/site-packages/airflow/example_dags/example_branch_labels.py
[2025-07-21T08:27:43.958+0000] {logging_mixin.py:188} INFO - [2025-07-21T08:27:43.957+0000] {dag.py:3036} INFO - Sync 1 DAGs
[2025-07-21T08:27:44.048+0000] {logging_mixin.py:188} INFO - [2025-07-21T08:27:44.047+0000] {dag.py:3823} INFO - Setting next_dagrun for example_branch_labels to 2025-07-20 00:00:00+00:00, run_after=2025-07-21 00:00:00+00:00
[2025-07-21T08:27:44.161+0000] {processor.py:183} INFO - Processing /home/airflow/.local/lib/python3.8/site-packages/airflow/example_dags/example_branch_labels.py took 0.362 seconds
[2025-07-21T08:28:14.887+0000] {processor.py:161} INFO - Started process (PID=1203) to work on /home/airflow/.local/lib/python3.8/site-packages/airflow/example_dags/example_branch_labels.py
[2025-07-21T08:28:14.894+0000] {processor.py:830} INFO - Processing file /home/airflow/.local/lib/python3.8/site-packages/airflow/example_dags/example_branch_labels.py for tasks to queue
[2025-07-21T08:28:14.906+0000] {logging_mixin.py:188} INFO - [2025-07-21T08:28:14.905+0000] {dagbag.py:538} INFO - Filling up the DagBag from /home/airflow/.local/lib/python3.8/site-packages/airflow/example_dags/example_branch_labels.py
[2025-07-21T08:28:14.977+0000] {processor.py:840} INFO - DAG(s) 'example_branch_labels' retrieved from /home/airflow/.local/lib/python3.8/site-packages/airflow/example_dags/example_branch_labels.py
[2025-07-21T08:28:15.131+0000] {logging_mixin.py:188} INFO - [2025-07-21T08:28:15.131+0000] {dag.py:3036} INFO - Sync 1 DAGs
[2025-07-21T08:28:15.202+0000] {logging_mixin.py:188} INFO - [2025-07-21T08:28:15.201+0000] {dag.py:3823} INFO - Setting next_dagrun for example_branch_labels to 2025-07-20 00:00:00+00:00, run_after=2025-07-21 00:00:00+00:00
[2025-07-21T08:28:15.336+0000] {processor.py:183} INFO - Processing /home/airflow/.local/lib/python3.8/site-packages/airflow/example_dags/example_branch_labels.py took 0.469 seconds
[2025-07-21T08:28:48.481+0000] {processor.py:161} INFO - Started process (PID=1258) to work on /home/airflow/.local/lib/python3.8/site-packages/airflow/example_dags/example_branch_labels.py
[2025-07-21T08:28:48.485+0000] {processor.py:830} INFO - Processing file /home/airflow/.local/lib/python3.8/site-packages/airflow/example_dags/example_branch_labels.py for tasks to queue
[2025-07-21T08:28:48.499+0000] {logging_mixin.py:188} INFO - [2025-07-21T08:28:48.498+0000] {dagbag.py:538} INFO - Filling up the DagBag from /home/airflow/.local/lib/python3.8/site-packages/airflow/example_dags/example_branch_labels.py
[2025-07-21T08:28:48.541+0000] {processor.py:840} INFO - DAG(s) 'example_branch_labels' retrieved from /home/airflow/.local/lib/python3.8/site-packages/airflow/example_dags/example_branch_labels.py
[2025-07-21T08:28:48.878+0000] {logging_mixin.py:188} INFO - [2025-07-21T08:28:48.878+0000] {dag.py:3036} INFO - Sync 1 DAGs
[2025-07-21T08:28:48.958+0000] {logging_mixin.py:188} INFO - [2025-07-21T08:28:48.958+0000] {dag.py:3823} INFO - Setting next_dagrun for example_branch_labels to 2025-07-20 00:00:00+00:00, run_after=2025-07-21 00:00:00+00:00
[2025-07-21T08:28:49.031+0000] {processor.py:183} INFO - Processing /home/airflow/.local/lib/python3.8/site-packages/airflow/example_dags/example_branch_labels.py took 0.555 seconds
[2025-07-21T08:29:19.275+0000] {processor.py:161} INFO - Started process (PID=1313) to work on /home/airflow/.local/lib/python3.8/site-packages/airflow/example_dags/example_branch_labels.py
[2025-07-21T08:29:19.277+0000] {processor.py:830} INFO - Processing file /home/airflow/.local/lib/python3.8/site-packages/airflow/example_dags/example_branch_labels.py for tasks to queue
[2025-07-21T08:29:19.281+0000] {logging_mixin.py:188} INFO - [2025-07-21T08:29:19.281+0000] {dagbag.py:538} INFO - Filling up the DagBag from /home/airflow/.local/lib/python3.8/site-packages/airflow/example_dags/example_branch_labels.py
[2025-07-21T08:29:19.298+0000] {processor.py:840} INFO - DAG(s) 'example_branch_labels' retrieved from /home/airflow/.local/lib/python3.8/site-packages/airflow/example_dags/example_branch_labels.py
[2025-07-21T08:29:19.342+0000] {logging_mixin.py:188} INFO - [2025-07-21T08:29:19.342+0000] {dag.py:3036} INFO - Sync 1 DAGs
[2025-07-21T08:29:19.383+0000] {logging_mixin.py:188} INFO - [2025-07-21T08:29:19.382+0000] {dag.py:3823} INFO - Setting next_dagrun for example_branch_labels to 2025-07-20 00:00:00+00:00, run_after=2025-07-21 00:00:00+00:00
[2025-07-21T08:29:19.437+0000] {processor.py:183} INFO - Processing /home/airflow/.local/lib/python3.8/site-packages/airflow/example_dags/example_branch_labels.py took 0.172 seconds
[2025-07-21T08:29:49.786+0000] {processor.py:161} INFO - Started process (PID=1369) to work on /home/airflow/.local/lib/python3.8/site-packages/airflow/example_dags/example_branch_labels.py
[2025-07-21T08:29:49.790+0000] {processor.py:830} INFO - Processing file /home/airflow/.local/lib/python3.8/site-packages/airflow/example_dags/example_branch_labels.py for tasks to queue
[2025-07-21T08:29:49.801+0000] {logging_mixin.py:188} INFO - [2025-07-21T08:29:49.801+0000] {dagbag.py:538} INFO - Filling up the DagBag from /home/airflow/.local/lib/python3.8/site-packages/airflow/example_dags/example_branch_labels.py
[2025-07-21T08:29:49.837+0000] {processor.py:840} INFO - DAG(s) 'example_branch_labels' retrieved from /home/airflow/.local/lib/python3.8/site-packages/airflow/example_dags/example_branch_labels.py
[2025-07-21T08:29:49.900+0000] {logging_mixin.py:188} INFO - [2025-07-21T08:29:49.900+0000] {dag.py:3036} INFO - Sync 1 DAGs
[2025-07-21T08:29:50.000+0000] {logging_mixin.py:188} INFO - [2025-07-21T08:29:49.999+0000] {dag.py:3823} INFO - Setting next_dagrun for example_branch_labels to 2025-07-20 00:00:00+00:00, run_after=2025-07-21 00:00:00+00:00
[2025-07-21T08:29:50.051+0000] {processor.py:183} INFO - Processing /home/airflow/.local/lib/python3.8/site-packages/airflow/example_dags/example_branch_labels.py took 0.284 seconds
[2025-07-21T08:30:20.989+0000] {processor.py:161} INFO - Started process (PID=1424) to work on /home/airflow/.local/lib/python3.8/site-packages/airflow/example_dags/example_branch_labels.py
[2025-07-21T08:30:20.992+0000] {processor.py:830} INFO - Processing file /home/airflow/.local/lib/python3.8/site-packages/airflow/example_dags/example_branch_labels.py for tasks to queue
[2025-07-21T08:30:21.016+0000] {logging_mixin.py:188} INFO - [2025-07-21T08:30:21.015+0000] {dagbag.py:538} INFO - Filling up the DagBag from /home/airflow/.local/lib/python3.8/site-packages/airflow/example_dags/example_branch_labels.py
[2025-07-21T08:30:21.099+0000] {processor.py:840} INFO - DAG(s) 'example_branch_labels' retrieved from /home/airflow/.local/lib/python3.8/site-packages/airflow/example_dags/example_branch_labels.py
[2025-07-21T08:30:21.193+0000] {logging_mixin.py:188} INFO - [2025-07-21T08:30:21.192+0000] {dag.py:3036} INFO - Sync 1 DAGs
[2025-07-21T08:30:21.267+0000] {logging_mixin.py:188} INFO - [2025-07-21T08:30:21.267+0000] {dag.py:3823} INFO - Setting next_dagrun for example_branch_labels to 2025-07-20 00:00:00+00:00, run_after=2025-07-21 00:00:00+00:00
[2025-07-21T08:30:21.369+0000] {processor.py:183} INFO - Processing /home/airflow/.local/lib/python3.8/site-packages/airflow/example_dags/example_branch_labels.py took 0.400 seconds
[2025-07-21T08:30:55.730+0000] {processor.py:161} INFO - Started process (PID=1479) to work on /home/airflow/.local/lib/python3.8/site-packages/airflow/example_dags/example_branch_labels.py
[2025-07-21T08:30:55.744+0000] {processor.py:830} INFO - Processing file /home/airflow/.local/lib/python3.8/site-packages/airflow/example_dags/example_branch_labels.py for tasks to queue
[2025-07-21T08:30:55.761+0000] {logging_mixin.py:188} INFO - [2025-07-21T08:30:55.761+0000] {dagbag.py:538} INFO - Filling up the DagBag from /home/airflow/.local/lib/python3.8/site-packages/airflow/example_dags/example_branch_labels.py
[2025-07-21T08:30:55.798+0000] {processor.py:840} INFO - DAG(s) 'example_branch_labels' retrieved from /home/airflow/.local/lib/python3.8/site-packages/airflow/example_dags/example_branch_labels.py
[2025-07-21T08:30:55.901+0000] {logging_mixin.py:188} INFO - [2025-07-21T08:30:55.900+0000] {dag.py:3036} INFO - Sync 1 DAGs
[2025-07-21T08:30:56.348+0000] {logging_mixin.py:188} INFO - [2025-07-21T08:30:56.336+0000] {dag.py:3823} INFO - Setting next_dagrun for example_branch_labels to 2025-07-20 00:00:00+00:00, run_after=2025-07-21 00:00:00+00:00
[2025-07-21T08:30:56.481+0000] {processor.py:183} INFO - Processing /home/airflow/.local/lib/python3.8/site-packages/airflow/example_dags/example_branch_labels.py took 0.789 seconds
[2025-07-21T08:31:27.506+0000] {processor.py:161} INFO - Started process (PID=1540) to work on /home/airflow/.local/lib/python3.8/site-packages/airflow/example_dags/example_branch_labels.py
[2025-07-21T08:31:27.524+0000] {processor.py:830} INFO - Processing file /home/airflow/.local/lib/python3.8/site-packages/airflow/example_dags/example_branch_labels.py for tasks to queue
[2025-07-21T08:31:27.583+0000] {logging_mixin.py:188} INFO - [2025-07-21T08:31:27.576+0000] {dagbag.py:538} INFO - Filling up the DagBag from /home/airflow/.local/lib/python3.8/site-packages/airflow/example_dags/example_branch_labels.py
[2025-07-21T08:31:27.632+0000] {processor.py:840} INFO - DAG(s) 'example_branch_labels' retrieved from /home/airflow/.local/lib/python3.8/site-packages/airflow/example_dags/example_branch_labels.py
[2025-07-21T08:31:27.740+0000] {logging_mixin.py:188} INFO - [2025-07-21T08:31:27.739+0000] {dag.py:3036} INFO - Sync 1 DAGs
[2025-07-21T08:31:27.821+0000] {logging_mixin.py:188} INFO - [2025-07-21T08:31:27.821+0000] {dag.py:3823} INFO - Setting next_dagrun for example_branch_labels to 2025-07-20 00:00:00+00:00, run_after=2025-07-21 00:00:00+00:00
[2025-07-21T08:31:27.879+0000] {processor.py:183} INFO - Processing /home/airflow/.local/lib/python3.8/site-packages/airflow/example_dags/example_branch_labels.py took 0.432 seconds
[2025-07-21T08:31:58.938+0000] {processor.py:161} INFO - Started process (PID=1595) to work on /home/airflow/.local/lib/python3.8/site-packages/airflow/example_dags/example_branch_labels.py
[2025-07-21T08:31:58.956+0000] {processor.py:830} INFO - Processing file /home/airflow/.local/lib/python3.8/site-packages/airflow/example_dags/example_branch_labels.py for tasks to queue
[2025-07-21T08:31:58.967+0000] {logging_mixin.py:188} INFO - [2025-07-21T08:31:58.966+0000] {dagbag.py:538} INFO - Filling up the DagBag from /home/airflow/.local/lib/python3.8/site-packages/airflow/example_dags/example_branch_labels.py
[2025-07-21T08:31:59.001+0000] {processor.py:840} INFO - DAG(s) 'example_branch_labels' retrieved from /home/airflow/.local/lib/python3.8/site-packages/airflow/example_dags/example_branch_labels.py
[2025-07-21T08:31:59.098+0000] {logging_mixin.py:188} INFO - [2025-07-21T08:31:59.097+0000] {dag.py:3036} INFO - Sync 1 DAGs
[2025-07-21T08:31:59.315+0000] {logging_mixin.py:188} INFO - [2025-07-21T08:31:59.303+0000] {dag.py:3823} INFO - Setting next_dagrun for example_branch_labels to 2025-07-20 00:00:00+00:00, run_after=2025-07-21 00:00:00+00:00
[2025-07-21T08:31:59.470+0000] {processor.py:183} INFO - Processing /home/airflow/.local/lib/python3.8/site-packages/airflow/example_dags/example_branch_labels.py took 0.616 seconds
[2025-07-21T08:32:30.145+0000] {processor.py:161} INFO - Started process (PID=1650) to work on /home/airflow/.local/lib/python3.8/site-packages/airflow/example_dags/example_branch_labels.py
[2025-07-21T08:32:30.147+0000] {processor.py:830} INFO - Processing file /home/airflow/.local/lib/python3.8/site-packages/airflow/example_dags/example_branch_labels.py for tasks to queue
[2025-07-21T08:32:30.161+0000] {logging_mixin.py:188} INFO - [2025-07-21T08:32:30.161+0000] {dagbag.py:538} INFO - Filling up the DagBag from /home/airflow/.local/lib/python3.8/site-packages/airflow/example_dags/example_branch_labels.py
[2025-07-21T08:32:30.211+0000] {processor.py:840} INFO - DAG(s) 'example_branch_labels' retrieved from /home/airflow/.local/lib/python3.8/site-packages/airflow/example_dags/example_branch_labels.py
[2025-07-21T08:32:30.416+0000] {logging_mixin.py:188} INFO - [2025-07-21T08:32:30.416+0000] {dag.py:3036} INFO - Sync 1 DAGs
[2025-07-21T08:32:30.567+0000] {logging_mixin.py:188} INFO - [2025-07-21T08:32:30.567+0000] {dag.py:3823} INFO - Setting next_dagrun for example_branch_labels to 2025-07-20 00:00:00+00:00, run_after=2025-07-21 00:00:00+00:00
[2025-07-21T08:32:30.749+0000] {processor.py:183} INFO - Processing /home/airflow/.local/lib/python3.8/site-packages/airflow/example_dags/example_branch_labels.py took 0.617 seconds
[2025-07-21T08:33:01.049+0000] {processor.py:161} INFO - Started process (PID=1705) to work on /home/airflow/.local/lib/python3.8/site-packages/airflow/example_dags/example_branch_labels.py
[2025-07-21T08:33:01.052+0000] {processor.py:830} INFO - Processing file /home/airflow/.local/lib/python3.8/site-packages/airflow/example_dags/example_branch_labels.py for tasks to queue
[2025-07-21T08:33:01.059+0000] {logging_mixin.py:188} INFO - [2025-07-21T08:33:01.058+0000] {dagbag.py:538} INFO - Filling up the DagBag from /home/airflow/.local/lib/python3.8/site-packages/airflow/example_dags/example_branch_labels.py
[2025-07-21T08:33:01.085+0000] {processor.py:840} INFO - DAG(s) 'example_branch_labels' retrieved from /home/airflow/.local/lib/python3.8/site-packages/airflow/example_dags/example_branch_labels.py
[2025-07-21T08:33:01.156+0000] {logging_mixin.py:188} INFO - [2025-07-21T08:33:01.156+0000] {dag.py:3036} INFO - Sync 1 DAGs
[2025-07-21T08:33:01.224+0000] {logging_mixin.py:188} INFO - [2025-07-21T08:33:01.223+0000] {dag.py:3823} INFO - Setting next_dagrun for example_branch_labels to 2025-07-20 00:00:00+00:00, run_after=2025-07-21 00:00:00+00:00
[2025-07-21T08:33:01.278+0000] {processor.py:183} INFO - Processing /home/airflow/.local/lib/python3.8/site-packages/airflow/example_dags/example_branch_labels.py took 0.242 seconds
[2025-07-21T08:33:31.976+0000] {processor.py:161} INFO - Started process (PID=1760) to work on /home/airflow/.local/lib/python3.8/site-packages/airflow/example_dags/example_branch_labels.py
[2025-07-21T08:33:31.983+0000] {processor.py:830} INFO - Processing file /home/airflow/.local/lib/python3.8/site-packages/airflow/example_dags/example_branch_labels.py for tasks to queue
[2025-07-21T08:33:32.035+0000] {logging_mixin.py:188} INFO - [2025-07-21T08:33:32.034+0000] {dagbag.py:538} INFO - Filling up the DagBag from /home/airflow/.local/lib/python3.8/site-packages/airflow/example_dags/example_branch_labels.py
[2025-07-21T08:33:32.187+0000] {processor.py:840} INFO - DAG(s) 'example_branch_labels' retrieved from /home/airflow/.local/lib/python3.8/site-packages/airflow/example_dags/example_branch_labels.py
[2025-07-21T08:33:32.459+0000] {logging_mixin.py:188} INFO - [2025-07-21T08:33:32.459+0000] {dag.py:3036} INFO - Sync 1 DAGs
[2025-07-21T08:33:32.700+0000] {logging_mixin.py:188} INFO - [2025-07-21T08:33:32.698+0000] {dag.py:3823} INFO - Setting next_dagrun for example_branch_labels to 2025-07-20 00:00:00+00:00, run_after=2025-07-21 00:00:00+00:00
[2025-07-21T08:33:32.984+0000] {processor.py:183} INFO - Processing /home/airflow/.local/lib/python3.8/site-packages/airflow/example_dags/example_branch_labels.py took 1.041 seconds
[2025-07-21T08:34:03.628+0000] {processor.py:161} INFO - Started process (PID=1815) to work on /home/airflow/.local/lib/python3.8/site-packages/airflow/example_dags/example_branch_labels.py
[2025-07-21T08:34:03.632+0000] {processor.py:830} INFO - Processing file /home/airflow/.local/lib/python3.8/site-packages/airflow/example_dags/example_branch_labels.py for tasks to queue
[2025-07-21T08:34:03.647+0000] {logging_mixin.py:188} INFO - [2025-07-21T08:34:03.646+0000] {dagbag.py:538} INFO - Filling up the DagBag from /home/airflow/.local/lib/python3.8/site-packages/airflow/example_dags/example_branch_labels.py
[2025-07-21T08:34:03.701+0000] {processor.py:840} INFO - DAG(s) 'example_branch_labels' retrieved from /home/airflow/.local/lib/python3.8/site-packages/airflow/example_dags/example_branch_labels.py
[2025-07-21T08:34:03.801+0000] {logging_mixin.py:188} INFO - [2025-07-21T08:34:03.800+0000] {dag.py:3036} INFO - Sync 1 DAGs
[2025-07-21T08:34:03.871+0000] {logging_mixin.py:188} INFO - [2025-07-21T08:34:03.871+0000] {dag.py:3823} INFO - Setting next_dagrun for example_branch_labels to 2025-07-20 00:00:00+00:00, run_after=2025-07-21 00:00:00+00:00
[2025-07-21T08:34:03.905+0000] {processor.py:183} INFO - Processing /home/airflow/.local/lib/python3.8/site-packages/airflow/example_dags/example_branch_labels.py took 0.295 seconds
[2025-07-21T08:34:37.686+0000] {processor.py:161} INFO - Started process (PID=1868) to work on /home/airflow/.local/lib/python3.8/site-packages/airflow/example_dags/example_branch_labels.py
[2025-07-21T08:34:37.710+0000] {processor.py:830} INFO - Processing file /home/airflow/.local/lib/python3.8/site-packages/airflow/example_dags/example_branch_labels.py for tasks to queue
[2025-07-21T08:34:37.719+0000] {logging_mixin.py:188} INFO - [2025-07-21T08:34:37.719+0000] {dagbag.py:538} INFO - Filling up the DagBag from /home/airflow/.local/lib/python3.8/site-packages/airflow/example_dags/example_branch_labels.py
[2025-07-21T08:34:37.776+0000] {processor.py:840} INFO - DAG(s) 'example_branch_labels' retrieved from /home/airflow/.local/lib/python3.8/site-packages/airflow/example_dags/example_branch_labels.py
[2025-07-21T08:34:37.879+0000] {logging_mixin.py:188} INFO - [2025-07-21T08:34:37.879+0000] {dag.py:3036} INFO - Sync 1 DAGs
[2025-07-21T08:34:37.990+0000] {logging_mixin.py:188} INFO - [2025-07-21T08:34:37.989+0000] {dag.py:3823} INFO - Setting next_dagrun for example_branch_labels to 2025-07-20 00:00:00+00:00, run_after=2025-07-21 00:00:00+00:00
[2025-07-21T08:34:38.210+0000] {processor.py:183} INFO - Processing /home/airflow/.local/lib/python3.8/site-packages/airflow/example_dags/example_branch_labels.py took 0.530 seconds
[2025-07-21T08:35:09.291+0000] {processor.py:161} INFO - Started process (PID=1923) to work on /home/airflow/.local/lib/python3.8/site-packages/airflow/example_dags/example_branch_labels.py
[2025-07-21T08:35:09.296+0000] {processor.py:830} INFO - Processing file /home/airflow/.local/lib/python3.8/site-packages/airflow/example_dags/example_branch_labels.py for tasks to queue
[2025-07-21T08:35:09.360+0000] {logging_mixin.py:188} INFO - [2025-07-21T08:35:09.358+0000] {dagbag.py:538} INFO - Filling up the DagBag from /home/airflow/.local/lib/python3.8/site-packages/airflow/example_dags/example_branch_labels.py
[2025-07-21T08:35:09.399+0000] {processor.py:840} INFO - DAG(s) 'example_branch_labels' retrieved from /home/airflow/.local/lib/python3.8/site-packages/airflow/example_dags/example_branch_labels.py
[2025-07-21T08:35:09.491+0000] {logging_mixin.py:188} INFO - [2025-07-21T08:35:09.491+0000] {dag.py:3036} INFO - Sync 1 DAGs
[2025-07-21T08:35:09.559+0000] {logging_mixin.py:188} INFO - [2025-07-21T08:35:09.558+0000] {dag.py:3823} INFO - Setting next_dagrun for example_branch_labels to 2025-07-20 00:00:00+00:00, run_after=2025-07-21 00:00:00+00:00
[2025-07-21T08:35:09.626+0000] {processor.py:183} INFO - Processing /home/airflow/.local/lib/python3.8/site-packages/airflow/example_dags/example_branch_labels.py took 0.379 seconds
[2025-07-21T08:35:40.428+0000] {processor.py:161} INFO - Started process (PID=1978) to work on /home/airflow/.local/lib/python3.8/site-packages/airflow/example_dags/example_branch_labels.py
[2025-07-21T08:35:40.430+0000] {processor.py:830} INFO - Processing file /home/airflow/.local/lib/python3.8/site-packages/airflow/example_dags/example_branch_labels.py for tasks to queue
[2025-07-21T08:35:40.434+0000] {logging_mixin.py:188} INFO - [2025-07-21T08:35:40.434+0000] {dagbag.py:538} INFO - Filling up the DagBag from /home/airflow/.local/lib/python3.8/site-packages/airflow/example_dags/example_branch_labels.py
[2025-07-21T08:35:40.452+0000] {processor.py:840} INFO - DAG(s) 'example_branch_labels' retrieved from /home/airflow/.local/lib/python3.8/site-packages/airflow/example_dags/example_branch_labels.py
[2025-07-21T08:35:40.494+0000] {logging_mixin.py:188} INFO - [2025-07-21T08:35:40.494+0000] {dag.py:3036} INFO - Sync 1 DAGs
[2025-07-21T08:35:40.558+0000] {logging_mixin.py:188} INFO - [2025-07-21T08:35:40.558+0000] {dag.py:3823} INFO - Setting next_dagrun for example_branch_labels to 2025-07-20 00:00:00+00:00, run_after=2025-07-21 00:00:00+00:00
[2025-07-21T08:35:40.595+0000] {processor.py:183} INFO - Processing /home/airflow/.local/lib/python3.8/site-packages/airflow/example_dags/example_branch_labels.py took 0.175 seconds
[2025-07-21T08:36:11.256+0000] {processor.py:161} INFO - Started process (PID=2032) to work on /home/airflow/.local/lib/python3.8/site-packages/airflow/example_dags/example_branch_labels.py
[2025-07-21T08:36:11.259+0000] {processor.py:830} INFO - Processing file /home/airflow/.local/lib/python3.8/site-packages/airflow/example_dags/example_branch_labels.py for tasks to queue
[2025-07-21T08:36:11.266+0000] {logging_mixin.py:188} INFO - [2025-07-21T08:36:11.265+0000] {dagbag.py:538} INFO - Filling up the DagBag from /home/airflow/.local/lib/python3.8/site-packages/airflow/example_dags/example_branch_labels.py
[2025-07-21T08:36:11.325+0000] {processor.py:840} INFO - DAG(s) 'example_branch_labels' retrieved from /home/airflow/.local/lib/python3.8/site-packages/airflow/example_dags/example_branch_labels.py
[2025-07-21T08:36:11.389+0000] {logging_mixin.py:188} INFO - [2025-07-21T08:36:11.388+0000] {dag.py:3036} INFO - Sync 1 DAGs
[2025-07-21T08:36:11.449+0000] {logging_mixin.py:188} INFO - [2025-07-21T08:36:11.448+0000] {dag.py:3823} INFO - Setting next_dagrun for example_branch_labels to 2025-07-20 00:00:00+00:00, run_after=2025-07-21 00:00:00+00:00
[2025-07-21T08:36:11.496+0000] {processor.py:183} INFO - Processing /home/airflow/.local/lib/python3.8/site-packages/airflow/example_dags/example_branch_labels.py took 0.254 seconds
[2025-07-21T08:36:43.743+0000] {processor.py:161} INFO - Started process (PID=2087) to work on /home/airflow/.local/lib/python3.8/site-packages/airflow/example_dags/example_branch_labels.py
[2025-07-21T08:36:43.745+0000] {processor.py:830} INFO - Processing file /home/airflow/.local/lib/python3.8/site-packages/airflow/example_dags/example_branch_labels.py for tasks to queue
[2025-07-21T08:36:43.749+0000] {logging_mixin.py:188} INFO - [2025-07-21T08:36:43.748+0000] {dagbag.py:538} INFO - Filling up the DagBag from /home/airflow/.local/lib/python3.8/site-packages/airflow/example_dags/example_branch_labels.py
[2025-07-21T08:36:43.764+0000] {processor.py:840} INFO - DAG(s) 'example_branch_labels' retrieved from /home/airflow/.local/lib/python3.8/site-packages/airflow/example_dags/example_branch_labels.py
[2025-07-21T08:36:43.804+0000] {logging_mixin.py:188} INFO - [2025-07-21T08:36:43.804+0000] {dag.py:3036} INFO - Sync 1 DAGs
[2025-07-21T08:36:43.848+0000] {logging_mixin.py:188} INFO - [2025-07-21T08:36:43.847+0000] {dag.py:3823} INFO - Setting next_dagrun for example_branch_labels to 2025-07-20 00:00:00+00:00, run_after=2025-07-21 00:00:00+00:00
[2025-07-21T08:36:43.926+0000] {processor.py:183} INFO - Processing /home/airflow/.local/lib/python3.8/site-packages/airflow/example_dags/example_branch_labels.py took 0.190 seconds
[2025-07-21T08:37:14.956+0000] {processor.py:161} INFO - Started process (PID=2141) to work on /home/airflow/.local/lib/python3.8/site-packages/airflow/example_dags/example_branch_labels.py
[2025-07-21T08:37:14.965+0000] {processor.py:830} INFO - Processing file /home/airflow/.local/lib/python3.8/site-packages/airflow/example_dags/example_branch_labels.py for tasks to queue
[2025-07-21T08:37:14.988+0000] {logging_mixin.py:188} INFO - [2025-07-21T08:37:14.987+0000] {dagbag.py:538} INFO - Filling up the DagBag from /home/airflow/.local/lib/python3.8/site-packages/airflow/example_dags/example_branch_labels.py
[2025-07-21T08:37:15.053+0000] {processor.py:840} INFO - DAG(s) 'example_branch_labels' retrieved from /home/airflow/.local/lib/python3.8/site-packages/airflow/example_dags/example_branch_labels.py
[2025-07-21T08:37:15.260+0000] {logging_mixin.py:188} INFO - [2025-07-21T08:37:15.259+0000] {dag.py:3036} INFO - Sync 1 DAGs
[2025-07-21T08:37:15.330+0000] {logging_mixin.py:188} INFO - [2025-07-21T08:37:15.329+0000] {dag.py:3823} INFO - Setting next_dagrun for example_branch_labels to 2025-07-20 00:00:00+00:00, run_after=2025-07-21 00:00:00+00:00
[2025-07-21T08:37:15.390+0000] {processor.py:183} INFO - Processing /home/airflow/.local/lib/python3.8/site-packages/airflow/example_dags/example_branch_labels.py took 0.453 seconds
[2025-07-21T08:37:46.362+0000] {processor.py:161} INFO - Started process (PID=2197) to work on /home/airflow/.local/lib/python3.8/site-packages/airflow/example_dags/example_branch_labels.py
[2025-07-21T08:37:46.364+0000] {processor.py:830} INFO - Processing file /home/airflow/.local/lib/python3.8/site-packages/airflow/example_dags/example_branch_labels.py for tasks to queue
[2025-07-21T08:37:46.368+0000] {logging_mixin.py:188} INFO - [2025-07-21T08:37:46.367+0000] {dagbag.py:538} INFO - Filling up the DagBag from /home/airflow/.local/lib/python3.8/site-packages/airflow/example_dags/example_branch_labels.py
[2025-07-21T08:37:46.420+0000] {processor.py:840} INFO - DAG(s) 'example_branch_labels' retrieved from /home/airflow/.local/lib/python3.8/site-packages/airflow/example_dags/example_branch_labels.py
[2025-07-21T08:37:46.527+0000] {logging_mixin.py:188} INFO - [2025-07-21T08:37:46.527+0000] {dag.py:3036} INFO - Sync 1 DAGs
[2025-07-21T08:37:46.681+0000] {logging_mixin.py:188} INFO - [2025-07-21T08:37:46.666+0000] {dag.py:3823} INFO - Setting next_dagrun for example_branch_labels to 2025-07-20 00:00:00+00:00, run_after=2025-07-21 00:00:00+00:00
[2025-07-21T08:37:46.781+0000] {processor.py:183} INFO - Processing /home/airflow/.local/lib/python3.8/site-packages/airflow/example_dags/example_branch_labels.py took 0.451 seconds
[2025-07-21T08:38:17.544+0000] {processor.py:161} INFO - Started process (PID=2251) to work on /home/airflow/.local/lib/python3.8/site-packages/airflow/example_dags/example_branch_labels.py
[2025-07-21T08:38:17.556+0000] {processor.py:830} INFO - Processing file /home/airflow/.local/lib/python3.8/site-packages/airflow/example_dags/example_branch_labels.py for tasks to queue
[2025-07-21T08:38:17.575+0000] {logging_mixin.py:188} INFO - [2025-07-21T08:38:17.575+0000] {dagbag.py:538} INFO - Filling up the DagBag from /home/airflow/.local/lib/python3.8/site-packages/airflow/example_dags/example_branch_labels.py
[2025-07-21T08:38:17.690+0000] {processor.py:840} INFO - DAG(s) 'example_branch_labels' retrieved from /home/airflow/.local/lib/python3.8/site-packages/airflow/example_dags/example_branch_labels.py
[2025-07-21T08:38:17.899+0000] {logging_mixin.py:188} INFO - [2025-07-21T08:38:17.898+0000] {dag.py:3036} INFO - Sync 1 DAGs
[2025-07-21T08:38:18.114+0000] {logging_mixin.py:188} INFO - [2025-07-21T08:38:18.114+0000] {dag.py:3823} INFO - Setting next_dagrun for example_branch_labels to 2025-07-20 00:00:00+00:00, run_after=2025-07-21 00:00:00+00:00
[2025-07-21T08:38:18.305+0000] {processor.py:183} INFO - Processing /home/airflow/.local/lib/python3.8/site-packages/airflow/example_dags/example_branch_labels.py took 0.780 seconds
[2025-07-21T08:38:48.420+0000] {processor.py:161} INFO - Started process (PID=2306) to work on /home/airflow/.local/lib/python3.8/site-packages/airflow/example_dags/example_branch_labels.py
[2025-07-21T08:38:48.425+0000] {processor.py:830} INFO - Processing file /home/airflow/.local/lib/python3.8/site-packages/airflow/example_dags/example_branch_labels.py for tasks to queue
[2025-07-21T08:38:48.431+0000] {logging_mixin.py:188} INFO - [2025-07-21T08:38:48.430+0000] {dagbag.py:538} INFO - Filling up the DagBag from /home/airflow/.local/lib/python3.8/site-packages/airflow/example_dags/example_branch_labels.py
[2025-07-21T08:38:48.458+0000] {processor.py:840} INFO - DAG(s) 'example_branch_labels' retrieved from /home/airflow/.local/lib/python3.8/site-packages/airflow/example_dags/example_branch_labels.py
[2025-07-21T08:38:48.592+0000] {logging_mixin.py:188} INFO - [2025-07-21T08:38:48.591+0000] {dag.py:3036} INFO - Sync 1 DAGs
[2025-07-21T08:38:48.652+0000] {logging_mixin.py:188} INFO - [2025-07-21T08:38:48.651+0000] {dag.py:3823} INFO - Setting next_dagrun for example_branch_labels to 2025-07-20 00:00:00+00:00, run_after=2025-07-21 00:00:00+00:00
[2025-07-21T08:38:48.693+0000] {processor.py:183} INFO - Processing /home/airflow/.local/lib/python3.8/site-packages/airflow/example_dags/example_branch_labels.py took 0.284 seconds
[2025-07-21T08:39:19.104+0000] {processor.py:161} INFO - Started process (PID=2361) to work on /home/airflow/.local/lib/python3.8/site-packages/airflow/example_dags/example_branch_labels.py
[2025-07-21T08:39:19.106+0000] {processor.py:830} INFO - Processing file /home/airflow/.local/lib/python3.8/site-packages/airflow/example_dags/example_branch_labels.py for tasks to queue
[2025-07-21T08:39:19.111+0000] {logging_mixin.py:188} INFO - [2025-07-21T08:39:19.110+0000] {dagbag.py:538} INFO - Filling up the DagBag from /home/airflow/.local/lib/python3.8/site-packages/airflow/example_dags/example_branch_labels.py
[2025-07-21T08:39:19.131+0000] {processor.py:840} INFO - DAG(s) 'example_branch_labels' retrieved from /home/airflow/.local/lib/python3.8/site-packages/airflow/example_dags/example_branch_labels.py
[2025-07-21T08:39:19.193+0000] {logging_mixin.py:188} INFO - [2025-07-21T08:39:19.192+0000] {dag.py:3036} INFO - Sync 1 DAGs
[2025-07-21T08:39:19.569+0000] {logging_mixin.py:188} INFO - [2025-07-21T08:39:19.569+0000] {dag.py:3823} INFO - Setting next_dagrun for example_branch_labels to 2025-07-20 00:00:00+00:00, run_after=2025-07-21 00:00:00+00:00
[2025-07-21T08:39:19.620+0000] {processor.py:183} INFO - Processing /home/airflow/.local/lib/python3.8/site-packages/airflow/example_dags/example_branch_labels.py took 0.525 seconds
[2025-07-21T08:39:50.393+0000] {processor.py:161} INFO - Started process (PID=2416) to work on /home/airflow/.local/lib/python3.8/site-packages/airflow/example_dags/example_branch_labels.py
[2025-07-21T08:39:50.400+0000] {processor.py:830} INFO - Processing file /home/airflow/.local/lib/python3.8/site-packages/airflow/example_dags/example_branch_labels.py for tasks to queue
[2025-07-21T08:39:50.417+0000] {logging_mixin.py:188} INFO - [2025-07-21T08:39:50.416+0000] {dagbag.py:538} INFO - Filling up the DagBag from /home/airflow/.local/lib/python3.8/site-packages/airflow/example_dags/example_branch_labels.py
[2025-07-21T08:39:50.498+0000] {processor.py:840} INFO - DAG(s) 'example_branch_labels' retrieved from /home/airflow/.local/lib/python3.8/site-packages/airflow/example_dags/example_branch_labels.py
[2025-07-21T08:39:50.623+0000] {logging_mixin.py:188} INFO - [2025-07-21T08:39:50.622+0000] {dag.py:3036} INFO - Sync 1 DAGs
[2025-07-21T08:39:50.991+0000] {logging_mixin.py:188} INFO - [2025-07-21T08:39:50.991+0000] {dag.py:3823} INFO - Setting next_dagrun for example_branch_labels to 2025-07-20 00:00:00+00:00, run_after=2025-07-21 00:00:00+00:00
[2025-07-21T08:39:51.037+0000] {processor.py:183} INFO - Processing /home/airflow/.local/lib/python3.8/site-packages/airflow/example_dags/example_branch_labels.py took 0.657 seconds
[2025-07-21T08:40:22.208+0000] {processor.py:161} INFO - Started process (PID=2471) to work on /home/airflow/.local/lib/python3.8/site-packages/airflow/example_dags/example_branch_labels.py
[2025-07-21T08:40:22.231+0000] {processor.py:830} INFO - Processing file /home/airflow/.local/lib/python3.8/site-packages/airflow/example_dags/example_branch_labels.py for tasks to queue
[2025-07-21T08:40:22.245+0000] {logging_mixin.py:188} INFO - [2025-07-21T08:40:22.244+0000] {dagbag.py:538} INFO - Filling up the DagBag from /home/airflow/.local/lib/python3.8/site-packages/airflow/example_dags/example_branch_labels.py
[2025-07-21T08:40:22.273+0000] {processor.py:840} INFO - DAG(s) 'example_branch_labels' retrieved from /home/airflow/.local/lib/python3.8/site-packages/airflow/example_dags/example_branch_labels.py
[2025-07-21T08:40:22.388+0000] {logging_mixin.py:188} INFO - [2025-07-21T08:40:22.388+0000] {dag.py:3036} INFO - Sync 1 DAGs
[2025-07-21T08:40:22.502+0000] {logging_mixin.py:188} INFO - [2025-07-21T08:40:22.502+0000] {dag.py:3823} INFO - Setting next_dagrun for example_branch_labels to 2025-07-20 00:00:00+00:00, run_after=2025-07-21 00:00:00+00:00
[2025-07-21T08:40:22.740+0000] {processor.py:183} INFO - Processing /home/airflow/.local/lib/python3.8/site-packages/airflow/example_dags/example_branch_labels.py took 0.539 seconds
[2025-07-21T08:40:53.005+0000] {processor.py:161} INFO - Started process (PID=2526) to work on /home/airflow/.local/lib/python3.8/site-packages/airflow/example_dags/example_branch_labels.py
[2025-07-21T08:40:53.008+0000] {processor.py:830} INFO - Processing file /home/airflow/.local/lib/python3.8/site-packages/airflow/example_dags/example_branch_labels.py for tasks to queue
[2025-07-21T08:40:53.014+0000] {logging_mixin.py:188} INFO - [2025-07-21T08:40:53.013+0000] {dagbag.py:538} INFO - Filling up the DagBag from /home/airflow/.local/lib/python3.8/site-packages/airflow/example_dags/example_branch_labels.py
[2025-07-21T08:40:53.040+0000] {processor.py:840} INFO - DAG(s) 'example_branch_labels' retrieved from /home/airflow/.local/lib/python3.8/site-packages/airflow/example_dags/example_branch_labels.py
[2025-07-21T08:40:53.150+0000] {logging_mixin.py:188} INFO - [2025-07-21T08:40:53.149+0000] {dag.py:3036} INFO - Sync 1 DAGs
[2025-07-21T08:40:53.375+0000] {logging_mixin.py:188} INFO - [2025-07-21T08:40:53.367+0000] {dag.py:3823} INFO - Setting next_dagrun for example_branch_labels to 2025-07-20 00:00:00+00:00, run_after=2025-07-21 00:00:00+00:00
[2025-07-21T08:40:53.492+0000] {processor.py:183} INFO - Processing /home/airflow/.local/lib/python3.8/site-packages/airflow/example_dags/example_branch_labels.py took 0.498 seconds
[2025-07-21T08:41:24.785+0000] {processor.py:161} INFO - Started process (PID=2581) to work on /home/airflow/.local/lib/python3.8/site-packages/airflow/example_dags/example_branch_labels.py
[2025-07-21T08:41:24.788+0000] {processor.py:830} INFO - Processing file /home/airflow/.local/lib/python3.8/site-packages/airflow/example_dags/example_branch_labels.py for tasks to queue
[2025-07-21T08:41:24.792+0000] {logging_mixin.py:188} INFO - [2025-07-21T08:41:24.792+0000] {dagbag.py:538} INFO - Filling up the DagBag from /home/airflow/.local/lib/python3.8/site-packages/airflow/example_dags/example_branch_labels.py
[2025-07-21T08:41:24.820+0000] {processor.py:840} INFO - DAG(s) 'example_branch_labels' retrieved from /home/airflow/.local/lib/python3.8/site-packages/airflow/example_dags/example_branch_labels.py
[2025-07-21T08:41:24.935+0000] {logging_mixin.py:188} INFO - [2025-07-21T08:41:24.924+0000] {dag.py:3036} INFO - Sync 1 DAGs
[2025-07-21T08:41:25.042+0000] {logging_mixin.py:188} INFO - [2025-07-21T08:41:25.041+0000] {dag.py:3823} INFO - Setting next_dagrun for example_branch_labels to 2025-07-20 00:00:00+00:00, run_after=2025-07-21 00:00:00+00:00
[2025-07-21T08:41:25.139+0000] {processor.py:183} INFO - Processing /home/airflow/.local/lib/python3.8/site-packages/airflow/example_dags/example_branch_labels.py took 0.371 seconds
[2025-07-21T08:41:55.943+0000] {processor.py:161} INFO - Started process (PID=2636) to work on /home/airflow/.local/lib/python3.8/site-packages/airflow/example_dags/example_branch_labels.py
[2025-07-21T08:41:55.946+0000] {processor.py:830} INFO - Processing file /home/airflow/.local/lib/python3.8/site-packages/airflow/example_dags/example_branch_labels.py for tasks to queue
[2025-07-21T08:41:55.952+0000] {logging_mixin.py:188} INFO - [2025-07-21T08:41:55.951+0000] {dagbag.py:538} INFO - Filling up the DagBag from /home/airflow/.local/lib/python3.8/site-packages/airflow/example_dags/example_branch_labels.py
[2025-07-21T08:41:55.982+0000] {processor.py:840} INFO - DAG(s) 'example_branch_labels' retrieved from /home/airflow/.local/lib/python3.8/site-packages/airflow/example_dags/example_branch_labels.py
[2025-07-21T08:41:56.030+0000] {logging_mixin.py:188} INFO - [2025-07-21T08:41:56.030+0000] {dag.py:3036} INFO - Sync 1 DAGs
[2025-07-21T08:41:56.084+0000] {logging_mixin.py:188} INFO - [2025-07-21T08:41:56.083+0000] {dag.py:3823} INFO - Setting next_dagrun for example_branch_labels to 2025-07-20 00:00:00+00:00, run_after=2025-07-21 00:00:00+00:00
[2025-07-21T08:41:56.135+0000] {processor.py:183} INFO - Processing /home/airflow/.local/lib/python3.8/site-packages/airflow/example_dags/example_branch_labels.py took 0.201 seconds
[2025-07-21T08:42:26.733+0000] {processor.py:161} INFO - Started process (PID=2691) to work on /home/airflow/.local/lib/python3.8/site-packages/airflow/example_dags/example_branch_labels.py
[2025-07-21T08:42:26.736+0000] {processor.py:830} INFO - Processing file /home/airflow/.local/lib/python3.8/site-packages/airflow/example_dags/example_branch_labels.py for tasks to queue
[2025-07-21T08:42:26.742+0000] {logging_mixin.py:188} INFO - [2025-07-21T08:42:26.742+0000] {dagbag.py:538} INFO - Filling up the DagBag from /home/airflow/.local/lib/python3.8/site-packages/airflow/example_dags/example_branch_labels.py
[2025-07-21T08:42:26.766+0000] {processor.py:840} INFO - DAG(s) 'example_branch_labels' retrieved from /home/airflow/.local/lib/python3.8/site-packages/airflow/example_dags/example_branch_labels.py
[2025-07-21T08:42:26.822+0000] {logging_mixin.py:188} INFO - [2025-07-21T08:42:26.821+0000] {dag.py:3036} INFO - Sync 1 DAGs
[2025-07-21T08:42:26.881+0000] {logging_mixin.py:188} INFO - [2025-07-21T08:42:26.881+0000] {dag.py:3823} INFO - Setting next_dagrun for example_branch_labels to 2025-07-20 00:00:00+00:00, run_after=2025-07-21 00:00:00+00:00
[2025-07-21T08:42:26.925+0000] {processor.py:183} INFO - Processing /home/airflow/.local/lib/python3.8/site-packages/airflow/example_dags/example_branch_labels.py took 0.212 seconds
[2025-07-21T08:42:57.294+0000] {processor.py:161} INFO - Started process (PID=2746) to work on /home/airflow/.local/lib/python3.8/site-packages/airflow/example_dags/example_branch_labels.py
[2025-07-21T08:42:57.296+0000] {processor.py:830} INFO - Processing file /home/airflow/.local/lib/python3.8/site-packages/airflow/example_dags/example_branch_labels.py for tasks to queue
[2025-07-21T08:42:57.300+0000] {logging_mixin.py:188} INFO - [2025-07-21T08:42:57.299+0000] {dagbag.py:538} INFO - Filling up the DagBag from /home/airflow/.local/lib/python3.8/site-packages/airflow/example_dags/example_branch_labels.py
[2025-07-21T08:42:57.317+0000] {processor.py:840} INFO - DAG(s) 'example_branch_labels' retrieved from /home/airflow/.local/lib/python3.8/site-packages/airflow/example_dags/example_branch_labels.py
[2025-07-21T08:42:57.382+0000] {logging_mixin.py:188} INFO - [2025-07-21T08:42:57.381+0000] {dag.py:3036} INFO - Sync 1 DAGs
[2025-07-21T08:42:57.456+0000] {logging_mixin.py:188} INFO - [2025-07-21T08:42:57.456+0000] {dag.py:3823} INFO - Setting next_dagrun for example_branch_labels to 2025-07-20 00:00:00+00:00, run_after=2025-07-21 00:00:00+00:00
[2025-07-21T08:42:57.496+0000] {processor.py:183} INFO - Processing /home/airflow/.local/lib/python3.8/site-packages/airflow/example_dags/example_branch_labels.py took 0.209 seconds
[2025-07-21T08:43:29.208+0000] {processor.py:161} INFO - Started process (PID=2801) to work on /home/airflow/.local/lib/python3.8/site-packages/airflow/example_dags/example_branch_labels.py
[2025-07-21T08:43:29.211+0000] {processor.py:830} INFO - Processing file /home/airflow/.local/lib/python3.8/site-packages/airflow/example_dags/example_branch_labels.py for tasks to queue
[2025-07-21T08:43:29.215+0000] {logging_mixin.py:188} INFO - [2025-07-21T08:43:29.214+0000] {dagbag.py:538} INFO - Filling up the DagBag from /home/airflow/.local/lib/python3.8/site-packages/airflow/example_dags/example_branch_labels.py
[2025-07-21T08:43:29.253+0000] {processor.py:840} INFO - DAG(s) 'example_branch_labels' retrieved from /home/airflow/.local/lib/python3.8/site-packages/airflow/example_dags/example_branch_labels.py
[2025-07-21T08:43:29.375+0000] {logging_mixin.py:188} INFO - [2025-07-21T08:43:29.375+0000] {dag.py:3036} INFO - Sync 1 DAGs
[2025-07-21T08:43:29.501+0000] {logging_mixin.py:188} INFO - [2025-07-21T08:43:29.501+0000] {dag.py:3823} INFO - Setting next_dagrun for example_branch_labels to 2025-07-20 00:00:00+00:00, run_after=2025-07-21 00:00:00+00:00
[2025-07-21T08:43:29.596+0000] {processor.py:183} INFO - Processing /home/airflow/.local/lib/python3.8/site-packages/airflow/example_dags/example_branch_labels.py took 0.412 seconds
