[2025-07-21T08:14:33.277+0000] {processor.py:161} INFO - Started process (PID=65) to work on /home/airflow/.local/lib/python3.8/site-packages/airflow/example_dags/example_branch_python_dop_operator_3.py
[2025-07-21T08:14:33.279+0000] {processor.py:830} INFO - Processing file /home/airflow/.local/lib/python3.8/site-packages/airflow/example_dags/example_branch_python_dop_operator_3.py for tasks to queue
[2025-07-21T08:14:33.283+0000] {logging_mixin.py:188} INFO - [2025-07-21T08:14:33.282+0000] {dagbag.py:538} INFO - Filling up the DagBag from /home/airflow/.local/lib/python3.8/site-packages/airflow/example_dags/example_branch_python_dop_operator_3.py
[2025-07-21T08:14:33.323+0000] {processor.py:840} INFO - DAG(s) 'example_branch_dop_operator_v3' retrieved from /home/airflow/.local/lib/python3.8/site-packages/airflow/example_dags/example_branch_python_dop_operator_3.py
[2025-07-21T08:14:33.463+0000] {logging_mixin.py:188} INFO - [2025-07-21T08:14:33.463+0000] {dag.py:3036} INFO - Sync 1 DAGs
[2025-07-21T08:14:34.047+0000] {logging_mixin.py:188} INFO - [2025-07-21T08:14:34.046+0000] {dag.py:3823} INFO - Setting next_dagrun for example_branch_dop_operator_v3 to 2025-07-21 08:13:00+00:00, run_after=2025-07-21 08:14:00+00:00
[2025-07-21T08:14:34.216+0000] {processor.py:183} INFO - Processing /home/airflow/.local/lib/python3.8/site-packages/airflow/example_dags/example_branch_python_dop_operator_3.py took 0.945 seconds
[2025-07-21T08:15:06.004+0000] {processor.py:161} INFO - Started process (PID=120) to work on /home/airflow/.local/lib/python3.8/site-packages/airflow/example_dags/example_branch_python_dop_operator_3.py
[2025-07-21T08:15:06.053+0000] {processor.py:830} INFO - Processing file /home/airflow/.local/lib/python3.8/site-packages/airflow/example_dags/example_branch_python_dop_operator_3.py for tasks to queue
[2025-07-21T08:15:06.088+0000] {logging_mixin.py:188} INFO - [2025-07-21T08:15:06.087+0000] {dagbag.py:538} INFO - Filling up the DagBag from /home/airflow/.local/lib/python3.8/site-packages/airflow/example_dags/example_branch_python_dop_operator_3.py
[2025-07-21T08:15:06.184+0000] {processor.py:840} INFO - DAG(s) 'example_branch_dop_operator_v3' retrieved from /home/airflow/.local/lib/python3.8/site-packages/airflow/example_dags/example_branch_python_dop_operator_3.py
[2025-07-21T08:15:06.435+0000] {logging_mixin.py:188} INFO - [2025-07-21T08:15:06.435+0000] {dag.py:3036} INFO - Sync 1 DAGs
[2025-07-21T08:15:06.931+0000] {logging_mixin.py:188} INFO - [2025-07-21T08:15:06.930+0000] {dag.py:3823} INFO - Setting next_dagrun for example_branch_dop_operator_v3 to 2025-07-21 08:14:00+00:00, run_after=2025-07-21 08:15:00+00:00
[2025-07-21T08:15:07.836+0000] {processor.py:183} INFO - Processing /home/airflow/.local/lib/python3.8/site-packages/airflow/example_dags/example_branch_python_dop_operator_3.py took 1.882 seconds
[2025-07-21T08:15:39.135+0000] {processor.py:161} INFO - Started process (PID=177) to work on /home/airflow/.local/lib/python3.8/site-packages/airflow/example_dags/example_branch_python_dop_operator_3.py
[2025-07-21T08:15:39.149+0000] {processor.py:830} INFO - Processing file /home/airflow/.local/lib/python3.8/site-packages/airflow/example_dags/example_branch_python_dop_operator_3.py for tasks to queue
[2025-07-21T08:15:39.166+0000] {logging_mixin.py:188} INFO - [2025-07-21T08:15:39.166+0000] {dagbag.py:538} INFO - Filling up the DagBag from /home/airflow/.local/lib/python3.8/site-packages/airflow/example_dags/example_branch_python_dop_operator_3.py
[2025-07-21T08:15:39.461+0000] {processor.py:840} INFO - DAG(s) 'example_branch_dop_operator_v3' retrieved from /home/airflow/.local/lib/python3.8/site-packages/airflow/example_dags/example_branch_python_dop_operator_3.py
[2025-07-21T08:15:40.166+0000] {logging_mixin.py:188} INFO - [2025-07-21T08:15:40.165+0000] {dag.py:3036} INFO - Sync 1 DAGs
[2025-07-21T08:15:40.558+0000] {logging_mixin.py:188} INFO - [2025-07-21T08:15:40.494+0000] {dag.py:3823} INFO - Setting next_dagrun for example_branch_dop_operator_v3 to 2025-07-21 08:14:00+00:00, run_after=2025-07-21 08:15:00+00:00
[2025-07-21T08:15:40.976+0000] {processor.py:183} INFO - Processing /home/airflow/.local/lib/python3.8/site-packages/airflow/example_dags/example_branch_python_dop_operator_3.py took 1.940 seconds
[2025-07-21T08:16:26.204+0000] {processor.py:161} INFO - Started process (PID=237) to work on /home/airflow/.local/lib/python3.8/site-packages/airflow/example_dags/example_branch_python_dop_operator_3.py
[2025-07-21T08:16:26.252+0000] {processor.py:830} INFO - Processing file /home/airflow/.local/lib/python3.8/site-packages/airflow/example_dags/example_branch_python_dop_operator_3.py for tasks to queue
[2025-07-21T08:16:26.308+0000] {logging_mixin.py:188} INFO - [2025-07-21T08:16:26.307+0000] {dagbag.py:538} INFO - Filling up the DagBag from /home/airflow/.local/lib/python3.8/site-packages/airflow/example_dags/example_branch_python_dop_operator_3.py
[2025-07-21T08:16:26.854+0000] {processor.py:840} INFO - DAG(s) 'example_branch_dop_operator_v3' retrieved from /home/airflow/.local/lib/python3.8/site-packages/airflow/example_dags/example_branch_python_dop_operator_3.py
[2025-07-21T08:16:27.220+0000] {logging_mixin.py:188} INFO - [2025-07-21T08:16:27.220+0000] {dag.py:3036} INFO - Sync 1 DAGs
[2025-07-21T08:16:27.536+0000] {logging_mixin.py:188} INFO - [2025-07-21T08:16:27.536+0000] {dag.py:3823} INFO - Setting next_dagrun for example_branch_dop_operator_v3 to 2025-07-21 08:15:00+00:00, run_after=2025-07-21 08:16:00+00:00
[2025-07-21T08:16:27.720+0000] {processor.py:183} INFO - Processing /home/airflow/.local/lib/python3.8/site-packages/airflow/example_dags/example_branch_python_dop_operator_3.py took 1.565 seconds
[2025-07-21T08:17:05.440+0000] {processor.py:161} INFO - Started process (PID=286) to work on /home/airflow/.local/lib/python3.8/site-packages/airflow/example_dags/example_branch_python_dop_operator_3.py
[2025-07-21T08:17:05.504+0000] {processor.py:830} INFO - Processing file /home/airflow/.local/lib/python3.8/site-packages/airflow/example_dags/example_branch_python_dop_operator_3.py for tasks to queue
[2025-07-21T08:17:05.619+0000] {logging_mixin.py:188} INFO - [2025-07-21T08:17:05.618+0000] {dagbag.py:538} INFO - Filling up the DagBag from /home/airflow/.local/lib/python3.8/site-packages/airflow/example_dags/example_branch_python_dop_operator_3.py
[2025-07-21T08:17:05.862+0000] {processor.py:840} INFO - DAG(s) 'example_branch_dop_operator_v3' retrieved from /home/airflow/.local/lib/python3.8/site-packages/airflow/example_dags/example_branch_python_dop_operator_3.py
[2025-07-21T08:17:06.106+0000] {logging_mixin.py:188} INFO - [2025-07-21T08:17:06.105+0000] {dag.py:3036} INFO - Sync 1 DAGs
[2025-07-21T08:17:06.495+0000] {logging_mixin.py:188} INFO - [2025-07-21T08:17:06.494+0000] {dag.py:3823} INFO - Setting next_dagrun for example_branch_dop_operator_v3 to 2025-07-21 08:16:00+00:00, run_after=2025-07-21 08:17:00+00:00
[2025-07-21T08:17:06.916+0000] {processor.py:183} INFO - Processing /home/airflow/.local/lib/python3.8/site-packages/airflow/example_dags/example_branch_python_dop_operator_3.py took 1.558 seconds
[2025-07-21T08:18:12.854+0000] {processor.py:161} INFO - Started process (PID=348) to work on /home/airflow/.local/lib/python3.8/site-packages/airflow/example_dags/example_branch_python_dop_operator_3.py
[2025-07-21T08:18:12.880+0000] {processor.py:830} INFO - Processing file /home/airflow/.local/lib/python3.8/site-packages/airflow/example_dags/example_branch_python_dop_operator_3.py for tasks to queue
[2025-07-21T08:18:12.896+0000] {logging_mixin.py:188} INFO - [2025-07-21T08:18:12.896+0000] {dagbag.py:538} INFO - Filling up the DagBag from /home/airflow/.local/lib/python3.8/site-packages/airflow/example_dags/example_branch_python_dop_operator_3.py
[2025-07-21T08:18:12.973+0000] {processor.py:840} INFO - DAG(s) 'example_branch_dop_operator_v3' retrieved from /home/airflow/.local/lib/python3.8/site-packages/airflow/example_dags/example_branch_python_dop_operator_3.py
[2025-07-21T08:18:14.213+0000] {logging_mixin.py:188} INFO - [2025-07-21T08:18:14.212+0000] {dag.py:3036} INFO - Sync 1 DAGs
[2025-07-21T08:18:14.768+0000] {logging_mixin.py:188} INFO - [2025-07-21T08:18:14.768+0000] {dag.py:3823} INFO - Setting next_dagrun for example_branch_dop_operator_v3 to 2025-07-21 08:17:00+00:00, run_after=2025-07-21 08:18:00+00:00
[2025-07-21T08:18:15.044+0000] {processor.py:183} INFO - Processing /home/airflow/.local/lib/python3.8/site-packages/airflow/example_dags/example_branch_python_dop_operator_3.py took 2.197 seconds
[2025-07-21T08:18:52.499+0000] {processor.py:161} INFO - Started process (PID=382) to work on /home/airflow/.local/lib/python3.8/site-packages/airflow/example_dags/example_branch_python_dop_operator_3.py
[2025-07-21T08:18:52.966+0000] {processor.py:830} INFO - Processing file /home/airflow/.local/lib/python3.8/site-packages/airflow/example_dags/example_branch_python_dop_operator_3.py for tasks to queue
[2025-07-21T08:18:52.982+0000] {logging_mixin.py:188} INFO - [2025-07-21T08:18:52.981+0000] {dagbag.py:538} INFO - Filling up the DagBag from /home/airflow/.local/lib/python3.8/site-packages/airflow/example_dags/example_branch_python_dop_operator_3.py
[2025-07-21T08:18:53.075+0000] {processor.py:840} INFO - DAG(s) 'example_branch_dop_operator_v3' retrieved from /home/airflow/.local/lib/python3.8/site-packages/airflow/example_dags/example_branch_python_dop_operator_3.py
[2025-07-21T08:18:53.574+0000] {logging_mixin.py:188} INFO - [2025-07-21T08:18:53.574+0000] {dag.py:3036} INFO - Sync 1 DAGs
[2025-07-21T08:18:54.106+0000] {logging_mixin.py:188} INFO - [2025-07-21T08:18:54.106+0000] {dag.py:3823} INFO - Setting next_dagrun for example_branch_dop_operator_v3 to 2025-07-21 08:17:00+00:00, run_after=2025-07-21 08:18:00+00:00
[2025-07-21T08:18:54.801+0000] {processor.py:183} INFO - Processing /home/airflow/.local/lib/python3.8/site-packages/airflow/example_dags/example_branch_python_dop_operator_3.py took 2.329 seconds
[2025-07-21T08:19:54.805+0000] {processor.py:161} INFO - Started process (PID=426) to work on /home/airflow/.local/lib/python3.8/site-packages/airflow/example_dags/example_branch_python_dop_operator_3.py
[2025-07-21T08:19:54.820+0000] {processor.py:830} INFO - Processing file /home/airflow/.local/lib/python3.8/site-packages/airflow/example_dags/example_branch_python_dop_operator_3.py for tasks to queue
[2025-07-21T08:19:54.843+0000] {logging_mixin.py:188} INFO - [2025-07-21T08:19:54.843+0000] {dagbag.py:538} INFO - Filling up the DagBag from /home/airflow/.local/lib/python3.8/site-packages/airflow/example_dags/example_branch_python_dop_operator_3.py
[2025-07-21T08:19:54.919+0000] {processor.py:840} INFO - DAG(s) 'example_branch_dop_operator_v3' retrieved from /home/airflow/.local/lib/python3.8/site-packages/airflow/example_dags/example_branch_python_dop_operator_3.py
[2025-07-21T08:19:55.121+0000] {logging_mixin.py:188} INFO - [2025-07-21T08:19:55.121+0000] {dag.py:3036} INFO - Sync 1 DAGs
[2025-07-21T08:19:55.347+0000] {logging_mixin.py:188} INFO - [2025-07-21T08:19:55.346+0000] {dag.py:3823} INFO - Setting next_dagrun for example_branch_dop_operator_v3 to 2025-07-21 08:18:00+00:00, run_after=2025-07-21 08:19:00+00:00
[2025-07-21T08:19:55.474+0000] {processor.py:183} INFO - Processing /home/airflow/.local/lib/python3.8/site-packages/airflow/example_dags/example_branch_python_dop_operator_3.py took 0.681 seconds
[2025-07-21T08:20:34.460+0000] {processor.py:161} INFO - Started process (PID=481) to work on /home/airflow/.local/lib/python3.8/site-packages/airflow/example_dags/example_branch_python_dop_operator_3.py
[2025-07-21T08:20:34.505+0000] {processor.py:830} INFO - Processing file /home/airflow/.local/lib/python3.8/site-packages/airflow/example_dags/example_branch_python_dop_operator_3.py for tasks to queue
[2025-07-21T08:20:34.522+0000] {logging_mixin.py:188} INFO - [2025-07-21T08:20:34.521+0000] {dagbag.py:538} INFO - Filling up the DagBag from /home/airflow/.local/lib/python3.8/site-packages/airflow/example_dags/example_branch_python_dop_operator_3.py
[2025-07-21T08:20:34.587+0000] {processor.py:840} INFO - DAG(s) 'example_branch_dop_operator_v3' retrieved from /home/airflow/.local/lib/python3.8/site-packages/airflow/example_dags/example_branch_python_dop_operator_3.py
[2025-07-21T08:20:34.713+0000] {logging_mixin.py:188} INFO - [2025-07-21T08:20:34.701+0000] {dag.py:3036} INFO - Sync 1 DAGs
[2025-07-21T08:20:34.903+0000] {logging_mixin.py:188} INFO - [2025-07-21T08:20:34.902+0000] {dag.py:3823} INFO - Setting next_dagrun for example_branch_dop_operator_v3 to 2025-07-21 08:19:00+00:00, run_after=2025-07-21 08:20:00+00:00
[2025-07-21T08:20:35.044+0000] {processor.py:183} INFO - Processing /home/airflow/.local/lib/python3.8/site-packages/airflow/example_dags/example_branch_python_dop_operator_3.py took 0.616 seconds
[2025-07-21T08:21:30.908+0000] {processor.py:161} INFO - Started process (PID=539) to work on /home/airflow/.local/lib/python3.8/site-packages/airflow/example_dags/example_branch_python_dop_operator_3.py
[2025-07-21T08:21:30.921+0000] {processor.py:830} INFO - Processing file /home/airflow/.local/lib/python3.8/site-packages/airflow/example_dags/example_branch_python_dop_operator_3.py for tasks to queue
[2025-07-21T08:21:30.925+0000] {logging_mixin.py:188} INFO - [2025-07-21T08:21:30.924+0000] {dagbag.py:538} INFO - Filling up the DagBag from /home/airflow/.local/lib/python3.8/site-packages/airflow/example_dags/example_branch_python_dop_operator_3.py
[2025-07-21T08:21:31.018+0000] {processor.py:840} INFO - DAG(s) 'example_branch_dop_operator_v3' retrieved from /home/airflow/.local/lib/python3.8/site-packages/airflow/example_dags/example_branch_python_dop_operator_3.py
[2025-07-21T08:21:31.135+0000] {logging_mixin.py:188} INFO - [2025-07-21T08:21:31.134+0000] {dag.py:3036} INFO - Sync 1 DAGs
[2025-07-21T08:21:31.318+0000] {logging_mixin.py:188} INFO - [2025-07-21T08:21:31.307+0000] {dag.py:3823} INFO - Setting next_dagrun for example_branch_dop_operator_v3 to 2025-07-21 08:20:00+00:00, run_after=2025-07-21 08:21:00+00:00
[2025-07-21T08:21:31.456+0000] {processor.py:183} INFO - Processing /home/airflow/.local/lib/python3.8/site-packages/airflow/example_dags/example_branch_python_dop_operator_3.py took 0.555 seconds
[2025-07-21T08:22:03.646+0000] {processor.py:161} INFO - Started process (PID=594) to work on /home/airflow/.local/lib/python3.8/site-packages/airflow/example_dags/example_branch_python_dop_operator_3.py
[2025-07-21T08:22:03.690+0000] {processor.py:830} INFO - Processing file /home/airflow/.local/lib/python3.8/site-packages/airflow/example_dags/example_branch_python_dop_operator_3.py for tasks to queue
[2025-07-21T08:22:03.695+0000] {logging_mixin.py:188} INFO - [2025-07-21T08:22:03.695+0000] {dagbag.py:538} INFO - Filling up the DagBag from /home/airflow/.local/lib/python3.8/site-packages/airflow/example_dags/example_branch_python_dop_operator_3.py
[2025-07-21T08:22:03.771+0000] {processor.py:840} INFO - DAG(s) 'example_branch_dop_operator_v3' retrieved from /home/airflow/.local/lib/python3.8/site-packages/airflow/example_dags/example_branch_python_dop_operator_3.py
[2025-07-21T08:22:03.882+0000] {logging_mixin.py:188} INFO - [2025-07-21T08:22:03.882+0000] {dag.py:3036} INFO - Sync 1 DAGs
[2025-07-21T08:22:04.050+0000] {logging_mixin.py:188} INFO - [2025-07-21T08:22:04.050+0000] {dag.py:3823} INFO - Setting next_dagrun for example_branch_dop_operator_v3 to 2025-07-21 08:21:00+00:00, run_after=2025-07-21 08:22:00+00:00
[2025-07-21T08:22:04.159+0000] {processor.py:183} INFO - Processing /home/airflow/.local/lib/python3.8/site-packages/airflow/example_dags/example_branch_python_dop_operator_3.py took 0.533 seconds
[2025-07-21T08:22:35.583+0000] {processor.py:161} INFO - Started process (PID=648) to work on /home/airflow/.local/lib/python3.8/site-packages/airflow/example_dags/example_branch_python_dop_operator_3.py
[2025-07-21T08:22:35.585+0000] {processor.py:830} INFO - Processing file /home/airflow/.local/lib/python3.8/site-packages/airflow/example_dags/example_branch_python_dop_operator_3.py for tasks to queue
[2025-07-21T08:22:35.590+0000] {logging_mixin.py:188} INFO - [2025-07-21T08:22:35.589+0000] {dagbag.py:538} INFO - Filling up the DagBag from /home/airflow/.local/lib/python3.8/site-packages/airflow/example_dags/example_branch_python_dop_operator_3.py
[2025-07-21T08:22:35.611+0000] {processor.py:840} INFO - DAG(s) 'example_branch_dop_operator_v3' retrieved from /home/airflow/.local/lib/python3.8/site-packages/airflow/example_dags/example_branch_python_dop_operator_3.py
[2025-07-21T08:22:35.711+0000] {logging_mixin.py:188} INFO - [2025-07-21T08:22:35.710+0000] {dag.py:3036} INFO - Sync 1 DAGs
[2025-07-21T08:22:35.879+0000] {logging_mixin.py:188} INFO - [2025-07-21T08:22:35.878+0000] {dag.py:3823} INFO - Setting next_dagrun for example_branch_dop_operator_v3 to 2025-07-21 08:21:00+00:00, run_after=2025-07-21 08:22:00+00:00
[2025-07-21T08:22:36.078+0000] {processor.py:183} INFO - Processing /home/airflow/.local/lib/python3.8/site-packages/airflow/example_dags/example_branch_python_dop_operator_3.py took 0.504 seconds
[2025-07-21T08:23:13.402+0000] {processor.py:161} INFO - Started process (PID=693) to work on /home/airflow/.local/lib/python3.8/site-packages/airflow/example_dags/example_branch_python_dop_operator_3.py
[2025-07-21T08:23:13.414+0000] {processor.py:830} INFO - Processing file /home/airflow/.local/lib/python3.8/site-packages/airflow/example_dags/example_branch_python_dop_operator_3.py for tasks to queue
[2025-07-21T08:23:13.419+0000] {logging_mixin.py:188} INFO - [2025-07-21T08:23:13.418+0000] {dagbag.py:538} INFO - Filling up the DagBag from /home/airflow/.local/lib/python3.8/site-packages/airflow/example_dags/example_branch_python_dop_operator_3.py
[2025-07-21T08:23:13.472+0000] {processor.py:840} INFO - DAG(s) 'example_branch_dop_operator_v3' retrieved from /home/airflow/.local/lib/python3.8/site-packages/airflow/example_dags/example_branch_python_dop_operator_3.py
[2025-07-21T08:23:13.572+0000] {logging_mixin.py:188} INFO - [2025-07-21T08:23:13.572+0000] {dag.py:3036} INFO - Sync 1 DAGs
[2025-07-21T08:23:13.722+0000] {logging_mixin.py:188} INFO - [2025-07-21T08:23:13.721+0000] {dag.py:3823} INFO - Setting next_dagrun for example_branch_dop_operator_v3 to 2025-07-21 08:22:00+00:00, run_after=2025-07-21 08:23:00+00:00
[2025-07-21T08:23:13.907+0000] {processor.py:183} INFO - Processing /home/airflow/.local/lib/python3.8/site-packages/airflow/example_dags/example_branch_python_dop_operator_3.py took 0.511 seconds
[2025-07-21T08:23:45.851+0000] {processor.py:161} INFO - Started process (PID=749) to work on /home/airflow/.local/lib/python3.8/site-packages/airflow/example_dags/example_branch_python_dop_operator_3.py
[2025-07-21T08:23:45.866+0000] {processor.py:830} INFO - Processing file /home/airflow/.local/lib/python3.8/site-packages/airflow/example_dags/example_branch_python_dop_operator_3.py for tasks to queue
[2025-07-21T08:23:45.873+0000] {logging_mixin.py:188} INFO - [2025-07-21T08:23:45.872+0000] {dagbag.py:538} INFO - Filling up the DagBag from /home/airflow/.local/lib/python3.8/site-packages/airflow/example_dags/example_branch_python_dop_operator_3.py
[2025-07-21T08:23:45.917+0000] {processor.py:840} INFO - DAG(s) 'example_branch_dop_operator_v3' retrieved from /home/airflow/.local/lib/python3.8/site-packages/airflow/example_dags/example_branch_python_dop_operator_3.py
[2025-07-21T08:23:46.015+0000] {logging_mixin.py:188} INFO - [2025-07-21T08:23:46.014+0000] {dag.py:3036} INFO - Sync 1 DAGs
[2025-07-21T08:23:46.156+0000] {logging_mixin.py:188} INFO - [2025-07-21T08:23:46.156+0000] {dag.py:3823} INFO - Setting next_dagrun for example_branch_dop_operator_v3 to 2025-07-21 08:22:00+00:00, run_after=2025-07-21 08:23:00+00:00
[2025-07-21T08:23:46.270+0000] {processor.py:183} INFO - Processing /home/airflow/.local/lib/python3.8/site-packages/airflow/example_dags/example_branch_python_dop_operator_3.py took 0.426 seconds
[2025-07-21T08:24:23.114+0000] {processor.py:161} INFO - Started process (PID=800) to work on /home/airflow/.local/lib/python3.8/site-packages/airflow/example_dags/example_branch_python_dop_operator_3.py
[2025-07-21T08:24:23.261+0000] {processor.py:830} INFO - Processing file /home/airflow/.local/lib/python3.8/site-packages/airflow/example_dags/example_branch_python_dop_operator_3.py for tasks to queue
[2025-07-21T08:24:23.707+0000] {logging_mixin.py:188} INFO - [2025-07-21T08:24:23.706+0000] {dagbag.py:538} INFO - Filling up the DagBag from /home/airflow/.local/lib/python3.8/site-packages/airflow/example_dags/example_branch_python_dop_operator_3.py
[2025-07-21T08:24:24.005+0000] {processor.py:840} INFO - DAG(s) 'example_branch_dop_operator_v3' retrieved from /home/airflow/.local/lib/python3.8/site-packages/airflow/example_dags/example_branch_python_dop_operator_3.py
[2025-07-21T08:24:24.404+0000] {logging_mixin.py:188} INFO - [2025-07-21T08:24:24.403+0000] {dag.py:3036} INFO - Sync 1 DAGs
[2025-07-21T08:24:25.761+0000] {logging_mixin.py:188} INFO - [2025-07-21T08:24:25.760+0000] {dag.py:3823} INFO - Setting next_dagrun for example_branch_dop_operator_v3 to 2025-07-21 08:23:00+00:00, run_after=2025-07-21 08:24:00+00:00
[2025-07-21T08:24:26.376+0000] {processor.py:183} INFO - Processing /home/airflow/.local/lib/python3.8/site-packages/airflow/example_dags/example_branch_python_dop_operator_3.py took 3.579 seconds
[2025-07-21T08:24:56.696+0000] {processor.py:161} INFO - Started process (PID=861) to work on /home/airflow/.local/lib/python3.8/site-packages/airflow/example_dags/example_branch_python_dop_operator_3.py
[2025-07-21T08:24:56.699+0000] {processor.py:830} INFO - Processing file /home/airflow/.local/lib/python3.8/site-packages/airflow/example_dags/example_branch_python_dop_operator_3.py for tasks to queue
[2025-07-21T08:24:56.716+0000] {logging_mixin.py:188} INFO - [2025-07-21T08:24:56.715+0000] {dagbag.py:538} INFO - Filling up the DagBag from /home/airflow/.local/lib/python3.8/site-packages/airflow/example_dags/example_branch_python_dop_operator_3.py
[2025-07-21T08:24:56.773+0000] {processor.py:840} INFO - DAG(s) 'example_branch_dop_operator_v3' retrieved from /home/airflow/.local/lib/python3.8/site-packages/airflow/example_dags/example_branch_python_dop_operator_3.py
[2025-07-21T08:24:57.023+0000] {logging_mixin.py:188} INFO - [2025-07-21T08:24:57.022+0000] {dag.py:3036} INFO - Sync 1 DAGs
[2025-07-21T08:24:57.206+0000] {logging_mixin.py:188} INFO - [2025-07-21T08:24:57.206+0000] {dag.py:3823} INFO - Setting next_dagrun for example_branch_dop_operator_v3 to 2025-07-21 08:23:00+00:00, run_after=2025-07-21 08:24:00+00:00
[2025-07-21T08:24:57.251+0000] {processor.py:183} INFO - Processing /home/airflow/.local/lib/python3.8/site-packages/airflow/example_dags/example_branch_python_dop_operator_3.py took 0.571 seconds
[2025-07-21T08:25:27.717+0000] {processor.py:161} INFO - Started process (PID=917) to work on /home/airflow/.local/lib/python3.8/site-packages/airflow/example_dags/example_branch_python_dop_operator_3.py
[2025-07-21T08:25:27.721+0000] {processor.py:830} INFO - Processing file /home/airflow/.local/lib/python3.8/site-packages/airflow/example_dags/example_branch_python_dop_operator_3.py for tasks to queue
[2025-07-21T08:25:27.754+0000] {logging_mixin.py:188} INFO - [2025-07-21T08:25:27.753+0000] {dagbag.py:538} INFO - Filling up the DagBag from /home/airflow/.local/lib/python3.8/site-packages/airflow/example_dags/example_branch_python_dop_operator_3.py
[2025-07-21T08:25:27.904+0000] {processor.py:840} INFO - DAG(s) 'example_branch_dop_operator_v3' retrieved from /home/airflow/.local/lib/python3.8/site-packages/airflow/example_dags/example_branch_python_dop_operator_3.py
[2025-07-21T08:25:28.274+0000] {logging_mixin.py:188} INFO - [2025-07-21T08:25:28.272+0000] {dag.py:3036} INFO - Sync 1 DAGs
[2025-07-21T08:25:28.432+0000] {logging_mixin.py:188} INFO - [2025-07-21T08:25:28.432+0000] {dag.py:3823} INFO - Setting next_dagrun for example_branch_dop_operator_v3 to 2025-07-21 08:24:00+00:00, run_after=2025-07-21 08:25:00+00:00
[2025-07-21T08:25:28.524+0000] {processor.py:183} INFO - Processing /home/airflow/.local/lib/python3.8/site-packages/airflow/example_dags/example_branch_python_dop_operator_3.py took 0.829 seconds
[2025-07-21T08:25:58.808+0000] {processor.py:161} INFO - Started process (PID=973) to work on /home/airflow/.local/lib/python3.8/site-packages/airflow/example_dags/example_branch_python_dop_operator_3.py
[2025-07-21T08:25:58.811+0000] {processor.py:830} INFO - Processing file /home/airflow/.local/lib/python3.8/site-packages/airflow/example_dags/example_branch_python_dop_operator_3.py for tasks to queue
[2025-07-21T08:25:58.824+0000] {logging_mixin.py:188} INFO - [2025-07-21T08:25:58.823+0000] {dagbag.py:538} INFO - Filling up the DagBag from /home/airflow/.local/lib/python3.8/site-packages/airflow/example_dags/example_branch_python_dop_operator_3.py
[2025-07-21T08:25:58.864+0000] {processor.py:840} INFO - DAG(s) 'example_branch_dop_operator_v3' retrieved from /home/airflow/.local/lib/python3.8/site-packages/airflow/example_dags/example_branch_python_dop_operator_3.py
[2025-07-21T08:25:58.965+0000] {logging_mixin.py:188} INFO - [2025-07-21T08:25:58.964+0000] {dag.py:3036} INFO - Sync 1 DAGs
[2025-07-21T08:25:59.196+0000] {logging_mixin.py:188} INFO - [2025-07-21T08:25:59.195+0000] {dag.py:3823} INFO - Setting next_dagrun for example_branch_dop_operator_v3 to 2025-07-21 08:24:00+00:00, run_after=2025-07-21 08:25:00+00:00
[2025-07-21T08:25:59.575+0000] {processor.py:183} INFO - Processing /home/airflow/.local/lib/python3.8/site-packages/airflow/example_dags/example_branch_python_dop_operator_3.py took 0.784 seconds
[2025-07-21T08:26:30.047+0000] {processor.py:161} INFO - Started process (PID=1028) to work on /home/airflow/.local/lib/python3.8/site-packages/airflow/example_dags/example_branch_python_dop_operator_3.py
[2025-07-21T08:26:30.060+0000] {processor.py:830} INFO - Processing file /home/airflow/.local/lib/python3.8/site-packages/airflow/example_dags/example_branch_python_dop_operator_3.py for tasks to queue
[2025-07-21T08:26:30.400+0000] {logging_mixin.py:188} INFO - [2025-07-21T08:26:30.399+0000] {dagbag.py:538} INFO - Filling up the DagBag from /home/airflow/.local/lib/python3.8/site-packages/airflow/example_dags/example_branch_python_dop_operator_3.py
[2025-07-21T08:26:30.767+0000] {processor.py:840} INFO - DAG(s) 'example_branch_dop_operator_v3' retrieved from /home/airflow/.local/lib/python3.8/site-packages/airflow/example_dags/example_branch_python_dop_operator_3.py
[2025-07-21T08:26:30.936+0000] {logging_mixin.py:188} INFO - [2025-07-21T08:26:30.935+0000] {dag.py:3036} INFO - Sync 1 DAGs
[2025-07-21T08:26:31.155+0000] {logging_mixin.py:188} INFO - [2025-07-21T08:26:31.155+0000] {dag.py:3823} INFO - Setting next_dagrun for example_branch_dop_operator_v3 to 2025-07-21 08:25:00+00:00, run_after=2025-07-21 08:26:00+00:00
[2025-07-21T08:26:31.399+0000] {processor.py:183} INFO - Processing /home/airflow/.local/lib/python3.8/site-packages/airflow/example_dags/example_branch_python_dop_operator_3.py took 1.359 seconds
[2025-07-21T08:27:02.962+0000] {processor.py:161} INFO - Started process (PID=1082) to work on /home/airflow/.local/lib/python3.8/site-packages/airflow/example_dags/example_branch_python_dop_operator_3.py
[2025-07-21T08:27:02.976+0000] {processor.py:830} INFO - Processing file /home/airflow/.local/lib/python3.8/site-packages/airflow/example_dags/example_branch_python_dop_operator_3.py for tasks to queue
[2025-07-21T08:27:03.015+0000] {logging_mixin.py:188} INFO - [2025-07-21T08:27:03.014+0000] {dagbag.py:538} INFO - Filling up the DagBag from /home/airflow/.local/lib/python3.8/site-packages/airflow/example_dags/example_branch_python_dop_operator_3.py
[2025-07-21T08:27:03.205+0000] {processor.py:840} INFO - DAG(s) 'example_branch_dop_operator_v3' retrieved from /home/airflow/.local/lib/python3.8/site-packages/airflow/example_dags/example_branch_python_dop_operator_3.py
[2025-07-21T08:27:03.574+0000] {logging_mixin.py:188} INFO - [2025-07-21T08:27:03.574+0000] {dag.py:3036} INFO - Sync 1 DAGs
[2025-07-21T08:27:03.761+0000] {logging_mixin.py:188} INFO - [2025-07-21T08:27:03.761+0000] {dag.py:3823} INFO - Setting next_dagrun for example_branch_dop_operator_v3 to 2025-07-21 08:26:00+00:00, run_after=2025-07-21 08:27:00+00:00
[2025-07-21T08:27:03.995+0000] {processor.py:183} INFO - Processing /home/airflow/.local/lib/python3.8/site-packages/airflow/example_dags/example_branch_python_dop_operator_3.py took 1.112 seconds
[2025-07-21T08:27:34.438+0000] {processor.py:161} INFO - Started process (PID=1137) to work on /home/airflow/.local/lib/python3.8/site-packages/airflow/example_dags/example_branch_python_dop_operator_3.py
[2025-07-21T08:27:34.457+0000] {processor.py:830} INFO - Processing file /home/airflow/.local/lib/python3.8/site-packages/airflow/example_dags/example_branch_python_dop_operator_3.py for tasks to queue
[2025-07-21T08:27:34.482+0000] {logging_mixin.py:188} INFO - [2025-07-21T08:27:34.481+0000] {dagbag.py:538} INFO - Filling up the DagBag from /home/airflow/.local/lib/python3.8/site-packages/airflow/example_dags/example_branch_python_dop_operator_3.py
[2025-07-21T08:27:34.510+0000] {processor.py:840} INFO - DAG(s) 'example_branch_dop_operator_v3' retrieved from /home/airflow/.local/lib/python3.8/site-packages/airflow/example_dags/example_branch_python_dop_operator_3.py
[2025-07-21T08:27:34.591+0000] {logging_mixin.py:188} INFO - [2025-07-21T08:27:34.591+0000] {dag.py:3036} INFO - Sync 1 DAGs
[2025-07-21T08:27:34.686+0000] {logging_mixin.py:188} INFO - [2025-07-21T08:27:34.685+0000] {dag.py:3823} INFO - Setting next_dagrun for example_branch_dop_operator_v3 to 2025-07-21 08:26:00+00:00, run_after=2025-07-21 08:27:00+00:00
[2025-07-21T08:27:34.773+0000] {processor.py:183} INFO - Processing /home/airflow/.local/lib/python3.8/site-packages/airflow/example_dags/example_branch_python_dop_operator_3.py took 0.354 seconds
[2025-07-21T08:28:05.413+0000] {processor.py:161} INFO - Started process (PID=1192) to work on /home/airflow/.local/lib/python3.8/site-packages/airflow/example_dags/example_branch_python_dop_operator_3.py
[2025-07-21T08:28:05.415+0000] {processor.py:830} INFO - Processing file /home/airflow/.local/lib/python3.8/site-packages/airflow/example_dags/example_branch_python_dop_operator_3.py for tasks to queue
[2025-07-21T08:28:05.438+0000] {logging_mixin.py:188} INFO - [2025-07-21T08:28:05.437+0000] {dagbag.py:538} INFO - Filling up the DagBag from /home/airflow/.local/lib/python3.8/site-packages/airflow/example_dags/example_branch_python_dop_operator_3.py
[2025-07-21T08:28:05.487+0000] {processor.py:840} INFO - DAG(s) 'example_branch_dop_operator_v3' retrieved from /home/airflow/.local/lib/python3.8/site-packages/airflow/example_dags/example_branch_python_dop_operator_3.py
[2025-07-21T08:28:05.595+0000] {logging_mixin.py:188} INFO - [2025-07-21T08:28:05.594+0000] {dag.py:3036} INFO - Sync 1 DAGs
[2025-07-21T08:28:05.659+0000] {logging_mixin.py:188} INFO - [2025-07-21T08:28:05.658+0000] {dag.py:3823} INFO - Setting next_dagrun for example_branch_dop_operator_v3 to 2025-07-21 08:27:00+00:00, run_after=2025-07-21 08:28:00+00:00
[2025-07-21T08:28:05.733+0000] {processor.py:183} INFO - Processing /home/airflow/.local/lib/python3.8/site-packages/airflow/example_dags/example_branch_python_dop_operator_3.py took 0.339 seconds
[2025-07-21T08:28:36.168+0000] {processor.py:161} INFO - Started process (PID=1247) to work on /home/airflow/.local/lib/python3.8/site-packages/airflow/example_dags/example_branch_python_dop_operator_3.py
[2025-07-21T08:28:36.171+0000] {processor.py:830} INFO - Processing file /home/airflow/.local/lib/python3.8/site-packages/airflow/example_dags/example_branch_python_dop_operator_3.py for tasks to queue
[2025-07-21T08:28:36.177+0000] {logging_mixin.py:188} INFO - [2025-07-21T08:28:36.176+0000] {dagbag.py:538} INFO - Filling up the DagBag from /home/airflow/.local/lib/python3.8/site-packages/airflow/example_dags/example_branch_python_dop_operator_3.py
[2025-07-21T08:28:36.206+0000] {processor.py:840} INFO - DAG(s) 'example_branch_dop_operator_v3' retrieved from /home/airflow/.local/lib/python3.8/site-packages/airflow/example_dags/example_branch_python_dop_operator_3.py
[2025-07-21T08:28:36.365+0000] {logging_mixin.py:188} INFO - [2025-07-21T08:28:36.364+0000] {dag.py:3036} INFO - Sync 1 DAGs
[2025-07-21T08:28:36.644+0000] {logging_mixin.py:188} INFO - [2025-07-21T08:28:36.641+0000] {dag.py:3823} INFO - Setting next_dagrun for example_branch_dop_operator_v3 to 2025-07-21 08:27:00+00:00, run_after=2025-07-21 08:28:00+00:00
[2025-07-21T08:28:37.033+0000] {processor.py:183} INFO - Processing /home/airflow/.local/lib/python3.8/site-packages/airflow/example_dags/example_branch_python_dop_operator_3.py took 0.878 seconds
[2025-07-21T08:29:08.061+0000] {processor.py:161} INFO - Started process (PID=1300) to work on /home/airflow/.local/lib/python3.8/site-packages/airflow/example_dags/example_branch_python_dop_operator_3.py
[2025-07-21T08:29:08.082+0000] {processor.py:830} INFO - Processing file /home/airflow/.local/lib/python3.8/site-packages/airflow/example_dags/example_branch_python_dop_operator_3.py for tasks to queue
[2025-07-21T08:29:08.090+0000] {logging_mixin.py:188} INFO - [2025-07-21T08:29:08.089+0000] {dagbag.py:538} INFO - Filling up the DagBag from /home/airflow/.local/lib/python3.8/site-packages/airflow/example_dags/example_branch_python_dop_operator_3.py
[2025-07-21T08:29:08.126+0000] {processor.py:840} INFO - DAG(s) 'example_branch_dop_operator_v3' retrieved from /home/airflow/.local/lib/python3.8/site-packages/airflow/example_dags/example_branch_python_dop_operator_3.py
[2025-07-21T08:29:08.180+0000] {logging_mixin.py:188} INFO - [2025-07-21T08:29:08.180+0000] {dag.py:3036} INFO - Sync 1 DAGs
[2025-07-21T08:29:08.255+0000] {logging_mixin.py:188} INFO - [2025-07-21T08:29:08.255+0000] {dag.py:3823} INFO - Setting next_dagrun for example_branch_dop_operator_v3 to 2025-07-21 08:28:00+00:00, run_after=2025-07-21 08:29:00+00:00
[2025-07-21T08:29:08.306+0000] {processor.py:183} INFO - Processing /home/airflow/.local/lib/python3.8/site-packages/airflow/example_dags/example_branch_python_dop_operator_3.py took 0.263 seconds
[2025-07-21T08:29:38.482+0000] {processor.py:161} INFO - Started process (PID=1356) to work on /home/airflow/.local/lib/python3.8/site-packages/airflow/example_dags/example_branch_python_dop_operator_3.py
[2025-07-21T08:29:38.486+0000] {processor.py:830} INFO - Processing file /home/airflow/.local/lib/python3.8/site-packages/airflow/example_dags/example_branch_python_dop_operator_3.py for tasks to queue
[2025-07-21T08:29:38.490+0000] {logging_mixin.py:188} INFO - [2025-07-21T08:29:38.489+0000] {dagbag.py:538} INFO - Filling up the DagBag from /home/airflow/.local/lib/python3.8/site-packages/airflow/example_dags/example_branch_python_dop_operator_3.py
[2025-07-21T08:29:38.513+0000] {processor.py:840} INFO - DAG(s) 'example_branch_dop_operator_v3' retrieved from /home/airflow/.local/lib/python3.8/site-packages/airflow/example_dags/example_branch_python_dop_operator_3.py
[2025-07-21T08:29:38.558+0000] {logging_mixin.py:188} INFO - [2025-07-21T08:29:38.557+0000] {dag.py:3036} INFO - Sync 1 DAGs
[2025-07-21T08:29:38.607+0000] {logging_mixin.py:188} INFO - [2025-07-21T08:29:38.607+0000] {dag.py:3823} INFO - Setting next_dagrun for example_branch_dop_operator_v3 to 2025-07-21 08:28:00+00:00, run_after=2025-07-21 08:29:00+00:00
[2025-07-21T08:29:38.638+0000] {processor.py:183} INFO - Processing /home/airflow/.local/lib/python3.8/site-packages/airflow/example_dags/example_branch_python_dop_operator_3.py took 0.164 seconds
[2025-07-21T08:30:09.405+0000] {processor.py:161} INFO - Started process (PID=1411) to work on /home/airflow/.local/lib/python3.8/site-packages/airflow/example_dags/example_branch_python_dop_operator_3.py
[2025-07-21T08:30:09.424+0000] {processor.py:830} INFO - Processing file /home/airflow/.local/lib/python3.8/site-packages/airflow/example_dags/example_branch_python_dop_operator_3.py for tasks to queue
[2025-07-21T08:30:09.435+0000] {logging_mixin.py:188} INFO - [2025-07-21T08:30:09.434+0000] {dagbag.py:538} INFO - Filling up the DagBag from /home/airflow/.local/lib/python3.8/site-packages/airflow/example_dags/example_branch_python_dop_operator_3.py
[2025-07-21T08:30:09.497+0000] {processor.py:840} INFO - DAG(s) 'example_branch_dop_operator_v3' retrieved from /home/airflow/.local/lib/python3.8/site-packages/airflow/example_dags/example_branch_python_dop_operator_3.py
[2025-07-21T08:30:09.666+0000] {logging_mixin.py:188} INFO - [2025-07-21T08:30:09.666+0000] {dag.py:3036} INFO - Sync 1 DAGs
[2025-07-21T08:30:09.785+0000] {logging_mixin.py:188} INFO - [2025-07-21T08:30:09.784+0000] {dag.py:3823} INFO - Setting next_dagrun for example_branch_dop_operator_v3 to 2025-07-21 08:29:00+00:00, run_after=2025-07-21 08:30:00+00:00
[2025-07-21T08:30:10.007+0000] {processor.py:183} INFO - Processing /home/airflow/.local/lib/python3.8/site-packages/airflow/example_dags/example_branch_python_dop_operator_3.py took 0.643 seconds
[2025-07-21T08:30:40.184+0000] {processor.py:161} INFO - Started process (PID=1465) to work on /home/airflow/.local/lib/python3.8/site-packages/airflow/example_dags/example_branch_python_dop_operator_3.py
[2025-07-21T08:30:40.191+0000] {processor.py:830} INFO - Processing file /home/airflow/.local/lib/python3.8/site-packages/airflow/example_dags/example_branch_python_dop_operator_3.py for tasks to queue
[2025-07-21T08:30:40.210+0000] {logging_mixin.py:188} INFO - [2025-07-21T08:30:40.210+0000] {dagbag.py:538} INFO - Filling up the DagBag from /home/airflow/.local/lib/python3.8/site-packages/airflow/example_dags/example_branch_python_dop_operator_3.py
[2025-07-21T08:30:40.285+0000] {processor.py:840} INFO - DAG(s) 'example_branch_dop_operator_v3' retrieved from /home/airflow/.local/lib/python3.8/site-packages/airflow/example_dags/example_branch_python_dop_operator_3.py
[2025-07-21T08:30:40.354+0000] {logging_mixin.py:188} INFO - [2025-07-21T08:30:40.353+0000] {dag.py:3036} INFO - Sync 1 DAGs
[2025-07-21T08:30:40.402+0000] {logging_mixin.py:188} INFO - [2025-07-21T08:30:40.401+0000] {dag.py:3823} INFO - Setting next_dagrun for example_branch_dop_operator_v3 to 2025-07-21 08:29:00+00:00, run_after=2025-07-21 08:30:00+00:00
[2025-07-21T08:30:40.454+0000] {processor.py:183} INFO - Processing /home/airflow/.local/lib/python3.8/site-packages/airflow/example_dags/example_branch_python_dop_operator_3.py took 0.292 seconds
[2025-07-21T08:31:10.904+0000] {processor.py:161} INFO - Started process (PID=1519) to work on /home/airflow/.local/lib/python3.8/site-packages/airflow/example_dags/example_branch_python_dop_operator_3.py
[2025-07-21T08:31:10.914+0000] {processor.py:830} INFO - Processing file /home/airflow/.local/lib/python3.8/site-packages/airflow/example_dags/example_branch_python_dop_operator_3.py for tasks to queue
[2025-07-21T08:31:10.983+0000] {logging_mixin.py:188} INFO - [2025-07-21T08:31:10.982+0000] {dagbag.py:538} INFO - Filling up the DagBag from /home/airflow/.local/lib/python3.8/site-packages/airflow/example_dags/example_branch_python_dop_operator_3.py
[2025-07-21T08:31:11.049+0000] {processor.py:840} INFO - DAG(s) 'example_branch_dop_operator_v3' retrieved from /home/airflow/.local/lib/python3.8/site-packages/airflow/example_dags/example_branch_python_dop_operator_3.py
[2025-07-21T08:31:11.147+0000] {logging_mixin.py:188} INFO - [2025-07-21T08:31:11.147+0000] {dag.py:3036} INFO - Sync 1 DAGs
[2025-07-21T08:31:11.290+0000] {logging_mixin.py:188} INFO - [2025-07-21T08:31:11.290+0000] {dag.py:3823} INFO - Setting next_dagrun for example_branch_dop_operator_v3 to 2025-07-21 08:30:00+00:00, run_after=2025-07-21 08:31:00+00:00
[2025-07-21T08:31:11.458+0000] {processor.py:183} INFO - Processing /home/airflow/.local/lib/python3.8/site-packages/airflow/example_dags/example_branch_python_dop_operator_3.py took 0.572 seconds
[2025-07-21T08:31:42.812+0000] {processor.py:161} INFO - Started process (PID=1573) to work on /home/airflow/.local/lib/python3.8/site-packages/airflow/example_dags/example_branch_python_dop_operator_3.py
[2025-07-21T08:31:42.814+0000] {processor.py:830} INFO - Processing file /home/airflow/.local/lib/python3.8/site-packages/airflow/example_dags/example_branch_python_dop_operator_3.py for tasks to queue
[2025-07-21T08:31:42.818+0000] {logging_mixin.py:188} INFO - [2025-07-21T08:31:42.817+0000] {dagbag.py:538} INFO - Filling up the DagBag from /home/airflow/.local/lib/python3.8/site-packages/airflow/example_dags/example_branch_python_dop_operator_3.py
[2025-07-21T08:31:42.881+0000] {processor.py:840} INFO - DAG(s) 'example_branch_dop_operator_v3' retrieved from /home/airflow/.local/lib/python3.8/site-packages/airflow/example_dags/example_branch_python_dop_operator_3.py
[2025-07-21T08:31:42.997+0000] {logging_mixin.py:188} INFO - [2025-07-21T08:31:42.996+0000] {dag.py:3036} INFO - Sync 1 DAGs
[2025-07-21T08:31:43.145+0000] {logging_mixin.py:188} INFO - [2025-07-21T08:31:43.144+0000] {dag.py:3823} INFO - Setting next_dagrun for example_branch_dop_operator_v3 to 2025-07-21 08:30:00+00:00, run_after=2025-07-21 08:31:00+00:00
[2025-07-21T08:31:43.246+0000] {processor.py:183} INFO - Processing /home/airflow/.local/lib/python3.8/site-packages/airflow/example_dags/example_branch_python_dop_operator_3.py took 0.453 seconds
[2025-07-21T08:32:15.153+0000] {processor.py:161} INFO - Started process (PID=1622) to work on /home/airflow/.local/lib/python3.8/site-packages/airflow/example_dags/example_branch_python_dop_operator_3.py
[2025-07-21T08:32:15.155+0000] {processor.py:830} INFO - Processing file /home/airflow/.local/lib/python3.8/site-packages/airflow/example_dags/example_branch_python_dop_operator_3.py for tasks to queue
[2025-07-21T08:32:15.175+0000] {logging_mixin.py:188} INFO - [2025-07-21T08:32:15.174+0000] {dagbag.py:538} INFO - Filling up the DagBag from /home/airflow/.local/lib/python3.8/site-packages/airflow/example_dags/example_branch_python_dop_operator_3.py
[2025-07-21T08:32:15.231+0000] {processor.py:840} INFO - DAG(s) 'example_branch_dop_operator_v3' retrieved from /home/airflow/.local/lib/python3.8/site-packages/airflow/example_dags/example_branch_python_dop_operator_3.py
[2025-07-21T08:32:15.331+0000] {logging_mixin.py:188} INFO - [2025-07-21T08:32:15.330+0000] {dag.py:3036} INFO - Sync 1 DAGs
[2025-07-21T08:32:15.588+0000] {logging_mixin.py:188} INFO - [2025-07-21T08:32:15.588+0000] {dag.py:3823} INFO - Setting next_dagrun for example_branch_dop_operator_v3 to 2025-07-21 08:31:00+00:00, run_after=2025-07-21 08:32:00+00:00
[2025-07-21T08:32:15.955+0000] {processor.py:183} INFO - Processing /home/airflow/.local/lib/python3.8/site-packages/airflow/example_dags/example_branch_python_dop_operator_3.py took 0.837 seconds
[2025-07-21T08:32:49.292+0000] {processor.py:161} INFO - Started process (PID=1673) to work on /home/airflow/.local/lib/python3.8/site-packages/airflow/example_dags/example_branch_python_dop_operator_3.py
[2025-07-21T08:32:49.321+0000] {processor.py:830} INFO - Processing file /home/airflow/.local/lib/python3.8/site-packages/airflow/example_dags/example_branch_python_dop_operator_3.py for tasks to queue
[2025-07-21T08:32:49.340+0000] {logging_mixin.py:188} INFO - [2025-07-21T08:32:49.339+0000] {dagbag.py:538} INFO - Filling up the DagBag from /home/airflow/.local/lib/python3.8/site-packages/airflow/example_dags/example_branch_python_dop_operator_3.py
[2025-07-21T08:32:49.450+0000] {processor.py:840} INFO - DAG(s) 'example_branch_dop_operator_v3' retrieved from /home/airflow/.local/lib/python3.8/site-packages/airflow/example_dags/example_branch_python_dop_operator_3.py
[2025-07-21T08:32:49.787+0000] {logging_mixin.py:188} INFO - [2025-07-21T08:32:49.787+0000] {dag.py:3036} INFO - Sync 1 DAGs
[2025-07-21T08:32:49.917+0000] {logging_mixin.py:188} INFO - [2025-07-21T08:32:49.917+0000] {dag.py:3823} INFO - Setting next_dagrun for example_branch_dop_operator_v3 to 2025-07-21 08:31:00+00:00, run_after=2025-07-21 08:32:00+00:00
[2025-07-21T08:32:50.001+0000] {processor.py:183} INFO - Processing /home/airflow/.local/lib/python3.8/site-packages/airflow/example_dags/example_branch_python_dop_operator_3.py took 0.717 seconds
[2025-07-21T08:33:20.225+0000] {processor.py:161} INFO - Started process (PID=1728) to work on /home/airflow/.local/lib/python3.8/site-packages/airflow/example_dags/example_branch_python_dop_operator_3.py
[2025-07-21T08:33:20.237+0000] {processor.py:830} INFO - Processing file /home/airflow/.local/lib/python3.8/site-packages/airflow/example_dags/example_branch_python_dop_operator_3.py for tasks to queue
[2025-07-21T08:33:20.243+0000] {logging_mixin.py:188} INFO - [2025-07-21T08:33:20.242+0000] {dagbag.py:538} INFO - Filling up the DagBag from /home/airflow/.local/lib/python3.8/site-packages/airflow/example_dags/example_branch_python_dop_operator_3.py
[2025-07-21T08:33:20.298+0000] {processor.py:840} INFO - DAG(s) 'example_branch_dop_operator_v3' retrieved from /home/airflow/.local/lib/python3.8/site-packages/airflow/example_dags/example_branch_python_dop_operator_3.py
[2025-07-21T08:33:20.458+0000] {logging_mixin.py:188} INFO - [2025-07-21T08:33:20.458+0000] {dag.py:3036} INFO - Sync 1 DAGs
[2025-07-21T08:33:20.607+0000] {logging_mixin.py:188} INFO - [2025-07-21T08:33:20.607+0000] {dag.py:3823} INFO - Setting next_dagrun for example_branch_dop_operator_v3 to 2025-07-21 08:32:00+00:00, run_after=2025-07-21 08:33:00+00:00
[2025-07-21T08:33:20.747+0000] {processor.py:183} INFO - Processing /home/airflow/.local/lib/python3.8/site-packages/airflow/example_dags/example_branch_python_dop_operator_3.py took 0.546 seconds
[2025-07-21T08:33:50.996+0000] {processor.py:161} INFO - Started process (PID=1783) to work on /home/airflow/.local/lib/python3.8/site-packages/airflow/example_dags/example_branch_python_dop_operator_3.py
[2025-07-21T08:33:51.000+0000] {processor.py:830} INFO - Processing file /home/airflow/.local/lib/python3.8/site-packages/airflow/example_dags/example_branch_python_dop_operator_3.py for tasks to queue
[2025-07-21T08:33:51.006+0000] {logging_mixin.py:188} INFO - [2025-07-21T08:33:51.005+0000] {dagbag.py:538} INFO - Filling up the DagBag from /home/airflow/.local/lib/python3.8/site-packages/airflow/example_dags/example_branch_python_dop_operator_3.py
[2025-07-21T08:33:51.036+0000] {processor.py:840} INFO - DAG(s) 'example_branch_dop_operator_v3' retrieved from /home/airflow/.local/lib/python3.8/site-packages/airflow/example_dags/example_branch_python_dop_operator_3.py
[2025-07-21T08:33:51.108+0000] {logging_mixin.py:188} INFO - [2025-07-21T08:33:51.107+0000] {dag.py:3036} INFO - Sync 1 DAGs
[2025-07-21T08:33:51.187+0000] {logging_mixin.py:188} INFO - [2025-07-21T08:33:51.187+0000] {dag.py:3823} INFO - Setting next_dagrun for example_branch_dop_operator_v3 to 2025-07-21 08:32:00+00:00, run_after=2025-07-21 08:33:00+00:00
[2025-07-21T08:33:51.238+0000] {processor.py:183} INFO - Processing /home/airflow/.local/lib/python3.8/site-packages/airflow/example_dags/example_branch_python_dop_operator_3.py took 0.253 seconds
[2025-07-21T08:34:22.081+0000] {processor.py:161} INFO - Started process (PID=1838) to work on /home/airflow/.local/lib/python3.8/site-packages/airflow/example_dags/example_branch_python_dop_operator_3.py
[2025-07-21T08:34:22.089+0000] {processor.py:830} INFO - Processing file /home/airflow/.local/lib/python3.8/site-packages/airflow/example_dags/example_branch_python_dop_operator_3.py for tasks to queue
[2025-07-21T08:34:22.101+0000] {logging_mixin.py:188} INFO - [2025-07-21T08:34:22.101+0000] {dagbag.py:538} INFO - Filling up the DagBag from /home/airflow/.local/lib/python3.8/site-packages/airflow/example_dags/example_branch_python_dop_operator_3.py
[2025-07-21T08:34:22.285+0000] {processor.py:840} INFO - DAG(s) 'example_branch_dop_operator_v3' retrieved from /home/airflow/.local/lib/python3.8/site-packages/airflow/example_dags/example_branch_python_dop_operator_3.py
[2025-07-21T08:34:22.639+0000] {logging_mixin.py:188} INFO - [2025-07-21T08:34:22.638+0000] {dag.py:3036} INFO - Sync 1 DAGs
[2025-07-21T08:34:23.089+0000] {logging_mixin.py:188} INFO - [2025-07-21T08:34:23.079+0000] {dag.py:3823} INFO - Setting next_dagrun for example_branch_dop_operator_v3 to 2025-07-21 08:33:00+00:00, run_after=2025-07-21 08:34:00+00:00
[2025-07-21T08:34:23.299+0000] {processor.py:183} INFO - Processing /home/airflow/.local/lib/python3.8/site-packages/airflow/example_dags/example_branch_python_dop_operator_3.py took 1.239 seconds
[2025-07-21T08:34:53.945+0000] {processor.py:161} INFO - Started process (PID=1893) to work on /home/airflow/.local/lib/python3.8/site-packages/airflow/example_dags/example_branch_python_dop_operator_3.py
[2025-07-21T08:34:53.980+0000] {processor.py:830} INFO - Processing file /home/airflow/.local/lib/python3.8/site-packages/airflow/example_dags/example_branch_python_dop_operator_3.py for tasks to queue
[2025-07-21T08:34:54.013+0000] {logging_mixin.py:188} INFO - [2025-07-21T08:34:54.013+0000] {dagbag.py:538} INFO - Filling up the DagBag from /home/airflow/.local/lib/python3.8/site-packages/airflow/example_dags/example_branch_python_dop_operator_3.py
[2025-07-21T08:34:54.062+0000] {processor.py:840} INFO - DAG(s) 'example_branch_dop_operator_v3' retrieved from /home/airflow/.local/lib/python3.8/site-packages/airflow/example_dags/example_branch_python_dop_operator_3.py
[2025-07-21T08:34:54.161+0000] {logging_mixin.py:188} INFO - [2025-07-21T08:34:54.160+0000] {dag.py:3036} INFO - Sync 1 DAGs
[2025-07-21T08:34:54.276+0000] {logging_mixin.py:188} INFO - [2025-07-21T08:34:54.276+0000] {dag.py:3823} INFO - Setting next_dagrun for example_branch_dop_operator_v3 to 2025-07-21 08:33:00+00:00, run_after=2025-07-21 08:34:00+00:00
[2025-07-21T08:34:54.394+0000] {processor.py:183} INFO - Processing /home/airflow/.local/lib/python3.8/site-packages/airflow/example_dags/example_branch_python_dop_operator_3.py took 0.474 seconds
[2025-07-21T08:35:25.432+0000] {processor.py:161} INFO - Started process (PID=1948) to work on /home/airflow/.local/lib/python3.8/site-packages/airflow/example_dags/example_branch_python_dop_operator_3.py
[2025-07-21T08:35:25.435+0000] {processor.py:830} INFO - Processing file /home/airflow/.local/lib/python3.8/site-packages/airflow/example_dags/example_branch_python_dop_operator_3.py for tasks to queue
[2025-07-21T08:35:25.442+0000] {logging_mixin.py:188} INFO - [2025-07-21T08:35:25.441+0000] {dagbag.py:538} INFO - Filling up the DagBag from /home/airflow/.local/lib/python3.8/site-packages/airflow/example_dags/example_branch_python_dop_operator_3.py
[2025-07-21T08:35:25.472+0000] {processor.py:840} INFO - DAG(s) 'example_branch_dop_operator_v3' retrieved from /home/airflow/.local/lib/python3.8/site-packages/airflow/example_dags/example_branch_python_dop_operator_3.py
[2025-07-21T08:35:25.531+0000] {logging_mixin.py:188} INFO - [2025-07-21T08:35:25.528+0000] {dag.py:3036} INFO - Sync 1 DAGs
[2025-07-21T08:35:25.667+0000] {logging_mixin.py:188} INFO - [2025-07-21T08:35:25.666+0000] {dag.py:3823} INFO - Setting next_dagrun for example_branch_dop_operator_v3 to 2025-07-21 08:34:00+00:00, run_after=2025-07-21 08:35:00+00:00
[2025-07-21T08:35:25.815+0000] {processor.py:183} INFO - Processing /home/airflow/.local/lib/python3.8/site-packages/airflow/example_dags/example_branch_python_dop_operator_3.py took 0.393 seconds
[2025-07-21T08:35:57.238+0000] {processor.py:161} INFO - Started process (PID=2003) to work on /home/airflow/.local/lib/python3.8/site-packages/airflow/example_dags/example_branch_python_dop_operator_3.py
[2025-07-21T08:35:57.253+0000] {processor.py:830} INFO - Processing file /home/airflow/.local/lib/python3.8/site-packages/airflow/example_dags/example_branch_python_dop_operator_3.py for tasks to queue
[2025-07-21T08:35:57.399+0000] {logging_mixin.py:188} INFO - [2025-07-21T08:35:57.399+0000] {dagbag.py:538} INFO - Filling up the DagBag from /home/airflow/.local/lib/python3.8/site-packages/airflow/example_dags/example_branch_python_dop_operator_3.py
[2025-07-21T08:35:57.621+0000] {processor.py:840} INFO - DAG(s) 'example_branch_dop_operator_v3' retrieved from /home/airflow/.local/lib/python3.8/site-packages/airflow/example_dags/example_branch_python_dop_operator_3.py
[2025-07-21T08:35:58.196+0000] {logging_mixin.py:188} INFO - [2025-07-21T08:35:58.178+0000] {dag.py:3036} INFO - Sync 1 DAGs
[2025-07-21T08:35:58.422+0000] {logging_mixin.py:188} INFO - [2025-07-21T08:35:58.422+0000] {dag.py:3823} INFO - Setting next_dagrun for example_branch_dop_operator_v3 to 2025-07-21 08:34:00+00:00, run_after=2025-07-21 08:35:00+00:00
[2025-07-21T08:35:58.534+0000] {processor.py:183} INFO - Processing /home/airflow/.local/lib/python3.8/site-packages/airflow/example_dags/example_branch_python_dop_operator_3.py took 1.332 seconds
[2025-07-21T08:36:28.880+0000] {processor.py:161} INFO - Started process (PID=2064) to work on /home/airflow/.local/lib/python3.8/site-packages/airflow/example_dags/example_branch_python_dop_operator_3.py
[2025-07-21T08:36:28.887+0000] {processor.py:830} INFO - Processing file /home/airflow/.local/lib/python3.8/site-packages/airflow/example_dags/example_branch_python_dop_operator_3.py for tasks to queue
[2025-07-21T08:36:28.895+0000] {logging_mixin.py:188} INFO - [2025-07-21T08:36:28.894+0000] {dagbag.py:538} INFO - Filling up the DagBag from /home/airflow/.local/lib/python3.8/site-packages/airflow/example_dags/example_branch_python_dop_operator_3.py
[2025-07-21T08:36:28.928+0000] {processor.py:840} INFO - DAG(s) 'example_branch_dop_operator_v3' retrieved from /home/airflow/.local/lib/python3.8/site-packages/airflow/example_dags/example_branch_python_dop_operator_3.py
[2025-07-21T08:36:29.001+0000] {logging_mixin.py:188} INFO - [2025-07-21T08:36:29.000+0000] {dag.py:3036} INFO - Sync 1 DAGs
[2025-07-21T08:36:29.121+0000] {logging_mixin.py:188} INFO - [2025-07-21T08:36:29.121+0000] {dag.py:3823} INFO - Setting next_dagrun for example_branch_dop_operator_v3 to 2025-07-21 08:35:00+00:00, run_after=2025-07-21 08:36:00+00:00
[2025-07-21T08:36:29.202+0000] {processor.py:183} INFO - Processing /home/airflow/.local/lib/python3.8/site-packages/airflow/example_dags/example_branch_python_dop_operator_3.py took 0.335 seconds
[2025-07-21T08:36:59.598+0000] {processor.py:161} INFO - Started process (PID=2118) to work on /home/airflow/.local/lib/python3.8/site-packages/airflow/example_dags/example_branch_python_dop_operator_3.py
[2025-07-21T08:36:59.601+0000] {processor.py:830} INFO - Processing file /home/airflow/.local/lib/python3.8/site-packages/airflow/example_dags/example_branch_python_dop_operator_3.py for tasks to queue
[2025-07-21T08:36:59.608+0000] {logging_mixin.py:188} INFO - [2025-07-21T08:36:59.607+0000] {dagbag.py:538} INFO - Filling up the DagBag from /home/airflow/.local/lib/python3.8/site-packages/airflow/example_dags/example_branch_python_dop_operator_3.py
[2025-07-21T08:36:59.640+0000] {processor.py:840} INFO - DAG(s) 'example_branch_dop_operator_v3' retrieved from /home/airflow/.local/lib/python3.8/site-packages/airflow/example_dags/example_branch_python_dop_operator_3.py
[2025-07-21T08:36:59.786+0000] {logging_mixin.py:188} INFO - [2025-07-21T08:36:59.785+0000] {dag.py:3036} INFO - Sync 1 DAGs
[2025-07-21T08:36:59.881+0000] {logging_mixin.py:188} INFO - [2025-07-21T08:36:59.881+0000] {dag.py:3823} INFO - Setting next_dagrun for example_branch_dop_operator_v3 to 2025-07-21 08:35:00+00:00, run_after=2025-07-21 08:36:00+00:00
[2025-07-21T08:36:59.948+0000] {processor.py:183} INFO - Processing /home/airflow/.local/lib/python3.8/site-packages/airflow/example_dags/example_branch_python_dop_operator_3.py took 0.367 seconds
[2025-07-21T08:37:30.823+0000] {processor.py:161} INFO - Started process (PID=2174) to work on /home/airflow/.local/lib/python3.8/site-packages/airflow/example_dags/example_branch_python_dop_operator_3.py
[2025-07-21T08:37:30.827+0000] {processor.py:830} INFO - Processing file /home/airflow/.local/lib/python3.8/site-packages/airflow/example_dags/example_branch_python_dop_operator_3.py for tasks to queue
[2025-07-21T08:37:30.856+0000] {logging_mixin.py:188} INFO - [2025-07-21T08:37:30.855+0000] {dagbag.py:538} INFO - Filling up the DagBag from /home/airflow/.local/lib/python3.8/site-packages/airflow/example_dags/example_branch_python_dop_operator_3.py
[2025-07-21T08:37:30.984+0000] {processor.py:840} INFO - DAG(s) 'example_branch_dop_operator_v3' retrieved from /home/airflow/.local/lib/python3.8/site-packages/airflow/example_dags/example_branch_python_dop_operator_3.py
[2025-07-21T08:37:31.057+0000] {logging_mixin.py:188} INFO - [2025-07-21T08:37:31.057+0000] {dag.py:3036} INFO - Sync 1 DAGs
[2025-07-21T08:37:31.129+0000] {logging_mixin.py:188} INFO - [2025-07-21T08:37:31.129+0000] {dag.py:3823} INFO - Setting next_dagrun for example_branch_dop_operator_v3 to 2025-07-21 08:36:00+00:00, run_after=2025-07-21 08:37:00+00:00
[2025-07-21T08:37:31.178+0000] {processor.py:183} INFO - Processing /home/airflow/.local/lib/python3.8/site-packages/airflow/example_dags/example_branch_python_dop_operator_3.py took 0.388 seconds
[2025-07-21T08:38:01.350+0000] {processor.py:161} INFO - Started process (PID=2229) to work on /home/airflow/.local/lib/python3.8/site-packages/airflow/example_dags/example_branch_python_dop_operator_3.py
[2025-07-21T08:38:01.353+0000] {processor.py:830} INFO - Processing file /home/airflow/.local/lib/python3.8/site-packages/airflow/example_dags/example_branch_python_dop_operator_3.py for tasks to queue
[2025-07-21T08:38:01.361+0000] {logging_mixin.py:188} INFO - [2025-07-21T08:38:01.360+0000] {dagbag.py:538} INFO - Filling up the DagBag from /home/airflow/.local/lib/python3.8/site-packages/airflow/example_dags/example_branch_python_dop_operator_3.py
[2025-07-21T08:38:01.402+0000] {processor.py:840} INFO - DAG(s) 'example_branch_dop_operator_v3' retrieved from /home/airflow/.local/lib/python3.8/site-packages/airflow/example_dags/example_branch_python_dop_operator_3.py
[2025-07-21T08:38:01.490+0000] {logging_mixin.py:188} INFO - [2025-07-21T08:38:01.490+0000] {dag.py:3036} INFO - Sync 1 DAGs
[2025-07-21T08:38:01.626+0000] {logging_mixin.py:188} INFO - [2025-07-21T08:38:01.626+0000] {dag.py:3823} INFO - Setting next_dagrun for example_branch_dop_operator_v3 to 2025-07-21 08:37:00+00:00, run_after=2025-07-21 08:38:00+00:00
[2025-07-21T08:38:01.694+0000] {processor.py:183} INFO - Processing /home/airflow/.local/lib/python3.8/site-packages/airflow/example_dags/example_branch_python_dop_operator_3.py took 0.357 seconds
[2025-07-21T08:38:33.405+0000] {processor.py:161} INFO - Started process (PID=2282) to work on /home/airflow/.local/lib/python3.8/site-packages/airflow/example_dags/example_branch_python_dop_operator_3.py
[2025-07-21T08:38:33.407+0000] {processor.py:830} INFO - Processing file /home/airflow/.local/lib/python3.8/site-packages/airflow/example_dags/example_branch_python_dop_operator_3.py for tasks to queue
[2025-07-21T08:38:33.411+0000] {logging_mixin.py:188} INFO - [2025-07-21T08:38:33.411+0000] {dagbag.py:538} INFO - Filling up the DagBag from /home/airflow/.local/lib/python3.8/site-packages/airflow/example_dags/example_branch_python_dop_operator_3.py
[2025-07-21T08:38:33.430+0000] {processor.py:840} INFO - DAG(s) 'example_branch_dop_operator_v3' retrieved from /home/airflow/.local/lib/python3.8/site-packages/airflow/example_dags/example_branch_python_dop_operator_3.py
[2025-07-21T08:38:33.468+0000] {logging_mixin.py:188} INFO - [2025-07-21T08:38:33.467+0000] {dag.py:3036} INFO - Sync 1 DAGs
[2025-07-21T08:38:33.520+0000] {logging_mixin.py:188} INFO - [2025-07-21T08:38:33.520+0000] {dag.py:3823} INFO - Setting next_dagrun for example_branch_dop_operator_v3 to 2025-07-21 08:37:00+00:00, run_after=2025-07-21 08:38:00+00:00
[2025-07-21T08:38:33.805+0000] {processor.py:183} INFO - Processing /home/airflow/.local/lib/python3.8/site-packages/airflow/example_dags/example_branch_python_dop_operator_3.py took 0.409 seconds
[2025-07-21T08:39:03.978+0000] {processor.py:161} INFO - Started process (PID=2334) to work on /home/airflow/.local/lib/python3.8/site-packages/airflow/example_dags/example_branch_python_dop_operator_3.py
[2025-07-21T08:39:03.992+0000] {processor.py:830} INFO - Processing file /home/airflow/.local/lib/python3.8/site-packages/airflow/example_dags/example_branch_python_dop_operator_3.py for tasks to queue
[2025-07-21T08:39:03.996+0000] {logging_mixin.py:188} INFO - [2025-07-21T08:39:03.996+0000] {dagbag.py:538} INFO - Filling up the DagBag from /home/airflow/.local/lib/python3.8/site-packages/airflow/example_dags/example_branch_python_dop_operator_3.py
[2025-07-21T08:39:04.056+0000] {processor.py:840} INFO - DAG(s) 'example_branch_dop_operator_v3' retrieved from /home/airflow/.local/lib/python3.8/site-packages/airflow/example_dags/example_branch_python_dop_operator_3.py
[2025-07-21T08:39:04.173+0000] {logging_mixin.py:188} INFO - [2025-07-21T08:39:04.173+0000] {dag.py:3036} INFO - Sync 1 DAGs
[2025-07-21T08:39:04.315+0000] {logging_mixin.py:188} INFO - [2025-07-21T08:39:04.314+0000] {dag.py:3823} INFO - Setting next_dagrun for example_branch_dop_operator_v3 to 2025-07-21 08:38:00+00:00, run_after=2025-07-21 08:39:00+00:00
[2025-07-21T08:39:04.466+0000] {processor.py:183} INFO - Processing /home/airflow/.local/lib/python3.8/site-packages/airflow/example_dags/example_branch_python_dop_operator_3.py took 0.513 seconds
[2025-07-21T08:39:34.808+0000] {processor.py:161} INFO - Started process (PID=2389) to work on /home/airflow/.local/lib/python3.8/site-packages/airflow/example_dags/example_branch_python_dop_operator_3.py
[2025-07-21T08:39:34.812+0000] {processor.py:830} INFO - Processing file /home/airflow/.local/lib/python3.8/site-packages/airflow/example_dags/example_branch_python_dop_operator_3.py for tasks to queue
[2025-07-21T08:39:34.822+0000] {logging_mixin.py:188} INFO - [2025-07-21T08:39:34.821+0000] {dagbag.py:538} INFO - Filling up the DagBag from /home/airflow/.local/lib/python3.8/site-packages/airflow/example_dags/example_branch_python_dop_operator_3.py
[2025-07-21T08:39:34.932+0000] {processor.py:840} INFO - DAG(s) 'example_branch_dop_operator_v3' retrieved from /home/airflow/.local/lib/python3.8/site-packages/airflow/example_dags/example_branch_python_dop_operator_3.py
[2025-07-21T08:39:35.093+0000] {logging_mixin.py:188} INFO - [2025-07-21T08:39:35.092+0000] {dag.py:3036} INFO - Sync 1 DAGs
[2025-07-21T08:39:35.204+0000] {logging_mixin.py:188} INFO - [2025-07-21T08:39:35.203+0000] {dag.py:3823} INFO - Setting next_dagrun for example_branch_dop_operator_v3 to 2025-07-21 08:38:00+00:00, run_after=2025-07-21 08:39:00+00:00
[2025-07-21T08:39:35.272+0000] {processor.py:183} INFO - Processing /home/airflow/.local/lib/python3.8/site-packages/airflow/example_dags/example_branch_python_dop_operator_3.py took 0.479 seconds
[2025-07-21T08:40:06.067+0000] {processor.py:161} INFO - Started process (PID=2444) to work on /home/airflow/.local/lib/python3.8/site-packages/airflow/example_dags/example_branch_python_dop_operator_3.py
[2025-07-21T08:40:06.070+0000] {processor.py:830} INFO - Processing file /home/airflow/.local/lib/python3.8/site-packages/airflow/example_dags/example_branch_python_dop_operator_3.py for tasks to queue
[2025-07-21T08:40:06.079+0000] {logging_mixin.py:188} INFO - [2025-07-21T08:40:06.076+0000] {dagbag.py:538} INFO - Filling up the DagBag from /home/airflow/.local/lib/python3.8/site-packages/airflow/example_dags/example_branch_python_dop_operator_3.py
[2025-07-21T08:40:06.120+0000] {processor.py:840} INFO - DAG(s) 'example_branch_dop_operator_v3' retrieved from /home/airflow/.local/lib/python3.8/site-packages/airflow/example_dags/example_branch_python_dop_operator_3.py
[2025-07-21T08:40:06.182+0000] {logging_mixin.py:188} INFO - [2025-07-21T08:40:06.182+0000] {dag.py:3036} INFO - Sync 1 DAGs
[2025-07-21T08:40:06.257+0000] {logging_mixin.py:188} INFO - [2025-07-21T08:40:06.256+0000] {dag.py:3823} INFO - Setting next_dagrun for example_branch_dop_operator_v3 to 2025-07-21 08:39:00+00:00, run_after=2025-07-21 08:40:00+00:00
[2025-07-21T08:40:06.336+0000] {processor.py:183} INFO - Processing /home/airflow/.local/lib/python3.8/site-packages/airflow/example_dags/example_branch_python_dop_operator_3.py took 0.282 seconds
[2025-07-21T08:40:36.811+0000] {processor.py:161} INFO - Started process (PID=2499) to work on /home/airflow/.local/lib/python3.8/site-packages/airflow/example_dags/example_branch_python_dop_operator_3.py
[2025-07-21T08:40:36.818+0000] {processor.py:830} INFO - Processing file /home/airflow/.local/lib/python3.8/site-packages/airflow/example_dags/example_branch_python_dop_operator_3.py for tasks to queue
[2025-07-21T08:40:36.826+0000] {logging_mixin.py:188} INFO - [2025-07-21T08:40:36.824+0000] {dagbag.py:538} INFO - Filling up the DagBag from /home/airflow/.local/lib/python3.8/site-packages/airflow/example_dags/example_branch_python_dop_operator_3.py
[2025-07-21T08:40:36.864+0000] {processor.py:840} INFO - DAG(s) 'example_branch_dop_operator_v3' retrieved from /home/airflow/.local/lib/python3.8/site-packages/airflow/example_dags/example_branch_python_dop_operator_3.py
[2025-07-21T08:40:37.402+0000] {logging_mixin.py:188} INFO - [2025-07-21T08:40:37.402+0000] {dag.py:3036} INFO - Sync 1 DAGs
[2025-07-21T08:40:37.665+0000] {logging_mixin.py:188} INFO - [2025-07-21T08:40:37.663+0000] {dag.py:3823} INFO - Setting next_dagrun for example_branch_dop_operator_v3 to 2025-07-21 08:39:00+00:00, run_after=2025-07-21 08:40:00+00:00
[2025-07-21T08:40:37.790+0000] {processor.py:183} INFO - Processing /home/airflow/.local/lib/python3.8/site-packages/airflow/example_dags/example_branch_python_dop_operator_3.py took 0.995 seconds
[2025-07-21T08:41:08.363+0000] {processor.py:161} INFO - Started process (PID=2555) to work on /home/airflow/.local/lib/python3.8/site-packages/airflow/example_dags/example_branch_python_dop_operator_3.py
[2025-07-21T08:41:08.365+0000] {processor.py:830} INFO - Processing file /home/airflow/.local/lib/python3.8/site-packages/airflow/example_dags/example_branch_python_dop_operator_3.py for tasks to queue
[2025-07-21T08:41:08.370+0000] {logging_mixin.py:188} INFO - [2025-07-21T08:41:08.369+0000] {dagbag.py:538} INFO - Filling up the DagBag from /home/airflow/.local/lib/python3.8/site-packages/airflow/example_dags/example_branch_python_dop_operator_3.py
[2025-07-21T08:41:08.390+0000] {processor.py:840} INFO - DAG(s) 'example_branch_dop_operator_v3' retrieved from /home/airflow/.local/lib/python3.8/site-packages/airflow/example_dags/example_branch_python_dop_operator_3.py
[2025-07-21T08:41:08.432+0000] {logging_mixin.py:188} INFO - [2025-07-21T08:41:08.431+0000] {dag.py:3036} INFO - Sync 1 DAGs
[2025-07-21T08:41:08.796+0000] {logging_mixin.py:188} INFO - [2025-07-21T08:41:08.796+0000] {dag.py:3823} INFO - Setting next_dagrun for example_branch_dop_operator_v3 to 2025-07-21 08:40:00+00:00, run_after=2025-07-21 08:41:00+00:00
[2025-07-21T08:41:08.823+0000] {processor.py:183} INFO - Processing /home/airflow/.local/lib/python3.8/site-packages/airflow/example_dags/example_branch_python_dop_operator_3.py took 0.471 seconds
[2025-07-21T08:41:39.222+0000] {processor.py:161} INFO - Started process (PID=2610) to work on /home/airflow/.local/lib/python3.8/site-packages/airflow/example_dags/example_branch_python_dop_operator_3.py
[2025-07-21T08:41:39.224+0000] {processor.py:830} INFO - Processing file /home/airflow/.local/lib/python3.8/site-packages/airflow/example_dags/example_branch_python_dop_operator_3.py for tasks to queue
[2025-07-21T08:41:39.244+0000] {logging_mixin.py:188} INFO - [2025-07-21T08:41:39.244+0000] {dagbag.py:538} INFO - Filling up the DagBag from /home/airflow/.local/lib/python3.8/site-packages/airflow/example_dags/example_branch_python_dop_operator_3.py
[2025-07-21T08:41:39.300+0000] {processor.py:840} INFO - DAG(s) 'example_branch_dop_operator_v3' retrieved from /home/airflow/.local/lib/python3.8/site-packages/airflow/example_dags/example_branch_python_dop_operator_3.py
[2025-07-21T08:41:39.398+0000] {logging_mixin.py:188} INFO - [2025-07-21T08:41:39.397+0000] {dag.py:3036} INFO - Sync 1 DAGs
[2025-07-21T08:41:39.522+0000] {logging_mixin.py:188} INFO - [2025-07-21T08:41:39.521+0000] {dag.py:3823} INFO - Setting next_dagrun for example_branch_dop_operator_v3 to 2025-07-21 08:40:00+00:00, run_after=2025-07-21 08:41:00+00:00
[2025-07-21T08:41:39.649+0000] {processor.py:183} INFO - Processing /home/airflow/.local/lib/python3.8/site-packages/airflow/example_dags/example_branch_python_dop_operator_3.py took 0.451 seconds
[2025-07-21T08:42:10.217+0000] {processor.py:161} INFO - Started process (PID=2664) to work on /home/airflow/.local/lib/python3.8/site-packages/airflow/example_dags/example_branch_python_dop_operator_3.py
[2025-07-21T08:42:10.224+0000] {processor.py:830} INFO - Processing file /home/airflow/.local/lib/python3.8/site-packages/airflow/example_dags/example_branch_python_dop_operator_3.py for tasks to queue
[2025-07-21T08:42:10.241+0000] {logging_mixin.py:188} INFO - [2025-07-21T08:42:10.237+0000] {dagbag.py:538} INFO - Filling up the DagBag from /home/airflow/.local/lib/python3.8/site-packages/airflow/example_dags/example_branch_python_dop_operator_3.py
[2025-07-21T08:42:10.331+0000] {processor.py:840} INFO - DAG(s) 'example_branch_dop_operator_v3' retrieved from /home/airflow/.local/lib/python3.8/site-packages/airflow/example_dags/example_branch_python_dop_operator_3.py
[2025-07-21T08:42:10.749+0000] {logging_mixin.py:188} INFO - [2025-07-21T08:42:10.715+0000] {dag.py:3036} INFO - Sync 1 DAGs
[2025-07-21T08:42:11.394+0000] {logging_mixin.py:188} INFO - [2025-07-21T08:42:11.394+0000] {dag.py:3823} INFO - Setting next_dagrun for example_branch_dop_operator_v3 to 2025-07-21 08:41:00+00:00, run_after=2025-07-21 08:42:00+00:00
[2025-07-21T08:42:11.492+0000] {processor.py:183} INFO - Processing /home/airflow/.local/lib/python3.8/site-packages/airflow/example_dags/example_branch_python_dop_operator_3.py took 1.285 seconds
[2025-07-21T08:42:41.817+0000] {processor.py:161} INFO - Started process (PID=2719) to work on /home/airflow/.local/lib/python3.8/site-packages/airflow/example_dags/example_branch_python_dop_operator_3.py
[2025-07-21T08:42:41.824+0000] {processor.py:830} INFO - Processing file /home/airflow/.local/lib/python3.8/site-packages/airflow/example_dags/example_branch_python_dop_operator_3.py for tasks to queue
[2025-07-21T08:42:41.835+0000] {logging_mixin.py:188} INFO - [2025-07-21T08:42:41.834+0000] {dagbag.py:538} INFO - Filling up the DagBag from /home/airflow/.local/lib/python3.8/site-packages/airflow/example_dags/example_branch_python_dop_operator_3.py
[2025-07-21T08:42:41.887+0000] {processor.py:840} INFO - DAG(s) 'example_branch_dop_operator_v3' retrieved from /home/airflow/.local/lib/python3.8/site-packages/airflow/example_dags/example_branch_python_dop_operator_3.py
[2025-07-21T08:42:41.948+0000] {logging_mixin.py:188} INFO - [2025-07-21T08:42:41.947+0000] {dag.py:3036} INFO - Sync 1 DAGs
[2025-07-21T08:42:42.029+0000] {logging_mixin.py:188} INFO - [2025-07-21T08:42:42.028+0000] {dag.py:3823} INFO - Setting next_dagrun for example_branch_dop_operator_v3 to 2025-07-21 08:41:00+00:00, run_after=2025-07-21 08:42:00+00:00
[2025-07-21T08:42:42.104+0000] {processor.py:183} INFO - Processing /home/airflow/.local/lib/python3.8/site-packages/airflow/example_dags/example_branch_python_dop_operator_3.py took 0.305 seconds
[2025-07-21T08:43:12.296+0000] {processor.py:161} INFO - Started process (PID=2774) to work on /home/airflow/.local/lib/python3.8/site-packages/airflow/example_dags/example_branch_python_dop_operator_3.py
[2025-07-21T08:43:12.302+0000] {processor.py:830} INFO - Processing file /home/airflow/.local/lib/python3.8/site-packages/airflow/example_dags/example_branch_python_dop_operator_3.py for tasks to queue
[2025-07-21T08:43:12.316+0000] {logging_mixin.py:188} INFO - [2025-07-21T08:43:12.315+0000] {dagbag.py:538} INFO - Filling up the DagBag from /home/airflow/.local/lib/python3.8/site-packages/airflow/example_dags/example_branch_python_dop_operator_3.py
[2025-07-21T08:43:12.354+0000] {processor.py:840} INFO - DAG(s) 'example_branch_dop_operator_v3' retrieved from /home/airflow/.local/lib/python3.8/site-packages/airflow/example_dags/example_branch_python_dop_operator_3.py
[2025-07-21T08:43:12.411+0000] {logging_mixin.py:188} INFO - [2025-07-21T08:43:12.410+0000] {dag.py:3036} INFO - Sync 1 DAGs
[2025-07-21T08:43:12.482+0000] {logging_mixin.py:188} INFO - [2025-07-21T08:43:12.481+0000] {dag.py:3823} INFO - Setting next_dagrun for example_branch_dop_operator_v3 to 2025-07-21 08:42:00+00:00, run_after=2025-07-21 08:43:00+00:00
[2025-07-21T08:43:12.528+0000] {processor.py:183} INFO - Processing /home/airflow/.local/lib/python3.8/site-packages/airflow/example_dags/example_branch_python_dop_operator_3.py took 0.246 seconds
[2025-07-21T08:43:42.919+0000] {processor.py:161} INFO - Started process (PID=2829) to work on /home/airflow/.local/lib/python3.8/site-packages/airflow/example_dags/example_branch_python_dop_operator_3.py
[2025-07-21T08:43:42.933+0000] {processor.py:830} INFO - Processing file /home/airflow/.local/lib/python3.8/site-packages/airflow/example_dags/example_branch_python_dop_operator_3.py for tasks to queue
[2025-07-21T08:43:42.946+0000] {logging_mixin.py:188} INFO - [2025-07-21T08:43:42.946+0000] {dagbag.py:538} INFO - Filling up the DagBag from /home/airflow/.local/lib/python3.8/site-packages/airflow/example_dags/example_branch_python_dop_operator_3.py
[2025-07-21T08:43:42.971+0000] {processor.py:840} INFO - DAG(s) 'example_branch_dop_operator_v3' retrieved from /home/airflow/.local/lib/python3.8/site-packages/airflow/example_dags/example_branch_python_dop_operator_3.py
[2025-07-21T08:43:43.022+0000] {logging_mixin.py:188} INFO - [2025-07-21T08:43:43.022+0000] {dag.py:3036} INFO - Sync 1 DAGs
[2025-07-21T08:43:43.127+0000] {logging_mixin.py:188} INFO - [2025-07-21T08:43:43.127+0000] {dag.py:3823} INFO - Setting next_dagrun for example_branch_dop_operator_v3 to 2025-07-21 08:42:00+00:00, run_after=2025-07-21 08:43:00+00:00
[2025-07-21T08:43:43.261+0000] {processor.py:183} INFO - Processing /home/airflow/.local/lib/python3.8/site-packages/airflow/example_dags/example_branch_python_dop_operator_3.py took 0.352 seconds
