[2025-07-21T08:14:46.095+0000] {processor.py:161} INFO - Started process (PID=91) to work on /home/airflow/.local/lib/python3.8/site-packages/airflow/example_dags/example_python_decorator.py
[2025-07-21T08:14:46.123+0000] {processor.py:830} INFO - Processing file /home/airflow/.local/lib/python3.8/site-packages/airflow/example_dags/example_python_decorator.py for tasks to queue
[2025-07-21T08:14:46.135+0000] {logging_mixin.py:188} INFO - [2025-07-21T08:14:46.130+0000] {dagbag.py:538} INFO - Filling up the DagBag from /home/airflow/.local/lib/python3.8/site-packages/airflow/example_dags/example_python_decorator.py
[2025-07-21T08:14:46.238+0000] {processor.py:840} INFO - DAG(s) 'example_python_decorator' retrieved from /home/airflow/.local/lib/python3.8/site-packages/airflow/example_dags/example_python_decorator.py
[2025-07-21T08:14:46.963+0000] {logging_mixin.py:188} INFO - [2025-07-21T08:14:46.963+0000] {dag.py:3036} INFO - Sync 1 DAGs
[2025-07-21T08:14:47.004+0000] {logging_mixin.py:188} INFO - [2025-07-21T08:14:47.003+0000] {dag.py:3823} INFO - Setting next_dagrun for example_python_decorator to None, run_after=None
[2025-07-21T08:14:47.086+0000] {processor.py:183} INFO - Processing /home/airflow/.local/lib/python3.8/site-packages/airflow/example_dags/example_python_decorator.py took 1.038 seconds
[2025-07-21T08:15:21.930+0000] {processor.py:161} INFO - Started process (PID=147) to work on /home/airflow/.local/lib/python3.8/site-packages/airflow/example_dags/example_python_decorator.py
[2025-07-21T08:15:22.044+0000] {processor.py:830} INFO - Processing file /home/airflow/.local/lib/python3.8/site-packages/airflow/example_dags/example_python_decorator.py for tasks to queue
[2025-07-21T08:15:22.053+0000] {logging_mixin.py:188} INFO - [2025-07-21T08:15:22.053+0000] {dagbag.py:538} INFO - Filling up the DagBag from /home/airflow/.local/lib/python3.8/site-packages/airflow/example_dags/example_python_decorator.py
[2025-07-21T08:15:22.117+0000] {processor.py:840} INFO - DAG(s) 'example_python_decorator' retrieved from /home/airflow/.local/lib/python3.8/site-packages/airflow/example_dags/example_python_decorator.py
[2025-07-21T08:15:22.196+0000] {logging_mixin.py:188} INFO - [2025-07-21T08:15:22.195+0000] {dag.py:3036} INFO - Sync 1 DAGs
[2025-07-21T08:15:22.249+0000] {logging_mixin.py:188} INFO - [2025-07-21T08:15:22.249+0000] {dag.py:3823} INFO - Setting next_dagrun for example_python_decorator to None, run_after=None
[2025-07-21T08:15:22.321+0000] {processor.py:183} INFO - Processing /home/airflow/.local/lib/python3.8/site-packages/airflow/example_dags/example_python_decorator.py took 0.480 seconds
[2025-07-21T08:16:03.396+0000] {processor.py:161} INFO - Started process (PID=202) to work on /home/airflow/.local/lib/python3.8/site-packages/airflow/example_dags/example_python_decorator.py
[2025-07-21T08:16:03.416+0000] {processor.py:830} INFO - Processing file /home/airflow/.local/lib/python3.8/site-packages/airflow/example_dags/example_python_decorator.py for tasks to queue
[2025-07-21T08:16:03.423+0000] {logging_mixin.py:188} INFO - [2025-07-21T08:16:03.421+0000] {dagbag.py:538} INFO - Filling up the DagBag from /home/airflow/.local/lib/python3.8/site-packages/airflow/example_dags/example_python_decorator.py
[2025-07-21T08:16:03.559+0000] {processor.py:840} INFO - DAG(s) 'example_python_decorator' retrieved from /home/airflow/.local/lib/python3.8/site-packages/airflow/example_dags/example_python_decorator.py
[2025-07-21T08:16:03.778+0000] {logging_mixin.py:188} INFO - [2025-07-21T08:16:03.777+0000] {dag.py:3036} INFO - Sync 1 DAGs
[2025-07-21T08:16:04.026+0000] {logging_mixin.py:188} INFO - [2025-07-21T08:16:04.025+0000] {dag.py:3823} INFO - Setting next_dagrun for example_python_decorator to None, run_after=None
[2025-07-21T08:16:04.570+0000] {processor.py:183} INFO - Processing /home/airflow/.local/lib/python3.8/site-packages/airflow/example_dags/example_python_decorator.py took 1.181 seconds
[2025-07-21T08:16:40.988+0000] {processor.py:161} INFO - Started process (PID=258) to work on /home/airflow/.local/lib/python3.8/site-packages/airflow/example_dags/example_python_decorator.py
[2025-07-21T08:16:41.002+0000] {processor.py:830} INFO - Processing file /home/airflow/.local/lib/python3.8/site-packages/airflow/example_dags/example_python_decorator.py for tasks to queue
[2025-07-21T08:16:41.016+0000] {logging_mixin.py:188} INFO - [2025-07-21T08:16:41.015+0000] {dagbag.py:538} INFO - Filling up the DagBag from /home/airflow/.local/lib/python3.8/site-packages/airflow/example_dags/example_python_decorator.py
[2025-07-21T08:16:41.115+0000] {processor.py:840} INFO - DAG(s) 'example_python_decorator' retrieved from /home/airflow/.local/lib/python3.8/site-packages/airflow/example_dags/example_python_decorator.py
[2025-07-21T08:16:41.380+0000] {logging_mixin.py:188} INFO - [2025-07-21T08:16:41.380+0000] {dag.py:3036} INFO - Sync 1 DAGs
[2025-07-21T08:16:41.680+0000] {logging_mixin.py:188} INFO - [2025-07-21T08:16:41.680+0000] {dag.py:3823} INFO - Setting next_dagrun for example_python_decorator to None, run_after=None
[2025-07-21T08:16:42.351+0000] {processor.py:183} INFO - Processing /home/airflow/.local/lib/python3.8/site-packages/airflow/example_dags/example_python_decorator.py took 1.377 seconds
[2025-07-21T08:17:51.279+0000] {processor.py:161} INFO - Started process (PID=327) to work on /home/airflow/.local/lib/python3.8/site-packages/airflow/example_dags/example_python_decorator.py
[2025-07-21T08:17:51.287+0000] {processor.py:830} INFO - Processing file /home/airflow/.local/lib/python3.8/site-packages/airflow/example_dags/example_python_decorator.py for tasks to queue
[2025-07-21T08:17:51.357+0000] {logging_mixin.py:188} INFO - [2025-07-21T08:17:51.356+0000] {dagbag.py:538} INFO - Filling up the DagBag from /home/airflow/.local/lib/python3.8/site-packages/airflow/example_dags/example_python_decorator.py
[2025-07-21T08:17:51.618+0000] {processor.py:840} INFO - DAG(s) 'example_python_decorator' retrieved from /home/airflow/.local/lib/python3.8/site-packages/airflow/example_dags/example_python_decorator.py
[2025-07-21T08:17:51.815+0000] {logging_mixin.py:188} INFO - [2025-07-21T08:17:51.815+0000] {dag.py:3036} INFO - Sync 1 DAGs
[2025-07-21T08:17:51.867+0000] {logging_mixin.py:188} INFO - [2025-07-21T08:17:51.867+0000] {dag.py:3823} INFO - Setting next_dagrun for example_python_decorator to None, run_after=None
[2025-07-21T08:17:52.111+0000] {processor.py:183} INFO - Processing /home/airflow/.local/lib/python3.8/site-packages/airflow/example_dags/example_python_decorator.py took 0.892 seconds
[2025-07-21T08:19:19.654+0000] {processor.py:161} INFO - Started process (PID=392) to work on /home/airflow/.local/lib/python3.8/site-packages/airflow/example_dags/example_python_decorator.py
[2025-07-21T08:19:19.706+0000] {processor.py:830} INFO - Processing file /home/airflow/.local/lib/python3.8/site-packages/airflow/example_dags/example_python_decorator.py for tasks to queue
[2025-07-21T08:19:19.985+0000] {logging_mixin.py:188} INFO - [2025-07-21T08:19:19.985+0000] {dagbag.py:538} INFO - Filling up the DagBag from /home/airflow/.local/lib/python3.8/site-packages/airflow/example_dags/example_python_decorator.py
[2025-07-21T08:19:20.406+0000] {processor.py:840} INFO - DAG(s) 'example_python_decorator' retrieved from /home/airflow/.local/lib/python3.8/site-packages/airflow/example_dags/example_python_decorator.py
[2025-07-21T08:19:22.096+0000] {logging_mixin.py:188} INFO - [2025-07-21T08:19:22.096+0000] {dag.py:3036} INFO - Sync 1 DAGs
[2025-07-21T08:19:22.239+0000] {logging_mixin.py:188} INFO - [2025-07-21T08:19:22.239+0000] {dag.py:3823} INFO - Setting next_dagrun for example_python_decorator to None, run_after=None
[2025-07-21T08:19:22.820+0000] {processor.py:183} INFO - Processing /home/airflow/.local/lib/python3.8/site-packages/airflow/example_dags/example_python_decorator.py took 3.184 seconds
[2025-07-21T08:20:11.913+0000] {processor.py:161} INFO - Started process (PID=453) to work on /home/airflow/.local/lib/python3.8/site-packages/airflow/example_dags/example_python_decorator.py
[2025-07-21T08:20:11.936+0000] {processor.py:830} INFO - Processing file /home/airflow/.local/lib/python3.8/site-packages/airflow/example_dags/example_python_decorator.py for tasks to queue
[2025-07-21T08:20:11.945+0000] {logging_mixin.py:188} INFO - [2025-07-21T08:20:11.944+0000] {dagbag.py:538} INFO - Filling up the DagBag from /home/airflow/.local/lib/python3.8/site-packages/airflow/example_dags/example_python_decorator.py
[2025-07-21T08:20:12.093+0000] {processor.py:840} INFO - DAG(s) 'example_python_decorator' retrieved from /home/airflow/.local/lib/python3.8/site-packages/airflow/example_dags/example_python_decorator.py
[2025-07-21T08:20:12.284+0000] {logging_mixin.py:188} INFO - [2025-07-21T08:20:12.283+0000] {dag.py:3036} INFO - Sync 1 DAGs
[2025-07-21T08:20:12.346+0000] {logging_mixin.py:188} INFO - [2025-07-21T08:20:12.345+0000] {dag.py:3823} INFO - Setting next_dagrun for example_python_decorator to None, run_after=None
[2025-07-21T08:20:12.626+0000] {processor.py:183} INFO - Processing /home/airflow/.local/lib/python3.8/site-packages/airflow/example_dags/example_python_decorator.py took 0.734 seconds
[2025-07-21T08:21:01.170+0000] {processor.py:161} INFO - Started process (PID=507) to work on /home/airflow/.local/lib/python3.8/site-packages/airflow/example_dags/example_python_decorator.py
[2025-07-21T08:21:01.185+0000] {processor.py:830} INFO - Processing file /home/airflow/.local/lib/python3.8/site-packages/airflow/example_dags/example_python_decorator.py for tasks to queue
[2025-07-21T08:21:01.221+0000] {logging_mixin.py:188} INFO - [2025-07-21T08:21:01.220+0000] {dagbag.py:538} INFO - Filling up the DagBag from /home/airflow/.local/lib/python3.8/site-packages/airflow/example_dags/example_python_decorator.py
[2025-07-21T08:21:01.360+0000] {processor.py:840} INFO - DAG(s) 'example_python_decorator' retrieved from /home/airflow/.local/lib/python3.8/site-packages/airflow/example_dags/example_python_decorator.py
[2025-07-21T08:21:01.524+0000] {logging_mixin.py:188} INFO - [2025-07-21T08:21:01.523+0000] {dag.py:3036} INFO - Sync 1 DAGs
[2025-07-21T08:21:01.633+0000] {logging_mixin.py:188} INFO - [2025-07-21T08:21:01.633+0000] {dag.py:3823} INFO - Setting next_dagrun for example_python_decorator to None, run_after=None
[2025-07-21T08:21:01.896+0000] {processor.py:183} INFO - Processing /home/airflow/.local/lib/python3.8/site-packages/airflow/example_dags/example_python_decorator.py took 0.738 seconds
[2025-07-21T08:21:38.905+0000] {processor.py:161} INFO - Started process (PID=562) to work on /home/airflow/.local/lib/python3.8/site-packages/airflow/example_dags/example_python_decorator.py
[2025-07-21T08:21:38.908+0000] {processor.py:830} INFO - Processing file /home/airflow/.local/lib/python3.8/site-packages/airflow/example_dags/example_python_decorator.py for tasks to queue
[2025-07-21T08:21:38.913+0000] {logging_mixin.py:188} INFO - [2025-07-21T08:21:38.912+0000] {dagbag.py:538} INFO - Filling up the DagBag from /home/airflow/.local/lib/python3.8/site-packages/airflow/example_dags/example_python_decorator.py
[2025-07-21T08:21:38.945+0000] {processor.py:840} INFO - DAG(s) 'example_python_decorator' retrieved from /home/airflow/.local/lib/python3.8/site-packages/airflow/example_dags/example_python_decorator.py
[2025-07-21T08:21:39.009+0000] {logging_mixin.py:188} INFO - [2025-07-21T08:21:39.006+0000] {dag.py:3036} INFO - Sync 1 DAGs
[2025-07-21T08:21:39.034+0000] {logging_mixin.py:188} INFO - [2025-07-21T08:21:39.033+0000] {dag.py:3823} INFO - Setting next_dagrun for example_python_decorator to None, run_after=None
[2025-07-21T08:21:39.079+0000] {processor.py:183} INFO - Processing /home/airflow/.local/lib/python3.8/site-packages/airflow/example_dags/example_python_decorator.py took 0.185 seconds
[2025-07-21T08:22:23.084+0000] {processor.py:161} INFO - Started process (PID=619) to work on /home/airflow/.local/lib/python3.8/site-packages/airflow/example_dags/example_python_decorator.py
[2025-07-21T08:22:23.086+0000] {processor.py:830} INFO - Processing file /home/airflow/.local/lib/python3.8/site-packages/airflow/example_dags/example_python_decorator.py for tasks to queue
[2025-07-21T08:22:23.157+0000] {logging_mixin.py:188} INFO - [2025-07-21T08:22:23.156+0000] {dagbag.py:538} INFO - Filling up the DagBag from /home/airflow/.local/lib/python3.8/site-packages/airflow/example_dags/example_python_decorator.py
[2025-07-21T08:22:23.414+0000] {processor.py:840} INFO - DAG(s) 'example_python_decorator' retrieved from /home/airflow/.local/lib/python3.8/site-packages/airflow/example_dags/example_python_decorator.py
[2025-07-21T08:22:23.701+0000] {logging_mixin.py:188} INFO - [2025-07-21T08:22:23.700+0000] {dag.py:3036} INFO - Sync 1 DAGs
[2025-07-21T08:22:23.801+0000] {logging_mixin.py:188} INFO - [2025-07-21T08:22:23.800+0000] {dag.py:3823} INFO - Setting next_dagrun for example_python_decorator to None, run_after=None
[2025-07-21T08:22:23.863+0000] {processor.py:183} INFO - Processing /home/airflow/.local/lib/python3.8/site-packages/airflow/example_dags/example_python_decorator.py took 0.907 seconds
[2025-07-21T08:23:03.432+0000] {processor.py:161} INFO - Started process (PID=674) to work on /home/airflow/.local/lib/python3.8/site-packages/airflow/example_dags/example_python_decorator.py
[2025-07-21T08:23:03.435+0000] {processor.py:830} INFO - Processing file /home/airflow/.local/lib/python3.8/site-packages/airflow/example_dags/example_python_decorator.py for tasks to queue
[2025-07-21T08:23:03.462+0000] {logging_mixin.py:188} INFO - [2025-07-21T08:23:03.461+0000] {dagbag.py:538} INFO - Filling up the DagBag from /home/airflow/.local/lib/python3.8/site-packages/airflow/example_dags/example_python_decorator.py
[2025-07-21T08:23:03.509+0000] {processor.py:840} INFO - DAG(s) 'example_python_decorator' retrieved from /home/airflow/.local/lib/python3.8/site-packages/airflow/example_dags/example_python_decorator.py
[2025-07-21T08:23:03.832+0000] {logging_mixin.py:188} INFO - [2025-07-21T08:23:03.832+0000] {dag.py:3036} INFO - Sync 1 DAGs
[2025-07-21T08:23:04.004+0000] {logging_mixin.py:188} INFO - [2025-07-21T08:23:04.003+0000] {dag.py:3823} INFO - Setting next_dagrun for example_python_decorator to None, run_after=None
[2025-07-21T08:23:04.205+0000] {processor.py:183} INFO - Processing /home/airflow/.local/lib/python3.8/site-packages/airflow/example_dags/example_python_decorator.py took 0.803 seconds
[2025-07-21T08:23:34.374+0000] {processor.py:161} INFO - Started process (PID=730) to work on /home/airflow/.local/lib/python3.8/site-packages/airflow/example_dags/example_python_decorator.py
[2025-07-21T08:23:34.385+0000] {processor.py:830} INFO - Processing file /home/airflow/.local/lib/python3.8/site-packages/airflow/example_dags/example_python_decorator.py for tasks to queue
[2025-07-21T08:23:34.388+0000] {logging_mixin.py:188} INFO - [2025-07-21T08:23:34.388+0000] {dagbag.py:538} INFO - Filling up the DagBag from /home/airflow/.local/lib/python3.8/site-packages/airflow/example_dags/example_python_decorator.py
[2025-07-21T08:23:34.575+0000] {processor.py:840} INFO - DAG(s) 'example_python_decorator' retrieved from /home/airflow/.local/lib/python3.8/site-packages/airflow/example_dags/example_python_decorator.py
[2025-07-21T08:23:34.663+0000] {logging_mixin.py:188} INFO - [2025-07-21T08:23:34.662+0000] {dag.py:3036} INFO - Sync 1 DAGs
[2025-07-21T08:23:34.712+0000] {logging_mixin.py:188} INFO - [2025-07-21T08:23:34.712+0000] {dag.py:3823} INFO - Setting next_dagrun for example_python_decorator to None, run_after=None
[2025-07-21T08:23:34.815+0000] {processor.py:183} INFO - Processing /home/airflow/.local/lib/python3.8/site-packages/airflow/example_dags/example_python_decorator.py took 0.467 seconds
[2025-07-21T08:24:06.114+0000] {processor.py:161} INFO - Started process (PID=784) to work on /home/airflow/.local/lib/python3.8/site-packages/airflow/example_dags/example_python_decorator.py
[2025-07-21T08:24:06.123+0000] {processor.py:830} INFO - Processing file /home/airflow/.local/lib/python3.8/site-packages/airflow/example_dags/example_python_decorator.py for tasks to queue
[2025-07-21T08:24:06.139+0000] {logging_mixin.py:188} INFO - [2025-07-21T08:24:06.138+0000] {dagbag.py:538} INFO - Filling up the DagBag from /home/airflow/.local/lib/python3.8/site-packages/airflow/example_dags/example_python_decorator.py
[2025-07-21T08:24:06.199+0000] {processor.py:840} INFO - DAG(s) 'example_python_decorator' retrieved from /home/airflow/.local/lib/python3.8/site-packages/airflow/example_dags/example_python_decorator.py
[2025-07-21T08:24:06.249+0000] {logging_mixin.py:188} INFO - [2025-07-21T08:24:06.248+0000] {dag.py:3036} INFO - Sync 1 DAGs
[2025-07-21T08:24:06.274+0000] {logging_mixin.py:188} INFO - [2025-07-21T08:24:06.274+0000] {dag.py:3823} INFO - Setting next_dagrun for example_python_decorator to None, run_after=None
[2025-07-21T08:24:06.326+0000] {processor.py:183} INFO - Processing /home/airflow/.local/lib/python3.8/site-packages/airflow/example_dags/example_python_decorator.py took 0.221 seconds
[2025-07-21T08:24:40.315+0000] {processor.py:161} INFO - Started process (PID=839) to work on /home/airflow/.local/lib/python3.8/site-packages/airflow/example_dags/example_python_decorator.py
[2025-07-21T08:24:40.318+0000] {processor.py:830} INFO - Processing file /home/airflow/.local/lib/python3.8/site-packages/airflow/example_dags/example_python_decorator.py for tasks to queue
[2025-07-21T08:24:40.321+0000] {logging_mixin.py:188} INFO - [2025-07-21T08:24:40.321+0000] {dagbag.py:538} INFO - Filling up the DagBag from /home/airflow/.local/lib/python3.8/site-packages/airflow/example_dags/example_python_decorator.py
[2025-07-21T08:24:40.346+0000] {processor.py:840} INFO - DAG(s) 'example_python_decorator' retrieved from /home/airflow/.local/lib/python3.8/site-packages/airflow/example_dags/example_python_decorator.py
[2025-07-21T08:24:40.413+0000] {logging_mixin.py:188} INFO - [2025-07-21T08:24:40.412+0000] {dag.py:3036} INFO - Sync 1 DAGs
[2025-07-21T08:24:40.436+0000] {logging_mixin.py:188} INFO - [2025-07-21T08:24:40.436+0000] {dag.py:3823} INFO - Setting next_dagrun for example_python_decorator to None, run_after=None
[2025-07-21T08:24:40.522+0000] {processor.py:183} INFO - Processing /home/airflow/.local/lib/python3.8/site-packages/airflow/example_dags/example_python_decorator.py took 0.213 seconds
[2025-07-21T08:25:13.509+0000] {processor.py:161} INFO - Started process (PID=894) to work on /home/airflow/.local/lib/python3.8/site-packages/airflow/example_dags/example_python_decorator.py
[2025-07-21T08:25:13.512+0000] {processor.py:830} INFO - Processing file /home/airflow/.local/lib/python3.8/site-packages/airflow/example_dags/example_python_decorator.py for tasks to queue
[2025-07-21T08:25:13.516+0000] {logging_mixin.py:188} INFO - [2025-07-21T08:25:13.515+0000] {dagbag.py:538} INFO - Filling up the DagBag from /home/airflow/.local/lib/python3.8/site-packages/airflow/example_dags/example_python_decorator.py
[2025-07-21T08:25:13.586+0000] {processor.py:840} INFO - DAG(s) 'example_python_decorator' retrieved from /home/airflow/.local/lib/python3.8/site-packages/airflow/example_dags/example_python_decorator.py
[2025-07-21T08:25:13.715+0000] {logging_mixin.py:188} INFO - [2025-07-21T08:25:13.714+0000] {dag.py:3036} INFO - Sync 1 DAGs
[2025-07-21T08:25:13.777+0000] {logging_mixin.py:188} INFO - [2025-07-21T08:25:13.776+0000] {dag.py:3823} INFO - Setting next_dagrun for example_python_decorator to None, run_after=None
[2025-07-21T08:25:13.809+0000] {processor.py:183} INFO - Processing /home/airflow/.local/lib/python3.8/site-packages/airflow/example_dags/example_python_decorator.py took 0.311 seconds
[2025-07-21T08:25:45.085+0000] {processor.py:161} INFO - Started process (PID=950) to work on /home/airflow/.local/lib/python3.8/site-packages/airflow/example_dags/example_python_decorator.py
[2025-07-21T08:25:45.087+0000] {processor.py:830} INFO - Processing file /home/airflow/.local/lib/python3.8/site-packages/airflow/example_dags/example_python_decorator.py for tasks to queue
[2025-07-21T08:25:45.091+0000] {logging_mixin.py:188} INFO - [2025-07-21T08:25:45.090+0000] {dagbag.py:538} INFO - Filling up the DagBag from /home/airflow/.local/lib/python3.8/site-packages/airflow/example_dags/example_python_decorator.py
[2025-07-21T08:25:45.136+0000] {processor.py:840} INFO - DAG(s) 'example_python_decorator' retrieved from /home/airflow/.local/lib/python3.8/site-packages/airflow/example_dags/example_python_decorator.py
[2025-07-21T08:25:45.224+0000] {logging_mixin.py:188} INFO - [2025-07-21T08:25:45.223+0000] {dag.py:3036} INFO - Sync 1 DAGs
[2025-07-21T08:25:45.299+0000] {logging_mixin.py:188} INFO - [2025-07-21T08:25:45.299+0000] {dag.py:3823} INFO - Setting next_dagrun for example_python_decorator to None, run_after=None
[2025-07-21T08:25:45.720+0000] {processor.py:183} INFO - Processing /home/airflow/.local/lib/python3.8/site-packages/airflow/example_dags/example_python_decorator.py took 0.650 seconds
[2025-07-21T08:26:18.204+0000] {processor.py:161} INFO - Started process (PID=1003) to work on /home/airflow/.local/lib/python3.8/site-packages/airflow/example_dags/example_python_decorator.py
[2025-07-21T08:26:18.210+0000] {processor.py:830} INFO - Processing file /home/airflow/.local/lib/python3.8/site-packages/airflow/example_dags/example_python_decorator.py for tasks to queue
[2025-07-21T08:26:18.218+0000] {logging_mixin.py:188} INFO - [2025-07-21T08:26:18.218+0000] {dagbag.py:538} INFO - Filling up the DagBag from /home/airflow/.local/lib/python3.8/site-packages/airflow/example_dags/example_python_decorator.py
[2025-07-21T08:26:18.294+0000] {processor.py:840} INFO - DAG(s) 'example_python_decorator' retrieved from /home/airflow/.local/lib/python3.8/site-packages/airflow/example_dags/example_python_decorator.py
[2025-07-21T08:26:18.415+0000] {logging_mixin.py:188} INFO - [2025-07-21T08:26:18.415+0000] {dag.py:3036} INFO - Sync 1 DAGs
[2025-07-21T08:26:18.549+0000] {logging_mixin.py:188} INFO - [2025-07-21T08:26:18.549+0000] {dag.py:3823} INFO - Setting next_dagrun for example_python_decorator to None, run_after=None
[2025-07-21T08:26:18.660+0000] {processor.py:183} INFO - Processing /home/airflow/.local/lib/python3.8/site-packages/airflow/example_dags/example_python_decorator.py took 0.463 seconds
[2025-07-21T08:26:52.506+0000] {processor.py:161} INFO - Started process (PID=1056) to work on /home/airflow/.local/lib/python3.8/site-packages/airflow/example_dags/example_python_decorator.py
[2025-07-21T08:26:52.508+0000] {processor.py:830} INFO - Processing file /home/airflow/.local/lib/python3.8/site-packages/airflow/example_dags/example_python_decorator.py for tasks to queue
[2025-07-21T08:26:52.511+0000] {logging_mixin.py:188} INFO - [2025-07-21T08:26:52.511+0000] {dagbag.py:538} INFO - Filling up the DagBag from /home/airflow/.local/lib/python3.8/site-packages/airflow/example_dags/example_python_decorator.py
[2025-07-21T08:26:52.568+0000] {processor.py:840} INFO - DAG(s) 'example_python_decorator' retrieved from /home/airflow/.local/lib/python3.8/site-packages/airflow/example_dags/example_python_decorator.py
[2025-07-21T08:26:52.630+0000] {logging_mixin.py:188} INFO - [2025-07-21T08:26:52.630+0000] {dag.py:3036} INFO - Sync 1 DAGs
[2025-07-21T08:26:52.680+0000] {logging_mixin.py:188} INFO - [2025-07-21T08:26:52.678+0000] {dag.py:3823} INFO - Setting next_dagrun for example_python_decorator to None, run_after=None
[2025-07-21T08:26:52.814+0000] {processor.py:183} INFO - Processing /home/airflow/.local/lib/python3.8/site-packages/airflow/example_dags/example_python_decorator.py took 0.315 seconds
[2025-07-21T08:27:23.768+0000] {processor.py:161} INFO - Started process (PID=1110) to work on /home/airflow/.local/lib/python3.8/site-packages/airflow/example_dags/example_python_decorator.py
[2025-07-21T08:27:23.772+0000] {processor.py:830} INFO - Processing file /home/airflow/.local/lib/python3.8/site-packages/airflow/example_dags/example_python_decorator.py for tasks to queue
[2025-07-21T08:27:23.787+0000] {logging_mixin.py:188} INFO - [2025-07-21T08:27:23.787+0000] {dagbag.py:538} INFO - Filling up the DagBag from /home/airflow/.local/lib/python3.8/site-packages/airflow/example_dags/example_python_decorator.py
[2025-07-21T08:27:23.849+0000] {processor.py:840} INFO - DAG(s) 'example_python_decorator' retrieved from /home/airflow/.local/lib/python3.8/site-packages/airflow/example_dags/example_python_decorator.py
[2025-07-21T08:27:23.964+0000] {logging_mixin.py:188} INFO - [2025-07-21T08:27:23.963+0000] {dag.py:3036} INFO - Sync 1 DAGs
[2025-07-21T08:27:24.003+0000] {logging_mixin.py:188} INFO - [2025-07-21T08:27:24.002+0000] {dag.py:3823} INFO - Setting next_dagrun for example_python_decorator to None, run_after=None
[2025-07-21T08:27:24.047+0000] {processor.py:183} INFO - Processing /home/airflow/.local/lib/python3.8/site-packages/airflow/example_dags/example_python_decorator.py took 0.298 seconds
[2025-07-21T08:27:54.535+0000] {processor.py:161} INFO - Started process (PID=1165) to work on /home/airflow/.local/lib/python3.8/site-packages/airflow/example_dags/example_python_decorator.py
[2025-07-21T08:27:54.538+0000] {processor.py:830} INFO - Processing file /home/airflow/.local/lib/python3.8/site-packages/airflow/example_dags/example_python_decorator.py for tasks to queue
[2025-07-21T08:27:54.543+0000] {logging_mixin.py:188} INFO - [2025-07-21T08:27:54.543+0000] {dagbag.py:538} INFO - Filling up the DagBag from /home/airflow/.local/lib/python3.8/site-packages/airflow/example_dags/example_python_decorator.py
[2025-07-21T08:27:54.586+0000] {processor.py:840} INFO - DAG(s) 'example_python_decorator' retrieved from /home/airflow/.local/lib/python3.8/site-packages/airflow/example_dags/example_python_decorator.py
[2025-07-21T08:27:54.658+0000] {logging_mixin.py:188} INFO - [2025-07-21T08:27:54.647+0000] {dag.py:3036} INFO - Sync 1 DAGs
[2025-07-21T08:27:54.732+0000] {logging_mixin.py:188} INFO - [2025-07-21T08:27:54.731+0000] {dag.py:3823} INFO - Setting next_dagrun for example_python_decorator to None, run_after=None
[2025-07-21T08:27:55.019+0000] {processor.py:183} INFO - Processing /home/airflow/.local/lib/python3.8/site-packages/airflow/example_dags/example_python_decorator.py took 0.495 seconds
[2025-07-21T08:28:25.836+0000] {processor.py:161} INFO - Started process (PID=1226) to work on /home/airflow/.local/lib/python3.8/site-packages/airflow/example_dags/example_python_decorator.py
[2025-07-21T08:28:25.839+0000] {processor.py:830} INFO - Processing file /home/airflow/.local/lib/python3.8/site-packages/airflow/example_dags/example_python_decorator.py for tasks to queue
[2025-07-21T08:28:25.847+0000] {logging_mixin.py:188} INFO - [2025-07-21T08:28:25.846+0000] {dagbag.py:538} INFO - Filling up the DagBag from /home/airflow/.local/lib/python3.8/site-packages/airflow/example_dags/example_python_decorator.py
[2025-07-21T08:28:25.894+0000] {processor.py:840} INFO - DAG(s) 'example_python_decorator' retrieved from /home/airflow/.local/lib/python3.8/site-packages/airflow/example_dags/example_python_decorator.py
[2025-07-21T08:28:25.966+0000] {logging_mixin.py:188} INFO - [2025-07-21T08:28:25.965+0000] {dag.py:3036} INFO - Sync 1 DAGs
[2025-07-21T08:28:25.996+0000] {logging_mixin.py:188} INFO - [2025-07-21T08:28:25.996+0000] {dag.py:3823} INFO - Setting next_dagrun for example_python_decorator to None, run_after=None
[2025-07-21T08:28:26.038+0000] {processor.py:183} INFO - Processing /home/airflow/.local/lib/python3.8/site-packages/airflow/example_dags/example_python_decorator.py took 0.213 seconds
[2025-07-21T08:28:57.535+0000] {processor.py:161} INFO - Started process (PID=1281) to work on /home/airflow/.local/lib/python3.8/site-packages/airflow/example_dags/example_python_decorator.py
[2025-07-21T08:28:57.546+0000] {processor.py:830} INFO - Processing file /home/airflow/.local/lib/python3.8/site-packages/airflow/example_dags/example_python_decorator.py for tasks to queue
[2025-07-21T08:28:57.557+0000] {logging_mixin.py:188} INFO - [2025-07-21T08:28:57.556+0000] {dagbag.py:538} INFO - Filling up the DagBag from /home/airflow/.local/lib/python3.8/site-packages/airflow/example_dags/example_python_decorator.py
[2025-07-21T08:28:57.602+0000] {processor.py:840} INFO - DAG(s) 'example_python_decorator' retrieved from /home/airflow/.local/lib/python3.8/site-packages/airflow/example_dags/example_python_decorator.py
[2025-07-21T08:28:57.739+0000] {logging_mixin.py:188} INFO - [2025-07-21T08:28:57.739+0000] {dag.py:3036} INFO - Sync 1 DAGs
[2025-07-21T08:28:57.823+0000] {logging_mixin.py:188} INFO - [2025-07-21T08:28:57.823+0000] {dag.py:3823} INFO - Setting next_dagrun for example_python_decorator to None, run_after=None
[2025-07-21T08:28:57.907+0000] {processor.py:183} INFO - Processing /home/airflow/.local/lib/python3.8/site-packages/airflow/example_dags/example_python_decorator.py took 0.380 seconds
[2025-07-21T08:29:28.324+0000] {processor.py:161} INFO - Started process (PID=1337) to work on /home/airflow/.local/lib/python3.8/site-packages/airflow/example_dags/example_python_decorator.py
[2025-07-21T08:29:28.326+0000] {processor.py:830} INFO - Processing file /home/airflow/.local/lib/python3.8/site-packages/airflow/example_dags/example_python_decorator.py for tasks to queue
[2025-07-21T08:29:28.331+0000] {logging_mixin.py:188} INFO - [2025-07-21T08:29:28.331+0000] {dagbag.py:538} INFO - Filling up the DagBag from /home/airflow/.local/lib/python3.8/site-packages/airflow/example_dags/example_python_decorator.py
[2025-07-21T08:29:28.370+0000] {processor.py:840} INFO - DAG(s) 'example_python_decorator' retrieved from /home/airflow/.local/lib/python3.8/site-packages/airflow/example_dags/example_python_decorator.py
[2025-07-21T08:29:28.436+0000] {logging_mixin.py:188} INFO - [2025-07-21T08:29:28.435+0000] {dag.py:3036} INFO - Sync 1 DAGs
[2025-07-21T08:29:28.469+0000] {logging_mixin.py:188} INFO - [2025-07-21T08:29:28.468+0000] {dag.py:3823} INFO - Setting next_dagrun for example_python_decorator to None, run_after=None
[2025-07-21T08:29:28.519+0000] {processor.py:183} INFO - Processing /home/airflow/.local/lib/python3.8/site-packages/airflow/example_dags/example_python_decorator.py took 0.205 seconds
[2025-07-21T08:29:59.863+0000] {processor.py:161} INFO - Started process (PID=1392) to work on /home/airflow/.local/lib/python3.8/site-packages/airflow/example_dags/example_python_decorator.py
[2025-07-21T08:29:59.868+0000] {processor.py:830} INFO - Processing file /home/airflow/.local/lib/python3.8/site-packages/airflow/example_dags/example_python_decorator.py for tasks to queue
[2025-07-21T08:29:59.885+0000] {logging_mixin.py:188} INFO - [2025-07-21T08:29:59.884+0000] {dagbag.py:538} INFO - Filling up the DagBag from /home/airflow/.local/lib/python3.8/site-packages/airflow/example_dags/example_python_decorator.py
[2025-07-21T08:29:59.951+0000] {processor.py:840} INFO - DAG(s) 'example_python_decorator' retrieved from /home/airflow/.local/lib/python3.8/site-packages/airflow/example_dags/example_python_decorator.py
[2025-07-21T08:30:00.070+0000] {logging_mixin.py:188} INFO - [2025-07-21T08:30:00.070+0000] {dag.py:3036} INFO - Sync 1 DAGs
[2025-07-21T08:30:00.136+0000] {logging_mixin.py:188} INFO - [2025-07-21T08:30:00.136+0000] {dag.py:3823} INFO - Setting next_dagrun for example_python_decorator to None, run_after=None
[2025-07-21T08:30:00.230+0000] {processor.py:183} INFO - Processing /home/airflow/.local/lib/python3.8/site-packages/airflow/example_dags/example_python_decorator.py took 0.387 seconds
[2025-07-21T08:30:30.579+0000] {processor.py:161} INFO - Started process (PID=1447) to work on /home/airflow/.local/lib/python3.8/site-packages/airflow/example_dags/example_python_decorator.py
[2025-07-21T08:30:30.583+0000] {processor.py:830} INFO - Processing file /home/airflow/.local/lib/python3.8/site-packages/airflow/example_dags/example_python_decorator.py for tasks to queue
[2025-07-21T08:30:30.588+0000] {logging_mixin.py:188} INFO - [2025-07-21T08:30:30.587+0000] {dagbag.py:538} INFO - Filling up the DagBag from /home/airflow/.local/lib/python3.8/site-packages/airflow/example_dags/example_python_decorator.py
[2025-07-21T08:30:30.639+0000] {processor.py:840} INFO - DAG(s) 'example_python_decorator' retrieved from /home/airflow/.local/lib/python3.8/site-packages/airflow/example_dags/example_python_decorator.py
[2025-07-21T08:30:30.719+0000] {logging_mixin.py:188} INFO - [2025-07-21T08:30:30.719+0000] {dag.py:3036} INFO - Sync 1 DAGs
[2025-07-21T08:30:30.758+0000] {logging_mixin.py:188} INFO - [2025-07-21T08:30:30.758+0000] {dag.py:3823} INFO - Setting next_dagrun for example_python_decorator to None, run_after=None
[2025-07-21T08:30:30.801+0000] {processor.py:183} INFO - Processing /home/airflow/.local/lib/python3.8/site-packages/airflow/example_dags/example_python_decorator.py took 0.232 seconds
[2025-07-21T08:31:04.536+0000] {processor.py:161} INFO - Started process (PID=1497) to work on /home/airflow/.local/lib/python3.8/site-packages/airflow/example_dags/example_python_decorator.py
[2025-07-21T08:31:04.568+0000] {processor.py:830} INFO - Processing file /home/airflow/.local/lib/python3.8/site-packages/airflow/example_dags/example_python_decorator.py for tasks to queue
[2025-07-21T08:31:04.628+0000] {logging_mixin.py:188} INFO - [2025-07-21T08:31:04.628+0000] {dagbag.py:538} INFO - Filling up the DagBag from /home/airflow/.local/lib/python3.8/site-packages/airflow/example_dags/example_python_decorator.py
[2025-07-21T08:31:04.716+0000] {processor.py:840} INFO - DAG(s) 'example_python_decorator' retrieved from /home/airflow/.local/lib/python3.8/site-packages/airflow/example_dags/example_python_decorator.py
[2025-07-21T08:31:04.842+0000] {logging_mixin.py:188} INFO - [2025-07-21T08:31:04.841+0000] {dag.py:3036} INFO - Sync 1 DAGs
[2025-07-21T08:31:04.878+0000] {logging_mixin.py:188} INFO - [2025-07-21T08:31:04.877+0000] {dag.py:3823} INFO - Setting next_dagrun for example_python_decorator to None, run_after=None
[2025-07-21T08:31:05.058+0000] {processor.py:183} INFO - Processing /home/airflow/.local/lib/python3.8/site-packages/airflow/example_dags/example_python_decorator.py took 0.542 seconds
[2025-07-21T08:31:35.829+0000] {processor.py:161} INFO - Started process (PID=1552) to work on /home/airflow/.local/lib/python3.8/site-packages/airflow/example_dags/example_python_decorator.py
[2025-07-21T08:31:35.842+0000] {processor.py:830} INFO - Processing file /home/airflow/.local/lib/python3.8/site-packages/airflow/example_dags/example_python_decorator.py for tasks to queue
[2025-07-21T08:31:35.858+0000] {logging_mixin.py:188} INFO - [2025-07-21T08:31:35.852+0000] {dagbag.py:538} INFO - Filling up the DagBag from /home/airflow/.local/lib/python3.8/site-packages/airflow/example_dags/example_python_decorator.py
[2025-07-21T08:31:35.942+0000] {processor.py:840} INFO - DAG(s) 'example_python_decorator' retrieved from /home/airflow/.local/lib/python3.8/site-packages/airflow/example_dags/example_python_decorator.py
[2025-07-21T08:31:36.075+0000] {logging_mixin.py:188} INFO - [2025-07-21T08:31:36.075+0000] {dag.py:3036} INFO - Sync 1 DAGs
[2025-07-21T08:31:36.144+0000] {logging_mixin.py:188} INFO - [2025-07-21T08:31:36.143+0000] {dag.py:3823} INFO - Setting next_dagrun for example_python_decorator to None, run_after=None
[2025-07-21T08:31:36.242+0000] {processor.py:183} INFO - Processing /home/airflow/.local/lib/python3.8/site-packages/airflow/example_dags/example_python_decorator.py took 0.434 seconds
[2025-07-21T08:32:07.360+0000] {processor.py:161} INFO - Started process (PID=1607) to work on /home/airflow/.local/lib/python3.8/site-packages/airflow/example_dags/example_python_decorator.py
[2025-07-21T08:32:07.450+0000] {processor.py:830} INFO - Processing file /home/airflow/.local/lib/python3.8/site-packages/airflow/example_dags/example_python_decorator.py for tasks to queue
[2025-07-21T08:32:07.541+0000] {logging_mixin.py:188} INFO - [2025-07-21T08:32:07.526+0000] {dagbag.py:538} INFO - Filling up the DagBag from /home/airflow/.local/lib/python3.8/site-packages/airflow/example_dags/example_python_decorator.py
[2025-07-21T08:32:08.009+0000] {processor.py:840} INFO - DAG(s) 'example_python_decorator' retrieved from /home/airflow/.local/lib/python3.8/site-packages/airflow/example_dags/example_python_decorator.py
[2025-07-21T08:32:08.210+0000] {logging_mixin.py:188} INFO - [2025-07-21T08:32:08.209+0000] {dag.py:3036} INFO - Sync 1 DAGs
[2025-07-21T08:32:08.396+0000] {logging_mixin.py:188} INFO - [2025-07-21T08:32:08.396+0000] {dag.py:3823} INFO - Setting next_dagrun for example_python_decorator to None, run_after=None
[2025-07-21T08:32:08.642+0000] {processor.py:183} INFO - Processing /home/airflow/.local/lib/python3.8/site-packages/airflow/example_dags/example_python_decorator.py took 1.371 seconds
[2025-07-21T08:32:40.557+0000] {processor.py:161} INFO - Started process (PID=1662) to work on /home/airflow/.local/lib/python3.8/site-packages/airflow/example_dags/example_python_decorator.py
[2025-07-21T08:32:40.567+0000] {processor.py:830} INFO - Processing file /home/airflow/.local/lib/python3.8/site-packages/airflow/example_dags/example_python_decorator.py for tasks to queue
[2025-07-21T08:32:40.571+0000] {logging_mixin.py:188} INFO - [2025-07-21T08:32:40.570+0000] {dagbag.py:538} INFO - Filling up the DagBag from /home/airflow/.local/lib/python3.8/site-packages/airflow/example_dags/example_python_decorator.py
[2025-07-21T08:32:40.751+0000] {processor.py:840} INFO - DAG(s) 'example_python_decorator' retrieved from /home/airflow/.local/lib/python3.8/site-packages/airflow/example_dags/example_python_decorator.py
[2025-07-21T08:32:40.994+0000] {logging_mixin.py:188} INFO - [2025-07-21T08:32:40.994+0000] {dag.py:3036} INFO - Sync 1 DAGs
[2025-07-21T08:32:41.078+0000] {logging_mixin.py:188} INFO - [2025-07-21T08:32:41.077+0000] {dag.py:3823} INFO - Setting next_dagrun for example_python_decorator to None, run_after=None
[2025-07-21T08:32:41.262+0000] {processor.py:183} INFO - Processing /home/airflow/.local/lib/python3.8/site-packages/airflow/example_dags/example_python_decorator.py took 0.724 seconds
[2025-07-21T08:33:12.001+0000] {processor.py:161} INFO - Started process (PID=1717) to work on /home/airflow/.local/lib/python3.8/site-packages/airflow/example_dags/example_python_decorator.py
[2025-07-21T08:33:12.037+0000] {processor.py:830} INFO - Processing file /home/airflow/.local/lib/python3.8/site-packages/airflow/example_dags/example_python_decorator.py for tasks to queue
[2025-07-21T08:33:12.078+0000] {logging_mixin.py:188} INFO - [2025-07-21T08:33:12.077+0000] {dagbag.py:538} INFO - Filling up the DagBag from /home/airflow/.local/lib/python3.8/site-packages/airflow/example_dags/example_python_decorator.py
[2025-07-21T08:33:12.360+0000] {processor.py:840} INFO - DAG(s) 'example_python_decorator' retrieved from /home/airflow/.local/lib/python3.8/site-packages/airflow/example_dags/example_python_decorator.py
[2025-07-21T08:33:13.009+0000] {logging_mixin.py:188} INFO - [2025-07-21T08:33:13.006+0000] {dag.py:3036} INFO - Sync 1 DAGs
[2025-07-21T08:33:13.104+0000] {logging_mixin.py:188} INFO - [2025-07-21T08:33:13.103+0000] {dag.py:3823} INFO - Setting next_dagrun for example_python_decorator to None, run_after=None
[2025-07-21T08:33:13.159+0000] {processor.py:183} INFO - Processing /home/airflow/.local/lib/python3.8/site-packages/airflow/example_dags/example_python_decorator.py took 1.206 seconds
[2025-07-21T08:33:43.641+0000] {processor.py:161} INFO - Started process (PID=1772) to work on /home/airflow/.local/lib/python3.8/site-packages/airflow/example_dags/example_python_decorator.py
[2025-07-21T08:33:43.643+0000] {processor.py:830} INFO - Processing file /home/airflow/.local/lib/python3.8/site-packages/airflow/example_dags/example_python_decorator.py for tasks to queue
[2025-07-21T08:33:43.648+0000] {logging_mixin.py:188} INFO - [2025-07-21T08:33:43.648+0000] {dagbag.py:538} INFO - Filling up the DagBag from /home/airflow/.local/lib/python3.8/site-packages/airflow/example_dags/example_python_decorator.py
[2025-07-21T08:33:43.682+0000] {processor.py:840} INFO - DAG(s) 'example_python_decorator' retrieved from /home/airflow/.local/lib/python3.8/site-packages/airflow/example_dags/example_python_decorator.py
[2025-07-21T08:33:43.745+0000] {logging_mixin.py:188} INFO - [2025-07-21T08:33:43.745+0000] {dag.py:3036} INFO - Sync 1 DAGs
[2025-07-21T08:33:43.774+0000] {logging_mixin.py:188} INFO - [2025-07-21T08:33:43.773+0000] {dag.py:3823} INFO - Setting next_dagrun for example_python_decorator to None, run_after=None
[2025-07-21T08:33:43.817+0000] {processor.py:183} INFO - Processing /home/airflow/.local/lib/python3.8/site-packages/airflow/example_dags/example_python_decorator.py took 0.189 seconds
[2025-07-21T08:34:14.460+0000] {processor.py:161} INFO - Started process (PID=1827) to work on /home/airflow/.local/lib/python3.8/site-packages/airflow/example_dags/example_python_decorator.py
[2025-07-21T08:34:14.464+0000] {processor.py:830} INFO - Processing file /home/airflow/.local/lib/python3.8/site-packages/airflow/example_dags/example_python_decorator.py for tasks to queue
[2025-07-21T08:34:14.475+0000] {logging_mixin.py:188} INFO - [2025-07-21T08:34:14.473+0000] {dagbag.py:538} INFO - Filling up the DagBag from /home/airflow/.local/lib/python3.8/site-packages/airflow/example_dags/example_python_decorator.py
[2025-07-21T08:34:14.533+0000] {processor.py:840} INFO - DAG(s) 'example_python_decorator' retrieved from /home/airflow/.local/lib/python3.8/site-packages/airflow/example_dags/example_python_decorator.py
[2025-07-21T08:34:14.643+0000] {logging_mixin.py:188} INFO - [2025-07-21T08:34:14.642+0000] {dag.py:3036} INFO - Sync 1 DAGs
[2025-07-21T08:34:14.729+0000] {logging_mixin.py:188} INFO - [2025-07-21T08:34:14.728+0000] {dag.py:3823} INFO - Setting next_dagrun for example_python_decorator to None, run_after=None
[2025-07-21T08:34:14.777+0000] {processor.py:183} INFO - Processing /home/airflow/.local/lib/python3.8/site-packages/airflow/example_dags/example_python_decorator.py took 0.333 seconds
[2025-07-21T08:34:45.368+0000] {processor.py:161} INFO - Started process (PID=1881) to work on /home/airflow/.local/lib/python3.8/site-packages/airflow/example_dags/example_python_decorator.py
[2025-07-21T08:34:45.379+0000] {processor.py:830} INFO - Processing file /home/airflow/.local/lib/python3.8/site-packages/airflow/example_dags/example_python_decorator.py for tasks to queue
[2025-07-21T08:34:45.390+0000] {logging_mixin.py:188} INFO - [2025-07-21T08:34:45.388+0000] {dagbag.py:538} INFO - Filling up the DagBag from /home/airflow/.local/lib/python3.8/site-packages/airflow/example_dags/example_python_decorator.py
[2025-07-21T08:34:45.458+0000] {processor.py:840} INFO - DAG(s) 'example_python_decorator' retrieved from /home/airflow/.local/lib/python3.8/site-packages/airflow/example_dags/example_python_decorator.py
[2025-07-21T08:34:45.571+0000] {logging_mixin.py:188} INFO - [2025-07-21T08:34:45.571+0000] {dag.py:3036} INFO - Sync 1 DAGs
[2025-07-21T08:34:45.616+0000] {logging_mixin.py:188} INFO - [2025-07-21T08:34:45.615+0000] {dag.py:3823} INFO - Setting next_dagrun for example_python_decorator to None, run_after=None
[2025-07-21T08:34:45.690+0000] {processor.py:183} INFO - Processing /home/airflow/.local/lib/python3.8/site-packages/airflow/example_dags/example_python_decorator.py took 0.339 seconds
[2025-07-21T08:35:16.028+0000] {processor.py:161} INFO - Started process (PID=1936) to work on /home/airflow/.local/lib/python3.8/site-packages/airflow/example_dags/example_python_decorator.py
[2025-07-21T08:35:16.037+0000] {processor.py:830} INFO - Processing file /home/airflow/.local/lib/python3.8/site-packages/airflow/example_dags/example_python_decorator.py for tasks to queue
[2025-07-21T08:35:16.041+0000] {logging_mixin.py:188} INFO - [2025-07-21T08:35:16.040+0000] {dagbag.py:538} INFO - Filling up the DagBag from /home/airflow/.local/lib/python3.8/site-packages/airflow/example_dags/example_python_decorator.py
[2025-07-21T08:35:16.091+0000] {processor.py:840} INFO - DAG(s) 'example_python_decorator' retrieved from /home/airflow/.local/lib/python3.8/site-packages/airflow/example_dags/example_python_decorator.py
[2025-07-21T08:35:16.144+0000] {logging_mixin.py:188} INFO - [2025-07-21T08:35:16.144+0000] {dag.py:3036} INFO - Sync 1 DAGs
[2025-07-21T08:35:16.166+0000] {logging_mixin.py:188} INFO - [2025-07-21T08:35:16.165+0000] {dag.py:3823} INFO - Setting next_dagrun for example_python_decorator to None, run_after=None
[2025-07-21T08:35:16.210+0000] {processor.py:183} INFO - Processing /home/airflow/.local/lib/python3.8/site-packages/airflow/example_dags/example_python_decorator.py took 0.200 seconds
[2025-07-21T08:35:46.920+0000] {processor.py:161} INFO - Started process (PID=1992) to work on /home/airflow/.local/lib/python3.8/site-packages/airflow/example_dags/example_python_decorator.py
[2025-07-21T08:35:46.923+0000] {processor.py:830} INFO - Processing file /home/airflow/.local/lib/python3.8/site-packages/airflow/example_dags/example_python_decorator.py for tasks to queue
[2025-07-21T08:35:46.929+0000] {logging_mixin.py:188} INFO - [2025-07-21T08:35:46.929+0000] {dagbag.py:538} INFO - Filling up the DagBag from /home/airflow/.local/lib/python3.8/site-packages/airflow/example_dags/example_python_decorator.py
[2025-07-21T08:35:47.139+0000] {processor.py:840} INFO - DAG(s) 'example_python_decorator' retrieved from /home/airflow/.local/lib/python3.8/site-packages/airflow/example_dags/example_python_decorator.py
[2025-07-21T08:35:47.425+0000] {logging_mixin.py:188} INFO - [2025-07-21T08:35:47.425+0000] {dag.py:3036} INFO - Sync 1 DAGs
[2025-07-21T08:35:47.548+0000] {logging_mixin.py:188} INFO - [2025-07-21T08:35:47.547+0000] {dag.py:3823} INFO - Setting next_dagrun for example_python_decorator to None, run_after=None
[2025-07-21T08:35:47.735+0000] {processor.py:183} INFO - Processing /home/airflow/.local/lib/python3.8/site-packages/airflow/example_dags/example_python_decorator.py took 0.828 seconds
[2025-07-21T08:36:18.868+0000] {processor.py:161} INFO - Started process (PID=2048) to work on /home/airflow/.local/lib/python3.8/site-packages/airflow/example_dags/example_python_decorator.py
[2025-07-21T08:36:18.873+0000] {processor.py:830} INFO - Processing file /home/airflow/.local/lib/python3.8/site-packages/airflow/example_dags/example_python_decorator.py for tasks to queue
[2025-07-21T08:36:18.881+0000] {logging_mixin.py:188} INFO - [2025-07-21T08:36:18.880+0000] {dagbag.py:538} INFO - Filling up the DagBag from /home/airflow/.local/lib/python3.8/site-packages/airflow/example_dags/example_python_decorator.py
[2025-07-21T08:36:18.959+0000] {processor.py:840} INFO - DAG(s) 'example_python_decorator' retrieved from /home/airflow/.local/lib/python3.8/site-packages/airflow/example_dags/example_python_decorator.py
[2025-07-21T08:36:19.031+0000] {logging_mixin.py:188} INFO - [2025-07-21T08:36:19.031+0000] {dag.py:3036} INFO - Sync 1 DAGs
[2025-07-21T08:36:19.074+0000] {logging_mixin.py:188} INFO - [2025-07-21T08:36:19.073+0000] {dag.py:3823} INFO - Setting next_dagrun for example_python_decorator to None, run_after=None
[2025-07-21T08:36:19.121+0000] {processor.py:183} INFO - Processing /home/airflow/.local/lib/python3.8/site-packages/airflow/example_dags/example_python_decorator.py took 0.276 seconds
[2025-07-21T08:36:49.820+0000] {processor.py:161} INFO - Started process (PID=2103) to work on /home/airflow/.local/lib/python3.8/site-packages/airflow/example_dags/example_python_decorator.py
[2025-07-21T08:36:49.822+0000] {processor.py:830} INFO - Processing file /home/airflow/.local/lib/python3.8/site-packages/airflow/example_dags/example_python_decorator.py for tasks to queue
[2025-07-21T08:36:49.826+0000] {logging_mixin.py:188} INFO - [2025-07-21T08:36:49.825+0000] {dagbag.py:538} INFO - Filling up the DagBag from /home/airflow/.local/lib/python3.8/site-packages/airflow/example_dags/example_python_decorator.py
[2025-07-21T08:36:49.855+0000] {processor.py:840} INFO - DAG(s) 'example_python_decorator' retrieved from /home/airflow/.local/lib/python3.8/site-packages/airflow/example_dags/example_python_decorator.py
[2025-07-21T08:36:49.914+0000] {logging_mixin.py:188} INFO - [2025-07-21T08:36:49.911+0000] {dag.py:3036} INFO - Sync 1 DAGs
[2025-07-21T08:36:49.939+0000] {logging_mixin.py:188} INFO - [2025-07-21T08:36:49.938+0000] {dag.py:3823} INFO - Setting next_dagrun for example_python_decorator to None, run_after=None
[2025-07-21T08:36:49.987+0000] {processor.py:183} INFO - Processing /home/airflow/.local/lib/python3.8/site-packages/airflow/example_dags/example_python_decorator.py took 0.178 seconds
[2025-07-21T08:37:22.514+0000] {processor.py:161} INFO - Started process (PID=2155) to work on /home/airflow/.local/lib/python3.8/site-packages/airflow/example_dags/example_python_decorator.py
[2025-07-21T08:37:22.517+0000] {processor.py:830} INFO - Processing file /home/airflow/.local/lib/python3.8/site-packages/airflow/example_dags/example_python_decorator.py for tasks to queue
[2025-07-21T08:37:22.522+0000] {logging_mixin.py:188} INFO - [2025-07-21T08:37:22.521+0000] {dagbag.py:538} INFO - Filling up the DagBag from /home/airflow/.local/lib/python3.8/site-packages/airflow/example_dags/example_python_decorator.py
[2025-07-21T08:37:22.557+0000] {processor.py:840} INFO - DAG(s) 'example_python_decorator' retrieved from /home/airflow/.local/lib/python3.8/site-packages/airflow/example_dags/example_python_decorator.py
[2025-07-21T08:37:22.598+0000] {logging_mixin.py:188} INFO - [2025-07-21T08:37:22.597+0000] {dag.py:3036} INFO - Sync 1 DAGs
[2025-07-21T08:37:22.624+0000] {logging_mixin.py:188} INFO - [2025-07-21T08:37:22.624+0000] {dag.py:3823} INFO - Setting next_dagrun for example_python_decorator to None, run_after=None
[2025-07-21T08:37:22.662+0000] {processor.py:183} INFO - Processing /home/airflow/.local/lib/python3.8/site-packages/airflow/example_dags/example_python_decorator.py took 0.156 seconds
[2025-07-21T08:37:54.761+0000] {processor.py:161} INFO - Started process (PID=2211) to work on /home/airflow/.local/lib/python3.8/site-packages/airflow/example_dags/example_python_decorator.py
[2025-07-21T08:37:54.792+0000] {processor.py:830} INFO - Processing file /home/airflow/.local/lib/python3.8/site-packages/airflow/example_dags/example_python_decorator.py for tasks to queue
[2025-07-21T08:37:54.796+0000] {logging_mixin.py:188} INFO - [2025-07-21T08:37:54.796+0000] {dagbag.py:538} INFO - Filling up the DagBag from /home/airflow/.local/lib/python3.8/site-packages/airflow/example_dags/example_python_decorator.py
[2025-07-21T08:37:54.958+0000] {processor.py:840} INFO - DAG(s) 'example_python_decorator' retrieved from /home/airflow/.local/lib/python3.8/site-packages/airflow/example_dags/example_python_decorator.py
[2025-07-21T08:37:55.187+0000] {logging_mixin.py:188} INFO - [2025-07-21T08:37:55.178+0000] {dag.py:3036} INFO - Sync 1 DAGs
[2025-07-21T08:37:55.212+0000] {logging_mixin.py:188} INFO - [2025-07-21T08:37:55.211+0000] {dag.py:3823} INFO - Setting next_dagrun for example_python_decorator to None, run_after=None
[2025-07-21T08:37:55.669+0000] {processor.py:183} INFO - Processing /home/airflow/.local/lib/python3.8/site-packages/airflow/example_dags/example_python_decorator.py took 0.928 seconds
[2025-07-21T08:38:26.706+0000] {processor.py:161} INFO - Started process (PID=2265) to work on /home/airflow/.local/lib/python3.8/site-packages/airflow/example_dags/example_python_decorator.py
[2025-07-21T08:38:26.709+0000] {processor.py:830} INFO - Processing file /home/airflow/.local/lib/python3.8/site-packages/airflow/example_dags/example_python_decorator.py for tasks to queue
[2025-07-21T08:38:26.731+0000] {logging_mixin.py:188} INFO - [2025-07-21T08:38:26.731+0000] {dagbag.py:538} INFO - Filling up the DagBag from /home/airflow/.local/lib/python3.8/site-packages/airflow/example_dags/example_python_decorator.py
[2025-07-21T08:38:26.801+0000] {processor.py:840} INFO - DAG(s) 'example_python_decorator' retrieved from /home/airflow/.local/lib/python3.8/site-packages/airflow/example_dags/example_python_decorator.py
[2025-07-21T08:38:26.902+0000] {logging_mixin.py:188} INFO - [2025-07-21T08:38:26.901+0000] {dag.py:3036} INFO - Sync 1 DAGs
[2025-07-21T08:38:26.957+0000] {logging_mixin.py:188} INFO - [2025-07-21T08:38:26.956+0000] {dag.py:3823} INFO - Setting next_dagrun for example_python_decorator to None, run_after=None
[2025-07-21T08:38:27.071+0000] {processor.py:183} INFO - Processing /home/airflow/.local/lib/python3.8/site-packages/airflow/example_dags/example_python_decorator.py took 0.410 seconds
[2025-07-21T08:38:57.834+0000] {processor.py:161} INFO - Started process (PID=2319) to work on /home/airflow/.local/lib/python3.8/site-packages/airflow/example_dags/example_python_decorator.py
[2025-07-21T08:38:57.849+0000] {processor.py:830} INFO - Processing file /home/airflow/.local/lib/python3.8/site-packages/airflow/example_dags/example_python_decorator.py for tasks to queue
[2025-07-21T08:38:57.877+0000] {logging_mixin.py:188} INFO - [2025-07-21T08:38:57.877+0000] {dagbag.py:538} INFO - Filling up the DagBag from /home/airflow/.local/lib/python3.8/site-packages/airflow/example_dags/example_python_decorator.py
[2025-07-21T08:38:57.918+0000] {processor.py:840} INFO - DAG(s) 'example_python_decorator' retrieved from /home/airflow/.local/lib/python3.8/site-packages/airflow/example_dags/example_python_decorator.py
[2025-07-21T08:38:58.013+0000] {logging_mixin.py:188} INFO - [2025-07-21T08:38:58.012+0000] {dag.py:3036} INFO - Sync 1 DAGs
[2025-07-21T08:38:58.045+0000] {logging_mixin.py:188} INFO - [2025-07-21T08:38:58.044+0000] {dag.py:3823} INFO - Setting next_dagrun for example_python_decorator to None, run_after=None
[2025-07-21T08:38:58.089+0000] {processor.py:183} INFO - Processing /home/airflow/.local/lib/python3.8/site-packages/airflow/example_dags/example_python_decorator.py took 0.288 seconds
[2025-07-21T08:39:28.272+0000] {processor.py:161} INFO - Started process (PID=2374) to work on /home/airflow/.local/lib/python3.8/site-packages/airflow/example_dags/example_python_decorator.py
[2025-07-21T08:39:28.275+0000] {processor.py:830} INFO - Processing file /home/airflow/.local/lib/python3.8/site-packages/airflow/example_dags/example_python_decorator.py for tasks to queue
[2025-07-21T08:39:28.280+0000] {logging_mixin.py:188} INFO - [2025-07-21T08:39:28.279+0000] {dagbag.py:538} INFO - Filling up the DagBag from /home/airflow/.local/lib/python3.8/site-packages/airflow/example_dags/example_python_decorator.py
[2025-07-21T08:39:28.314+0000] {processor.py:840} INFO - DAG(s) 'example_python_decorator' retrieved from /home/airflow/.local/lib/python3.8/site-packages/airflow/example_dags/example_python_decorator.py
[2025-07-21T08:39:28.362+0000] {logging_mixin.py:188} INFO - [2025-07-21T08:39:28.361+0000] {dag.py:3036} INFO - Sync 1 DAGs
[2025-07-21T08:39:28.392+0000] {logging_mixin.py:188} INFO - [2025-07-21T08:39:28.391+0000] {dag.py:3823} INFO - Setting next_dagrun for example_python_decorator to None, run_after=None
[2025-07-21T08:39:28.477+0000] {processor.py:183} INFO - Processing /home/airflow/.local/lib/python3.8/site-packages/airflow/example_dags/example_python_decorator.py took 0.216 seconds
[2025-07-21T08:39:59.107+0000] {processor.py:161} INFO - Started process (PID=2429) to work on /home/airflow/.local/lib/python3.8/site-packages/airflow/example_dags/example_python_decorator.py
[2025-07-21T08:39:59.122+0000] {processor.py:830} INFO - Processing file /home/airflow/.local/lib/python3.8/site-packages/airflow/example_dags/example_python_decorator.py for tasks to queue
[2025-07-21T08:39:59.127+0000] {logging_mixin.py:188} INFO - [2025-07-21T08:39:59.126+0000] {dagbag.py:538} INFO - Filling up the DagBag from /home/airflow/.local/lib/python3.8/site-packages/airflow/example_dags/example_python_decorator.py
[2025-07-21T08:39:59.167+0000] {processor.py:840} INFO - DAG(s) 'example_python_decorator' retrieved from /home/airflow/.local/lib/python3.8/site-packages/airflow/example_dags/example_python_decorator.py
[2025-07-21T08:39:59.298+0000] {logging_mixin.py:188} INFO - [2025-07-21T08:39:59.283+0000] {dag.py:3036} INFO - Sync 1 DAGs
[2025-07-21T08:39:59.347+0000] {logging_mixin.py:188} INFO - [2025-07-21T08:39:59.346+0000] {dag.py:3823} INFO - Setting next_dagrun for example_python_decorator to None, run_after=None
[2025-07-21T08:39:59.396+0000] {processor.py:183} INFO - Processing /home/airflow/.local/lib/python3.8/site-packages/airflow/example_dags/example_python_decorator.py took 0.323 seconds
[2025-07-21T08:40:30.595+0000] {processor.py:161} INFO - Started process (PID=2490) to work on /home/airflow/.local/lib/python3.8/site-packages/airflow/example_dags/example_python_decorator.py
[2025-07-21T08:40:30.598+0000] {processor.py:830} INFO - Processing file /home/airflow/.local/lib/python3.8/site-packages/airflow/example_dags/example_python_decorator.py for tasks to queue
[2025-07-21T08:40:30.615+0000] {logging_mixin.py:188} INFO - [2025-07-21T08:40:30.615+0000] {dagbag.py:538} INFO - Filling up the DagBag from /home/airflow/.local/lib/python3.8/site-packages/airflow/example_dags/example_python_decorator.py
[2025-07-21T08:40:30.659+0000] {processor.py:840} INFO - DAG(s) 'example_python_decorator' retrieved from /home/airflow/.local/lib/python3.8/site-packages/airflow/example_dags/example_python_decorator.py
[2025-07-21T08:40:30.963+0000] {logging_mixin.py:188} INFO - [2025-07-21T08:40:30.963+0000] {dag.py:3036} INFO - Sync 1 DAGs
[2025-07-21T08:40:30.986+0000] {logging_mixin.py:188} INFO - [2025-07-21T08:40:30.986+0000] {dag.py:3823} INFO - Setting next_dagrun for example_python_decorator to None, run_after=None
[2025-07-21T08:40:31.021+0000] {processor.py:183} INFO - Processing /home/airflow/.local/lib/python3.8/site-packages/airflow/example_dags/example_python_decorator.py took 0.441 seconds
[2025-07-21T08:41:02.591+0000] {processor.py:161} INFO - Started process (PID=2545) to work on /home/airflow/.local/lib/python3.8/site-packages/airflow/example_dags/example_python_decorator.py
[2025-07-21T08:41:02.607+0000] {processor.py:830} INFO - Processing file /home/airflow/.local/lib/python3.8/site-packages/airflow/example_dags/example_python_decorator.py for tasks to queue
[2025-07-21T08:41:02.611+0000] {logging_mixin.py:188} INFO - [2025-07-21T08:41:02.610+0000] {dagbag.py:538} INFO - Filling up the DagBag from /home/airflow/.local/lib/python3.8/site-packages/airflow/example_dags/example_python_decorator.py
[2025-07-21T08:41:02.646+0000] {processor.py:840} INFO - DAG(s) 'example_python_decorator' retrieved from /home/airflow/.local/lib/python3.8/site-packages/airflow/example_dags/example_python_decorator.py
[2025-07-21T08:41:02.738+0000] {logging_mixin.py:188} INFO - [2025-07-21T08:41:02.738+0000] {dag.py:3036} INFO - Sync 1 DAGs
[2025-07-21T08:41:03.272+0000] {logging_mixin.py:188} INFO - [2025-07-21T08:41:03.272+0000] {dag.py:3823} INFO - Setting next_dagrun for example_python_decorator to None, run_after=None
[2025-07-21T08:41:03.391+0000] {processor.py:183} INFO - Processing /home/airflow/.local/lib/python3.8/site-packages/airflow/example_dags/example_python_decorator.py took 0.806 seconds
[2025-07-21T08:41:34.105+0000] {processor.py:161} INFO - Started process (PID=2601) to work on /home/airflow/.local/lib/python3.8/site-packages/airflow/example_dags/example_python_decorator.py
[2025-07-21T08:41:34.117+0000] {processor.py:830} INFO - Processing file /home/airflow/.local/lib/python3.8/site-packages/airflow/example_dags/example_python_decorator.py for tasks to queue
[2025-07-21T08:41:34.127+0000] {logging_mixin.py:188} INFO - [2025-07-21T08:41:34.127+0000] {dagbag.py:538} INFO - Filling up the DagBag from /home/airflow/.local/lib/python3.8/site-packages/airflow/example_dags/example_python_decorator.py
[2025-07-21T08:41:34.197+0000] {processor.py:840} INFO - DAG(s) 'example_python_decorator' retrieved from /home/airflow/.local/lib/python3.8/site-packages/airflow/example_dags/example_python_decorator.py
[2025-07-21T08:41:34.288+0000] {logging_mixin.py:188} INFO - [2025-07-21T08:41:34.288+0000] {dag.py:3036} INFO - Sync 1 DAGs
[2025-07-21T08:41:34.319+0000] {logging_mixin.py:188} INFO - [2025-07-21T08:41:34.318+0000] {dag.py:3823} INFO - Setting next_dagrun for example_python_decorator to None, run_after=None
[2025-07-21T08:41:34.361+0000] {processor.py:183} INFO - Processing /home/airflow/.local/lib/python3.8/site-packages/airflow/example_dags/example_python_decorator.py took 0.266 seconds
[2025-07-21T08:42:04.648+0000] {processor.py:161} INFO - Started process (PID=2656) to work on /home/airflow/.local/lib/python3.8/site-packages/airflow/example_dags/example_python_decorator.py
[2025-07-21T08:42:04.652+0000] {processor.py:830} INFO - Processing file /home/airflow/.local/lib/python3.8/site-packages/airflow/example_dags/example_python_decorator.py for tasks to queue
[2025-07-21T08:42:04.658+0000] {logging_mixin.py:188} INFO - [2025-07-21T08:42:04.657+0000] {dagbag.py:538} INFO - Filling up the DagBag from /home/airflow/.local/lib/python3.8/site-packages/airflow/example_dags/example_python_decorator.py
[2025-07-21T08:42:04.712+0000] {processor.py:840} INFO - DAG(s) 'example_python_decorator' retrieved from /home/airflow/.local/lib/python3.8/site-packages/airflow/example_dags/example_python_decorator.py
[2025-07-21T08:42:04.767+0000] {logging_mixin.py:188} INFO - [2025-07-21T08:42:04.766+0000] {dag.py:3036} INFO - Sync 1 DAGs
[2025-07-21T08:42:04.799+0000] {logging_mixin.py:188} INFO - [2025-07-21T08:42:04.798+0000] {dag.py:3823} INFO - Setting next_dagrun for example_python_decorator to None, run_after=None
[2025-07-21T08:42:04.880+0000] {processor.py:183} INFO - Processing /home/airflow/.local/lib/python3.8/site-packages/airflow/example_dags/example_python_decorator.py took 0.244 seconds
[2025-07-21T08:42:35.396+0000] {processor.py:161} INFO - Started process (PID=2711) to work on /home/airflow/.local/lib/python3.8/site-packages/airflow/example_dags/example_python_decorator.py
[2025-07-21T08:42:35.399+0000] {processor.py:830} INFO - Processing file /home/airflow/.local/lib/python3.8/site-packages/airflow/example_dags/example_python_decorator.py for tasks to queue
[2025-07-21T08:42:35.404+0000] {logging_mixin.py:188} INFO - [2025-07-21T08:42:35.404+0000] {dagbag.py:538} INFO - Filling up the DagBag from /home/airflow/.local/lib/python3.8/site-packages/airflow/example_dags/example_python_decorator.py
[2025-07-21T08:42:35.450+0000] {processor.py:840} INFO - DAG(s) 'example_python_decorator' retrieved from /home/airflow/.local/lib/python3.8/site-packages/airflow/example_dags/example_python_decorator.py
[2025-07-21T08:42:35.500+0000] {logging_mixin.py:188} INFO - [2025-07-21T08:42:35.499+0000] {dag.py:3036} INFO - Sync 1 DAGs
[2025-07-21T08:42:35.527+0000] {logging_mixin.py:188} INFO - [2025-07-21T08:42:35.526+0000] {dag.py:3823} INFO - Setting next_dagrun for example_python_decorator to None, run_after=None
[2025-07-21T08:42:35.574+0000] {processor.py:183} INFO - Processing /home/airflow/.local/lib/python3.8/site-packages/airflow/example_dags/example_python_decorator.py took 0.187 seconds
[2025-07-21T08:43:06.302+0000] {processor.py:161} INFO - Started process (PID=2766) to work on /home/airflow/.local/lib/python3.8/site-packages/airflow/example_dags/example_python_decorator.py
[2025-07-21T08:43:06.306+0000] {processor.py:830} INFO - Processing file /home/airflow/.local/lib/python3.8/site-packages/airflow/example_dags/example_python_decorator.py for tasks to queue
[2025-07-21T08:43:06.312+0000] {logging_mixin.py:188} INFO - [2025-07-21T08:43:06.311+0000] {dagbag.py:538} INFO - Filling up the DagBag from /home/airflow/.local/lib/python3.8/site-packages/airflow/example_dags/example_python_decorator.py
[2025-07-21T08:43:06.351+0000] {processor.py:840} INFO - DAG(s) 'example_python_decorator' retrieved from /home/airflow/.local/lib/python3.8/site-packages/airflow/example_dags/example_python_decorator.py
[2025-07-21T08:43:06.419+0000] {logging_mixin.py:188} INFO - [2025-07-21T08:43:06.419+0000] {dag.py:3036} INFO - Sync 1 DAGs
[2025-07-21T08:43:06.461+0000] {logging_mixin.py:188} INFO - [2025-07-21T08:43:06.460+0000] {dag.py:3823} INFO - Setting next_dagrun for example_python_decorator to None, run_after=None
[2025-07-21T08:43:06.570+0000] {processor.py:183} INFO - Processing /home/airflow/.local/lib/python3.8/site-packages/airflow/example_dags/example_python_decorator.py took 0.279 seconds
[2025-07-21T08:43:37.192+0000] {processor.py:161} INFO - Started process (PID=2821) to work on /home/airflow/.local/lib/python3.8/site-packages/airflow/example_dags/example_python_decorator.py
[2025-07-21T08:43:37.197+0000] {processor.py:830} INFO - Processing file /home/airflow/.local/lib/python3.8/site-packages/airflow/example_dags/example_python_decorator.py for tasks to queue
[2025-07-21T08:43:37.203+0000] {logging_mixin.py:188} INFO - [2025-07-21T08:43:37.202+0000] {dagbag.py:538} INFO - Filling up the DagBag from /home/airflow/.local/lib/python3.8/site-packages/airflow/example_dags/example_python_decorator.py
[2025-07-21T08:43:37.255+0000] {processor.py:840} INFO - DAG(s) 'example_python_decorator' retrieved from /home/airflow/.local/lib/python3.8/site-packages/airflow/example_dags/example_python_decorator.py
[2025-07-21T08:43:37.341+0000] {logging_mixin.py:188} INFO - [2025-07-21T08:43:37.340+0000] {dag.py:3036} INFO - Sync 1 DAGs
[2025-07-21T08:43:37.378+0000] {logging_mixin.py:188} INFO - [2025-07-21T08:43:37.377+0000] {dag.py:3823} INFO - Setting next_dagrun for example_python_decorator to None, run_after=None
[2025-07-21T08:43:37.509+0000] {processor.py:183} INFO - Processing /home/airflow/.local/lib/python3.8/site-packages/airflow/example_dags/example_python_decorator.py took 0.337 seconds
