[2025-07-21T08:14:35.577+0000] {processor.py:161} INFO - Started process (PID=70) to work on /home/airflow/.local/lib/python3.8/site-packages/airflow/example_dags/example_params_trigger_ui.py
[2025-07-21T08:14:35.635+0000] {processor.py:830} INFO - Processing file /home/airflow/.local/lib/python3.8/site-packages/airflow/example_dags/example_params_trigger_ui.py for tasks to queue
[2025-07-21T08:14:35.643+0000] {logging_mixin.py:188} INFO - [2025-07-21T08:14:35.642+0000] {dagbag.py:538} INFO - Filling up the DagBag from /home/airflow/.local/lib/python3.8/site-packages/airflow/example_dags/example_params_trigger_ui.py
[2025-07-21T08:14:35.822+0000] {processor.py:840} INFO - DAG(s) 'example_params_trigger_ui' retrieved from /home/airflow/.local/lib/python3.8/site-packages/airflow/example_dags/example_params_trigger_ui.py
[2025-07-21T08:14:36.127+0000] {logging_mixin.py:188} INFO - [2025-07-21T08:14:36.127+0000] {dag.py:3036} INFO - Sync 1 DAGs
[2025-07-21T08:14:36.246+0000] {logging_mixin.py:188} INFO - [2025-07-21T08:14:36.246+0000] {dag.py:3823} INFO - Setting next_dagrun for example_params_trigger_ui to None, run_after=None
[2025-07-21T08:14:36.450+0000] {processor.py:183} INFO - Processing /home/airflow/.local/lib/python3.8/site-packages/airflow/example_dags/example_params_trigger_ui.py took 0.894 seconds
[2025-07-21T08:15:10.416+0000] {processor.py:161} INFO - Started process (PID=125) to work on /home/airflow/.local/lib/python3.8/site-packages/airflow/example_dags/example_params_trigger_ui.py
[2025-07-21T08:15:10.450+0000] {processor.py:830} INFO - Processing file /home/airflow/.local/lib/python3.8/site-packages/airflow/example_dags/example_params_trigger_ui.py for tasks to queue
[2025-07-21T08:15:10.488+0000] {logging_mixin.py:188} INFO - [2025-07-21T08:15:10.487+0000] {dagbag.py:538} INFO - Filling up the DagBag from /home/airflow/.local/lib/python3.8/site-packages/airflow/example_dags/example_params_trigger_ui.py
[2025-07-21T08:15:10.548+0000] {processor.py:840} INFO - DAG(s) 'example_params_trigger_ui' retrieved from /home/airflow/.local/lib/python3.8/site-packages/airflow/example_dags/example_params_trigger_ui.py
[2025-07-21T08:15:11.016+0000] {logging_mixin.py:188} INFO - [2025-07-21T08:15:11.015+0000] {dag.py:3036} INFO - Sync 1 DAGs
[2025-07-21T08:15:11.066+0000] {logging_mixin.py:188} INFO - [2025-07-21T08:15:11.065+0000] {dag.py:3823} INFO - Setting next_dagrun for example_params_trigger_ui to None, run_after=None
[2025-07-21T08:15:11.200+0000] {processor.py:183} INFO - Processing /home/airflow/.local/lib/python3.8/site-packages/airflow/example_dags/example_params_trigger_ui.py took 0.850 seconds
[2025-07-21T08:15:45.861+0000] {processor.py:161} INFO - Started process (PID=187) to work on /home/airflow/.local/lib/python3.8/site-packages/airflow/example_dags/example_params_trigger_ui.py
[2025-07-21T08:15:45.871+0000] {processor.py:830} INFO - Processing file /home/airflow/.local/lib/python3.8/site-packages/airflow/example_dags/example_params_trigger_ui.py for tasks to queue
[2025-07-21T08:15:45.887+0000] {logging_mixin.py:188} INFO - [2025-07-21T08:15:45.887+0000] {dagbag.py:538} INFO - Filling up the DagBag from /home/airflow/.local/lib/python3.8/site-packages/airflow/example_dags/example_params_trigger_ui.py
[2025-07-21T08:15:46.105+0000] {processor.py:840} INFO - DAG(s) 'example_params_trigger_ui' retrieved from /home/airflow/.local/lib/python3.8/site-packages/airflow/example_dags/example_params_trigger_ui.py
[2025-07-21T08:15:48.037+0000] {logging_mixin.py:188} INFO - [2025-07-21T08:15:48.036+0000] {dag.py:3036} INFO - Sync 1 DAGs
[2025-07-21T08:15:48.384+0000] {logging_mixin.py:188} INFO - [2025-07-21T08:15:48.383+0000] {dag.py:3823} INFO - Setting next_dagrun for example_params_trigger_ui to None, run_after=None
[2025-07-21T08:15:48.613+0000] {processor.py:183} INFO - Processing /home/airflow/.local/lib/python3.8/site-packages/airflow/example_dags/example_params_trigger_ui.py took 2.823 seconds
[2025-07-21T08:16:29.869+0000] {processor.py:161} INFO - Started process (PID=242) to work on /home/airflow/.local/lib/python3.8/site-packages/airflow/example_dags/example_params_trigger_ui.py
[2025-07-21T08:16:29.886+0000] {processor.py:830} INFO - Processing file /home/airflow/.local/lib/python3.8/site-packages/airflow/example_dags/example_params_trigger_ui.py for tasks to queue
[2025-07-21T08:16:29.916+0000] {logging_mixin.py:188} INFO - [2025-07-21T08:16:29.915+0000] {dagbag.py:538} INFO - Filling up the DagBag from /home/airflow/.local/lib/python3.8/site-packages/airflow/example_dags/example_params_trigger_ui.py
[2025-07-21T08:16:30.045+0000] {processor.py:840} INFO - DAG(s) 'example_params_trigger_ui' retrieved from /home/airflow/.local/lib/python3.8/site-packages/airflow/example_dags/example_params_trigger_ui.py
[2025-07-21T08:16:30.605+0000] {logging_mixin.py:188} INFO - [2025-07-21T08:16:30.605+0000] {dag.py:3036} INFO - Sync 1 DAGs
[2025-07-21T08:16:30.692+0000] {logging_mixin.py:188} INFO - [2025-07-21T08:16:30.692+0000] {dag.py:3823} INFO - Setting next_dagrun for example_params_trigger_ui to None, run_after=None
[2025-07-21T08:16:30.828+0000] {processor.py:183} INFO - Processing /home/airflow/.local/lib/python3.8/site-packages/airflow/example_dags/example_params_trigger_ui.py took 0.977 seconds
[2025-07-21T08:17:15.921+0000] {processor.py:161} INFO - Started process (PID=297) to work on /home/airflow/.local/lib/python3.8/site-packages/airflow/example_dags/example_params_trigger_ui.py
[2025-07-21T08:17:15.934+0000] {processor.py:830} INFO - Processing file /home/airflow/.local/lib/python3.8/site-packages/airflow/example_dags/example_params_trigger_ui.py for tasks to queue
[2025-07-21T08:17:15.951+0000] {logging_mixin.py:188} INFO - [2025-07-21T08:17:15.950+0000] {dagbag.py:538} INFO - Filling up the DagBag from /home/airflow/.local/lib/python3.8/site-packages/airflow/example_dags/example_params_trigger_ui.py
[2025-07-21T08:17:16.152+0000] {processor.py:840} INFO - DAG(s) 'example_params_trigger_ui' retrieved from /home/airflow/.local/lib/python3.8/site-packages/airflow/example_dags/example_params_trigger_ui.py
[2025-07-21T08:17:16.490+0000] {logging_mixin.py:188} INFO - [2025-07-21T08:17:16.490+0000] {dag.py:3036} INFO - Sync 1 DAGs
[2025-07-21T08:17:16.546+0000] {logging_mixin.py:188} INFO - [2025-07-21T08:17:16.546+0000] {dag.py:3823} INFO - Setting next_dagrun for example_params_trigger_ui to None, run_after=None
[2025-07-21T08:17:16.845+0000] {processor.py:183} INFO - Processing /home/airflow/.local/lib/python3.8/site-packages/airflow/example_dags/example_params_trigger_ui.py took 0.960 seconds
[2025-07-21T08:18:24.650+0000] {processor.py:161} INFO - Started process (PID=358) to work on /home/airflow/.local/lib/python3.8/site-packages/airflow/example_dags/example_params_trigger_ui.py
[2025-07-21T08:18:24.661+0000] {processor.py:830} INFO - Processing file /home/airflow/.local/lib/python3.8/site-packages/airflow/example_dags/example_params_trigger_ui.py for tasks to queue
[2025-07-21T08:18:24.687+0000] {logging_mixin.py:188} INFO - [2025-07-21T08:18:24.681+0000] {dagbag.py:538} INFO - Filling up the DagBag from /home/airflow/.local/lib/python3.8/site-packages/airflow/example_dags/example_params_trigger_ui.py
[2025-07-21T08:18:24.809+0000] {processor.py:840} INFO - DAG(s) 'example_params_trigger_ui' retrieved from /home/airflow/.local/lib/python3.8/site-packages/airflow/example_dags/example_params_trigger_ui.py
[2025-07-21T08:18:27.161+0000] {logging_mixin.py:188} INFO - [2025-07-21T08:18:27.161+0000] {dag.py:3036} INFO - Sync 1 DAGs
[2025-07-21T08:18:27.342+0000] {logging_mixin.py:188} INFO - [2025-07-21T08:18:27.342+0000] {dag.py:3823} INFO - Setting next_dagrun for example_params_trigger_ui to None, run_after=None
[2025-07-21T08:18:27.791+0000] {processor.py:183} INFO - Processing /home/airflow/.local/lib/python3.8/site-packages/airflow/example_dags/example_params_trigger_ui.py took 3.174 seconds
[2025-07-21T08:19:57.071+0000] {processor.py:161} INFO - Started process (PID=431) to work on /home/airflow/.local/lib/python3.8/site-packages/airflow/example_dags/example_params_trigger_ui.py
[2025-07-21T08:19:57.073+0000] {processor.py:830} INFO - Processing file /home/airflow/.local/lib/python3.8/site-packages/airflow/example_dags/example_params_trigger_ui.py for tasks to queue
[2025-07-21T08:19:57.078+0000] {logging_mixin.py:188} INFO - [2025-07-21T08:19:57.077+0000] {dagbag.py:538} INFO - Filling up the DagBag from /home/airflow/.local/lib/python3.8/site-packages/airflow/example_dags/example_params_trigger_ui.py
[2025-07-21T08:19:57.107+0000] {processor.py:840} INFO - DAG(s) 'example_params_trigger_ui' retrieved from /home/airflow/.local/lib/python3.8/site-packages/airflow/example_dags/example_params_trigger_ui.py
[2025-07-21T08:19:57.305+0000] {logging_mixin.py:188} INFO - [2025-07-21T08:19:57.305+0000] {dag.py:3036} INFO - Sync 1 DAGs
[2025-07-21T08:19:57.328+0000] {logging_mixin.py:188} INFO - [2025-07-21T08:19:57.328+0000] {dag.py:3823} INFO - Setting next_dagrun for example_params_trigger_ui to None, run_after=None
[2025-07-21T08:19:57.379+0000] {processor.py:183} INFO - Processing /home/airflow/.local/lib/python3.8/site-packages/airflow/example_dags/example_params_trigger_ui.py took 0.315 seconds
[2025-07-21T08:20:43.506+0000] {processor.py:161} INFO - Started process (PID=486) to work on /home/airflow/.local/lib/python3.8/site-packages/airflow/example_dags/example_params_trigger_ui.py
[2025-07-21T08:20:44.048+0000] {processor.py:830} INFO - Processing file /home/airflow/.local/lib/python3.8/site-packages/airflow/example_dags/example_params_trigger_ui.py for tasks to queue
[2025-07-21T08:20:44.113+0000] {logging_mixin.py:188} INFO - [2025-07-21T08:20:44.112+0000] {dagbag.py:538} INFO - Filling up the DagBag from /home/airflow/.local/lib/python3.8/site-packages/airflow/example_dags/example_params_trigger_ui.py
[2025-07-21T08:20:44.474+0000] {processor.py:840} INFO - DAG(s) 'example_params_trigger_ui' retrieved from /home/airflow/.local/lib/python3.8/site-packages/airflow/example_dags/example_params_trigger_ui.py
[2025-07-21T08:20:45.592+0000] {logging_mixin.py:188} INFO - [2025-07-21T08:20:45.591+0000] {dag.py:3036} INFO - Sync 1 DAGs
[2025-07-21T08:20:46.002+0000] {logging_mixin.py:188} INFO - [2025-07-21T08:20:46.001+0000] {dag.py:3823} INFO - Setting next_dagrun for example_params_trigger_ui to None, run_after=None
[2025-07-21T08:20:46.669+0000] {processor.py:183} INFO - Processing /home/airflow/.local/lib/python3.8/site-packages/airflow/example_dags/example_params_trigger_ui.py took 3.168 seconds
[2025-07-21T08:21:33.458+0000] {processor.py:161} INFO - Started process (PID=544) to work on /home/airflow/.local/lib/python3.8/site-packages/airflow/example_dags/example_params_trigger_ui.py
[2025-07-21T08:21:33.532+0000] {processor.py:830} INFO - Processing file /home/airflow/.local/lib/python3.8/site-packages/airflow/example_dags/example_params_trigger_ui.py for tasks to queue
[2025-07-21T08:21:33.536+0000] {logging_mixin.py:188} INFO - [2025-07-21T08:21:33.536+0000] {dagbag.py:538} INFO - Filling up the DagBag from /home/airflow/.local/lib/python3.8/site-packages/airflow/example_dags/example_params_trigger_ui.py
[2025-07-21T08:21:33.711+0000] {processor.py:840} INFO - DAG(s) 'example_params_trigger_ui' retrieved from /home/airflow/.local/lib/python3.8/site-packages/airflow/example_dags/example_params_trigger_ui.py
[2025-07-21T08:21:33.933+0000] {logging_mixin.py:188} INFO - [2025-07-21T08:21:33.933+0000] {dag.py:3036} INFO - Sync 1 DAGs
[2025-07-21T08:21:33.978+0000] {logging_mixin.py:188} INFO - [2025-07-21T08:21:33.977+0000] {dag.py:3823} INFO - Setting next_dagrun for example_params_trigger_ui to None, run_after=None
[2025-07-21T08:21:34.140+0000] {processor.py:183} INFO - Processing /home/airflow/.local/lib/python3.8/site-packages/airflow/example_dags/example_params_trigger_ui.py took 0.731 seconds
[2025-07-21T08:22:09.462+0000] {processor.py:161} INFO - Started process (PID=599) to work on /home/airflow/.local/lib/python3.8/site-packages/airflow/example_dags/example_params_trigger_ui.py
[2025-07-21T08:22:09.524+0000] {processor.py:830} INFO - Processing file /home/airflow/.local/lib/python3.8/site-packages/airflow/example_dags/example_params_trigger_ui.py for tasks to queue
[2025-07-21T08:22:09.600+0000] {logging_mixin.py:188} INFO - [2025-07-21T08:22:09.599+0000] {dagbag.py:538} INFO - Filling up the DagBag from /home/airflow/.local/lib/python3.8/site-packages/airflow/example_dags/example_params_trigger_ui.py
[2025-07-21T08:22:10.004+0000] {processor.py:840} INFO - DAG(s) 'example_params_trigger_ui' retrieved from /home/airflow/.local/lib/python3.8/site-packages/airflow/example_dags/example_params_trigger_ui.py
[2025-07-21T08:22:10.615+0000] {logging_mixin.py:188} INFO - [2025-07-21T08:22:10.614+0000] {dag.py:3036} INFO - Sync 1 DAGs
[2025-07-21T08:22:10.756+0000] {logging_mixin.py:188} INFO - [2025-07-21T08:22:10.755+0000] {dag.py:3823} INFO - Setting next_dagrun for example_params_trigger_ui to None, run_after=None
[2025-07-21T08:22:11.062+0000] {processor.py:183} INFO - Processing /home/airflow/.local/lib/python3.8/site-packages/airflow/example_dags/example_params_trigger_ui.py took 1.710 seconds
[2025-07-21T08:22:41.260+0000] {processor.py:161} INFO - Started process (PID=653) to work on /home/airflow/.local/lib/python3.8/site-packages/airflow/example_dags/example_params_trigger_ui.py
[2025-07-21T08:22:41.263+0000] {processor.py:830} INFO - Processing file /home/airflow/.local/lib/python3.8/site-packages/airflow/example_dags/example_params_trigger_ui.py for tasks to queue
[2025-07-21T08:22:41.269+0000] {logging_mixin.py:188} INFO - [2025-07-21T08:22:41.268+0000] {dagbag.py:538} INFO - Filling up the DagBag from /home/airflow/.local/lib/python3.8/site-packages/airflow/example_dags/example_params_trigger_ui.py
[2025-07-21T08:22:41.361+0000] {processor.py:840} INFO - DAG(s) 'example_params_trigger_ui' retrieved from /home/airflow/.local/lib/python3.8/site-packages/airflow/example_dags/example_params_trigger_ui.py
[2025-07-21T08:22:42.171+0000] {logging_mixin.py:188} INFO - [2025-07-21T08:22:42.170+0000] {dag.py:3036} INFO - Sync 1 DAGs
[2025-07-21T08:22:42.321+0000] {logging_mixin.py:188} INFO - [2025-07-21T08:22:42.315+0000] {dag.py:3823} INFO - Setting next_dagrun for example_params_trigger_ui to None, run_after=None
[2025-07-21T08:22:42.570+0000] {processor.py:183} INFO - Processing /home/airflow/.local/lib/python3.8/site-packages/airflow/example_dags/example_params_trigger_ui.py took 1.325 seconds
[2025-07-21T08:23:18.195+0000] {processor.py:161} INFO - Started process (PID=708) to work on /home/airflow/.local/lib/python3.8/site-packages/airflow/example_dags/example_params_trigger_ui.py
[2025-07-21T08:23:18.199+0000] {processor.py:830} INFO - Processing file /home/airflow/.local/lib/python3.8/site-packages/airflow/example_dags/example_params_trigger_ui.py for tasks to queue
[2025-07-21T08:23:18.214+0000] {logging_mixin.py:188} INFO - [2025-07-21T08:23:18.214+0000] {dagbag.py:538} INFO - Filling up the DagBag from /home/airflow/.local/lib/python3.8/site-packages/airflow/example_dags/example_params_trigger_ui.py
[2025-07-21T08:23:18.278+0000] {processor.py:840} INFO - DAG(s) 'example_params_trigger_ui' retrieved from /home/airflow/.local/lib/python3.8/site-packages/airflow/example_dags/example_params_trigger_ui.py
[2025-07-21T08:23:18.539+0000] {logging_mixin.py:188} INFO - [2025-07-21T08:23:18.539+0000] {dag.py:3036} INFO - Sync 1 DAGs
[2025-07-21T08:23:18.593+0000] {logging_mixin.py:188} INFO - [2025-07-21T08:23:18.593+0000] {dag.py:3823} INFO - Setting next_dagrun for example_params_trigger_ui to None, run_after=None
[2025-07-21T08:23:18.676+0000] {processor.py:183} INFO - Processing /home/airflow/.local/lib/python3.8/site-packages/airflow/example_dags/example_params_trigger_ui.py took 0.500 seconds
[2025-07-21T08:23:48.936+0000] {processor.py:161} INFO - Started process (PID=756) to work on /home/airflow/.local/lib/python3.8/site-packages/airflow/example_dags/example_params_trigger_ui.py
[2025-07-21T08:23:48.952+0000] {processor.py:830} INFO - Processing file /home/airflow/.local/lib/python3.8/site-packages/airflow/example_dags/example_params_trigger_ui.py for tasks to queue
[2025-07-21T08:23:48.963+0000] {logging_mixin.py:188} INFO - [2025-07-21T08:23:48.962+0000] {dagbag.py:538} INFO - Filling up the DagBag from /home/airflow/.local/lib/python3.8/site-packages/airflow/example_dags/example_params_trigger_ui.py
[2025-07-21T08:23:49.026+0000] {processor.py:840} INFO - DAG(s) 'example_params_trigger_ui' retrieved from /home/airflow/.local/lib/python3.8/site-packages/airflow/example_dags/example_params_trigger_ui.py
[2025-07-21T08:23:49.363+0000] {logging_mixin.py:188} INFO - [2025-07-21T08:23:49.362+0000] {dag.py:3036} INFO - Sync 1 DAGs
[2025-07-21T08:23:49.388+0000] {logging_mixin.py:188} INFO - [2025-07-21T08:23:49.387+0000] {dag.py:3823} INFO - Setting next_dagrun for example_params_trigger_ui to None, run_after=None
[2025-07-21T08:23:49.430+0000] {processor.py:183} INFO - Processing /home/airflow/.local/lib/python3.8/site-packages/airflow/example_dags/example_params_trigger_ui.py took 0.501 seconds
[2025-07-21T08:24:29.967+0000] {processor.py:161} INFO - Started process (PID=814) to work on /home/airflow/.local/lib/python3.8/site-packages/airflow/example_dags/example_params_trigger_ui.py
[2025-07-21T08:24:29.969+0000] {processor.py:830} INFO - Processing file /home/airflow/.local/lib/python3.8/site-packages/airflow/example_dags/example_params_trigger_ui.py for tasks to queue
[2025-07-21T08:24:29.984+0000] {logging_mixin.py:188} INFO - [2025-07-21T08:24:29.973+0000] {dagbag.py:538} INFO - Filling up the DagBag from /home/airflow/.local/lib/python3.8/site-packages/airflow/example_dags/example_params_trigger_ui.py
[2025-07-21T08:24:30.032+0000] {processor.py:840} INFO - DAG(s) 'example_params_trigger_ui' retrieved from /home/airflow/.local/lib/python3.8/site-packages/airflow/example_dags/example_params_trigger_ui.py
[2025-07-21T08:24:30.483+0000] {logging_mixin.py:188} INFO - [2025-07-21T08:24:30.482+0000] {dag.py:3036} INFO - Sync 1 DAGs
[2025-07-21T08:24:30.516+0000] {logging_mixin.py:188} INFO - [2025-07-21T08:24:30.516+0000] {dag.py:3823} INFO - Setting next_dagrun for example_params_trigger_ui to None, run_after=None
[2025-07-21T08:24:30.710+0000] {processor.py:183} INFO - Processing /home/airflow/.local/lib/python3.8/site-packages/airflow/example_dags/example_params_trigger_ui.py took 0.750 seconds
[2025-07-21T08:25:02.340+0000] {processor.py:161} INFO - Started process (PID=869) to work on /home/airflow/.local/lib/python3.8/site-packages/airflow/example_dags/example_params_trigger_ui.py
[2025-07-21T08:25:02.342+0000] {processor.py:830} INFO - Processing file /home/airflow/.local/lib/python3.8/site-packages/airflow/example_dags/example_params_trigger_ui.py for tasks to queue
[2025-07-21T08:25:02.375+0000] {logging_mixin.py:188} INFO - [2025-07-21T08:25:02.374+0000] {dagbag.py:538} INFO - Filling up the DagBag from /home/airflow/.local/lib/python3.8/site-packages/airflow/example_dags/example_params_trigger_ui.py
[2025-07-21T08:25:02.504+0000] {processor.py:840} INFO - DAG(s) 'example_params_trigger_ui' retrieved from /home/airflow/.local/lib/python3.8/site-packages/airflow/example_dags/example_params_trigger_ui.py
[2025-07-21T08:25:02.764+0000] {logging_mixin.py:188} INFO - [2025-07-21T08:25:02.763+0000] {dag.py:3036} INFO - Sync 1 DAGs
[2025-07-21T08:25:02.808+0000] {logging_mixin.py:188} INFO - [2025-07-21T08:25:02.807+0000] {dag.py:3823} INFO - Setting next_dagrun for example_params_trigger_ui to None, run_after=None
[2025-07-21T08:25:03.005+0000] {processor.py:183} INFO - Processing /home/airflow/.local/lib/python3.8/site-packages/airflow/example_dags/example_params_trigger_ui.py took 0.695 seconds
[2025-07-21T08:25:33.442+0000] {processor.py:161} INFO - Started process (PID=925) to work on /home/airflow/.local/lib/python3.8/site-packages/airflow/example_dags/example_params_trigger_ui.py
[2025-07-21T08:25:33.466+0000] {processor.py:830} INFO - Processing file /home/airflow/.local/lib/python3.8/site-packages/airflow/example_dags/example_params_trigger_ui.py for tasks to queue
[2025-07-21T08:25:33.470+0000] {logging_mixin.py:188} INFO - [2025-07-21T08:25:33.470+0000] {dagbag.py:538} INFO - Filling up the DagBag from /home/airflow/.local/lib/python3.8/site-packages/airflow/example_dags/example_params_trigger_ui.py
[2025-07-21T08:25:33.595+0000] {processor.py:840} INFO - DAG(s) 'example_params_trigger_ui' retrieved from /home/airflow/.local/lib/python3.8/site-packages/airflow/example_dags/example_params_trigger_ui.py
[2025-07-21T08:25:34.052+0000] {logging_mixin.py:188} INFO - [2025-07-21T08:25:34.051+0000] {dag.py:3036} INFO - Sync 1 DAGs
[2025-07-21T08:25:34.178+0000] {logging_mixin.py:188} INFO - [2025-07-21T08:25:34.177+0000] {dag.py:3823} INFO - Setting next_dagrun for example_params_trigger_ui to None, run_after=None
[2025-07-21T08:25:34.253+0000] {processor.py:183} INFO - Processing /home/airflow/.local/lib/python3.8/site-packages/airflow/example_dags/example_params_trigger_ui.py took 0.822 seconds
[2025-07-21T08:26:04.913+0000] {processor.py:161} INFO - Started process (PID=980) to work on /home/airflow/.local/lib/python3.8/site-packages/airflow/example_dags/example_params_trigger_ui.py
[2025-07-21T08:26:04.919+0000] {processor.py:830} INFO - Processing file /home/airflow/.local/lib/python3.8/site-packages/airflow/example_dags/example_params_trigger_ui.py for tasks to queue
[2025-07-21T08:26:04.934+0000] {logging_mixin.py:188} INFO - [2025-07-21T08:26:04.933+0000] {dagbag.py:538} INFO - Filling up the DagBag from /home/airflow/.local/lib/python3.8/site-packages/airflow/example_dags/example_params_trigger_ui.py
[2025-07-21T08:26:05.062+0000] {processor.py:840} INFO - DAG(s) 'example_params_trigger_ui' retrieved from /home/airflow/.local/lib/python3.8/site-packages/airflow/example_dags/example_params_trigger_ui.py
[2025-07-21T08:26:05.893+0000] {logging_mixin.py:188} INFO - [2025-07-21T08:26:05.893+0000] {dag.py:3036} INFO - Sync 1 DAGs
[2025-07-21T08:26:06.155+0000] {logging_mixin.py:188} INFO - [2025-07-21T08:26:06.155+0000] {dag.py:3823} INFO - Setting next_dagrun for example_params_trigger_ui to None, run_after=None
[2025-07-21T08:26:06.282+0000] {processor.py:183} INFO - Processing /home/airflow/.local/lib/python3.8/site-packages/airflow/example_dags/example_params_trigger_ui.py took 1.395 seconds
[2025-07-21T08:26:39.593+0000] {processor.py:161} INFO - Started process (PID=1036) to work on /home/airflow/.local/lib/python3.8/site-packages/airflow/example_dags/example_params_trigger_ui.py
[2025-07-21T08:26:39.596+0000] {processor.py:830} INFO - Processing file /home/airflow/.local/lib/python3.8/site-packages/airflow/example_dags/example_params_trigger_ui.py for tasks to queue
[2025-07-21T08:26:39.610+0000] {logging_mixin.py:188} INFO - [2025-07-21T08:26:39.609+0000] {dagbag.py:538} INFO - Filling up the DagBag from /home/airflow/.local/lib/python3.8/site-packages/airflow/example_dags/example_params_trigger_ui.py
[2025-07-21T08:26:39.690+0000] {processor.py:840} INFO - DAG(s) 'example_params_trigger_ui' retrieved from /home/airflow/.local/lib/python3.8/site-packages/airflow/example_dags/example_params_trigger_ui.py
[2025-07-21T08:26:40.021+0000] {logging_mixin.py:188} INFO - [2025-07-21T08:26:40.020+0000] {dag.py:3036} INFO - Sync 1 DAGs
[2025-07-21T08:26:40.135+0000] {logging_mixin.py:188} INFO - [2025-07-21T08:26:40.135+0000] {dag.py:3823} INFO - Setting next_dagrun for example_params_trigger_ui to None, run_after=None
[2025-07-21T08:26:40.293+0000] {processor.py:183} INFO - Processing /home/airflow/.local/lib/python3.8/site-packages/airflow/example_dags/example_params_trigger_ui.py took 0.717 seconds
[2025-07-21T08:27:10.435+0000] {processor.py:161} INFO - Started process (PID=1090) to work on /home/airflow/.local/lib/python3.8/site-packages/airflow/example_dags/example_params_trigger_ui.py
[2025-07-21T08:27:10.443+0000] {processor.py:830} INFO - Processing file /home/airflow/.local/lib/python3.8/site-packages/airflow/example_dags/example_params_trigger_ui.py for tasks to queue
[2025-07-21T08:27:10.449+0000] {logging_mixin.py:188} INFO - [2025-07-21T08:27:10.448+0000] {dagbag.py:538} INFO - Filling up the DagBag from /home/airflow/.local/lib/python3.8/site-packages/airflow/example_dags/example_params_trigger_ui.py
[2025-07-21T08:27:10.600+0000] {processor.py:840} INFO - DAG(s) 'example_params_trigger_ui' retrieved from /home/airflow/.local/lib/python3.8/site-packages/airflow/example_dags/example_params_trigger_ui.py
[2025-07-21T08:27:10.853+0000] {logging_mixin.py:188} INFO - [2025-07-21T08:27:10.853+0000] {dag.py:3036} INFO - Sync 1 DAGs
[2025-07-21T08:27:10.906+0000] {logging_mixin.py:188} INFO - [2025-07-21T08:27:10.906+0000] {dag.py:3823} INFO - Setting next_dagrun for example_params_trigger_ui to None, run_after=None
[2025-07-21T08:27:10.994+0000] {processor.py:183} INFO - Processing /home/airflow/.local/lib/python3.8/site-packages/airflow/example_dags/example_params_trigger_ui.py took 0.583 seconds
[2025-07-21T08:27:41.250+0000] {processor.py:161} INFO - Started process (PID=1145) to work on /home/airflow/.local/lib/python3.8/site-packages/airflow/example_dags/example_params_trigger_ui.py
[2025-07-21T08:27:41.253+0000] {processor.py:830} INFO - Processing file /home/airflow/.local/lib/python3.8/site-packages/airflow/example_dags/example_params_trigger_ui.py for tasks to queue
[2025-07-21T08:27:41.263+0000] {logging_mixin.py:188} INFO - [2025-07-21T08:27:41.262+0000] {dagbag.py:538} INFO - Filling up the DagBag from /home/airflow/.local/lib/python3.8/site-packages/airflow/example_dags/example_params_trigger_ui.py
[2025-07-21T08:27:41.365+0000] {processor.py:840} INFO - DAG(s) 'example_params_trigger_ui' retrieved from /home/airflow/.local/lib/python3.8/site-packages/airflow/example_dags/example_params_trigger_ui.py
[2025-07-21T08:27:41.990+0000] {logging_mixin.py:188} INFO - [2025-07-21T08:27:41.989+0000] {dag.py:3036} INFO - Sync 1 DAGs
[2025-07-21T08:27:42.127+0000] {logging_mixin.py:188} INFO - [2025-07-21T08:27:42.126+0000] {dag.py:3823} INFO - Setting next_dagrun for example_params_trigger_ui to None, run_after=None
[2025-07-21T08:27:42.200+0000] {processor.py:183} INFO - Processing /home/airflow/.local/lib/python3.8/site-packages/airflow/example_dags/example_params_trigger_ui.py took 0.966 seconds
[2025-07-21T08:28:12.551+0000] {processor.py:161} INFO - Started process (PID=1200) to work on /home/airflow/.local/lib/python3.8/site-packages/airflow/example_dags/example_params_trigger_ui.py
[2025-07-21T08:28:12.576+0000] {processor.py:830} INFO - Processing file /home/airflow/.local/lib/python3.8/site-packages/airflow/example_dags/example_params_trigger_ui.py for tasks to queue
[2025-07-21T08:28:12.593+0000] {logging_mixin.py:188} INFO - [2025-07-21T08:28:12.592+0000] {dagbag.py:538} INFO - Filling up the DagBag from /home/airflow/.local/lib/python3.8/site-packages/airflow/example_dags/example_params_trigger_ui.py
[2025-07-21T08:28:12.712+0000] {processor.py:840} INFO - DAG(s) 'example_params_trigger_ui' retrieved from /home/airflow/.local/lib/python3.8/site-packages/airflow/example_dags/example_params_trigger_ui.py
[2025-07-21T08:28:12.991+0000] {logging_mixin.py:188} INFO - [2025-07-21T08:28:12.990+0000] {dag.py:3036} INFO - Sync 1 DAGs
[2025-07-21T08:28:13.027+0000] {logging_mixin.py:188} INFO - [2025-07-21T08:28:13.027+0000] {dag.py:3823} INFO - Setting next_dagrun for example_params_trigger_ui to None, run_after=None
[2025-07-21T08:28:13.099+0000] {processor.py:183} INFO - Processing /home/airflow/.local/lib/python3.8/site-packages/airflow/example_dags/example_params_trigger_ui.py took 0.580 seconds
[2025-07-21T08:28:45.533+0000] {processor.py:161} INFO - Started process (PID=1255) to work on /home/airflow/.local/lib/python3.8/site-packages/airflow/example_dags/example_params_trigger_ui.py
[2025-07-21T08:28:45.548+0000] {processor.py:830} INFO - Processing file /home/airflow/.local/lib/python3.8/site-packages/airflow/example_dags/example_params_trigger_ui.py for tasks to queue
[2025-07-21T08:28:45.567+0000] {logging_mixin.py:188} INFO - [2025-07-21T08:28:45.567+0000] {dagbag.py:538} INFO - Filling up the DagBag from /home/airflow/.local/lib/python3.8/site-packages/airflow/example_dags/example_params_trigger_ui.py
[2025-07-21T08:28:45.666+0000] {processor.py:840} INFO - DAG(s) 'example_params_trigger_ui' retrieved from /home/airflow/.local/lib/python3.8/site-packages/airflow/example_dags/example_params_trigger_ui.py
[2025-07-21T08:28:45.984+0000] {logging_mixin.py:188} INFO - [2025-07-21T08:28:45.984+0000] {dag.py:3036} INFO - Sync 1 DAGs
[2025-07-21T08:28:46.035+0000] {logging_mixin.py:188} INFO - [2025-07-21T08:28:46.035+0000] {dag.py:3823} INFO - Setting next_dagrun for example_params_trigger_ui to None, run_after=None
[2025-07-21T08:28:46.116+0000] {processor.py:183} INFO - Processing /home/airflow/.local/lib/python3.8/site-packages/airflow/example_dags/example_params_trigger_ui.py took 0.622 seconds
[2025-07-21T08:29:18.199+0000] {processor.py:161} INFO - Started process (PID=1310) to work on /home/airflow/.local/lib/python3.8/site-packages/airflow/example_dags/example_params_trigger_ui.py
[2025-07-21T08:29:18.202+0000] {processor.py:830} INFO - Processing file /home/airflow/.local/lib/python3.8/site-packages/airflow/example_dags/example_params_trigger_ui.py for tasks to queue
[2025-07-21T08:29:18.207+0000] {logging_mixin.py:188} INFO - [2025-07-21T08:29:18.206+0000] {dagbag.py:538} INFO - Filling up the DagBag from /home/airflow/.local/lib/python3.8/site-packages/airflow/example_dags/example_params_trigger_ui.py
[2025-07-21T08:29:18.266+0000] {processor.py:840} INFO - DAG(s) 'example_params_trigger_ui' retrieved from /home/airflow/.local/lib/python3.8/site-packages/airflow/example_dags/example_params_trigger_ui.py
[2025-07-21T08:29:18.515+0000] {logging_mixin.py:188} INFO - [2025-07-21T08:29:18.514+0000] {dag.py:3036} INFO - Sync 1 DAGs
[2025-07-21T08:29:18.539+0000] {logging_mixin.py:188} INFO - [2025-07-21T08:29:18.538+0000] {dag.py:3823} INFO - Setting next_dagrun for example_params_trigger_ui to None, run_after=None
[2025-07-21T08:29:18.589+0000] {processor.py:183} INFO - Processing /home/airflow/.local/lib/python3.8/site-packages/airflow/example_dags/example_params_trigger_ui.py took 0.405 seconds
[2025-07-21T08:29:48.729+0000] {processor.py:161} INFO - Started process (PID=1365) to work on /home/airflow/.local/lib/python3.8/site-packages/airflow/example_dags/example_params_trigger_ui.py
[2025-07-21T08:29:48.733+0000] {processor.py:830} INFO - Processing file /home/airflow/.local/lib/python3.8/site-packages/airflow/example_dags/example_params_trigger_ui.py for tasks to queue
[2025-07-21T08:29:48.755+0000] {logging_mixin.py:188} INFO - [2025-07-21T08:29:48.755+0000] {dagbag.py:538} INFO - Filling up the DagBag from /home/airflow/.local/lib/python3.8/site-packages/airflow/example_dags/example_params_trigger_ui.py
[2025-07-21T08:29:48.796+0000] {processor.py:840} INFO - DAG(s) 'example_params_trigger_ui' retrieved from /home/airflow/.local/lib/python3.8/site-packages/airflow/example_dags/example_params_trigger_ui.py
[2025-07-21T08:29:49.049+0000] {logging_mixin.py:188} INFO - [2025-07-21T08:29:49.049+0000] {dag.py:3036} INFO - Sync 1 DAGs
[2025-07-21T08:29:49.085+0000] {logging_mixin.py:188} INFO - [2025-07-21T08:29:49.084+0000] {dag.py:3823} INFO - Setting next_dagrun for example_params_trigger_ui to None, run_after=None
[2025-07-21T08:29:49.147+0000] {processor.py:183} INFO - Processing /home/airflow/.local/lib/python3.8/site-packages/airflow/example_dags/example_params_trigger_ui.py took 0.441 seconds
[2025-07-21T08:30:19.607+0000] {processor.py:161} INFO - Started process (PID=1421) to work on /home/airflow/.local/lib/python3.8/site-packages/airflow/example_dags/example_params_trigger_ui.py
[2025-07-21T08:30:19.631+0000] {processor.py:830} INFO - Processing file /home/airflow/.local/lib/python3.8/site-packages/airflow/example_dags/example_params_trigger_ui.py for tasks to queue
[2025-07-21T08:30:19.649+0000] {logging_mixin.py:188} INFO - [2025-07-21T08:30:19.648+0000] {dagbag.py:538} INFO - Filling up the DagBag from /home/airflow/.local/lib/python3.8/site-packages/airflow/example_dags/example_params_trigger_ui.py
[2025-07-21T08:30:19.827+0000] {processor.py:840} INFO - DAG(s) 'example_params_trigger_ui' retrieved from /home/airflow/.local/lib/python3.8/site-packages/airflow/example_dags/example_params_trigger_ui.py
[2025-07-21T08:30:20.246+0000] {logging_mixin.py:188} INFO - [2025-07-21T08:30:20.245+0000] {dag.py:3036} INFO - Sync 1 DAGs
[2025-07-21T08:30:20.351+0000] {logging_mixin.py:188} INFO - [2025-07-21T08:30:20.351+0000] {dag.py:3823} INFO - Setting next_dagrun for example_params_trigger_ui to None, run_after=None
[2025-07-21T08:30:20.498+0000] {processor.py:183} INFO - Processing /home/airflow/.local/lib/python3.8/site-packages/airflow/example_dags/example_params_trigger_ui.py took 0.915 seconds
[2025-07-21T08:30:54.339+0000] {processor.py:161} INFO - Started process (PID=1476) to work on /home/airflow/.local/lib/python3.8/site-packages/airflow/example_dags/example_params_trigger_ui.py
[2025-07-21T08:30:54.343+0000] {processor.py:830} INFO - Processing file /home/airflow/.local/lib/python3.8/site-packages/airflow/example_dags/example_params_trigger_ui.py for tasks to queue
[2025-07-21T08:30:54.370+0000] {logging_mixin.py:188} INFO - [2025-07-21T08:30:54.370+0000] {dagbag.py:538} INFO - Filling up the DagBag from /home/airflow/.local/lib/python3.8/site-packages/airflow/example_dags/example_params_trigger_ui.py
[2025-07-21T08:30:54.473+0000] {processor.py:840} INFO - DAG(s) 'example_params_trigger_ui' retrieved from /home/airflow/.local/lib/python3.8/site-packages/airflow/example_dags/example_params_trigger_ui.py
[2025-07-21T08:30:54.700+0000] {logging_mixin.py:188} INFO - [2025-07-21T08:30:54.700+0000] {dag.py:3036} INFO - Sync 1 DAGs
[2025-07-21T08:30:54.789+0000] {logging_mixin.py:188} INFO - [2025-07-21T08:30:54.789+0000] {dag.py:3823} INFO - Setting next_dagrun for example_params_trigger_ui to None, run_after=None
[2025-07-21T08:30:54.995+0000] {processor.py:183} INFO - Processing /home/airflow/.local/lib/python3.8/site-packages/airflow/example_dags/example_params_trigger_ui.py took 0.662 seconds
[2025-07-21T08:31:25.475+0000] {processor.py:161} INFO - Started process (PID=1531) to work on /home/airflow/.local/lib/python3.8/site-packages/airflow/example_dags/example_params_trigger_ui.py
[2025-07-21T08:31:25.478+0000] {processor.py:830} INFO - Processing file /home/airflow/.local/lib/python3.8/site-packages/airflow/example_dags/example_params_trigger_ui.py for tasks to queue
[2025-07-21T08:31:25.484+0000] {logging_mixin.py:188} INFO - [2025-07-21T08:31:25.483+0000] {dagbag.py:538} INFO - Filling up the DagBag from /home/airflow/.local/lib/python3.8/site-packages/airflow/example_dags/example_params_trigger_ui.py
[2025-07-21T08:31:25.519+0000] {processor.py:840} INFO - DAG(s) 'example_params_trigger_ui' retrieved from /home/airflow/.local/lib/python3.8/site-packages/airflow/example_dags/example_params_trigger_ui.py
[2025-07-21T08:31:25.627+0000] {logging_mixin.py:188} INFO - [2025-07-21T08:31:25.627+0000] {dag.py:3036} INFO - Sync 1 DAGs
[2025-07-21T08:31:25.660+0000] {logging_mixin.py:188} INFO - [2025-07-21T08:31:25.659+0000] {dag.py:3823} INFO - Setting next_dagrun for example_params_trigger_ui to None, run_after=None
[2025-07-21T08:31:25.694+0000] {processor.py:183} INFO - Processing /home/airflow/.local/lib/python3.8/site-packages/airflow/example_dags/example_params_trigger_ui.py took 0.232 seconds
[2025-07-21T08:31:57.212+0000] {processor.py:161} INFO - Started process (PID=1592) to work on /home/airflow/.local/lib/python3.8/site-packages/airflow/example_dags/example_params_trigger_ui.py
[2025-07-21T08:31:57.227+0000] {processor.py:830} INFO - Processing file /home/airflow/.local/lib/python3.8/site-packages/airflow/example_dags/example_params_trigger_ui.py for tasks to queue
[2025-07-21T08:31:57.246+0000] {logging_mixin.py:188} INFO - [2025-07-21T08:31:57.245+0000] {dagbag.py:538} INFO - Filling up the DagBag from /home/airflow/.local/lib/python3.8/site-packages/airflow/example_dags/example_params_trigger_ui.py
[2025-07-21T08:31:57.411+0000] {processor.py:840} INFO - DAG(s) 'example_params_trigger_ui' retrieved from /home/airflow/.local/lib/python3.8/site-packages/airflow/example_dags/example_params_trigger_ui.py
[2025-07-21T08:31:58.406+0000] {logging_mixin.py:188} INFO - [2025-07-21T08:31:58.406+0000] {dag.py:3036} INFO - Sync 1 DAGs
[2025-07-21T08:31:58.528+0000] {logging_mixin.py:188} INFO - [2025-07-21T08:31:58.528+0000] {dag.py:3823} INFO - Setting next_dagrun for example_params_trigger_ui to None, run_after=None
[2025-07-21T08:31:58.745+0000] {processor.py:183} INFO - Processing /home/airflow/.local/lib/python3.8/site-packages/airflow/example_dags/example_params_trigger_ui.py took 1.551 seconds
[2025-07-21T08:32:29.311+0000] {processor.py:161} INFO - Started process (PID=1648) to work on /home/airflow/.local/lib/python3.8/site-packages/airflow/example_dags/example_params_trigger_ui.py
[2025-07-21T08:32:29.324+0000] {processor.py:830} INFO - Processing file /home/airflow/.local/lib/python3.8/site-packages/airflow/example_dags/example_params_trigger_ui.py for tasks to queue
[2025-07-21T08:32:29.344+0000] {logging_mixin.py:188} INFO - [2025-07-21T08:32:29.343+0000] {dagbag.py:538} INFO - Filling up the DagBag from /home/airflow/.local/lib/python3.8/site-packages/airflow/example_dags/example_params_trigger_ui.py
[2025-07-21T08:32:29.425+0000] {processor.py:840} INFO - DAG(s) 'example_params_trigger_ui' retrieved from /home/airflow/.local/lib/python3.8/site-packages/airflow/example_dags/example_params_trigger_ui.py
[2025-07-21T08:32:29.651+0000] {logging_mixin.py:188} INFO - [2025-07-21T08:32:29.638+0000] {dag.py:3036} INFO - Sync 1 DAGs
[2025-07-21T08:32:29.869+0000] {logging_mixin.py:188} INFO - [2025-07-21T08:32:29.869+0000] {dag.py:3823} INFO - Setting next_dagrun for example_params_trigger_ui to None, run_after=None
[2025-07-21T08:32:29.997+0000] {processor.py:183} INFO - Processing /home/airflow/.local/lib/python3.8/site-packages/airflow/example_dags/example_params_trigger_ui.py took 0.697 seconds
[2025-07-21T08:33:00.263+0000] {processor.py:161} INFO - Started process (PID=1703) to work on /home/airflow/.local/lib/python3.8/site-packages/airflow/example_dags/example_params_trigger_ui.py
[2025-07-21T08:33:00.266+0000] {processor.py:830} INFO - Processing file /home/airflow/.local/lib/python3.8/site-packages/airflow/example_dags/example_params_trigger_ui.py for tasks to queue
[2025-07-21T08:33:00.272+0000] {logging_mixin.py:188} INFO - [2025-07-21T08:33:00.272+0000] {dagbag.py:538} INFO - Filling up the DagBag from /home/airflow/.local/lib/python3.8/site-packages/airflow/example_dags/example_params_trigger_ui.py
[2025-07-21T08:33:00.316+0000] {processor.py:840} INFO - DAG(s) 'example_params_trigger_ui' retrieved from /home/airflow/.local/lib/python3.8/site-packages/airflow/example_dags/example_params_trigger_ui.py
[2025-07-21T08:33:00.526+0000] {logging_mixin.py:188} INFO - [2025-07-21T08:33:00.525+0000] {dag.py:3036} INFO - Sync 1 DAGs
[2025-07-21T08:33:00.564+0000] {logging_mixin.py:188} INFO - [2025-07-21T08:33:00.563+0000] {dag.py:3823} INFO - Setting next_dagrun for example_params_trigger_ui to None, run_after=None
[2025-07-21T08:33:00.615+0000] {processor.py:183} INFO - Processing /home/airflow/.local/lib/python3.8/site-packages/airflow/example_dags/example_params_trigger_ui.py took 0.366 seconds
[2025-07-21T08:33:31.443+0000] {processor.py:161} INFO - Started process (PID=1758) to work on /home/airflow/.local/lib/python3.8/site-packages/airflow/example_dags/example_params_trigger_ui.py
[2025-07-21T08:33:31.448+0000] {processor.py:830} INFO - Processing file /home/airflow/.local/lib/python3.8/site-packages/airflow/example_dags/example_params_trigger_ui.py for tasks to queue
[2025-07-21T08:33:31.454+0000] {logging_mixin.py:188} INFO - [2025-07-21T08:33:31.453+0000] {dagbag.py:538} INFO - Filling up the DagBag from /home/airflow/.local/lib/python3.8/site-packages/airflow/example_dags/example_params_trigger_ui.py
[2025-07-21T08:33:31.531+0000] {processor.py:840} INFO - DAG(s) 'example_params_trigger_ui' retrieved from /home/airflow/.local/lib/python3.8/site-packages/airflow/example_dags/example_params_trigger_ui.py
[2025-07-21T08:33:31.735+0000] {logging_mixin.py:188} INFO - [2025-07-21T08:33:31.735+0000] {dag.py:3036} INFO - Sync 1 DAGs
[2025-07-21T08:33:31.857+0000] {logging_mixin.py:188} INFO - [2025-07-21T08:33:31.857+0000] {dag.py:3823} INFO - Setting next_dagrun for example_params_trigger_ui to None, run_after=None
[2025-07-21T08:33:31.987+0000] {processor.py:183} INFO - Processing /home/airflow/.local/lib/python3.8/site-packages/airflow/example_dags/example_params_trigger_ui.py took 0.560 seconds
[2025-07-21T08:34:02.503+0000] {processor.py:161} INFO - Started process (PID=1813) to work on /home/airflow/.local/lib/python3.8/site-packages/airflow/example_dags/example_params_trigger_ui.py
[2025-07-21T08:34:02.506+0000] {processor.py:830} INFO - Processing file /home/airflow/.local/lib/python3.8/site-packages/airflow/example_dags/example_params_trigger_ui.py for tasks to queue
[2025-07-21T08:34:02.536+0000] {logging_mixin.py:188} INFO - [2025-07-21T08:34:02.535+0000] {dagbag.py:538} INFO - Filling up the DagBag from /home/airflow/.local/lib/python3.8/site-packages/airflow/example_dags/example_params_trigger_ui.py
[2025-07-21T08:34:02.779+0000] {processor.py:840} INFO - DAG(s) 'example_params_trigger_ui' retrieved from /home/airflow/.local/lib/python3.8/site-packages/airflow/example_dags/example_params_trigger_ui.py
[2025-07-21T08:34:03.172+0000] {logging_mixin.py:188} INFO - [2025-07-21T08:34:03.172+0000] {dag.py:3036} INFO - Sync 1 DAGs
[2025-07-21T08:34:03.344+0000] {logging_mixin.py:188} INFO - [2025-07-21T08:34:03.344+0000] {dag.py:3823} INFO - Setting next_dagrun for example_params_trigger_ui to None, run_after=None
[2025-07-21T08:34:03.387+0000] {processor.py:183} INFO - Processing /home/airflow/.local/lib/python3.8/site-packages/airflow/example_dags/example_params_trigger_ui.py took 0.896 seconds
[2025-07-21T08:34:36.214+0000] {processor.py:161} INFO - Started process (PID=1866) to work on /home/airflow/.local/lib/python3.8/site-packages/airflow/example_dags/example_params_trigger_ui.py
[2025-07-21T08:34:36.228+0000] {processor.py:830} INFO - Processing file /home/airflow/.local/lib/python3.8/site-packages/airflow/example_dags/example_params_trigger_ui.py for tasks to queue
[2025-07-21T08:34:36.232+0000] {logging_mixin.py:188} INFO - [2025-07-21T08:34:36.232+0000] {dagbag.py:538} INFO - Filling up the DagBag from /home/airflow/.local/lib/python3.8/site-packages/airflow/example_dags/example_params_trigger_ui.py
[2025-07-21T08:34:36.307+0000] {processor.py:840} INFO - DAG(s) 'example_params_trigger_ui' retrieved from /home/airflow/.local/lib/python3.8/site-packages/airflow/example_dags/example_params_trigger_ui.py
[2025-07-21T08:34:36.610+0000] {logging_mixin.py:188} INFO - [2025-07-21T08:34:36.609+0000] {dag.py:3036} INFO - Sync 1 DAGs
[2025-07-21T08:34:36.840+0000] {logging_mixin.py:188} INFO - [2025-07-21T08:34:36.840+0000] {dag.py:3823} INFO - Setting next_dagrun for example_params_trigger_ui to None, run_after=None
[2025-07-21T08:34:37.217+0000] {processor.py:183} INFO - Processing /home/airflow/.local/lib/python3.8/site-packages/airflow/example_dags/example_params_trigger_ui.py took 1.018 seconds
[2025-07-21T08:35:07.906+0000] {processor.py:161} INFO - Started process (PID=1921) to work on /home/airflow/.local/lib/python3.8/site-packages/airflow/example_dags/example_params_trigger_ui.py
[2025-07-21T08:35:07.911+0000] {processor.py:830} INFO - Processing file /home/airflow/.local/lib/python3.8/site-packages/airflow/example_dags/example_params_trigger_ui.py for tasks to queue
[2025-07-21T08:35:07.921+0000] {logging_mixin.py:188} INFO - [2025-07-21T08:35:07.920+0000] {dagbag.py:538} INFO - Filling up the DagBag from /home/airflow/.local/lib/python3.8/site-packages/airflow/example_dags/example_params_trigger_ui.py
[2025-07-21T08:35:07.971+0000] {processor.py:840} INFO - DAG(s) 'example_params_trigger_ui' retrieved from /home/airflow/.local/lib/python3.8/site-packages/airflow/example_dags/example_params_trigger_ui.py
[2025-07-21T08:35:08.191+0000] {logging_mixin.py:188} INFO - [2025-07-21T08:35:08.189+0000] {dag.py:3036} INFO - Sync 1 DAGs
[2025-07-21T08:35:08.237+0000] {logging_mixin.py:188} INFO - [2025-07-21T08:35:08.236+0000] {dag.py:3823} INFO - Setting next_dagrun for example_params_trigger_ui to None, run_after=None
[2025-07-21T08:35:08.301+0000] {processor.py:183} INFO - Processing /home/airflow/.local/lib/python3.8/site-packages/airflow/example_dags/example_params_trigger_ui.py took 0.412 seconds
[2025-07-21T08:35:39.988+0000] {processor.py:161} INFO - Started process (PID=1976) to work on /home/airflow/.local/lib/python3.8/site-packages/airflow/example_dags/example_params_trigger_ui.py
[2025-07-21T08:35:39.991+0000] {processor.py:830} INFO - Processing file /home/airflow/.local/lib/python3.8/site-packages/airflow/example_dags/example_params_trigger_ui.py for tasks to queue
[2025-07-21T08:35:39.995+0000] {logging_mixin.py:188} INFO - [2025-07-21T08:35:39.994+0000] {dagbag.py:538} INFO - Filling up the DagBag from /home/airflow/.local/lib/python3.8/site-packages/airflow/example_dags/example_params_trigger_ui.py
[2025-07-21T08:35:40.027+0000] {processor.py:840} INFO - DAG(s) 'example_params_trigger_ui' retrieved from /home/airflow/.local/lib/python3.8/site-packages/airflow/example_dags/example_params_trigger_ui.py
[2025-07-21T08:35:40.297+0000] {logging_mixin.py:188} INFO - [2025-07-21T08:35:40.296+0000] {dag.py:3036} INFO - Sync 1 DAGs
[2025-07-21T08:35:40.329+0000] {logging_mixin.py:188} INFO - [2025-07-21T08:35:40.329+0000] {dag.py:3823} INFO - Setting next_dagrun for example_params_trigger_ui to None, run_after=None
[2025-07-21T08:35:40.365+0000] {processor.py:183} INFO - Processing /home/airflow/.local/lib/python3.8/site-packages/airflow/example_dags/example_params_trigger_ui.py took 0.385 seconds
[2025-07-21T08:36:10.801+0000] {processor.py:161} INFO - Started process (PID=2030) to work on /home/airflow/.local/lib/python3.8/site-packages/airflow/example_dags/example_params_trigger_ui.py
[2025-07-21T08:36:10.816+0000] {processor.py:830} INFO - Processing file /home/airflow/.local/lib/python3.8/site-packages/airflow/example_dags/example_params_trigger_ui.py for tasks to queue
[2025-07-21T08:36:10.840+0000] {logging_mixin.py:188} INFO - [2025-07-21T08:36:10.834+0000] {dagbag.py:538} INFO - Filling up the DagBag from /home/airflow/.local/lib/python3.8/site-packages/airflow/example_dags/example_params_trigger_ui.py
[2025-07-21T08:36:10.952+0000] {processor.py:840} INFO - DAG(s) 'example_params_trigger_ui' retrieved from /home/airflow/.local/lib/python3.8/site-packages/airflow/example_dags/example_params_trigger_ui.py
[2025-07-21T08:36:11.163+0000] {logging_mixin.py:188} INFO - [2025-07-21T08:36:11.162+0000] {dag.py:3036} INFO - Sync 1 DAGs
[2025-07-21T08:36:11.211+0000] {logging_mixin.py:188} INFO - [2025-07-21T08:36:11.210+0000] {dag.py:3823} INFO - Setting next_dagrun for example_params_trigger_ui to None, run_after=None
[2025-07-21T08:36:11.348+0000] {processor.py:183} INFO - Processing /home/airflow/.local/lib/python3.8/site-packages/airflow/example_dags/example_params_trigger_ui.py took 0.582 seconds
[2025-07-21T08:36:42.359+0000] {processor.py:161} INFO - Started process (PID=2085) to work on /home/airflow/.local/lib/python3.8/site-packages/airflow/example_dags/example_params_trigger_ui.py
[2025-07-21T08:36:42.368+0000] {processor.py:830} INFO - Processing file /home/airflow/.local/lib/python3.8/site-packages/airflow/example_dags/example_params_trigger_ui.py for tasks to queue
[2025-07-21T08:36:42.375+0000] {logging_mixin.py:188} INFO - [2025-07-21T08:36:42.374+0000] {dagbag.py:538} INFO - Filling up the DagBag from /home/airflow/.local/lib/python3.8/site-packages/airflow/example_dags/example_params_trigger_ui.py
[2025-07-21T08:36:42.471+0000] {processor.py:840} INFO - DAG(s) 'example_params_trigger_ui' retrieved from /home/airflow/.local/lib/python3.8/site-packages/airflow/example_dags/example_params_trigger_ui.py
[2025-07-21T08:36:43.053+0000] {logging_mixin.py:188} INFO - [2025-07-21T08:36:43.052+0000] {dag.py:3036} INFO - Sync 1 DAGs
[2025-07-21T08:36:43.297+0000] {logging_mixin.py:188} INFO - [2025-07-21T08:36:43.285+0000] {dag.py:3823} INFO - Setting next_dagrun for example_params_trigger_ui to None, run_after=None
[2025-07-21T08:36:43.581+0000] {processor.py:183} INFO - Processing /home/airflow/.local/lib/python3.8/site-packages/airflow/example_dags/example_params_trigger_ui.py took 1.247 seconds
[2025-07-21T08:37:14.336+0000] {processor.py:161} INFO - Started process (PID=2139) to work on /home/airflow/.local/lib/python3.8/site-packages/airflow/example_dags/example_params_trigger_ui.py
[2025-07-21T08:37:14.339+0000] {processor.py:830} INFO - Processing file /home/airflow/.local/lib/python3.8/site-packages/airflow/example_dags/example_params_trigger_ui.py for tasks to queue
[2025-07-21T08:37:14.353+0000] {logging_mixin.py:188} INFO - [2025-07-21T08:37:14.347+0000] {dagbag.py:538} INFO - Filling up the DagBag from /home/airflow/.local/lib/python3.8/site-packages/airflow/example_dags/example_params_trigger_ui.py
[2025-07-21T08:37:14.548+0000] {processor.py:840} INFO - DAG(s) 'example_params_trigger_ui' retrieved from /home/airflow/.local/lib/python3.8/site-packages/airflow/example_dags/example_params_trigger_ui.py
[2025-07-21T08:37:14.774+0000] {logging_mixin.py:188} INFO - [2025-07-21T08:37:14.773+0000] {dag.py:3036} INFO - Sync 1 DAGs
[2025-07-21T08:37:14.898+0000] {logging_mixin.py:188} INFO - [2025-07-21T08:37:14.891+0000] {dag.py:3823} INFO - Setting next_dagrun for example_params_trigger_ui to None, run_after=None
[2025-07-21T08:37:15.043+0000] {processor.py:183} INFO - Processing /home/airflow/.local/lib/python3.8/site-packages/airflow/example_dags/example_params_trigger_ui.py took 0.726 seconds
[2025-07-21T08:37:45.800+0000] {processor.py:161} INFO - Started process (PID=2195) to work on /home/airflow/.local/lib/python3.8/site-packages/airflow/example_dags/example_params_trigger_ui.py
[2025-07-21T08:37:45.807+0000] {processor.py:830} INFO - Processing file /home/airflow/.local/lib/python3.8/site-packages/airflow/example_dags/example_params_trigger_ui.py for tasks to queue
[2025-07-21T08:37:45.823+0000] {logging_mixin.py:188} INFO - [2025-07-21T08:37:45.823+0000] {dagbag.py:538} INFO - Filling up the DagBag from /home/airflow/.local/lib/python3.8/site-packages/airflow/example_dags/example_params_trigger_ui.py
[2025-07-21T08:37:45.915+0000] {processor.py:840} INFO - DAG(s) 'example_params_trigger_ui' retrieved from /home/airflow/.local/lib/python3.8/site-packages/airflow/example_dags/example_params_trigger_ui.py
[2025-07-21T08:37:46.321+0000] {logging_mixin.py:188} INFO - [2025-07-21T08:37:46.320+0000] {dag.py:3036} INFO - Sync 1 DAGs
[2025-07-21T08:37:46.424+0000] {logging_mixin.py:188} INFO - [2025-07-21T08:37:46.424+0000] {dag.py:3823} INFO - Setting next_dagrun for example_params_trigger_ui to None, run_after=None
[2025-07-21T08:37:46.538+0000] {processor.py:183} INFO - Processing /home/airflow/.local/lib/python3.8/site-packages/airflow/example_dags/example_params_trigger_ui.py took 0.774 seconds
[2025-07-21T08:38:16.791+0000] {processor.py:161} INFO - Started process (PID=2249) to work on /home/airflow/.local/lib/python3.8/site-packages/airflow/example_dags/example_params_trigger_ui.py
[2025-07-21T08:38:16.796+0000] {processor.py:830} INFO - Processing file /home/airflow/.local/lib/python3.8/site-packages/airflow/example_dags/example_params_trigger_ui.py for tasks to queue
[2025-07-21T08:38:16.806+0000] {logging_mixin.py:188} INFO - [2025-07-21T08:38:16.806+0000] {dagbag.py:538} INFO - Filling up the DagBag from /home/airflow/.local/lib/python3.8/site-packages/airflow/example_dags/example_params_trigger_ui.py
[2025-07-21T08:38:16.873+0000] {processor.py:840} INFO - DAG(s) 'example_params_trigger_ui' retrieved from /home/airflow/.local/lib/python3.8/site-packages/airflow/example_dags/example_params_trigger_ui.py
[2025-07-21T08:38:17.129+0000] {logging_mixin.py:188} INFO - [2025-07-21T08:38:17.129+0000] {dag.py:3036} INFO - Sync 1 DAGs
[2025-07-21T08:38:17.209+0000] {logging_mixin.py:188} INFO - [2025-07-21T08:38:17.209+0000] {dag.py:3823} INFO - Setting next_dagrun for example_params_trigger_ui to None, run_after=None
[2025-07-21T08:38:17.373+0000] {processor.py:183} INFO - Processing /home/airflow/.local/lib/python3.8/site-packages/airflow/example_dags/example_params_trigger_ui.py took 0.592 seconds
[2025-07-21T08:38:48.108+0000] {processor.py:161} INFO - Started process (PID=2304) to work on /home/airflow/.local/lib/python3.8/site-packages/airflow/example_dags/example_params_trigger_ui.py
[2025-07-21T08:38:48.111+0000] {processor.py:830} INFO - Processing file /home/airflow/.local/lib/python3.8/site-packages/airflow/example_dags/example_params_trigger_ui.py for tasks to queue
[2025-07-21T08:38:48.118+0000] {logging_mixin.py:188} INFO - [2025-07-21T08:38:48.117+0000] {dagbag.py:538} INFO - Filling up the DagBag from /home/airflow/.local/lib/python3.8/site-packages/airflow/example_dags/example_params_trigger_ui.py
[2025-07-21T08:38:48.162+0000] {processor.py:840} INFO - DAG(s) 'example_params_trigger_ui' retrieved from /home/airflow/.local/lib/python3.8/site-packages/airflow/example_dags/example_params_trigger_ui.py
[2025-07-21T08:38:48.382+0000] {logging_mixin.py:188} INFO - [2025-07-21T08:38:48.382+0000] {dag.py:3036} INFO - Sync 1 DAGs
[2025-07-21T08:38:48.428+0000] {logging_mixin.py:188} INFO - [2025-07-21T08:38:48.428+0000] {dag.py:3823} INFO - Setting next_dagrun for example_params_trigger_ui to None, run_after=None
[2025-07-21T08:38:48.530+0000] {processor.py:183} INFO - Processing /home/airflow/.local/lib/python3.8/site-packages/airflow/example_dags/example_params_trigger_ui.py took 0.434 seconds
[2025-07-21T08:39:18.846+0000] {processor.py:161} INFO - Started process (PID=2360) to work on /home/airflow/.local/lib/python3.8/site-packages/airflow/example_dags/example_params_trigger_ui.py
[2025-07-21T08:39:18.849+0000] {processor.py:830} INFO - Processing file /home/airflow/.local/lib/python3.8/site-packages/airflow/example_dags/example_params_trigger_ui.py for tasks to queue
[2025-07-21T08:39:18.854+0000] {logging_mixin.py:188} INFO - [2025-07-21T08:39:18.854+0000] {dagbag.py:538} INFO - Filling up the DagBag from /home/airflow/.local/lib/python3.8/site-packages/airflow/example_dags/example_params_trigger_ui.py
[2025-07-21T08:39:18.894+0000] {processor.py:840} INFO - DAG(s) 'example_params_trigger_ui' retrieved from /home/airflow/.local/lib/python3.8/site-packages/airflow/example_dags/example_params_trigger_ui.py
[2025-07-21T08:39:19.036+0000] {logging_mixin.py:188} INFO - [2025-07-21T08:39:19.035+0000] {dag.py:3036} INFO - Sync 1 DAGs
[2025-07-21T08:39:19.378+0000] {logging_mixin.py:188} INFO - [2025-07-21T08:39:19.377+0000] {dag.py:3823} INFO - Setting next_dagrun for example_params_trigger_ui to None, run_after=None
[2025-07-21T08:39:19.413+0000] {processor.py:183} INFO - Processing /home/airflow/.local/lib/python3.8/site-packages/airflow/example_dags/example_params_trigger_ui.py took 0.580 seconds
[2025-07-21T08:39:50.146+0000] {processor.py:161} INFO - Started process (PID=2415) to work on /home/airflow/.local/lib/python3.8/site-packages/airflow/example_dags/example_params_trigger_ui.py
[2025-07-21T08:39:50.149+0000] {processor.py:830} INFO - Processing file /home/airflow/.local/lib/python3.8/site-packages/airflow/example_dags/example_params_trigger_ui.py for tasks to queue
[2025-07-21T08:39:50.161+0000] {logging_mixin.py:188} INFO - [2025-07-21T08:39:50.161+0000] {dagbag.py:538} INFO - Filling up the DagBag from /home/airflow/.local/lib/python3.8/site-packages/airflow/example_dags/example_params_trigger_ui.py
[2025-07-21T08:39:50.282+0000] {processor.py:840} INFO - DAG(s) 'example_params_trigger_ui' retrieved from /home/airflow/.local/lib/python3.8/site-packages/airflow/example_dags/example_params_trigger_ui.py
[2025-07-21T08:39:50.616+0000] {logging_mixin.py:188} INFO - [2025-07-21T08:39:50.616+0000] {dag.py:3036} INFO - Sync 1 DAGs
[2025-07-21T08:39:50.920+0000] {logging_mixin.py:188} INFO - [2025-07-21T08:39:50.920+0000] {dag.py:3823} INFO - Setting next_dagrun for example_params_trigger_ui to None, run_after=None
[2025-07-21T08:39:50.969+0000] {processor.py:183} INFO - Processing /home/airflow/.local/lib/python3.8/site-packages/airflow/example_dags/example_params_trigger_ui.py took 0.834 seconds
[2025-07-21T08:40:21.331+0000] {processor.py:161} INFO - Started process (PID=2470) to work on /home/airflow/.local/lib/python3.8/site-packages/airflow/example_dags/example_params_trigger_ui.py
[2025-07-21T08:40:21.336+0000] {processor.py:830} INFO - Processing file /home/airflow/.local/lib/python3.8/site-packages/airflow/example_dags/example_params_trigger_ui.py for tasks to queue
[2025-07-21T08:40:21.345+0000] {logging_mixin.py:188} INFO - [2025-07-21T08:40:21.345+0000] {dagbag.py:538} INFO - Filling up the DagBag from /home/airflow/.local/lib/python3.8/site-packages/airflow/example_dags/example_params_trigger_ui.py
[2025-07-21T08:40:21.386+0000] {processor.py:840} INFO - DAG(s) 'example_params_trigger_ui' retrieved from /home/airflow/.local/lib/python3.8/site-packages/airflow/example_dags/example_params_trigger_ui.py
[2025-07-21T08:40:21.795+0000] {logging_mixin.py:188} INFO - [2025-07-21T08:40:21.795+0000] {dag.py:3036} INFO - Sync 1 DAGs
[2025-07-21T08:40:21.900+0000] {logging_mixin.py:188} INFO - [2025-07-21T08:40:21.899+0000] {dag.py:3823} INFO - Setting next_dagrun for example_params_trigger_ui to None, run_after=None
[2025-07-21T08:40:22.653+0000] {processor.py:183} INFO - Processing /home/airflow/.local/lib/python3.8/site-packages/airflow/example_dags/example_params_trigger_ui.py took 1.332 seconds
[2025-07-21T08:40:52.860+0000] {processor.py:161} INFO - Started process (PID=2525) to work on /home/airflow/.local/lib/python3.8/site-packages/airflow/example_dags/example_params_trigger_ui.py
[2025-07-21T08:40:52.864+0000] {processor.py:830} INFO - Processing file /home/airflow/.local/lib/python3.8/site-packages/airflow/example_dags/example_params_trigger_ui.py for tasks to queue
[2025-07-21T08:40:52.871+0000] {logging_mixin.py:188} INFO - [2025-07-21T08:40:52.869+0000] {dagbag.py:538} INFO - Filling up the DagBag from /home/airflow/.local/lib/python3.8/site-packages/airflow/example_dags/example_params_trigger_ui.py
[2025-07-21T08:40:52.918+0000] {processor.py:840} INFO - DAG(s) 'example_params_trigger_ui' retrieved from /home/airflow/.local/lib/python3.8/site-packages/airflow/example_dags/example_params_trigger_ui.py
[2025-07-21T08:40:53.111+0000] {logging_mixin.py:188} INFO - [2025-07-21T08:40:53.110+0000] {dag.py:3036} INFO - Sync 1 DAGs
[2025-07-21T08:40:53.232+0000] {logging_mixin.py:188} INFO - [2025-07-21T08:40:53.231+0000] {dag.py:3823} INFO - Setting next_dagrun for example_params_trigger_ui to None, run_after=None
[2025-07-21T08:40:53.425+0000] {processor.py:183} INFO - Processing /home/airflow/.local/lib/python3.8/site-packages/airflow/example_dags/example_params_trigger_ui.py took 0.581 seconds
[2025-07-21T08:41:23.971+0000] {processor.py:161} INFO - Started process (PID=2580) to work on /home/airflow/.local/lib/python3.8/site-packages/airflow/example_dags/example_params_trigger_ui.py
[2025-07-21T08:41:23.974+0000] {processor.py:830} INFO - Processing file /home/airflow/.local/lib/python3.8/site-packages/airflow/example_dags/example_params_trigger_ui.py for tasks to queue
[2025-07-21T08:41:23.978+0000] {logging_mixin.py:188} INFO - [2025-07-21T08:41:23.977+0000] {dagbag.py:538} INFO - Filling up the DagBag from /home/airflow/.local/lib/python3.8/site-packages/airflow/example_dags/example_params_trigger_ui.py
[2025-07-21T08:41:24.007+0000] {processor.py:840} INFO - DAG(s) 'example_params_trigger_ui' retrieved from /home/airflow/.local/lib/python3.8/site-packages/airflow/example_dags/example_params_trigger_ui.py
[2025-07-21T08:41:24.211+0000] {logging_mixin.py:188} INFO - [2025-07-21T08:41:24.203+0000] {dag.py:3036} INFO - Sync 1 DAGs
[2025-07-21T08:41:24.326+0000] {logging_mixin.py:188} INFO - [2025-07-21T08:41:24.325+0000] {dag.py:3823} INFO - Setting next_dagrun for example_params_trigger_ui to None, run_after=None
[2025-07-21T08:41:24.545+0000] {processor.py:183} INFO - Processing /home/airflow/.local/lib/python3.8/site-packages/airflow/example_dags/example_params_trigger_ui.py took 0.581 seconds
[2025-07-21T08:41:55.517+0000] {processor.py:161} INFO - Started process (PID=2635) to work on /home/airflow/.local/lib/python3.8/site-packages/airflow/example_dags/example_params_trigger_ui.py
[2025-07-21T08:41:55.531+0000] {processor.py:830} INFO - Processing file /home/airflow/.local/lib/python3.8/site-packages/airflow/example_dags/example_params_trigger_ui.py for tasks to queue
[2025-07-21T08:41:55.537+0000] {logging_mixin.py:188} INFO - [2025-07-21T08:41:55.537+0000] {dagbag.py:538} INFO - Filling up the DagBag from /home/airflow/.local/lib/python3.8/site-packages/airflow/example_dags/example_params_trigger_ui.py
[2025-07-21T08:41:55.740+0000] {processor.py:840} INFO - DAG(s) 'example_params_trigger_ui' retrieved from /home/airflow/.local/lib/python3.8/site-packages/airflow/example_dags/example_params_trigger_ui.py
[2025-07-21T08:41:55.978+0000] {logging_mixin.py:188} INFO - [2025-07-21T08:41:55.978+0000] {dag.py:3036} INFO - Sync 1 DAGs
[2025-07-21T08:41:56.011+0000] {logging_mixin.py:188} INFO - [2025-07-21T08:41:56.010+0000] {dag.py:3823} INFO - Setting next_dagrun for example_params_trigger_ui to None, run_after=None
[2025-07-21T08:41:56.069+0000] {processor.py:183} INFO - Processing /home/airflow/.local/lib/python3.8/site-packages/airflow/example_dags/example_params_trigger_ui.py took 0.574 seconds
[2025-07-21T08:42:26.330+0000] {processor.py:161} INFO - Started process (PID=2690) to work on /home/airflow/.local/lib/python3.8/site-packages/airflow/example_dags/example_params_trigger_ui.py
[2025-07-21T08:42:26.333+0000] {processor.py:830} INFO - Processing file /home/airflow/.local/lib/python3.8/site-packages/airflow/example_dags/example_params_trigger_ui.py for tasks to queue
[2025-07-21T08:42:26.340+0000] {logging_mixin.py:188} INFO - [2025-07-21T08:42:26.339+0000] {dagbag.py:538} INFO - Filling up the DagBag from /home/airflow/.local/lib/python3.8/site-packages/airflow/example_dags/example_params_trigger_ui.py
[2025-07-21T08:42:26.394+0000] {processor.py:840} INFO - DAG(s) 'example_params_trigger_ui' retrieved from /home/airflow/.local/lib/python3.8/site-packages/airflow/example_dags/example_params_trigger_ui.py
[2025-07-21T08:42:26.547+0000] {logging_mixin.py:188} INFO - [2025-07-21T08:42:26.546+0000] {dag.py:3036} INFO - Sync 1 DAGs
[2025-07-21T08:42:26.581+0000] {logging_mixin.py:188} INFO - [2025-07-21T08:42:26.581+0000] {dag.py:3823} INFO - Setting next_dagrun for example_params_trigger_ui to None, run_after=None
[2025-07-21T08:42:26.626+0000] {processor.py:183} INFO - Processing /home/airflow/.local/lib/python3.8/site-packages/airflow/example_dags/example_params_trigger_ui.py took 0.309 seconds
[2025-07-21T08:42:56.810+0000] {processor.py:161} INFO - Started process (PID=2744) to work on /home/airflow/.local/lib/python3.8/site-packages/airflow/example_dags/example_params_trigger_ui.py
[2025-07-21T08:42:56.812+0000] {processor.py:830} INFO - Processing file /home/airflow/.local/lib/python3.8/site-packages/airflow/example_dags/example_params_trigger_ui.py for tasks to queue
[2025-07-21T08:42:56.816+0000] {logging_mixin.py:188} INFO - [2025-07-21T08:42:56.816+0000] {dagbag.py:538} INFO - Filling up the DagBag from /home/airflow/.local/lib/python3.8/site-packages/airflow/example_dags/example_params_trigger_ui.py
[2025-07-21T08:42:56.850+0000] {processor.py:840} INFO - DAG(s) 'example_params_trigger_ui' retrieved from /home/airflow/.local/lib/python3.8/site-packages/airflow/example_dags/example_params_trigger_ui.py
[2025-07-21T08:42:56.957+0000] {logging_mixin.py:188} INFO - [2025-07-21T08:42:56.957+0000] {dag.py:3036} INFO - Sync 1 DAGs
[2025-07-21T08:42:56.984+0000] {logging_mixin.py:188} INFO - [2025-07-21T08:42:56.984+0000] {dag.py:3823} INFO - Setting next_dagrun for example_params_trigger_ui to None, run_after=None
[2025-07-21T08:42:57.017+0000] {processor.py:183} INFO - Processing /home/airflow/.local/lib/python3.8/site-packages/airflow/example_dags/example_params_trigger_ui.py took 0.215 seconds
[2025-07-21T08:43:28.140+0000] {processor.py:161} INFO - Started process (PID=2799) to work on /home/airflow/.local/lib/python3.8/site-packages/airflow/example_dags/example_params_trigger_ui.py
[2025-07-21T08:43:28.167+0000] {processor.py:830} INFO - Processing file /home/airflow/.local/lib/python3.8/site-packages/airflow/example_dags/example_params_trigger_ui.py for tasks to queue
[2025-07-21T08:43:28.200+0000] {logging_mixin.py:188} INFO - [2025-07-21T08:43:28.199+0000] {dagbag.py:538} INFO - Filling up the DagBag from /home/airflow/.local/lib/python3.8/site-packages/airflow/example_dags/example_params_trigger_ui.py
[2025-07-21T08:43:28.331+0000] {processor.py:840} INFO - DAG(s) 'example_params_trigger_ui' retrieved from /home/airflow/.local/lib/python3.8/site-packages/airflow/example_dags/example_params_trigger_ui.py
[2025-07-21T08:43:28.762+0000] {logging_mixin.py:188} INFO - [2025-07-21T08:43:28.762+0000] {dag.py:3036} INFO - Sync 1 DAGs
[2025-07-21T08:43:28.889+0000] {logging_mixin.py:188} INFO - [2025-07-21T08:43:28.889+0000] {dag.py:3823} INFO - Setting next_dagrun for example_params_trigger_ui to None, run_after=None
[2025-07-21T08:43:29.003+0000] {processor.py:183} INFO - Processing /home/airflow/.local/lib/python3.8/site-packages/airflow/example_dags/example_params_trigger_ui.py took 1.004 seconds
