[2025-07-21T08:14:52.144+0000] {processor.py:161} INFO - Started process (PID=101) to work on /home/airflow/.local/lib/python3.8/site-packages/airflow/example_dags/example_task_group.py
[2025-07-21T08:14:52.245+0000] {processor.py:830} INFO - Processing file /home/airflow/.local/lib/python3.8/site-packages/airflow/example_dags/example_task_group.py for tasks to queue
[2025-07-21T08:14:52.266+0000] {logging_mixin.py:188} INFO - [2025-07-21T08:14:52.266+0000] {dagbag.py:538} INFO - Filling up the DagBag from /home/airflow/.local/lib/python3.8/site-packages/airflow/example_dags/example_task_group.py
[2025-07-21T08:14:52.362+0000] {processor.py:840} INFO - DAG(s) 'example_task_group' retrieved from /home/airflow/.local/lib/python3.8/site-packages/airflow/example_dags/example_task_group.py
[2025-07-21T08:14:52.484+0000] {logging_mixin.py:188} INFO - [2025-07-21T08:14:52.483+0000] {dag.py:3036} INFO - Sync 1 DAGs
[2025-07-21T08:14:52.648+0000] {logging_mixin.py:188} INFO - [2025-07-21T08:14:52.648+0000] {dag.py:3823} INFO - Setting next_dagrun for example_task_group to 2025-07-20 00:00:00+00:00, run_after=2025-07-21 00:00:00+00:00
[2025-07-21T08:14:52.910+0000] {processor.py:183} INFO - Processing /home/airflow/.local/lib/python3.8/site-packages/airflow/example_dags/example_task_group.py took 0.869 seconds
[2025-07-21T08:15:26.021+0000] {processor.py:161} INFO - Started process (PID=157) to work on /home/airflow/.local/lib/python3.8/site-packages/airflow/example_dags/example_task_group.py
[2025-07-21T08:15:26.035+0000] {processor.py:830} INFO - Processing file /home/airflow/.local/lib/python3.8/site-packages/airflow/example_dags/example_task_group.py for tasks to queue
[2025-07-21T08:15:26.041+0000] {logging_mixin.py:188} INFO - [2025-07-21T08:15:26.041+0000] {dagbag.py:538} INFO - Filling up the DagBag from /home/airflow/.local/lib/python3.8/site-packages/airflow/example_dags/example_task_group.py
[2025-07-21T08:15:26.084+0000] {processor.py:840} INFO - DAG(s) 'example_task_group' retrieved from /home/airflow/.local/lib/python3.8/site-packages/airflow/example_dags/example_task_group.py
[2025-07-21T08:15:26.187+0000] {logging_mixin.py:188} INFO - [2025-07-21T08:15:26.187+0000] {dag.py:3036} INFO - Sync 1 DAGs
[2025-07-21T08:15:26.382+0000] {logging_mixin.py:188} INFO - [2025-07-21T08:15:26.381+0000] {dag.py:3823} INFO - Setting next_dagrun for example_task_group to 2025-07-20 00:00:00+00:00, run_after=2025-07-21 00:00:00+00:00
[2025-07-21T08:15:26.546+0000] {processor.py:183} INFO - Processing /home/airflow/.local/lib/python3.8/site-packages/airflow/example_dags/example_task_group.py took 0.533 seconds
[2025-07-21T08:16:12.635+0000] {processor.py:161} INFO - Started process (PID=215) to work on /home/airflow/.local/lib/python3.8/site-packages/airflow/example_dags/example_task_group.py
[2025-07-21T08:16:12.697+0000] {processor.py:830} INFO - Processing file /home/airflow/.local/lib/python3.8/site-packages/airflow/example_dags/example_task_group.py for tasks to queue
[2025-07-21T08:16:12.703+0000] {logging_mixin.py:188} INFO - [2025-07-21T08:16:12.703+0000] {dagbag.py:538} INFO - Filling up the DagBag from /home/airflow/.local/lib/python3.8/site-packages/airflow/example_dags/example_task_group.py
[2025-07-21T08:16:12.729+0000] {processor.py:840} INFO - DAG(s) 'example_task_group' retrieved from /home/airflow/.local/lib/python3.8/site-packages/airflow/example_dags/example_task_group.py
[2025-07-21T08:16:12.898+0000] {logging_mixin.py:188} INFO - [2025-07-21T08:16:12.898+0000] {dag.py:3036} INFO - Sync 1 DAGs
[2025-07-21T08:16:13.085+0000] {logging_mixin.py:188} INFO - [2025-07-21T08:16:13.084+0000] {dag.py:3823} INFO - Setting next_dagrun for example_task_group to 2025-07-20 00:00:00+00:00, run_after=2025-07-21 00:00:00+00:00
[2025-07-21T08:16:13.557+0000] {processor.py:183} INFO - Processing /home/airflow/.local/lib/python3.8/site-packages/airflow/example_dags/example_task_group.py took 1.057 seconds
[2025-07-21T08:16:53.280+0000] {processor.py:161} INFO - Started process (PID=276) to work on /home/airflow/.local/lib/python3.8/site-packages/airflow/example_dags/example_task_group.py
[2025-07-21T08:16:53.309+0000] {processor.py:830} INFO - Processing file /home/airflow/.local/lib/python3.8/site-packages/airflow/example_dags/example_task_group.py for tasks to queue
[2025-07-21T08:16:53.336+0000] {logging_mixin.py:188} INFO - [2025-07-21T08:16:53.331+0000] {dagbag.py:538} INFO - Filling up the DagBag from /home/airflow/.local/lib/python3.8/site-packages/airflow/example_dags/example_task_group.py
[2025-07-21T08:16:53.382+0000] {processor.py:840} INFO - DAG(s) 'example_task_group' retrieved from /home/airflow/.local/lib/python3.8/site-packages/airflow/example_dags/example_task_group.py
[2025-07-21T08:16:53.715+0000] {logging_mixin.py:188} INFO - [2025-07-21T08:16:53.715+0000] {dag.py:3036} INFO - Sync 1 DAGs
[2025-07-21T08:16:53.881+0000] {logging_mixin.py:188} INFO - [2025-07-21T08:16:53.880+0000] {dag.py:3823} INFO - Setting next_dagrun for example_task_group to 2025-07-20 00:00:00+00:00, run_after=2025-07-21 00:00:00+00:00
[2025-07-21T08:16:54.062+0000] {processor.py:183} INFO - Processing /home/airflow/.local/lib/python3.8/site-packages/airflow/example_dags/example_task_group.py took 0.843 seconds
[2025-07-21T08:18:00.381+0000] {processor.py:161} INFO - Started process (PID=337) to work on /home/airflow/.local/lib/python3.8/site-packages/airflow/example_dags/example_task_group.py
[2025-07-21T08:18:00.543+0000] {processor.py:830} INFO - Processing file /home/airflow/.local/lib/python3.8/site-packages/airflow/example_dags/example_task_group.py for tasks to queue
[2025-07-21T08:18:00.559+0000] {logging_mixin.py:188} INFO - [2025-07-21T08:18:00.558+0000] {dagbag.py:538} INFO - Filling up the DagBag from /home/airflow/.local/lib/python3.8/site-packages/airflow/example_dags/example_task_group.py
[2025-07-21T08:18:00.756+0000] {processor.py:840} INFO - DAG(s) 'example_task_group' retrieved from /home/airflow/.local/lib/python3.8/site-packages/airflow/example_dags/example_task_group.py
[2025-07-21T08:18:00.872+0000] {logging_mixin.py:188} INFO - [2025-07-21T08:18:00.872+0000] {dag.py:3036} INFO - Sync 1 DAGs
[2025-07-21T08:18:01.311+0000] {logging_mixin.py:188} INFO - [2025-07-21T08:18:01.311+0000] {dag.py:3823} INFO - Setting next_dagrun for example_task_group to 2025-07-20 00:00:00+00:00, run_after=2025-07-21 00:00:00+00:00
[2025-07-21T08:18:01.743+0000] {processor.py:183} INFO - Processing /home/airflow/.local/lib/python3.8/site-packages/airflow/example_dags/example_task_group.py took 1.412 seconds
[2025-07-21T08:19:37.319+0000] {processor.py:161} INFO - Started process (PID=408) to work on /home/airflow/.local/lib/python3.8/site-packages/airflow/example_dags/example_task_group.py
[2025-07-21T08:19:37.329+0000] {processor.py:830} INFO - Processing file /home/airflow/.local/lib/python3.8/site-packages/airflow/example_dags/example_task_group.py for tasks to queue
[2025-07-21T08:19:37.346+0000] {logging_mixin.py:188} INFO - [2025-07-21T08:19:37.345+0000] {dagbag.py:538} INFO - Filling up the DagBag from /home/airflow/.local/lib/python3.8/site-packages/airflow/example_dags/example_task_group.py
[2025-07-21T08:19:37.386+0000] {processor.py:840} INFO - DAG(s) 'example_task_group' retrieved from /home/airflow/.local/lib/python3.8/site-packages/airflow/example_dags/example_task_group.py
[2025-07-21T08:19:38.979+0000] {logging_mixin.py:188} INFO - [2025-07-21T08:19:38.979+0000] {dag.py:3036} INFO - Sync 1 DAGs
[2025-07-21T08:19:39.403+0000] {logging_mixin.py:188} INFO - [2025-07-21T08:19:39.403+0000] {dag.py:3823} INFO - Setting next_dagrun for example_task_group to 2025-07-20 00:00:00+00:00, run_after=2025-07-21 00:00:00+00:00
[2025-07-21T08:19:39.579+0000] {processor.py:183} INFO - Processing /home/airflow/.local/lib/python3.8/site-packages/airflow/example_dags/example_task_group.py took 2.310 seconds
[2025-07-21T08:20:16.215+0000] {processor.py:161} INFO - Started process (PID=463) to work on /home/airflow/.local/lib/python3.8/site-packages/airflow/example_dags/example_task_group.py
[2025-07-21T08:20:16.219+0000] {processor.py:830} INFO - Processing file /home/airflow/.local/lib/python3.8/site-packages/airflow/example_dags/example_task_group.py for tasks to queue
[2025-07-21T08:20:16.256+0000] {logging_mixin.py:188} INFO - [2025-07-21T08:20:16.255+0000] {dagbag.py:538} INFO - Filling up the DagBag from /home/airflow/.local/lib/python3.8/site-packages/airflow/example_dags/example_task_group.py
[2025-07-21T08:20:16.275+0000] {processor.py:840} INFO - DAG(s) 'example_task_group' retrieved from /home/airflow/.local/lib/python3.8/site-packages/airflow/example_dags/example_task_group.py
[2025-07-21T08:20:16.342+0000] {logging_mixin.py:188} INFO - [2025-07-21T08:20:16.341+0000] {dag.py:3036} INFO - Sync 1 DAGs
[2025-07-21T08:20:16.453+0000] {logging_mixin.py:188} INFO - [2025-07-21T08:20:16.452+0000] {dag.py:3823} INFO - Setting next_dagrun for example_task_group to 2025-07-20 00:00:00+00:00, run_after=2025-07-21 00:00:00+00:00
[2025-07-21T08:20:16.572+0000] {processor.py:183} INFO - Processing /home/airflow/.local/lib/python3.8/site-packages/airflow/example_dags/example_task_group.py took 0.373 seconds
[2025-07-21T08:21:12.918+0000] {processor.py:161} INFO - Started process (PID=517) to work on /home/airflow/.local/lib/python3.8/site-packages/airflow/example_dags/example_task_group.py
[2025-07-21T08:21:12.932+0000] {processor.py:830} INFO - Processing file /home/airflow/.local/lib/python3.8/site-packages/airflow/example_dags/example_task_group.py for tasks to queue
[2025-07-21T08:21:12.994+0000] {logging_mixin.py:188} INFO - [2025-07-21T08:21:12.994+0000] {dagbag.py:538} INFO - Filling up the DagBag from /home/airflow/.local/lib/python3.8/site-packages/airflow/example_dags/example_task_group.py
[2025-07-21T08:21:13.052+0000] {processor.py:840} INFO - DAG(s) 'example_task_group' retrieved from /home/airflow/.local/lib/python3.8/site-packages/airflow/example_dags/example_task_group.py
[2025-07-21T08:21:13.146+0000] {logging_mixin.py:188} INFO - [2025-07-21T08:21:13.146+0000] {dag.py:3036} INFO - Sync 1 DAGs
[2025-07-21T08:21:13.245+0000] {logging_mixin.py:188} INFO - [2025-07-21T08:21:13.245+0000] {dag.py:3823} INFO - Setting next_dagrun for example_task_group to 2025-07-20 00:00:00+00:00, run_after=2025-07-21 00:00:00+00:00
[2025-07-21T08:21:13.522+0000] {processor.py:183} INFO - Processing /home/airflow/.local/lib/python3.8/site-packages/airflow/example_dags/example_task_group.py took 0.640 seconds
[2025-07-21T08:21:44.318+0000] {processor.py:161} INFO - Started process (PID=572) to work on /home/airflow/.local/lib/python3.8/site-packages/airflow/example_dags/example_task_group.py
[2025-07-21T08:21:44.327+0000] {processor.py:830} INFO - Processing file /home/airflow/.local/lib/python3.8/site-packages/airflow/example_dags/example_task_group.py for tasks to queue
[2025-07-21T08:21:44.343+0000] {logging_mixin.py:188} INFO - [2025-07-21T08:21:44.343+0000] {dagbag.py:538} INFO - Filling up the DagBag from /home/airflow/.local/lib/python3.8/site-packages/airflow/example_dags/example_task_group.py
[2025-07-21T08:21:44.395+0000] {processor.py:840} INFO - DAG(s) 'example_task_group' retrieved from /home/airflow/.local/lib/python3.8/site-packages/airflow/example_dags/example_task_group.py
[2025-07-21T08:21:44.510+0000] {logging_mixin.py:188} INFO - [2025-07-21T08:21:44.509+0000] {dag.py:3036} INFO - Sync 1 DAGs
[2025-07-21T08:21:44.613+0000] {logging_mixin.py:188} INFO - [2025-07-21T08:21:44.613+0000] {dag.py:3823} INFO - Setting next_dagrun for example_task_group to 2025-07-20 00:00:00+00:00, run_after=2025-07-21 00:00:00+00:00
[2025-07-21T08:21:44.722+0000] {processor.py:183} INFO - Processing /home/airflow/.local/lib/python3.8/site-packages/airflow/example_dags/example_task_group.py took 0.413 seconds
[2025-07-21T08:22:30.538+0000] {processor.py:161} INFO - Started process (PID=632) to work on /home/airflow/.local/lib/python3.8/site-packages/airflow/example_dags/example_task_group.py
[2025-07-21T08:22:30.547+0000] {processor.py:830} INFO - Processing file /home/airflow/.local/lib/python3.8/site-packages/airflow/example_dags/example_task_group.py for tasks to queue
[2025-07-21T08:22:30.565+0000] {logging_mixin.py:188} INFO - [2025-07-21T08:22:30.564+0000] {dagbag.py:538} INFO - Filling up the DagBag from /home/airflow/.local/lib/python3.8/site-packages/airflow/example_dags/example_task_group.py
[2025-07-21T08:22:30.838+0000] {processor.py:840} INFO - DAG(s) 'example_task_group' retrieved from /home/airflow/.local/lib/python3.8/site-packages/airflow/example_dags/example_task_group.py
[2025-07-21T08:22:31.295+0000] {logging_mixin.py:188} INFO - [2025-07-21T08:22:31.294+0000] {dag.py:3036} INFO - Sync 1 DAGs
[2025-07-21T08:22:31.587+0000] {logging_mixin.py:188} INFO - [2025-07-21T08:22:31.586+0000] {dag.py:3823} INFO - Setting next_dagrun for example_task_group to 2025-07-20 00:00:00+00:00, run_after=2025-07-21 00:00:00+00:00
[2025-07-21T08:22:31.726+0000] {processor.py:183} INFO - Processing /home/airflow/.local/lib/python3.8/site-packages/airflow/example_dags/example_task_group.py took 1.315 seconds
[2025-07-21T08:23:09.541+0000] {processor.py:161} INFO - Started process (PID=684) to work on /home/airflow/.local/lib/python3.8/site-packages/airflow/example_dags/example_task_group.py
[2025-07-21T08:23:09.546+0000] {processor.py:830} INFO - Processing file /home/airflow/.local/lib/python3.8/site-packages/airflow/example_dags/example_task_group.py for tasks to queue
[2025-07-21T08:23:09.553+0000] {logging_mixin.py:188} INFO - [2025-07-21T08:23:09.553+0000] {dagbag.py:538} INFO - Filling up the DagBag from /home/airflow/.local/lib/python3.8/site-packages/airflow/example_dags/example_task_group.py
[2025-07-21T08:23:09.580+0000] {processor.py:840} INFO - DAG(s) 'example_task_group' retrieved from /home/airflow/.local/lib/python3.8/site-packages/airflow/example_dags/example_task_group.py
[2025-07-21T08:23:09.672+0000] {logging_mixin.py:188} INFO - [2025-07-21T08:23:09.672+0000] {dag.py:3036} INFO - Sync 1 DAGs
[2025-07-21T08:23:09.941+0000] {logging_mixin.py:188} INFO - [2025-07-21T08:23:09.940+0000] {dag.py:3823} INFO - Setting next_dagrun for example_task_group to 2025-07-20 00:00:00+00:00, run_after=2025-07-21 00:00:00+00:00
[2025-07-21T08:23:10.131+0000] {processor.py:183} INFO - Processing /home/airflow/.local/lib/python3.8/site-packages/airflow/example_dags/example_task_group.py took 0.625 seconds
[2025-07-21T08:23:40.853+0000] {processor.py:161} INFO - Started process (PID=740) to work on /home/airflow/.local/lib/python3.8/site-packages/airflow/example_dags/example_task_group.py
[2025-07-21T08:23:40.873+0000] {processor.py:830} INFO - Processing file /home/airflow/.local/lib/python3.8/site-packages/airflow/example_dags/example_task_group.py for tasks to queue
[2025-07-21T08:23:40.880+0000] {logging_mixin.py:188} INFO - [2025-07-21T08:23:40.879+0000] {dagbag.py:538} INFO - Filling up the DagBag from /home/airflow/.local/lib/python3.8/site-packages/airflow/example_dags/example_task_group.py
[2025-07-21T08:23:40.904+0000] {processor.py:840} INFO - DAG(s) 'example_task_group' retrieved from /home/airflow/.local/lib/python3.8/site-packages/airflow/example_dags/example_task_group.py
[2025-07-21T08:23:40.957+0000] {logging_mixin.py:188} INFO - [2025-07-21T08:23:40.957+0000] {dag.py:3036} INFO - Sync 1 DAGs
[2025-07-21T08:23:41.045+0000] {logging_mixin.py:188} INFO - [2025-07-21T08:23:41.044+0000] {dag.py:3823} INFO - Setting next_dagrun for example_task_group to 2025-07-20 00:00:00+00:00, run_after=2025-07-21 00:00:00+00:00
[2025-07-21T08:23:41.514+0000] {processor.py:183} INFO - Processing /home/airflow/.local/lib/python3.8/site-packages/airflow/example_dags/example_task_group.py took 0.669 seconds
[2025-07-21T08:24:14.263+0000] {processor.py:161} INFO - Started process (PID=794) to work on /home/airflow/.local/lib/python3.8/site-packages/airflow/example_dags/example_task_group.py
[2025-07-21T08:24:14.323+0000] {processor.py:830} INFO - Processing file /home/airflow/.local/lib/python3.8/site-packages/airflow/example_dags/example_task_group.py for tasks to queue
[2025-07-21T08:24:14.718+0000] {logging_mixin.py:188} INFO - [2025-07-21T08:24:14.718+0000] {dagbag.py:538} INFO - Filling up the DagBag from /home/airflow/.local/lib/python3.8/site-packages/airflow/example_dags/example_task_group.py
[2025-07-21T08:24:14.952+0000] {processor.py:840} INFO - DAG(s) 'example_task_group' retrieved from /home/airflow/.local/lib/python3.8/site-packages/airflow/example_dags/example_task_group.py
[2025-07-21T08:24:15.239+0000] {logging_mixin.py:188} INFO - [2025-07-21T08:24:15.227+0000] {dag.py:3036} INFO - Sync 1 DAGs
[2025-07-21T08:24:15.481+0000] {logging_mixin.py:188} INFO - [2025-07-21T08:24:15.481+0000] {dag.py:3823} INFO - Setting next_dagrun for example_task_group to 2025-07-20 00:00:00+00:00, run_after=2025-07-21 00:00:00+00:00
[2025-07-21T08:24:15.800+0000] {processor.py:183} INFO - Processing /home/airflow/.local/lib/python3.8/site-packages/airflow/example_dags/example_task_group.py took 1.543 seconds
[2025-07-21T08:24:46.891+0000] {processor.py:161} INFO - Started process (PID=849) to work on /home/airflow/.local/lib/python3.8/site-packages/airflow/example_dags/example_task_group.py
[2025-07-21T08:24:46.901+0000] {processor.py:830} INFO - Processing file /home/airflow/.local/lib/python3.8/site-packages/airflow/example_dags/example_task_group.py for tasks to queue
[2025-07-21T08:24:46.922+0000] {logging_mixin.py:188} INFO - [2025-07-21T08:24:46.922+0000] {dagbag.py:538} INFO - Filling up the DagBag from /home/airflow/.local/lib/python3.8/site-packages/airflow/example_dags/example_task_group.py
[2025-07-21T08:24:46.992+0000] {processor.py:840} INFO - DAG(s) 'example_task_group' retrieved from /home/airflow/.local/lib/python3.8/site-packages/airflow/example_dags/example_task_group.py
[2025-07-21T08:24:47.106+0000] {logging_mixin.py:188} INFO - [2025-07-21T08:24:47.105+0000] {dag.py:3036} INFO - Sync 1 DAGs
[2025-07-21T08:24:47.382+0000] {logging_mixin.py:188} INFO - [2025-07-21T08:24:47.381+0000] {dag.py:3823} INFO - Setting next_dagrun for example_task_group to 2025-07-20 00:00:00+00:00, run_after=2025-07-21 00:00:00+00:00
[2025-07-21T08:24:47.527+0000] {processor.py:183} INFO - Processing /home/airflow/.local/lib/python3.8/site-packages/airflow/example_dags/example_task_group.py took 0.676 seconds
[2025-07-21T08:25:17.824+0000] {processor.py:161} INFO - Started process (PID=904) to work on /home/airflow/.local/lib/python3.8/site-packages/airflow/example_dags/example_task_group.py
[2025-07-21T08:25:17.896+0000] {processor.py:830} INFO - Processing file /home/airflow/.local/lib/python3.8/site-packages/airflow/example_dags/example_task_group.py for tasks to queue
[2025-07-21T08:25:17.903+0000] {logging_mixin.py:188} INFO - [2025-07-21T08:25:17.902+0000] {dagbag.py:538} INFO - Filling up the DagBag from /home/airflow/.local/lib/python3.8/site-packages/airflow/example_dags/example_task_group.py
[2025-07-21T08:25:17.963+0000] {processor.py:840} INFO - DAG(s) 'example_task_group' retrieved from /home/airflow/.local/lib/python3.8/site-packages/airflow/example_dags/example_task_group.py
[2025-07-21T08:25:18.097+0000] {logging_mixin.py:188} INFO - [2025-07-21T08:25:18.096+0000] {dag.py:3036} INFO - Sync 1 DAGs
[2025-07-21T08:25:18.205+0000] {logging_mixin.py:188} INFO - [2025-07-21T08:25:18.204+0000] {dag.py:3823} INFO - Setting next_dagrun for example_task_group to 2025-07-20 00:00:00+00:00, run_after=2025-07-21 00:00:00+00:00
[2025-07-21T08:25:18.548+0000] {processor.py:183} INFO - Processing /home/airflow/.local/lib/python3.8/site-packages/airflow/example_dags/example_task_group.py took 0.772 seconds
[2025-07-21T08:25:52.041+0000] {processor.py:161} INFO - Started process (PID=961) to work on /home/airflow/.local/lib/python3.8/site-packages/airflow/example_dags/example_task_group.py
[2025-07-21T08:25:52.053+0000] {processor.py:830} INFO - Processing file /home/airflow/.local/lib/python3.8/site-packages/airflow/example_dags/example_task_group.py for tasks to queue
[2025-07-21T08:25:52.057+0000] {logging_mixin.py:188} INFO - [2025-07-21T08:25:52.056+0000] {dagbag.py:538} INFO - Filling up the DagBag from /home/airflow/.local/lib/python3.8/site-packages/airflow/example_dags/example_task_group.py
[2025-07-21T08:25:52.112+0000] {processor.py:840} INFO - DAG(s) 'example_task_group' retrieved from /home/airflow/.local/lib/python3.8/site-packages/airflow/example_dags/example_task_group.py
[2025-07-21T08:25:52.217+0000] {logging_mixin.py:188} INFO - [2025-07-21T08:25:52.216+0000] {dag.py:3036} INFO - Sync 1 DAGs
[2025-07-21T08:25:52.357+0000] {logging_mixin.py:188} INFO - [2025-07-21T08:25:52.357+0000] {dag.py:3823} INFO - Setting next_dagrun for example_task_group to 2025-07-20 00:00:00+00:00, run_after=2025-07-21 00:00:00+00:00
[2025-07-21T08:25:52.429+0000] {processor.py:183} INFO - Processing /home/airflow/.local/lib/python3.8/site-packages/airflow/example_dags/example_task_group.py took 0.399 seconds
[2025-07-21T08:26:25.105+0000] {processor.py:161} INFO - Started process (PID=1023) to work on /home/airflow/.local/lib/python3.8/site-packages/airflow/example_dags/example_task_group.py
[2025-07-21T08:26:25.108+0000] {processor.py:830} INFO - Processing file /home/airflow/.local/lib/python3.8/site-packages/airflow/example_dags/example_task_group.py for tasks to queue
[2025-07-21T08:26:25.120+0000] {logging_mixin.py:188} INFO - [2025-07-21T08:26:25.119+0000] {dagbag.py:538} INFO - Filling up the DagBag from /home/airflow/.local/lib/python3.8/site-packages/airflow/example_dags/example_task_group.py
[2025-07-21T08:26:25.138+0000] {processor.py:840} INFO - DAG(s) 'example_task_group' retrieved from /home/airflow/.local/lib/python3.8/site-packages/airflow/example_dags/example_task_group.py
[2025-07-21T08:26:25.244+0000] {logging_mixin.py:188} INFO - [2025-07-21T08:26:25.244+0000] {dag.py:3036} INFO - Sync 1 DAGs
[2025-07-21T08:26:25.498+0000] {logging_mixin.py:188} INFO - [2025-07-21T08:26:25.498+0000] {dag.py:3823} INFO - Setting next_dagrun for example_task_group to 2025-07-20 00:00:00+00:00, run_after=2025-07-21 00:00:00+00:00
[2025-07-21T08:26:25.747+0000] {processor.py:183} INFO - Processing /home/airflow/.local/lib/python3.8/site-packages/airflow/example_dags/example_task_group.py took 0.667 seconds
[2025-07-21T08:26:58.231+0000] {processor.py:161} INFO - Started process (PID=1077) to work on /home/airflow/.local/lib/python3.8/site-packages/airflow/example_dags/example_task_group.py
[2025-07-21T08:26:58.235+0000] {processor.py:830} INFO - Processing file /home/airflow/.local/lib/python3.8/site-packages/airflow/example_dags/example_task_group.py for tasks to queue
[2025-07-21T08:26:58.254+0000] {logging_mixin.py:188} INFO - [2025-07-21T08:26:58.253+0000] {dagbag.py:538} INFO - Filling up the DagBag from /home/airflow/.local/lib/python3.8/site-packages/airflow/example_dags/example_task_group.py
[2025-07-21T08:26:58.293+0000] {processor.py:840} INFO - DAG(s) 'example_task_group' retrieved from /home/airflow/.local/lib/python3.8/site-packages/airflow/example_dags/example_task_group.py
[2025-07-21T08:26:58.332+0000] {logging_mixin.py:188} INFO - [2025-07-21T08:26:58.331+0000] {dag.py:3036} INFO - Sync 1 DAGs
[2025-07-21T08:26:58.385+0000] {logging_mixin.py:188} INFO - [2025-07-21T08:26:58.385+0000] {dag.py:3823} INFO - Setting next_dagrun for example_task_group to 2025-07-20 00:00:00+00:00, run_after=2025-07-21 00:00:00+00:00
[2025-07-21T08:26:58.422+0000] {processor.py:183} INFO - Processing /home/airflow/.local/lib/python3.8/site-packages/airflow/example_dags/example_task_group.py took 0.199 seconds
[2025-07-21T08:27:29.299+0000] {processor.py:161} INFO - Started process (PID=1130) to work on /home/airflow/.local/lib/python3.8/site-packages/airflow/example_dags/example_task_group.py
[2025-07-21T08:27:29.310+0000] {processor.py:830} INFO - Processing file /home/airflow/.local/lib/python3.8/site-packages/airflow/example_dags/example_task_group.py for tasks to queue
[2025-07-21T08:27:29.315+0000] {logging_mixin.py:188} INFO - [2025-07-21T08:27:29.315+0000] {dagbag.py:538} INFO - Filling up the DagBag from /home/airflow/.local/lib/python3.8/site-packages/airflow/example_dags/example_task_group.py
[2025-07-21T08:27:29.384+0000] {processor.py:840} INFO - DAG(s) 'example_task_group' retrieved from /home/airflow/.local/lib/python3.8/site-packages/airflow/example_dags/example_task_group.py
[2025-07-21T08:27:29.529+0000] {logging_mixin.py:188} INFO - [2025-07-21T08:27:29.529+0000] {dag.py:3036} INFO - Sync 1 DAGs
[2025-07-21T08:27:29.656+0000] {logging_mixin.py:188} INFO - [2025-07-21T08:27:29.655+0000] {dag.py:3823} INFO - Setting next_dagrun for example_task_group to 2025-07-20 00:00:00+00:00, run_after=2025-07-21 00:00:00+00:00
[2025-07-21T08:27:29.932+0000] {processor.py:183} INFO - Processing /home/airflow/.local/lib/python3.8/site-packages/airflow/example_dags/example_task_group.py took 0.639 seconds
[2025-07-21T08:28:00.548+0000] {processor.py:161} INFO - Started process (PID=1185) to work on /home/airflow/.local/lib/python3.8/site-packages/airflow/example_dags/example_task_group.py
[2025-07-21T08:28:00.550+0000] {processor.py:830} INFO - Processing file /home/airflow/.local/lib/python3.8/site-packages/airflow/example_dags/example_task_group.py for tasks to queue
[2025-07-21T08:28:00.554+0000] {logging_mixin.py:188} INFO - [2025-07-21T08:28:00.553+0000] {dagbag.py:538} INFO - Filling up the DagBag from /home/airflow/.local/lib/python3.8/site-packages/airflow/example_dags/example_task_group.py
[2025-07-21T08:28:00.573+0000] {processor.py:840} INFO - DAG(s) 'example_task_group' retrieved from /home/airflow/.local/lib/python3.8/site-packages/airflow/example_dags/example_task_group.py
[2025-07-21T08:28:00.622+0000] {logging_mixin.py:188} INFO - [2025-07-21T08:28:00.621+0000] {dag.py:3036} INFO - Sync 1 DAGs
[2025-07-21T08:28:00.683+0000] {logging_mixin.py:188} INFO - [2025-07-21T08:28:00.683+0000] {dag.py:3823} INFO - Setting next_dagrun for example_task_group to 2025-07-20 00:00:00+00:00, run_after=2025-07-21 00:00:00+00:00
[2025-07-21T08:28:00.730+0000] {processor.py:183} INFO - Processing /home/airflow/.local/lib/python3.8/site-packages/airflow/example_dags/example_task_group.py took 0.190 seconds
[2025-07-21T08:28:31.771+0000] {processor.py:161} INFO - Started process (PID=1240) to work on /home/airflow/.local/lib/python3.8/site-packages/airflow/example_dags/example_task_group.py
[2025-07-21T08:28:31.782+0000] {processor.py:830} INFO - Processing file /home/airflow/.local/lib/python3.8/site-packages/airflow/example_dags/example_task_group.py for tasks to queue
[2025-07-21T08:28:31.794+0000] {logging_mixin.py:188} INFO - [2025-07-21T08:28:31.793+0000] {dagbag.py:538} INFO - Filling up the DagBag from /home/airflow/.local/lib/python3.8/site-packages/airflow/example_dags/example_task_group.py
[2025-07-21T08:28:31.820+0000] {processor.py:840} INFO - DAG(s) 'example_task_group' retrieved from /home/airflow/.local/lib/python3.8/site-packages/airflow/example_dags/example_task_group.py
[2025-07-21T08:28:31.899+0000] {logging_mixin.py:188} INFO - [2025-07-21T08:28:31.899+0000] {dag.py:3036} INFO - Sync 1 DAGs
[2025-07-21T08:28:32.001+0000] {logging_mixin.py:188} INFO - [2025-07-21T08:28:32.001+0000] {dag.py:3823} INFO - Setting next_dagrun for example_task_group to 2025-07-20 00:00:00+00:00, run_after=2025-07-21 00:00:00+00:00
[2025-07-21T08:28:32.065+0000] {processor.py:183} INFO - Processing /home/airflow/.local/lib/python3.8/site-packages/airflow/example_dags/example_task_group.py took 0.319 seconds
[2025-07-21T08:29:02.355+0000] {processor.py:161} INFO - Started process (PID=1294) to work on /home/airflow/.local/lib/python3.8/site-packages/airflow/example_dags/example_task_group.py
[2025-07-21T08:29:02.357+0000] {processor.py:830} INFO - Processing file /home/airflow/.local/lib/python3.8/site-packages/airflow/example_dags/example_task_group.py for tasks to queue
[2025-07-21T08:29:02.362+0000] {logging_mixin.py:188} INFO - [2025-07-21T08:29:02.361+0000] {dagbag.py:538} INFO - Filling up the DagBag from /home/airflow/.local/lib/python3.8/site-packages/airflow/example_dags/example_task_group.py
[2025-07-21T08:29:02.380+0000] {processor.py:840} INFO - DAG(s) 'example_task_group' retrieved from /home/airflow/.local/lib/python3.8/site-packages/airflow/example_dags/example_task_group.py
[2025-07-21T08:29:02.437+0000] {logging_mixin.py:188} INFO - [2025-07-21T08:29:02.436+0000] {dag.py:3036} INFO - Sync 1 DAGs
[2025-07-21T08:29:02.505+0000] {logging_mixin.py:188} INFO - [2025-07-21T08:29:02.505+0000] {dag.py:3823} INFO - Setting next_dagrun for example_task_group to 2025-07-20 00:00:00+00:00, run_after=2025-07-21 00:00:00+00:00
[2025-07-21T08:29:02.626+0000] {processor.py:183} INFO - Processing /home/airflow/.local/lib/python3.8/site-packages/airflow/example_dags/example_task_group.py took 0.280 seconds
[2025-07-21T08:29:33.659+0000] {processor.py:161} INFO - Started process (PID=1350) to work on /home/airflow/.local/lib/python3.8/site-packages/airflow/example_dags/example_task_group.py
[2025-07-21T08:29:33.662+0000] {processor.py:830} INFO - Processing file /home/airflow/.local/lib/python3.8/site-packages/airflow/example_dags/example_task_group.py for tasks to queue
[2025-07-21T08:29:33.672+0000] {logging_mixin.py:188} INFO - [2025-07-21T08:29:33.671+0000] {dagbag.py:538} INFO - Filling up the DagBag from /home/airflow/.local/lib/python3.8/site-packages/airflow/example_dags/example_task_group.py
[2025-07-21T08:29:33.697+0000] {processor.py:840} INFO - DAG(s) 'example_task_group' retrieved from /home/airflow/.local/lib/python3.8/site-packages/airflow/example_dags/example_task_group.py
[2025-07-21T08:29:33.784+0000] {logging_mixin.py:188} INFO - [2025-07-21T08:29:33.784+0000] {dag.py:3036} INFO - Sync 1 DAGs
[2025-07-21T08:29:33.849+0000] {logging_mixin.py:188} INFO - [2025-07-21T08:29:33.848+0000] {dag.py:3823} INFO - Setting next_dagrun for example_task_group to 2025-07-20 00:00:00+00:00, run_after=2025-07-21 00:00:00+00:00
[2025-07-21T08:29:33.920+0000] {processor.py:183} INFO - Processing /home/airflow/.local/lib/python3.8/site-packages/airflow/example_dags/example_task_group.py took 0.272 seconds
[2025-07-21T08:30:04.075+0000] {processor.py:161} INFO - Started process (PID=1405) to work on /home/airflow/.local/lib/python3.8/site-packages/airflow/example_dags/example_task_group.py
[2025-07-21T08:30:04.078+0000] {processor.py:830} INFO - Processing file /home/airflow/.local/lib/python3.8/site-packages/airflow/example_dags/example_task_group.py for tasks to queue
[2025-07-21T08:30:04.082+0000] {logging_mixin.py:188} INFO - [2025-07-21T08:30:04.082+0000] {dagbag.py:538} INFO - Filling up the DagBag from /home/airflow/.local/lib/python3.8/site-packages/airflow/example_dags/example_task_group.py
[2025-07-21T08:30:04.099+0000] {processor.py:840} INFO - DAG(s) 'example_task_group' retrieved from /home/airflow/.local/lib/python3.8/site-packages/airflow/example_dags/example_task_group.py
[2025-07-21T08:30:04.144+0000] {logging_mixin.py:188} INFO - [2025-07-21T08:30:04.144+0000] {dag.py:3036} INFO - Sync 1 DAGs
[2025-07-21T08:30:04.189+0000] {logging_mixin.py:188} INFO - [2025-07-21T08:30:04.189+0000] {dag.py:3823} INFO - Setting next_dagrun for example_task_group to 2025-07-20 00:00:00+00:00, run_after=2025-07-21 00:00:00+00:00
[2025-07-21T08:30:04.224+0000] {processor.py:183} INFO - Processing /home/airflow/.local/lib/python3.8/site-packages/airflow/example_dags/example_task_group.py took 0.164 seconds
[2025-07-21T08:30:34.401+0000] {processor.py:161} INFO - Started process (PID=1460) to work on /home/airflow/.local/lib/python3.8/site-packages/airflow/example_dags/example_task_group.py
[2025-07-21T08:30:34.404+0000] {processor.py:830} INFO - Processing file /home/airflow/.local/lib/python3.8/site-packages/airflow/example_dags/example_task_group.py for tasks to queue
[2025-07-21T08:30:34.412+0000] {logging_mixin.py:188} INFO - [2025-07-21T08:30:34.409+0000] {dagbag.py:538} INFO - Filling up the DagBag from /home/airflow/.local/lib/python3.8/site-packages/airflow/example_dags/example_task_group.py
[2025-07-21T08:30:34.435+0000] {processor.py:840} INFO - DAG(s) 'example_task_group' retrieved from /home/airflow/.local/lib/python3.8/site-packages/airflow/example_dags/example_task_group.py
[2025-07-21T08:30:34.598+0000] {logging_mixin.py:188} INFO - [2025-07-21T08:30:34.598+0000] {dag.py:3036} INFO - Sync 1 DAGs
[2025-07-21T08:30:34.673+0000] {logging_mixin.py:188} INFO - [2025-07-21T08:30:34.672+0000] {dag.py:3823} INFO - Setting next_dagrun for example_task_group to 2025-07-20 00:00:00+00:00, run_after=2025-07-21 00:00:00+00:00
[2025-07-21T08:30:34.717+0000] {processor.py:183} INFO - Processing /home/airflow/.local/lib/python3.8/site-packages/airflow/example_dags/example_task_group.py took 0.333 seconds
[2025-07-21T08:31:09.680+0000] {processor.py:161} INFO - Started process (PID=1515) to work on /home/airflow/.local/lib/python3.8/site-packages/airflow/example_dags/example_task_group.py
[2025-07-21T08:31:09.686+0000] {processor.py:830} INFO - Processing file /home/airflow/.local/lib/python3.8/site-packages/airflow/example_dags/example_task_group.py for tasks to queue
[2025-07-21T08:31:09.699+0000] {logging_mixin.py:188} INFO - [2025-07-21T08:31:09.698+0000] {dagbag.py:538} INFO - Filling up the DagBag from /home/airflow/.local/lib/python3.8/site-packages/airflow/example_dags/example_task_group.py
[2025-07-21T08:31:09.729+0000] {processor.py:840} INFO - DAG(s) 'example_task_group' retrieved from /home/airflow/.local/lib/python3.8/site-packages/airflow/example_dags/example_task_group.py
[2025-07-21T08:31:09.843+0000] {logging_mixin.py:188} INFO - [2025-07-21T08:31:09.842+0000] {dag.py:3036} INFO - Sync 1 DAGs
[2025-07-21T08:31:09.956+0000] {logging_mixin.py:188} INFO - [2025-07-21T08:31:09.955+0000] {dag.py:3823} INFO - Setting next_dagrun for example_task_group to 2025-07-20 00:00:00+00:00, run_after=2025-07-21 00:00:00+00:00
[2025-07-21T08:31:10.051+0000] {processor.py:183} INFO - Processing /home/airflow/.local/lib/python3.8/site-packages/airflow/example_dags/example_task_group.py took 0.377 seconds
[2025-07-21T08:31:42.134+0000] {processor.py:161} INFO - Started process (PID=1571) to work on /home/airflow/.local/lib/python3.8/site-packages/airflow/example_dags/example_task_group.py
[2025-07-21T08:31:42.163+0000] {processor.py:830} INFO - Processing file /home/airflow/.local/lib/python3.8/site-packages/airflow/example_dags/example_task_group.py for tasks to queue
[2025-07-21T08:31:42.223+0000] {logging_mixin.py:188} INFO - [2025-07-21T08:31:42.205+0000] {dagbag.py:538} INFO - Filling up the DagBag from /home/airflow/.local/lib/python3.8/site-packages/airflow/example_dags/example_task_group.py
[2025-07-21T08:31:42.285+0000] {processor.py:840} INFO - DAG(s) 'example_task_group' retrieved from /home/airflow/.local/lib/python3.8/site-packages/airflow/example_dags/example_task_group.py
[2025-07-21T08:31:42.374+0000] {logging_mixin.py:188} INFO - [2025-07-21T08:31:42.373+0000] {dag.py:3036} INFO - Sync 1 DAGs
[2025-07-21T08:31:42.512+0000] {logging_mixin.py:188} INFO - [2025-07-21T08:31:42.512+0000] {dag.py:3823} INFO - Setting next_dagrun for example_task_group to 2025-07-20 00:00:00+00:00, run_after=2025-07-21 00:00:00+00:00
[2025-07-21T08:31:42.643+0000] {processor.py:183} INFO - Processing /home/airflow/.local/lib/python3.8/site-packages/airflow/example_dags/example_task_group.py took 0.581 seconds
[2025-07-21T08:32:17.210+0000] {processor.py:161} INFO - Started process (PID=1628) to work on /home/airflow/.local/lib/python3.8/site-packages/airflow/example_dags/example_task_group.py
[2025-07-21T08:32:17.227+0000] {processor.py:830} INFO - Processing file /home/airflow/.local/lib/python3.8/site-packages/airflow/example_dags/example_task_group.py for tasks to queue
[2025-07-21T08:32:17.246+0000] {logging_mixin.py:188} INFO - [2025-07-21T08:32:17.245+0000] {dagbag.py:538} INFO - Filling up the DagBag from /home/airflow/.local/lib/python3.8/site-packages/airflow/example_dags/example_task_group.py
[2025-07-21T08:32:17.312+0000] {processor.py:840} INFO - DAG(s) 'example_task_group' retrieved from /home/airflow/.local/lib/python3.8/site-packages/airflow/example_dags/example_task_group.py
[2025-07-21T08:32:17.758+0000] {logging_mixin.py:188} INFO - [2025-07-21T08:32:17.758+0000] {dag.py:3036} INFO - Sync 1 DAGs
[2025-07-21T08:32:18.210+0000] {logging_mixin.py:188} INFO - [2025-07-21T08:32:18.209+0000] {dag.py:3823} INFO - Setting next_dagrun for example_task_group to 2025-07-20 00:00:00+00:00, run_after=2025-07-21 00:00:00+00:00
[2025-07-21T08:32:18.367+0000] {processor.py:183} INFO - Processing /home/airflow/.local/lib/python3.8/site-packages/airflow/example_dags/example_task_group.py took 1.186 seconds
[2025-07-21T08:32:54.932+0000] {processor.py:161} INFO - Started process (PID=1686) to work on /home/airflow/.local/lib/python3.8/site-packages/airflow/example_dags/example_task_group.py
[2025-07-21T08:32:54.934+0000] {processor.py:830} INFO - Processing file /home/airflow/.local/lib/python3.8/site-packages/airflow/example_dags/example_task_group.py for tasks to queue
[2025-07-21T08:32:54.938+0000] {logging_mixin.py:188} INFO - [2025-07-21T08:32:54.938+0000] {dagbag.py:538} INFO - Filling up the DagBag from /home/airflow/.local/lib/python3.8/site-packages/airflow/example_dags/example_task_group.py
[2025-07-21T08:32:54.953+0000] {processor.py:840} INFO - DAG(s) 'example_task_group' retrieved from /home/airflow/.local/lib/python3.8/site-packages/airflow/example_dags/example_task_group.py
[2025-07-21T08:32:55.003+0000] {logging_mixin.py:188} INFO - [2025-07-21T08:32:55.003+0000] {dag.py:3036} INFO - Sync 1 DAGs
[2025-07-21T08:32:55.054+0000] {logging_mixin.py:188} INFO - [2025-07-21T08:32:55.054+0000] {dag.py:3823} INFO - Setting next_dagrun for example_task_group to 2025-07-20 00:00:00+00:00, run_after=2025-07-21 00:00:00+00:00
[2025-07-21T08:32:55.092+0000] {processor.py:183} INFO - Processing /home/airflow/.local/lib/python3.8/site-packages/airflow/example_dags/example_task_group.py took 0.167 seconds
[2025-07-21T08:33:26.182+0000] {processor.py:161} INFO - Started process (PID=1741) to work on /home/airflow/.local/lib/python3.8/site-packages/airflow/example_dags/example_task_group.py
[2025-07-21T08:33:26.189+0000] {processor.py:830} INFO - Processing file /home/airflow/.local/lib/python3.8/site-packages/airflow/example_dags/example_task_group.py for tasks to queue
[2025-07-21T08:33:26.199+0000] {logging_mixin.py:188} INFO - [2025-07-21T08:33:26.198+0000] {dagbag.py:538} INFO - Filling up the DagBag from /home/airflow/.local/lib/python3.8/site-packages/airflow/example_dags/example_task_group.py
[2025-07-21T08:33:26.247+0000] {processor.py:840} INFO - DAG(s) 'example_task_group' retrieved from /home/airflow/.local/lib/python3.8/site-packages/airflow/example_dags/example_task_group.py
[2025-07-21T08:33:26.339+0000] {logging_mixin.py:188} INFO - [2025-07-21T08:33:26.339+0000] {dag.py:3036} INFO - Sync 1 DAGs
[2025-07-21T08:33:26.417+0000] {logging_mixin.py:188} INFO - [2025-07-21T08:33:26.417+0000] {dag.py:3823} INFO - Setting next_dagrun for example_task_group to 2025-07-20 00:00:00+00:00, run_after=2025-07-21 00:00:00+00:00
[2025-07-21T08:33:26.465+0000] {processor.py:183} INFO - Processing /home/airflow/.local/lib/python3.8/site-packages/airflow/example_dags/example_task_group.py took 0.301 seconds
[2025-07-21T08:33:57.224+0000] {processor.py:161} INFO - Started process (PID=1796) to work on /home/airflow/.local/lib/python3.8/site-packages/airflow/example_dags/example_task_group.py
[2025-07-21T08:33:57.226+0000] {processor.py:830} INFO - Processing file /home/airflow/.local/lib/python3.8/site-packages/airflow/example_dags/example_task_group.py for tasks to queue
[2025-07-21T08:33:57.251+0000] {logging_mixin.py:188} INFO - [2025-07-21T08:33:57.235+0000] {dagbag.py:538} INFO - Filling up the DagBag from /home/airflow/.local/lib/python3.8/site-packages/airflow/example_dags/example_task_group.py
[2025-07-21T08:33:57.310+0000] {processor.py:840} INFO - DAG(s) 'example_task_group' retrieved from /home/airflow/.local/lib/python3.8/site-packages/airflow/example_dags/example_task_group.py
[2025-07-21T08:33:57.487+0000] {logging_mixin.py:188} INFO - [2025-07-21T08:33:57.487+0000] {dag.py:3036} INFO - Sync 1 DAGs
[2025-07-21T08:33:57.593+0000] {logging_mixin.py:188} INFO - [2025-07-21T08:33:57.593+0000] {dag.py:3823} INFO - Setting next_dagrun for example_task_group to 2025-07-20 00:00:00+00:00, run_after=2025-07-21 00:00:00+00:00
[2025-07-21T08:33:57.751+0000] {processor.py:183} INFO - Processing /home/airflow/.local/lib/python3.8/site-packages/airflow/example_dags/example_task_group.py took 0.545 seconds
[2025-07-21T08:34:28.264+0000] {processor.py:161} INFO - Started process (PID=1857) to work on /home/airflow/.local/lib/python3.8/site-packages/airflow/example_dags/example_task_group.py
[2025-07-21T08:34:28.266+0000] {processor.py:830} INFO - Processing file /home/airflow/.local/lib/python3.8/site-packages/airflow/example_dags/example_task_group.py for tasks to queue
[2025-07-21T08:34:28.270+0000] {logging_mixin.py:188} INFO - [2025-07-21T08:34:28.269+0000] {dagbag.py:538} INFO - Filling up the DagBag from /home/airflow/.local/lib/python3.8/site-packages/airflow/example_dags/example_task_group.py
[2025-07-21T08:34:28.304+0000] {processor.py:840} INFO - DAG(s) 'example_task_group' retrieved from /home/airflow/.local/lib/python3.8/site-packages/airflow/example_dags/example_task_group.py
[2025-07-21T08:34:28.418+0000] {logging_mixin.py:188} INFO - [2025-07-21T08:34:28.417+0000] {dag.py:3036} INFO - Sync 1 DAGs
[2025-07-21T08:34:28.500+0000] {logging_mixin.py:188} INFO - [2025-07-21T08:34:28.499+0000] {dag.py:3823} INFO - Setting next_dagrun for example_task_group to 2025-07-20 00:00:00+00:00, run_after=2025-07-21 00:00:00+00:00
[2025-07-21T08:34:28.591+0000] {processor.py:183} INFO - Processing /home/airflow/.local/lib/python3.8/site-packages/airflow/example_dags/example_task_group.py took 0.344 seconds
[2025-07-21T08:34:59.587+0000] {processor.py:161} INFO - Started process (PID=1912) to work on /home/airflow/.local/lib/python3.8/site-packages/airflow/example_dags/example_task_group.py
[2025-07-21T08:34:59.593+0000] {processor.py:830} INFO - Processing file /home/airflow/.local/lib/python3.8/site-packages/airflow/example_dags/example_task_group.py for tasks to queue
[2025-07-21T08:34:59.605+0000] {logging_mixin.py:188} INFO - [2025-07-21T08:34:59.604+0000] {dagbag.py:538} INFO - Filling up the DagBag from /home/airflow/.local/lib/python3.8/site-packages/airflow/example_dags/example_task_group.py
[2025-07-21T08:34:59.633+0000] {processor.py:840} INFO - DAG(s) 'example_task_group' retrieved from /home/airflow/.local/lib/python3.8/site-packages/airflow/example_dags/example_task_group.py
[2025-07-21T08:34:59.706+0000] {logging_mixin.py:188} INFO - [2025-07-21T08:34:59.705+0000] {dag.py:3036} INFO - Sync 1 DAGs
[2025-07-21T08:34:59.758+0000] {logging_mixin.py:188} INFO - [2025-07-21T08:34:59.757+0000] {dag.py:3823} INFO - Setting next_dagrun for example_task_group to 2025-07-20 00:00:00+00:00, run_after=2025-07-21 00:00:00+00:00
[2025-07-21T08:34:59.801+0000] {processor.py:183} INFO - Processing /home/airflow/.local/lib/python3.8/site-packages/airflow/example_dags/example_task_group.py took 0.231 seconds
[2025-07-21T08:35:30.847+0000] {processor.py:161} INFO - Started process (PID=1966) to work on /home/airflow/.local/lib/python3.8/site-packages/airflow/example_dags/example_task_group.py
[2025-07-21T08:35:30.850+0000] {processor.py:830} INFO - Processing file /home/airflow/.local/lib/python3.8/site-packages/airflow/example_dags/example_task_group.py for tasks to queue
[2025-07-21T08:35:30.855+0000] {logging_mixin.py:188} INFO - [2025-07-21T08:35:30.854+0000] {dagbag.py:538} INFO - Filling up the DagBag from /home/airflow/.local/lib/python3.8/site-packages/airflow/example_dags/example_task_group.py
[2025-07-21T08:35:30.894+0000] {processor.py:840} INFO - DAG(s) 'example_task_group' retrieved from /home/airflow/.local/lib/python3.8/site-packages/airflow/example_dags/example_task_group.py
[2025-07-21T08:35:30.950+0000] {logging_mixin.py:188} INFO - [2025-07-21T08:35:30.950+0000] {dag.py:3036} INFO - Sync 1 DAGs
[2025-07-21T08:35:31.023+0000] {logging_mixin.py:188} INFO - [2025-07-21T08:35:31.023+0000] {dag.py:3823} INFO - Setting next_dagrun for example_task_group to 2025-07-20 00:00:00+00:00, run_after=2025-07-21 00:00:00+00:00
[2025-07-21T08:35:31.124+0000] {processor.py:183} INFO - Processing /home/airflow/.local/lib/python3.8/site-packages/airflow/example_dags/example_task_group.py took 0.295 seconds
[2025-07-21T08:36:02.129+0000] {processor.py:161} INFO - Started process (PID=2022) to work on /home/airflow/.local/lib/python3.8/site-packages/airflow/example_dags/example_task_group.py
[2025-07-21T08:36:02.132+0000] {processor.py:830} INFO - Processing file /home/airflow/.local/lib/python3.8/site-packages/airflow/example_dags/example_task_group.py for tasks to queue
[2025-07-21T08:36:02.140+0000] {logging_mixin.py:188} INFO - [2025-07-21T08:36:02.139+0000] {dagbag.py:538} INFO - Filling up the DagBag from /home/airflow/.local/lib/python3.8/site-packages/airflow/example_dags/example_task_group.py
[2025-07-21T08:36:02.169+0000] {processor.py:840} INFO - DAG(s) 'example_task_group' retrieved from /home/airflow/.local/lib/python3.8/site-packages/airflow/example_dags/example_task_group.py
[2025-07-21T08:36:02.266+0000] {logging_mixin.py:188} INFO - [2025-07-21T08:36:02.265+0000] {dag.py:3036} INFO - Sync 1 DAGs
[2025-07-21T08:36:02.335+0000] {logging_mixin.py:188} INFO - [2025-07-21T08:36:02.334+0000] {dag.py:3823} INFO - Setting next_dagrun for example_task_group to 2025-07-20 00:00:00+00:00, run_after=2025-07-21 00:00:00+00:00
[2025-07-21T08:36:02.386+0000] {processor.py:183} INFO - Processing /home/airflow/.local/lib/python3.8/site-packages/airflow/example_dags/example_task_group.py took 0.274 seconds
[2025-07-21T08:36:33.342+0000] {processor.py:161} INFO - Started process (PID=2077) to work on /home/airflow/.local/lib/python3.8/site-packages/airflow/example_dags/example_task_group.py
[2025-07-21T08:36:33.359+0000] {processor.py:830} INFO - Processing file /home/airflow/.local/lib/python3.8/site-packages/airflow/example_dags/example_task_group.py for tasks to queue
[2025-07-21T08:36:33.385+0000] {logging_mixin.py:188} INFO - [2025-07-21T08:36:33.384+0000] {dagbag.py:538} INFO - Filling up the DagBag from /home/airflow/.local/lib/python3.8/site-packages/airflow/example_dags/example_task_group.py
[2025-07-21T08:36:33.419+0000] {processor.py:840} INFO - DAG(s) 'example_task_group' retrieved from /home/airflow/.local/lib/python3.8/site-packages/airflow/example_dags/example_task_group.py
[2025-07-21T08:36:33.607+0000] {logging_mixin.py:188} INFO - [2025-07-21T08:36:33.606+0000] {dag.py:3036} INFO - Sync 1 DAGs
[2025-07-21T08:36:33.724+0000] {logging_mixin.py:188} INFO - [2025-07-21T08:36:33.723+0000] {dag.py:3823} INFO - Setting next_dagrun for example_task_group to 2025-07-20 00:00:00+00:00, run_after=2025-07-21 00:00:00+00:00
[2025-07-21T08:36:33.823+0000] {processor.py:183} INFO - Processing /home/airflow/.local/lib/python3.8/site-packages/airflow/example_dags/example_task_group.py took 0.511 seconds
[2025-07-21T08:37:04.168+0000] {processor.py:161} INFO - Started process (PID=2131) to work on /home/airflow/.local/lib/python3.8/site-packages/airflow/example_dags/example_task_group.py
[2025-07-21T08:37:04.173+0000] {processor.py:830} INFO - Processing file /home/airflow/.local/lib/python3.8/site-packages/airflow/example_dags/example_task_group.py for tasks to queue
[2025-07-21T08:37:04.176+0000] {logging_mixin.py:188} INFO - [2025-07-21T08:37:04.176+0000] {dagbag.py:538} INFO - Filling up the DagBag from /home/airflow/.local/lib/python3.8/site-packages/airflow/example_dags/example_task_group.py
[2025-07-21T08:37:04.198+0000] {processor.py:840} INFO - DAG(s) 'example_task_group' retrieved from /home/airflow/.local/lib/python3.8/site-packages/airflow/example_dags/example_task_group.py
[2025-07-21T08:37:04.262+0000] {logging_mixin.py:188} INFO - [2025-07-21T08:37:04.262+0000] {dag.py:3036} INFO - Sync 1 DAGs
[2025-07-21T08:37:04.337+0000] {logging_mixin.py:188} INFO - [2025-07-21T08:37:04.337+0000] {dag.py:3823} INFO - Setting next_dagrun for example_task_group to 2025-07-20 00:00:00+00:00, run_after=2025-07-21 00:00:00+00:00
[2025-07-21T08:37:04.431+0000] {processor.py:183} INFO - Processing /home/airflow/.local/lib/python3.8/site-packages/airflow/example_dags/example_task_group.py took 0.274 seconds
[2025-07-21T08:37:34.799+0000] {processor.py:161} INFO - Started process (PID=2187) to work on /home/airflow/.local/lib/python3.8/site-packages/airflow/example_dags/example_task_group.py
[2025-07-21T08:37:34.802+0000] {processor.py:830} INFO - Processing file /home/airflow/.local/lib/python3.8/site-packages/airflow/example_dags/example_task_group.py for tasks to queue
[2025-07-21T08:37:34.808+0000] {logging_mixin.py:188} INFO - [2025-07-21T08:37:34.807+0000] {dagbag.py:538} INFO - Filling up the DagBag from /home/airflow/.local/lib/python3.8/site-packages/airflow/example_dags/example_task_group.py
[2025-07-21T08:37:34.829+0000] {processor.py:840} INFO - DAG(s) 'example_task_group' retrieved from /home/airflow/.local/lib/python3.8/site-packages/airflow/example_dags/example_task_group.py
[2025-07-21T08:37:34.907+0000] {logging_mixin.py:188} INFO - [2025-07-21T08:37:34.907+0000] {dag.py:3036} INFO - Sync 1 DAGs
[2025-07-21T08:37:34.961+0000] {logging_mixin.py:188} INFO - [2025-07-21T08:37:34.960+0000] {dag.py:3823} INFO - Setting next_dagrun for example_task_group to 2025-07-20 00:00:00+00:00, run_after=2025-07-21 00:00:00+00:00
[2025-07-21T08:37:35.014+0000] {processor.py:183} INFO - Processing /home/airflow/.local/lib/python3.8/site-packages/airflow/example_dags/example_task_group.py took 0.226 seconds
[2025-07-21T08:38:06.071+0000] {processor.py:161} INFO - Started process (PID=2241) to work on /home/airflow/.local/lib/python3.8/site-packages/airflow/example_dags/example_task_group.py
[2025-07-21T08:38:06.073+0000] {processor.py:830} INFO - Processing file /home/airflow/.local/lib/python3.8/site-packages/airflow/example_dags/example_task_group.py for tasks to queue
[2025-07-21T08:38:06.083+0000] {logging_mixin.py:188} INFO - [2025-07-21T08:38:06.082+0000] {dagbag.py:538} INFO - Filling up the DagBag from /home/airflow/.local/lib/python3.8/site-packages/airflow/example_dags/example_task_group.py
[2025-07-21T08:38:06.111+0000] {processor.py:840} INFO - DAG(s) 'example_task_group' retrieved from /home/airflow/.local/lib/python3.8/site-packages/airflow/example_dags/example_task_group.py
[2025-07-21T08:38:06.177+0000] {logging_mixin.py:188} INFO - [2025-07-21T08:38:06.176+0000] {dag.py:3036} INFO - Sync 1 DAGs
[2025-07-21T08:38:06.219+0000] {logging_mixin.py:188} INFO - [2025-07-21T08:38:06.219+0000] {dag.py:3823} INFO - Setting next_dagrun for example_task_group to 2025-07-20 00:00:00+00:00, run_after=2025-07-21 00:00:00+00:00
[2025-07-21T08:38:06.276+0000] {processor.py:183} INFO - Processing /home/airflow/.local/lib/python3.8/site-packages/airflow/example_dags/example_task_group.py took 0.200 seconds
[2025-07-21T08:38:36.361+0000] {processor.py:161} INFO - Started process (PID=2295) to work on /home/airflow/.local/lib/python3.8/site-packages/airflow/example_dags/example_task_group.py
[2025-07-21T08:38:36.363+0000] {processor.py:830} INFO - Processing file /home/airflow/.local/lib/python3.8/site-packages/airflow/example_dags/example_task_group.py for tasks to queue
[2025-07-21T08:38:36.366+0000] {logging_mixin.py:188} INFO - [2025-07-21T08:38:36.366+0000] {dagbag.py:538} INFO - Filling up the DagBag from /home/airflow/.local/lib/python3.8/site-packages/airflow/example_dags/example_task_group.py
[2025-07-21T08:38:36.386+0000] {processor.py:840} INFO - DAG(s) 'example_task_group' retrieved from /home/airflow/.local/lib/python3.8/site-packages/airflow/example_dags/example_task_group.py
[2025-07-21T08:38:36.465+0000] {logging_mixin.py:188} INFO - [2025-07-21T08:38:36.464+0000] {dag.py:3036} INFO - Sync 1 DAGs
[2025-07-21T08:38:37.063+0000] {logging_mixin.py:188} INFO - [2025-07-21T08:38:37.062+0000] {dag.py:3823} INFO - Setting next_dagrun for example_task_group to 2025-07-20 00:00:00+00:00, run_after=2025-07-21 00:00:00+00:00
[2025-07-21T08:38:37.139+0000] {processor.py:183} INFO - Processing /home/airflow/.local/lib/python3.8/site-packages/airflow/example_dags/example_task_group.py took 0.785 seconds
[2025-07-21T08:39:10.793+0000] {processor.py:161} INFO - Started process (PID=2350) to work on /home/airflow/.local/lib/python3.8/site-packages/airflow/example_dags/example_task_group.py
[2025-07-21T08:39:10.795+0000] {processor.py:830} INFO - Processing file /home/airflow/.local/lib/python3.8/site-packages/airflow/example_dags/example_task_group.py for tasks to queue
[2025-07-21T08:39:10.798+0000] {logging_mixin.py:188} INFO - [2025-07-21T08:39:10.798+0000] {dagbag.py:538} INFO - Filling up the DagBag from /home/airflow/.local/lib/python3.8/site-packages/airflow/example_dags/example_task_group.py
[2025-07-21T08:39:10.821+0000] {processor.py:840} INFO - DAG(s) 'example_task_group' retrieved from /home/airflow/.local/lib/python3.8/site-packages/airflow/example_dags/example_task_group.py
[2025-07-21T08:39:10.910+0000] {logging_mixin.py:188} INFO - [2025-07-21T08:39:10.909+0000] {dag.py:3036} INFO - Sync 1 DAGs
[2025-07-21T08:39:10.978+0000] {logging_mixin.py:188} INFO - [2025-07-21T08:39:10.978+0000] {dag.py:3823} INFO - Setting next_dagrun for example_task_group to 2025-07-20 00:00:00+00:00, run_after=2025-07-21 00:00:00+00:00
[2025-07-21T08:39:11.395+0000] {processor.py:183} INFO - Processing /home/airflow/.local/lib/python3.8/site-packages/airflow/example_dags/example_task_group.py took 0.620 seconds
[2025-07-21T08:39:42.404+0000] {processor.py:161} INFO - Started process (PID=2405) to work on /home/airflow/.local/lib/python3.8/site-packages/airflow/example_dags/example_task_group.py
[2025-07-21T08:39:42.411+0000] {processor.py:830} INFO - Processing file /home/airflow/.local/lib/python3.8/site-packages/airflow/example_dags/example_task_group.py for tasks to queue
[2025-07-21T08:39:42.418+0000] {logging_mixin.py:188} INFO - [2025-07-21T08:39:42.417+0000] {dagbag.py:538} INFO - Filling up the DagBag from /home/airflow/.local/lib/python3.8/site-packages/airflow/example_dags/example_task_group.py
[2025-07-21T08:39:42.501+0000] {processor.py:840} INFO - DAG(s) 'example_task_group' retrieved from /home/airflow/.local/lib/python3.8/site-packages/airflow/example_dags/example_task_group.py
[2025-07-21T08:39:42.642+0000] {logging_mixin.py:188} INFO - [2025-07-21T08:39:42.642+0000] {dag.py:3036} INFO - Sync 1 DAGs
[2025-07-21T08:39:42.813+0000] {logging_mixin.py:188} INFO - [2025-07-21T08:39:42.813+0000] {dag.py:3823} INFO - Setting next_dagrun for example_task_group to 2025-07-20 00:00:00+00:00, run_after=2025-07-21 00:00:00+00:00
[2025-07-21T08:39:42.936+0000] {processor.py:183} INFO - Processing /home/airflow/.local/lib/python3.8/site-packages/airflow/example_dags/example_task_group.py took 0.603 seconds
[2025-07-21T08:40:13.692+0000] {processor.py:161} INFO - Started process (PID=2459) to work on /home/airflow/.local/lib/python3.8/site-packages/airflow/example_dags/example_task_group.py
[2025-07-21T08:40:13.697+0000] {processor.py:830} INFO - Processing file /home/airflow/.local/lib/python3.8/site-packages/airflow/example_dags/example_task_group.py for tasks to queue
[2025-07-21T08:40:13.707+0000] {logging_mixin.py:188} INFO - [2025-07-21T08:40:13.706+0000] {dagbag.py:538} INFO - Filling up the DagBag from /home/airflow/.local/lib/python3.8/site-packages/airflow/example_dags/example_task_group.py
[2025-07-21T08:40:13.740+0000] {processor.py:840} INFO - DAG(s) 'example_task_group' retrieved from /home/airflow/.local/lib/python3.8/site-packages/airflow/example_dags/example_task_group.py
[2025-07-21T08:40:13.810+0000] {logging_mixin.py:188} INFO - [2025-07-21T08:40:13.809+0000] {dag.py:3036} INFO - Sync 1 DAGs
[2025-07-21T08:40:13.866+0000] {logging_mixin.py:188} INFO - [2025-07-21T08:40:13.866+0000] {dag.py:3823} INFO - Setting next_dagrun for example_task_group to 2025-07-20 00:00:00+00:00, run_after=2025-07-21 00:00:00+00:00
[2025-07-21T08:40:13.912+0000] {processor.py:183} INFO - Processing /home/airflow/.local/lib/python3.8/site-packages/airflow/example_dags/example_task_group.py took 0.236 seconds
[2025-07-21T08:40:44.112+0000] {processor.py:161} INFO - Started process (PID=2513) to work on /home/airflow/.local/lib/python3.8/site-packages/airflow/example_dags/example_task_group.py
[2025-07-21T08:40:44.115+0000] {processor.py:830} INFO - Processing file /home/airflow/.local/lib/python3.8/site-packages/airflow/example_dags/example_task_group.py for tasks to queue
[2025-07-21T08:40:44.128+0000] {logging_mixin.py:188} INFO - [2025-07-21T08:40:44.127+0000] {dagbag.py:538} INFO - Filling up the DagBag from /home/airflow/.local/lib/python3.8/site-packages/airflow/example_dags/example_task_group.py
[2025-07-21T08:40:44.153+0000] {processor.py:840} INFO - DAG(s) 'example_task_group' retrieved from /home/airflow/.local/lib/python3.8/site-packages/airflow/example_dags/example_task_group.py
[2025-07-21T08:40:44.223+0000] {logging_mixin.py:188} INFO - [2025-07-21T08:40:44.223+0000] {dag.py:3036} INFO - Sync 1 DAGs
[2025-07-21T08:40:44.294+0000] {logging_mixin.py:188} INFO - [2025-07-21T08:40:44.293+0000] {dag.py:3823} INFO - Setting next_dagrun for example_task_group to 2025-07-20 00:00:00+00:00, run_after=2025-07-21 00:00:00+00:00
[2025-07-21T08:40:44.353+0000] {processor.py:183} INFO - Processing /home/airflow/.local/lib/python3.8/site-packages/airflow/example_dags/example_task_group.py took 0.259 seconds
[2025-07-21T08:41:14.526+0000] {processor.py:161} INFO - Started process (PID=2568) to work on /home/airflow/.local/lib/python3.8/site-packages/airflow/example_dags/example_task_group.py
[2025-07-21T08:41:14.531+0000] {processor.py:830} INFO - Processing file /home/airflow/.local/lib/python3.8/site-packages/airflow/example_dags/example_task_group.py for tasks to queue
[2025-07-21T08:41:14.537+0000] {logging_mixin.py:188} INFO - [2025-07-21T08:41:14.536+0000] {dagbag.py:538} INFO - Filling up the DagBag from /home/airflow/.local/lib/python3.8/site-packages/airflow/example_dags/example_task_group.py
[2025-07-21T08:41:14.563+0000] {processor.py:840} INFO - DAG(s) 'example_task_group' retrieved from /home/airflow/.local/lib/python3.8/site-packages/airflow/example_dags/example_task_group.py
[2025-07-21T08:41:15.090+0000] {logging_mixin.py:188} INFO - [2025-07-21T08:41:15.090+0000] {dag.py:3036} INFO - Sync 1 DAGs
[2025-07-21T08:41:15.141+0000] {logging_mixin.py:188} INFO - [2025-07-21T08:41:15.141+0000] {dag.py:3823} INFO - Setting next_dagrun for example_task_group to 2025-07-20 00:00:00+00:00, run_after=2025-07-21 00:00:00+00:00
[2025-07-21T08:41:15.180+0000] {processor.py:183} INFO - Processing /home/airflow/.local/lib/python3.8/site-packages/airflow/example_dags/example_task_group.py took 0.668 seconds
[2025-07-21T08:41:45.523+0000] {processor.py:161} INFO - Started process (PID=2623) to work on /home/airflow/.local/lib/python3.8/site-packages/airflow/example_dags/example_task_group.py
[2025-07-21T08:41:45.526+0000] {processor.py:830} INFO - Processing file /home/airflow/.local/lib/python3.8/site-packages/airflow/example_dags/example_task_group.py for tasks to queue
[2025-07-21T08:41:45.533+0000] {logging_mixin.py:188} INFO - [2025-07-21T08:41:45.532+0000] {dagbag.py:538} INFO - Filling up the DagBag from /home/airflow/.local/lib/python3.8/site-packages/airflow/example_dags/example_task_group.py
[2025-07-21T08:41:45.559+0000] {processor.py:840} INFO - DAG(s) 'example_task_group' retrieved from /home/airflow/.local/lib/python3.8/site-packages/airflow/example_dags/example_task_group.py
[2025-07-21T08:41:45.633+0000] {logging_mixin.py:188} INFO - [2025-07-21T08:41:45.632+0000] {dag.py:3036} INFO - Sync 1 DAGs
[2025-07-21T08:41:45.728+0000] {logging_mixin.py:188} INFO - [2025-07-21T08:41:45.728+0000] {dag.py:3823} INFO - Setting next_dagrun for example_task_group to 2025-07-20 00:00:00+00:00, run_after=2025-07-21 00:00:00+00:00
[2025-07-21T08:41:45.778+0000] {processor.py:183} INFO - Processing /home/airflow/.local/lib/python3.8/site-packages/airflow/example_dags/example_task_group.py took 0.268 seconds
[2025-07-21T08:42:17.618+0000] {processor.py:161} INFO - Started process (PID=2678) to work on /home/airflow/.local/lib/python3.8/site-packages/airflow/example_dags/example_task_group.py
[2025-07-21T08:42:17.626+0000] {processor.py:830} INFO - Processing file /home/airflow/.local/lib/python3.8/site-packages/airflow/example_dags/example_task_group.py for tasks to queue
[2025-07-21T08:42:17.642+0000] {logging_mixin.py:188} INFO - [2025-07-21T08:42:17.641+0000] {dagbag.py:538} INFO - Filling up the DagBag from /home/airflow/.local/lib/python3.8/site-packages/airflow/example_dags/example_task_group.py
[2025-07-21T08:42:17.681+0000] {processor.py:840} INFO - DAG(s) 'example_task_group' retrieved from /home/airflow/.local/lib/python3.8/site-packages/airflow/example_dags/example_task_group.py
[2025-07-21T08:42:17.781+0000] {logging_mixin.py:188} INFO - [2025-07-21T08:42:17.781+0000] {dag.py:3036} INFO - Sync 1 DAGs
[2025-07-21T08:42:18.061+0000] {logging_mixin.py:188} INFO - [2025-07-21T08:42:18.061+0000] {dag.py:3823} INFO - Setting next_dagrun for example_task_group to 2025-07-20 00:00:00+00:00, run_after=2025-07-21 00:00:00+00:00
[2025-07-21T08:42:18.182+0000] {processor.py:183} INFO - Processing /home/airflow/.local/lib/python3.8/site-packages/airflow/example_dags/example_task_group.py took 0.585 seconds
[2025-07-21T08:42:48.346+0000] {processor.py:161} INFO - Started process (PID=2733) to work on /home/airflow/.local/lib/python3.8/site-packages/airflow/example_dags/example_task_group.py
[2025-07-21T08:42:48.349+0000] {processor.py:830} INFO - Processing file /home/airflow/.local/lib/python3.8/site-packages/airflow/example_dags/example_task_group.py for tasks to queue
[2025-07-21T08:42:48.364+0000] {logging_mixin.py:188} INFO - [2025-07-21T08:42:48.364+0000] {dagbag.py:538} INFO - Filling up the DagBag from /home/airflow/.local/lib/python3.8/site-packages/airflow/example_dags/example_task_group.py
[2025-07-21T08:42:48.407+0000] {processor.py:840} INFO - DAG(s) 'example_task_group' retrieved from /home/airflow/.local/lib/python3.8/site-packages/airflow/example_dags/example_task_group.py
[2025-07-21T08:42:48.475+0000] {logging_mixin.py:188} INFO - [2025-07-21T08:42:48.475+0000] {dag.py:3036} INFO - Sync 1 DAGs
[2025-07-21T08:42:48.529+0000] {logging_mixin.py:188} INFO - [2025-07-21T08:42:48.529+0000] {dag.py:3823} INFO - Setting next_dagrun for example_task_group to 2025-07-20 00:00:00+00:00, run_after=2025-07-21 00:00:00+00:00
[2025-07-21T08:42:48.622+0000] {processor.py:183} INFO - Processing /home/airflow/.local/lib/python3.8/site-packages/airflow/example_dags/example_task_group.py took 0.297 seconds
[2025-07-21T08:43:19.594+0000] {processor.py:161} INFO - Started process (PID=2788) to work on /home/airflow/.local/lib/python3.8/site-packages/airflow/example_dags/example_task_group.py
[2025-07-21T08:43:19.597+0000] {processor.py:830} INFO - Processing file /home/airflow/.local/lib/python3.8/site-packages/airflow/example_dags/example_task_group.py for tasks to queue
[2025-07-21T08:43:19.604+0000] {logging_mixin.py:188} INFO - [2025-07-21T08:43:19.603+0000] {dagbag.py:538} INFO - Filling up the DagBag from /home/airflow/.local/lib/python3.8/site-packages/airflow/example_dags/example_task_group.py
[2025-07-21T08:43:19.627+0000] {processor.py:840} INFO - DAG(s) 'example_task_group' retrieved from /home/airflow/.local/lib/python3.8/site-packages/airflow/example_dags/example_task_group.py
[2025-07-21T08:43:19.722+0000] {logging_mixin.py:188} INFO - [2025-07-21T08:43:19.722+0000] {dag.py:3036} INFO - Sync 1 DAGs
[2025-07-21T08:43:19.958+0000] {logging_mixin.py:188} INFO - [2025-07-21T08:43:19.957+0000] {dag.py:3823} INFO - Setting next_dagrun for example_task_group to 2025-07-20 00:00:00+00:00, run_after=2025-07-21 00:00:00+00:00
[2025-07-21T08:43:20.004+0000] {processor.py:183} INFO - Processing /home/airflow/.local/lib/python3.8/site-packages/airflow/example_dags/example_task_group.py took 0.421 seconds
[2025-07-21T08:43:50.743+0000] {processor.py:161} INFO - Started process (PID=2843) to work on /home/airflow/.local/lib/python3.8/site-packages/airflow/example_dags/example_task_group.py
[2025-07-21T08:43:50.757+0000] {processor.py:830} INFO - Processing file /home/airflow/.local/lib/python3.8/site-packages/airflow/example_dags/example_task_group.py for tasks to queue
[2025-07-21T08:43:50.774+0000] {logging_mixin.py:188} INFO - [2025-07-21T08:43:50.773+0000] {dagbag.py:538} INFO - Filling up the DagBag from /home/airflow/.local/lib/python3.8/site-packages/airflow/example_dags/example_task_group.py
[2025-07-21T08:43:50.826+0000] {processor.py:840} INFO - DAG(s) 'example_task_group' retrieved from /home/airflow/.local/lib/python3.8/site-packages/airflow/example_dags/example_task_group.py
[2025-07-21T08:43:50.914+0000] {logging_mixin.py:188} INFO - [2025-07-21T08:43:50.914+0000] {dag.py:3036} INFO - Sync 1 DAGs
[2025-07-21T08:43:50.984+0000] {logging_mixin.py:188} INFO - [2025-07-21T08:43:50.984+0000] {dag.py:3823} INFO - Setting next_dagrun for example_task_group to 2025-07-20 00:00:00+00:00, run_after=2025-07-21 00:00:00+00:00
[2025-07-21T08:43:51.044+0000] {processor.py:183} INFO - Processing /home/airflow/.local/lib/python3.8/site-packages/airflow/example_dags/example_task_group.py took 0.338 seconds
