[2025-07-21T08:14:55.007+0000] {processor.py:161} INFO - Started process (PID=104) to work on /home/airflow/.local/lib/python3.8/site-packages/airflow/example_dags/example_time_delta_sensor_async.py
[2025-07-21T08:14:55.020+0000] {processor.py:830} INFO - Processing file /home/airflow/.local/lib/python3.8/site-packages/airflow/example_dags/example_time_delta_sensor_async.py for tasks to queue
[2025-07-21T08:14:55.072+0000] {logging_mixin.py:188} INFO - [2025-07-21T08:14:55.072+0000] {dagbag.py:538} INFO - Filling up the DagBag from /home/airflow/.local/lib/python3.8/site-packages/airflow/example_dags/example_time_delta_sensor_async.py
[2025-07-21T08:14:55.238+0000] {processor.py:840} INFO - DAG(s) 'example_time_delta_sensor_async' retrieved from /home/airflow/.local/lib/python3.8/site-packages/airflow/example_dags/example_time_delta_sensor_async.py
[2025-07-21T08:14:55.460+0000] {logging_mixin.py:188} INFO - [2025-07-21T08:14:55.459+0000] {dag.py:3036} INFO - Sync 1 DAGs
[2025-07-21T08:14:55.597+0000] {logging_mixin.py:188} INFO - [2025-07-21T08:14:55.597+0000] {dag.py:3823} INFO - Setting next_dagrun for example_time_delta_sensor_async to None, run_after=None
[2025-07-21T08:14:55.702+0000] {processor.py:183} INFO - Processing /home/airflow/.local/lib/python3.8/site-packages/airflow/example_dags/example_time_delta_sensor_async.py took 0.723 seconds
[2025-07-21T08:15:27.217+0000] {processor.py:161} INFO - Started process (PID=160) to work on /home/airflow/.local/lib/python3.8/site-packages/airflow/example_dags/example_time_delta_sensor_async.py
[2025-07-21T08:15:27.223+0000] {processor.py:830} INFO - Processing file /home/airflow/.local/lib/python3.8/site-packages/airflow/example_dags/example_time_delta_sensor_async.py for tasks to queue
[2025-07-21T08:15:27.249+0000] {logging_mixin.py:188} INFO - [2025-07-21T08:15:27.247+0000] {dagbag.py:538} INFO - Filling up the DagBag from /home/airflow/.local/lib/python3.8/site-packages/airflow/example_dags/example_time_delta_sensor_async.py
[2025-07-21T08:15:27.364+0000] {processor.py:840} INFO - DAG(s) 'example_time_delta_sensor_async' retrieved from /home/airflow/.local/lib/python3.8/site-packages/airflow/example_dags/example_time_delta_sensor_async.py
[2025-07-21T08:15:27.815+0000] {logging_mixin.py:188} INFO - [2025-07-21T08:15:27.814+0000] {dag.py:3036} INFO - Sync 1 DAGs
[2025-07-21T08:15:27.960+0000] {logging_mixin.py:188} INFO - [2025-07-21T08:15:27.960+0000] {dag.py:3823} INFO - Setting next_dagrun for example_time_delta_sensor_async to None, run_after=None
[2025-07-21T08:15:28.186+0000] {processor.py:183} INFO - Processing /home/airflow/.local/lib/python3.8/site-packages/airflow/example_dags/example_time_delta_sensor_async.py took 0.994 seconds
[2025-07-21T08:16:15.089+0000] {processor.py:161} INFO - Started process (PID=224) to work on /home/airflow/.local/lib/python3.8/site-packages/airflow/example_dags/example_time_delta_sensor_async.py
[2025-07-21T08:16:15.106+0000] {processor.py:830} INFO - Processing file /home/airflow/.local/lib/python3.8/site-packages/airflow/example_dags/example_time_delta_sensor_async.py for tasks to queue
[2025-07-21T08:16:15.130+0000] {logging_mixin.py:188} INFO - [2025-07-21T08:16:15.129+0000] {dagbag.py:538} INFO - Filling up the DagBag from /home/airflow/.local/lib/python3.8/site-packages/airflow/example_dags/example_time_delta_sensor_async.py
[2025-07-21T08:16:15.146+0000] {processor.py:840} INFO - DAG(s) 'example_time_delta_sensor_async' retrieved from /home/airflow/.local/lib/python3.8/site-packages/airflow/example_dags/example_time_delta_sensor_async.py
[2025-07-21T08:16:15.293+0000] {logging_mixin.py:188} INFO - [2025-07-21T08:16:15.292+0000] {dag.py:3036} INFO - Sync 1 DAGs
[2025-07-21T08:16:15.472+0000] {logging_mixin.py:188} INFO - [2025-07-21T08:16:15.472+0000] {dag.py:3823} INFO - Setting next_dagrun for example_time_delta_sensor_async to None, run_after=None
[2025-07-21T08:16:15.616+0000] {processor.py:183} INFO - Processing /home/airflow/.local/lib/python3.8/site-packages/airflow/example_dags/example_time_delta_sensor_async.py took 0.554 seconds
[2025-07-21T08:16:55.987+0000] {processor.py:161} INFO - Started process (PID=279) to work on /home/airflow/.local/lib/python3.8/site-packages/airflow/example_dags/example_time_delta_sensor_async.py
[2025-07-21T08:16:56.039+0000] {processor.py:830} INFO - Processing file /home/airflow/.local/lib/python3.8/site-packages/airflow/example_dags/example_time_delta_sensor_async.py for tasks to queue
[2025-07-21T08:16:56.054+0000] {logging_mixin.py:188} INFO - [2025-07-21T08:16:56.053+0000] {dagbag.py:538} INFO - Filling up the DagBag from /home/airflow/.local/lib/python3.8/site-packages/airflow/example_dags/example_time_delta_sensor_async.py
[2025-07-21T08:16:56.083+0000] {processor.py:840} INFO - DAG(s) 'example_time_delta_sensor_async' retrieved from /home/airflow/.local/lib/python3.8/site-packages/airflow/example_dags/example_time_delta_sensor_async.py
[2025-07-21T08:16:56.482+0000] {logging_mixin.py:188} INFO - [2025-07-21T08:16:56.481+0000] {dag.py:3036} INFO - Sync 1 DAGs
[2025-07-21T08:16:56.658+0000] {logging_mixin.py:188} INFO - [2025-07-21T08:16:56.658+0000] {dag.py:3823} INFO - Setting next_dagrun for example_time_delta_sensor_async to None, run_after=None
[2025-07-21T08:16:57.206+0000] {processor.py:183} INFO - Processing /home/airflow/.local/lib/python3.8/site-packages/airflow/example_dags/example_time_delta_sensor_async.py took 1.290 seconds
[2025-07-21T08:18:02.634+0000] {processor.py:161} INFO - Started process (PID=340) to work on /home/airflow/.local/lib/python3.8/site-packages/airflow/example_dags/example_time_delta_sensor_async.py
[2025-07-21T08:18:02.654+0000] {processor.py:830} INFO - Processing file /home/airflow/.local/lib/python3.8/site-packages/airflow/example_dags/example_time_delta_sensor_async.py for tasks to queue
[2025-07-21T08:18:02.661+0000] {logging_mixin.py:188} INFO - [2025-07-21T08:18:02.660+0000] {dagbag.py:538} INFO - Filling up the DagBag from /home/airflow/.local/lib/python3.8/site-packages/airflow/example_dags/example_time_delta_sensor_async.py
[2025-07-21T08:18:02.787+0000] {processor.py:840} INFO - DAG(s) 'example_time_delta_sensor_async' retrieved from /home/airflow/.local/lib/python3.8/site-packages/airflow/example_dags/example_time_delta_sensor_async.py
[2025-07-21T08:18:03.145+0000] {logging_mixin.py:188} INFO - [2025-07-21T08:18:03.145+0000] {dag.py:3036} INFO - Sync 1 DAGs
[2025-07-21T08:18:03.401+0000] {logging_mixin.py:188} INFO - [2025-07-21T08:18:03.401+0000] {dag.py:3823} INFO - Setting next_dagrun for example_time_delta_sensor_async to None, run_after=None
[2025-07-21T08:18:03.859+0000] {processor.py:183} INFO - Processing /home/airflow/.local/lib/python3.8/site-packages/airflow/example_dags/example_time_delta_sensor_async.py took 1.252 seconds
[2025-07-21T08:19:40.851+0000] {processor.py:161} INFO - Started process (PID=411) to work on /home/airflow/.local/lib/python3.8/site-packages/airflow/example_dags/example_time_delta_sensor_async.py
[2025-07-21T08:19:40.865+0000] {processor.py:830} INFO - Processing file /home/airflow/.local/lib/python3.8/site-packages/airflow/example_dags/example_time_delta_sensor_async.py for tasks to queue
[2025-07-21T08:19:40.906+0000] {logging_mixin.py:188} INFO - [2025-07-21T08:19:40.885+0000] {dagbag.py:538} INFO - Filling up the DagBag from /home/airflow/.local/lib/python3.8/site-packages/airflow/example_dags/example_time_delta_sensor_async.py
[2025-07-21T08:19:40.949+0000] {processor.py:840} INFO - DAG(s) 'example_time_delta_sensor_async' retrieved from /home/airflow/.local/lib/python3.8/site-packages/airflow/example_dags/example_time_delta_sensor_async.py
[2025-07-21T08:19:43.244+0000] {logging_mixin.py:188} INFO - [2025-07-21T08:19:43.243+0000] {dag.py:3036} INFO - Sync 1 DAGs
[2025-07-21T08:19:43.417+0000] {logging_mixin.py:188} INFO - [2025-07-21T08:19:43.417+0000] {dag.py:3823} INFO - Setting next_dagrun for example_time_delta_sensor_async to None, run_after=None
[2025-07-21T08:19:43.807+0000] {processor.py:183} INFO - Processing /home/airflow/.local/lib/python3.8/site-packages/airflow/example_dags/example_time_delta_sensor_async.py took 2.977 seconds
[2025-07-21T08:20:18.870+0000] {processor.py:161} INFO - Started process (PID=472) to work on /home/airflow/.local/lib/python3.8/site-packages/airflow/example_dags/example_time_delta_sensor_async.py
[2025-07-21T08:20:18.872+0000] {processor.py:830} INFO - Processing file /home/airflow/.local/lib/python3.8/site-packages/airflow/example_dags/example_time_delta_sensor_async.py for tasks to queue
[2025-07-21T08:20:18.876+0000] {logging_mixin.py:188} INFO - [2025-07-21T08:20:18.876+0000] {dagbag.py:538} INFO - Filling up the DagBag from /home/airflow/.local/lib/python3.8/site-packages/airflow/example_dags/example_time_delta_sensor_async.py
[2025-07-21T08:20:18.893+0000] {processor.py:840} INFO - DAG(s) 'example_time_delta_sensor_async' retrieved from /home/airflow/.local/lib/python3.8/site-packages/airflow/example_dags/example_time_delta_sensor_async.py
[2025-07-21T08:20:18.937+0000] {logging_mixin.py:188} INFO - [2025-07-21T08:20:18.937+0000] {dag.py:3036} INFO - Sync 1 DAGs
[2025-07-21T08:20:18.979+0000] {logging_mixin.py:188} INFO - [2025-07-21T08:20:18.979+0000] {dag.py:3823} INFO - Setting next_dagrun for example_time_delta_sensor_async to None, run_after=None
[2025-07-21T08:20:19.101+0000] {processor.py:183} INFO - Processing /home/airflow/.local/lib/python3.8/site-packages/airflow/example_dags/example_time_delta_sensor_async.py took 0.247 seconds
[2025-07-21T08:21:14.672+0000] {processor.py:161} INFO - Started process (PID=520) to work on /home/airflow/.local/lib/python3.8/site-packages/airflow/example_dags/example_time_delta_sensor_async.py
[2025-07-21T08:21:14.718+0000] {processor.py:830} INFO - Processing file /home/airflow/.local/lib/python3.8/site-packages/airflow/example_dags/example_time_delta_sensor_async.py for tasks to queue
[2025-07-21T08:21:14.747+0000] {logging_mixin.py:188} INFO - [2025-07-21T08:21:14.746+0000] {dagbag.py:538} INFO - Filling up the DagBag from /home/airflow/.local/lib/python3.8/site-packages/airflow/example_dags/example_time_delta_sensor_async.py
[2025-07-21T08:21:14.893+0000] {processor.py:840} INFO - DAG(s) 'example_time_delta_sensor_async' retrieved from /home/airflow/.local/lib/python3.8/site-packages/airflow/example_dags/example_time_delta_sensor_async.py
[2025-07-21T08:21:15.056+0000] {logging_mixin.py:188} INFO - [2025-07-21T08:21:15.055+0000] {dag.py:3036} INFO - Sync 1 DAGs
[2025-07-21T08:21:15.178+0000] {logging_mixin.py:188} INFO - [2025-07-21T08:21:15.177+0000] {dag.py:3823} INFO - Setting next_dagrun for example_time_delta_sensor_async to None, run_after=None
[2025-07-21T08:21:15.465+0000] {processor.py:183} INFO - Processing /home/airflow/.local/lib/python3.8/site-packages/airflow/example_dags/example_time_delta_sensor_async.py took 0.804 seconds
[2025-07-21T08:21:46.060+0000] {processor.py:161} INFO - Started process (PID=575) to work on /home/airflow/.local/lib/python3.8/site-packages/airflow/example_dags/example_time_delta_sensor_async.py
[2025-07-21T08:21:46.063+0000] {processor.py:830} INFO - Processing file /home/airflow/.local/lib/python3.8/site-packages/airflow/example_dags/example_time_delta_sensor_async.py for tasks to queue
[2025-07-21T08:21:46.071+0000] {logging_mixin.py:188} INFO - [2025-07-21T08:21:46.071+0000] {dagbag.py:538} INFO - Filling up the DagBag from /home/airflow/.local/lib/python3.8/site-packages/airflow/example_dags/example_time_delta_sensor_async.py
[2025-07-21T08:21:46.099+0000] {processor.py:840} INFO - DAG(s) 'example_time_delta_sensor_async' retrieved from /home/airflow/.local/lib/python3.8/site-packages/airflow/example_dags/example_time_delta_sensor_async.py
[2025-07-21T08:21:46.156+0000] {logging_mixin.py:188} INFO - [2025-07-21T08:21:46.155+0000] {dag.py:3036} INFO - Sync 1 DAGs
[2025-07-21T08:21:46.184+0000] {logging_mixin.py:188} INFO - [2025-07-21T08:21:46.183+0000] {dag.py:3823} INFO - Setting next_dagrun for example_time_delta_sensor_async to None, run_after=None
[2025-07-21T08:21:46.216+0000] {processor.py:183} INFO - Processing /home/airflow/.local/lib/python3.8/site-packages/airflow/example_dags/example_time_delta_sensor_async.py took 0.169 seconds
[2025-07-21T08:22:32.363+0000] {processor.py:161} INFO - Started process (PID=635) to work on /home/airflow/.local/lib/python3.8/site-packages/airflow/example_dags/example_time_delta_sensor_async.py
[2025-07-21T08:22:32.365+0000] {processor.py:830} INFO - Processing file /home/airflow/.local/lib/python3.8/site-packages/airflow/example_dags/example_time_delta_sensor_async.py for tasks to queue
[2025-07-21T08:22:32.369+0000] {logging_mixin.py:188} INFO - [2025-07-21T08:22:32.369+0000] {dagbag.py:538} INFO - Filling up the DagBag from /home/airflow/.local/lib/python3.8/site-packages/airflow/example_dags/example_time_delta_sensor_async.py
[2025-07-21T08:22:32.388+0000] {processor.py:840} INFO - DAG(s) 'example_time_delta_sensor_async' retrieved from /home/airflow/.local/lib/python3.8/site-packages/airflow/example_dags/example_time_delta_sensor_async.py
[2025-07-21T08:22:32.468+0000] {logging_mixin.py:188} INFO - [2025-07-21T08:22:32.467+0000] {dag.py:3036} INFO - Sync 1 DAGs
[2025-07-21T08:22:32.493+0000] {logging_mixin.py:188} INFO - [2025-07-21T08:22:32.492+0000] {dag.py:3823} INFO - Setting next_dagrun for example_time_delta_sensor_async to None, run_after=None
[2025-07-21T08:22:32.573+0000] {processor.py:183} INFO - Processing /home/airflow/.local/lib/python3.8/site-packages/airflow/example_dags/example_time_delta_sensor_async.py took 0.224 seconds
[2025-07-21T08:23:14.547+0000] {processor.py:161} INFO - Started process (PID=697) to work on /home/airflow/.local/lib/python3.8/site-packages/airflow/example_dags/example_time_delta_sensor_async.py
[2025-07-21T08:23:14.551+0000] {processor.py:830} INFO - Processing file /home/airflow/.local/lib/python3.8/site-packages/airflow/example_dags/example_time_delta_sensor_async.py for tasks to queue
[2025-07-21T08:23:14.555+0000] {logging_mixin.py:188} INFO - [2025-07-21T08:23:14.554+0000] {dagbag.py:538} INFO - Filling up the DagBag from /home/airflow/.local/lib/python3.8/site-packages/airflow/example_dags/example_time_delta_sensor_async.py
[2025-07-21T08:23:14.565+0000] {processor.py:840} INFO - DAG(s) 'example_time_delta_sensor_async' retrieved from /home/airflow/.local/lib/python3.8/site-packages/airflow/example_dags/example_time_delta_sensor_async.py
[2025-07-21T08:23:14.602+0000] {logging_mixin.py:188} INFO - [2025-07-21T08:23:14.602+0000] {dag.py:3036} INFO - Sync 1 DAGs
[2025-07-21T08:23:14.625+0000] {logging_mixin.py:188} INFO - [2025-07-21T08:23:14.625+0000] {dag.py:3823} INFO - Setting next_dagrun for example_time_delta_sensor_async to None, run_after=None
[2025-07-21T08:23:14.673+0000] {processor.py:183} INFO - Processing /home/airflow/.local/lib/python3.8/site-packages/airflow/example_dags/example_time_delta_sensor_async.py took 0.133 seconds
[2025-07-21T08:23:47.939+0000] {processor.py:161} INFO - Started process (PID=753) to work on /home/airflow/.local/lib/python3.8/site-packages/airflow/example_dags/example_time_delta_sensor_async.py
[2025-07-21T08:23:47.942+0000] {processor.py:830} INFO - Processing file /home/airflow/.local/lib/python3.8/site-packages/airflow/example_dags/example_time_delta_sensor_async.py for tasks to queue
[2025-07-21T08:23:47.954+0000] {logging_mixin.py:188} INFO - [2025-07-21T08:23:47.953+0000] {dagbag.py:538} INFO - Filling up the DagBag from /home/airflow/.local/lib/python3.8/site-packages/airflow/example_dags/example_time_delta_sensor_async.py
[2025-07-21T08:23:47.972+0000] {processor.py:840} INFO - DAG(s) 'example_time_delta_sensor_async' retrieved from /home/airflow/.local/lib/python3.8/site-packages/airflow/example_dags/example_time_delta_sensor_async.py
[2025-07-21T08:23:48.034+0000] {logging_mixin.py:188} INFO - [2025-07-21T08:23:48.034+0000] {dag.py:3036} INFO - Sync 1 DAGs
[2025-07-21T08:23:48.066+0000] {logging_mixin.py:188} INFO - [2025-07-21T08:23:48.066+0000] {dag.py:3823} INFO - Setting next_dagrun for example_time_delta_sensor_async to None, run_after=None
[2025-07-21T08:23:48.123+0000] {processor.py:183} INFO - Processing /home/airflow/.local/lib/python3.8/site-packages/airflow/example_dags/example_time_delta_sensor_async.py took 0.203 seconds
[2025-07-21T08:24:34.731+0000] {processor.py:161} INFO - Started process (PID=824) to work on /home/airflow/.local/lib/python3.8/site-packages/airflow/example_dags/example_time_delta_sensor_async.py
[2025-07-21T08:24:34.734+0000] {processor.py:830} INFO - Processing file /home/airflow/.local/lib/python3.8/site-packages/airflow/example_dags/example_time_delta_sensor_async.py for tasks to queue
[2025-07-21T08:24:34.746+0000] {logging_mixin.py:188} INFO - [2025-07-21T08:24:34.745+0000] {dagbag.py:538} INFO - Filling up the DagBag from /home/airflow/.local/lib/python3.8/site-packages/airflow/example_dags/example_time_delta_sensor_async.py
[2025-07-21T08:24:34.777+0000] {processor.py:840} INFO - DAG(s) 'example_time_delta_sensor_async' retrieved from /home/airflow/.local/lib/python3.8/site-packages/airflow/example_dags/example_time_delta_sensor_async.py
[2025-07-21T08:24:34.896+0000] {logging_mixin.py:188} INFO - [2025-07-21T08:24:34.896+0000] {dag.py:3036} INFO - Sync 1 DAGs
[2025-07-21T08:24:34.982+0000] {logging_mixin.py:188} INFO - [2025-07-21T08:24:34.981+0000] {dag.py:3823} INFO - Setting next_dagrun for example_time_delta_sensor_async to None, run_after=None
[2025-07-21T08:24:35.131+0000] {processor.py:183} INFO - Processing /home/airflow/.local/lib/python3.8/site-packages/airflow/example_dags/example_time_delta_sensor_async.py took 0.416 seconds
[2025-07-21T08:25:07.828+0000] {processor.py:161} INFO - Started process (PID=879) to work on /home/airflow/.local/lib/python3.8/site-packages/airflow/example_dags/example_time_delta_sensor_async.py
[2025-07-21T08:25:07.839+0000] {processor.py:830} INFO - Processing file /home/airflow/.local/lib/python3.8/site-packages/airflow/example_dags/example_time_delta_sensor_async.py for tasks to queue
[2025-07-21T08:25:07.842+0000] {logging_mixin.py:188} INFO - [2025-07-21T08:25:07.842+0000] {dagbag.py:538} INFO - Filling up the DagBag from /home/airflow/.local/lib/python3.8/site-packages/airflow/example_dags/example_time_delta_sensor_async.py
[2025-07-21T08:25:07.870+0000] {processor.py:840} INFO - DAG(s) 'example_time_delta_sensor_async' retrieved from /home/airflow/.local/lib/python3.8/site-packages/airflow/example_dags/example_time_delta_sensor_async.py
[2025-07-21T08:25:08.084+0000] {logging_mixin.py:188} INFO - [2025-07-21T08:25:08.084+0000] {dag.py:3036} INFO - Sync 1 DAGs
[2025-07-21T08:25:08.136+0000] {logging_mixin.py:188} INFO - [2025-07-21T08:25:08.135+0000] {dag.py:3823} INFO - Setting next_dagrun for example_time_delta_sensor_async to None, run_after=None
[2025-07-21T08:25:08.474+0000] {processor.py:183} INFO - Processing /home/airflow/.local/lib/python3.8/site-packages/airflow/example_dags/example_time_delta_sensor_async.py took 0.651 seconds
[2025-07-21T08:25:39.759+0000] {processor.py:161} INFO - Started process (PID=935) to work on /home/airflow/.local/lib/python3.8/site-packages/airflow/example_dags/example_time_delta_sensor_async.py
[2025-07-21T08:25:39.762+0000] {processor.py:830} INFO - Processing file /home/airflow/.local/lib/python3.8/site-packages/airflow/example_dags/example_time_delta_sensor_async.py for tasks to queue
[2025-07-21T08:25:39.777+0000] {logging_mixin.py:188} INFO - [2025-07-21T08:25:39.777+0000] {dagbag.py:538} INFO - Filling up the DagBag from /home/airflow/.local/lib/python3.8/site-packages/airflow/example_dags/example_time_delta_sensor_async.py
[2025-07-21T08:25:39.790+0000] {processor.py:840} INFO - DAG(s) 'example_time_delta_sensor_async' retrieved from /home/airflow/.local/lib/python3.8/site-packages/airflow/example_dags/example_time_delta_sensor_async.py
[2025-07-21T08:25:40.016+0000] {logging_mixin.py:188} INFO - [2025-07-21T08:25:40.015+0000] {dag.py:3036} INFO - Sync 1 DAGs
[2025-07-21T08:25:40.089+0000] {logging_mixin.py:188} INFO - [2025-07-21T08:25:40.089+0000] {dag.py:3823} INFO - Setting next_dagrun for example_time_delta_sensor_async to None, run_after=None
[2025-07-21T08:25:40.147+0000] {processor.py:183} INFO - Processing /home/airflow/.local/lib/python3.8/site-packages/airflow/example_dags/example_time_delta_sensor_async.py took 0.395 seconds
[2025-07-21T08:26:10.958+0000] {processor.py:161} INFO - Started process (PID=990) to work on /home/airflow/.local/lib/python3.8/site-packages/airflow/example_dags/example_time_delta_sensor_async.py
[2025-07-21T08:26:10.972+0000] {processor.py:830} INFO - Processing file /home/airflow/.local/lib/python3.8/site-packages/airflow/example_dags/example_time_delta_sensor_async.py for tasks to queue
[2025-07-21T08:26:10.975+0000] {logging_mixin.py:188} INFO - [2025-07-21T08:26:10.975+0000] {dagbag.py:538} INFO - Filling up the DagBag from /home/airflow/.local/lib/python3.8/site-packages/airflow/example_dags/example_time_delta_sensor_async.py
[2025-07-21T08:26:10.986+0000] {processor.py:840} INFO - DAG(s) 'example_time_delta_sensor_async' retrieved from /home/airflow/.local/lib/python3.8/site-packages/airflow/example_dags/example_time_delta_sensor_async.py
[2025-07-21T08:26:11.030+0000] {logging_mixin.py:188} INFO - [2025-07-21T08:26:11.029+0000] {dag.py:3036} INFO - Sync 1 DAGs
[2025-07-21T08:26:11.072+0000] {logging_mixin.py:188} INFO - [2025-07-21T08:26:11.072+0000] {dag.py:3823} INFO - Setting next_dagrun for example_time_delta_sensor_async to None, run_after=None
[2025-07-21T08:26:11.248+0000] {processor.py:183} INFO - Processing /home/airflow/.local/lib/python3.8/site-packages/airflow/example_dags/example_time_delta_sensor_async.py took 0.296 seconds
[2025-07-21T08:26:47.708+0000] {processor.py:161} INFO - Started process (PID=1047) to work on /home/airflow/.local/lib/python3.8/site-packages/airflow/example_dags/example_time_delta_sensor_async.py
[2025-07-21T08:26:47.756+0000] {processor.py:830} INFO - Processing file /home/airflow/.local/lib/python3.8/site-packages/airflow/example_dags/example_time_delta_sensor_async.py for tasks to queue
[2025-07-21T08:26:47.994+0000] {logging_mixin.py:188} INFO - [2025-07-21T08:26:47.993+0000] {dagbag.py:538} INFO - Filling up the DagBag from /home/airflow/.local/lib/python3.8/site-packages/airflow/example_dags/example_time_delta_sensor_async.py
[2025-07-21T08:26:48.108+0000] {processor.py:840} INFO - DAG(s) 'example_time_delta_sensor_async' retrieved from /home/airflow/.local/lib/python3.8/site-packages/airflow/example_dags/example_time_delta_sensor_async.py
[2025-07-21T08:26:48.363+0000] {logging_mixin.py:188} INFO - [2025-07-21T08:26:48.362+0000] {dag.py:3036} INFO - Sync 1 DAGs
[2025-07-21T08:26:48.635+0000] {logging_mixin.py:188} INFO - [2025-07-21T08:26:48.634+0000] {dag.py:3823} INFO - Setting next_dagrun for example_time_delta_sensor_async to None, run_after=None
[2025-07-21T08:26:49.018+0000] {processor.py:183} INFO - Processing /home/airflow/.local/lib/python3.8/site-packages/airflow/example_dags/example_time_delta_sensor_async.py took 1.407 seconds
[2025-07-21T08:27:19.539+0000] {processor.py:161} INFO - Started process (PID=1101) to work on /home/airflow/.local/lib/python3.8/site-packages/airflow/example_dags/example_time_delta_sensor_async.py
[2025-07-21T08:27:19.544+0000] {processor.py:830} INFO - Processing file /home/airflow/.local/lib/python3.8/site-packages/airflow/example_dags/example_time_delta_sensor_async.py for tasks to queue
[2025-07-21T08:27:19.561+0000] {logging_mixin.py:188} INFO - [2025-07-21T08:27:19.560+0000] {dagbag.py:538} INFO - Filling up the DagBag from /home/airflow/.local/lib/python3.8/site-packages/airflow/example_dags/example_time_delta_sensor_async.py
[2025-07-21T08:27:19.593+0000] {processor.py:840} INFO - DAG(s) 'example_time_delta_sensor_async' retrieved from /home/airflow/.local/lib/python3.8/site-packages/airflow/example_dags/example_time_delta_sensor_async.py
[2025-07-21T08:27:19.770+0000] {logging_mixin.py:188} INFO - [2025-07-21T08:27:19.769+0000] {dag.py:3036} INFO - Sync 1 DAGs
[2025-07-21T08:27:19.874+0000] {logging_mixin.py:188} INFO - [2025-07-21T08:27:19.862+0000] {dag.py:3823} INFO - Setting next_dagrun for example_time_delta_sensor_async to None, run_after=None
[2025-07-21T08:27:20.112+0000] {processor.py:183} INFO - Processing /home/airflow/.local/lib/python3.8/site-packages/airflow/example_dags/example_time_delta_sensor_async.py took 0.606 seconds
[2025-07-21T08:27:50.732+0000] {processor.py:161} INFO - Started process (PID=1156) to work on /home/airflow/.local/lib/python3.8/site-packages/airflow/example_dags/example_time_delta_sensor_async.py
[2025-07-21T08:27:50.735+0000] {processor.py:830} INFO - Processing file /home/airflow/.local/lib/python3.8/site-packages/airflow/example_dags/example_time_delta_sensor_async.py for tasks to queue
[2025-07-21T08:27:50.740+0000] {logging_mixin.py:188} INFO - [2025-07-21T08:27:50.739+0000] {dagbag.py:538} INFO - Filling up the DagBag from /home/airflow/.local/lib/python3.8/site-packages/airflow/example_dags/example_time_delta_sensor_async.py
[2025-07-21T08:27:50.755+0000] {processor.py:840} INFO - DAG(s) 'example_time_delta_sensor_async' retrieved from /home/airflow/.local/lib/python3.8/site-packages/airflow/example_dags/example_time_delta_sensor_async.py
[2025-07-21T08:27:50.817+0000] {logging_mixin.py:188} INFO - [2025-07-21T08:27:50.817+0000] {dag.py:3036} INFO - Sync 1 DAGs
[2025-07-21T08:27:50.849+0000] {logging_mixin.py:188} INFO - [2025-07-21T08:27:50.848+0000] {dag.py:3823} INFO - Setting next_dagrun for example_time_delta_sensor_async to None, run_after=None
[2025-07-21T08:27:50.914+0000] {processor.py:183} INFO - Processing /home/airflow/.local/lib/python3.8/site-packages/airflow/example_dags/example_time_delta_sensor_async.py took 0.196 seconds
[2025-07-21T08:28:21.224+0000] {processor.py:161} INFO - Started process (PID=1211) to work on /home/airflow/.local/lib/python3.8/site-packages/airflow/example_dags/example_time_delta_sensor_async.py
[2025-07-21T08:28:21.233+0000] {processor.py:830} INFO - Processing file /home/airflow/.local/lib/python3.8/site-packages/airflow/example_dags/example_time_delta_sensor_async.py for tasks to queue
[2025-07-21T08:28:21.237+0000] {logging_mixin.py:188} INFO - [2025-07-21T08:28:21.236+0000] {dagbag.py:538} INFO - Filling up the DagBag from /home/airflow/.local/lib/python3.8/site-packages/airflow/example_dags/example_time_delta_sensor_async.py
[2025-07-21T08:28:21.264+0000] {processor.py:840} INFO - DAG(s) 'example_time_delta_sensor_async' retrieved from /home/airflow/.local/lib/python3.8/site-packages/airflow/example_dags/example_time_delta_sensor_async.py
[2025-07-21T08:28:21.390+0000] {logging_mixin.py:188} INFO - [2025-07-21T08:28:21.390+0000] {dag.py:3036} INFO - Sync 1 DAGs
[2025-07-21T08:28:21.430+0000] {logging_mixin.py:188} INFO - [2025-07-21T08:28:21.429+0000] {dag.py:3823} INFO - Setting next_dagrun for example_time_delta_sensor_async to None, run_after=None
[2025-07-21T08:28:21.525+0000] {processor.py:183} INFO - Processing /home/airflow/.local/lib/python3.8/site-packages/airflow/example_dags/example_time_delta_sensor_async.py took 0.308 seconds
[2025-07-21T08:28:52.071+0000] {processor.py:161} INFO - Started process (PID=1266) to work on /home/airflow/.local/lib/python3.8/site-packages/airflow/example_dags/example_time_delta_sensor_async.py
[2025-07-21T08:28:52.080+0000] {processor.py:830} INFO - Processing file /home/airflow/.local/lib/python3.8/site-packages/airflow/example_dags/example_time_delta_sensor_async.py for tasks to queue
[2025-07-21T08:28:52.122+0000] {logging_mixin.py:188} INFO - [2025-07-21T08:28:52.122+0000] {dagbag.py:538} INFO - Filling up the DagBag from /home/airflow/.local/lib/python3.8/site-packages/airflow/example_dags/example_time_delta_sensor_async.py
[2025-07-21T08:28:52.175+0000] {processor.py:840} INFO - DAG(s) 'example_time_delta_sensor_async' retrieved from /home/airflow/.local/lib/python3.8/site-packages/airflow/example_dags/example_time_delta_sensor_async.py
[2025-07-21T08:28:52.249+0000] {logging_mixin.py:188} INFO - [2025-07-21T08:28:52.248+0000] {dag.py:3036} INFO - Sync 1 DAGs
[2025-07-21T08:28:52.297+0000] {logging_mixin.py:188} INFO - [2025-07-21T08:28:52.297+0000] {dag.py:3823} INFO - Setting next_dagrun for example_time_delta_sensor_async to None, run_after=None
[2025-07-21T08:28:52.375+0000] {processor.py:183} INFO - Processing /home/airflow/.local/lib/python3.8/site-packages/airflow/example_dags/example_time_delta_sensor_async.py took 0.330 seconds
[2025-07-21T08:29:22.656+0000] {processor.py:161} INFO - Started process (PID=1321) to work on /home/airflow/.local/lib/python3.8/site-packages/airflow/example_dags/example_time_delta_sensor_async.py
[2025-07-21T08:29:22.675+0000] {processor.py:830} INFO - Processing file /home/airflow/.local/lib/python3.8/site-packages/airflow/example_dags/example_time_delta_sensor_async.py for tasks to queue
[2025-07-21T08:29:22.723+0000] {logging_mixin.py:188} INFO - [2025-07-21T08:29:22.722+0000] {dagbag.py:538} INFO - Filling up the DagBag from /home/airflow/.local/lib/python3.8/site-packages/airflow/example_dags/example_time_delta_sensor_async.py
[2025-07-21T08:29:22.752+0000] {processor.py:840} INFO - DAG(s) 'example_time_delta_sensor_async' retrieved from /home/airflow/.local/lib/python3.8/site-packages/airflow/example_dags/example_time_delta_sensor_async.py
[2025-07-21T08:29:22.839+0000] {logging_mixin.py:188} INFO - [2025-07-21T08:29:22.839+0000] {dag.py:3036} INFO - Sync 1 DAGs
[2025-07-21T08:29:22.876+0000] {logging_mixin.py:188} INFO - [2025-07-21T08:29:22.876+0000] {dag.py:3823} INFO - Setting next_dagrun for example_time_delta_sensor_async to None, run_after=None
[2025-07-21T08:29:22.972+0000] {processor.py:183} INFO - Processing /home/airflow/.local/lib/python3.8/site-packages/airflow/example_dags/example_time_delta_sensor_async.py took 0.330 seconds
[2025-07-21T08:29:53.287+0000] {processor.py:161} INFO - Started process (PID=1377) to work on /home/airflow/.local/lib/python3.8/site-packages/airflow/example_dags/example_time_delta_sensor_async.py
[2025-07-21T08:29:53.290+0000] {processor.py:830} INFO - Processing file /home/airflow/.local/lib/python3.8/site-packages/airflow/example_dags/example_time_delta_sensor_async.py for tasks to queue
[2025-07-21T08:29:53.295+0000] {logging_mixin.py:188} INFO - [2025-07-21T08:29:53.294+0000] {dagbag.py:538} INFO - Filling up the DagBag from /home/airflow/.local/lib/python3.8/site-packages/airflow/example_dags/example_time_delta_sensor_async.py
[2025-07-21T08:29:53.314+0000] {processor.py:840} INFO - DAG(s) 'example_time_delta_sensor_async' retrieved from /home/airflow/.local/lib/python3.8/site-packages/airflow/example_dags/example_time_delta_sensor_async.py
[2025-07-21T08:29:53.378+0000] {logging_mixin.py:188} INFO - [2025-07-21T08:29:53.377+0000] {dag.py:3036} INFO - Sync 1 DAGs
[2025-07-21T08:29:53.433+0000] {logging_mixin.py:188} INFO - [2025-07-21T08:29:53.433+0000] {dag.py:3823} INFO - Setting next_dagrun for example_time_delta_sensor_async to None, run_after=None
[2025-07-21T08:29:53.495+0000] {processor.py:183} INFO - Processing /home/airflow/.local/lib/python3.8/site-packages/airflow/example_dags/example_time_delta_sensor_async.py took 0.223 seconds
[2025-07-21T08:30:24.992+0000] {processor.py:161} INFO - Started process (PID=1432) to work on /home/airflow/.local/lib/python3.8/site-packages/airflow/example_dags/example_time_delta_sensor_async.py
[2025-07-21T08:30:25.013+0000] {processor.py:830} INFO - Processing file /home/airflow/.local/lib/python3.8/site-packages/airflow/example_dags/example_time_delta_sensor_async.py for tasks to queue
[2025-07-21T08:30:25.021+0000] {logging_mixin.py:188} INFO - [2025-07-21T08:30:25.020+0000] {dagbag.py:538} INFO - Filling up the DagBag from /home/airflow/.local/lib/python3.8/site-packages/airflow/example_dags/example_time_delta_sensor_async.py
[2025-07-21T08:30:25.051+0000] {processor.py:840} INFO - DAG(s) 'example_time_delta_sensor_async' retrieved from /home/airflow/.local/lib/python3.8/site-packages/airflow/example_dags/example_time_delta_sensor_async.py
[2025-07-21T08:30:25.131+0000] {logging_mixin.py:188} INFO - [2025-07-21T08:30:25.130+0000] {dag.py:3036} INFO - Sync 1 DAGs
[2025-07-21T08:30:25.156+0000] {logging_mixin.py:188} INFO - [2025-07-21T08:30:25.156+0000] {dag.py:3823} INFO - Setting next_dagrun for example_time_delta_sensor_async to None, run_after=None
[2025-07-21T08:30:25.191+0000] {processor.py:183} INFO - Processing /home/airflow/.local/lib/python3.8/site-packages/airflow/example_dags/example_time_delta_sensor_async.py took 0.221 seconds
[2025-07-21T08:31:04.728+0000] {processor.py:161} INFO - Started process (PID=1498) to work on /home/airflow/.local/lib/python3.8/site-packages/airflow/example_dags/example_time_delta_sensor_async.py
[2025-07-21T08:31:04.837+0000] {processor.py:830} INFO - Processing file /home/airflow/.local/lib/python3.8/site-packages/airflow/example_dags/example_time_delta_sensor_async.py for tasks to queue
[2025-07-21T08:31:04.844+0000] {logging_mixin.py:188} INFO - [2025-07-21T08:31:04.843+0000] {dagbag.py:538} INFO - Filling up the DagBag from /home/airflow/.local/lib/python3.8/site-packages/airflow/example_dags/example_time_delta_sensor_async.py
[2025-07-21T08:31:04.879+0000] {processor.py:840} INFO - DAG(s) 'example_time_delta_sensor_async' retrieved from /home/airflow/.local/lib/python3.8/site-packages/airflow/example_dags/example_time_delta_sensor_async.py
[2025-07-21T08:31:04.983+0000] {logging_mixin.py:188} INFO - [2025-07-21T08:31:04.983+0000] {dag.py:3036} INFO - Sync 1 DAGs
[2025-07-21T08:31:05.113+0000] {logging_mixin.py:188} INFO - [2025-07-21T08:31:05.112+0000] {dag.py:3823} INFO - Setting next_dagrun for example_time_delta_sensor_async to None, run_after=None
[2025-07-21T08:31:05.219+0000] {processor.py:183} INFO - Processing /home/airflow/.local/lib/python3.8/site-packages/airflow/example_dags/example_time_delta_sensor_async.py took 0.504 seconds
[2025-07-21T08:31:36.384+0000] {processor.py:161} INFO - Started process (PID=1553) to work on /home/airflow/.local/lib/python3.8/site-packages/airflow/example_dags/example_time_delta_sensor_async.py
[2025-07-21T08:31:36.388+0000] {processor.py:830} INFO - Processing file /home/airflow/.local/lib/python3.8/site-packages/airflow/example_dags/example_time_delta_sensor_async.py for tasks to queue
[2025-07-21T08:31:36.392+0000] {logging_mixin.py:188} INFO - [2025-07-21T08:31:36.392+0000] {dagbag.py:538} INFO - Filling up the DagBag from /home/airflow/.local/lib/python3.8/site-packages/airflow/example_dags/example_time_delta_sensor_async.py
[2025-07-21T08:31:36.408+0000] {processor.py:840} INFO - DAG(s) 'example_time_delta_sensor_async' retrieved from /home/airflow/.local/lib/python3.8/site-packages/airflow/example_dags/example_time_delta_sensor_async.py
[2025-07-21T08:31:36.477+0000] {logging_mixin.py:188} INFO - [2025-07-21T08:31:36.477+0000] {dag.py:3036} INFO - Sync 1 DAGs
[2025-07-21T08:31:36.517+0000] {logging_mixin.py:188} INFO - [2025-07-21T08:31:36.517+0000] {dag.py:3823} INFO - Setting next_dagrun for example_time_delta_sensor_async to None, run_after=None
[2025-07-21T08:31:36.578+0000] {processor.py:183} INFO - Processing /home/airflow/.local/lib/python3.8/site-packages/airflow/example_dags/example_time_delta_sensor_async.py took 0.206 seconds
[2025-07-21T08:32:08.985+0000] {processor.py:161} INFO - Started process (PID=1609) to work on /home/airflow/.local/lib/python3.8/site-packages/airflow/example_dags/example_time_delta_sensor_async.py
[2025-07-21T08:32:08.996+0000] {processor.py:830} INFO - Processing file /home/airflow/.local/lib/python3.8/site-packages/airflow/example_dags/example_time_delta_sensor_async.py for tasks to queue
[2025-07-21T08:32:09.002+0000] {logging_mixin.py:188} INFO - [2025-07-21T08:32:09.001+0000] {dagbag.py:538} INFO - Filling up the DagBag from /home/airflow/.local/lib/python3.8/site-packages/airflow/example_dags/example_time_delta_sensor_async.py
[2025-07-21T08:32:09.023+0000] {processor.py:840} INFO - DAG(s) 'example_time_delta_sensor_async' retrieved from /home/airflow/.local/lib/python3.8/site-packages/airflow/example_dags/example_time_delta_sensor_async.py
[2025-07-21T08:32:09.189+0000] {logging_mixin.py:188} INFO - [2025-07-21T08:32:09.189+0000] {dag.py:3036} INFO - Sync 1 DAGs
[2025-07-21T08:32:09.300+0000] {logging_mixin.py:188} INFO - [2025-07-21T08:32:09.300+0000] {dag.py:3823} INFO - Setting next_dagrun for example_time_delta_sensor_async to None, run_after=None
[2025-07-21T08:32:09.429+0000] {processor.py:183} INFO - Processing /home/airflow/.local/lib/python3.8/site-packages/airflow/example_dags/example_time_delta_sensor_async.py took 0.462 seconds
[2025-07-21T08:32:41.612+0000] {processor.py:161} INFO - Started process (PID=1664) to work on /home/airflow/.local/lib/python3.8/site-packages/airflow/example_dags/example_time_delta_sensor_async.py
[2025-07-21T08:32:41.622+0000] {processor.py:830} INFO - Processing file /home/airflow/.local/lib/python3.8/site-packages/airflow/example_dags/example_time_delta_sensor_async.py for tasks to queue
[2025-07-21T08:32:41.629+0000] {logging_mixin.py:188} INFO - [2025-07-21T08:32:41.628+0000] {dagbag.py:538} INFO - Filling up the DagBag from /home/airflow/.local/lib/python3.8/site-packages/airflow/example_dags/example_time_delta_sensor_async.py
[2025-07-21T08:32:41.649+0000] {processor.py:840} INFO - DAG(s) 'example_time_delta_sensor_async' retrieved from /home/airflow/.local/lib/python3.8/site-packages/airflow/example_dags/example_time_delta_sensor_async.py
[2025-07-21T08:32:41.950+0000] {logging_mixin.py:188} INFO - [2025-07-21T08:32:41.922+0000] {dag.py:3036} INFO - Sync 1 DAGs
[2025-07-21T08:32:42.158+0000] {logging_mixin.py:188} INFO - [2025-07-21T08:32:42.158+0000] {dag.py:3823} INFO - Setting next_dagrun for example_time_delta_sensor_async to None, run_after=None
[2025-07-21T08:32:42.699+0000] {processor.py:183} INFO - Processing /home/airflow/.local/lib/python3.8/site-packages/airflow/example_dags/example_time_delta_sensor_async.py took 1.111 seconds
[2025-07-21T08:33:13.422+0000] {processor.py:161} INFO - Started process (PID=1719) to work on /home/airflow/.local/lib/python3.8/site-packages/airflow/example_dags/example_time_delta_sensor_async.py
[2025-07-21T08:33:13.424+0000] {processor.py:830} INFO - Processing file /home/airflow/.local/lib/python3.8/site-packages/airflow/example_dags/example_time_delta_sensor_async.py for tasks to queue
[2025-07-21T08:33:13.429+0000] {logging_mixin.py:188} INFO - [2025-07-21T08:33:13.428+0000] {dagbag.py:538} INFO - Filling up the DagBag from /home/airflow/.local/lib/python3.8/site-packages/airflow/example_dags/example_time_delta_sensor_async.py
[2025-07-21T08:33:13.445+0000] {processor.py:840} INFO - DAG(s) 'example_time_delta_sensor_async' retrieved from /home/airflow/.local/lib/python3.8/site-packages/airflow/example_dags/example_time_delta_sensor_async.py
[2025-07-21T08:33:13.502+0000] {logging_mixin.py:188} INFO - [2025-07-21T08:33:13.501+0000] {dag.py:3036} INFO - Sync 1 DAGs
[2025-07-21T08:33:13.570+0000] {logging_mixin.py:188} INFO - [2025-07-21T08:33:13.570+0000] {dag.py:3823} INFO - Setting next_dagrun for example_time_delta_sensor_async to None, run_after=None
[2025-07-21T08:33:13.668+0000] {processor.py:183} INFO - Processing /home/airflow/.local/lib/python3.8/site-packages/airflow/example_dags/example_time_delta_sensor_async.py took 0.256 seconds
[2025-07-21T08:33:44.207+0000] {processor.py:161} INFO - Started process (PID=1774) to work on /home/airflow/.local/lib/python3.8/site-packages/airflow/example_dags/example_time_delta_sensor_async.py
[2025-07-21T08:33:44.209+0000] {processor.py:830} INFO - Processing file /home/airflow/.local/lib/python3.8/site-packages/airflow/example_dags/example_time_delta_sensor_async.py for tasks to queue
[2025-07-21T08:33:44.214+0000] {logging_mixin.py:188} INFO - [2025-07-21T08:33:44.214+0000] {dagbag.py:538} INFO - Filling up the DagBag from /home/airflow/.local/lib/python3.8/site-packages/airflow/example_dags/example_time_delta_sensor_async.py
[2025-07-21T08:33:44.225+0000] {processor.py:840} INFO - DAG(s) 'example_time_delta_sensor_async' retrieved from /home/airflow/.local/lib/python3.8/site-packages/airflow/example_dags/example_time_delta_sensor_async.py
[2025-07-21T08:33:44.271+0000] {logging_mixin.py:188} INFO - [2025-07-21T08:33:44.270+0000] {dag.py:3036} INFO - Sync 1 DAGs
[2025-07-21T08:33:44.321+0000] {logging_mixin.py:188} INFO - [2025-07-21T08:33:44.321+0000] {dag.py:3823} INFO - Setting next_dagrun for example_time_delta_sensor_async to None, run_after=None
[2025-07-21T08:33:44.362+0000] {processor.py:183} INFO - Processing /home/airflow/.local/lib/python3.8/site-packages/airflow/example_dags/example_time_delta_sensor_async.py took 0.164 seconds
[2025-07-21T08:34:15.489+0000] {processor.py:161} INFO - Started process (PID=1829) to work on /home/airflow/.local/lib/python3.8/site-packages/airflow/example_dags/example_time_delta_sensor_async.py
[2025-07-21T08:34:15.505+0000] {processor.py:830} INFO - Processing file /home/airflow/.local/lib/python3.8/site-packages/airflow/example_dags/example_time_delta_sensor_async.py for tasks to queue
[2025-07-21T08:34:15.523+0000] {logging_mixin.py:188} INFO - [2025-07-21T08:34:15.522+0000] {dagbag.py:538} INFO - Filling up the DagBag from /home/airflow/.local/lib/python3.8/site-packages/airflow/example_dags/example_time_delta_sensor_async.py
[2025-07-21T08:34:15.568+0000] {processor.py:840} INFO - DAG(s) 'example_time_delta_sensor_async' retrieved from /home/airflow/.local/lib/python3.8/site-packages/airflow/example_dags/example_time_delta_sensor_async.py
[2025-07-21T08:34:15.680+0000] {logging_mixin.py:188} INFO - [2025-07-21T08:34:15.680+0000] {dag.py:3036} INFO - Sync 1 DAGs
[2025-07-21T08:34:15.713+0000] {logging_mixin.py:188} INFO - [2025-07-21T08:34:15.712+0000] {dag.py:3823} INFO - Setting next_dagrun for example_time_delta_sensor_async to None, run_after=None
[2025-07-21T08:34:15.752+0000] {processor.py:183} INFO - Processing /home/airflow/.local/lib/python3.8/site-packages/airflow/example_dags/example_time_delta_sensor_async.py took 0.297 seconds
[2025-07-21T08:34:46.161+0000] {processor.py:161} INFO - Started process (PID=1884) to work on /home/airflow/.local/lib/python3.8/site-packages/airflow/example_dags/example_time_delta_sensor_async.py
[2025-07-21T08:34:46.171+0000] {processor.py:830} INFO - Processing file /home/airflow/.local/lib/python3.8/site-packages/airflow/example_dags/example_time_delta_sensor_async.py for tasks to queue
[2025-07-21T08:34:46.180+0000] {logging_mixin.py:188} INFO - [2025-07-21T08:34:46.178+0000] {dagbag.py:538} INFO - Filling up the DagBag from /home/airflow/.local/lib/python3.8/site-packages/airflow/example_dags/example_time_delta_sensor_async.py
[2025-07-21T08:34:46.195+0000] {processor.py:840} INFO - DAG(s) 'example_time_delta_sensor_async' retrieved from /home/airflow/.local/lib/python3.8/site-packages/airflow/example_dags/example_time_delta_sensor_async.py
[2025-07-21T08:34:46.245+0000] {logging_mixin.py:188} INFO - [2025-07-21T08:34:46.245+0000] {dag.py:3036} INFO - Sync 1 DAGs
[2025-07-21T08:34:46.279+0000] {logging_mixin.py:188} INFO - [2025-07-21T08:34:46.278+0000] {dag.py:3823} INFO - Setting next_dagrun for example_time_delta_sensor_async to None, run_after=None
[2025-07-21T08:34:46.337+0000] {processor.py:183} INFO - Processing /home/airflow/.local/lib/python3.8/site-packages/airflow/example_dags/example_time_delta_sensor_async.py took 0.191 seconds
[2025-07-21T08:35:16.875+0000] {processor.py:161} INFO - Started process (PID=1939) to work on /home/airflow/.local/lib/python3.8/site-packages/airflow/example_dags/example_time_delta_sensor_async.py
[2025-07-21T08:35:16.888+0000] {processor.py:830} INFO - Processing file /home/airflow/.local/lib/python3.8/site-packages/airflow/example_dags/example_time_delta_sensor_async.py for tasks to queue
[2025-07-21T08:35:16.951+0000] {logging_mixin.py:188} INFO - [2025-07-21T08:35:16.916+0000] {dagbag.py:538} INFO - Filling up the DagBag from /home/airflow/.local/lib/python3.8/site-packages/airflow/example_dags/example_time_delta_sensor_async.py
[2025-07-21T08:35:17.009+0000] {processor.py:840} INFO - DAG(s) 'example_time_delta_sensor_async' retrieved from /home/airflow/.local/lib/python3.8/site-packages/airflow/example_dags/example_time_delta_sensor_async.py
[2025-07-21T08:35:17.233+0000] {logging_mixin.py:188} INFO - [2025-07-21T08:35:17.233+0000] {dag.py:3036} INFO - Sync 1 DAGs
[2025-07-21T08:35:17.310+0000] {logging_mixin.py:188} INFO - [2025-07-21T08:35:17.309+0000] {dag.py:3823} INFO - Setting next_dagrun for example_time_delta_sensor_async to None, run_after=None
[2025-07-21T08:35:17.498+0000] {processor.py:183} INFO - Processing /home/airflow/.local/lib/python3.8/site-packages/airflow/example_dags/example_time_delta_sensor_async.py took 0.635 seconds
[2025-07-21T08:35:47.820+0000] {processor.py:161} INFO - Started process (PID=1994) to work on /home/airflow/.local/lib/python3.8/site-packages/airflow/example_dags/example_time_delta_sensor_async.py
[2025-07-21T08:35:47.829+0000] {processor.py:830} INFO - Processing file /home/airflow/.local/lib/python3.8/site-packages/airflow/example_dags/example_time_delta_sensor_async.py for tasks to queue
[2025-07-21T08:35:47.834+0000] {logging_mixin.py:188} INFO - [2025-07-21T08:35:47.833+0000] {dagbag.py:538} INFO - Filling up the DagBag from /home/airflow/.local/lib/python3.8/site-packages/airflow/example_dags/example_time_delta_sensor_async.py
[2025-07-21T08:35:47.850+0000] {processor.py:840} INFO - DAG(s) 'example_time_delta_sensor_async' retrieved from /home/airflow/.local/lib/python3.8/site-packages/airflow/example_dags/example_time_delta_sensor_async.py
[2025-07-21T08:35:47.914+0000] {logging_mixin.py:188} INFO - [2025-07-21T08:35:47.913+0000] {dag.py:3036} INFO - Sync 1 DAGs
[2025-07-21T08:35:47.945+0000] {logging_mixin.py:188} INFO - [2025-07-21T08:35:47.944+0000] {dag.py:3823} INFO - Setting next_dagrun for example_time_delta_sensor_async to None, run_after=None
[2025-07-21T08:35:47.986+0000] {processor.py:183} INFO - Processing /home/airflow/.local/lib/python3.8/site-packages/airflow/example_dags/example_time_delta_sensor_async.py took 0.177 seconds
[2025-07-21T08:36:19.018+0000] {processor.py:161} INFO - Started process (PID=2049) to work on /home/airflow/.local/lib/python3.8/site-packages/airflow/example_dags/example_time_delta_sensor_async.py
[2025-07-21T08:36:19.021+0000] {processor.py:830} INFO - Processing file /home/airflow/.local/lib/python3.8/site-packages/airflow/example_dags/example_time_delta_sensor_async.py for tasks to queue
[2025-07-21T08:36:19.027+0000] {logging_mixin.py:188} INFO - [2025-07-21T08:36:19.026+0000] {dagbag.py:538} INFO - Filling up the DagBag from /home/airflow/.local/lib/python3.8/site-packages/airflow/example_dags/example_time_delta_sensor_async.py
[2025-07-21T08:36:19.042+0000] {processor.py:840} INFO - DAG(s) 'example_time_delta_sensor_async' retrieved from /home/airflow/.local/lib/python3.8/site-packages/airflow/example_dags/example_time_delta_sensor_async.py
[2025-07-21T08:36:19.107+0000] {logging_mixin.py:188} INFO - [2025-07-21T08:36:19.107+0000] {dag.py:3036} INFO - Sync 1 DAGs
[2025-07-21T08:36:19.150+0000] {logging_mixin.py:188} INFO - [2025-07-21T08:36:19.150+0000] {dag.py:3823} INFO - Setting next_dagrun for example_time_delta_sensor_async to None, run_after=None
[2025-07-21T08:36:19.201+0000] {processor.py:183} INFO - Processing /home/airflow/.local/lib/python3.8/site-packages/airflow/example_dags/example_time_delta_sensor_async.py took 0.194 seconds
[2025-07-21T08:36:49.828+0000] {processor.py:161} INFO - Started process (PID=2104) to work on /home/airflow/.local/lib/python3.8/site-packages/airflow/example_dags/example_time_delta_sensor_async.py
[2025-07-21T08:36:49.830+0000] {processor.py:830} INFO - Processing file /home/airflow/.local/lib/python3.8/site-packages/airflow/example_dags/example_time_delta_sensor_async.py for tasks to queue
[2025-07-21T08:36:49.835+0000] {logging_mixin.py:188} INFO - [2025-07-21T08:36:49.833+0000] {dagbag.py:538} INFO - Filling up the DagBag from /home/airflow/.local/lib/python3.8/site-packages/airflow/example_dags/example_time_delta_sensor_async.py
[2025-07-21T08:36:49.844+0000] {processor.py:840} INFO - DAG(s) 'example_time_delta_sensor_async' retrieved from /home/airflow/.local/lib/python3.8/site-packages/airflow/example_dags/example_time_delta_sensor_async.py
[2025-07-21T08:36:49.887+0000] {logging_mixin.py:188} INFO - [2025-07-21T08:36:49.886+0000] {dag.py:3036} INFO - Sync 1 DAGs
[2025-07-21T08:36:49.918+0000] {logging_mixin.py:188} INFO - [2025-07-21T08:36:49.917+0000] {dag.py:3823} INFO - Setting next_dagrun for example_time_delta_sensor_async to None, run_after=None
[2025-07-21T08:36:49.956+0000] {processor.py:183} INFO - Processing /home/airflow/.local/lib/python3.8/site-packages/airflow/example_dags/example_time_delta_sensor_async.py took 0.135 seconds
[2025-07-21T08:37:22.579+0000] {processor.py:161} INFO - Started process (PID=2156) to work on /home/airflow/.local/lib/python3.8/site-packages/airflow/example_dags/example_time_delta_sensor_async.py
[2025-07-21T08:37:22.581+0000] {processor.py:830} INFO - Processing file /home/airflow/.local/lib/python3.8/site-packages/airflow/example_dags/example_time_delta_sensor_async.py for tasks to queue
[2025-07-21T08:37:22.584+0000] {logging_mixin.py:188} INFO - [2025-07-21T08:37:22.584+0000] {dagbag.py:538} INFO - Filling up the DagBag from /home/airflow/.local/lib/python3.8/site-packages/airflow/example_dags/example_time_delta_sensor_async.py
[2025-07-21T08:37:22.594+0000] {processor.py:840} INFO - DAG(s) 'example_time_delta_sensor_async' retrieved from /home/airflow/.local/lib/python3.8/site-packages/airflow/example_dags/example_time_delta_sensor_async.py
[2025-07-21T08:37:22.636+0000] {logging_mixin.py:188} INFO - [2025-07-21T08:37:22.636+0000] {dag.py:3036} INFO - Sync 1 DAGs
[2025-07-21T08:37:22.660+0000] {logging_mixin.py:188} INFO - [2025-07-21T08:37:22.659+0000] {dag.py:3823} INFO - Setting next_dagrun for example_time_delta_sensor_async to None, run_after=None
[2025-07-21T08:37:22.740+0000] {processor.py:183} INFO - Processing /home/airflow/.local/lib/python3.8/site-packages/airflow/example_dags/example_time_delta_sensor_async.py took 0.177 seconds
[2025-07-21T08:37:55.727+0000] {processor.py:161} INFO - Started process (PID=2212) to work on /home/airflow/.local/lib/python3.8/site-packages/airflow/example_dags/example_time_delta_sensor_async.py
[2025-07-21T08:37:55.729+0000] {processor.py:830} INFO - Processing file /home/airflow/.local/lib/python3.8/site-packages/airflow/example_dags/example_time_delta_sensor_async.py for tasks to queue
[2025-07-21T08:37:55.733+0000] {logging_mixin.py:188} INFO - [2025-07-21T08:37:55.732+0000] {dagbag.py:538} INFO - Filling up the DagBag from /home/airflow/.local/lib/python3.8/site-packages/airflow/example_dags/example_time_delta_sensor_async.py
[2025-07-21T08:37:55.742+0000] {processor.py:840} INFO - DAG(s) 'example_time_delta_sensor_async' retrieved from /home/airflow/.local/lib/python3.8/site-packages/airflow/example_dags/example_time_delta_sensor_async.py
[2025-07-21T08:37:55.787+0000] {logging_mixin.py:188} INFO - [2025-07-21T08:37:55.786+0000] {dag.py:3036} INFO - Sync 1 DAGs
[2025-07-21T08:37:55.809+0000] {logging_mixin.py:188} INFO - [2025-07-21T08:37:55.809+0000] {dag.py:3823} INFO - Setting next_dagrun for example_time_delta_sensor_async to None, run_after=None
[2025-07-21T08:37:55.859+0000] {processor.py:183} INFO - Processing /home/airflow/.local/lib/python3.8/site-packages/airflow/example_dags/example_time_delta_sensor_async.py took 0.143 seconds
[2025-07-21T08:38:30.321+0000] {processor.py:161} INFO - Started process (PID=2275) to work on /home/airflow/.local/lib/python3.8/site-packages/airflow/example_dags/example_time_delta_sensor_async.py
[2025-07-21T08:38:30.350+0000] {processor.py:830} INFO - Processing file /home/airflow/.local/lib/python3.8/site-packages/airflow/example_dags/example_time_delta_sensor_async.py for tasks to queue
[2025-07-21T08:38:30.370+0000] {logging_mixin.py:188} INFO - [2025-07-21T08:38:30.369+0000] {dagbag.py:538} INFO - Filling up the DagBag from /home/airflow/.local/lib/python3.8/site-packages/airflow/example_dags/example_time_delta_sensor_async.py
[2025-07-21T08:38:30.396+0000] {processor.py:840} INFO - DAG(s) 'example_time_delta_sensor_async' retrieved from /home/airflow/.local/lib/python3.8/site-packages/airflow/example_dags/example_time_delta_sensor_async.py
[2025-07-21T08:38:30.517+0000] {logging_mixin.py:188} INFO - [2025-07-21T08:38:30.516+0000] {dag.py:3036} INFO - Sync 1 DAGs
[2025-07-21T08:38:30.568+0000] {logging_mixin.py:188} INFO - [2025-07-21T08:38:30.568+0000] {dag.py:3823} INFO - Setting next_dagrun for example_time_delta_sensor_async to None, run_after=None
[2025-07-21T08:38:30.671+0000] {processor.py:183} INFO - Processing /home/airflow/.local/lib/python3.8/site-packages/airflow/example_dags/example_time_delta_sensor_async.py took 0.357 seconds
[2025-07-21T08:39:01.068+0000] {processor.py:161} INFO - Started process (PID=2330) to work on /home/airflow/.local/lib/python3.8/site-packages/airflow/example_dags/example_time_delta_sensor_async.py
[2025-07-21T08:39:01.072+0000] {processor.py:830} INFO - Processing file /home/airflow/.local/lib/python3.8/site-packages/airflow/example_dags/example_time_delta_sensor_async.py for tasks to queue
[2025-07-21T08:39:01.087+0000] {logging_mixin.py:188} INFO - [2025-07-21T08:39:01.086+0000] {dagbag.py:538} INFO - Filling up the DagBag from /home/airflow/.local/lib/python3.8/site-packages/airflow/example_dags/example_time_delta_sensor_async.py
[2025-07-21T08:39:01.111+0000] {processor.py:840} INFO - DAG(s) 'example_time_delta_sensor_async' retrieved from /home/airflow/.local/lib/python3.8/site-packages/airflow/example_dags/example_time_delta_sensor_async.py
[2025-07-21T08:39:01.217+0000] {logging_mixin.py:188} INFO - [2025-07-21T08:39:01.217+0000] {dag.py:3036} INFO - Sync 1 DAGs
[2025-07-21T08:39:01.289+0000] {logging_mixin.py:188} INFO - [2025-07-21T08:39:01.289+0000] {dag.py:3823} INFO - Setting next_dagrun for example_time_delta_sensor_async to None, run_after=None
[2025-07-21T08:39:01.401+0000] {processor.py:183} INFO - Processing /home/airflow/.local/lib/python3.8/site-packages/airflow/example_dags/example_time_delta_sensor_async.py took 0.361 seconds
[2025-07-21T08:39:32.177+0000] {processor.py:161} INFO - Started process (PID=2385) to work on /home/airflow/.local/lib/python3.8/site-packages/airflow/example_dags/example_time_delta_sensor_async.py
[2025-07-21T08:39:32.181+0000] {processor.py:830} INFO - Processing file /home/airflow/.local/lib/python3.8/site-packages/airflow/example_dags/example_time_delta_sensor_async.py for tasks to queue
[2025-07-21T08:39:32.187+0000] {logging_mixin.py:188} INFO - [2025-07-21T08:39:32.187+0000] {dagbag.py:538} INFO - Filling up the DagBag from /home/airflow/.local/lib/python3.8/site-packages/airflow/example_dags/example_time_delta_sensor_async.py
[2025-07-21T08:39:32.199+0000] {processor.py:840} INFO - DAG(s) 'example_time_delta_sensor_async' retrieved from /home/airflow/.local/lib/python3.8/site-packages/airflow/example_dags/example_time_delta_sensor_async.py
[2025-07-21T08:39:32.246+0000] {logging_mixin.py:188} INFO - [2025-07-21T08:39:32.246+0000] {dag.py:3036} INFO - Sync 1 DAGs
[2025-07-21T08:39:32.275+0000] {logging_mixin.py:188} INFO - [2025-07-21T08:39:32.274+0000] {dag.py:3823} INFO - Setting next_dagrun for example_time_delta_sensor_async to None, run_after=None
[2025-07-21T08:39:32.319+0000] {processor.py:183} INFO - Processing /home/airflow/.local/lib/python3.8/site-packages/airflow/example_dags/example_time_delta_sensor_async.py took 0.153 seconds
[2025-07-21T08:40:02.931+0000] {processor.py:161} INFO - Started process (PID=2439) to work on /home/airflow/.local/lib/python3.8/site-packages/airflow/example_dags/example_time_delta_sensor_async.py
[2025-07-21T08:40:02.935+0000] {processor.py:830} INFO - Processing file /home/airflow/.local/lib/python3.8/site-packages/airflow/example_dags/example_time_delta_sensor_async.py for tasks to queue
[2025-07-21T08:40:02.954+0000] {logging_mixin.py:188} INFO - [2025-07-21T08:40:02.953+0000] {dagbag.py:538} INFO - Filling up the DagBag from /home/airflow/.local/lib/python3.8/site-packages/airflow/example_dags/example_time_delta_sensor_async.py
[2025-07-21T08:40:03.004+0000] {processor.py:840} INFO - DAG(s) 'example_time_delta_sensor_async' retrieved from /home/airflow/.local/lib/python3.8/site-packages/airflow/example_dags/example_time_delta_sensor_async.py
[2025-07-21T08:40:03.239+0000] {logging_mixin.py:188} INFO - [2025-07-21T08:40:03.239+0000] {dag.py:3036} INFO - Sync 1 DAGs
[2025-07-21T08:40:03.393+0000] {logging_mixin.py:188} INFO - [2025-07-21T08:40:03.392+0000] {dag.py:3823} INFO - Setting next_dagrun for example_time_delta_sensor_async to None, run_after=None
[2025-07-21T08:40:03.605+0000] {processor.py:183} INFO - Processing /home/airflow/.local/lib/python3.8/site-packages/airflow/example_dags/example_time_delta_sensor_async.py took 0.689 seconds
[2025-07-21T08:40:33.763+0000] {processor.py:161} INFO - Started process (PID=2493) to work on /home/airflow/.local/lib/python3.8/site-packages/airflow/example_dags/example_time_delta_sensor_async.py
[2025-07-21T08:40:33.766+0000] {processor.py:830} INFO - Processing file /home/airflow/.local/lib/python3.8/site-packages/airflow/example_dags/example_time_delta_sensor_async.py for tasks to queue
[2025-07-21T08:40:33.772+0000] {logging_mixin.py:188} INFO - [2025-07-21T08:40:33.771+0000] {dagbag.py:538} INFO - Filling up the DagBag from /home/airflow/.local/lib/python3.8/site-packages/airflow/example_dags/example_time_delta_sensor_async.py
[2025-07-21T08:40:33.788+0000] {processor.py:840} INFO - DAG(s) 'example_time_delta_sensor_async' retrieved from /home/airflow/.local/lib/python3.8/site-packages/airflow/example_dags/example_time_delta_sensor_async.py
[2025-07-21T08:40:33.852+0000] {logging_mixin.py:188} INFO - [2025-07-21T08:40:33.852+0000] {dag.py:3036} INFO - Sync 1 DAGs
[2025-07-21T08:40:34.199+0000] {logging_mixin.py:188} INFO - [2025-07-21T08:40:34.198+0000] {dag.py:3823} INFO - Setting next_dagrun for example_time_delta_sensor_async to None, run_after=None
[2025-07-21T08:40:34.276+0000] {processor.py:183} INFO - Processing /home/airflow/.local/lib/python3.8/site-packages/airflow/example_dags/example_time_delta_sensor_async.py took 0.525 seconds
[2025-07-21T08:41:04.851+0000] {processor.py:161} INFO - Started process (PID=2548) to work on /home/airflow/.local/lib/python3.8/site-packages/airflow/example_dags/example_time_delta_sensor_async.py
[2025-07-21T08:41:04.856+0000] {processor.py:830} INFO - Processing file /home/airflow/.local/lib/python3.8/site-packages/airflow/example_dags/example_time_delta_sensor_async.py for tasks to queue
[2025-07-21T08:41:04.879+0000] {logging_mixin.py:188} INFO - [2025-07-21T08:41:04.878+0000] {dagbag.py:538} INFO - Filling up the DagBag from /home/airflow/.local/lib/python3.8/site-packages/airflow/example_dags/example_time_delta_sensor_async.py
[2025-07-21T08:41:04.908+0000] {processor.py:840} INFO - DAG(s) 'example_time_delta_sensor_async' retrieved from /home/airflow/.local/lib/python3.8/site-packages/airflow/example_dags/example_time_delta_sensor_async.py
[2025-07-21T08:41:05.022+0000] {logging_mixin.py:188} INFO - [2025-07-21T08:41:05.022+0000] {dag.py:3036} INFO - Sync 1 DAGs
[2025-07-21T08:41:05.123+0000] {logging_mixin.py:188} INFO - [2025-07-21T08:41:05.111+0000] {dag.py:3823} INFO - Setting next_dagrun for example_time_delta_sensor_async to None, run_after=None
[2025-07-21T08:41:05.493+0000] {processor.py:183} INFO - Processing /home/airflow/.local/lib/python3.8/site-packages/airflow/example_dags/example_time_delta_sensor_async.py took 0.691 seconds
[2025-07-21T08:41:35.635+0000] {processor.py:161} INFO - Started process (PID=2603) to work on /home/airflow/.local/lib/python3.8/site-packages/airflow/example_dags/example_time_delta_sensor_async.py
[2025-07-21T08:41:35.637+0000] {processor.py:830} INFO - Processing file /home/airflow/.local/lib/python3.8/site-packages/airflow/example_dags/example_time_delta_sensor_async.py for tasks to queue
[2025-07-21T08:41:35.642+0000] {logging_mixin.py:188} INFO - [2025-07-21T08:41:35.641+0000] {dagbag.py:538} INFO - Filling up the DagBag from /home/airflow/.local/lib/python3.8/site-packages/airflow/example_dags/example_time_delta_sensor_async.py
[2025-07-21T08:41:35.654+0000] {processor.py:840} INFO - DAG(s) 'example_time_delta_sensor_async' retrieved from /home/airflow/.local/lib/python3.8/site-packages/airflow/example_dags/example_time_delta_sensor_async.py
[2025-07-21T08:41:35.697+0000] {logging_mixin.py:188} INFO - [2025-07-21T08:41:35.697+0000] {dag.py:3036} INFO - Sync 1 DAGs
[2025-07-21T08:41:35.724+0000] {logging_mixin.py:188} INFO - [2025-07-21T08:41:35.723+0000] {dag.py:3823} INFO - Setting next_dagrun for example_time_delta_sensor_async to None, run_after=None
[2025-07-21T08:41:35.761+0000] {processor.py:183} INFO - Processing /home/airflow/.local/lib/python3.8/site-packages/airflow/example_dags/example_time_delta_sensor_async.py took 0.135 seconds
[2025-07-21T08:42:06.054+0000] {processor.py:161} INFO - Started process (PID=2658) to work on /home/airflow/.local/lib/python3.8/site-packages/airflow/example_dags/example_time_delta_sensor_async.py
[2025-07-21T08:42:06.067+0000] {processor.py:830} INFO - Processing file /home/airflow/.local/lib/python3.8/site-packages/airflow/example_dags/example_time_delta_sensor_async.py for tasks to queue
[2025-07-21T08:42:06.081+0000] {logging_mixin.py:188} INFO - [2025-07-21T08:42:06.080+0000] {dagbag.py:538} INFO - Filling up the DagBag from /home/airflow/.local/lib/python3.8/site-packages/airflow/example_dags/example_time_delta_sensor_async.py
[2025-07-21T08:42:06.106+0000] {processor.py:840} INFO - DAG(s) 'example_time_delta_sensor_async' retrieved from /home/airflow/.local/lib/python3.8/site-packages/airflow/example_dags/example_time_delta_sensor_async.py
[2025-07-21T08:42:06.297+0000] {logging_mixin.py:188} INFO - [2025-07-21T08:42:06.297+0000] {dag.py:3036} INFO - Sync 1 DAGs
[2025-07-21T08:42:06.344+0000] {logging_mixin.py:188} INFO - [2025-07-21T08:42:06.343+0000] {dag.py:3823} INFO - Setting next_dagrun for example_time_delta_sensor_async to None, run_after=None
[2025-07-21T08:42:06.438+0000] {processor.py:183} INFO - Processing /home/airflow/.local/lib/python3.8/site-packages/airflow/example_dags/example_time_delta_sensor_async.py took 0.396 seconds
[2025-07-21T08:42:36.701+0000] {processor.py:161} INFO - Started process (PID=2713) to work on /home/airflow/.local/lib/python3.8/site-packages/airflow/example_dags/example_time_delta_sensor_async.py
[2025-07-21T08:42:36.707+0000] {processor.py:830} INFO - Processing file /home/airflow/.local/lib/python3.8/site-packages/airflow/example_dags/example_time_delta_sensor_async.py for tasks to queue
[2025-07-21T08:42:36.713+0000] {logging_mixin.py:188} INFO - [2025-07-21T08:42:36.712+0000] {dagbag.py:538} INFO - Filling up the DagBag from /home/airflow/.local/lib/python3.8/site-packages/airflow/example_dags/example_time_delta_sensor_async.py
[2025-07-21T08:42:36.732+0000] {processor.py:840} INFO - DAG(s) 'example_time_delta_sensor_async' retrieved from /home/airflow/.local/lib/python3.8/site-packages/airflow/example_dags/example_time_delta_sensor_async.py
[2025-07-21T08:42:36.798+0000] {logging_mixin.py:188} INFO - [2025-07-21T08:42:36.798+0000] {dag.py:3036} INFO - Sync 1 DAGs
[2025-07-21T08:42:36.847+0000] {logging_mixin.py:188} INFO - [2025-07-21T08:42:36.847+0000] {dag.py:3823} INFO - Setting next_dagrun for example_time_delta_sensor_async to None, run_after=None
[2025-07-21T08:42:36.900+0000] {processor.py:183} INFO - Processing /home/airflow/.local/lib/python3.8/site-packages/airflow/example_dags/example_time_delta_sensor_async.py took 0.212 seconds
[2025-07-21T08:43:07.372+0000] {processor.py:161} INFO - Started process (PID=2768) to work on /home/airflow/.local/lib/python3.8/site-packages/airflow/example_dags/example_time_delta_sensor_async.py
[2025-07-21T08:43:07.413+0000] {processor.py:830} INFO - Processing file /home/airflow/.local/lib/python3.8/site-packages/airflow/example_dags/example_time_delta_sensor_async.py for tasks to queue
[2025-07-21T08:43:07.430+0000] {logging_mixin.py:188} INFO - [2025-07-21T08:43:07.429+0000] {dagbag.py:538} INFO - Filling up the DagBag from /home/airflow/.local/lib/python3.8/site-packages/airflow/example_dags/example_time_delta_sensor_async.py
[2025-07-21T08:43:07.461+0000] {processor.py:840} INFO - DAG(s) 'example_time_delta_sensor_async' retrieved from /home/airflow/.local/lib/python3.8/site-packages/airflow/example_dags/example_time_delta_sensor_async.py
[2025-07-21T08:43:07.597+0000] {logging_mixin.py:188} INFO - [2025-07-21T08:43:07.596+0000] {dag.py:3036} INFO - Sync 1 DAGs
[2025-07-21T08:43:07.771+0000] {logging_mixin.py:188} INFO - [2025-07-21T08:43:07.768+0000] {dag.py:3823} INFO - Setting next_dagrun for example_time_delta_sensor_async to None, run_after=None
[2025-07-21T08:43:08.008+0000] {processor.py:183} INFO - Processing /home/airflow/.local/lib/python3.8/site-packages/airflow/example_dags/example_time_delta_sensor_async.py took 0.655 seconds
[2025-07-21T08:43:38.250+0000] {processor.py:161} INFO - Started process (PID=2822) to work on /home/airflow/.local/lib/python3.8/site-packages/airflow/example_dags/example_time_delta_sensor_async.py
[2025-07-21T08:43:38.268+0000] {processor.py:830} INFO - Processing file /home/airflow/.local/lib/python3.8/site-packages/airflow/example_dags/example_time_delta_sensor_async.py for tasks to queue
[2025-07-21T08:43:38.300+0000] {logging_mixin.py:188} INFO - [2025-07-21T08:43:38.284+0000] {dagbag.py:538} INFO - Filling up the DagBag from /home/airflow/.local/lib/python3.8/site-packages/airflow/example_dags/example_time_delta_sensor_async.py
[2025-07-21T08:43:38.424+0000] {processor.py:840} INFO - DAG(s) 'example_time_delta_sensor_async' retrieved from /home/airflow/.local/lib/python3.8/site-packages/airflow/example_dags/example_time_delta_sensor_async.py
[2025-07-21T08:43:38.722+0000] {logging_mixin.py:188} INFO - [2025-07-21T08:43:38.721+0000] {dag.py:3036} INFO - Sync 1 DAGs
[2025-07-21T08:43:38.906+0000] {logging_mixin.py:188} INFO - [2025-07-21T08:43:38.896+0000] {dag.py:3823} INFO - Setting next_dagrun for example_time_delta_sensor_async to None, run_after=None
[2025-07-21T08:43:39.015+0000] {processor.py:183} INFO - Processing /home/airflow/.local/lib/python3.8/site-packages/airflow/example_dags/example_time_delta_sensor_async.py took 0.808 seconds
