[2025-07-21T08:14:34.340+0000] {processor.py:161} INFO - Started process (PID=67) to work on /home/airflow/.local/lib/python3.8/site-packages/airflow/example_dags/example_task_group_decorator.py
[2025-07-21T08:14:34.352+0000] {processor.py:830} INFO - Processing file /home/airflow/.local/lib/python3.8/site-packages/airflow/example_dags/example_task_group_decorator.py for tasks to queue
[2025-07-21T08:14:34.356+0000] {logging_mixin.py:188} INFO - [2025-07-21T08:14:34.355+0000] {dagbag.py:538} INFO - Filling up the DagBag from /home/airflow/.local/lib/python3.8/site-packages/airflow/example_dags/example_task_group_decorator.py
[2025-07-21T08:14:34.402+0000] {processor.py:840} INFO - DAG(s) 'example_task_group_decorator' retrieved from /home/airflow/.local/lib/python3.8/site-packages/airflow/example_dags/example_task_group_decorator.py
[2025-07-21T08:14:34.683+0000] {logging_mixin.py:188} INFO - [2025-07-21T08:14:34.682+0000] {dag.py:3036} INFO - Sync 1 DAGs
[2025-07-21T08:14:34.929+0000] {logging_mixin.py:188} INFO - [2025-07-21T08:14:34.929+0000] {dag.py:3823} INFO - Setting next_dagrun for example_task_group_decorator to 2025-07-20 00:00:00+00:00, run_after=2025-07-21 00:00:00+00:00
[2025-07-21T08:14:35.043+0000] {processor.py:183} INFO - Processing /home/airflow/.local/lib/python3.8/site-packages/airflow/example_dags/example_task_group_decorator.py took 0.711 seconds
[2025-07-21T08:15:08.243+0000] {processor.py:161} INFO - Started process (PID=122) to work on /home/airflow/.local/lib/python3.8/site-packages/airflow/example_dags/example_task_group_decorator.py
[2025-07-21T08:15:08.289+0000] {processor.py:830} INFO - Processing file /home/airflow/.local/lib/python3.8/site-packages/airflow/example_dags/example_task_group_decorator.py for tasks to queue
[2025-07-21T08:15:08.352+0000] {logging_mixin.py:188} INFO - [2025-07-21T08:15:08.325+0000] {dagbag.py:538} INFO - Filling up the DagBag from /home/airflow/.local/lib/python3.8/site-packages/airflow/example_dags/example_task_group_decorator.py
[2025-07-21T08:15:08.436+0000] {processor.py:840} INFO - DAG(s) 'example_task_group_decorator' retrieved from /home/airflow/.local/lib/python3.8/site-packages/airflow/example_dags/example_task_group_decorator.py
[2025-07-21T08:15:08.632+0000] {logging_mixin.py:188} INFO - [2025-07-21T08:15:08.631+0000] {dag.py:3036} INFO - Sync 1 DAGs
[2025-07-21T08:15:08.816+0000] {logging_mixin.py:188} INFO - [2025-07-21T08:15:08.816+0000] {dag.py:3823} INFO - Setting next_dagrun for example_task_group_decorator to 2025-07-20 00:00:00+00:00, run_after=2025-07-21 00:00:00+00:00
[2025-07-21T08:15:08.915+0000] {processor.py:183} INFO - Processing /home/airflow/.local/lib/python3.8/site-packages/airflow/example_dags/example_task_group_decorator.py took 0.689 seconds
[2025-07-21T08:15:40.672+0000] {processor.py:161} INFO - Started process (PID=178) to work on /home/airflow/.local/lib/python3.8/site-packages/airflow/example_dags/example_task_group_decorator.py
[2025-07-21T08:15:40.682+0000] {processor.py:830} INFO - Processing file /home/airflow/.local/lib/python3.8/site-packages/airflow/example_dags/example_task_group_decorator.py for tasks to queue
[2025-07-21T08:15:40.755+0000] {logging_mixin.py:188} INFO - [2025-07-21T08:15:40.692+0000] {dagbag.py:538} INFO - Filling up the DagBag from /home/airflow/.local/lib/python3.8/site-packages/airflow/example_dags/example_task_group_decorator.py
[2025-07-21T08:15:41.431+0000] {processor.py:840} INFO - DAG(s) 'example_task_group_decorator' retrieved from /home/airflow/.local/lib/python3.8/site-packages/airflow/example_dags/example_task_group_decorator.py
[2025-07-21T08:15:41.812+0000] {logging_mixin.py:188} INFO - [2025-07-21T08:15:41.811+0000] {dag.py:3036} INFO - Sync 1 DAGs
[2025-07-21T08:15:42.819+0000] {logging_mixin.py:188} INFO - [2025-07-21T08:15:42.789+0000] {dag.py:3823} INFO - Setting next_dagrun for example_task_group_decorator to 2025-07-20 00:00:00+00:00, run_after=2025-07-21 00:00:00+00:00
[2025-07-21T08:15:43.162+0000] {processor.py:183} INFO - Processing /home/airflow/.local/lib/python3.8/site-packages/airflow/example_dags/example_task_group_decorator.py took 2.592 seconds
[2025-07-21T08:16:28.100+0000] {processor.py:161} INFO - Started process (PID=239) to work on /home/airflow/.local/lib/python3.8/site-packages/airflow/example_dags/example_task_group_decorator.py
[2025-07-21T08:16:28.110+0000] {processor.py:830} INFO - Processing file /home/airflow/.local/lib/python3.8/site-packages/airflow/example_dags/example_task_group_decorator.py for tasks to queue
[2025-07-21T08:16:28.124+0000] {logging_mixin.py:188} INFO - [2025-07-21T08:16:28.123+0000] {dagbag.py:538} INFO - Filling up the DagBag from /home/airflow/.local/lib/python3.8/site-packages/airflow/example_dags/example_task_group_decorator.py
[2025-07-21T08:16:28.246+0000] {processor.py:840} INFO - DAG(s) 'example_task_group_decorator' retrieved from /home/airflow/.local/lib/python3.8/site-packages/airflow/example_dags/example_task_group_decorator.py
[2025-07-21T08:16:28.483+0000] {logging_mixin.py:188} INFO - [2025-07-21T08:16:28.482+0000] {dag.py:3036} INFO - Sync 1 DAGs
[2025-07-21T08:16:28.611+0000] {logging_mixin.py:188} INFO - [2025-07-21T08:16:28.608+0000] {dag.py:3823} INFO - Setting next_dagrun for example_task_group_decorator to 2025-07-20 00:00:00+00:00, run_after=2025-07-21 00:00:00+00:00
[2025-07-21T08:16:28.915+0000] {processor.py:183} INFO - Processing /home/airflow/.local/lib/python3.8/site-packages/airflow/example_dags/example_task_group_decorator.py took 0.841 seconds
[2025-07-21T08:17:08.592+0000] {processor.py:161} INFO - Started process (PID=288) to work on /home/airflow/.local/lib/python3.8/site-packages/airflow/example_dags/example_task_group_decorator.py
[2025-07-21T08:17:08.867+0000] {processor.py:830} INFO - Processing file /home/airflow/.local/lib/python3.8/site-packages/airflow/example_dags/example_task_group_decorator.py for tasks to queue
[2025-07-21T08:17:09.126+0000] {logging_mixin.py:188} INFO - [2025-07-21T08:17:09.126+0000] {dagbag.py:538} INFO - Filling up the DagBag from /home/airflow/.local/lib/python3.8/site-packages/airflow/example_dags/example_task_group_decorator.py
[2025-07-21T08:17:09.964+0000] {processor.py:840} INFO - DAG(s) 'example_task_group_decorator' retrieved from /home/airflow/.local/lib/python3.8/site-packages/airflow/example_dags/example_task_group_decorator.py
[2025-07-21T08:17:10.614+0000] {logging_mixin.py:188} INFO - [2025-07-21T08:17:10.614+0000] {dag.py:3036} INFO - Sync 1 DAGs
[2025-07-21T08:17:11.745+0000] {logging_mixin.py:188} INFO - [2025-07-21T08:17:11.745+0000] {dag.py:3823} INFO - Setting next_dagrun for example_task_group_decorator to 2025-07-20 00:00:00+00:00, run_after=2025-07-21 00:00:00+00:00
[2025-07-21T08:17:12.125+0000] {processor.py:183} INFO - Processing /home/airflow/.local/lib/python3.8/site-packages/airflow/example_dags/example_task_group_decorator.py took 3.599 seconds
[2025-07-21T08:18:17.878+0000] {processor.py:161} INFO - Started process (PID=350) to work on /home/airflow/.local/lib/python3.8/site-packages/airflow/example_dags/example_task_group_decorator.py
[2025-07-21T08:18:17.961+0000] {processor.py:830} INFO - Processing file /home/airflow/.local/lib/python3.8/site-packages/airflow/example_dags/example_task_group_decorator.py for tasks to queue
[2025-07-21T08:18:18.193+0000] {logging_mixin.py:188} INFO - [2025-07-21T08:18:18.192+0000] {dagbag.py:538} INFO - Filling up the DagBag from /home/airflow/.local/lib/python3.8/site-packages/airflow/example_dags/example_task_group_decorator.py
[2025-07-21T08:18:18.418+0000] {processor.py:840} INFO - DAG(s) 'example_task_group_decorator' retrieved from /home/airflow/.local/lib/python3.8/site-packages/airflow/example_dags/example_task_group_decorator.py
[2025-07-21T08:18:22.122+0000] {logging_mixin.py:188} INFO - [2025-07-21T08:18:22.121+0000] {dag.py:3036} INFO - Sync 1 DAGs
[2025-07-21T08:18:22.550+0000] {logging_mixin.py:188} INFO - [2025-07-21T08:18:22.549+0000] {dag.py:3823} INFO - Setting next_dagrun for example_task_group_decorator to 2025-07-20 00:00:00+00:00, run_after=2025-07-21 00:00:00+00:00
[2025-07-21T08:18:23.270+0000] {processor.py:183} INFO - Processing /home/airflow/.local/lib/python3.8/site-packages/airflow/example_dags/example_task_group_decorator.py took 5.552 seconds
[2025-07-21T08:19:55.761+0000] {processor.py:161} INFO - Started process (PID=428) to work on /home/airflow/.local/lib/python3.8/site-packages/airflow/example_dags/example_task_group_decorator.py
[2025-07-21T08:19:55.765+0000] {processor.py:830} INFO - Processing file /home/airflow/.local/lib/python3.8/site-packages/airflow/example_dags/example_task_group_decorator.py for tasks to queue
[2025-07-21T08:19:55.923+0000] {logging_mixin.py:188} INFO - [2025-07-21T08:19:55.922+0000] {dagbag.py:538} INFO - Filling up the DagBag from /home/airflow/.local/lib/python3.8/site-packages/airflow/example_dags/example_task_group_decorator.py
[2025-07-21T08:19:55.991+0000] {processor.py:840} INFO - DAG(s) 'example_task_group_decorator' retrieved from /home/airflow/.local/lib/python3.8/site-packages/airflow/example_dags/example_task_group_decorator.py
[2025-07-21T08:19:56.141+0000] {logging_mixin.py:188} INFO - [2025-07-21T08:19:56.141+0000] {dag.py:3036} INFO - Sync 1 DAGs
[2025-07-21T08:19:56.253+0000] {logging_mixin.py:188} INFO - [2025-07-21T08:19:56.252+0000] {dag.py:3823} INFO - Setting next_dagrun for example_task_group_decorator to 2025-07-20 00:00:00+00:00, run_after=2025-07-21 00:00:00+00:00
[2025-07-21T08:19:56.495+0000] {processor.py:183} INFO - Processing /home/airflow/.local/lib/python3.8/site-packages/airflow/example_dags/example_task_group_decorator.py took 0.746 seconds
[2025-07-21T08:20:35.777+0000] {processor.py:161} INFO - Started process (PID=483) to work on /home/airflow/.local/lib/python3.8/site-packages/airflow/example_dags/example_task_group_decorator.py
[2025-07-21T08:20:35.840+0000] {processor.py:830} INFO - Processing file /home/airflow/.local/lib/python3.8/site-packages/airflow/example_dags/example_task_group_decorator.py for tasks to queue
[2025-07-21T08:20:35.920+0000] {logging_mixin.py:188} INFO - [2025-07-21T08:20:35.860+0000] {dagbag.py:538} INFO - Filling up the DagBag from /home/airflow/.local/lib/python3.8/site-packages/airflow/example_dags/example_task_group_decorator.py
[2025-07-21T08:20:36.187+0000] {processor.py:840} INFO - DAG(s) 'example_task_group_decorator' retrieved from /home/airflow/.local/lib/python3.8/site-packages/airflow/example_dags/example_task_group_decorator.py
[2025-07-21T08:20:36.575+0000] {logging_mixin.py:188} INFO - [2025-07-21T08:20:36.566+0000] {dag.py:3036} INFO - Sync 1 DAGs
[2025-07-21T08:20:36.703+0000] {logging_mixin.py:188} INFO - [2025-07-21T08:20:36.702+0000] {dag.py:3823} INFO - Setting next_dagrun for example_task_group_decorator to 2025-07-20 00:00:00+00:00, run_after=2025-07-21 00:00:00+00:00
[2025-07-21T08:20:36.909+0000] {processor.py:183} INFO - Processing /home/airflow/.local/lib/python3.8/site-packages/airflow/example_dags/example_task_group_decorator.py took 1.235 seconds
[2025-07-21T08:21:32.198+0000] {processor.py:161} INFO - Started process (PID=541) to work on /home/airflow/.local/lib/python3.8/site-packages/airflow/example_dags/example_task_group_decorator.py
[2025-07-21T08:21:32.211+0000] {processor.py:830} INFO - Processing file /home/airflow/.local/lib/python3.8/site-packages/airflow/example_dags/example_task_group_decorator.py for tasks to queue
[2025-07-21T08:21:32.215+0000] {logging_mixin.py:188} INFO - [2025-07-21T08:21:32.215+0000] {dagbag.py:538} INFO - Filling up the DagBag from /home/airflow/.local/lib/python3.8/site-packages/airflow/example_dags/example_task_group_decorator.py
[2025-07-21T08:21:32.376+0000] {processor.py:840} INFO - DAG(s) 'example_task_group_decorator' retrieved from /home/airflow/.local/lib/python3.8/site-packages/airflow/example_dags/example_task_group_decorator.py
[2025-07-21T08:21:32.620+0000] {logging_mixin.py:188} INFO - [2025-07-21T08:21:32.620+0000] {dag.py:3036} INFO - Sync 1 DAGs
[2025-07-21T08:21:32.774+0000] {logging_mixin.py:188} INFO - [2025-07-21T08:21:32.773+0000] {dag.py:3823} INFO - Setting next_dagrun for example_task_group_decorator to 2025-07-20 00:00:00+00:00, run_after=2025-07-21 00:00:00+00:00
[2025-07-21T08:21:33.029+0000] {processor.py:183} INFO - Processing /home/airflow/.local/lib/python3.8/site-packages/airflow/example_dags/example_task_group_decorator.py took 0.848 seconds
[2025-07-21T08:22:05.066+0000] {processor.py:161} INFO - Started process (PID=596) to work on /home/airflow/.local/lib/python3.8/site-packages/airflow/example_dags/example_task_group_decorator.py
[2025-07-21T08:22:05.098+0000] {processor.py:830} INFO - Processing file /home/airflow/.local/lib/python3.8/site-packages/airflow/example_dags/example_task_group_decorator.py for tasks to queue
[2025-07-21T08:22:05.116+0000] {logging_mixin.py:188} INFO - [2025-07-21T08:22:05.115+0000] {dagbag.py:538} INFO - Filling up the DagBag from /home/airflow/.local/lib/python3.8/site-packages/airflow/example_dags/example_task_group_decorator.py
[2025-07-21T08:22:05.243+0000] {processor.py:840} INFO - DAG(s) 'example_task_group_decorator' retrieved from /home/airflow/.local/lib/python3.8/site-packages/airflow/example_dags/example_task_group_decorator.py
[2025-07-21T08:22:05.492+0000] {logging_mixin.py:188} INFO - [2025-07-21T08:22:05.492+0000] {dag.py:3036} INFO - Sync 1 DAGs
[2025-07-21T08:22:05.742+0000] {logging_mixin.py:188} INFO - [2025-07-21T08:22:05.742+0000] {dag.py:3823} INFO - Setting next_dagrun for example_task_group_decorator to 2025-07-20 00:00:00+00:00, run_after=2025-07-21 00:00:00+00:00
[2025-07-21T08:22:06.233+0000] {processor.py:183} INFO - Processing /home/airflow/.local/lib/python3.8/site-packages/airflow/example_dags/example_task_group_decorator.py took 1.187 seconds
[2025-07-21T08:22:36.775+0000] {processor.py:161} INFO - Started process (PID=650) to work on /home/airflow/.local/lib/python3.8/site-packages/airflow/example_dags/example_task_group_decorator.py
[2025-07-21T08:22:36.782+0000] {processor.py:830} INFO - Processing file /home/airflow/.local/lib/python3.8/site-packages/airflow/example_dags/example_task_group_decorator.py for tasks to queue
[2025-07-21T08:22:36.787+0000] {logging_mixin.py:188} INFO - [2025-07-21T08:22:36.787+0000] {dagbag.py:538} INFO - Filling up the DagBag from /home/airflow/.local/lib/python3.8/site-packages/airflow/example_dags/example_task_group_decorator.py
[2025-07-21T08:22:36.839+0000] {processor.py:840} INFO - DAG(s) 'example_task_group_decorator' retrieved from /home/airflow/.local/lib/python3.8/site-packages/airflow/example_dags/example_task_group_decorator.py
[2025-07-21T08:22:36.895+0000] {logging_mixin.py:188} INFO - [2025-07-21T08:22:36.895+0000] {dag.py:3036} INFO - Sync 1 DAGs
[2025-07-21T08:22:36.934+0000] {logging_mixin.py:188} INFO - [2025-07-21T08:22:36.934+0000] {dag.py:3823} INFO - Setting next_dagrun for example_task_group_decorator to 2025-07-20 00:00:00+00:00, run_after=2025-07-21 00:00:00+00:00
[2025-07-21T08:22:36.977+0000] {processor.py:183} INFO - Processing /home/airflow/.local/lib/python3.8/site-packages/airflow/example_dags/example_task_group_decorator.py took 0.239 seconds
[2025-07-21T08:23:14.151+0000] {processor.py:161} INFO - Started process (PID=695) to work on /home/airflow/.local/lib/python3.8/site-packages/airflow/example_dags/example_task_group_decorator.py
[2025-07-21T08:23:14.153+0000] {processor.py:830} INFO - Processing file /home/airflow/.local/lib/python3.8/site-packages/airflow/example_dags/example_task_group_decorator.py for tasks to queue
[2025-07-21T08:23:14.159+0000] {logging_mixin.py:188} INFO - [2025-07-21T08:23:14.159+0000] {dagbag.py:538} INFO - Filling up the DagBag from /home/airflow/.local/lib/python3.8/site-packages/airflow/example_dags/example_task_group_decorator.py
[2025-07-21T08:23:14.207+0000] {processor.py:840} INFO - DAG(s) 'example_task_group_decorator' retrieved from /home/airflow/.local/lib/python3.8/site-packages/airflow/example_dags/example_task_group_decorator.py
[2025-07-21T08:23:14.262+0000] {logging_mixin.py:188} INFO - [2025-07-21T08:23:14.262+0000] {dag.py:3036} INFO - Sync 1 DAGs
[2025-07-21T08:23:14.375+0000] {logging_mixin.py:188} INFO - [2025-07-21T08:23:14.374+0000] {dag.py:3823} INFO - Setting next_dagrun for example_task_group_decorator to 2025-07-20 00:00:00+00:00, run_after=2025-07-21 00:00:00+00:00
[2025-07-21T08:23:14.446+0000] {processor.py:183} INFO - Processing /home/airflow/.local/lib/python3.8/site-packages/airflow/example_dags/example_task_group_decorator.py took 0.312 seconds
[2025-07-21T08:23:46.898+0000] {processor.py:161} INFO - Started process (PID=751) to work on /home/airflow/.local/lib/python3.8/site-packages/airflow/example_dags/example_task_group_decorator.py
[2025-07-21T08:23:46.920+0000] {processor.py:830} INFO - Processing file /home/airflow/.local/lib/python3.8/site-packages/airflow/example_dags/example_task_group_decorator.py for tasks to queue
[2025-07-21T08:23:46.925+0000] {logging_mixin.py:188} INFO - [2025-07-21T08:23:46.924+0000] {dagbag.py:538} INFO - Filling up the DagBag from /home/airflow/.local/lib/python3.8/site-packages/airflow/example_dags/example_task_group_decorator.py
[2025-07-21T08:23:47.019+0000] {processor.py:840} INFO - DAG(s) 'example_task_group_decorator' retrieved from /home/airflow/.local/lib/python3.8/site-packages/airflow/example_dags/example_task_group_decorator.py
[2025-07-21T08:23:47.270+0000] {logging_mixin.py:188} INFO - [2025-07-21T08:23:47.269+0000] {dag.py:3036} INFO - Sync 1 DAGs
[2025-07-21T08:23:47.439+0000] {logging_mixin.py:188} INFO - [2025-07-21T08:23:47.438+0000] {dag.py:3823} INFO - Setting next_dagrun for example_task_group_decorator to 2025-07-20 00:00:00+00:00, run_after=2025-07-21 00:00:00+00:00
[2025-07-21T08:23:47.493+0000] {processor.py:183} INFO - Processing /home/airflow/.local/lib/python3.8/site-packages/airflow/example_dags/example_task_group_decorator.py took 0.601 seconds
[2025-07-21T08:24:28.708+0000] {processor.py:161} INFO - Started process (PID=811) to work on /home/airflow/.local/lib/python3.8/site-packages/airflow/example_dags/example_task_group_decorator.py
[2025-07-21T08:24:28.714+0000] {processor.py:830} INFO - Processing file /home/airflow/.local/lib/python3.8/site-packages/airflow/example_dags/example_task_group_decorator.py for tasks to queue
[2025-07-21T08:24:28.724+0000] {logging_mixin.py:188} INFO - [2025-07-21T08:24:28.723+0000] {dagbag.py:538} INFO - Filling up the DagBag from /home/airflow/.local/lib/python3.8/site-packages/airflow/example_dags/example_task_group_decorator.py
[2025-07-21T08:24:28.820+0000] {processor.py:840} INFO - DAG(s) 'example_task_group_decorator' retrieved from /home/airflow/.local/lib/python3.8/site-packages/airflow/example_dags/example_task_group_decorator.py
[2025-07-21T08:24:28.876+0000] {logging_mixin.py:188} INFO - [2025-07-21T08:24:28.875+0000] {dag.py:3036} INFO - Sync 1 DAGs
[2025-07-21T08:24:28.964+0000] {logging_mixin.py:188} INFO - [2025-07-21T08:24:28.963+0000] {dag.py:3823} INFO - Setting next_dagrun for example_task_group_decorator to 2025-07-20 00:00:00+00:00, run_after=2025-07-21 00:00:00+00:00
[2025-07-21T08:24:29.029+0000] {processor.py:183} INFO - Processing /home/airflow/.local/lib/python3.8/site-packages/airflow/example_dags/example_task_group_decorator.py took 0.338 seconds
[2025-07-21T08:24:59.957+0000] {processor.py:161} INFO - Started process (PID=865) to work on /home/airflow/.local/lib/python3.8/site-packages/airflow/example_dags/example_task_group_decorator.py
[2025-07-21T08:24:59.972+0000] {processor.py:830} INFO - Processing file /home/airflow/.local/lib/python3.8/site-packages/airflow/example_dags/example_task_group_decorator.py for tasks to queue
[2025-07-21T08:25:00.061+0000] {logging_mixin.py:188} INFO - [2025-07-21T08:25:00.060+0000] {dagbag.py:538} INFO - Filling up the DagBag from /home/airflow/.local/lib/python3.8/site-packages/airflow/example_dags/example_task_group_decorator.py
[2025-07-21T08:25:00.469+0000] {processor.py:840} INFO - DAG(s) 'example_task_group_decorator' retrieved from /home/airflow/.local/lib/python3.8/site-packages/airflow/example_dags/example_task_group_decorator.py
[2025-07-21T08:25:00.899+0000] {logging_mixin.py:188} INFO - [2025-07-21T08:25:00.898+0000] {dag.py:3036} INFO - Sync 1 DAGs
[2025-07-21T08:25:01.122+0000] {logging_mixin.py:188} INFO - [2025-07-21T08:25:01.121+0000] {dag.py:3823} INFO - Setting next_dagrun for example_task_group_decorator to 2025-07-20 00:00:00+00:00, run_after=2025-07-21 00:00:00+00:00
[2025-07-21T08:25:01.399+0000] {processor.py:183} INFO - Processing /home/airflow/.local/lib/python3.8/site-packages/airflow/example_dags/example_task_group_decorator.py took 1.460 seconds
[2025-07-21T08:25:31.692+0000] {processor.py:161} INFO - Started process (PID=921) to work on /home/airflow/.local/lib/python3.8/site-packages/airflow/example_dags/example_task_group_decorator.py
[2025-07-21T08:25:31.694+0000] {processor.py:830} INFO - Processing file /home/airflow/.local/lib/python3.8/site-packages/airflow/example_dags/example_task_group_decorator.py for tasks to queue
[2025-07-21T08:25:31.698+0000] {logging_mixin.py:188} INFO - [2025-07-21T08:25:31.697+0000] {dagbag.py:538} INFO - Filling up the DagBag from /home/airflow/.local/lib/python3.8/site-packages/airflow/example_dags/example_task_group_decorator.py
[2025-07-21T08:25:31.728+0000] {processor.py:840} INFO - DAG(s) 'example_task_group_decorator' retrieved from /home/airflow/.local/lib/python3.8/site-packages/airflow/example_dags/example_task_group_decorator.py
[2025-07-21T08:25:31.844+0000] {logging_mixin.py:188} INFO - [2025-07-21T08:25:31.844+0000] {dag.py:3036} INFO - Sync 1 DAGs
[2025-07-21T08:25:31.952+0000] {logging_mixin.py:188} INFO - [2025-07-21T08:25:31.952+0000] {dag.py:3823} INFO - Setting next_dagrun for example_task_group_decorator to 2025-07-20 00:00:00+00:00, run_after=2025-07-21 00:00:00+00:00
[2025-07-21T08:25:32.035+0000] {processor.py:183} INFO - Processing /home/airflow/.local/lib/python3.8/site-packages/airflow/example_dags/example_task_group_decorator.py took 0.351 seconds
[2025-07-21T08:26:02.660+0000] {processor.py:161} INFO - Started process (PID=976) to work on /home/airflow/.local/lib/python3.8/site-packages/airflow/example_dags/example_task_group_decorator.py
[2025-07-21T08:26:02.664+0000] {processor.py:830} INFO - Processing file /home/airflow/.local/lib/python3.8/site-packages/airflow/example_dags/example_task_group_decorator.py for tasks to queue
[2025-07-21T08:26:02.671+0000] {logging_mixin.py:188} INFO - [2025-07-21T08:26:02.670+0000] {dagbag.py:538} INFO - Filling up the DagBag from /home/airflow/.local/lib/python3.8/site-packages/airflow/example_dags/example_task_group_decorator.py
[2025-07-21T08:26:02.759+0000] {processor.py:840} INFO - DAG(s) 'example_task_group_decorator' retrieved from /home/airflow/.local/lib/python3.8/site-packages/airflow/example_dags/example_task_group_decorator.py
[2025-07-21T08:26:02.970+0000] {logging_mixin.py:188} INFO - [2025-07-21T08:26:02.969+0000] {dag.py:3036} INFO - Sync 1 DAGs
[2025-07-21T08:26:03.126+0000] {logging_mixin.py:188} INFO - [2025-07-21T08:26:03.125+0000] {dag.py:3823} INFO - Setting next_dagrun for example_task_group_decorator to 2025-07-20 00:00:00+00:00, run_after=2025-07-21 00:00:00+00:00
[2025-07-21T08:26:03.181+0000] {processor.py:183} INFO - Processing /home/airflow/.local/lib/python3.8/site-packages/airflow/example_dags/example_task_group_decorator.py took 0.556 seconds
[2025-07-21T08:26:35.396+0000] {processor.py:161} INFO - Started process (PID=1032) to work on /home/airflow/.local/lib/python3.8/site-packages/airflow/example_dags/example_task_group_decorator.py
[2025-07-21T08:26:35.401+0000] {processor.py:830} INFO - Processing file /home/airflow/.local/lib/python3.8/site-packages/airflow/example_dags/example_task_group_decorator.py for tasks to queue
[2025-07-21T08:26:35.413+0000] {logging_mixin.py:188} INFO - [2025-07-21T08:26:35.405+0000] {dagbag.py:538} INFO - Filling up the DagBag from /home/airflow/.local/lib/python3.8/site-packages/airflow/example_dags/example_task_group_decorator.py
[2025-07-21T08:26:35.509+0000] {processor.py:840} INFO - DAG(s) 'example_task_group_decorator' retrieved from /home/airflow/.local/lib/python3.8/site-packages/airflow/example_dags/example_task_group_decorator.py
[2025-07-21T08:26:35.748+0000] {logging_mixin.py:188} INFO - [2025-07-21T08:26:35.748+0000] {dag.py:3036} INFO - Sync 1 DAGs
[2025-07-21T08:26:36.065+0000] {logging_mixin.py:188} INFO - [2025-07-21T08:26:36.064+0000] {dag.py:3823} INFO - Setting next_dagrun for example_task_group_decorator to 2025-07-20 00:00:00+00:00, run_after=2025-07-21 00:00:00+00:00
[2025-07-21T08:26:36.149+0000] {processor.py:183} INFO - Processing /home/airflow/.local/lib/python3.8/site-packages/airflow/example_dags/example_task_group_decorator.py took 0.772 seconds
[2025-07-21T08:27:06.590+0000] {processor.py:161} INFO - Started process (PID=1086) to work on /home/airflow/.local/lib/python3.8/site-packages/airflow/example_dags/example_task_group_decorator.py
[2025-07-21T08:27:06.592+0000] {processor.py:830} INFO - Processing file /home/airflow/.local/lib/python3.8/site-packages/airflow/example_dags/example_task_group_decorator.py for tasks to queue
[2025-07-21T08:27:06.597+0000] {logging_mixin.py:188} INFO - [2025-07-21T08:27:06.596+0000] {dagbag.py:538} INFO - Filling up the DagBag from /home/airflow/.local/lib/python3.8/site-packages/airflow/example_dags/example_task_group_decorator.py
[2025-07-21T08:27:06.637+0000] {processor.py:840} INFO - DAG(s) 'example_task_group_decorator' retrieved from /home/airflow/.local/lib/python3.8/site-packages/airflow/example_dags/example_task_group_decorator.py
[2025-07-21T08:27:06.681+0000] {logging_mixin.py:188} INFO - [2025-07-21T08:27:06.681+0000] {dag.py:3036} INFO - Sync 1 DAGs
[2025-07-21T08:27:06.724+0000] {logging_mixin.py:188} INFO - [2025-07-21T08:27:06.724+0000] {dag.py:3823} INFO - Setting next_dagrun for example_task_group_decorator to 2025-07-20 00:00:00+00:00, run_after=2025-07-21 00:00:00+00:00
[2025-07-21T08:27:06.798+0000] {processor.py:183} INFO - Processing /home/airflow/.local/lib/python3.8/site-packages/airflow/example_dags/example_task_group_decorator.py took 0.217 seconds
[2025-07-21T08:27:37.349+0000] {processor.py:161} INFO - Started process (PID=1141) to work on /home/airflow/.local/lib/python3.8/site-packages/airflow/example_dags/example_task_group_decorator.py
[2025-07-21T08:27:37.367+0000] {processor.py:830} INFO - Processing file /home/airflow/.local/lib/python3.8/site-packages/airflow/example_dags/example_task_group_decorator.py for tasks to queue
[2025-07-21T08:27:37.411+0000] {logging_mixin.py:188} INFO - [2025-07-21T08:27:37.410+0000] {dagbag.py:538} INFO - Filling up the DagBag from /home/airflow/.local/lib/python3.8/site-packages/airflow/example_dags/example_task_group_decorator.py
[2025-07-21T08:27:37.668+0000] {processor.py:840} INFO - DAG(s) 'example_task_group_decorator' retrieved from /home/airflow/.local/lib/python3.8/site-packages/airflow/example_dags/example_task_group_decorator.py
[2025-07-21T08:27:38.381+0000] {logging_mixin.py:188} INFO - [2025-07-21T08:27:38.319+0000] {dag.py:3036} INFO - Sync 1 DAGs
[2025-07-21T08:27:39.151+0000] {logging_mixin.py:188} INFO - [2025-07-21T08:27:39.150+0000] {dag.py:3823} INFO - Setting next_dagrun for example_task_group_decorator to 2025-07-20 00:00:00+00:00, run_after=2025-07-21 00:00:00+00:00
[2025-07-21T08:27:39.498+0000] {processor.py:183} INFO - Processing /home/airflow/.local/lib/python3.8/site-packages/airflow/example_dags/example_task_group_decorator.py took 2.218 seconds
[2025-07-21T08:28:10.493+0000] {processor.py:161} INFO - Started process (PID=1196) to work on /home/airflow/.local/lib/python3.8/site-packages/airflow/example_dags/example_task_group_decorator.py
[2025-07-21T08:28:10.497+0000] {processor.py:830} INFO - Processing file /home/airflow/.local/lib/python3.8/site-packages/airflow/example_dags/example_task_group_decorator.py for tasks to queue
[2025-07-21T08:28:10.506+0000] {logging_mixin.py:188} INFO - [2025-07-21T08:28:10.505+0000] {dagbag.py:538} INFO - Filling up the DagBag from /home/airflow/.local/lib/python3.8/site-packages/airflow/example_dags/example_task_group_decorator.py
[2025-07-21T08:28:10.589+0000] {processor.py:840} INFO - DAG(s) 'example_task_group_decorator' retrieved from /home/airflow/.local/lib/python3.8/site-packages/airflow/example_dags/example_task_group_decorator.py
[2025-07-21T08:28:10.763+0000] {logging_mixin.py:188} INFO - [2025-07-21T08:28:10.763+0000] {dag.py:3036} INFO - Sync 1 DAGs
[2025-07-21T08:28:10.967+0000] {logging_mixin.py:188} INFO - [2025-07-21T08:28:10.967+0000] {dag.py:3823} INFO - Setting next_dagrun for example_task_group_decorator to 2025-07-20 00:00:00+00:00, run_after=2025-07-21 00:00:00+00:00
[2025-07-21T08:28:11.086+0000] {processor.py:183} INFO - Processing /home/airflow/.local/lib/python3.8/site-packages/airflow/example_dags/example_task_group_decorator.py took 0.605 seconds
[2025-07-21T08:28:43.764+0000] {processor.py:161} INFO - Started process (PID=1251) to work on /home/airflow/.local/lib/python3.8/site-packages/airflow/example_dags/example_task_group_decorator.py
[2025-07-21T08:28:43.814+0000] {processor.py:830} INFO - Processing file /home/airflow/.local/lib/python3.8/site-packages/airflow/example_dags/example_task_group_decorator.py for tasks to queue
[2025-07-21T08:28:43.894+0000] {logging_mixin.py:188} INFO - [2025-07-21T08:28:43.894+0000] {dagbag.py:538} INFO - Filling up the DagBag from /home/airflow/.local/lib/python3.8/site-packages/airflow/example_dags/example_task_group_decorator.py
[2025-07-21T08:28:44.024+0000] {processor.py:840} INFO - DAG(s) 'example_task_group_decorator' retrieved from /home/airflow/.local/lib/python3.8/site-packages/airflow/example_dags/example_task_group_decorator.py
[2025-07-21T08:28:44.346+0000] {logging_mixin.py:188} INFO - [2025-07-21T08:28:44.346+0000] {dag.py:3036} INFO - Sync 1 DAGs
[2025-07-21T08:28:44.497+0000] {logging_mixin.py:188} INFO - [2025-07-21T08:28:44.497+0000] {dag.py:3823} INFO - Setting next_dagrun for example_task_group_decorator to 2025-07-20 00:00:00+00:00, run_after=2025-07-21 00:00:00+00:00
[2025-07-21T08:28:44.592+0000] {processor.py:183} INFO - Processing /home/airflow/.local/lib/python3.8/site-packages/airflow/example_dags/example_task_group_decorator.py took 0.861 seconds
[2025-07-21T08:29:15.613+0000] {processor.py:161} INFO - Started process (PID=1306) to work on /home/airflow/.local/lib/python3.8/site-packages/airflow/example_dags/example_task_group_decorator.py
[2025-07-21T08:29:15.618+0000] {processor.py:830} INFO - Processing file /home/airflow/.local/lib/python3.8/site-packages/airflow/example_dags/example_task_group_decorator.py for tasks to queue
[2025-07-21T08:29:15.645+0000] {logging_mixin.py:188} INFO - [2025-07-21T08:29:15.644+0000] {dagbag.py:538} INFO - Filling up the DagBag from /home/airflow/.local/lib/python3.8/site-packages/airflow/example_dags/example_task_group_decorator.py
[2025-07-21T08:29:15.912+0000] {processor.py:840} INFO - DAG(s) 'example_task_group_decorator' retrieved from /home/airflow/.local/lib/python3.8/site-packages/airflow/example_dags/example_task_group_decorator.py
[2025-07-21T08:29:16.198+0000] {logging_mixin.py:188} INFO - [2025-07-21T08:29:16.197+0000] {dag.py:3036} INFO - Sync 1 DAGs
[2025-07-21T08:29:16.332+0000] {logging_mixin.py:188} INFO - [2025-07-21T08:29:16.331+0000] {dag.py:3823} INFO - Setting next_dagrun for example_task_group_decorator to 2025-07-20 00:00:00+00:00, run_after=2025-07-21 00:00:00+00:00
[2025-07-21T08:29:16.502+0000] {processor.py:183} INFO - Processing /home/airflow/.local/lib/python3.8/site-packages/airflow/example_dags/example_task_group_decorator.py took 0.905 seconds
[2025-07-21T08:29:47.210+0000] {processor.py:161} INFO - Started process (PID=1363) to work on /home/airflow/.local/lib/python3.8/site-packages/airflow/example_dags/example_task_group_decorator.py
[2025-07-21T08:29:47.233+0000] {processor.py:830} INFO - Processing file /home/airflow/.local/lib/python3.8/site-packages/airflow/example_dags/example_task_group_decorator.py for tasks to queue
[2025-07-21T08:29:47.249+0000] {logging_mixin.py:188} INFO - [2025-07-21T08:29:47.244+0000] {dagbag.py:538} INFO - Filling up the DagBag from /home/airflow/.local/lib/python3.8/site-packages/airflow/example_dags/example_task_group_decorator.py
[2025-07-21T08:29:47.345+0000] {processor.py:840} INFO - DAG(s) 'example_task_group_decorator' retrieved from /home/airflow/.local/lib/python3.8/site-packages/airflow/example_dags/example_task_group_decorator.py
[2025-07-21T08:29:47.429+0000] {logging_mixin.py:188} INFO - [2025-07-21T08:29:47.429+0000] {dag.py:3036} INFO - Sync 1 DAGs
[2025-07-21T08:29:47.501+0000] {logging_mixin.py:188} INFO - [2025-07-21T08:29:47.501+0000] {dag.py:3823} INFO - Setting next_dagrun for example_task_group_decorator to 2025-07-20 00:00:00+00:00, run_after=2025-07-21 00:00:00+00:00
[2025-07-21T08:29:47.579+0000] {processor.py:183} INFO - Processing /home/airflow/.local/lib/python3.8/site-packages/airflow/example_dags/example_task_group_decorator.py took 0.578 seconds
[2025-07-21T08:30:17.725+0000] {processor.py:161} INFO - Started process (PID=1418) to work on /home/airflow/.local/lib/python3.8/site-packages/airflow/example_dags/example_task_group_decorator.py
[2025-07-21T08:30:17.728+0000] {processor.py:830} INFO - Processing file /home/airflow/.local/lib/python3.8/site-packages/airflow/example_dags/example_task_group_decorator.py for tasks to queue
[2025-07-21T08:30:17.736+0000] {logging_mixin.py:188} INFO - [2025-07-21T08:30:17.735+0000] {dagbag.py:538} INFO - Filling up the DagBag from /home/airflow/.local/lib/python3.8/site-packages/airflow/example_dags/example_task_group_decorator.py
[2025-07-21T08:30:17.774+0000] {processor.py:840} INFO - DAG(s) 'example_task_group_decorator' retrieved from /home/airflow/.local/lib/python3.8/site-packages/airflow/example_dags/example_task_group_decorator.py
[2025-07-21T08:30:17.836+0000] {logging_mixin.py:188} INFO - [2025-07-21T08:30:17.835+0000] {dag.py:3036} INFO - Sync 1 DAGs
[2025-07-21T08:30:17.891+0000] {logging_mixin.py:188} INFO - [2025-07-21T08:30:17.890+0000] {dag.py:3823} INFO - Setting next_dagrun for example_task_group_decorator to 2025-07-20 00:00:00+00:00, run_after=2025-07-21 00:00:00+00:00
[2025-07-21T08:30:17.969+0000] {processor.py:183} INFO - Processing /home/airflow/.local/lib/python3.8/site-packages/airflow/example_dags/example_task_group_decorator.py took 0.260 seconds
[2025-07-21T08:30:48.241+0000] {processor.py:161} INFO - Started process (PID=1473) to work on /home/airflow/.local/lib/python3.8/site-packages/airflow/example_dags/example_task_group_decorator.py
[2025-07-21T08:30:48.243+0000] {processor.py:830} INFO - Processing file /home/airflow/.local/lib/python3.8/site-packages/airflow/example_dags/example_task_group_decorator.py for tasks to queue
[2025-07-21T08:30:48.248+0000] {logging_mixin.py:188} INFO - [2025-07-21T08:30:48.247+0000] {dagbag.py:538} INFO - Filling up the DagBag from /home/airflow/.local/lib/python3.8/site-packages/airflow/example_dags/example_task_group_decorator.py
[2025-07-21T08:30:48.281+0000] {processor.py:840} INFO - DAG(s) 'example_task_group_decorator' retrieved from /home/airflow/.local/lib/python3.8/site-packages/airflow/example_dags/example_task_group_decorator.py
[2025-07-21T08:30:48.329+0000] {logging_mixin.py:188} INFO - [2025-07-21T08:30:48.328+0000] {dag.py:3036} INFO - Sync 1 DAGs
[2025-07-21T08:30:48.373+0000] {logging_mixin.py:188} INFO - [2025-07-21T08:30:48.372+0000] {dag.py:3823} INFO - Setting next_dagrun for example_task_group_decorator to 2025-07-20 00:00:00+00:00, run_after=2025-07-21 00:00:00+00:00
[2025-07-21T08:30:48.412+0000] {processor.py:183} INFO - Processing /home/airflow/.local/lib/python3.8/site-packages/airflow/example_dags/example_task_group_decorator.py took 0.181 seconds
[2025-07-21T08:31:18.990+0000] {processor.py:161} INFO - Started process (PID=1527) to work on /home/airflow/.local/lib/python3.8/site-packages/airflow/example_dags/example_task_group_decorator.py
[2025-07-21T08:31:19.054+0000] {processor.py:830} INFO - Processing file /home/airflow/.local/lib/python3.8/site-packages/airflow/example_dags/example_task_group_decorator.py for tasks to queue
[2025-07-21T08:31:19.071+0000] {logging_mixin.py:188} INFO - [2025-07-21T08:31:19.070+0000] {dagbag.py:538} INFO - Filling up the DagBag from /home/airflow/.local/lib/python3.8/site-packages/airflow/example_dags/example_task_group_decorator.py
[2025-07-21T08:31:19.206+0000] {processor.py:840} INFO - DAG(s) 'example_task_group_decorator' retrieved from /home/airflow/.local/lib/python3.8/site-packages/airflow/example_dags/example_task_group_decorator.py
[2025-07-21T08:31:19.421+0000] {logging_mixin.py:188} INFO - [2025-07-21T08:31:19.420+0000] {dag.py:3036} INFO - Sync 1 DAGs
[2025-07-21T08:31:19.541+0000] {logging_mixin.py:188} INFO - [2025-07-21T08:31:19.541+0000] {dag.py:3823} INFO - Setting next_dagrun for example_task_group_decorator to 2025-07-20 00:00:00+00:00, run_after=2025-07-21 00:00:00+00:00
[2025-07-21T08:31:19.807+0000] {processor.py:183} INFO - Processing /home/airflow/.local/lib/python3.8/site-packages/airflow/example_dags/example_task_group_decorator.py took 0.848 seconds
[2025-07-21T08:31:50.904+0000] {processor.py:161} INFO - Started process (PID=1580) to work on /home/airflow/.local/lib/python3.8/site-packages/airflow/example_dags/example_task_group_decorator.py
[2025-07-21T08:31:50.908+0000] {processor.py:830} INFO - Processing file /home/airflow/.local/lib/python3.8/site-packages/airflow/example_dags/example_task_group_decorator.py for tasks to queue
[2025-07-21T08:31:50.925+0000] {logging_mixin.py:188} INFO - [2025-07-21T08:31:50.925+0000] {dagbag.py:538} INFO - Filling up the DagBag from /home/airflow/.local/lib/python3.8/site-packages/airflow/example_dags/example_task_group_decorator.py
[2025-07-21T08:31:50.984+0000] {processor.py:840} INFO - DAG(s) 'example_task_group_decorator' retrieved from /home/airflow/.local/lib/python3.8/site-packages/airflow/example_dags/example_task_group_decorator.py
[2025-07-21T08:31:51.105+0000] {logging_mixin.py:188} INFO - [2025-07-21T08:31:51.105+0000] {dag.py:3036} INFO - Sync 1 DAGs
[2025-07-21T08:31:51.208+0000] {logging_mixin.py:188} INFO - [2025-07-21T08:31:51.207+0000] {dag.py:3823} INFO - Setting next_dagrun for example_task_group_decorator to 2025-07-20 00:00:00+00:00, run_after=2025-07-21 00:00:00+00:00
[2025-07-21T08:31:51.299+0000] {processor.py:183} INFO - Processing /home/airflow/.local/lib/python3.8/site-packages/airflow/example_dags/example_task_group_decorator.py took 0.426 seconds
[2025-07-21T08:32:21.602+0000] {processor.py:161} INFO - Started process (PID=1634) to work on /home/airflow/.local/lib/python3.8/site-packages/airflow/example_dags/example_task_group_decorator.py
[2025-07-21T08:32:21.611+0000] {processor.py:830} INFO - Processing file /home/airflow/.local/lib/python3.8/site-packages/airflow/example_dags/example_task_group_decorator.py for tasks to queue
[2025-07-21T08:32:21.622+0000] {logging_mixin.py:188} INFO - [2025-07-21T08:32:21.621+0000] {dagbag.py:538} INFO - Filling up the DagBag from /home/airflow/.local/lib/python3.8/site-packages/airflow/example_dags/example_task_group_decorator.py
[2025-07-21T08:32:21.774+0000] {processor.py:840} INFO - DAG(s) 'example_task_group_decorator' retrieved from /home/airflow/.local/lib/python3.8/site-packages/airflow/example_dags/example_task_group_decorator.py
[2025-07-21T08:32:22.241+0000] {logging_mixin.py:188} INFO - [2025-07-21T08:32:22.238+0000] {dag.py:3036} INFO - Sync 1 DAGs
[2025-07-21T08:32:22.779+0000] {logging_mixin.py:188} INFO - [2025-07-21T08:32:22.779+0000] {dag.py:3823} INFO - Setting next_dagrun for example_task_group_decorator to 2025-07-20 00:00:00+00:00, run_after=2025-07-21 00:00:00+00:00
[2025-07-21T08:32:22.972+0000] {processor.py:183} INFO - Processing /home/airflow/.local/lib/python3.8/site-packages/airflow/example_dags/example_task_group_decorator.py took 1.393 seconds
[2025-07-21T08:32:53.768+0000] {processor.py:161} INFO - Started process (PID=1683) to work on /home/airflow/.local/lib/python3.8/site-packages/airflow/example_dags/example_task_group_decorator.py
[2025-07-21T08:32:53.782+0000] {processor.py:830} INFO - Processing file /home/airflow/.local/lib/python3.8/site-packages/airflow/example_dags/example_task_group_decorator.py for tasks to queue
[2025-07-21T08:32:53.786+0000] {logging_mixin.py:188} INFO - [2025-07-21T08:32:53.786+0000] {dagbag.py:538} INFO - Filling up the DagBag from /home/airflow/.local/lib/python3.8/site-packages/airflow/example_dags/example_task_group_decorator.py
[2025-07-21T08:32:53.837+0000] {processor.py:840} INFO - DAG(s) 'example_task_group_decorator' retrieved from /home/airflow/.local/lib/python3.8/site-packages/airflow/example_dags/example_task_group_decorator.py
[2025-07-21T08:32:53.923+0000] {logging_mixin.py:188} INFO - [2025-07-21T08:32:53.923+0000] {dag.py:3036} INFO - Sync 1 DAGs
[2025-07-21T08:32:53.990+0000] {logging_mixin.py:188} INFO - [2025-07-21T08:32:53.990+0000] {dag.py:3823} INFO - Setting next_dagrun for example_task_group_decorator to 2025-07-20 00:00:00+00:00, run_after=2025-07-21 00:00:00+00:00
[2025-07-21T08:32:54.059+0000] {processor.py:183} INFO - Processing /home/airflow/.local/lib/python3.8/site-packages/airflow/example_dags/example_task_group_decorator.py took 0.299 seconds
[2025-07-21T08:33:24.765+0000] {processor.py:161} INFO - Started process (PID=1737) to work on /home/airflow/.local/lib/python3.8/site-packages/airflow/example_dags/example_task_group_decorator.py
[2025-07-21T08:33:24.771+0000] {processor.py:830} INFO - Processing file /home/airflow/.local/lib/python3.8/site-packages/airflow/example_dags/example_task_group_decorator.py for tasks to queue
[2025-07-21T08:33:24.776+0000] {logging_mixin.py:188} INFO - [2025-07-21T08:33:24.775+0000] {dagbag.py:538} INFO - Filling up the DagBag from /home/airflow/.local/lib/python3.8/site-packages/airflow/example_dags/example_task_group_decorator.py
[2025-07-21T08:33:24.836+0000] {processor.py:840} INFO - DAG(s) 'example_task_group_decorator' retrieved from /home/airflow/.local/lib/python3.8/site-packages/airflow/example_dags/example_task_group_decorator.py
[2025-07-21T08:33:24.959+0000] {logging_mixin.py:188} INFO - [2025-07-21T08:33:24.959+0000] {dag.py:3036} INFO - Sync 1 DAGs
[2025-07-21T08:33:25.135+0000] {logging_mixin.py:188} INFO - [2025-07-21T08:33:25.134+0000] {dag.py:3823} INFO - Setting next_dagrun for example_task_group_decorator to 2025-07-20 00:00:00+00:00, run_after=2025-07-21 00:00:00+00:00
[2025-07-21T08:33:25.314+0000] {processor.py:183} INFO - Processing /home/airflow/.local/lib/python3.8/site-packages/airflow/example_dags/example_task_group_decorator.py took 0.575 seconds
[2025-07-21T08:33:56.524+0000] {processor.py:161} INFO - Started process (PID=1792) to work on /home/airflow/.local/lib/python3.8/site-packages/airflow/example_dags/example_task_group_decorator.py
[2025-07-21T08:33:56.526+0000] {processor.py:830} INFO - Processing file /home/airflow/.local/lib/python3.8/site-packages/airflow/example_dags/example_task_group_decorator.py for tasks to queue
[2025-07-21T08:33:56.534+0000] {logging_mixin.py:188} INFO - [2025-07-21T08:33:56.534+0000] {dagbag.py:538} INFO - Filling up the DagBag from /home/airflow/.local/lib/python3.8/site-packages/airflow/example_dags/example_task_group_decorator.py
[2025-07-21T08:33:56.594+0000] {processor.py:840} INFO - DAG(s) 'example_task_group_decorator' retrieved from /home/airflow/.local/lib/python3.8/site-packages/airflow/example_dags/example_task_group_decorator.py
[2025-07-21T08:33:56.660+0000] {logging_mixin.py:188} INFO - [2025-07-21T08:33:56.658+0000] {dag.py:3036} INFO - Sync 1 DAGs
[2025-07-21T08:33:56.738+0000] {logging_mixin.py:188} INFO - [2025-07-21T08:33:56.738+0000] {dag.py:3823} INFO - Setting next_dagrun for example_task_group_decorator to 2025-07-20 00:00:00+00:00, run_after=2025-07-21 00:00:00+00:00
[2025-07-21T08:33:56.848+0000] {processor.py:183} INFO - Processing /home/airflow/.local/lib/python3.8/site-packages/airflow/example_dags/example_task_group_decorator.py took 0.345 seconds
[2025-07-21T08:34:27.282+0000] {processor.py:161} INFO - Started process (PID=1847) to work on /home/airflow/.local/lib/python3.8/site-packages/airflow/example_dags/example_task_group_decorator.py
[2025-07-21T08:34:27.284+0000] {processor.py:830} INFO - Processing file /home/airflow/.local/lib/python3.8/site-packages/airflow/example_dags/example_task_group_decorator.py for tasks to queue
[2025-07-21T08:34:27.294+0000] {logging_mixin.py:188} INFO - [2025-07-21T08:34:27.288+0000] {dagbag.py:538} INFO - Filling up the DagBag from /home/airflow/.local/lib/python3.8/site-packages/airflow/example_dags/example_task_group_decorator.py
[2025-07-21T08:34:27.369+0000] {processor.py:840} INFO - DAG(s) 'example_task_group_decorator' retrieved from /home/airflow/.local/lib/python3.8/site-packages/airflow/example_dags/example_task_group_decorator.py
[2025-07-21T08:34:27.528+0000] {logging_mixin.py:188} INFO - [2025-07-21T08:34:27.528+0000] {dag.py:3036} INFO - Sync 1 DAGs
[2025-07-21T08:34:27.666+0000] {logging_mixin.py:188} INFO - [2025-07-21T08:34:27.666+0000] {dag.py:3823} INFO - Setting next_dagrun for example_task_group_decorator to 2025-07-20 00:00:00+00:00, run_after=2025-07-21 00:00:00+00:00
[2025-07-21T08:34:27.781+0000] {processor.py:183} INFO - Processing /home/airflow/.local/lib/python3.8/site-packages/airflow/example_dags/example_task_group_decorator.py took 0.506 seconds
[2025-07-21T08:34:58.585+0000] {processor.py:161} INFO - Started process (PID=1908) to work on /home/airflow/.local/lib/python3.8/site-packages/airflow/example_dags/example_task_group_decorator.py
[2025-07-21T08:34:58.590+0000] {processor.py:830} INFO - Processing file /home/airflow/.local/lib/python3.8/site-packages/airflow/example_dags/example_task_group_decorator.py for tasks to queue
[2025-07-21T08:34:58.603+0000] {logging_mixin.py:188} INFO - [2025-07-21T08:34:58.601+0000] {dagbag.py:538} INFO - Filling up the DagBag from /home/airflow/.local/lib/python3.8/site-packages/airflow/example_dags/example_task_group_decorator.py
[2025-07-21T08:34:58.679+0000] {processor.py:840} INFO - DAG(s) 'example_task_group_decorator' retrieved from /home/airflow/.local/lib/python3.8/site-packages/airflow/example_dags/example_task_group_decorator.py
[2025-07-21T08:34:58.777+0000] {logging_mixin.py:188} INFO - [2025-07-21T08:34:58.776+0000] {dag.py:3036} INFO - Sync 1 DAGs
[2025-07-21T08:34:58.897+0000] {logging_mixin.py:188} INFO - [2025-07-21T08:34:58.896+0000] {dag.py:3823} INFO - Setting next_dagrun for example_task_group_decorator to 2025-07-20 00:00:00+00:00, run_after=2025-07-21 00:00:00+00:00
[2025-07-21T08:34:59.024+0000] {processor.py:183} INFO - Processing /home/airflow/.local/lib/python3.8/site-packages/airflow/example_dags/example_task_group_decorator.py took 0.476 seconds
[2025-07-21T08:35:29.560+0000] {processor.py:161} INFO - Started process (PID=1963) to work on /home/airflow/.local/lib/python3.8/site-packages/airflow/example_dags/example_task_group_decorator.py
[2025-07-21T08:35:29.564+0000] {processor.py:830} INFO - Processing file /home/airflow/.local/lib/python3.8/site-packages/airflow/example_dags/example_task_group_decorator.py for tasks to queue
[2025-07-21T08:35:29.570+0000] {logging_mixin.py:188} INFO - [2025-07-21T08:35:29.569+0000] {dagbag.py:538} INFO - Filling up the DagBag from /home/airflow/.local/lib/python3.8/site-packages/airflow/example_dags/example_task_group_decorator.py
[2025-07-21T08:35:29.629+0000] {processor.py:840} INFO - DAG(s) 'example_task_group_decorator' retrieved from /home/airflow/.local/lib/python3.8/site-packages/airflow/example_dags/example_task_group_decorator.py
[2025-07-21T08:35:29.722+0000] {logging_mixin.py:188} INFO - [2025-07-21T08:35:29.718+0000] {dag.py:3036} INFO - Sync 1 DAGs
[2025-07-21T08:35:29.836+0000] {logging_mixin.py:188} INFO - [2025-07-21T08:35:29.834+0000] {dag.py:3823} INFO - Setting next_dagrun for example_task_group_decorator to 2025-07-20 00:00:00+00:00, run_after=2025-07-21 00:00:00+00:00
[2025-07-21T08:35:29.899+0000] {processor.py:183} INFO - Processing /home/airflow/.local/lib/python3.8/site-packages/airflow/example_dags/example_task_group_decorator.py took 0.353 seconds
[2025-07-21T08:36:00.229+0000] {processor.py:161} INFO - Started process (PID=2018) to work on /home/airflow/.local/lib/python3.8/site-packages/airflow/example_dags/example_task_group_decorator.py
[2025-07-21T08:36:00.232+0000] {processor.py:830} INFO - Processing file /home/airflow/.local/lib/python3.8/site-packages/airflow/example_dags/example_task_group_decorator.py for tasks to queue
[2025-07-21T08:36:00.236+0000] {logging_mixin.py:188} INFO - [2025-07-21T08:36:00.235+0000] {dagbag.py:538} INFO - Filling up the DagBag from /home/airflow/.local/lib/python3.8/site-packages/airflow/example_dags/example_task_group_decorator.py
[2025-07-21T08:36:00.283+0000] {processor.py:840} INFO - DAG(s) 'example_task_group_decorator' retrieved from /home/airflow/.local/lib/python3.8/site-packages/airflow/example_dags/example_task_group_decorator.py
[2025-07-21T08:36:00.472+0000] {logging_mixin.py:188} INFO - [2025-07-21T08:36:00.471+0000] {dag.py:3036} INFO - Sync 1 DAGs
[2025-07-21T08:36:00.632+0000] {logging_mixin.py:188} INFO - [2025-07-21T08:36:00.631+0000] {dag.py:3823} INFO - Setting next_dagrun for example_task_group_decorator to 2025-07-20 00:00:00+00:00, run_after=2025-07-21 00:00:00+00:00
[2025-07-21T08:36:00.730+0000] {processor.py:183} INFO - Processing /home/airflow/.local/lib/python3.8/site-packages/airflow/example_dags/example_task_group_decorator.py took 0.509 seconds
[2025-07-21T08:36:32.146+0000] {processor.py:161} INFO - Started process (PID=2073) to work on /home/airflow/.local/lib/python3.8/site-packages/airflow/example_dags/example_task_group_decorator.py
[2025-07-21T08:36:32.163+0000] {processor.py:830} INFO - Processing file /home/airflow/.local/lib/python3.8/site-packages/airflow/example_dags/example_task_group_decorator.py for tasks to queue
[2025-07-21T08:36:32.175+0000] {logging_mixin.py:188} INFO - [2025-07-21T08:36:32.174+0000] {dagbag.py:538} INFO - Filling up the DagBag from /home/airflow/.local/lib/python3.8/site-packages/airflow/example_dags/example_task_group_decorator.py
[2025-07-21T08:36:32.333+0000] {processor.py:840} INFO - DAG(s) 'example_task_group_decorator' retrieved from /home/airflow/.local/lib/python3.8/site-packages/airflow/example_dags/example_task_group_decorator.py
[2025-07-21T08:36:32.486+0000] {logging_mixin.py:188} INFO - [2025-07-21T08:36:32.486+0000] {dag.py:3036} INFO - Sync 1 DAGs
[2025-07-21T08:36:32.608+0000] {logging_mixin.py:188} INFO - [2025-07-21T08:36:32.608+0000] {dag.py:3823} INFO - Setting next_dagrun for example_task_group_decorator to 2025-07-20 00:00:00+00:00, run_after=2025-07-21 00:00:00+00:00
[2025-07-21T08:36:32.745+0000] {processor.py:183} INFO - Processing /home/airflow/.local/lib/python3.8/site-packages/airflow/example_dags/example_task_group_decorator.py took 0.606 seconds
[2025-07-21T08:37:03.581+0000] {processor.py:161} INFO - Started process (PID=2128) to work on /home/airflow/.local/lib/python3.8/site-packages/airflow/example_dags/example_task_group_decorator.py
[2025-07-21T08:37:03.584+0000] {processor.py:830} INFO - Processing file /home/airflow/.local/lib/python3.8/site-packages/airflow/example_dags/example_task_group_decorator.py for tasks to queue
[2025-07-21T08:37:03.602+0000] {logging_mixin.py:188} INFO - [2025-07-21T08:37:03.601+0000] {dagbag.py:538} INFO - Filling up the DagBag from /home/airflow/.local/lib/python3.8/site-packages/airflow/example_dags/example_task_group_decorator.py
[2025-07-21T08:37:03.798+0000] {processor.py:840} INFO - DAG(s) 'example_task_group_decorator' retrieved from /home/airflow/.local/lib/python3.8/site-packages/airflow/example_dags/example_task_group_decorator.py
[2025-07-21T08:37:03.847+0000] {logging_mixin.py:188} INFO - [2025-07-21T08:37:03.846+0000] {dag.py:3036} INFO - Sync 1 DAGs
[2025-07-21T08:37:03.892+0000] {logging_mixin.py:188} INFO - [2025-07-21T08:37:03.892+0000] {dag.py:3823} INFO - Setting next_dagrun for example_task_group_decorator to 2025-07-20 00:00:00+00:00, run_after=2025-07-21 00:00:00+00:00
[2025-07-21T08:37:03.924+0000] {processor.py:183} INFO - Processing /home/airflow/.local/lib/python3.8/site-packages/airflow/example_dags/example_task_group_decorator.py took 0.357 seconds
[2025-07-21T08:37:34.329+0000] {processor.py:161} INFO - Started process (PID=2184) to work on /home/airflow/.local/lib/python3.8/site-packages/airflow/example_dags/example_task_group_decorator.py
[2025-07-21T08:37:34.331+0000] {processor.py:830} INFO - Processing file /home/airflow/.local/lib/python3.8/site-packages/airflow/example_dags/example_task_group_decorator.py for tasks to queue
[2025-07-21T08:37:34.336+0000] {logging_mixin.py:188} INFO - [2025-07-21T08:37:34.335+0000] {dagbag.py:538} INFO - Filling up the DagBag from /home/airflow/.local/lib/python3.8/site-packages/airflow/example_dags/example_task_group_decorator.py
[2025-07-21T08:37:34.365+0000] {processor.py:840} INFO - DAG(s) 'example_task_group_decorator' retrieved from /home/airflow/.local/lib/python3.8/site-packages/airflow/example_dags/example_task_group_decorator.py
[2025-07-21T08:37:34.416+0000] {logging_mixin.py:188} INFO - [2025-07-21T08:37:34.416+0000] {dag.py:3036} INFO - Sync 1 DAGs
[2025-07-21T08:37:34.461+0000] {logging_mixin.py:188} INFO - [2025-07-21T08:37:34.461+0000] {dag.py:3823} INFO - Setting next_dagrun for example_task_group_decorator to 2025-07-20 00:00:00+00:00, run_after=2025-07-21 00:00:00+00:00
[2025-07-21T08:37:34.496+0000] {processor.py:183} INFO - Processing /home/airflow/.local/lib/python3.8/site-packages/airflow/example_dags/example_task_group_decorator.py took 0.176 seconds
[2025-07-21T08:38:05.536+0000] {processor.py:161} INFO - Started process (PID=2238) to work on /home/airflow/.local/lib/python3.8/site-packages/airflow/example_dags/example_task_group_decorator.py
[2025-07-21T08:38:05.613+0000] {processor.py:830} INFO - Processing file /home/airflow/.local/lib/python3.8/site-packages/airflow/example_dags/example_task_group_decorator.py for tasks to queue
[2025-07-21T08:38:05.628+0000] {logging_mixin.py:188} INFO - [2025-07-21T08:38:05.628+0000] {dagbag.py:538} INFO - Filling up the DagBag from /home/airflow/.local/lib/python3.8/site-packages/airflow/example_dags/example_task_group_decorator.py
[2025-07-21T08:38:05.671+0000] {processor.py:840} INFO - DAG(s) 'example_task_group_decorator' retrieved from /home/airflow/.local/lib/python3.8/site-packages/airflow/example_dags/example_task_group_decorator.py
[2025-07-21T08:38:05.721+0000] {logging_mixin.py:188} INFO - [2025-07-21T08:38:05.721+0000] {dag.py:3036} INFO - Sync 1 DAGs
[2025-07-21T08:38:05.769+0000] {logging_mixin.py:188} INFO - [2025-07-21T08:38:05.769+0000] {dag.py:3823} INFO - Setting next_dagrun for example_task_group_decorator to 2025-07-20 00:00:00+00:00, run_after=2025-07-21 00:00:00+00:00
[2025-07-21T08:38:05.852+0000] {processor.py:183} INFO - Processing /home/airflow/.local/lib/python3.8/site-packages/airflow/example_dags/example_task_group_decorator.py took 0.335 seconds
[2025-07-21T08:38:35.946+0000] {processor.py:161} INFO - Started process (PID=2293) to work on /home/airflow/.local/lib/python3.8/site-packages/airflow/example_dags/example_task_group_decorator.py
[2025-07-21T08:38:35.948+0000] {processor.py:830} INFO - Processing file /home/airflow/.local/lib/python3.8/site-packages/airflow/example_dags/example_task_group_decorator.py for tasks to queue
[2025-07-21T08:38:35.952+0000] {logging_mixin.py:188} INFO - [2025-07-21T08:38:35.951+0000] {dagbag.py:538} INFO - Filling up the DagBag from /home/airflow/.local/lib/python3.8/site-packages/airflow/example_dags/example_task_group_decorator.py
[2025-07-21T08:38:35.977+0000] {processor.py:840} INFO - DAG(s) 'example_task_group_decorator' retrieved from /home/airflow/.local/lib/python3.8/site-packages/airflow/example_dags/example_task_group_decorator.py
[2025-07-21T08:38:36.020+0000] {logging_mixin.py:188} INFO - [2025-07-21T08:38:36.020+0000] {dag.py:3036} INFO - Sync 1 DAGs
[2025-07-21T08:38:36.258+0000] {logging_mixin.py:188} INFO - [2025-07-21T08:38:36.258+0000] {dag.py:3823} INFO - Setting next_dagrun for example_task_group_decorator to 2025-07-20 00:00:00+00:00, run_after=2025-07-21 00:00:00+00:00
[2025-07-21T08:38:36.287+0000] {processor.py:183} INFO - Processing /home/airflow/.local/lib/python3.8/site-packages/airflow/example_dags/example_task_group_decorator.py took 0.348 seconds
[2025-07-21T08:39:09.648+0000] {processor.py:161} INFO - Started process (PID=2348) to work on /home/airflow/.local/lib/python3.8/site-packages/airflow/example_dags/example_task_group_decorator.py
[2025-07-21T08:39:09.652+0000] {processor.py:830} INFO - Processing file /home/airflow/.local/lib/python3.8/site-packages/airflow/example_dags/example_task_group_decorator.py for tasks to queue
[2025-07-21T08:39:09.656+0000] {logging_mixin.py:188} INFO - [2025-07-21T08:39:09.656+0000] {dagbag.py:538} INFO - Filling up the DagBag from /home/airflow/.local/lib/python3.8/site-packages/airflow/example_dags/example_task_group_decorator.py
[2025-07-21T08:39:09.734+0000] {processor.py:840} INFO - DAG(s) 'example_task_group_decorator' retrieved from /home/airflow/.local/lib/python3.8/site-packages/airflow/example_dags/example_task_group_decorator.py
[2025-07-21T08:39:09.849+0000] {logging_mixin.py:188} INFO - [2025-07-21T08:39:09.848+0000] {dag.py:3036} INFO - Sync 1 DAGs
[2025-07-21T08:39:09.942+0000] {logging_mixin.py:188} INFO - [2025-07-21T08:39:09.941+0000] {dag.py:3823} INFO - Setting next_dagrun for example_task_group_decorator to 2025-07-20 00:00:00+00:00, run_after=2025-07-21 00:00:00+00:00
[2025-07-21T08:39:10.649+0000] {processor.py:183} INFO - Processing /home/airflow/.local/lib/python3.8/site-packages/airflow/example_dags/example_task_group_decorator.py took 1.036 seconds
[2025-07-21T08:39:41.043+0000] {processor.py:161} INFO - Started process (PID=2402) to work on /home/airflow/.local/lib/python3.8/site-packages/airflow/example_dags/example_task_group_decorator.py
[2025-07-21T08:39:41.046+0000] {processor.py:830} INFO - Processing file /home/airflow/.local/lib/python3.8/site-packages/airflow/example_dags/example_task_group_decorator.py for tasks to queue
[2025-07-21T08:39:41.055+0000] {logging_mixin.py:188} INFO - [2025-07-21T08:39:41.054+0000] {dagbag.py:538} INFO - Filling up the DagBag from /home/airflow/.local/lib/python3.8/site-packages/airflow/example_dags/example_task_group_decorator.py
[2025-07-21T08:39:41.133+0000] {processor.py:840} INFO - DAG(s) 'example_task_group_decorator' retrieved from /home/airflow/.local/lib/python3.8/site-packages/airflow/example_dags/example_task_group_decorator.py
[2025-07-21T08:39:41.277+0000] {logging_mixin.py:188} INFO - [2025-07-21T08:39:41.273+0000] {dag.py:3036} INFO - Sync 1 DAGs
[2025-07-21T08:39:41.381+0000] {logging_mixin.py:188} INFO - [2025-07-21T08:39:41.381+0000] {dag.py:3823} INFO - Setting next_dagrun for example_task_group_decorator to 2025-07-20 00:00:00+00:00, run_after=2025-07-21 00:00:00+00:00
[2025-07-21T08:39:41.496+0000] {processor.py:183} INFO - Processing /home/airflow/.local/lib/python3.8/site-packages/airflow/example_dags/example_task_group_decorator.py took 0.472 seconds
[2025-07-21T08:40:11.742+0000] {processor.py:161} INFO - Started process (PID=2456) to work on /home/airflow/.local/lib/python3.8/site-packages/airflow/example_dags/example_task_group_decorator.py
[2025-07-21T08:40:11.747+0000] {processor.py:830} INFO - Processing file /home/airflow/.local/lib/python3.8/site-packages/airflow/example_dags/example_task_group_decorator.py for tasks to queue
[2025-07-21T08:40:11.755+0000] {logging_mixin.py:188} INFO - [2025-07-21T08:40:11.754+0000] {dagbag.py:538} INFO - Filling up the DagBag from /home/airflow/.local/lib/python3.8/site-packages/airflow/example_dags/example_task_group_decorator.py
[2025-07-21T08:40:11.810+0000] {processor.py:840} INFO - DAG(s) 'example_task_group_decorator' retrieved from /home/airflow/.local/lib/python3.8/site-packages/airflow/example_dags/example_task_group_decorator.py
[2025-07-21T08:40:11.904+0000] {logging_mixin.py:188} INFO - [2025-07-21T08:40:11.902+0000] {dag.py:3036} INFO - Sync 1 DAGs
[2025-07-21T08:40:11.974+0000] {logging_mixin.py:188} INFO - [2025-07-21T08:40:11.973+0000] {dag.py:3823} INFO - Setting next_dagrun for example_task_group_decorator to 2025-07-20 00:00:00+00:00, run_after=2025-07-21 00:00:00+00:00
[2025-07-21T08:40:12.039+0000] {processor.py:183} INFO - Processing /home/airflow/.local/lib/python3.8/site-packages/airflow/example_dags/example_task_group_decorator.py took 0.311 seconds
[2025-07-21T08:40:42.446+0000] {processor.py:161} INFO - Started process (PID=2511) to work on /home/airflow/.local/lib/python3.8/site-packages/airflow/example_dags/example_task_group_decorator.py
[2025-07-21T08:40:42.449+0000] {processor.py:830} INFO - Processing file /home/airflow/.local/lib/python3.8/site-packages/airflow/example_dags/example_task_group_decorator.py for tasks to queue
[2025-07-21T08:40:42.454+0000] {logging_mixin.py:188} INFO - [2025-07-21T08:40:42.454+0000] {dagbag.py:538} INFO - Filling up the DagBag from /home/airflow/.local/lib/python3.8/site-packages/airflow/example_dags/example_task_group_decorator.py
[2025-07-21T08:40:42.505+0000] {processor.py:840} INFO - DAG(s) 'example_task_group_decorator' retrieved from /home/airflow/.local/lib/python3.8/site-packages/airflow/example_dags/example_task_group_decorator.py
[2025-07-21T08:40:42.574+0000] {logging_mixin.py:188} INFO - [2025-07-21T08:40:42.574+0000] {dag.py:3036} INFO - Sync 1 DAGs
[2025-07-21T08:40:42.631+0000] {logging_mixin.py:188} INFO - [2025-07-21T08:40:42.630+0000] {dag.py:3823} INFO - Setting next_dagrun for example_task_group_decorator to 2025-07-20 00:00:00+00:00, run_after=2025-07-21 00:00:00+00:00
[2025-07-21T08:40:42.676+0000] {processor.py:183} INFO - Processing /home/airflow/.local/lib/python3.8/site-packages/airflow/example_dags/example_task_group_decorator.py took 0.241 seconds
[2025-07-21T08:41:13.134+0000] {processor.py:161} INFO - Started process (PID=2565) to work on /home/airflow/.local/lib/python3.8/site-packages/airflow/example_dags/example_task_group_decorator.py
[2025-07-21T08:41:13.139+0000] {processor.py:830} INFO - Processing file /home/airflow/.local/lib/python3.8/site-packages/airflow/example_dags/example_task_group_decorator.py for tasks to queue
[2025-07-21T08:41:13.153+0000] {logging_mixin.py:188} INFO - [2025-07-21T08:41:13.152+0000] {dagbag.py:538} INFO - Filling up the DagBag from /home/airflow/.local/lib/python3.8/site-packages/airflow/example_dags/example_task_group_decorator.py
[2025-07-21T08:41:13.224+0000] {processor.py:840} INFO - DAG(s) 'example_task_group_decorator' retrieved from /home/airflow/.local/lib/python3.8/site-packages/airflow/example_dags/example_task_group_decorator.py
[2025-07-21T08:41:13.689+0000] {logging_mixin.py:188} INFO - [2025-07-21T08:41:13.689+0000] {dag.py:3036} INFO - Sync 1 DAGs
[2025-07-21T08:41:13.754+0000] {logging_mixin.py:188} INFO - [2025-07-21T08:41:13.754+0000] {dag.py:3823} INFO - Setting next_dagrun for example_task_group_decorator to 2025-07-20 00:00:00+00:00, run_after=2025-07-21 00:00:00+00:00
[2025-07-21T08:41:13.793+0000] {processor.py:183} INFO - Processing /home/airflow/.local/lib/python3.8/site-packages/airflow/example_dags/example_task_group_decorator.py took 0.687 seconds
[2025-07-21T08:41:44.090+0000] {processor.py:161} INFO - Started process (PID=2621) to work on /home/airflow/.local/lib/python3.8/site-packages/airflow/example_dags/example_task_group_decorator.py
[2025-07-21T08:41:44.093+0000] {processor.py:830} INFO - Processing file /home/airflow/.local/lib/python3.8/site-packages/airflow/example_dags/example_task_group_decorator.py for tasks to queue
[2025-07-21T08:41:44.097+0000] {logging_mixin.py:188} INFO - [2025-07-21T08:41:44.096+0000] {dagbag.py:538} INFO - Filling up the DagBag from /home/airflow/.local/lib/python3.8/site-packages/airflow/example_dags/example_task_group_decorator.py
[2025-07-21T08:41:44.127+0000] {processor.py:840} INFO - DAG(s) 'example_task_group_decorator' retrieved from /home/airflow/.local/lib/python3.8/site-packages/airflow/example_dags/example_task_group_decorator.py
[2025-07-21T08:41:44.206+0000] {logging_mixin.py:188} INFO - [2025-07-21T08:41:44.206+0000] {dag.py:3036} INFO - Sync 1 DAGs
[2025-07-21T08:41:44.292+0000] {logging_mixin.py:188} INFO - [2025-07-21T08:41:44.292+0000] {dag.py:3823} INFO - Setting next_dagrun for example_task_group_decorator to 2025-07-20 00:00:00+00:00, run_after=2025-07-21 00:00:00+00:00
[2025-07-21T08:41:44.392+0000] {processor.py:183} INFO - Processing /home/airflow/.local/lib/python3.8/site-packages/airflow/example_dags/example_task_group_decorator.py took 0.316 seconds
[2025-07-21T08:42:15.076+0000] {processor.py:161} INFO - Started process (PID=2672) to work on /home/airflow/.local/lib/python3.8/site-packages/airflow/example_dags/example_task_group_decorator.py
[2025-07-21T08:42:15.079+0000] {processor.py:830} INFO - Processing file /home/airflow/.local/lib/python3.8/site-packages/airflow/example_dags/example_task_group_decorator.py for tasks to queue
[2025-07-21T08:42:15.089+0000] {logging_mixin.py:188} INFO - [2025-07-21T08:42:15.088+0000] {dagbag.py:538} INFO - Filling up the DagBag from /home/airflow/.local/lib/python3.8/site-packages/airflow/example_dags/example_task_group_decorator.py
[2025-07-21T08:42:15.183+0000] {processor.py:840} INFO - DAG(s) 'example_task_group_decorator' retrieved from /home/airflow/.local/lib/python3.8/site-packages/airflow/example_dags/example_task_group_decorator.py
[2025-07-21T08:42:15.303+0000] {logging_mixin.py:188} INFO - [2025-07-21T08:42:15.302+0000] {dag.py:3036} INFO - Sync 1 DAGs
[2025-07-21T08:42:15.445+0000] {logging_mixin.py:188} INFO - [2025-07-21T08:42:15.444+0000] {dag.py:3823} INFO - Setting next_dagrun for example_task_group_decorator to 2025-07-20 00:00:00+00:00, run_after=2025-07-21 00:00:00+00:00
[2025-07-21T08:42:15.965+0000] {processor.py:183} INFO - Processing /home/airflow/.local/lib/python3.8/site-packages/airflow/example_dags/example_task_group_decorator.py took 0.911 seconds
[2025-07-21T08:42:46.302+0000] {processor.py:161} INFO - Started process (PID=2727) to work on /home/airflow/.local/lib/python3.8/site-packages/airflow/example_dags/example_task_group_decorator.py
[2025-07-21T08:42:46.305+0000] {processor.py:830} INFO - Processing file /home/airflow/.local/lib/python3.8/site-packages/airflow/example_dags/example_task_group_decorator.py for tasks to queue
[2025-07-21T08:42:46.311+0000] {logging_mixin.py:188} INFO - [2025-07-21T08:42:46.310+0000] {dagbag.py:538} INFO - Filling up the DagBag from /home/airflow/.local/lib/python3.8/site-packages/airflow/example_dags/example_task_group_decorator.py
[2025-07-21T08:42:46.365+0000] {processor.py:840} INFO - DAG(s) 'example_task_group_decorator' retrieved from /home/airflow/.local/lib/python3.8/site-packages/airflow/example_dags/example_task_group_decorator.py
[2025-07-21T08:42:46.433+0000] {logging_mixin.py:188} INFO - [2025-07-21T08:42:46.433+0000] {dag.py:3036} INFO - Sync 1 DAGs
[2025-07-21T08:42:46.493+0000] {logging_mixin.py:188} INFO - [2025-07-21T08:42:46.492+0000] {dag.py:3823} INFO - Setting next_dagrun for example_task_group_decorator to 2025-07-20 00:00:00+00:00, run_after=2025-07-21 00:00:00+00:00
[2025-07-21T08:42:46.540+0000] {processor.py:183} INFO - Processing /home/airflow/.local/lib/python3.8/site-packages/airflow/example_dags/example_task_group_decorator.py took 0.248 seconds
[2025-07-21T08:43:16.952+0000] {processor.py:161} INFO - Started process (PID=2782) to work on /home/airflow/.local/lib/python3.8/site-packages/airflow/example_dags/example_task_group_decorator.py
[2025-07-21T08:43:16.954+0000] {processor.py:830} INFO - Processing file /home/airflow/.local/lib/python3.8/site-packages/airflow/example_dags/example_task_group_decorator.py for tasks to queue
[2025-07-21T08:43:16.959+0000] {logging_mixin.py:188} INFO - [2025-07-21T08:43:16.958+0000] {dagbag.py:538} INFO - Filling up the DagBag from /home/airflow/.local/lib/python3.8/site-packages/airflow/example_dags/example_task_group_decorator.py
[2025-07-21T08:43:16.992+0000] {processor.py:840} INFO - DAG(s) 'example_task_group_decorator' retrieved from /home/airflow/.local/lib/python3.8/site-packages/airflow/example_dags/example_task_group_decorator.py
[2025-07-21T08:43:17.071+0000] {logging_mixin.py:188} INFO - [2025-07-21T08:43:17.070+0000] {dag.py:3036} INFO - Sync 1 DAGs
[2025-07-21T08:43:17.138+0000] {logging_mixin.py:188} INFO - [2025-07-21T08:43:17.137+0000] {dag.py:3823} INFO - Setting next_dagrun for example_task_group_decorator to 2025-07-20 00:00:00+00:00, run_after=2025-07-21 00:00:00+00:00
[2025-07-21T08:43:17.206+0000] {processor.py:183} INFO - Processing /home/airflow/.local/lib/python3.8/site-packages/airflow/example_dags/example_task_group_decorator.py took 0.264 seconds
[2025-07-21T08:43:47.599+0000] {processor.py:161} INFO - Started process (PID=2837) to work on /home/airflow/.local/lib/python3.8/site-packages/airflow/example_dags/example_task_group_decorator.py
[2025-07-21T08:43:47.610+0000] {processor.py:830} INFO - Processing file /home/airflow/.local/lib/python3.8/site-packages/airflow/example_dags/example_task_group_decorator.py for tasks to queue
[2025-07-21T08:43:47.629+0000] {logging_mixin.py:188} INFO - [2025-07-21T08:43:47.629+0000] {dagbag.py:538} INFO - Filling up the DagBag from /home/airflow/.local/lib/python3.8/site-packages/airflow/example_dags/example_task_group_decorator.py
[2025-07-21T08:43:47.693+0000] {processor.py:840} INFO - DAG(s) 'example_task_group_decorator' retrieved from /home/airflow/.local/lib/python3.8/site-packages/airflow/example_dags/example_task_group_decorator.py
[2025-07-21T08:43:47.804+0000] {logging_mixin.py:188} INFO - [2025-07-21T08:43:47.803+0000] {dag.py:3036} INFO - Sync 1 DAGs
[2025-07-21T08:43:47.846+0000] {logging_mixin.py:188} INFO - [2025-07-21T08:43:47.844+0000] {dag.py:3823} INFO - Setting next_dagrun for example_task_group_decorator to 2025-07-20 00:00:00+00:00, run_after=2025-07-21 00:00:00+00:00
[2025-07-21T08:43:47.880+0000] {processor.py:183} INFO - Processing /home/airflow/.local/lib/python3.8/site-packages/airflow/example_dags/example_task_group_decorator.py took 0.304 seconds
