[2025-07-21T08:14:53.136+0000] {processor.py:161} INFO - Started process (PID=103) to work on /home/airflow/.local/lib/python3.8/site-packages/airflow/example_dags/example_sensor_decorator.py
[2025-07-21T08:14:53.249+0000] {processor.py:830} INFO - Processing file /home/airflow/.local/lib/python3.8/site-packages/airflow/example_dags/example_sensor_decorator.py for tasks to queue
[2025-07-21T08:14:53.300+0000] {logging_mixin.py:188} INFO - [2025-07-21T08:14:53.254+0000] {dagbag.py:538} INFO - Filling up the DagBag from /home/airflow/.local/lib/python3.8/site-packages/airflow/example_dags/example_sensor_decorator.py
[2025-07-21T08:14:53.446+0000] {processor.py:840} INFO - DAG(s) 'example_sensor_decorator' retrieved from /home/airflow/.local/lib/python3.8/site-packages/airflow/example_dags/example_sensor_decorator.py
[2025-07-21T08:14:53.806+0000] {logging_mixin.py:188} INFO - [2025-07-21T08:14:53.806+0000] {dag.py:3036} INFO - Sync 1 DAGs
[2025-07-21T08:14:53.875+0000] {logging_mixin.py:188} INFO - [2025-07-21T08:14:53.874+0000] {dag.py:3823} INFO - Setting next_dagrun for example_sensor_decorator to None, run_after=None
[2025-07-21T08:14:54.335+0000] {processor.py:183} INFO - Processing /home/airflow/.local/lib/python3.8/site-packages/airflow/example_dags/example_sensor_decorator.py took 1.245 seconds
[2025-07-21T08:15:27.219+0000] {processor.py:161} INFO - Started process (PID=159) to work on /home/airflow/.local/lib/python3.8/site-packages/airflow/example_dags/example_sensor_decorator.py
[2025-07-21T08:15:27.244+0000] {processor.py:830} INFO - Processing file /home/airflow/.local/lib/python3.8/site-packages/airflow/example_dags/example_sensor_decorator.py for tasks to queue
[2025-07-21T08:15:27.268+0000] {logging_mixin.py:188} INFO - [2025-07-21T08:15:27.266+0000] {dagbag.py:538} INFO - Filling up the DagBag from /home/airflow/.local/lib/python3.8/site-packages/airflow/example_dags/example_sensor_decorator.py
[2025-07-21T08:15:27.389+0000] {processor.py:840} INFO - DAG(s) 'example_sensor_decorator' retrieved from /home/airflow/.local/lib/python3.8/site-packages/airflow/example_dags/example_sensor_decorator.py
[2025-07-21T08:15:27.961+0000] {logging_mixin.py:188} INFO - [2025-07-21T08:15:27.961+0000] {dag.py:3036} INFO - Sync 1 DAGs
[2025-07-21T08:15:28.157+0000] {logging_mixin.py:188} INFO - [2025-07-21T08:15:28.142+0000] {dag.py:3823} INFO - Setting next_dagrun for example_sensor_decorator to None, run_after=None
[2025-07-21T08:15:28.259+0000] {processor.py:183} INFO - Processing /home/airflow/.local/lib/python3.8/site-packages/airflow/example_dags/example_sensor_decorator.py took 1.052 seconds
[2025-07-21T08:16:15.053+0000] {processor.py:161} INFO - Started process (PID=223) to work on /home/airflow/.local/lib/python3.8/site-packages/airflow/example_dags/example_sensor_decorator.py
[2025-07-21T08:16:15.085+0000] {processor.py:830} INFO - Processing file /home/airflow/.local/lib/python3.8/site-packages/airflow/example_dags/example_sensor_decorator.py for tasks to queue
[2025-07-21T08:16:15.103+0000] {logging_mixin.py:188} INFO - [2025-07-21T08:16:15.103+0000] {dagbag.py:538} INFO - Filling up the DagBag from /home/airflow/.local/lib/python3.8/site-packages/airflow/example_dags/example_sensor_decorator.py
[2025-07-21T08:16:15.163+0000] {processor.py:840} INFO - DAG(s) 'example_sensor_decorator' retrieved from /home/airflow/.local/lib/python3.8/site-packages/airflow/example_dags/example_sensor_decorator.py
[2025-07-21T08:16:15.347+0000] {logging_mixin.py:188} INFO - [2025-07-21T08:16:15.346+0000] {dag.py:3036} INFO - Sync 1 DAGs
[2025-07-21T08:16:15.475+0000] {logging_mixin.py:188} INFO - [2025-07-21T08:16:15.474+0000] {dag.py:3823} INFO - Setting next_dagrun for example_sensor_decorator to None, run_after=None
[2025-07-21T08:16:15.727+0000] {processor.py:183} INFO - Processing /home/airflow/.local/lib/python3.8/site-packages/airflow/example_dags/example_sensor_decorator.py took 0.709 seconds
[2025-07-21T08:16:54.637+0000] {processor.py:161} INFO - Started process (PID=278) to work on /home/airflow/.local/lib/python3.8/site-packages/airflow/example_dags/example_sensor_decorator.py
[2025-07-21T08:16:54.699+0000] {processor.py:830} INFO - Processing file /home/airflow/.local/lib/python3.8/site-packages/airflow/example_dags/example_sensor_decorator.py for tasks to queue
[2025-07-21T08:16:54.704+0000] {logging_mixin.py:188} INFO - [2025-07-21T08:16:54.703+0000] {dagbag.py:538} INFO - Filling up the DagBag from /home/airflow/.local/lib/python3.8/site-packages/airflow/example_dags/example_sensor_decorator.py
[2025-07-21T08:16:54.817+0000] {processor.py:840} INFO - DAG(s) 'example_sensor_decorator' retrieved from /home/airflow/.local/lib/python3.8/site-packages/airflow/example_dags/example_sensor_decorator.py
[2025-07-21T08:16:55.059+0000] {logging_mixin.py:188} INFO - [2025-07-21T08:16:55.059+0000] {dag.py:3036} INFO - Sync 1 DAGs
[2025-07-21T08:16:55.433+0000] {logging_mixin.py:188} INFO - [2025-07-21T08:16:55.433+0000] {dag.py:3823} INFO - Setting next_dagrun for example_sensor_decorator to None, run_after=None
[2025-07-21T08:16:55.785+0000] {processor.py:183} INFO - Processing /home/airflow/.local/lib/python3.8/site-packages/airflow/example_dags/example_sensor_decorator.py took 1.155 seconds
[2025-07-21T08:18:02.131+0000] {processor.py:161} INFO - Started process (PID=339) to work on /home/airflow/.local/lib/python3.8/site-packages/airflow/example_dags/example_sensor_decorator.py
[2025-07-21T08:18:02.151+0000] {processor.py:830} INFO - Processing file /home/airflow/.local/lib/python3.8/site-packages/airflow/example_dags/example_sensor_decorator.py for tasks to queue
[2025-07-21T08:18:02.392+0000] {logging_mixin.py:188} INFO - [2025-07-21T08:18:02.391+0000] {dagbag.py:538} INFO - Filling up the DagBag from /home/airflow/.local/lib/python3.8/site-packages/airflow/example_dags/example_sensor_decorator.py
[2025-07-21T08:18:02.523+0000] {processor.py:840} INFO - DAG(s) 'example_sensor_decorator' retrieved from /home/airflow/.local/lib/python3.8/site-packages/airflow/example_dags/example_sensor_decorator.py
[2025-07-21T08:18:02.610+0000] {logging_mixin.py:188} INFO - [2025-07-21T08:18:02.610+0000] {dag.py:3036} INFO - Sync 1 DAGs
[2025-07-21T08:18:02.919+0000] {logging_mixin.py:188} INFO - [2025-07-21T08:18:02.917+0000] {dag.py:3823} INFO - Setting next_dagrun for example_sensor_decorator to None, run_after=None
[2025-07-21T08:18:03.520+0000] {processor.py:183} INFO - Processing /home/airflow/.local/lib/python3.8/site-packages/airflow/example_dags/example_sensor_decorator.py took 1.424 seconds
[2025-07-21T08:19:40.290+0000] {processor.py:161} INFO - Started process (PID=410) to work on /home/airflow/.local/lib/python3.8/site-packages/airflow/example_dags/example_sensor_decorator.py
[2025-07-21T08:19:40.542+0000] {processor.py:830} INFO - Processing file /home/airflow/.local/lib/python3.8/site-packages/airflow/example_dags/example_sensor_decorator.py for tasks to queue
[2025-07-21T08:19:40.664+0000] {logging_mixin.py:188} INFO - [2025-07-21T08:19:40.663+0000] {dagbag.py:538} INFO - Filling up the DagBag from /home/airflow/.local/lib/python3.8/site-packages/airflow/example_dags/example_sensor_decorator.py
[2025-07-21T08:19:40.782+0000] {processor.py:840} INFO - DAG(s) 'example_sensor_decorator' retrieved from /home/airflow/.local/lib/python3.8/site-packages/airflow/example_dags/example_sensor_decorator.py
[2025-07-21T08:19:42.396+0000] {logging_mixin.py:188} INFO - [2025-07-21T08:19:42.396+0000] {dag.py:3036} INFO - Sync 1 DAGs
[2025-07-21T08:19:42.477+0000] {logging_mixin.py:188} INFO - [2025-07-21T08:19:42.476+0000] {dag.py:3823} INFO - Setting next_dagrun for example_sensor_decorator to None, run_after=None
[2025-07-21T08:19:43.258+0000] {processor.py:183} INFO - Processing /home/airflow/.local/lib/python3.8/site-packages/airflow/example_dags/example_sensor_decorator.py took 3.019 seconds
[2025-07-21T08:20:16.644+0000] {processor.py:161} INFO - Started process (PID=465) to work on /home/airflow/.local/lib/python3.8/site-packages/airflow/example_dags/example_sensor_decorator.py
[2025-07-21T08:20:16.646+0000] {processor.py:830} INFO - Processing file /home/airflow/.local/lib/python3.8/site-packages/airflow/example_dags/example_sensor_decorator.py for tasks to queue
[2025-07-21T08:20:16.650+0000] {logging_mixin.py:188} INFO - [2025-07-21T08:20:16.649+0000] {dagbag.py:538} INFO - Filling up the DagBag from /home/airflow/.local/lib/python3.8/site-packages/airflow/example_dags/example_sensor_decorator.py
[2025-07-21T08:20:16.666+0000] {processor.py:840} INFO - DAG(s) 'example_sensor_decorator' retrieved from /home/airflow/.local/lib/python3.8/site-packages/airflow/example_dags/example_sensor_decorator.py
[2025-07-21T08:20:16.712+0000] {logging_mixin.py:188} INFO - [2025-07-21T08:20:16.712+0000] {dag.py:3036} INFO - Sync 1 DAGs
[2025-07-21T08:20:16.740+0000] {logging_mixin.py:188} INFO - [2025-07-21T08:20:16.739+0000] {dag.py:3823} INFO - Setting next_dagrun for example_sensor_decorator to None, run_after=None
[2025-07-21T08:20:16.791+0000] {processor.py:183} INFO - Processing /home/airflow/.local/lib/python3.8/site-packages/airflow/example_dags/example_sensor_decorator.py took 0.155 seconds
[2025-07-21T08:21:13.851+0000] {processor.py:161} INFO - Started process (PID=519) to work on /home/airflow/.local/lib/python3.8/site-packages/airflow/example_dags/example_sensor_decorator.py
[2025-07-21T08:21:13.862+0000] {processor.py:830} INFO - Processing file /home/airflow/.local/lib/python3.8/site-packages/airflow/example_dags/example_sensor_decorator.py for tasks to queue
[2025-07-21T08:21:13.868+0000] {logging_mixin.py:188} INFO - [2025-07-21T08:21:13.867+0000] {dagbag.py:538} INFO - Filling up the DagBag from /home/airflow/.local/lib/python3.8/site-packages/airflow/example_dags/example_sensor_decorator.py
[2025-07-21T08:21:13.903+0000] {processor.py:840} INFO - DAG(s) 'example_sensor_decorator' retrieved from /home/airflow/.local/lib/python3.8/site-packages/airflow/example_dags/example_sensor_decorator.py
[2025-07-21T08:21:14.068+0000] {logging_mixin.py:188} INFO - [2025-07-21T08:21:14.067+0000] {dag.py:3036} INFO - Sync 1 DAGs
[2025-07-21T08:21:14.173+0000] {logging_mixin.py:188} INFO - [2025-07-21T08:21:14.173+0000] {dag.py:3823} INFO - Setting next_dagrun for example_sensor_decorator to None, run_after=None
[2025-07-21T08:21:14.462+0000] {processor.py:183} INFO - Processing /home/airflow/.local/lib/python3.8/site-packages/airflow/example_dags/example_sensor_decorator.py took 0.620 seconds
[2025-07-21T08:21:44.859+0000] {processor.py:161} INFO - Started process (PID=574) to work on /home/airflow/.local/lib/python3.8/site-packages/airflow/example_dags/example_sensor_decorator.py
[2025-07-21T08:21:44.861+0000] {processor.py:830} INFO - Processing file /home/airflow/.local/lib/python3.8/site-packages/airflow/example_dags/example_sensor_decorator.py for tasks to queue
[2025-07-21T08:21:44.870+0000] {logging_mixin.py:188} INFO - [2025-07-21T08:21:44.870+0000] {dagbag.py:538} INFO - Filling up the DagBag from /home/airflow/.local/lib/python3.8/site-packages/airflow/example_dags/example_sensor_decorator.py
[2025-07-21T08:21:44.894+0000] {processor.py:840} INFO - DAG(s) 'example_sensor_decorator' retrieved from /home/airflow/.local/lib/python3.8/site-packages/airflow/example_dags/example_sensor_decorator.py
[2025-07-21T08:21:44.999+0000] {logging_mixin.py:188} INFO - [2025-07-21T08:21:44.999+0000] {dag.py:3036} INFO - Sync 1 DAGs
[2025-07-21T08:21:45.020+0000] {logging_mixin.py:188} INFO - [2025-07-21T08:21:45.020+0000] {dag.py:3823} INFO - Setting next_dagrun for example_sensor_decorator to None, run_after=None
[2025-07-21T08:21:45.057+0000] {processor.py:183} INFO - Processing /home/airflow/.local/lib/python3.8/site-packages/airflow/example_dags/example_sensor_decorator.py took 0.214 seconds
[2025-07-21T08:22:32.003+0000] {processor.py:161} INFO - Started process (PID=634) to work on /home/airflow/.local/lib/python3.8/site-packages/airflow/example_dags/example_sensor_decorator.py
[2025-07-21T08:22:32.017+0000] {processor.py:830} INFO - Processing file /home/airflow/.local/lib/python3.8/site-packages/airflow/example_dags/example_sensor_decorator.py for tasks to queue
[2025-07-21T08:22:32.021+0000] {logging_mixin.py:188} INFO - [2025-07-21T08:22:32.020+0000] {dagbag.py:538} INFO - Filling up the DagBag from /home/airflow/.local/lib/python3.8/site-packages/airflow/example_dags/example_sensor_decorator.py
[2025-07-21T08:22:32.042+0000] {processor.py:840} INFO - DAG(s) 'example_sensor_decorator' retrieved from /home/airflow/.local/lib/python3.8/site-packages/airflow/example_dags/example_sensor_decorator.py
[2025-07-21T08:22:32.141+0000] {logging_mixin.py:188} INFO - [2025-07-21T08:22:32.140+0000] {dag.py:3036} INFO - Sync 1 DAGs
[2025-07-21T08:22:32.190+0000] {logging_mixin.py:188} INFO - [2025-07-21T08:22:32.184+0000] {dag.py:3823} INFO - Setting next_dagrun for example_sensor_decorator to None, run_after=None
[2025-07-21T08:22:32.231+0000] {processor.py:183} INFO - Processing /home/airflow/.local/lib/python3.8/site-packages/airflow/example_dags/example_sensor_decorator.py took 0.235 seconds
[2025-07-21T08:23:10.811+0000] {processor.py:161} INFO - Started process (PID=686) to work on /home/airflow/.local/lib/python3.8/site-packages/airflow/example_dags/example_sensor_decorator.py
[2025-07-21T08:23:10.888+0000] {processor.py:830} INFO - Processing file /home/airflow/.local/lib/python3.8/site-packages/airflow/example_dags/example_sensor_decorator.py for tasks to queue
[2025-07-21T08:23:10.921+0000] {logging_mixin.py:188} INFO - [2025-07-21T08:23:10.920+0000] {dagbag.py:538} INFO - Filling up the DagBag from /home/airflow/.local/lib/python3.8/site-packages/airflow/example_dags/example_sensor_decorator.py
[2025-07-21T08:23:11.037+0000] {processor.py:840} INFO - DAG(s) 'example_sensor_decorator' retrieved from /home/airflow/.local/lib/python3.8/site-packages/airflow/example_dags/example_sensor_decorator.py
[2025-07-21T08:23:11.300+0000] {logging_mixin.py:188} INFO - [2025-07-21T08:23:11.300+0000] {dag.py:3036} INFO - Sync 1 DAGs
[2025-07-21T08:23:11.371+0000] {logging_mixin.py:188} INFO - [2025-07-21T08:23:11.371+0000] {dag.py:3823} INFO - Setting next_dagrun for example_sensor_decorator to None, run_after=None
[2025-07-21T08:23:11.736+0000] {processor.py:183} INFO - Processing /home/airflow/.local/lib/python3.8/site-packages/airflow/example_dags/example_sensor_decorator.py took 0.944 seconds
[2025-07-21T08:23:42.684+0000] {processor.py:161} INFO - Started process (PID=742) to work on /home/airflow/.local/lib/python3.8/site-packages/airflow/example_dags/example_sensor_decorator.py
[2025-07-21T08:23:42.691+0000] {processor.py:830} INFO - Processing file /home/airflow/.local/lib/python3.8/site-packages/airflow/example_dags/example_sensor_decorator.py for tasks to queue
[2025-07-21T08:23:42.710+0000] {logging_mixin.py:188} INFO - [2025-07-21T08:23:42.707+0000] {dagbag.py:538} INFO - Filling up the DagBag from /home/airflow/.local/lib/python3.8/site-packages/airflow/example_dags/example_sensor_decorator.py
[2025-07-21T08:23:42.738+0000] {processor.py:840} INFO - DAG(s) 'example_sensor_decorator' retrieved from /home/airflow/.local/lib/python3.8/site-packages/airflow/example_dags/example_sensor_decorator.py
[2025-07-21T08:23:42.919+0000] {logging_mixin.py:188} INFO - [2025-07-21T08:23:42.918+0000] {dag.py:3036} INFO - Sync 1 DAGs
[2025-07-21T08:23:43.127+0000] {logging_mixin.py:188} INFO - [2025-07-21T08:23:43.127+0000] {dag.py:3823} INFO - Setting next_dagrun for example_sensor_decorator to None, run_after=None
[2025-07-21T08:23:43.363+0000] {processor.py:183} INFO - Processing /home/airflow/.local/lib/python3.8/site-packages/airflow/example_dags/example_sensor_decorator.py took 0.700 seconds
[2025-07-21T08:24:17.224+0000] {processor.py:161} INFO - Started process (PID=796) to work on /home/airflow/.local/lib/python3.8/site-packages/airflow/example_dags/example_sensor_decorator.py
[2025-07-21T08:24:17.238+0000] {processor.py:830} INFO - Processing file /home/airflow/.local/lib/python3.8/site-packages/airflow/example_dags/example_sensor_decorator.py for tasks to queue
[2025-07-21T08:24:17.243+0000] {logging_mixin.py:188} INFO - [2025-07-21T08:24:17.242+0000] {dagbag.py:538} INFO - Filling up the DagBag from /home/airflow/.local/lib/python3.8/site-packages/airflow/example_dags/example_sensor_decorator.py
[2025-07-21T08:24:17.299+0000] {processor.py:840} INFO - DAG(s) 'example_sensor_decorator' retrieved from /home/airflow/.local/lib/python3.8/site-packages/airflow/example_dags/example_sensor_decorator.py
[2025-07-21T08:24:17.418+0000] {logging_mixin.py:188} INFO - [2025-07-21T08:24:17.418+0000] {dag.py:3036} INFO - Sync 1 DAGs
[2025-07-21T08:24:17.498+0000] {logging_mixin.py:188} INFO - [2025-07-21T08:24:17.497+0000] {dag.py:3823} INFO - Setting next_dagrun for example_sensor_decorator to None, run_after=None
[2025-07-21T08:24:17.768+0000] {processor.py:183} INFO - Processing /home/airflow/.local/lib/python3.8/site-packages/airflow/example_dags/example_sensor_decorator.py took 0.559 seconds
[2025-07-21T08:24:48.047+0000] {processor.py:161} INFO - Started process (PID=851) to work on /home/airflow/.local/lib/python3.8/site-packages/airflow/example_dags/example_sensor_decorator.py
[2025-07-21T08:24:48.049+0000] {processor.py:830} INFO - Processing file /home/airflow/.local/lib/python3.8/site-packages/airflow/example_dags/example_sensor_decorator.py for tasks to queue
[2025-07-21T08:24:48.053+0000] {logging_mixin.py:188} INFO - [2025-07-21T08:24:48.052+0000] {dagbag.py:538} INFO - Filling up the DagBag from /home/airflow/.local/lib/python3.8/site-packages/airflow/example_dags/example_sensor_decorator.py
[2025-07-21T08:24:48.067+0000] {processor.py:840} INFO - DAG(s) 'example_sensor_decorator' retrieved from /home/airflow/.local/lib/python3.8/site-packages/airflow/example_dags/example_sensor_decorator.py
[2025-07-21T08:24:48.103+0000] {logging_mixin.py:188} INFO - [2025-07-21T08:24:48.103+0000] {dag.py:3036} INFO - Sync 1 DAGs
[2025-07-21T08:24:48.125+0000] {logging_mixin.py:188} INFO - [2025-07-21T08:24:48.125+0000] {dag.py:3823} INFO - Setting next_dagrun for example_sensor_decorator to None, run_after=None
[2025-07-21T08:24:48.162+0000] {processor.py:183} INFO - Processing /home/airflow/.local/lib/python3.8/site-packages/airflow/example_dags/example_sensor_decorator.py took 0.126 seconds
[2025-07-21T08:25:19.393+0000] {processor.py:161} INFO - Started process (PID=906) to work on /home/airflow/.local/lib/python3.8/site-packages/airflow/example_dags/example_sensor_decorator.py
[2025-07-21T08:25:19.472+0000] {processor.py:830} INFO - Processing file /home/airflow/.local/lib/python3.8/site-packages/airflow/example_dags/example_sensor_decorator.py for tasks to queue
[2025-07-21T08:25:19.477+0000] {logging_mixin.py:188} INFO - [2025-07-21T08:25:19.476+0000] {dagbag.py:538} INFO - Filling up the DagBag from /home/airflow/.local/lib/python3.8/site-packages/airflow/example_dags/example_sensor_decorator.py
[2025-07-21T08:25:19.524+0000] {processor.py:840} INFO - DAG(s) 'example_sensor_decorator' retrieved from /home/airflow/.local/lib/python3.8/site-packages/airflow/example_dags/example_sensor_decorator.py
[2025-07-21T08:25:19.674+0000] {logging_mixin.py:188} INFO - [2025-07-21T08:25:19.674+0000] {dag.py:3036} INFO - Sync 1 DAGs
[2025-07-21T08:25:19.754+0000] {logging_mixin.py:188} INFO - [2025-07-21T08:25:19.754+0000] {dag.py:3823} INFO - Setting next_dagrun for example_sensor_decorator to None, run_after=None
[2025-07-21T08:25:19.832+0000] {processor.py:183} INFO - Processing /home/airflow/.local/lib/python3.8/site-packages/airflow/example_dags/example_sensor_decorator.py took 0.459 seconds
[2025-07-21T08:25:52.510+0000] {processor.py:161} INFO - Started process (PID=963) to work on /home/airflow/.local/lib/python3.8/site-packages/airflow/example_dags/example_sensor_decorator.py
[2025-07-21T08:25:52.512+0000] {processor.py:830} INFO - Processing file /home/airflow/.local/lib/python3.8/site-packages/airflow/example_dags/example_sensor_decorator.py for tasks to queue
[2025-07-21T08:25:52.516+0000] {logging_mixin.py:188} INFO - [2025-07-21T08:25:52.515+0000] {dagbag.py:538} INFO - Filling up the DagBag from /home/airflow/.local/lib/python3.8/site-packages/airflow/example_dags/example_sensor_decorator.py
[2025-07-21T08:25:52.528+0000] {processor.py:840} INFO - DAG(s) 'example_sensor_decorator' retrieved from /home/airflow/.local/lib/python3.8/site-packages/airflow/example_dags/example_sensor_decorator.py
[2025-07-21T08:25:52.587+0000] {logging_mixin.py:188} INFO - [2025-07-21T08:25:52.587+0000] {dag.py:3036} INFO - Sync 1 DAGs
[2025-07-21T08:25:52.645+0000] {logging_mixin.py:188} INFO - [2025-07-21T08:25:52.645+0000] {dag.py:3823} INFO - Setting next_dagrun for example_sensor_decorator to None, run_after=None
[2025-07-21T08:25:52.793+0000] {processor.py:183} INFO - Processing /home/airflow/.local/lib/python3.8/site-packages/airflow/example_dags/example_sensor_decorator.py took 0.282 seconds
[2025-07-21T08:26:26.008+0000] {processor.py:161} INFO - Started process (PID=1025) to work on /home/airflow/.local/lib/python3.8/site-packages/airflow/example_dags/example_sensor_decorator.py
[2025-07-21T08:26:26.010+0000] {processor.py:830} INFO - Processing file /home/airflow/.local/lib/python3.8/site-packages/airflow/example_dags/example_sensor_decorator.py for tasks to queue
[2025-07-21T08:26:26.035+0000] {logging_mixin.py:188} INFO - [2025-07-21T08:26:26.028+0000] {dagbag.py:538} INFO - Filling up the DagBag from /home/airflow/.local/lib/python3.8/site-packages/airflow/example_dags/example_sensor_decorator.py
[2025-07-21T08:26:26.149+0000] {processor.py:840} INFO - DAG(s) 'example_sensor_decorator' retrieved from /home/airflow/.local/lib/python3.8/site-packages/airflow/example_dags/example_sensor_decorator.py
[2025-07-21T08:26:26.638+0000] {logging_mixin.py:188} INFO - [2025-07-21T08:26:26.638+0000] {dag.py:3036} INFO - Sync 1 DAGs
[2025-07-21T08:26:27.078+0000] {logging_mixin.py:188} INFO - [2025-07-21T08:26:27.069+0000] {dag.py:3823} INFO - Setting next_dagrun for example_sensor_decorator to None, run_after=None
[2025-07-21T08:26:27.449+0000] {processor.py:183} INFO - Processing /home/airflow/.local/lib/python3.8/site-packages/airflow/example_dags/example_sensor_decorator.py took 1.531 seconds
[2025-07-21T08:26:58.499+0000] {processor.py:161} INFO - Started process (PID=1079) to work on /home/airflow/.local/lib/python3.8/site-packages/airflow/example_dags/example_sensor_decorator.py
[2025-07-21T08:26:58.501+0000] {processor.py:830} INFO - Processing file /home/airflow/.local/lib/python3.8/site-packages/airflow/example_dags/example_sensor_decorator.py for tasks to queue
[2025-07-21T08:26:58.507+0000] {logging_mixin.py:188} INFO - [2025-07-21T08:26:58.505+0000] {dagbag.py:538} INFO - Filling up the DagBag from /home/airflow/.local/lib/python3.8/site-packages/airflow/example_dags/example_sensor_decorator.py
[2025-07-21T08:26:58.531+0000] {processor.py:840} INFO - DAG(s) 'example_sensor_decorator' retrieved from /home/airflow/.local/lib/python3.8/site-packages/airflow/example_dags/example_sensor_decorator.py
[2025-07-21T08:26:58.572+0000] {logging_mixin.py:188} INFO - [2025-07-21T08:26:58.572+0000] {dag.py:3036} INFO - Sync 1 DAGs
[2025-07-21T08:26:58.592+0000] {logging_mixin.py:188} INFO - [2025-07-21T08:26:58.592+0000] {dag.py:3823} INFO - Setting next_dagrun for example_sensor_decorator to None, run_after=None
[2025-07-21T08:26:58.631+0000] {processor.py:183} INFO - Processing /home/airflow/.local/lib/python3.8/site-packages/airflow/example_dags/example_sensor_decorator.py took 0.140 seconds
[2025-07-21T08:27:30.757+0000] {processor.py:161} INFO - Started process (PID=1135) to work on /home/airflow/.local/lib/python3.8/site-packages/airflow/example_dags/example_sensor_decorator.py
[2025-07-21T08:27:30.764+0000] {processor.py:830} INFO - Processing file /home/airflow/.local/lib/python3.8/site-packages/airflow/example_dags/example_sensor_decorator.py for tasks to queue
[2025-07-21T08:27:30.773+0000] {logging_mixin.py:188} INFO - [2025-07-21T08:27:30.771+0000] {dagbag.py:538} INFO - Filling up the DagBag from /home/airflow/.local/lib/python3.8/site-packages/airflow/example_dags/example_sensor_decorator.py
[2025-07-21T08:27:30.801+0000] {processor.py:840} INFO - DAG(s) 'example_sensor_decorator' retrieved from /home/airflow/.local/lib/python3.8/site-packages/airflow/example_dags/example_sensor_decorator.py
[2025-07-21T08:27:30.951+0000] {logging_mixin.py:188} INFO - [2025-07-21T08:27:30.950+0000] {dag.py:3036} INFO - Sync 1 DAGs
[2025-07-21T08:27:31.094+0000] {logging_mixin.py:188} INFO - [2025-07-21T08:27:31.094+0000] {dag.py:3823} INFO - Setting next_dagrun for example_sensor_decorator to None, run_after=None
[2025-07-21T08:27:31.356+0000] {processor.py:183} INFO - Processing /home/airflow/.local/lib/python3.8/site-packages/airflow/example_dags/example_sensor_decorator.py took 0.605 seconds
[2025-07-21T08:28:01.898+0000] {processor.py:161} INFO - Started process (PID=1188) to work on /home/airflow/.local/lib/python3.8/site-packages/airflow/example_dags/example_sensor_decorator.py
[2025-07-21T08:28:01.901+0000] {processor.py:830} INFO - Processing file /home/airflow/.local/lib/python3.8/site-packages/airflow/example_dags/example_sensor_decorator.py for tasks to queue
[2025-07-21T08:28:01.907+0000] {logging_mixin.py:188} INFO - [2025-07-21T08:28:01.906+0000] {dagbag.py:538} INFO - Filling up the DagBag from /home/airflow/.local/lib/python3.8/site-packages/airflow/example_dags/example_sensor_decorator.py
[2025-07-21T08:28:01.933+0000] {processor.py:840} INFO - DAG(s) 'example_sensor_decorator' retrieved from /home/airflow/.local/lib/python3.8/site-packages/airflow/example_dags/example_sensor_decorator.py
[2025-07-21T08:28:01.998+0000] {logging_mixin.py:188} INFO - [2025-07-21T08:28:01.997+0000] {dag.py:3036} INFO - Sync 1 DAGs
[2025-07-21T08:28:02.037+0000] {logging_mixin.py:188} INFO - [2025-07-21T08:28:02.037+0000] {dag.py:3823} INFO - Setting next_dagrun for example_sensor_decorator to None, run_after=None
[2025-07-21T08:28:02.088+0000] {processor.py:183} INFO - Processing /home/airflow/.local/lib/python3.8/site-packages/airflow/example_dags/example_sensor_decorator.py took 0.203 seconds
[2025-07-21T08:28:32.868+0000] {processor.py:161} INFO - Started process (PID=1243) to work on /home/airflow/.local/lib/python3.8/site-packages/airflow/example_dags/example_sensor_decorator.py
[2025-07-21T08:28:32.882+0000] {processor.py:830} INFO - Processing file /home/airflow/.local/lib/python3.8/site-packages/airflow/example_dags/example_sensor_decorator.py for tasks to queue
[2025-07-21T08:28:32.897+0000] {logging_mixin.py:188} INFO - [2025-07-21T08:28:32.897+0000] {dagbag.py:538} INFO - Filling up the DagBag from /home/airflow/.local/lib/python3.8/site-packages/airflow/example_dags/example_sensor_decorator.py
[2025-07-21T08:28:32.964+0000] {processor.py:840} INFO - DAG(s) 'example_sensor_decorator' retrieved from /home/airflow/.local/lib/python3.8/site-packages/airflow/example_dags/example_sensor_decorator.py
[2025-07-21T08:28:33.101+0000] {logging_mixin.py:188} INFO - [2025-07-21T08:28:33.100+0000] {dag.py:3036} INFO - Sync 1 DAGs
[2025-07-21T08:28:33.178+0000] {logging_mixin.py:188} INFO - [2025-07-21T08:28:33.177+0000] {dag.py:3823} INFO - Setting next_dagrun for example_sensor_decorator to None, run_after=None
[2025-07-21T08:28:33.266+0000] {processor.py:183} INFO - Processing /home/airflow/.local/lib/python3.8/site-packages/airflow/example_dags/example_sensor_decorator.py took 0.424 seconds
[2025-07-21T08:29:03.987+0000] {processor.py:161} INFO - Started process (PID=1298) to work on /home/airflow/.local/lib/python3.8/site-packages/airflow/example_dags/example_sensor_decorator.py
[2025-07-21T08:29:03.995+0000] {processor.py:830} INFO - Processing file /home/airflow/.local/lib/python3.8/site-packages/airflow/example_dags/example_sensor_decorator.py for tasks to queue
[2025-07-21T08:29:04.019+0000] {logging_mixin.py:188} INFO - [2025-07-21T08:29:04.012+0000] {dagbag.py:538} INFO - Filling up the DagBag from /home/airflow/.local/lib/python3.8/site-packages/airflow/example_dags/example_sensor_decorator.py
[2025-07-21T08:29:04.082+0000] {processor.py:840} INFO - DAG(s) 'example_sensor_decorator' retrieved from /home/airflow/.local/lib/python3.8/site-packages/airflow/example_dags/example_sensor_decorator.py
[2025-07-21T08:29:04.167+0000] {logging_mixin.py:188} INFO - [2025-07-21T08:29:04.167+0000] {dag.py:3036} INFO - Sync 1 DAGs
[2025-07-21T08:29:04.196+0000] {logging_mixin.py:188} INFO - [2025-07-21T08:29:04.195+0000] {dag.py:3823} INFO - Setting next_dagrun for example_sensor_decorator to None, run_after=None
[2025-07-21T08:29:04.302+0000] {processor.py:183} INFO - Processing /home/airflow/.local/lib/python3.8/site-packages/airflow/example_dags/example_sensor_decorator.py took 0.324 seconds
[2025-07-21T08:29:36.430+0000] {processor.py:161} INFO - Started process (PID=1355) to work on /home/airflow/.local/lib/python3.8/site-packages/airflow/example_dags/example_sensor_decorator.py
[2025-07-21T08:29:36.449+0000] {processor.py:830} INFO - Processing file /home/airflow/.local/lib/python3.8/site-packages/airflow/example_dags/example_sensor_decorator.py for tasks to queue
[2025-07-21T08:29:36.464+0000] {logging_mixin.py:188} INFO - [2025-07-21T08:29:36.464+0000] {dagbag.py:538} INFO - Filling up the DagBag from /home/airflow/.local/lib/python3.8/site-packages/airflow/example_dags/example_sensor_decorator.py
[2025-07-21T08:29:36.501+0000] {processor.py:840} INFO - DAG(s) 'example_sensor_decorator' retrieved from /home/airflow/.local/lib/python3.8/site-packages/airflow/example_dags/example_sensor_decorator.py
[2025-07-21T08:29:36.637+0000] {logging_mixin.py:188} INFO - [2025-07-21T08:29:36.636+0000] {dag.py:3036} INFO - Sync 1 DAGs
[2025-07-21T08:29:36.779+0000] {logging_mixin.py:188} INFO - [2025-07-21T08:29:36.779+0000] {dag.py:3823} INFO - Setting next_dagrun for example_sensor_decorator to None, run_after=None
[2025-07-21T08:29:36.976+0000] {processor.py:183} INFO - Processing /home/airflow/.local/lib/python3.8/site-packages/airflow/example_dags/example_sensor_decorator.py took 0.559 seconds
[2025-07-21T08:30:08.822+0000] {processor.py:161} INFO - Started process (PID=1410) to work on /home/airflow/.local/lib/python3.8/site-packages/airflow/example_dags/example_sensor_decorator.py
[2025-07-21T08:30:08.833+0000] {processor.py:830} INFO - Processing file /home/airflow/.local/lib/python3.8/site-packages/airflow/example_dags/example_sensor_decorator.py for tasks to queue
[2025-07-21T08:30:08.841+0000] {logging_mixin.py:188} INFO - [2025-07-21T08:30:08.840+0000] {dagbag.py:538} INFO - Filling up the DagBag from /home/airflow/.local/lib/python3.8/site-packages/airflow/example_dags/example_sensor_decorator.py
[2025-07-21T08:30:08.879+0000] {processor.py:840} INFO - DAG(s) 'example_sensor_decorator' retrieved from /home/airflow/.local/lib/python3.8/site-packages/airflow/example_dags/example_sensor_decorator.py
[2025-07-21T08:30:09.010+0000] {logging_mixin.py:188} INFO - [2025-07-21T08:30:09.010+0000] {dag.py:3036} INFO - Sync 1 DAGs
[2025-07-21T08:30:09.056+0000] {logging_mixin.py:188} INFO - [2025-07-21T08:30:09.055+0000] {dag.py:3823} INFO - Setting next_dagrun for example_sensor_decorator to None, run_after=None
[2025-07-21T08:30:09.174+0000] {processor.py:183} INFO - Processing /home/airflow/.local/lib/python3.8/site-packages/airflow/example_dags/example_sensor_decorator.py took 0.403 seconds
[2025-07-21T08:30:39.925+0000] {processor.py:161} INFO - Started process (PID=1464) to work on /home/airflow/.local/lib/python3.8/site-packages/airflow/example_dags/example_sensor_decorator.py
[2025-07-21T08:30:39.927+0000] {processor.py:830} INFO - Processing file /home/airflow/.local/lib/python3.8/site-packages/airflow/example_dags/example_sensor_decorator.py for tasks to queue
[2025-07-21T08:30:39.940+0000] {logging_mixin.py:188} INFO - [2025-07-21T08:30:39.931+0000] {dagbag.py:538} INFO - Filling up the DagBag from /home/airflow/.local/lib/python3.8/site-packages/airflow/example_dags/example_sensor_decorator.py
[2025-07-21T08:30:39.960+0000] {processor.py:840} INFO - DAG(s) 'example_sensor_decorator' retrieved from /home/airflow/.local/lib/python3.8/site-packages/airflow/example_dags/example_sensor_decorator.py
[2025-07-21T08:30:40.092+0000] {logging_mixin.py:188} INFO - [2025-07-21T08:30:40.079+0000] {dag.py:3036} INFO - Sync 1 DAGs
[2025-07-21T08:30:40.147+0000] {logging_mixin.py:188} INFO - [2025-07-21T08:30:40.147+0000] {dag.py:3823} INFO - Setting next_dagrun for example_sensor_decorator to None, run_after=None
[2025-07-21T08:30:40.235+0000] {processor.py:183} INFO - Processing /home/airflow/.local/lib/python3.8/site-packages/airflow/example_dags/example_sensor_decorator.py took 0.329 seconds
[2025-07-21T08:31:11.196+0000] {processor.py:161} INFO - Started process (PID=1520) to work on /home/airflow/.local/lib/python3.8/site-packages/airflow/example_dags/example_sensor_decorator.py
[2025-07-21T08:31:11.209+0000] {processor.py:830} INFO - Processing file /home/airflow/.local/lib/python3.8/site-packages/airflow/example_dags/example_sensor_decorator.py for tasks to queue
[2025-07-21T08:31:11.231+0000] {logging_mixin.py:188} INFO - [2025-07-21T08:31:11.230+0000] {dagbag.py:538} INFO - Filling up the DagBag from /home/airflow/.local/lib/python3.8/site-packages/airflow/example_dags/example_sensor_decorator.py
[2025-07-21T08:31:11.293+0000] {processor.py:840} INFO - DAG(s) 'example_sensor_decorator' retrieved from /home/airflow/.local/lib/python3.8/site-packages/airflow/example_dags/example_sensor_decorator.py
[2025-07-21T08:31:11.379+0000] {logging_mixin.py:188} INFO - [2025-07-21T08:31:11.378+0000] {dag.py:3036} INFO - Sync 1 DAGs
[2025-07-21T08:31:11.432+0000] {logging_mixin.py:188} INFO - [2025-07-21T08:31:11.432+0000] {dag.py:3823} INFO - Setting next_dagrun for example_sensor_decorator to None, run_after=None
[2025-07-21T08:31:11.565+0000] {processor.py:183} INFO - Processing /home/airflow/.local/lib/python3.8/site-packages/airflow/example_dags/example_sensor_decorator.py took 0.389 seconds
[2025-07-21T08:31:43.457+0000] {processor.py:161} INFO - Started process (PID=1575) to work on /home/airflow/.local/lib/python3.8/site-packages/airflow/example_dags/example_sensor_decorator.py
[2025-07-21T08:31:43.473+0000] {processor.py:830} INFO - Processing file /home/airflow/.local/lib/python3.8/site-packages/airflow/example_dags/example_sensor_decorator.py for tasks to queue
[2025-07-21T08:31:43.487+0000] {logging_mixin.py:188} INFO - [2025-07-21T08:31:43.486+0000] {dagbag.py:538} INFO - Filling up the DagBag from /home/airflow/.local/lib/python3.8/site-packages/airflow/example_dags/example_sensor_decorator.py
[2025-07-21T08:31:43.533+0000] {processor.py:840} INFO - DAG(s) 'example_sensor_decorator' retrieved from /home/airflow/.local/lib/python3.8/site-packages/airflow/example_dags/example_sensor_decorator.py
[2025-07-21T08:31:43.653+0000] {logging_mixin.py:188} INFO - [2025-07-21T08:31:43.653+0000] {dag.py:3036} INFO - Sync 1 DAGs
[2025-07-21T08:31:43.722+0000] {logging_mixin.py:188} INFO - [2025-07-21T08:31:43.721+0000] {dag.py:3823} INFO - Setting next_dagrun for example_sensor_decorator to None, run_after=None
[2025-07-21T08:31:43.845+0000] {processor.py:183} INFO - Processing /home/airflow/.local/lib/python3.8/site-packages/airflow/example_dags/example_sensor_decorator.py took 0.404 seconds
[2025-07-21T08:32:18.507+0000] {processor.py:161} INFO - Started process (PID=1630) to work on /home/airflow/.local/lib/python3.8/site-packages/airflow/example_dags/example_sensor_decorator.py
[2025-07-21T08:32:18.510+0000] {processor.py:830} INFO - Processing file /home/airflow/.local/lib/python3.8/site-packages/airflow/example_dags/example_sensor_decorator.py for tasks to queue
[2025-07-21T08:32:18.523+0000] {logging_mixin.py:188} INFO - [2025-07-21T08:32:18.522+0000] {dagbag.py:538} INFO - Filling up the DagBag from /home/airflow/.local/lib/python3.8/site-packages/airflow/example_dags/example_sensor_decorator.py
[2025-07-21T08:32:18.580+0000] {processor.py:840} INFO - DAG(s) 'example_sensor_decorator' retrieved from /home/airflow/.local/lib/python3.8/site-packages/airflow/example_dags/example_sensor_decorator.py
[2025-07-21T08:32:18.681+0000] {logging_mixin.py:188} INFO - [2025-07-21T08:32:18.681+0000] {dag.py:3036} INFO - Sync 1 DAGs
[2025-07-21T08:32:18.714+0000] {logging_mixin.py:188} INFO - [2025-07-21T08:32:18.713+0000] {dag.py:3823} INFO - Setting next_dagrun for example_sensor_decorator to None, run_after=None
[2025-07-21T08:32:18.789+0000] {processor.py:183} INFO - Processing /home/airflow/.local/lib/python3.8/site-packages/airflow/example_dags/example_sensor_decorator.py took 0.290 seconds
[2025-07-21T08:32:55.163+0000] {processor.py:161} INFO - Started process (PID=1688) to work on /home/airflow/.local/lib/python3.8/site-packages/airflow/example_dags/example_sensor_decorator.py
[2025-07-21T08:32:55.171+0000] {processor.py:830} INFO - Processing file /home/airflow/.local/lib/python3.8/site-packages/airflow/example_dags/example_sensor_decorator.py for tasks to queue
[2025-07-21T08:32:55.183+0000] {logging_mixin.py:188} INFO - [2025-07-21T08:32:55.174+0000] {dagbag.py:538} INFO - Filling up the DagBag from /home/airflow/.local/lib/python3.8/site-packages/airflow/example_dags/example_sensor_decorator.py
[2025-07-21T08:32:55.196+0000] {processor.py:840} INFO - DAG(s) 'example_sensor_decorator' retrieved from /home/airflow/.local/lib/python3.8/site-packages/airflow/example_dags/example_sensor_decorator.py
[2025-07-21T08:32:55.231+0000] {logging_mixin.py:188} INFO - [2025-07-21T08:32:55.230+0000] {dag.py:3036} INFO - Sync 1 DAGs
[2025-07-21T08:32:55.253+0000] {logging_mixin.py:188} INFO - [2025-07-21T08:32:55.253+0000] {dag.py:3823} INFO - Setting next_dagrun for example_sensor_decorator to None, run_after=None
[2025-07-21T08:32:55.308+0000] {processor.py:183} INFO - Processing /home/airflow/.local/lib/python3.8/site-packages/airflow/example_dags/example_sensor_decorator.py took 0.151 seconds
[2025-07-21T08:33:26.753+0000] {processor.py:161} INFO - Started process (PID=1743) to work on /home/airflow/.local/lib/python3.8/site-packages/airflow/example_dags/example_sensor_decorator.py
[2025-07-21T08:33:26.761+0000] {processor.py:830} INFO - Processing file /home/airflow/.local/lib/python3.8/site-packages/airflow/example_dags/example_sensor_decorator.py for tasks to queue
[2025-07-21T08:33:26.795+0000] {logging_mixin.py:188} INFO - [2025-07-21T08:33:26.794+0000] {dagbag.py:538} INFO - Filling up the DagBag from /home/airflow/.local/lib/python3.8/site-packages/airflow/example_dags/example_sensor_decorator.py
[2025-07-21T08:33:26.883+0000] {processor.py:840} INFO - DAG(s) 'example_sensor_decorator' retrieved from /home/airflow/.local/lib/python3.8/site-packages/airflow/example_dags/example_sensor_decorator.py
[2025-07-21T08:33:27.183+0000] {logging_mixin.py:188} INFO - [2025-07-21T08:33:27.180+0000] {dag.py:3036} INFO - Sync 1 DAGs
[2025-07-21T08:33:27.225+0000] {logging_mixin.py:188} INFO - [2025-07-21T08:33:27.225+0000] {dag.py:3823} INFO - Setting next_dagrun for example_sensor_decorator to None, run_after=None
[2025-07-21T08:33:27.369+0000] {processor.py:183} INFO - Processing /home/airflow/.local/lib/python3.8/site-packages/airflow/example_dags/example_sensor_decorator.py took 0.641 seconds
[2025-07-21T08:33:57.514+0000] {processor.py:161} INFO - Started process (PID=1803) to work on /home/airflow/.local/lib/python3.8/site-packages/airflow/example_dags/example_sensor_decorator.py
[2025-07-21T08:33:57.516+0000] {processor.py:830} INFO - Processing file /home/airflow/.local/lib/python3.8/site-packages/airflow/example_dags/example_sensor_decorator.py for tasks to queue
[2025-07-21T08:33:57.520+0000] {logging_mixin.py:188} INFO - [2025-07-21T08:33:57.519+0000] {dagbag.py:538} INFO - Filling up the DagBag from /home/airflow/.local/lib/python3.8/site-packages/airflow/example_dags/example_sensor_decorator.py
[2025-07-21T08:33:57.533+0000] {processor.py:840} INFO - DAG(s) 'example_sensor_decorator' retrieved from /home/airflow/.local/lib/python3.8/site-packages/airflow/example_dags/example_sensor_decorator.py
[2025-07-21T08:33:57.576+0000] {logging_mixin.py:188} INFO - [2025-07-21T08:33:57.576+0000] {dag.py:3036} INFO - Sync 1 DAGs
[2025-07-21T08:33:57.601+0000] {logging_mixin.py:188} INFO - [2025-07-21T08:33:57.600+0000] {dag.py:3823} INFO - Setting next_dagrun for example_sensor_decorator to None, run_after=None
[2025-07-21T08:33:57.707+0000] {processor.py:183} INFO - Processing /home/airflow/.local/lib/python3.8/site-packages/airflow/example_dags/example_sensor_decorator.py took 0.200 seconds
[2025-07-21T08:34:28.569+0000] {processor.py:161} INFO - Started process (PID=1858) to work on /home/airflow/.local/lib/python3.8/site-packages/airflow/example_dags/example_sensor_decorator.py
[2025-07-21T08:34:28.586+0000] {processor.py:830} INFO - Processing file /home/airflow/.local/lib/python3.8/site-packages/airflow/example_dags/example_sensor_decorator.py for tasks to queue
[2025-07-21T08:34:28.593+0000] {logging_mixin.py:188} INFO - [2025-07-21T08:34:28.592+0000] {dagbag.py:538} INFO - Filling up the DagBag from /home/airflow/.local/lib/python3.8/site-packages/airflow/example_dags/example_sensor_decorator.py
[2025-07-21T08:34:28.656+0000] {processor.py:840} INFO - DAG(s) 'example_sensor_decorator' retrieved from /home/airflow/.local/lib/python3.8/site-packages/airflow/example_dags/example_sensor_decorator.py
[2025-07-21T08:34:28.743+0000] {logging_mixin.py:188} INFO - [2025-07-21T08:34:28.743+0000] {dag.py:3036} INFO - Sync 1 DAGs
[2025-07-21T08:34:28.781+0000] {logging_mixin.py:188} INFO - [2025-07-21T08:34:28.781+0000] {dag.py:3823} INFO - Setting next_dagrun for example_sensor_decorator to None, run_after=None
[2025-07-21T08:34:29.008+0000] {processor.py:183} INFO - Processing /home/airflow/.local/lib/python3.8/site-packages/airflow/example_dags/example_sensor_decorator.py took 0.446 seconds
[2025-07-21T08:35:00.148+0000] {processor.py:161} INFO - Started process (PID=1914) to work on /home/airflow/.local/lib/python3.8/site-packages/airflow/example_dags/example_sensor_decorator.py
[2025-07-21T08:35:00.151+0000] {processor.py:830} INFO - Processing file /home/airflow/.local/lib/python3.8/site-packages/airflow/example_dags/example_sensor_decorator.py for tasks to queue
[2025-07-21T08:35:00.156+0000] {logging_mixin.py:188} INFO - [2025-07-21T08:35:00.155+0000] {dagbag.py:538} INFO - Filling up the DagBag from /home/airflow/.local/lib/python3.8/site-packages/airflow/example_dags/example_sensor_decorator.py
[2025-07-21T08:35:00.172+0000] {processor.py:840} INFO - DAG(s) 'example_sensor_decorator' retrieved from /home/airflow/.local/lib/python3.8/site-packages/airflow/example_dags/example_sensor_decorator.py
[2025-07-21T08:35:00.218+0000] {logging_mixin.py:188} INFO - [2025-07-21T08:35:00.218+0000] {dag.py:3036} INFO - Sync 1 DAGs
[2025-07-21T08:35:00.262+0000] {logging_mixin.py:188} INFO - [2025-07-21T08:35:00.262+0000] {dag.py:3823} INFO - Setting next_dagrun for example_sensor_decorator to None, run_after=None
[2025-07-21T08:35:00.386+0000] {processor.py:183} INFO - Processing /home/airflow/.local/lib/python3.8/site-packages/airflow/example_dags/example_sensor_decorator.py took 0.283 seconds
[2025-07-21T08:35:31.273+0000] {processor.py:161} INFO - Started process (PID=1969) to work on /home/airflow/.local/lib/python3.8/site-packages/airflow/example_dags/example_sensor_decorator.py
[2025-07-21T08:35:31.276+0000] {processor.py:830} INFO - Processing file /home/airflow/.local/lib/python3.8/site-packages/airflow/example_dags/example_sensor_decorator.py for tasks to queue
[2025-07-21T08:35:31.281+0000] {logging_mixin.py:188} INFO - [2025-07-21T08:35:31.280+0000] {dagbag.py:538} INFO - Filling up the DagBag from /home/airflow/.local/lib/python3.8/site-packages/airflow/example_dags/example_sensor_decorator.py
[2025-07-21T08:35:31.298+0000] {processor.py:840} INFO - DAG(s) 'example_sensor_decorator' retrieved from /home/airflow/.local/lib/python3.8/site-packages/airflow/example_dags/example_sensor_decorator.py
[2025-07-21T08:35:31.348+0000] {logging_mixin.py:188} INFO - [2025-07-21T08:35:31.347+0000] {dag.py:3036} INFO - Sync 1 DAGs
[2025-07-21T08:35:31.380+0000] {logging_mixin.py:188} INFO - [2025-07-21T08:35:31.380+0000] {dag.py:3823} INFO - Setting next_dagrun for example_sensor_decorator to None, run_after=None
[2025-07-21T08:35:31.431+0000] {processor.py:183} INFO - Processing /home/airflow/.local/lib/python3.8/site-packages/airflow/example_dags/example_sensor_decorator.py took 0.168 seconds
[2025-07-21T08:36:02.463+0000] {processor.py:161} INFO - Started process (PID=2024) to work on /home/airflow/.local/lib/python3.8/site-packages/airflow/example_dags/example_sensor_decorator.py
[2025-07-21T08:36:02.466+0000] {processor.py:830} INFO - Processing file /home/airflow/.local/lib/python3.8/site-packages/airflow/example_dags/example_sensor_decorator.py for tasks to queue
[2025-07-21T08:36:02.472+0000] {logging_mixin.py:188} INFO - [2025-07-21T08:36:02.471+0000] {dagbag.py:538} INFO - Filling up the DagBag from /home/airflow/.local/lib/python3.8/site-packages/airflow/example_dags/example_sensor_decorator.py
[2025-07-21T08:36:02.490+0000] {processor.py:840} INFO - DAG(s) 'example_sensor_decorator' retrieved from /home/airflow/.local/lib/python3.8/site-packages/airflow/example_dags/example_sensor_decorator.py
[2025-07-21T08:36:02.563+0000] {logging_mixin.py:188} INFO - [2025-07-21T08:36:02.562+0000] {dag.py:3036} INFO - Sync 1 DAGs
[2025-07-21T08:36:02.606+0000] {logging_mixin.py:188} INFO - [2025-07-21T08:36:02.605+0000] {dag.py:3823} INFO - Setting next_dagrun for example_sensor_decorator to None, run_after=None
[2025-07-21T08:36:02.654+0000] {processor.py:183} INFO - Processing /home/airflow/.local/lib/python3.8/site-packages/airflow/example_dags/example_sensor_decorator.py took 0.202 seconds
[2025-07-21T08:36:33.938+0000] {processor.py:161} INFO - Started process (PID=2079) to work on /home/airflow/.local/lib/python3.8/site-packages/airflow/example_dags/example_sensor_decorator.py
[2025-07-21T08:36:33.948+0000] {processor.py:830} INFO - Processing file /home/airflow/.local/lib/python3.8/site-packages/airflow/example_dags/example_sensor_decorator.py for tasks to queue
[2025-07-21T08:36:33.964+0000] {logging_mixin.py:188} INFO - [2025-07-21T08:36:33.963+0000] {dagbag.py:538} INFO - Filling up the DagBag from /home/airflow/.local/lib/python3.8/site-packages/airflow/example_dags/example_sensor_decorator.py
[2025-07-21T08:36:34.007+0000] {processor.py:840} INFO - DAG(s) 'example_sensor_decorator' retrieved from /home/airflow/.local/lib/python3.8/site-packages/airflow/example_dags/example_sensor_decorator.py
[2025-07-21T08:36:34.147+0000] {logging_mixin.py:188} INFO - [2025-07-21T08:36:34.147+0000] {dag.py:3036} INFO - Sync 1 DAGs
[2025-07-21T08:36:34.206+0000] {logging_mixin.py:188} INFO - [2025-07-21T08:36:34.206+0000] {dag.py:3823} INFO - Setting next_dagrun for example_sensor_decorator to None, run_after=None
[2025-07-21T08:36:34.312+0000] {processor.py:183} INFO - Processing /home/airflow/.local/lib/python3.8/site-packages/airflow/example_dags/example_sensor_decorator.py took 0.381 seconds
[2025-07-21T08:37:04.563+0000] {processor.py:161} INFO - Started process (PID=2133) to work on /home/airflow/.local/lib/python3.8/site-packages/airflow/example_dags/example_sensor_decorator.py
[2025-07-21T08:37:04.568+0000] {processor.py:830} INFO - Processing file /home/airflow/.local/lib/python3.8/site-packages/airflow/example_dags/example_sensor_decorator.py for tasks to queue
[2025-07-21T08:37:04.572+0000] {logging_mixin.py:188} INFO - [2025-07-21T08:37:04.571+0000] {dagbag.py:538} INFO - Filling up the DagBag from /home/airflow/.local/lib/python3.8/site-packages/airflow/example_dags/example_sensor_decorator.py
[2025-07-21T08:37:04.588+0000] {processor.py:840} INFO - DAG(s) 'example_sensor_decorator' retrieved from /home/airflow/.local/lib/python3.8/site-packages/airflow/example_dags/example_sensor_decorator.py
[2025-07-21T08:37:04.640+0000] {logging_mixin.py:188} INFO - [2025-07-21T08:37:04.639+0000] {dag.py:3036} INFO - Sync 1 DAGs
[2025-07-21T08:37:04.661+0000] {logging_mixin.py:188} INFO - [2025-07-21T08:37:04.661+0000] {dag.py:3823} INFO - Setting next_dagrun for example_sensor_decorator to None, run_after=None
[2025-07-21T08:37:04.693+0000] {processor.py:183} INFO - Processing /home/airflow/.local/lib/python3.8/site-packages/airflow/example_dags/example_sensor_decorator.py took 0.146 seconds
[2025-07-21T08:37:35.096+0000] {processor.py:161} INFO - Started process (PID=2189) to work on /home/airflow/.local/lib/python3.8/site-packages/airflow/example_dags/example_sensor_decorator.py
[2025-07-21T08:37:35.098+0000] {processor.py:830} INFO - Processing file /home/airflow/.local/lib/python3.8/site-packages/airflow/example_dags/example_sensor_decorator.py for tasks to queue
[2025-07-21T08:37:35.103+0000] {logging_mixin.py:188} INFO - [2025-07-21T08:37:35.102+0000] {dagbag.py:538} INFO - Filling up the DagBag from /home/airflow/.local/lib/python3.8/site-packages/airflow/example_dags/example_sensor_decorator.py
[2025-07-21T08:37:35.117+0000] {processor.py:840} INFO - DAG(s) 'example_sensor_decorator' retrieved from /home/airflow/.local/lib/python3.8/site-packages/airflow/example_dags/example_sensor_decorator.py
[2025-07-21T08:37:35.209+0000] {logging_mixin.py:188} INFO - [2025-07-21T08:37:35.209+0000] {dag.py:3036} INFO - Sync 1 DAGs
[2025-07-21T08:37:35.234+0000] {logging_mixin.py:188} INFO - [2025-07-21T08:37:35.233+0000] {dag.py:3823} INFO - Setting next_dagrun for example_sensor_decorator to None, run_after=None
[2025-07-21T08:37:35.292+0000] {processor.py:183} INFO - Processing /home/airflow/.local/lib/python3.8/site-packages/airflow/example_dags/example_sensor_decorator.py took 0.205 seconds
[2025-07-21T08:38:06.389+0000] {processor.py:161} INFO - Started process (PID=2243) to work on /home/airflow/.local/lib/python3.8/site-packages/airflow/example_dags/example_sensor_decorator.py
[2025-07-21T08:38:06.391+0000] {processor.py:830} INFO - Processing file /home/airflow/.local/lib/python3.8/site-packages/airflow/example_dags/example_sensor_decorator.py for tasks to queue
[2025-07-21T08:38:06.401+0000] {logging_mixin.py:188} INFO - [2025-07-21T08:38:06.399+0000] {dagbag.py:538} INFO - Filling up the DagBag from /home/airflow/.local/lib/python3.8/site-packages/airflow/example_dags/example_sensor_decorator.py
[2025-07-21T08:38:06.413+0000] {processor.py:840} INFO - DAG(s) 'example_sensor_decorator' retrieved from /home/airflow/.local/lib/python3.8/site-packages/airflow/example_dags/example_sensor_decorator.py
[2025-07-21T08:38:06.480+0000] {logging_mixin.py:188} INFO - [2025-07-21T08:38:06.480+0000] {dag.py:3036} INFO - Sync 1 DAGs
[2025-07-21T08:38:06.542+0000] {logging_mixin.py:188} INFO - [2025-07-21T08:38:06.541+0000] {dag.py:3823} INFO - Setting next_dagrun for example_sensor_decorator to None, run_after=None
[2025-07-21T08:38:06.585+0000] {processor.py:183} INFO - Processing /home/airflow/.local/lib/python3.8/site-packages/airflow/example_dags/example_sensor_decorator.py took 0.217 seconds
[2025-07-21T08:38:37.526+0000] {processor.py:161} INFO - Started process (PID=2298) to work on /home/airflow/.local/lib/python3.8/site-packages/airflow/example_dags/example_sensor_decorator.py
[2025-07-21T08:38:37.528+0000] {processor.py:830} INFO - Processing file /home/airflow/.local/lib/python3.8/site-packages/airflow/example_dags/example_sensor_decorator.py for tasks to queue
[2025-07-21T08:38:37.532+0000] {logging_mixin.py:188} INFO - [2025-07-21T08:38:37.531+0000] {dagbag.py:538} INFO - Filling up the DagBag from /home/airflow/.local/lib/python3.8/site-packages/airflow/example_dags/example_sensor_decorator.py
[2025-07-21T08:38:37.547+0000] {processor.py:840} INFO - DAG(s) 'example_sensor_decorator' retrieved from /home/airflow/.local/lib/python3.8/site-packages/airflow/example_dags/example_sensor_decorator.py
[2025-07-21T08:38:37.634+0000] {logging_mixin.py:188} INFO - [2025-07-21T08:38:37.633+0000] {dag.py:3036} INFO - Sync 1 DAGs
[2025-07-21T08:38:37.712+0000] {logging_mixin.py:188} INFO - [2025-07-21T08:38:37.711+0000] {dag.py:3823} INFO - Setting next_dagrun for example_sensor_decorator to None, run_after=None
[2025-07-21T08:38:37.892+0000] {processor.py:183} INFO - Processing /home/airflow/.local/lib/python3.8/site-packages/airflow/example_dags/example_sensor_decorator.py took 0.373 seconds
[2025-07-21T08:39:11.498+0000] {processor.py:161} INFO - Started process (PID=2352) to work on /home/airflow/.local/lib/python3.8/site-packages/airflow/example_dags/example_sensor_decorator.py
[2025-07-21T08:39:11.508+0000] {processor.py:830} INFO - Processing file /home/airflow/.local/lib/python3.8/site-packages/airflow/example_dags/example_sensor_decorator.py for tasks to queue
[2025-07-21T08:39:11.512+0000] {logging_mixin.py:188} INFO - [2025-07-21T08:39:11.512+0000] {dagbag.py:538} INFO - Filling up the DagBag from /home/airflow/.local/lib/python3.8/site-packages/airflow/example_dags/example_sensor_decorator.py
[2025-07-21T08:39:11.528+0000] {processor.py:840} INFO - DAG(s) 'example_sensor_decorator' retrieved from /home/airflow/.local/lib/python3.8/site-packages/airflow/example_dags/example_sensor_decorator.py
[2025-07-21T08:39:11.564+0000] {logging_mixin.py:188} INFO - [2025-07-21T08:39:11.563+0000] {dag.py:3036} INFO - Sync 1 DAGs
[2025-07-21T08:39:11.586+0000] {logging_mixin.py:188} INFO - [2025-07-21T08:39:11.585+0000] {dag.py:3823} INFO - Setting next_dagrun for example_sensor_decorator to None, run_after=None
[2025-07-21T08:39:11.620+0000] {processor.py:183} INFO - Processing /home/airflow/.local/lib/python3.8/site-packages/airflow/example_dags/example_sensor_decorator.py took 0.128 seconds
[2025-07-21T08:39:43.319+0000] {processor.py:161} INFO - Started process (PID=2407) to work on /home/airflow/.local/lib/python3.8/site-packages/airflow/example_dags/example_sensor_decorator.py
[2025-07-21T08:39:43.322+0000] {processor.py:830} INFO - Processing file /home/airflow/.local/lib/python3.8/site-packages/airflow/example_dags/example_sensor_decorator.py for tasks to queue
[2025-07-21T08:39:43.330+0000] {logging_mixin.py:188} INFO - [2025-07-21T08:39:43.329+0000] {dagbag.py:538} INFO - Filling up the DagBag from /home/airflow/.local/lib/python3.8/site-packages/airflow/example_dags/example_sensor_decorator.py
[2025-07-21T08:39:43.381+0000] {processor.py:840} INFO - DAG(s) 'example_sensor_decorator' retrieved from /home/airflow/.local/lib/python3.8/site-packages/airflow/example_dags/example_sensor_decorator.py
[2025-07-21T08:39:43.441+0000] {logging_mixin.py:188} INFO - [2025-07-21T08:39:43.441+0000] {dag.py:3036} INFO - Sync 1 DAGs
[2025-07-21T08:39:43.486+0000] {logging_mixin.py:188} INFO - [2025-07-21T08:39:43.485+0000] {dag.py:3823} INFO - Setting next_dagrun for example_sensor_decorator to None, run_after=None
[2025-07-21T08:39:43.661+0000] {processor.py:183} INFO - Processing /home/airflow/.local/lib/python3.8/site-packages/airflow/example_dags/example_sensor_decorator.py took 0.386 seconds
[2025-07-21T08:40:14.353+0000] {processor.py:161} INFO - Started process (PID=2462) to work on /home/airflow/.local/lib/python3.8/site-packages/airflow/example_dags/example_sensor_decorator.py
[2025-07-21T08:40:14.356+0000] {processor.py:830} INFO - Processing file /home/airflow/.local/lib/python3.8/site-packages/airflow/example_dags/example_sensor_decorator.py for tasks to queue
[2025-07-21T08:40:14.361+0000] {logging_mixin.py:188} INFO - [2025-07-21T08:40:14.360+0000] {dagbag.py:538} INFO - Filling up the DagBag from /home/airflow/.local/lib/python3.8/site-packages/airflow/example_dags/example_sensor_decorator.py
[2025-07-21T08:40:14.378+0000] {processor.py:840} INFO - DAG(s) 'example_sensor_decorator' retrieved from /home/airflow/.local/lib/python3.8/site-packages/airflow/example_dags/example_sensor_decorator.py
[2025-07-21T08:40:14.447+0000] {logging_mixin.py:188} INFO - [2025-07-21T08:40:14.446+0000] {dag.py:3036} INFO - Sync 1 DAGs
[2025-07-21T08:40:14.509+0000] {logging_mixin.py:188} INFO - [2025-07-21T08:40:14.509+0000] {dag.py:3823} INFO - Setting next_dagrun for example_sensor_decorator to None, run_after=None
[2025-07-21T08:40:14.613+0000] {processor.py:183} INFO - Processing /home/airflow/.local/lib/python3.8/site-packages/airflow/example_dags/example_sensor_decorator.py took 0.271 seconds
[2025-07-21T08:40:44.829+0000] {processor.py:161} INFO - Started process (PID=2515) to work on /home/airflow/.local/lib/python3.8/site-packages/airflow/example_dags/example_sensor_decorator.py
[2025-07-21T08:40:44.832+0000] {processor.py:830} INFO - Processing file /home/airflow/.local/lib/python3.8/site-packages/airflow/example_dags/example_sensor_decorator.py for tasks to queue
[2025-07-21T08:40:44.838+0000] {logging_mixin.py:188} INFO - [2025-07-21T08:40:44.837+0000] {dagbag.py:538} INFO - Filling up the DagBag from /home/airflow/.local/lib/python3.8/site-packages/airflow/example_dags/example_sensor_decorator.py
[2025-07-21T08:40:44.860+0000] {processor.py:840} INFO - DAG(s) 'example_sensor_decorator' retrieved from /home/airflow/.local/lib/python3.8/site-packages/airflow/example_dags/example_sensor_decorator.py
[2025-07-21T08:40:44.921+0000] {logging_mixin.py:188} INFO - [2025-07-21T08:40:44.919+0000] {dag.py:3036} INFO - Sync 1 DAGs
[2025-07-21T08:40:44.960+0000] {logging_mixin.py:188} INFO - [2025-07-21T08:40:44.959+0000] {dag.py:3823} INFO - Setting next_dagrun for example_sensor_decorator to None, run_after=None
[2025-07-21T08:40:45.013+0000] {processor.py:183} INFO - Processing /home/airflow/.local/lib/python3.8/site-packages/airflow/example_dags/example_sensor_decorator.py took 0.196 seconds
[2025-07-21T08:41:15.888+0000] {processor.py:161} INFO - Started process (PID=2570) to work on /home/airflow/.local/lib/python3.8/site-packages/airflow/example_dags/example_sensor_decorator.py
[2025-07-21T08:41:15.890+0000] {processor.py:830} INFO - Processing file /home/airflow/.local/lib/python3.8/site-packages/airflow/example_dags/example_sensor_decorator.py for tasks to queue
[2025-07-21T08:41:15.904+0000] {logging_mixin.py:188} INFO - [2025-07-21T08:41:15.903+0000] {dagbag.py:538} INFO - Filling up the DagBag from /home/airflow/.local/lib/python3.8/site-packages/airflow/example_dags/example_sensor_decorator.py
[2025-07-21T08:41:15.930+0000] {processor.py:840} INFO - DAG(s) 'example_sensor_decorator' retrieved from /home/airflow/.local/lib/python3.8/site-packages/airflow/example_dags/example_sensor_decorator.py
[2025-07-21T08:41:16.445+0000] {logging_mixin.py:188} INFO - [2025-07-21T08:41:16.444+0000] {dag.py:3036} INFO - Sync 1 DAGs
[2025-07-21T08:41:16.471+0000] {logging_mixin.py:188} INFO - [2025-07-21T08:41:16.470+0000] {dag.py:3823} INFO - Setting next_dagrun for example_sensor_decorator to None, run_after=None
[2025-07-21T08:41:16.518+0000] {processor.py:183} INFO - Processing /home/airflow/.local/lib/python3.8/site-packages/airflow/example_dags/example_sensor_decorator.py took 0.641 seconds
[2025-07-21T08:41:46.977+0000] {processor.py:161} INFO - Started process (PID=2625) to work on /home/airflow/.local/lib/python3.8/site-packages/airflow/example_dags/example_sensor_decorator.py
[2025-07-21T08:41:46.981+0000] {processor.py:830} INFO - Processing file /home/airflow/.local/lib/python3.8/site-packages/airflow/example_dags/example_sensor_decorator.py for tasks to queue
[2025-07-21T08:41:46.988+0000] {logging_mixin.py:188} INFO - [2025-07-21T08:41:46.987+0000] {dagbag.py:538} INFO - Filling up the DagBag from /home/airflow/.local/lib/python3.8/site-packages/airflow/example_dags/example_sensor_decorator.py
[2025-07-21T08:41:47.012+0000] {processor.py:840} INFO - DAG(s) 'example_sensor_decorator' retrieved from /home/airflow/.local/lib/python3.8/site-packages/airflow/example_dags/example_sensor_decorator.py
[2025-07-21T08:41:47.112+0000] {logging_mixin.py:188} INFO - [2025-07-21T08:41:47.112+0000] {dag.py:3036} INFO - Sync 1 DAGs
[2025-07-21T08:41:47.157+0000] {logging_mixin.py:188} INFO - [2025-07-21T08:41:47.156+0000] {dag.py:3823} INFO - Setting next_dagrun for example_sensor_decorator to None, run_after=None
[2025-07-21T08:41:47.223+0000] {processor.py:183} INFO - Processing /home/airflow/.local/lib/python3.8/site-packages/airflow/example_dags/example_sensor_decorator.py took 0.255 seconds
[2025-07-21T08:42:18.322+0000] {processor.py:161} INFO - Started process (PID=2680) to work on /home/airflow/.local/lib/python3.8/site-packages/airflow/example_dags/example_sensor_decorator.py
[2025-07-21T08:42:18.324+0000] {processor.py:830} INFO - Processing file /home/airflow/.local/lib/python3.8/site-packages/airflow/example_dags/example_sensor_decorator.py for tasks to queue
[2025-07-21T08:42:18.328+0000] {logging_mixin.py:188} INFO - [2025-07-21T08:42:18.328+0000] {dagbag.py:538} INFO - Filling up the DagBag from /home/airflow/.local/lib/python3.8/site-packages/airflow/example_dags/example_sensor_decorator.py
[2025-07-21T08:42:18.346+0000] {processor.py:840} INFO - DAG(s) 'example_sensor_decorator' retrieved from /home/airflow/.local/lib/python3.8/site-packages/airflow/example_dags/example_sensor_decorator.py
[2025-07-21T08:42:18.417+0000] {logging_mixin.py:188} INFO - [2025-07-21T08:42:18.416+0000] {dag.py:3036} INFO - Sync 1 DAGs
[2025-07-21T08:42:18.460+0000] {logging_mixin.py:188} INFO - [2025-07-21T08:42:18.459+0000] {dag.py:3823} INFO - Setting next_dagrun for example_sensor_decorator to None, run_after=None
[2025-07-21T08:42:18.544+0000] {processor.py:183} INFO - Processing /home/airflow/.local/lib/python3.8/site-packages/airflow/example_dags/example_sensor_decorator.py took 0.240 seconds
[2025-07-21T08:42:48.975+0000] {processor.py:161} INFO - Started process (PID=2735) to work on /home/airflow/.local/lib/python3.8/site-packages/airflow/example_dags/example_sensor_decorator.py
[2025-07-21T08:42:48.978+0000] {processor.py:830} INFO - Processing file /home/airflow/.local/lib/python3.8/site-packages/airflow/example_dags/example_sensor_decorator.py for tasks to queue
[2025-07-21T08:42:48.998+0000] {logging_mixin.py:188} INFO - [2025-07-21T08:42:48.997+0000] {dagbag.py:538} INFO - Filling up the DagBag from /home/airflow/.local/lib/python3.8/site-packages/airflow/example_dags/example_sensor_decorator.py
[2025-07-21T08:42:49.014+0000] {processor.py:840} INFO - DAG(s) 'example_sensor_decorator' retrieved from /home/airflow/.local/lib/python3.8/site-packages/airflow/example_dags/example_sensor_decorator.py
[2025-07-21T08:42:49.105+0000] {logging_mixin.py:188} INFO - [2025-07-21T08:42:49.105+0000] {dag.py:3036} INFO - Sync 1 DAGs
[2025-07-21T08:42:49.136+0000] {logging_mixin.py:188} INFO - [2025-07-21T08:42:49.136+0000] {dag.py:3823} INFO - Setting next_dagrun for example_sensor_decorator to None, run_after=None
[2025-07-21T08:42:49.192+0000] {processor.py:183} INFO - Processing /home/airflow/.local/lib/python3.8/site-packages/airflow/example_dags/example_sensor_decorator.py took 0.227 seconds
[2025-07-21T08:43:20.127+0000] {processor.py:161} INFO - Started process (PID=2790) to work on /home/airflow/.local/lib/python3.8/site-packages/airflow/example_dags/example_sensor_decorator.py
[2025-07-21T08:43:20.131+0000] {processor.py:830} INFO - Processing file /home/airflow/.local/lib/python3.8/site-packages/airflow/example_dags/example_sensor_decorator.py for tasks to queue
[2025-07-21T08:43:20.136+0000] {logging_mixin.py:188} INFO - [2025-07-21T08:43:20.136+0000] {dagbag.py:538} INFO - Filling up the DagBag from /home/airflow/.local/lib/python3.8/site-packages/airflow/example_dags/example_sensor_decorator.py
[2025-07-21T08:43:20.155+0000] {processor.py:840} INFO - DAG(s) 'example_sensor_decorator' retrieved from /home/airflow/.local/lib/python3.8/site-packages/airflow/example_dags/example_sensor_decorator.py
[2025-07-21T08:43:20.298+0000] {logging_mixin.py:188} INFO - [2025-07-21T08:43:20.297+0000] {dag.py:3036} INFO - Sync 1 DAGs
[2025-07-21T08:43:20.350+0000] {logging_mixin.py:188} INFO - [2025-07-21T08:43:20.349+0000] {dag.py:3823} INFO - Setting next_dagrun for example_sensor_decorator to None, run_after=None
[2025-07-21T08:43:20.435+0000] {processor.py:183} INFO - Processing /home/airflow/.local/lib/python3.8/site-packages/airflow/example_dags/example_sensor_decorator.py took 0.320 seconds
[2025-07-21T08:43:51.532+0000] {processor.py:161} INFO - Started process (PID=2845) to work on /home/airflow/.local/lib/python3.8/site-packages/airflow/example_dags/example_sensor_decorator.py
[2025-07-21T08:43:51.535+0000] {processor.py:830} INFO - Processing file /home/airflow/.local/lib/python3.8/site-packages/airflow/example_dags/example_sensor_decorator.py for tasks to queue
[2025-07-21T08:43:51.545+0000] {logging_mixin.py:188} INFO - [2025-07-21T08:43:51.543+0000] {dagbag.py:538} INFO - Filling up the DagBag from /home/airflow/.local/lib/python3.8/site-packages/airflow/example_dags/example_sensor_decorator.py
[2025-07-21T08:43:51.566+0000] {processor.py:840} INFO - DAG(s) 'example_sensor_decorator' retrieved from /home/airflow/.local/lib/python3.8/site-packages/airflow/example_dags/example_sensor_decorator.py
[2025-07-21T08:43:51.631+0000] {logging_mixin.py:188} INFO - [2025-07-21T08:43:51.631+0000] {dag.py:3036} INFO - Sync 1 DAGs
[2025-07-21T08:43:51.670+0000] {logging_mixin.py:188} INFO - [2025-07-21T08:43:51.670+0000] {dag.py:3823} INFO - Setting next_dagrun for example_sensor_decorator to None, run_after=None
[2025-07-21T08:43:51.719+0000] {processor.py:183} INFO - Processing /home/airflow/.local/lib/python3.8/site-packages/airflow/example_dags/example_sensor_decorator.py took 0.198 seconds
