[2025-07-21T08:14:55.560+0000] {processor.py:161} INFO - Started process (PID=105) to work on /home/airflow/.local/lib/python3.8/site-packages/airflow/example_dags/example_xcom.py
[2025-07-21T08:14:55.590+0000] {processor.py:830} INFO - Processing file /home/airflow/.local/lib/python3.8/site-packages/airflow/example_dags/example_xcom.py for tasks to queue
[2025-07-21T08:14:55.607+0000] {logging_mixin.py:188} INFO - [2025-07-21T08:14:55.607+0000] {dagbag.py:538} INFO - Filling up the DagBag from /home/airflow/.local/lib/python3.8/site-packages/airflow/example_dags/example_xcom.py
[2025-07-21T08:14:55.653+0000] {processor.py:840} INFO - DAG(s) 'example_xcom' retrieved from /home/airflow/.local/lib/python3.8/site-packages/airflow/example_dags/example_xcom.py
[2025-07-21T08:14:55.743+0000] {logging_mixin.py:188} INFO - [2025-07-21T08:14:55.743+0000] {dag.py:3036} INFO - Sync 1 DAGs
[2025-07-21T08:14:55.820+0000] {logging_mixin.py:188} INFO - [2025-07-21T08:14:55.819+0000] {dag.py:3823} INFO - Setting next_dagrun for example_xcom to 2021-01-01 00:00:00+00:00, run_after=2021-01-01 00:00:00+00:00
[2025-07-21T08:14:55.909+0000] {processor.py:183} INFO - Processing /home/airflow/.local/lib/python3.8/site-packages/airflow/example_dags/example_xcom.py took 0.461 seconds
[2025-07-21T08:15:28.327+0000] {processor.py:161} INFO - Started process (PID=161) to work on /home/airflow/.local/lib/python3.8/site-packages/airflow/example_dags/example_xcom.py
[2025-07-21T08:15:28.341+0000] {processor.py:830} INFO - Processing file /home/airflow/.local/lib/python3.8/site-packages/airflow/example_dags/example_xcom.py for tasks to queue
[2025-07-21T08:15:28.355+0000] {logging_mixin.py:188} INFO - [2025-07-21T08:15:28.344+0000] {dagbag.py:538} INFO - Filling up the DagBag from /home/airflow/.local/lib/python3.8/site-packages/airflow/example_dags/example_xcom.py
[2025-07-21T08:15:28.416+0000] {processor.py:840} INFO - DAG(s) 'example_xcom' retrieved from /home/airflow/.local/lib/python3.8/site-packages/airflow/example_dags/example_xcom.py
[2025-07-21T08:15:28.668+0000] {logging_mixin.py:188} INFO - [2025-07-21T08:15:28.667+0000] {dag.py:3036} INFO - Sync 1 DAGs
[2025-07-21T08:15:28.933+0000] {logging_mixin.py:188} INFO - [2025-07-21T08:15:28.933+0000] {dag.py:3823} INFO - Setting next_dagrun for example_xcom to 2021-01-01 00:00:00+00:00, run_after=2021-01-01 00:00:00+00:00
[2025-07-21T08:15:29.133+0000] {processor.py:183} INFO - Processing /home/airflow/.local/lib/python3.8/site-packages/airflow/example_dags/example_xcom.py took 0.836 seconds
[2025-07-21T08:16:16.231+0000] {processor.py:161} INFO - Started process (PID=225) to work on /home/airflow/.local/lib/python3.8/site-packages/airflow/example_dags/example_xcom.py
[2025-07-21T08:16:16.253+0000] {processor.py:830} INFO - Processing file /home/airflow/.local/lib/python3.8/site-packages/airflow/example_dags/example_xcom.py for tasks to queue
[2025-07-21T08:16:16.282+0000] {logging_mixin.py:188} INFO - [2025-07-21T08:16:16.280+0000] {dagbag.py:538} INFO - Filling up the DagBag from /home/airflow/.local/lib/python3.8/site-packages/airflow/example_dags/example_xcom.py
[2025-07-21T08:16:16.340+0000] {processor.py:840} INFO - DAG(s) 'example_xcom' retrieved from /home/airflow/.local/lib/python3.8/site-packages/airflow/example_dags/example_xcom.py
[2025-07-21T08:16:16.489+0000] {logging_mixin.py:188} INFO - [2025-07-21T08:16:16.488+0000] {dag.py:3036} INFO - Sync 1 DAGs
[2025-07-21T08:16:16.601+0000] {logging_mixin.py:188} INFO - [2025-07-21T08:16:16.601+0000] {dag.py:3823} INFO - Setting next_dagrun for example_xcom to 2021-01-01 00:00:00+00:00, run_after=2021-01-01 00:00:00+00:00
[2025-07-21T08:16:16.693+0000] {processor.py:183} INFO - Processing /home/airflow/.local/lib/python3.8/site-packages/airflow/example_dags/example_xcom.py took 0.498 seconds
[2025-07-21T08:16:56.092+0000] {processor.py:161} INFO - Started process (PID=280) to work on /home/airflow/.local/lib/python3.8/site-packages/airflow/example_dags/example_xcom.py
[2025-07-21T08:16:56.094+0000] {processor.py:830} INFO - Processing file /home/airflow/.local/lib/python3.8/site-packages/airflow/example_dags/example_xcom.py for tasks to queue
[2025-07-21T08:16:56.106+0000] {logging_mixin.py:188} INFO - [2025-07-21T08:16:56.106+0000] {dagbag.py:538} INFO - Filling up the DagBag from /home/airflow/.local/lib/python3.8/site-packages/airflow/example_dags/example_xcom.py
[2025-07-21T08:16:56.158+0000] {processor.py:840} INFO - DAG(s) 'example_xcom' retrieved from /home/airflow/.local/lib/python3.8/site-packages/airflow/example_dags/example_xcom.py
[2025-07-21T08:16:56.498+0000] {logging_mixin.py:188} INFO - [2025-07-21T08:16:56.497+0000] {dag.py:3036} INFO - Sync 1 DAGs
[2025-07-21T08:16:56.772+0000] {logging_mixin.py:188} INFO - [2025-07-21T08:16:56.771+0000] {dag.py:3823} INFO - Setting next_dagrun for example_xcom to 2021-01-01 00:00:00+00:00, run_after=2021-01-01 00:00:00+00:00
[2025-07-21T08:16:57.397+0000] {processor.py:183} INFO - Processing /home/airflow/.local/lib/python3.8/site-packages/airflow/example_dags/example_xcom.py took 1.328 seconds
[2025-07-21T08:18:03.945+0000] {processor.py:161} INFO - Started process (PID=341) to work on /home/airflow/.local/lib/python3.8/site-packages/airflow/example_dags/example_xcom.py
[2025-07-21T08:18:04.089+0000] {processor.py:830} INFO - Processing file /home/airflow/.local/lib/python3.8/site-packages/airflow/example_dags/example_xcom.py for tasks to queue
[2025-07-21T08:18:04.203+0000] {logging_mixin.py:188} INFO - [2025-07-21T08:18:04.202+0000] {dagbag.py:538} INFO - Filling up the DagBag from /home/airflow/.local/lib/python3.8/site-packages/airflow/example_dags/example_xcom.py
[2025-07-21T08:18:04.719+0000] {processor.py:840} INFO - DAG(s) 'example_xcom' retrieved from /home/airflow/.local/lib/python3.8/site-packages/airflow/example_dags/example_xcom.py
[2025-07-21T08:18:05.257+0000] {logging_mixin.py:188} INFO - [2025-07-21T08:18:05.256+0000] {dag.py:3036} INFO - Sync 1 DAGs
[2025-07-21T08:18:05.590+0000] {logging_mixin.py:188} INFO - [2025-07-21T08:18:05.590+0000] {dag.py:3823} INFO - Setting next_dagrun for example_xcom to 2021-01-01 00:00:00+00:00, run_after=2021-01-01 00:00:00+00:00
[2025-07-21T08:18:05.682+0000] {processor.py:183} INFO - Processing /home/airflow/.local/lib/python3.8/site-packages/airflow/example_dags/example_xcom.py took 1.844 seconds
[2025-07-21T08:19:46.375+0000] {processor.py:161} INFO - Started process (PID=412) to work on /home/airflow/.local/lib/python3.8/site-packages/airflow/example_dags/example_xcom.py
[2025-07-21T08:19:46.420+0000] {processor.py:830} INFO - Processing file /home/airflow/.local/lib/python3.8/site-packages/airflow/example_dags/example_xcom.py for tasks to queue
[2025-07-21T08:19:46.437+0000] {logging_mixin.py:188} INFO - [2025-07-21T08:19:46.436+0000] {dagbag.py:538} INFO - Filling up the DagBag from /home/airflow/.local/lib/python3.8/site-packages/airflow/example_dags/example_xcom.py
[2025-07-21T08:19:46.650+0000] {processor.py:840} INFO - DAG(s) 'example_xcom' retrieved from /home/airflow/.local/lib/python3.8/site-packages/airflow/example_dags/example_xcom.py
[2025-07-21T08:19:49.204+0000] {logging_mixin.py:188} INFO - [2025-07-21T08:19:49.204+0000] {dag.py:3036} INFO - Sync 1 DAGs
[2025-07-21T08:19:49.529+0000] {logging_mixin.py:188} INFO - [2025-07-21T08:19:49.529+0000] {dag.py:3823} INFO - Setting next_dagrun for example_xcom to 2021-01-01 00:00:00+00:00, run_after=2021-01-01 00:00:00+00:00
[2025-07-21T08:19:50.078+0000] {processor.py:183} INFO - Processing /home/airflow/.local/lib/python3.8/site-packages/airflow/example_dags/example_xcom.py took 3.736 seconds
[2025-07-21T08:20:21.066+0000] {processor.py:161} INFO - Started process (PID=473) to work on /home/airflow/.local/lib/python3.8/site-packages/airflow/example_dags/example_xcom.py
[2025-07-21T08:20:21.130+0000] {processor.py:830} INFO - Processing file /home/airflow/.local/lib/python3.8/site-packages/airflow/example_dags/example_xcom.py for tasks to queue
[2025-07-21T08:20:21.161+0000] {logging_mixin.py:188} INFO - [2025-07-21T08:20:21.160+0000] {dagbag.py:538} INFO - Filling up the DagBag from /home/airflow/.local/lib/python3.8/site-packages/airflow/example_dags/example_xcom.py
[2025-07-21T08:20:21.405+0000] {processor.py:840} INFO - DAG(s) 'example_xcom' retrieved from /home/airflow/.local/lib/python3.8/site-packages/airflow/example_dags/example_xcom.py
[2025-07-21T08:20:22.214+0000] {logging_mixin.py:188} INFO - [2025-07-21T08:20:22.214+0000] {dag.py:3036} INFO - Sync 1 DAGs
[2025-07-21T08:20:22.658+0000] {logging_mixin.py:188} INFO - [2025-07-21T08:20:22.657+0000] {dag.py:3823} INFO - Setting next_dagrun for example_xcom to 2021-01-01 00:00:00+00:00, run_after=2021-01-01 00:00:00+00:00
[2025-07-21T08:20:23.266+0000] {processor.py:183} INFO - Processing /home/airflow/.local/lib/python3.8/site-packages/airflow/example_dags/example_xcom.py took 2.233 seconds
[2025-07-21T08:21:15.122+0000] {processor.py:161} INFO - Started process (PID=521) to work on /home/airflow/.local/lib/python3.8/site-packages/airflow/example_dags/example_xcom.py
[2025-07-21T08:21:15.138+0000] {processor.py:830} INFO - Processing file /home/airflow/.local/lib/python3.8/site-packages/airflow/example_dags/example_xcom.py for tasks to queue
[2025-07-21T08:21:15.191+0000] {logging_mixin.py:188} INFO - [2025-07-21T08:21:15.190+0000] {dagbag.py:538} INFO - Filling up the DagBag from /home/airflow/.local/lib/python3.8/site-packages/airflow/example_dags/example_xcom.py
[2025-07-21T08:21:15.369+0000] {processor.py:840} INFO - DAG(s) 'example_xcom' retrieved from /home/airflow/.local/lib/python3.8/site-packages/airflow/example_dags/example_xcom.py
[2025-07-21T08:21:15.752+0000] {logging_mixin.py:188} INFO - [2025-07-21T08:21:15.751+0000] {dag.py:3036} INFO - Sync 1 DAGs
[2025-07-21T08:21:16.231+0000] {logging_mixin.py:188} INFO - [2025-07-21T08:21:16.230+0000] {dag.py:3823} INFO - Setting next_dagrun for example_xcom to 2021-01-01 00:00:00+00:00, run_after=2021-01-01 00:00:00+00:00
[2025-07-21T08:21:16.616+0000] {processor.py:183} INFO - Processing /home/airflow/.local/lib/python3.8/site-packages/airflow/example_dags/example_xcom.py took 1.529 seconds
[2025-07-21T08:21:47.142+0000] {processor.py:161} INFO - Started process (PID=576) to work on /home/airflow/.local/lib/python3.8/site-packages/airflow/example_dags/example_xcom.py
[2025-07-21T08:21:47.144+0000] {processor.py:830} INFO - Processing file /home/airflow/.local/lib/python3.8/site-packages/airflow/example_dags/example_xcom.py for tasks to queue
[2025-07-21T08:21:47.148+0000] {logging_mixin.py:188} INFO - [2025-07-21T08:21:47.148+0000] {dagbag.py:538} INFO - Filling up the DagBag from /home/airflow/.local/lib/python3.8/site-packages/airflow/example_dags/example_xcom.py
[2025-07-21T08:21:47.165+0000] {processor.py:840} INFO - DAG(s) 'example_xcom' retrieved from /home/airflow/.local/lib/python3.8/site-packages/airflow/example_dags/example_xcom.py
[2025-07-21T08:21:47.205+0000] {logging_mixin.py:188} INFO - [2025-07-21T08:21:47.205+0000] {dag.py:3036} INFO - Sync 1 DAGs
[2025-07-21T08:21:47.258+0000] {logging_mixin.py:188} INFO - [2025-07-21T08:21:47.251+0000] {dag.py:3823} INFO - Setting next_dagrun for example_xcom to 2021-01-01 00:00:00+00:00, run_after=2021-01-01 00:00:00+00:00
[2025-07-21T08:21:47.316+0000] {processor.py:183} INFO - Processing /home/airflow/.local/lib/python3.8/site-packages/airflow/example_dags/example_xcom.py took 0.182 seconds
[2025-07-21T08:22:32.654+0000] {processor.py:161} INFO - Started process (PID=636) to work on /home/airflow/.local/lib/python3.8/site-packages/airflow/example_dags/example_xcom.py
[2025-07-21T08:22:32.661+0000] {processor.py:830} INFO - Processing file /home/airflow/.local/lib/python3.8/site-packages/airflow/example_dags/example_xcom.py for tasks to queue
[2025-07-21T08:22:32.666+0000] {logging_mixin.py:188} INFO - [2025-07-21T08:22:32.666+0000] {dagbag.py:538} INFO - Filling up the DagBag from /home/airflow/.local/lib/python3.8/site-packages/airflow/example_dags/example_xcom.py
[2025-07-21T08:22:32.713+0000] {processor.py:840} INFO - DAG(s) 'example_xcom' retrieved from /home/airflow/.local/lib/python3.8/site-packages/airflow/example_dags/example_xcom.py
[2025-07-21T08:22:32.839+0000] {logging_mixin.py:188} INFO - [2025-07-21T08:22:32.838+0000] {dag.py:3036} INFO - Sync 1 DAGs
[2025-07-21T08:22:32.954+0000] {logging_mixin.py:188} INFO - [2025-07-21T08:22:32.953+0000] {dag.py:3823} INFO - Setting next_dagrun for example_xcom to 2021-01-01 00:00:00+00:00, run_after=2021-01-01 00:00:00+00:00
[2025-07-21T08:22:33.196+0000] {processor.py:183} INFO - Processing /home/airflow/.local/lib/python3.8/site-packages/airflow/example_dags/example_xcom.py took 0.562 seconds
[2025-07-21T08:23:14.587+0000] {processor.py:161} INFO - Started process (PID=698) to work on /home/airflow/.local/lib/python3.8/site-packages/airflow/example_dags/example_xcom.py
[2025-07-21T08:23:14.589+0000] {processor.py:830} INFO - Processing file /home/airflow/.local/lib/python3.8/site-packages/airflow/example_dags/example_xcom.py for tasks to queue
[2025-07-21T08:23:14.593+0000] {logging_mixin.py:188} INFO - [2025-07-21T08:23:14.592+0000] {dagbag.py:538} INFO - Filling up the DagBag from /home/airflow/.local/lib/python3.8/site-packages/airflow/example_dags/example_xcom.py
[2025-07-21T08:23:14.611+0000] {processor.py:840} INFO - DAG(s) 'example_xcom' retrieved from /home/airflow/.local/lib/python3.8/site-packages/airflow/example_dags/example_xcom.py
[2025-07-21T08:23:14.655+0000] {logging_mixin.py:188} INFO - [2025-07-21T08:23:14.654+0000] {dag.py:3036} INFO - Sync 1 DAGs
[2025-07-21T08:23:14.719+0000] {logging_mixin.py:188} INFO - [2025-07-21T08:23:14.707+0000] {dag.py:3823} INFO - Setting next_dagrun for example_xcom to 2021-01-01 00:00:00+00:00, run_after=2021-01-01 00:00:00+00:00
[2025-07-21T08:23:14.836+0000] {processor.py:183} INFO - Processing /home/airflow/.local/lib/python3.8/site-packages/airflow/example_dags/example_xcom.py took 0.260 seconds
[2025-07-21T08:23:48.298+0000] {processor.py:161} INFO - Started process (PID=754) to work on /home/airflow/.local/lib/python3.8/site-packages/airflow/example_dags/example_xcom.py
[2025-07-21T08:23:48.357+0000] {processor.py:830} INFO - Processing file /home/airflow/.local/lib/python3.8/site-packages/airflow/example_dags/example_xcom.py for tasks to queue
[2025-07-21T08:23:48.383+0000] {logging_mixin.py:188} INFO - [2025-07-21T08:23:48.382+0000] {dagbag.py:538} INFO - Filling up the DagBag from /home/airflow/.local/lib/python3.8/site-packages/airflow/example_dags/example_xcom.py
[2025-07-21T08:23:48.406+0000] {processor.py:840} INFO - DAG(s) 'example_xcom' retrieved from /home/airflow/.local/lib/python3.8/site-packages/airflow/example_dags/example_xcom.py
[2025-07-21T08:23:48.485+0000] {logging_mixin.py:188} INFO - [2025-07-21T08:23:48.484+0000] {dag.py:3036} INFO - Sync 1 DAGs
[2025-07-21T08:23:48.572+0000] {logging_mixin.py:188} INFO - [2025-07-21T08:23:48.560+0000] {dag.py:3823} INFO - Setting next_dagrun for example_xcom to 2021-01-01 00:00:00+00:00, run_after=2021-01-01 00:00:00+00:00
[2025-07-21T08:23:48.741+0000] {processor.py:183} INFO - Processing /home/airflow/.local/lib/python3.8/site-packages/airflow/example_dags/example_xcom.py took 0.450 seconds
[2025-07-21T08:24:35.075+0000] {processor.py:161} INFO - Started process (PID=825) to work on /home/airflow/.local/lib/python3.8/site-packages/airflow/example_dags/example_xcom.py
[2025-07-21T08:24:35.080+0000] {processor.py:830} INFO - Processing file /home/airflow/.local/lib/python3.8/site-packages/airflow/example_dags/example_xcom.py for tasks to queue
[2025-07-21T08:24:35.091+0000] {logging_mixin.py:188} INFO - [2025-07-21T08:24:35.090+0000] {dagbag.py:538} INFO - Filling up the DagBag from /home/airflow/.local/lib/python3.8/site-packages/airflow/example_dags/example_xcom.py
[2025-07-21T08:24:35.147+0000] {processor.py:840} INFO - DAG(s) 'example_xcom' retrieved from /home/airflow/.local/lib/python3.8/site-packages/airflow/example_dags/example_xcom.py
[2025-07-21T08:24:35.291+0000] {logging_mixin.py:188} INFO - [2025-07-21T08:24:35.291+0000] {dag.py:3036} INFO - Sync 1 DAGs
[2025-07-21T08:24:35.422+0000] {logging_mixin.py:188} INFO - [2025-07-21T08:24:35.422+0000] {dag.py:3823} INFO - Setting next_dagrun for example_xcom to 2021-01-01 00:00:00+00:00, run_after=2021-01-01 00:00:00+00:00
[2025-07-21T08:24:35.569+0000] {processor.py:183} INFO - Processing /home/airflow/.local/lib/python3.8/site-packages/airflow/example_dags/example_xcom.py took 0.512 seconds
[2025-07-21T08:25:07.809+0000] {processor.py:161} INFO - Started process (PID=880) to work on /home/airflow/.local/lib/python3.8/site-packages/airflow/example_dags/example_xcom.py
[2025-07-21T08:25:07.812+0000] {processor.py:830} INFO - Processing file /home/airflow/.local/lib/python3.8/site-packages/airflow/example_dags/example_xcom.py for tasks to queue
[2025-07-21T08:25:07.817+0000] {logging_mixin.py:188} INFO - [2025-07-21T08:25:07.816+0000] {dagbag.py:538} INFO - Filling up the DagBag from /home/airflow/.local/lib/python3.8/site-packages/airflow/example_dags/example_xcom.py
[2025-07-21T08:25:07.843+0000] {processor.py:840} INFO - DAG(s) 'example_xcom' retrieved from /home/airflow/.local/lib/python3.8/site-packages/airflow/example_dags/example_xcom.py
[2025-07-21T08:25:07.905+0000] {logging_mixin.py:188} INFO - [2025-07-21T08:25:07.905+0000] {dag.py:3036} INFO - Sync 1 DAGs
[2025-07-21T08:25:08.022+0000] {logging_mixin.py:188} INFO - [2025-07-21T08:25:08.021+0000] {dag.py:3823} INFO - Setting next_dagrun for example_xcom to 2021-01-01 00:00:00+00:00, run_after=2021-01-01 00:00:00+00:00
[2025-07-21T08:25:08.260+0000] {processor.py:183} INFO - Processing /home/airflow/.local/lib/python3.8/site-packages/airflow/example_dags/example_xcom.py took 0.466 seconds
[2025-07-21T08:25:39.773+0000] {processor.py:161} INFO - Started process (PID=936) to work on /home/airflow/.local/lib/python3.8/site-packages/airflow/example_dags/example_xcom.py
[2025-07-21T08:25:39.787+0000] {processor.py:830} INFO - Processing file /home/airflow/.local/lib/python3.8/site-packages/airflow/example_dags/example_xcom.py for tasks to queue
[2025-07-21T08:25:39.803+0000] {logging_mixin.py:188} INFO - [2025-07-21T08:25:39.796+0000] {dagbag.py:538} INFO - Filling up the DagBag from /home/airflow/.local/lib/python3.8/site-packages/airflow/example_dags/example_xcom.py
[2025-07-21T08:25:39.859+0000] {processor.py:840} INFO - DAG(s) 'example_xcom' retrieved from /home/airflow/.local/lib/python3.8/site-packages/airflow/example_dags/example_xcom.py
[2025-07-21T08:25:40.072+0000] {logging_mixin.py:188} INFO - [2025-07-21T08:25:40.072+0000] {dag.py:3036} INFO - Sync 1 DAGs
[2025-07-21T08:25:40.139+0000] {logging_mixin.py:188} INFO - [2025-07-21T08:25:40.138+0000] {dag.py:3823} INFO - Setting next_dagrun for example_xcom to 2021-01-01 00:00:00+00:00, run_after=2021-01-01 00:00:00+00:00
[2025-07-21T08:25:40.213+0000] {processor.py:183} INFO - Processing /home/airflow/.local/lib/python3.8/site-packages/airflow/example_dags/example_xcom.py took 0.448 seconds
[2025-07-21T08:26:11.005+0000] {processor.py:161} INFO - Started process (PID=991) to work on /home/airflow/.local/lib/python3.8/site-packages/airflow/example_dags/example_xcom.py
[2025-07-21T08:26:11.029+0000] {processor.py:830} INFO - Processing file /home/airflow/.local/lib/python3.8/site-packages/airflow/example_dags/example_xcom.py for tasks to queue
[2025-07-21T08:26:11.040+0000] {logging_mixin.py:188} INFO - [2025-07-21T08:26:11.039+0000] {dagbag.py:538} INFO - Filling up the DagBag from /home/airflow/.local/lib/python3.8/site-packages/airflow/example_dags/example_xcom.py
[2025-07-21T08:26:11.075+0000] {processor.py:840} INFO - DAG(s) 'example_xcom' retrieved from /home/airflow/.local/lib/python3.8/site-packages/airflow/example_dags/example_xcom.py
[2025-07-21T08:26:11.231+0000] {logging_mixin.py:188} INFO - [2025-07-21T08:26:11.231+0000] {dag.py:3036} INFO - Sync 1 DAGs
[2025-07-21T08:26:11.423+0000] {logging_mixin.py:188} INFO - [2025-07-21T08:26:11.422+0000] {dag.py:3823} INFO - Setting next_dagrun for example_xcom to 2021-01-01 00:00:00+00:00, run_after=2021-01-01 00:00:00+00:00
[2025-07-21T08:26:11.560+0000] {processor.py:183} INFO - Processing /home/airflow/.local/lib/python3.8/site-packages/airflow/example_dags/example_xcom.py took 0.563 seconds
[2025-07-21T08:26:48.138+0000] {processor.py:161} INFO - Started process (PID=1048) to work on /home/airflow/.local/lib/python3.8/site-packages/airflow/example_dags/example_xcom.py
[2025-07-21T08:26:48.140+0000] {processor.py:830} INFO - Processing file /home/airflow/.local/lib/python3.8/site-packages/airflow/example_dags/example_xcom.py for tasks to queue
[2025-07-21T08:26:48.184+0000] {logging_mixin.py:188} INFO - [2025-07-21T08:26:48.156+0000] {dagbag.py:538} INFO - Filling up the DagBag from /home/airflow/.local/lib/python3.8/site-packages/airflow/example_dags/example_xcom.py
[2025-07-21T08:26:48.330+0000] {processor.py:840} INFO - DAG(s) 'example_xcom' retrieved from /home/airflow/.local/lib/python3.8/site-packages/airflow/example_dags/example_xcom.py
[2025-07-21T08:26:48.483+0000] {logging_mixin.py:188} INFO - [2025-07-21T08:26:48.482+0000] {dag.py:3036} INFO - Sync 1 DAGs
[2025-07-21T08:26:48.785+0000] {logging_mixin.py:188} INFO - [2025-07-21T08:26:48.773+0000] {dag.py:3823} INFO - Setting next_dagrun for example_xcom to 2021-01-01 00:00:00+00:00, run_after=2021-01-01 00:00:00+00:00
[2025-07-21T08:26:49.063+0000] {processor.py:183} INFO - Processing /home/airflow/.local/lib/python3.8/site-packages/airflow/example_dags/example_xcom.py took 1.003 seconds
[2025-07-21T08:27:19.569+0000] {processor.py:161} INFO - Started process (PID=1102) to work on /home/airflow/.local/lib/python3.8/site-packages/airflow/example_dags/example_xcom.py
[2025-07-21T08:27:19.586+0000] {processor.py:830} INFO - Processing file /home/airflow/.local/lib/python3.8/site-packages/airflow/example_dags/example_xcom.py for tasks to queue
[2025-07-21T08:27:19.603+0000] {logging_mixin.py:188} INFO - [2025-07-21T08:27:19.603+0000] {dagbag.py:538} INFO - Filling up the DagBag from /home/airflow/.local/lib/python3.8/site-packages/airflow/example_dags/example_xcom.py
[2025-07-21T08:27:19.679+0000] {processor.py:840} INFO - DAG(s) 'example_xcom' retrieved from /home/airflow/.local/lib/python3.8/site-packages/airflow/example_dags/example_xcom.py
[2025-07-21T08:27:19.818+0000] {logging_mixin.py:188} INFO - [2025-07-21T08:27:19.818+0000] {dag.py:3036} INFO - Sync 1 DAGs
[2025-07-21T08:27:20.059+0000] {logging_mixin.py:188} INFO - [2025-07-21T08:27:20.045+0000] {dag.py:3823} INFO - Setting next_dagrun for example_xcom to 2021-01-01 00:00:00+00:00, run_after=2021-01-01 00:00:00+00:00
[2025-07-21T08:27:20.280+0000] {processor.py:183} INFO - Processing /home/airflow/.local/lib/python3.8/site-packages/airflow/example_dags/example_xcom.py took 0.745 seconds
[2025-07-21T08:27:50.740+0000] {processor.py:161} INFO - Started process (PID=1157) to work on /home/airflow/.local/lib/python3.8/site-packages/airflow/example_dags/example_xcom.py
[2025-07-21T08:27:50.743+0000] {processor.py:830} INFO - Processing file /home/airflow/.local/lib/python3.8/site-packages/airflow/example_dags/example_xcom.py for tasks to queue
[2025-07-21T08:27:50.749+0000] {logging_mixin.py:188} INFO - [2025-07-21T08:27:50.748+0000] {dagbag.py:538} INFO - Filling up the DagBag from /home/airflow/.local/lib/python3.8/site-packages/airflow/example_dags/example_xcom.py
[2025-07-21T08:27:50.773+0000] {processor.py:840} INFO - DAG(s) 'example_xcom' retrieved from /home/airflow/.local/lib/python3.8/site-packages/airflow/example_dags/example_xcom.py
[2025-07-21T08:27:50.836+0000] {logging_mixin.py:188} INFO - [2025-07-21T08:27:50.835+0000] {dag.py:3036} INFO - Sync 1 DAGs
[2025-07-21T08:27:50.917+0000] {logging_mixin.py:188} INFO - [2025-07-21T08:27:50.916+0000] {dag.py:3823} INFO - Setting next_dagrun for example_xcom to 2021-01-01 00:00:00+00:00, run_after=2021-01-01 00:00:00+00:00
[2025-07-21T08:27:50.986+0000] {processor.py:183} INFO - Processing /home/airflow/.local/lib/python3.8/site-packages/airflow/example_dags/example_xcom.py took 0.258 seconds
[2025-07-21T08:28:21.266+0000] {processor.py:161} INFO - Started process (PID=1212) to work on /home/airflow/.local/lib/python3.8/site-packages/airflow/example_dags/example_xcom.py
[2025-07-21T08:28:21.268+0000] {processor.py:830} INFO - Processing file /home/airflow/.local/lib/python3.8/site-packages/airflow/example_dags/example_xcom.py for tasks to queue
[2025-07-21T08:28:21.277+0000] {logging_mixin.py:188} INFO - [2025-07-21T08:28:21.276+0000] {dagbag.py:538} INFO - Filling up the DagBag from /home/airflow/.local/lib/python3.8/site-packages/airflow/example_dags/example_xcom.py
[2025-07-21T08:28:21.317+0000] {processor.py:840} INFO - DAG(s) 'example_xcom' retrieved from /home/airflow/.local/lib/python3.8/site-packages/airflow/example_dags/example_xcom.py
[2025-07-21T08:28:21.402+0000] {logging_mixin.py:188} INFO - [2025-07-21T08:28:21.401+0000] {dag.py:3036} INFO - Sync 1 DAGs
[2025-07-21T08:28:21.501+0000] {logging_mixin.py:188} INFO - [2025-07-21T08:28:21.500+0000] {dag.py:3823} INFO - Setting next_dagrun for example_xcom to 2021-01-01 00:00:00+00:00, run_after=2021-01-01 00:00:00+00:00
[2025-07-21T08:28:21.578+0000] {processor.py:183} INFO - Processing /home/airflow/.local/lib/python3.8/site-packages/airflow/example_dags/example_xcom.py took 0.332 seconds
[2025-07-21T08:28:52.134+0000] {processor.py:161} INFO - Started process (PID=1267) to work on /home/airflow/.local/lib/python3.8/site-packages/airflow/example_dags/example_xcom.py
[2025-07-21T08:28:52.153+0000] {processor.py:830} INFO - Processing file /home/airflow/.local/lib/python3.8/site-packages/airflow/example_dags/example_xcom.py for tasks to queue
[2025-07-21T08:28:52.170+0000] {logging_mixin.py:188} INFO - [2025-07-21T08:28:52.169+0000] {dagbag.py:538} INFO - Filling up the DagBag from /home/airflow/.local/lib/python3.8/site-packages/airflow/example_dags/example_xcom.py
[2025-07-21T08:28:52.212+0000] {processor.py:840} INFO - DAG(s) 'example_xcom' retrieved from /home/airflow/.local/lib/python3.8/site-packages/airflow/example_dags/example_xcom.py
[2025-07-21T08:28:52.293+0000] {logging_mixin.py:188} INFO - [2025-07-21T08:28:52.293+0000] {dag.py:3036} INFO - Sync 1 DAGs
[2025-07-21T08:28:52.364+0000] {logging_mixin.py:188} INFO - [2025-07-21T08:28:52.364+0000] {dag.py:3823} INFO - Setting next_dagrun for example_xcom to 2021-01-01 00:00:00+00:00, run_after=2021-01-01 00:00:00+00:00
[2025-07-21T08:28:52.475+0000] {processor.py:183} INFO - Processing /home/airflow/.local/lib/python3.8/site-packages/airflow/example_dags/example_xcom.py took 0.377 seconds
[2025-07-21T08:29:22.983+0000] {processor.py:161} INFO - Started process (PID=1322) to work on /home/airflow/.local/lib/python3.8/site-packages/airflow/example_dags/example_xcom.py
[2025-07-21T08:29:22.991+0000] {processor.py:830} INFO - Processing file /home/airflow/.local/lib/python3.8/site-packages/airflow/example_dags/example_xcom.py for tasks to queue
[2025-07-21T08:29:23.005+0000] {logging_mixin.py:188} INFO - [2025-07-21T08:29:23.004+0000] {dagbag.py:538} INFO - Filling up the DagBag from /home/airflow/.local/lib/python3.8/site-packages/airflow/example_dags/example_xcom.py
[2025-07-21T08:29:23.038+0000] {processor.py:840} INFO - DAG(s) 'example_xcom' retrieved from /home/airflow/.local/lib/python3.8/site-packages/airflow/example_dags/example_xcom.py
[2025-07-21T08:29:23.095+0000] {logging_mixin.py:188} INFO - [2025-07-21T08:29:23.095+0000] {dag.py:3036} INFO - Sync 1 DAGs
[2025-07-21T08:29:23.137+0000] {logging_mixin.py:188} INFO - [2025-07-21T08:29:23.137+0000] {dag.py:3823} INFO - Setting next_dagrun for example_xcom to 2021-01-01 00:00:00+00:00, run_after=2021-01-01 00:00:00+00:00
[2025-07-21T08:29:23.174+0000] {processor.py:183} INFO - Processing /home/airflow/.local/lib/python3.8/site-packages/airflow/example_dags/example_xcom.py took 0.212 seconds
[2025-07-21T08:29:53.525+0000] {processor.py:161} INFO - Started process (PID=1378) to work on /home/airflow/.local/lib/python3.8/site-packages/airflow/example_dags/example_xcom.py
[2025-07-21T08:29:53.577+0000] {processor.py:830} INFO - Processing file /home/airflow/.local/lib/python3.8/site-packages/airflow/example_dags/example_xcom.py for tasks to queue
[2025-07-21T08:29:53.595+0000] {logging_mixin.py:188} INFO - [2025-07-21T08:29:53.593+0000] {dagbag.py:538} INFO - Filling up the DagBag from /home/airflow/.local/lib/python3.8/site-packages/airflow/example_dags/example_xcom.py
[2025-07-21T08:29:53.648+0000] {processor.py:840} INFO - DAG(s) 'example_xcom' retrieved from /home/airflow/.local/lib/python3.8/site-packages/airflow/example_dags/example_xcom.py
[2025-07-21T08:29:53.755+0000] {logging_mixin.py:188} INFO - [2025-07-21T08:29:53.754+0000] {dag.py:3036} INFO - Sync 1 DAGs
[2025-07-21T08:29:53.811+0000] {logging_mixin.py:188} INFO - [2025-07-21T08:29:53.811+0000] {dag.py:3823} INFO - Setting next_dagrun for example_xcom to 2021-01-01 00:00:00+00:00, run_after=2021-01-01 00:00:00+00:00
[2025-07-21T08:29:53.869+0000] {processor.py:183} INFO - Processing /home/airflow/.local/lib/python3.8/site-packages/airflow/example_dags/example_xcom.py took 0.366 seconds
[2025-07-21T08:30:24.999+0000] {processor.py:161} INFO - Started process (PID=1433) to work on /home/airflow/.local/lib/python3.8/site-packages/airflow/example_dags/example_xcom.py
[2025-07-21T08:30:25.014+0000] {processor.py:830} INFO - Processing file /home/airflow/.local/lib/python3.8/site-packages/airflow/example_dags/example_xcom.py for tasks to queue
[2025-07-21T08:30:25.029+0000] {logging_mixin.py:188} INFO - [2025-07-21T08:30:25.028+0000] {dagbag.py:538} INFO - Filling up the DagBag from /home/airflow/.local/lib/python3.8/site-packages/airflow/example_dags/example_xcom.py
[2025-07-21T08:30:25.066+0000] {processor.py:840} INFO - DAG(s) 'example_xcom' retrieved from /home/airflow/.local/lib/python3.8/site-packages/airflow/example_dags/example_xcom.py
[2025-07-21T08:30:25.132+0000] {logging_mixin.py:188} INFO - [2025-07-21T08:30:25.132+0000] {dag.py:3036} INFO - Sync 1 DAGs
[2025-07-21T08:30:25.176+0000] {logging_mixin.py:188} INFO - [2025-07-21T08:30:25.176+0000] {dag.py:3823} INFO - Setting next_dagrun for example_xcom to 2021-01-01 00:00:00+00:00, run_after=2021-01-01 00:00:00+00:00
[2025-07-21T08:30:25.226+0000] {processor.py:183} INFO - Processing /home/airflow/.local/lib/python3.8/site-packages/airflow/example_dags/example_xcom.py took 0.248 seconds
[2025-07-21T08:31:05.230+0000] {processor.py:161} INFO - Started process (PID=1499) to work on /home/airflow/.local/lib/python3.8/site-packages/airflow/example_dags/example_xcom.py
[2025-07-21T08:31:05.232+0000] {processor.py:830} INFO - Processing file /home/airflow/.local/lib/python3.8/site-packages/airflow/example_dags/example_xcom.py for tasks to queue
[2025-07-21T08:31:05.271+0000] {logging_mixin.py:188} INFO - [2025-07-21T08:31:05.271+0000] {dagbag.py:538} INFO - Filling up the DagBag from /home/airflow/.local/lib/python3.8/site-packages/airflow/example_dags/example_xcom.py
[2025-07-21T08:31:05.296+0000] {processor.py:840} INFO - DAG(s) 'example_xcom' retrieved from /home/airflow/.local/lib/python3.8/site-packages/airflow/example_dags/example_xcom.py
[2025-07-21T08:31:05.350+0000] {logging_mixin.py:188} INFO - [2025-07-21T08:31:05.349+0000] {dag.py:3036} INFO - Sync 1 DAGs
[2025-07-21T08:31:05.419+0000] {logging_mixin.py:188} INFO - [2025-07-21T08:31:05.419+0000] {dag.py:3823} INFO - Setting next_dagrun for example_xcom to 2021-01-01 00:00:00+00:00, run_after=2021-01-01 00:00:00+00:00
[2025-07-21T08:31:05.522+0000] {processor.py:183} INFO - Processing /home/airflow/.local/lib/python3.8/site-packages/airflow/example_dags/example_xcom.py took 0.310 seconds
[2025-07-21T08:31:36.680+0000] {processor.py:161} INFO - Started process (PID=1554) to work on /home/airflow/.local/lib/python3.8/site-packages/airflow/example_dags/example_xcom.py
[2025-07-21T08:31:36.687+0000] {processor.py:830} INFO - Processing file /home/airflow/.local/lib/python3.8/site-packages/airflow/example_dags/example_xcom.py for tasks to queue
[2025-07-21T08:31:36.691+0000] {logging_mixin.py:188} INFO - [2025-07-21T08:31:36.691+0000] {dagbag.py:538} INFO - Filling up the DagBag from /home/airflow/.local/lib/python3.8/site-packages/airflow/example_dags/example_xcom.py
[2025-07-21T08:31:36.738+0000] {processor.py:840} INFO - DAG(s) 'example_xcom' retrieved from /home/airflow/.local/lib/python3.8/site-packages/airflow/example_dags/example_xcom.py
[2025-07-21T08:31:36.862+0000] {logging_mixin.py:188} INFO - [2025-07-21T08:31:36.857+0000] {dag.py:3036} INFO - Sync 1 DAGs
[2025-07-21T08:31:36.929+0000] {logging_mixin.py:188} INFO - [2025-07-21T08:31:36.929+0000] {dag.py:3823} INFO - Setting next_dagrun for example_xcom to 2021-01-01 00:00:00+00:00, run_after=2021-01-01 00:00:00+00:00
[2025-07-21T08:31:36.992+0000] {processor.py:183} INFO - Processing /home/airflow/.local/lib/python3.8/site-packages/airflow/example_dags/example_xcom.py took 0.330 seconds
[2025-07-21T08:32:09.847+0000] {processor.py:161} INFO - Started process (PID=1610) to work on /home/airflow/.local/lib/python3.8/site-packages/airflow/example_dags/example_xcom.py
[2025-07-21T08:32:09.898+0000] {processor.py:830} INFO - Processing file /home/airflow/.local/lib/python3.8/site-packages/airflow/example_dags/example_xcom.py for tasks to queue
[2025-07-21T08:32:09.913+0000] {logging_mixin.py:188} INFO - [2025-07-21T08:32:09.907+0000] {dagbag.py:538} INFO - Filling up the DagBag from /home/airflow/.local/lib/python3.8/site-packages/airflow/example_dags/example_xcom.py
[2025-07-21T08:32:10.048+0000] {processor.py:840} INFO - DAG(s) 'example_xcom' retrieved from /home/airflow/.local/lib/python3.8/site-packages/airflow/example_dags/example_xcom.py
[2025-07-21T08:32:10.171+0000] {logging_mixin.py:188} INFO - [2025-07-21T08:32:10.170+0000] {dag.py:3036} INFO - Sync 1 DAGs
[2025-07-21T08:32:10.324+0000] {logging_mixin.py:188} INFO - [2025-07-21T08:32:10.323+0000] {dag.py:3823} INFO - Setting next_dagrun for example_xcom to 2021-01-01 00:00:00+00:00, run_after=2021-01-01 00:00:00+00:00
[2025-07-21T08:32:10.434+0000] {processor.py:183} INFO - Processing /home/airflow/.local/lib/python3.8/site-packages/airflow/example_dags/example_xcom.py took 0.644 seconds
[2025-07-21T08:32:43.405+0000] {processor.py:161} INFO - Started process (PID=1665) to work on /home/airflow/.local/lib/python3.8/site-packages/airflow/example_dags/example_xcom.py
[2025-07-21T08:32:43.416+0000] {processor.py:830} INFO - Processing file /home/airflow/.local/lib/python3.8/site-packages/airflow/example_dags/example_xcom.py for tasks to queue
[2025-07-21T08:32:43.436+0000] {logging_mixin.py:188} INFO - [2025-07-21T08:32:43.436+0000] {dagbag.py:538} INFO - Filling up the DagBag from /home/airflow/.local/lib/python3.8/site-packages/airflow/example_dags/example_xcom.py
[2025-07-21T08:32:43.490+0000] {processor.py:840} INFO - DAG(s) 'example_xcom' retrieved from /home/airflow/.local/lib/python3.8/site-packages/airflow/example_dags/example_xcom.py
[2025-07-21T08:32:43.703+0000] {logging_mixin.py:188} INFO - [2025-07-21T08:32:43.703+0000] {dag.py:3036} INFO - Sync 1 DAGs
[2025-07-21T08:32:43.904+0000] {logging_mixin.py:188} INFO - [2025-07-21T08:32:43.903+0000] {dag.py:3823} INFO - Setting next_dagrun for example_xcom to 2021-01-01 00:00:00+00:00, run_after=2021-01-01 00:00:00+00:00
[2025-07-21T08:32:44.209+0000] {processor.py:183} INFO - Processing /home/airflow/.local/lib/python3.8/site-packages/airflow/example_dags/example_xcom.py took 0.918 seconds
[2025-07-21T08:33:14.630+0000] {processor.py:161} INFO - Started process (PID=1720) to work on /home/airflow/.local/lib/python3.8/site-packages/airflow/example_dags/example_xcom.py
[2025-07-21T08:33:14.634+0000] {processor.py:830} INFO - Processing file /home/airflow/.local/lib/python3.8/site-packages/airflow/example_dags/example_xcom.py for tasks to queue
[2025-07-21T08:33:14.642+0000] {logging_mixin.py:188} INFO - [2025-07-21T08:33:14.641+0000] {dagbag.py:538} INFO - Filling up the DagBag from /home/airflow/.local/lib/python3.8/site-packages/airflow/example_dags/example_xcom.py
[2025-07-21T08:33:14.671+0000] {processor.py:840} INFO - DAG(s) 'example_xcom' retrieved from /home/airflow/.local/lib/python3.8/site-packages/airflow/example_dags/example_xcom.py
[2025-07-21T08:33:14.739+0000] {logging_mixin.py:188} INFO - [2025-07-21T08:33:14.738+0000] {dag.py:3036} INFO - Sync 1 DAGs
[2025-07-21T08:33:14.809+0000] {logging_mixin.py:188} INFO - [2025-07-21T08:33:14.808+0000] {dag.py:3823} INFO - Setting next_dagrun for example_xcom to 2021-01-01 00:00:00+00:00, run_after=2021-01-01 00:00:00+00:00
[2025-07-21T08:33:14.861+0000] {processor.py:183} INFO - Processing /home/airflow/.local/lib/python3.8/site-packages/airflow/example_dags/example_xcom.py took 0.248 seconds
[2025-07-21T08:33:45.418+0000] {processor.py:161} INFO - Started process (PID=1775) to work on /home/airflow/.local/lib/python3.8/site-packages/airflow/example_dags/example_xcom.py
[2025-07-21T08:33:45.423+0000] {processor.py:830} INFO - Processing file /home/airflow/.local/lib/python3.8/site-packages/airflow/example_dags/example_xcom.py for tasks to queue
[2025-07-21T08:33:45.434+0000] {logging_mixin.py:188} INFO - [2025-07-21T08:33:45.431+0000] {dagbag.py:538} INFO - Filling up the DagBag from /home/airflow/.local/lib/python3.8/site-packages/airflow/example_dags/example_xcom.py
[2025-07-21T08:33:45.514+0000] {processor.py:840} INFO - DAG(s) 'example_xcom' retrieved from /home/airflow/.local/lib/python3.8/site-packages/airflow/example_dags/example_xcom.py
[2025-07-21T08:33:45.697+0000] {logging_mixin.py:188} INFO - [2025-07-21T08:33:45.697+0000] {dag.py:3036} INFO - Sync 1 DAGs
[2025-07-21T08:33:45.823+0000] {logging_mixin.py:188} INFO - [2025-07-21T08:33:45.823+0000] {dag.py:3823} INFO - Setting next_dagrun for example_xcom to 2021-01-01 00:00:00+00:00, run_after=2021-01-01 00:00:00+00:00
[2025-07-21T08:33:45.922+0000] {processor.py:183} INFO - Processing /home/airflow/.local/lib/python3.8/site-packages/airflow/example_dags/example_xcom.py took 0.537 seconds
[2025-07-21T08:34:16.788+0000] {processor.py:161} INFO - Started process (PID=1830) to work on /home/airflow/.local/lib/python3.8/site-packages/airflow/example_dags/example_xcom.py
[2025-07-21T08:34:16.801+0000] {processor.py:830} INFO - Processing file /home/airflow/.local/lib/python3.8/site-packages/airflow/example_dags/example_xcom.py for tasks to queue
[2025-07-21T08:34:16.821+0000] {logging_mixin.py:188} INFO - [2025-07-21T08:34:16.820+0000] {dagbag.py:538} INFO - Filling up the DagBag from /home/airflow/.local/lib/python3.8/site-packages/airflow/example_dags/example_xcom.py
[2025-07-21T08:34:16.903+0000] {processor.py:840} INFO - DAG(s) 'example_xcom' retrieved from /home/airflow/.local/lib/python3.8/site-packages/airflow/example_dags/example_xcom.py
[2025-07-21T08:34:16.975+0000] {logging_mixin.py:188} INFO - [2025-07-21T08:34:16.975+0000] {dag.py:3036} INFO - Sync 1 DAGs
[2025-07-21T08:34:17.034+0000] {logging_mixin.py:188} INFO - [2025-07-21T08:34:17.033+0000] {dag.py:3823} INFO - Setting next_dagrun for example_xcom to 2021-01-01 00:00:00+00:00, run_after=2021-01-01 00:00:00+00:00
[2025-07-21T08:34:17.100+0000] {processor.py:183} INFO - Processing /home/airflow/.local/lib/python3.8/site-packages/airflow/example_dags/example_xcom.py took 0.340 seconds
[2025-07-21T08:34:47.585+0000] {processor.py:161} INFO - Started process (PID=1885) to work on /home/airflow/.local/lib/python3.8/site-packages/airflow/example_dags/example_xcom.py
[2025-07-21T08:34:47.588+0000] {processor.py:830} INFO - Processing file /home/airflow/.local/lib/python3.8/site-packages/airflow/example_dags/example_xcom.py for tasks to queue
[2025-07-21T08:34:47.594+0000] {logging_mixin.py:188} INFO - [2025-07-21T08:34:47.593+0000] {dagbag.py:538} INFO - Filling up the DagBag from /home/airflow/.local/lib/python3.8/site-packages/airflow/example_dags/example_xcom.py
[2025-07-21T08:34:47.676+0000] {processor.py:840} INFO - DAG(s) 'example_xcom' retrieved from /home/airflow/.local/lib/python3.8/site-packages/airflow/example_dags/example_xcom.py
[2025-07-21T08:34:48.129+0000] {logging_mixin.py:188} INFO - [2025-07-21T08:34:48.120+0000] {dag.py:3036} INFO - Sync 1 DAGs
[2025-07-21T08:34:48.400+0000] {logging_mixin.py:188} INFO - [2025-07-21T08:34:48.400+0000] {dag.py:3823} INFO - Setting next_dagrun for example_xcom to 2021-01-01 00:00:00+00:00, run_after=2021-01-01 00:00:00+00:00
[2025-07-21T08:34:48.868+0000] {processor.py:183} INFO - Processing /home/airflow/.local/lib/python3.8/site-packages/airflow/example_dags/example_xcom.py took 1.317 seconds
[2025-07-21T08:35:19.318+0000] {processor.py:161} INFO - Started process (PID=1940) to work on /home/airflow/.local/lib/python3.8/site-packages/airflow/example_dags/example_xcom.py
[2025-07-21T08:35:19.328+0000] {processor.py:830} INFO - Processing file /home/airflow/.local/lib/python3.8/site-packages/airflow/example_dags/example_xcom.py for tasks to queue
[2025-07-21T08:35:19.332+0000] {logging_mixin.py:188} INFO - [2025-07-21T08:35:19.332+0000] {dagbag.py:538} INFO - Filling up the DagBag from /home/airflow/.local/lib/python3.8/site-packages/airflow/example_dags/example_xcom.py
[2025-07-21T08:35:19.357+0000] {processor.py:840} INFO - DAG(s) 'example_xcom' retrieved from /home/airflow/.local/lib/python3.8/site-packages/airflow/example_dags/example_xcom.py
[2025-07-21T08:35:19.426+0000] {logging_mixin.py:188} INFO - [2025-07-21T08:35:19.426+0000] {dag.py:3036} INFO - Sync 1 DAGs
[2025-07-21T08:35:19.500+0000] {logging_mixin.py:188} INFO - [2025-07-21T08:35:19.500+0000] {dag.py:3823} INFO - Setting next_dagrun for example_xcom to 2021-01-01 00:00:00+00:00, run_after=2021-01-01 00:00:00+00:00
[2025-07-21T08:35:19.593+0000] {processor.py:183} INFO - Processing /home/airflow/.local/lib/python3.8/site-packages/airflow/example_dags/example_xcom.py took 0.293 seconds
[2025-07-21T08:35:50.346+0000] {processor.py:161} INFO - Started process (PID=1995) to work on /home/airflow/.local/lib/python3.8/site-packages/airflow/example_dags/example_xcom.py
[2025-07-21T08:35:50.394+0000] {processor.py:830} INFO - Processing file /home/airflow/.local/lib/python3.8/site-packages/airflow/example_dags/example_xcom.py for tasks to queue
[2025-07-21T08:35:50.428+0000] {logging_mixin.py:188} INFO - [2025-07-21T08:35:50.427+0000] {dagbag.py:538} INFO - Filling up the DagBag from /home/airflow/.local/lib/python3.8/site-packages/airflow/example_dags/example_xcom.py
[2025-07-21T08:35:50.490+0000] {processor.py:840} INFO - DAG(s) 'example_xcom' retrieved from /home/airflow/.local/lib/python3.8/site-packages/airflow/example_dags/example_xcom.py
[2025-07-21T08:35:50.656+0000] {logging_mixin.py:188} INFO - [2025-07-21T08:35:50.656+0000] {dag.py:3036} INFO - Sync 1 DAGs
[2025-07-21T08:35:50.811+0000] {logging_mixin.py:188} INFO - [2025-07-21T08:35:50.811+0000] {dag.py:3823} INFO - Setting next_dagrun for example_xcom to 2021-01-01 00:00:00+00:00, run_after=2021-01-01 00:00:00+00:00
[2025-07-21T08:35:50.961+0000] {processor.py:183} INFO - Processing /home/airflow/.local/lib/python3.8/site-packages/airflow/example_dags/example_xcom.py took 0.652 seconds
[2025-07-21T08:36:21.300+0000] {processor.py:161} INFO - Started process (PID=2050) to work on /home/airflow/.local/lib/python3.8/site-packages/airflow/example_dags/example_xcom.py
[2025-07-21T08:36:21.305+0000] {processor.py:830} INFO - Processing file /home/airflow/.local/lib/python3.8/site-packages/airflow/example_dags/example_xcom.py for tasks to queue
[2025-07-21T08:36:21.313+0000] {logging_mixin.py:188} INFO - [2025-07-21T08:36:21.313+0000] {dagbag.py:538} INFO - Filling up the DagBag from /home/airflow/.local/lib/python3.8/site-packages/airflow/example_dags/example_xcom.py
[2025-07-21T08:36:21.355+0000] {processor.py:840} INFO - DAG(s) 'example_xcom' retrieved from /home/airflow/.local/lib/python3.8/site-packages/airflow/example_dags/example_xcom.py
[2025-07-21T08:36:21.443+0000] {logging_mixin.py:188} INFO - [2025-07-21T08:36:21.442+0000] {dag.py:3036} INFO - Sync 1 DAGs
[2025-07-21T08:36:21.539+0000] {logging_mixin.py:188} INFO - [2025-07-21T08:36:21.538+0000] {dag.py:3823} INFO - Setting next_dagrun for example_xcom to 2021-01-01 00:00:00+00:00, run_after=2021-01-01 00:00:00+00:00
[2025-07-21T08:36:21.614+0000] {processor.py:183} INFO - Processing /home/airflow/.local/lib/python3.8/site-packages/airflow/example_dags/example_xcom.py took 0.340 seconds
[2025-07-21T08:36:52.053+0000] {processor.py:161} INFO - Started process (PID=2105) to work on /home/airflow/.local/lib/python3.8/site-packages/airflow/example_dags/example_xcom.py
[2025-07-21T08:36:52.057+0000] {processor.py:830} INFO - Processing file /home/airflow/.local/lib/python3.8/site-packages/airflow/example_dags/example_xcom.py for tasks to queue
[2025-07-21T08:36:52.064+0000] {logging_mixin.py:188} INFO - [2025-07-21T08:36:52.063+0000] {dagbag.py:538} INFO - Filling up the DagBag from /home/airflow/.local/lib/python3.8/site-packages/airflow/example_dags/example_xcom.py
[2025-07-21T08:36:52.091+0000] {processor.py:840} INFO - DAG(s) 'example_xcom' retrieved from /home/airflow/.local/lib/python3.8/site-packages/airflow/example_dags/example_xcom.py
[2025-07-21T08:36:52.159+0000] {logging_mixin.py:188} INFO - [2025-07-21T08:36:52.158+0000] {dag.py:3036} INFO - Sync 1 DAGs
[2025-07-21T08:36:52.224+0000] {logging_mixin.py:188} INFO - [2025-07-21T08:36:52.224+0000] {dag.py:3823} INFO - Setting next_dagrun for example_xcom to 2021-01-01 00:00:00+00:00, run_after=2021-01-01 00:00:00+00:00
[2025-07-21T08:36:52.311+0000] {processor.py:183} INFO - Processing /home/airflow/.local/lib/python3.8/site-packages/airflow/example_dags/example_xcom.py took 0.278 seconds
[2025-07-21T08:37:22.972+0000] {processor.py:161} INFO - Started process (PID=2158) to work on /home/airflow/.local/lib/python3.8/site-packages/airflow/example_dags/example_xcom.py
[2025-07-21T08:37:22.978+0000] {processor.py:830} INFO - Processing file /home/airflow/.local/lib/python3.8/site-packages/airflow/example_dags/example_xcom.py for tasks to queue
[2025-07-21T08:37:22.987+0000] {logging_mixin.py:188} INFO - [2025-07-21T08:37:22.987+0000] {dagbag.py:538} INFO - Filling up the DagBag from /home/airflow/.local/lib/python3.8/site-packages/airflow/example_dags/example_xcom.py
[2025-07-21T08:37:23.020+0000] {processor.py:840} INFO - DAG(s) 'example_xcom' retrieved from /home/airflow/.local/lib/python3.8/site-packages/airflow/example_dags/example_xcom.py
[2025-07-21T08:37:23.150+0000] {logging_mixin.py:188} INFO - [2025-07-21T08:37:23.149+0000] {dag.py:3036} INFO - Sync 1 DAGs
[2025-07-21T08:37:23.305+0000] {logging_mixin.py:188} INFO - [2025-07-21T08:37:23.305+0000] {dag.py:3823} INFO - Setting next_dagrun for example_xcom to 2021-01-01 00:00:00+00:00, run_after=2021-01-01 00:00:00+00:00
[2025-07-21T08:37:23.366+0000] {processor.py:183} INFO - Processing /home/airflow/.local/lib/python3.8/site-packages/airflow/example_dags/example_xcom.py took 0.401 seconds
[2025-07-21T08:37:56.304+0000] {processor.py:161} INFO - Started process (PID=2215) to work on /home/airflow/.local/lib/python3.8/site-packages/airflow/example_dags/example_xcom.py
[2025-07-21T08:37:56.326+0000] {processor.py:830} INFO - Processing file /home/airflow/.local/lib/python3.8/site-packages/airflow/example_dags/example_xcom.py for tasks to queue
[2025-07-21T08:37:56.330+0000] {logging_mixin.py:188} INFO - [2025-07-21T08:37:56.330+0000] {dagbag.py:538} INFO - Filling up the DagBag from /home/airflow/.local/lib/python3.8/site-packages/airflow/example_dags/example_xcom.py
[2025-07-21T08:37:56.381+0000] {processor.py:840} INFO - DAG(s) 'example_xcom' retrieved from /home/airflow/.local/lib/python3.8/site-packages/airflow/example_dags/example_xcom.py
[2025-07-21T08:37:56.427+0000] {logging_mixin.py:188} INFO - [2025-07-21T08:37:56.427+0000] {dag.py:3036} INFO - Sync 1 DAGs
[2025-07-21T08:37:56.473+0000] {logging_mixin.py:188} INFO - [2025-07-21T08:37:56.471+0000] {dag.py:3823} INFO - Setting next_dagrun for example_xcom to 2021-01-01 00:00:00+00:00, run_after=2021-01-01 00:00:00+00:00
[2025-07-21T08:37:56.510+0000] {processor.py:183} INFO - Processing /home/airflow/.local/lib/python3.8/site-packages/airflow/example_dags/example_xcom.py took 0.213 seconds
[2025-07-21T08:38:30.447+0000] {processor.py:161} INFO - Started process (PID=2276) to work on /home/airflow/.local/lib/python3.8/site-packages/airflow/example_dags/example_xcom.py
[2025-07-21T08:38:30.476+0000] {processor.py:830} INFO - Processing file /home/airflow/.local/lib/python3.8/site-packages/airflow/example_dags/example_xcom.py for tasks to queue
[2025-07-21T08:38:30.486+0000] {logging_mixin.py:188} INFO - [2025-07-21T08:38:30.486+0000] {dagbag.py:538} INFO - Filling up the DagBag from /home/airflow/.local/lib/python3.8/site-packages/airflow/example_dags/example_xcom.py
[2025-07-21T08:38:30.517+0000] {processor.py:840} INFO - DAG(s) 'example_xcom' retrieved from /home/airflow/.local/lib/python3.8/site-packages/airflow/example_dags/example_xcom.py
[2025-07-21T08:38:30.631+0000] {logging_mixin.py:188} INFO - [2025-07-21T08:38:30.630+0000] {dag.py:3036} INFO - Sync 1 DAGs
[2025-07-21T08:38:30.743+0000] {logging_mixin.py:188} INFO - [2025-07-21T08:38:30.743+0000] {dag.py:3823} INFO - Setting next_dagrun for example_xcom to 2021-01-01 00:00:00+00:00, run_after=2021-01-01 00:00:00+00:00
[2025-07-21T08:38:31.605+0000] {processor.py:183} INFO - Processing /home/airflow/.local/lib/python3.8/site-packages/airflow/example_dags/example_xcom.py took 1.176 seconds
[2025-07-21T08:39:02.464+0000] {processor.py:161} INFO - Started process (PID=2331) to work on /home/airflow/.local/lib/python3.8/site-packages/airflow/example_dags/example_xcom.py
[2025-07-21T08:39:02.487+0000] {processor.py:830} INFO - Processing file /home/airflow/.local/lib/python3.8/site-packages/airflow/example_dags/example_xcom.py for tasks to queue
[2025-07-21T08:39:02.495+0000] {logging_mixin.py:188} INFO - [2025-07-21T08:39:02.495+0000] {dagbag.py:538} INFO - Filling up the DagBag from /home/airflow/.local/lib/python3.8/site-packages/airflow/example_dags/example_xcom.py
[2025-07-21T08:39:02.537+0000] {processor.py:840} INFO - DAG(s) 'example_xcom' retrieved from /home/airflow/.local/lib/python3.8/site-packages/airflow/example_dags/example_xcom.py
[2025-07-21T08:39:02.630+0000] {logging_mixin.py:188} INFO - [2025-07-21T08:39:02.629+0000] {dag.py:3036} INFO - Sync 1 DAGs
[2025-07-21T08:39:02.716+0000] {logging_mixin.py:188} INFO - [2025-07-21T08:39:02.715+0000] {dag.py:3823} INFO - Setting next_dagrun for example_xcom to 2021-01-01 00:00:00+00:00, run_after=2021-01-01 00:00:00+00:00
[2025-07-21T08:39:02.806+0000] {processor.py:183} INFO - Processing /home/airflow/.local/lib/python3.8/site-packages/airflow/example_dags/example_xcom.py took 0.370 seconds
[2025-07-21T08:39:33.419+0000] {processor.py:161} INFO - Started process (PID=2387) to work on /home/airflow/.local/lib/python3.8/site-packages/airflow/example_dags/example_xcom.py
[2025-07-21T08:39:33.421+0000] {processor.py:830} INFO - Processing file /home/airflow/.local/lib/python3.8/site-packages/airflow/example_dags/example_xcom.py for tasks to queue
[2025-07-21T08:39:33.428+0000] {logging_mixin.py:188} INFO - [2025-07-21T08:39:33.427+0000] {dagbag.py:538} INFO - Filling up the DagBag from /home/airflow/.local/lib/python3.8/site-packages/airflow/example_dags/example_xcom.py
[2025-07-21T08:39:33.453+0000] {processor.py:840} INFO - DAG(s) 'example_xcom' retrieved from /home/airflow/.local/lib/python3.8/site-packages/airflow/example_dags/example_xcom.py
[2025-07-21T08:39:33.509+0000] {logging_mixin.py:188} INFO - [2025-07-21T08:39:33.509+0000] {dag.py:3036} INFO - Sync 1 DAGs
[2025-07-21T08:39:33.593+0000] {logging_mixin.py:188} INFO - [2025-07-21T08:39:33.592+0000] {dag.py:3823} INFO - Setting next_dagrun for example_xcom to 2021-01-01 00:00:00+00:00, run_after=2021-01-01 00:00:00+00:00
[2025-07-21T08:39:33.645+0000] {processor.py:183} INFO - Processing /home/airflow/.local/lib/python3.8/site-packages/airflow/example_dags/example_xcom.py took 0.237 seconds
[2025-07-21T08:40:04.244+0000] {processor.py:161} INFO - Started process (PID=2442) to work on /home/airflow/.local/lib/python3.8/site-packages/airflow/example_dags/example_xcom.py
[2025-07-21T08:40:04.246+0000] {processor.py:830} INFO - Processing file /home/airflow/.local/lib/python3.8/site-packages/airflow/example_dags/example_xcom.py for tasks to queue
[2025-07-21T08:40:04.252+0000] {logging_mixin.py:188} INFO - [2025-07-21T08:40:04.251+0000] {dagbag.py:538} INFO - Filling up the DagBag from /home/airflow/.local/lib/python3.8/site-packages/airflow/example_dags/example_xcom.py
[2025-07-21T08:40:04.274+0000] {processor.py:840} INFO - DAG(s) 'example_xcom' retrieved from /home/airflow/.local/lib/python3.8/site-packages/airflow/example_dags/example_xcom.py
[2025-07-21T08:40:04.337+0000] {logging_mixin.py:188} INFO - [2025-07-21T08:40:04.336+0000] {dag.py:3036} INFO - Sync 1 DAGs
[2025-07-21T08:40:04.393+0000] {logging_mixin.py:188} INFO - [2025-07-21T08:40:04.393+0000] {dag.py:3823} INFO - Setting next_dagrun for example_xcom to 2021-01-01 00:00:00+00:00, run_after=2021-01-01 00:00:00+00:00
[2025-07-21T08:40:04.449+0000] {processor.py:183} INFO - Processing /home/airflow/.local/lib/python3.8/site-packages/airflow/example_dags/example_xcom.py took 0.216 seconds
[2025-07-21T08:40:35.100+0000] {processor.py:161} INFO - Started process (PID=2496) to work on /home/airflow/.local/lib/python3.8/site-packages/airflow/example_dags/example_xcom.py
[2025-07-21T08:40:35.104+0000] {processor.py:830} INFO - Processing file /home/airflow/.local/lib/python3.8/site-packages/airflow/example_dags/example_xcom.py for tasks to queue
[2025-07-21T08:40:35.110+0000] {logging_mixin.py:188} INFO - [2025-07-21T08:40:35.109+0000] {dagbag.py:538} INFO - Filling up the DagBag from /home/airflow/.local/lib/python3.8/site-packages/airflow/example_dags/example_xcom.py
[2025-07-21T08:40:35.146+0000] {processor.py:840} INFO - DAG(s) 'example_xcom' retrieved from /home/airflow/.local/lib/python3.8/site-packages/airflow/example_dags/example_xcom.py
[2025-07-21T08:40:35.617+0000] {logging_mixin.py:188} INFO - [2025-07-21T08:40:35.616+0000] {dag.py:3036} INFO - Sync 1 DAGs
[2025-07-21T08:40:35.671+0000] {logging_mixin.py:188} INFO - [2025-07-21T08:40:35.670+0000] {dag.py:3823} INFO - Setting next_dagrun for example_xcom to 2021-01-01 00:00:00+00:00, run_after=2021-01-01 00:00:00+00:00
[2025-07-21T08:40:35.717+0000] {processor.py:183} INFO - Processing /home/airflow/.local/lib/python3.8/site-packages/airflow/example_dags/example_xcom.py took 0.631 seconds
[2025-07-21T08:41:06.302+0000] {processor.py:161} INFO - Started process (PID=2551) to work on /home/airflow/.local/lib/python3.8/site-packages/airflow/example_dags/example_xcom.py
[2025-07-21T08:41:06.307+0000] {processor.py:830} INFO - Processing file /home/airflow/.local/lib/python3.8/site-packages/airflow/example_dags/example_xcom.py for tasks to queue
[2025-07-21T08:41:06.311+0000] {logging_mixin.py:188} INFO - [2025-07-21T08:41:06.311+0000] {dagbag.py:538} INFO - Filling up the DagBag from /home/airflow/.local/lib/python3.8/site-packages/airflow/example_dags/example_xcom.py
[2025-07-21T08:41:06.334+0000] {processor.py:840} INFO - DAG(s) 'example_xcom' retrieved from /home/airflow/.local/lib/python3.8/site-packages/airflow/example_dags/example_xcom.py
[2025-07-21T08:41:06.373+0000] {logging_mixin.py:188} INFO - [2025-07-21T08:41:06.372+0000] {dag.py:3036} INFO - Sync 1 DAGs
[2025-07-21T08:41:06.723+0000] {logging_mixin.py:188} INFO - [2025-07-21T08:41:06.723+0000] {dag.py:3823} INFO - Setting next_dagrun for example_xcom to 2021-01-01 00:00:00+00:00, run_after=2021-01-01 00:00:00+00:00
[2025-07-21T08:41:06.754+0000] {processor.py:183} INFO - Processing /home/airflow/.local/lib/python3.8/site-packages/airflow/example_dags/example_xcom.py took 0.461 seconds
[2025-07-21T08:41:37.236+0000] {processor.py:161} INFO - Started process (PID=2606) to work on /home/airflow/.local/lib/python3.8/site-packages/airflow/example_dags/example_xcom.py
[2025-07-21T08:41:37.253+0000] {processor.py:830} INFO - Processing file /home/airflow/.local/lib/python3.8/site-packages/airflow/example_dags/example_xcom.py for tasks to queue
[2025-07-21T08:41:37.268+0000] {logging_mixin.py:188} INFO - [2025-07-21T08:41:37.267+0000] {dagbag.py:538} INFO - Filling up the DagBag from /home/airflow/.local/lib/python3.8/site-packages/airflow/example_dags/example_xcom.py
[2025-07-21T08:41:37.318+0000] {processor.py:840} INFO - DAG(s) 'example_xcom' retrieved from /home/airflow/.local/lib/python3.8/site-packages/airflow/example_dags/example_xcom.py
[2025-07-21T08:41:37.488+0000] {logging_mixin.py:188} INFO - [2025-07-21T08:41:37.488+0000] {dag.py:3036} INFO - Sync 1 DAGs
[2025-07-21T08:41:37.550+0000] {logging_mixin.py:188} INFO - [2025-07-21T08:41:37.550+0000] {dag.py:3823} INFO - Setting next_dagrun for example_xcom to 2021-01-01 00:00:00+00:00, run_after=2021-01-01 00:00:00+00:00
[2025-07-21T08:41:37.624+0000] {processor.py:183} INFO - Processing /home/airflow/.local/lib/python3.8/site-packages/airflow/example_dags/example_xcom.py took 0.405 seconds
[2025-07-21T08:42:08.197+0000] {processor.py:161} INFO - Started process (PID=2661) to work on /home/airflow/.local/lib/python3.8/site-packages/airflow/example_dags/example_xcom.py
[2025-07-21T08:42:08.200+0000] {processor.py:830} INFO - Processing file /home/airflow/.local/lib/python3.8/site-packages/airflow/example_dags/example_xcom.py for tasks to queue
[2025-07-21T08:42:08.205+0000] {logging_mixin.py:188} INFO - [2025-07-21T08:42:08.205+0000] {dagbag.py:538} INFO - Filling up the DagBag from /home/airflow/.local/lib/python3.8/site-packages/airflow/example_dags/example_xcom.py
[2025-07-21T08:42:08.226+0000] {processor.py:840} INFO - DAG(s) 'example_xcom' retrieved from /home/airflow/.local/lib/python3.8/site-packages/airflow/example_dags/example_xcom.py
[2025-07-21T08:42:08.279+0000] {logging_mixin.py:188} INFO - [2025-07-21T08:42:08.279+0000] {dag.py:3036} INFO - Sync 1 DAGs
[2025-07-21T08:42:08.368+0000] {logging_mixin.py:188} INFO - [2025-07-21T08:42:08.362+0000] {dag.py:3823} INFO - Setting next_dagrun for example_xcom to 2021-01-01 00:00:00+00:00, run_after=2021-01-01 00:00:00+00:00
[2025-07-21T08:42:08.411+0000] {processor.py:183} INFO - Processing /home/airflow/.local/lib/python3.8/site-packages/airflow/example_dags/example_xcom.py took 0.224 seconds
[2025-07-21T08:42:39.344+0000] {processor.py:161} INFO - Started process (PID=2716) to work on /home/airflow/.local/lib/python3.8/site-packages/airflow/example_dags/example_xcom.py
[2025-07-21T08:42:39.346+0000] {processor.py:830} INFO - Processing file /home/airflow/.local/lib/python3.8/site-packages/airflow/example_dags/example_xcom.py for tasks to queue
[2025-07-21T08:42:39.357+0000] {logging_mixin.py:188} INFO - [2025-07-21T08:42:39.357+0000] {dagbag.py:538} INFO - Filling up the DagBag from /home/airflow/.local/lib/python3.8/site-packages/airflow/example_dags/example_xcom.py
[2025-07-21T08:42:39.382+0000] {processor.py:840} INFO - DAG(s) 'example_xcom' retrieved from /home/airflow/.local/lib/python3.8/site-packages/airflow/example_dags/example_xcom.py
[2025-07-21T08:42:39.442+0000] {logging_mixin.py:188} INFO - [2025-07-21T08:42:39.441+0000] {dag.py:3036} INFO - Sync 1 DAGs
[2025-07-21T08:42:39.489+0000] {logging_mixin.py:188} INFO - [2025-07-21T08:42:39.489+0000] {dag.py:3823} INFO - Setting next_dagrun for example_xcom to 2021-01-01 00:00:00+00:00, run_after=2021-01-01 00:00:00+00:00
[2025-07-21T08:42:39.531+0000] {processor.py:183} INFO - Processing /home/airflow/.local/lib/python3.8/site-packages/airflow/example_dags/example_xcom.py took 0.198 seconds
[2025-07-21T08:43:10.652+0000] {processor.py:161} INFO - Started process (PID=2771) to work on /home/airflow/.local/lib/python3.8/site-packages/airflow/example_dags/example_xcom.py
[2025-07-21T08:43:10.658+0000] {processor.py:830} INFO - Processing file /home/airflow/.local/lib/python3.8/site-packages/airflow/example_dags/example_xcom.py for tasks to queue
[2025-07-21T08:43:10.673+0000] {logging_mixin.py:188} INFO - [2025-07-21T08:43:10.672+0000] {dagbag.py:538} INFO - Filling up the DagBag from /home/airflow/.local/lib/python3.8/site-packages/airflow/example_dags/example_xcom.py
[2025-07-21T08:43:10.726+0000] {processor.py:840} INFO - DAG(s) 'example_xcom' retrieved from /home/airflow/.local/lib/python3.8/site-packages/airflow/example_dags/example_xcom.py
[2025-07-21T08:43:10.957+0000] {logging_mixin.py:188} INFO - [2025-07-21T08:43:10.951+0000] {dag.py:3036} INFO - Sync 1 DAGs
[2025-07-21T08:43:11.027+0000] {logging_mixin.py:188} INFO - [2025-07-21T08:43:11.026+0000] {dag.py:3823} INFO - Setting next_dagrun for example_xcom to 2021-01-01 00:00:00+00:00, run_after=2021-01-01 00:00:00+00:00
[2025-07-21T08:43:11.071+0000] {processor.py:183} INFO - Processing /home/airflow/.local/lib/python3.8/site-packages/airflow/example_dags/example_xcom.py took 0.454 seconds
[2025-07-21T08:43:42.342+0000] {processor.py:161} INFO - Started process (PID=2827) to work on /home/airflow/.local/lib/python3.8/site-packages/airflow/example_dags/example_xcom.py
[2025-07-21T08:43:42.345+0000] {processor.py:830} INFO - Processing file /home/airflow/.local/lib/python3.8/site-packages/airflow/example_dags/example_xcom.py for tasks to queue
[2025-07-21T08:43:42.350+0000] {logging_mixin.py:188} INFO - [2025-07-21T08:43:42.350+0000] {dagbag.py:538} INFO - Filling up the DagBag from /home/airflow/.local/lib/python3.8/site-packages/airflow/example_dags/example_xcom.py
[2025-07-21T08:43:42.372+0000] {processor.py:840} INFO - DAG(s) 'example_xcom' retrieved from /home/airflow/.local/lib/python3.8/site-packages/airflow/example_dags/example_xcom.py
[2025-07-21T08:43:42.595+0000] {logging_mixin.py:188} INFO - [2025-07-21T08:43:42.595+0000] {dag.py:3036} INFO - Sync 1 DAGs
[2025-07-21T08:43:42.774+0000] {logging_mixin.py:188} INFO - [2025-07-21T08:43:42.774+0000] {dag.py:3823} INFO - Setting next_dagrun for example_xcom to 2021-01-01 00:00:00+00:00, run_after=2021-01-01 00:00:00+00:00
[2025-07-21T08:43:42.844+0000] {processor.py:183} INFO - Processing /home/airflow/.local/lib/python3.8/site-packages/airflow/example_dags/example_xcom.py took 0.512 seconds
