[2025-07-21T08:14:50.627+0000] {processor.py:161} INFO - Started process (PID=99) to work on /home/airflow/.local/lib/python3.8/site-packages/airflow/example_dags/example_skip_dag.py
[2025-07-21T08:14:50.630+0000] {processor.py:830} INFO - Processing file /home/airflow/.local/lib/python3.8/site-packages/airflow/example_dags/example_skip_dag.py for tasks to queue
[2025-07-21T08:14:50.667+0000] {logging_mixin.py:188} INFO - [2025-07-21T08:14:50.666+0000] {dagbag.py:538} INFO - Filling up the DagBag from /home/airflow/.local/lib/python3.8/site-packages/airflow/example_dags/example_skip_dag.py
[2025-07-21T08:14:50.690+0000] {processor.py:840} INFO - DAG(s) 'example_skip_dag' retrieved from /home/airflow/.local/lib/python3.8/site-packages/airflow/example_dags/example_skip_dag.py
[2025-07-21T08:14:50.906+0000] {logging_mixin.py:188} INFO - [2025-07-21T08:14:50.906+0000] {dag.py:3036} INFO - Sync 1 DAGs
[2025-07-21T08:14:51.032+0000] {logging_mixin.py:188} INFO - [2025-07-21T08:14:51.031+0000] {dag.py:3823} INFO - Setting next_dagrun for example_skip_dag to 2025-07-20 00:00:00+00:00, run_after=2025-07-21 00:00:00+00:00
[2025-07-21T08:14:51.288+0000] {processor.py:183} INFO - Processing /home/airflow/.local/lib/python3.8/site-packages/airflow/example_dags/example_skip_dag.py took 0.678 seconds
[2025-07-21T08:15:25.342+0000] {processor.py:161} INFO - Started process (PID=155) to work on /home/airflow/.local/lib/python3.8/site-packages/airflow/example_dags/example_skip_dag.py
[2025-07-21T08:15:25.346+0000] {processor.py:830} INFO - Processing file /home/airflow/.local/lib/python3.8/site-packages/airflow/example_dags/example_skip_dag.py for tasks to queue
[2025-07-21T08:15:25.351+0000] {logging_mixin.py:188} INFO - [2025-07-21T08:15:25.351+0000] {dagbag.py:538} INFO - Filling up the DagBag from /home/airflow/.local/lib/python3.8/site-packages/airflow/example_dags/example_skip_dag.py
[2025-07-21T08:15:25.401+0000] {processor.py:840} INFO - DAG(s) 'example_skip_dag' retrieved from /home/airflow/.local/lib/python3.8/site-packages/airflow/example_dags/example_skip_dag.py
[2025-07-21T08:15:25.673+0000] {logging_mixin.py:188} INFO - [2025-07-21T08:15:25.673+0000] {dag.py:3036} INFO - Sync 1 DAGs
[2025-07-21T08:15:25.777+0000] {logging_mixin.py:188} INFO - [2025-07-21T08:15:25.777+0000] {dag.py:3823} INFO - Setting next_dagrun for example_skip_dag to 2025-07-20 00:00:00+00:00, run_after=2025-07-21 00:00:00+00:00
[2025-07-21T08:15:25.904+0000] {processor.py:183} INFO - Processing /home/airflow/.local/lib/python3.8/site-packages/airflow/example_dags/example_skip_dag.py took 0.569 seconds
[2025-07-21T08:16:10.748+0000] {processor.py:161} INFO - Started process (PID=213) to work on /home/airflow/.local/lib/python3.8/site-packages/airflow/example_dags/example_skip_dag.py
[2025-07-21T08:16:10.763+0000] {processor.py:830} INFO - Processing file /home/airflow/.local/lib/python3.8/site-packages/airflow/example_dags/example_skip_dag.py for tasks to queue
[2025-07-21T08:16:10.794+0000] {logging_mixin.py:188} INFO - [2025-07-21T08:16:10.778+0000] {dagbag.py:538} INFO - Filling up the DagBag from /home/airflow/.local/lib/python3.8/site-packages/airflow/example_dags/example_skip_dag.py
[2025-07-21T08:16:10.943+0000] {processor.py:840} INFO - DAG(s) 'example_skip_dag' retrieved from /home/airflow/.local/lib/python3.8/site-packages/airflow/example_dags/example_skip_dag.py
[2025-07-21T08:16:11.073+0000] {logging_mixin.py:188} INFO - [2025-07-21T08:16:11.073+0000] {dag.py:3036} INFO - Sync 1 DAGs
[2025-07-21T08:16:11.222+0000] {logging_mixin.py:188} INFO - [2025-07-21T08:16:11.222+0000] {dag.py:3823} INFO - Setting next_dagrun for example_skip_dag to 2025-07-20 00:00:00+00:00, run_after=2025-07-21 00:00:00+00:00
[2025-07-21T08:16:11.368+0000] {processor.py:183} INFO - Processing /home/airflow/.local/lib/python3.8/site-packages/airflow/example_dags/example_skip_dag.py took 0.718 seconds
[2025-07-21T08:16:50.913+0000] {processor.py:161} INFO - Started process (PID=274) to work on /home/airflow/.local/lib/python3.8/site-packages/airflow/example_dags/example_skip_dag.py
[2025-07-21T08:16:50.939+0000] {processor.py:830} INFO - Processing file /home/airflow/.local/lib/python3.8/site-packages/airflow/example_dags/example_skip_dag.py for tasks to queue
[2025-07-21T08:16:50.962+0000] {logging_mixin.py:188} INFO - [2025-07-21T08:16:50.962+0000] {dagbag.py:538} INFO - Filling up the DagBag from /home/airflow/.local/lib/python3.8/site-packages/airflow/example_dags/example_skip_dag.py
[2025-07-21T08:16:50.996+0000] {processor.py:840} INFO - DAG(s) 'example_skip_dag' retrieved from /home/airflow/.local/lib/python3.8/site-packages/airflow/example_dags/example_skip_dag.py
[2025-07-21T08:16:51.435+0000] {logging_mixin.py:188} INFO - [2025-07-21T08:16:51.435+0000] {dag.py:3036} INFO - Sync 1 DAGs
[2025-07-21T08:16:51.806+0000] {logging_mixin.py:188} INFO - [2025-07-21T08:16:51.806+0000] {dag.py:3823} INFO - Setting next_dagrun for example_skip_dag to 2025-07-20 00:00:00+00:00, run_after=2025-07-21 00:00:00+00:00
[2025-07-21T08:16:52.532+0000] {processor.py:183} INFO - Processing /home/airflow/.local/lib/python3.8/site-packages/airflow/example_dags/example_skip_dag.py took 1.626 seconds
[2025-07-21T08:17:57.729+0000] {processor.py:161} INFO - Started process (PID=335) to work on /home/airflow/.local/lib/python3.8/site-packages/airflow/example_dags/example_skip_dag.py
[2025-07-21T08:17:57.805+0000] {processor.py:830} INFO - Processing file /home/airflow/.local/lib/python3.8/site-packages/airflow/example_dags/example_skip_dag.py for tasks to queue
[2025-07-21T08:17:58.020+0000] {logging_mixin.py:188} INFO - [2025-07-21T08:17:58.019+0000] {dagbag.py:538} INFO - Filling up the DagBag from /home/airflow/.local/lib/python3.8/site-packages/airflow/example_dags/example_skip_dag.py
[2025-07-21T08:17:58.153+0000] {processor.py:840} INFO - DAG(s) 'example_skip_dag' retrieved from /home/airflow/.local/lib/python3.8/site-packages/airflow/example_dags/example_skip_dag.py
[2025-07-21T08:17:58.269+0000] {logging_mixin.py:188} INFO - [2025-07-21T08:17:58.269+0000] {dag.py:3036} INFO - Sync 1 DAGs
[2025-07-21T08:17:58.604+0000] {logging_mixin.py:188} INFO - [2025-07-21T08:17:58.603+0000] {dag.py:3823} INFO - Setting next_dagrun for example_skip_dag to 2025-07-20 00:00:00+00:00, run_after=2025-07-21 00:00:00+00:00
[2025-07-21T08:17:58.939+0000] {processor.py:183} INFO - Processing /home/airflow/.local/lib/python3.8/site-packages/airflow/example_dags/example_skip_dag.py took 1.233 seconds
[2025-07-21T08:19:35.701+0000] {processor.py:161} INFO - Started process (PID=406) to work on /home/airflow/.local/lib/python3.8/site-packages/airflow/example_dags/example_skip_dag.py
[2025-07-21T08:19:35.766+0000] {processor.py:830} INFO - Processing file /home/airflow/.local/lib/python3.8/site-packages/airflow/example_dags/example_skip_dag.py for tasks to queue
[2025-07-21T08:19:35.843+0000] {logging_mixin.py:188} INFO - [2025-07-21T08:19:35.843+0000] {dagbag.py:538} INFO - Filling up the DagBag from /home/airflow/.local/lib/python3.8/site-packages/airflow/example_dags/example_skip_dag.py
[2025-07-21T08:19:35.914+0000] {processor.py:840} INFO - DAG(s) 'example_skip_dag' retrieved from /home/airflow/.local/lib/python3.8/site-packages/airflow/example_dags/example_skip_dag.py
[2025-07-21T08:19:36.544+0000] {logging_mixin.py:188} INFO - [2025-07-21T08:19:36.543+0000] {dag.py:3036} INFO - Sync 1 DAGs
[2025-07-21T08:19:36.779+0000] {logging_mixin.py:188} INFO - [2025-07-21T08:19:36.779+0000] {dag.py:3823} INFO - Setting next_dagrun for example_skip_dag to 2025-07-20 00:00:00+00:00, run_after=2025-07-21 00:00:00+00:00
[2025-07-21T08:19:36.865+0000] {processor.py:183} INFO - Processing /home/airflow/.local/lib/python3.8/site-packages/airflow/example_dags/example_skip_dag.py took 1.233 seconds
[2025-07-21T08:20:15.541+0000] {processor.py:161} INFO - Started process (PID=461) to work on /home/airflow/.local/lib/python3.8/site-packages/airflow/example_dags/example_skip_dag.py
[2025-07-21T08:20:15.547+0000] {processor.py:830} INFO - Processing file /home/airflow/.local/lib/python3.8/site-packages/airflow/example_dags/example_skip_dag.py for tasks to queue
[2025-07-21T08:20:15.568+0000] {logging_mixin.py:188} INFO - [2025-07-21T08:20:15.568+0000] {dagbag.py:538} INFO - Filling up the DagBag from /home/airflow/.local/lib/python3.8/site-packages/airflow/example_dags/example_skip_dag.py
[2025-07-21T08:20:15.590+0000] {processor.py:840} INFO - DAG(s) 'example_skip_dag' retrieved from /home/airflow/.local/lib/python3.8/site-packages/airflow/example_dags/example_skip_dag.py
[2025-07-21T08:20:15.689+0000] {logging_mixin.py:188} INFO - [2025-07-21T08:20:15.688+0000] {dag.py:3036} INFO - Sync 1 DAGs
[2025-07-21T08:20:15.821+0000] {logging_mixin.py:188} INFO - [2025-07-21T08:20:15.821+0000] {dag.py:3823} INFO - Setting next_dagrun for example_skip_dag to 2025-07-20 00:00:00+00:00, run_after=2025-07-21 00:00:00+00:00
[2025-07-21T08:20:15.933+0000] {processor.py:183} INFO - Processing /home/airflow/.local/lib/python3.8/site-packages/airflow/example_dags/example_skip_dag.py took 0.411 seconds
[2025-07-21T08:21:11.553+0000] {processor.py:161} INFO - Started process (PID=515) to work on /home/airflow/.local/lib/python3.8/site-packages/airflow/example_dags/example_skip_dag.py
[2025-07-21T08:21:11.569+0000] {processor.py:830} INFO - Processing file /home/airflow/.local/lib/python3.8/site-packages/airflow/example_dags/example_skip_dag.py for tasks to queue
[2025-07-21T08:21:11.600+0000] {logging_mixin.py:188} INFO - [2025-07-21T08:21:11.600+0000] {dagbag.py:538} INFO - Filling up the DagBag from /home/airflow/.local/lib/python3.8/site-packages/airflow/example_dags/example_skip_dag.py
[2025-07-21T08:21:11.718+0000] {processor.py:840} INFO - DAG(s) 'example_skip_dag' retrieved from /home/airflow/.local/lib/python3.8/site-packages/airflow/example_dags/example_skip_dag.py
[2025-07-21T08:21:12.113+0000] {logging_mixin.py:188} INFO - [2025-07-21T08:21:12.112+0000] {dag.py:3036} INFO - Sync 1 DAGs
[2025-07-21T08:21:12.427+0000] {logging_mixin.py:188} INFO - [2025-07-21T08:21:12.427+0000] {dag.py:3823} INFO - Setting next_dagrun for example_skip_dag to 2025-07-20 00:00:00+00:00, run_after=2025-07-21 00:00:00+00:00
[2025-07-21T08:21:12.661+0000] {processor.py:183} INFO - Processing /home/airflow/.local/lib/python3.8/site-packages/airflow/example_dags/example_skip_dag.py took 1.170 seconds
[2025-07-21T08:21:43.571+0000] {processor.py:161} INFO - Started process (PID=570) to work on /home/airflow/.local/lib/python3.8/site-packages/airflow/example_dags/example_skip_dag.py
[2025-07-21T08:21:43.573+0000] {processor.py:830} INFO - Processing file /home/airflow/.local/lib/python3.8/site-packages/airflow/example_dags/example_skip_dag.py for tasks to queue
[2025-07-21T08:21:43.577+0000] {logging_mixin.py:188} INFO - [2025-07-21T08:21:43.576+0000] {dagbag.py:538} INFO - Filling up the DagBag from /home/airflow/.local/lib/python3.8/site-packages/airflow/example_dags/example_skip_dag.py
[2025-07-21T08:21:43.632+0000] {processor.py:840} INFO - DAG(s) 'example_skip_dag' retrieved from /home/airflow/.local/lib/python3.8/site-packages/airflow/example_dags/example_skip_dag.py
[2025-07-21T08:21:43.984+0000] {logging_mixin.py:188} INFO - [2025-07-21T08:21:43.973+0000] {dag.py:3036} INFO - Sync 1 DAGs
[2025-07-21T08:21:44.149+0000] {logging_mixin.py:188} INFO - [2025-07-21T08:21:44.149+0000] {dag.py:3823} INFO - Setting next_dagrun for example_skip_dag to 2025-07-20 00:00:00+00:00, run_after=2025-07-21 00:00:00+00:00
[2025-07-21T08:21:44.226+0000] {processor.py:183} INFO - Processing /home/airflow/.local/lib/python3.8/site-packages/airflow/example_dags/example_skip_dag.py took 0.662 seconds
[2025-07-21T08:22:28.327+0000] {processor.py:161} INFO - Started process (PID=630) to work on /home/airflow/.local/lib/python3.8/site-packages/airflow/example_dags/example_skip_dag.py
[2025-07-21T08:22:28.370+0000] {processor.py:830} INFO - Processing file /home/airflow/.local/lib/python3.8/site-packages/airflow/example_dags/example_skip_dag.py for tasks to queue
[2025-07-21T08:22:28.387+0000] {logging_mixin.py:188} INFO - [2025-07-21T08:22:28.386+0000] {dagbag.py:538} INFO - Filling up the DagBag from /home/airflow/.local/lib/python3.8/site-packages/airflow/example_dags/example_skip_dag.py
[2025-07-21T08:22:28.438+0000] {processor.py:840} INFO - DAG(s) 'example_skip_dag' retrieved from /home/airflow/.local/lib/python3.8/site-packages/airflow/example_dags/example_skip_dag.py
[2025-07-21T08:22:28.593+0000] {logging_mixin.py:188} INFO - [2025-07-21T08:22:28.592+0000] {dag.py:3036} INFO - Sync 1 DAGs
[2025-07-21T08:22:28.932+0000] {logging_mixin.py:188} INFO - [2025-07-21T08:22:28.932+0000] {dag.py:3823} INFO - Setting next_dagrun for example_skip_dag to 2025-07-20 00:00:00+00:00, run_after=2025-07-21 00:00:00+00:00
[2025-07-21T08:22:29.323+0000] {processor.py:183} INFO - Processing /home/airflow/.local/lib/python3.8/site-packages/airflow/example_dags/example_skip_dag.py took 0.925 seconds
[2025-07-21T08:23:08.586+0000] {processor.py:161} INFO - Started process (PID=682) to work on /home/airflow/.local/lib/python3.8/site-packages/airflow/example_dags/example_skip_dag.py
[2025-07-21T08:23:08.608+0000] {processor.py:830} INFO - Processing file /home/airflow/.local/lib/python3.8/site-packages/airflow/example_dags/example_skip_dag.py for tasks to queue
[2025-07-21T08:23:08.629+0000] {logging_mixin.py:188} INFO - [2025-07-21T08:23:08.628+0000] {dagbag.py:538} INFO - Filling up the DagBag from /home/airflow/.local/lib/python3.8/site-packages/airflow/example_dags/example_skip_dag.py
[2025-07-21T08:23:08.669+0000] {processor.py:840} INFO - DAG(s) 'example_skip_dag' retrieved from /home/airflow/.local/lib/python3.8/site-packages/airflow/example_dags/example_skip_dag.py
[2025-07-21T08:23:08.880+0000] {logging_mixin.py:188} INFO - [2025-07-21T08:23:08.879+0000] {dag.py:3036} INFO - Sync 1 DAGs
[2025-07-21T08:23:09.198+0000] {logging_mixin.py:188} INFO - [2025-07-21T08:23:09.170+0000] {dag.py:3823} INFO - Setting next_dagrun for example_skip_dag to 2025-07-20 00:00:00+00:00, run_after=2025-07-21 00:00:00+00:00
[2025-07-21T08:23:09.350+0000] {processor.py:183} INFO - Processing /home/airflow/.local/lib/python3.8/site-packages/airflow/example_dags/example_skip_dag.py took 0.778 seconds
[2025-07-21T08:23:39.570+0000] {processor.py:161} INFO - Started process (PID=738) to work on /home/airflow/.local/lib/python3.8/site-packages/airflow/example_dags/example_skip_dag.py
[2025-07-21T08:23:39.578+0000] {processor.py:830} INFO - Processing file /home/airflow/.local/lib/python3.8/site-packages/airflow/example_dags/example_skip_dag.py for tasks to queue
[2025-07-21T08:23:39.585+0000] {logging_mixin.py:188} INFO - [2025-07-21T08:23:39.584+0000] {dagbag.py:538} INFO - Filling up the DagBag from /home/airflow/.local/lib/python3.8/site-packages/airflow/example_dags/example_skip_dag.py
[2025-07-21T08:23:39.613+0000] {processor.py:840} INFO - DAG(s) 'example_skip_dag' retrieved from /home/airflow/.local/lib/python3.8/site-packages/airflow/example_dags/example_skip_dag.py
[2025-07-21T08:23:39.816+0000] {logging_mixin.py:188} INFO - [2025-07-21T08:23:39.815+0000] {dag.py:3036} INFO - Sync 1 DAGs
[2025-07-21T08:23:40.140+0000] {logging_mixin.py:188} INFO - [2025-07-21T08:23:40.140+0000] {dag.py:3823} INFO - Setting next_dagrun for example_skip_dag to 2025-07-20 00:00:00+00:00, run_after=2025-07-21 00:00:00+00:00
[2025-07-21T08:23:40.257+0000] {processor.py:183} INFO - Processing /home/airflow/.local/lib/python3.8/site-packages/airflow/example_dags/example_skip_dag.py took 0.695 seconds
[2025-07-21T08:24:11.026+0000] {processor.py:161} INFO - Started process (PID=792) to work on /home/airflow/.local/lib/python3.8/site-packages/airflow/example_dags/example_skip_dag.py
[2025-07-21T08:24:11.029+0000] {processor.py:830} INFO - Processing file /home/airflow/.local/lib/python3.8/site-packages/airflow/example_dags/example_skip_dag.py for tasks to queue
[2025-07-21T08:24:11.043+0000] {logging_mixin.py:188} INFO - [2025-07-21T08:24:11.043+0000] {dagbag.py:538} INFO - Filling up the DagBag from /home/airflow/.local/lib/python3.8/site-packages/airflow/example_dags/example_skip_dag.py
[2025-07-21T08:24:11.082+0000] {processor.py:840} INFO - DAG(s) 'example_skip_dag' retrieved from /home/airflow/.local/lib/python3.8/site-packages/airflow/example_dags/example_skip_dag.py
[2025-07-21T08:24:11.210+0000] {logging_mixin.py:188} INFO - [2025-07-21T08:24:11.209+0000] {dag.py:3036} INFO - Sync 1 DAGs
[2025-07-21T08:24:11.342+0000] {logging_mixin.py:188} INFO - [2025-07-21T08:24:11.342+0000] {dag.py:3823} INFO - Setting next_dagrun for example_skip_dag to 2025-07-20 00:00:00+00:00, run_after=2025-07-21 00:00:00+00:00
[2025-07-21T08:24:11.535+0000] {processor.py:183} INFO - Processing /home/airflow/.local/lib/python3.8/site-packages/airflow/example_dags/example_skip_dag.py took 0.564 seconds
[2025-07-21T08:24:42.253+0000] {processor.py:161} INFO - Started process (PID=847) to work on /home/airflow/.local/lib/python3.8/site-packages/airflow/example_dags/example_skip_dag.py
[2025-07-21T08:24:42.266+0000] {processor.py:830} INFO - Processing file /home/airflow/.local/lib/python3.8/site-packages/airflow/example_dags/example_skip_dag.py for tasks to queue
[2025-07-21T08:24:42.281+0000] {logging_mixin.py:188} INFO - [2025-07-21T08:24:42.281+0000] {dagbag.py:538} INFO - Filling up the DagBag from /home/airflow/.local/lib/python3.8/site-packages/airflow/example_dags/example_skip_dag.py
[2025-07-21T08:24:42.297+0000] {processor.py:840} INFO - DAG(s) 'example_skip_dag' retrieved from /home/airflow/.local/lib/python3.8/site-packages/airflow/example_dags/example_skip_dag.py
[2025-07-21T08:24:42.352+0000] {logging_mixin.py:188} INFO - [2025-07-21T08:24:42.352+0000] {dag.py:3036} INFO - Sync 1 DAGs
[2025-07-21T08:24:42.392+0000] {logging_mixin.py:188} INFO - [2025-07-21T08:24:42.391+0000] {dag.py:3823} INFO - Setting next_dagrun for example_skip_dag to 2025-07-20 00:00:00+00:00, run_after=2025-07-21 00:00:00+00:00
[2025-07-21T08:24:42.433+0000] {processor.py:183} INFO - Processing /home/airflow/.local/lib/python3.8/site-packages/airflow/example_dags/example_skip_dag.py took 0.197 seconds
[2025-07-21T08:25:15.685+0000] {processor.py:161} INFO - Started process (PID=902) to work on /home/airflow/.local/lib/python3.8/site-packages/airflow/example_dags/example_skip_dag.py
[2025-07-21T08:25:15.705+0000] {processor.py:830} INFO - Processing file /home/airflow/.local/lib/python3.8/site-packages/airflow/example_dags/example_skip_dag.py for tasks to queue
[2025-07-21T08:25:15.719+0000] {logging_mixin.py:188} INFO - [2025-07-21T08:25:15.718+0000] {dagbag.py:538} INFO - Filling up the DagBag from /home/airflow/.local/lib/python3.8/site-packages/airflow/example_dags/example_skip_dag.py
[2025-07-21T08:25:15.758+0000] {processor.py:840} INFO - DAG(s) 'example_skip_dag' retrieved from /home/airflow/.local/lib/python3.8/site-packages/airflow/example_dags/example_skip_dag.py
[2025-07-21T08:25:15.895+0000] {logging_mixin.py:188} INFO - [2025-07-21T08:25:15.894+0000] {dag.py:3036} INFO - Sync 1 DAGs
[2025-07-21T08:25:16.047+0000] {logging_mixin.py:188} INFO - [2025-07-21T08:25:16.036+0000] {dag.py:3823} INFO - Setting next_dagrun for example_skip_dag to 2025-07-20 00:00:00+00:00, run_after=2025-07-21 00:00:00+00:00
[2025-07-21T08:25:16.143+0000] {processor.py:183} INFO - Processing /home/airflow/.local/lib/python3.8/site-packages/airflow/example_dags/example_skip_dag.py took 0.469 seconds
[2025-07-21T08:25:51.518+0000] {processor.py:161} INFO - Started process (PID=959) to work on /home/airflow/.local/lib/python3.8/site-packages/airflow/example_dags/example_skip_dag.py
[2025-07-21T08:25:51.521+0000] {processor.py:830} INFO - Processing file /home/airflow/.local/lib/python3.8/site-packages/airflow/example_dags/example_skip_dag.py for tasks to queue
[2025-07-21T08:25:51.532+0000] {logging_mixin.py:188} INFO - [2025-07-21T08:25:51.532+0000] {dagbag.py:538} INFO - Filling up the DagBag from /home/airflow/.local/lib/python3.8/site-packages/airflow/example_dags/example_skip_dag.py
[2025-07-21T08:25:51.566+0000] {processor.py:840} INFO - DAG(s) 'example_skip_dag' retrieved from /home/airflow/.local/lib/python3.8/site-packages/airflow/example_dags/example_skip_dag.py
[2025-07-21T08:25:51.662+0000] {logging_mixin.py:188} INFO - [2025-07-21T08:25:51.662+0000] {dag.py:3036} INFO - Sync 1 DAGs
[2025-07-21T08:25:51.772+0000] {logging_mixin.py:188} INFO - [2025-07-21T08:25:51.772+0000] {dag.py:3823} INFO - Setting next_dagrun for example_skip_dag to 2025-07-20 00:00:00+00:00, run_after=2025-07-21 00:00:00+00:00
[2025-07-21T08:25:51.899+0000] {processor.py:183} INFO - Processing /home/airflow/.local/lib/python3.8/site-packages/airflow/example_dags/example_skip_dag.py took 0.389 seconds
[2025-07-21T08:26:24.233+0000] {processor.py:161} INFO - Started process (PID=1021) to work on /home/airflow/.local/lib/python3.8/site-packages/airflow/example_dags/example_skip_dag.py
[2025-07-21T08:26:24.250+0000] {processor.py:830} INFO - Processing file /home/airflow/.local/lib/python3.8/site-packages/airflow/example_dags/example_skip_dag.py for tasks to queue
[2025-07-21T08:26:24.256+0000] {logging_mixin.py:188} INFO - [2025-07-21T08:26:24.255+0000] {dagbag.py:538} INFO - Filling up the DagBag from /home/airflow/.local/lib/python3.8/site-packages/airflow/example_dags/example_skip_dag.py
[2025-07-21T08:26:24.361+0000] {processor.py:840} INFO - DAG(s) 'example_skip_dag' retrieved from /home/airflow/.local/lib/python3.8/site-packages/airflow/example_dags/example_skip_dag.py
[2025-07-21T08:26:24.641+0000] {logging_mixin.py:188} INFO - [2025-07-21T08:26:24.640+0000] {dag.py:3036} INFO - Sync 1 DAGs
[2025-07-21T08:26:24.748+0000] {logging_mixin.py:188} INFO - [2025-07-21T08:26:24.747+0000] {dag.py:3823} INFO - Setting next_dagrun for example_skip_dag to 2025-07-20 00:00:00+00:00, run_after=2025-07-21 00:00:00+00:00
[2025-07-21T08:26:24.851+0000] {processor.py:183} INFO - Processing /home/airflow/.local/lib/python3.8/site-packages/airflow/example_dags/example_skip_dag.py took 0.646 seconds
[2025-07-21T08:26:57.758+0000] {processor.py:161} INFO - Started process (PID=1075) to work on /home/airflow/.local/lib/python3.8/site-packages/airflow/example_dags/example_skip_dag.py
[2025-07-21T08:26:57.760+0000] {processor.py:830} INFO - Processing file /home/airflow/.local/lib/python3.8/site-packages/airflow/example_dags/example_skip_dag.py for tasks to queue
[2025-07-21T08:26:57.765+0000] {logging_mixin.py:188} INFO - [2025-07-21T08:26:57.764+0000] {dagbag.py:538} INFO - Filling up the DagBag from /home/airflow/.local/lib/python3.8/site-packages/airflow/example_dags/example_skip_dag.py
[2025-07-21T08:26:57.793+0000] {processor.py:840} INFO - DAG(s) 'example_skip_dag' retrieved from /home/airflow/.local/lib/python3.8/site-packages/airflow/example_dags/example_skip_dag.py
[2025-07-21T08:26:57.835+0000] {logging_mixin.py:188} INFO - [2025-07-21T08:26:57.835+0000] {dag.py:3036} INFO - Sync 1 DAGs
[2025-07-21T08:26:57.874+0000] {logging_mixin.py:188} INFO - [2025-07-21T08:26:57.874+0000] {dag.py:3823} INFO - Setting next_dagrun for example_skip_dag to 2025-07-20 00:00:00+00:00, run_after=2025-07-21 00:00:00+00:00
[2025-07-21T08:26:57.909+0000] {processor.py:183} INFO - Processing /home/airflow/.local/lib/python3.8/site-packages/airflow/example_dags/example_skip_dag.py took 0.161 seconds
[2025-07-21T08:27:28.960+0000] {processor.py:161} INFO - Started process (PID=1128) to work on /home/airflow/.local/lib/python3.8/site-packages/airflow/example_dags/example_skip_dag.py
[2025-07-21T08:27:28.971+0000] {processor.py:830} INFO - Processing file /home/airflow/.local/lib/python3.8/site-packages/airflow/example_dags/example_skip_dag.py for tasks to queue
[2025-07-21T08:27:28.974+0000] {logging_mixin.py:188} INFO - [2025-07-21T08:27:28.974+0000] {dagbag.py:538} INFO - Filling up the DagBag from /home/airflow/.local/lib/python3.8/site-packages/airflow/example_dags/example_skip_dag.py
[2025-07-21T08:27:28.991+0000] {processor.py:840} INFO - DAG(s) 'example_skip_dag' retrieved from /home/airflow/.local/lib/python3.8/site-packages/airflow/example_dags/example_skip_dag.py
[2025-07-21T08:27:29.070+0000] {logging_mixin.py:188} INFO - [2025-07-21T08:27:29.070+0000] {dag.py:3036} INFO - Sync 1 DAGs
[2025-07-21T08:27:29.117+0000] {logging_mixin.py:188} INFO - [2025-07-21T08:27:29.116+0000] {dag.py:3823} INFO - Setting next_dagrun for example_skip_dag to 2025-07-20 00:00:00+00:00, run_after=2025-07-21 00:00:00+00:00
[2025-07-21T08:27:29.169+0000] {processor.py:183} INFO - Processing /home/airflow/.local/lib/python3.8/site-packages/airflow/example_dags/example_skip_dag.py took 0.215 seconds
[2025-07-21T08:28:00.340+0000] {processor.py:161} INFO - Started process (PID=1183) to work on /home/airflow/.local/lib/python3.8/site-packages/airflow/example_dags/example_skip_dag.py
[2025-07-21T08:28:00.348+0000] {processor.py:830} INFO - Processing file /home/airflow/.local/lib/python3.8/site-packages/airflow/example_dags/example_skip_dag.py for tasks to queue
[2025-07-21T08:28:00.361+0000] {logging_mixin.py:188} INFO - [2025-07-21T08:28:00.361+0000] {dagbag.py:538} INFO - Filling up the DagBag from /home/airflow/.local/lib/python3.8/site-packages/airflow/example_dags/example_skip_dag.py
[2025-07-21T08:28:00.378+0000] {processor.py:840} INFO - DAG(s) 'example_skip_dag' retrieved from /home/airflow/.local/lib/python3.8/site-packages/airflow/example_dags/example_skip_dag.py
[2025-07-21T08:28:00.422+0000] {logging_mixin.py:188} INFO - [2025-07-21T08:28:00.422+0000] {dag.py:3036} INFO - Sync 1 DAGs
[2025-07-21T08:28:00.462+0000] {logging_mixin.py:188} INFO - [2025-07-21T08:28:00.462+0000] {dag.py:3823} INFO - Setting next_dagrun for example_skip_dag to 2025-07-20 00:00:00+00:00, run_after=2025-07-21 00:00:00+00:00
[2025-07-21T08:28:00.492+0000] {processor.py:183} INFO - Processing /home/airflow/.local/lib/python3.8/site-packages/airflow/example_dags/example_skip_dag.py took 0.160 seconds
[2025-07-21T08:28:31.022+0000] {processor.py:161} INFO - Started process (PID=1238) to work on /home/airflow/.local/lib/python3.8/site-packages/airflow/example_dags/example_skip_dag.py
[2025-07-21T08:28:31.025+0000] {processor.py:830} INFO - Processing file /home/airflow/.local/lib/python3.8/site-packages/airflow/example_dags/example_skip_dag.py for tasks to queue
[2025-07-21T08:28:31.031+0000] {logging_mixin.py:188} INFO - [2025-07-21T08:28:31.030+0000] {dagbag.py:538} INFO - Filling up the DagBag from /home/airflow/.local/lib/python3.8/site-packages/airflow/example_dags/example_skip_dag.py
[2025-07-21T08:28:31.067+0000] {processor.py:840} INFO - DAG(s) 'example_skip_dag' retrieved from /home/airflow/.local/lib/python3.8/site-packages/airflow/example_dags/example_skip_dag.py
[2025-07-21T08:28:31.152+0000] {logging_mixin.py:188} INFO - [2025-07-21T08:28:31.151+0000] {dag.py:3036} INFO - Sync 1 DAGs
[2025-07-21T08:28:31.235+0000] {logging_mixin.py:188} INFO - [2025-07-21T08:28:31.234+0000] {dag.py:3823} INFO - Setting next_dagrun for example_skip_dag to 2025-07-20 00:00:00+00:00, run_after=2025-07-21 00:00:00+00:00
[2025-07-21T08:28:31.295+0000] {processor.py:183} INFO - Processing /home/airflow/.local/lib/python3.8/site-packages/airflow/example_dags/example_skip_dag.py took 0.292 seconds
[2025-07-21T08:29:01.784+0000] {processor.py:161} INFO - Started process (PID=1292) to work on /home/airflow/.local/lib/python3.8/site-packages/airflow/example_dags/example_skip_dag.py
[2025-07-21T08:29:01.789+0000] {processor.py:830} INFO - Processing file /home/airflow/.local/lib/python3.8/site-packages/airflow/example_dags/example_skip_dag.py for tasks to queue
[2025-07-21T08:29:01.797+0000] {logging_mixin.py:188} INFO - [2025-07-21T08:29:01.795+0000] {dagbag.py:538} INFO - Filling up the DagBag from /home/airflow/.local/lib/python3.8/site-packages/airflow/example_dags/example_skip_dag.py
[2025-07-21T08:29:01.816+0000] {processor.py:840} INFO - DAG(s) 'example_skip_dag' retrieved from /home/airflow/.local/lib/python3.8/site-packages/airflow/example_dags/example_skip_dag.py
[2025-07-21T08:29:01.869+0000] {logging_mixin.py:188} INFO - [2025-07-21T08:29:01.869+0000] {dag.py:3036} INFO - Sync 1 DAGs
[2025-07-21T08:29:02.016+0000] {logging_mixin.py:188} INFO - [2025-07-21T08:29:02.015+0000] {dag.py:3823} INFO - Setting next_dagrun for example_skip_dag to 2025-07-20 00:00:00+00:00, run_after=2025-07-21 00:00:00+00:00
[2025-07-21T08:29:02.215+0000] {processor.py:183} INFO - Processing /home/airflow/.local/lib/python3.8/site-packages/airflow/example_dags/example_skip_dag.py took 0.455 seconds
[2025-07-21T08:29:32.826+0000] {processor.py:161} INFO - Started process (PID=1348) to work on /home/airflow/.local/lib/python3.8/site-packages/airflow/example_dags/example_skip_dag.py
[2025-07-21T08:29:32.843+0000] {processor.py:830} INFO - Processing file /home/airflow/.local/lib/python3.8/site-packages/airflow/example_dags/example_skip_dag.py for tasks to queue
[2025-07-21T08:29:32.854+0000] {logging_mixin.py:188} INFO - [2025-07-21T08:29:32.852+0000] {dagbag.py:538} INFO - Filling up the DagBag from /home/airflow/.local/lib/python3.8/site-packages/airflow/example_dags/example_skip_dag.py
[2025-07-21T08:29:32.900+0000] {processor.py:840} INFO - DAG(s) 'example_skip_dag' retrieved from /home/airflow/.local/lib/python3.8/site-packages/airflow/example_dags/example_skip_dag.py
[2025-07-21T08:29:32.980+0000] {logging_mixin.py:188} INFO - [2025-07-21T08:29:32.980+0000] {dag.py:3036} INFO - Sync 1 DAGs
[2025-07-21T08:29:33.055+0000] {logging_mixin.py:188} INFO - [2025-07-21T08:29:33.055+0000] {dag.py:3823} INFO - Setting next_dagrun for example_skip_dag to 2025-07-20 00:00:00+00:00, run_after=2025-07-21 00:00:00+00:00
[2025-07-21T08:29:33.121+0000] {processor.py:183} INFO - Processing /home/airflow/.local/lib/python3.8/site-packages/airflow/example_dags/example_skip_dag.py took 0.333 seconds
[2025-07-21T08:30:03.535+0000] {processor.py:161} INFO - Started process (PID=1403) to work on /home/airflow/.local/lib/python3.8/site-packages/airflow/example_dags/example_skip_dag.py
[2025-07-21T08:30:03.550+0000] {processor.py:830} INFO - Processing file /home/airflow/.local/lib/python3.8/site-packages/airflow/example_dags/example_skip_dag.py for tasks to queue
[2025-07-21T08:30:03.568+0000] {logging_mixin.py:188} INFO - [2025-07-21T08:30:03.567+0000] {dagbag.py:538} INFO - Filling up the DagBag from /home/airflow/.local/lib/python3.8/site-packages/airflow/example_dags/example_skip_dag.py
[2025-07-21T08:30:03.595+0000] {processor.py:840} INFO - DAG(s) 'example_skip_dag' retrieved from /home/airflow/.local/lib/python3.8/site-packages/airflow/example_dags/example_skip_dag.py
[2025-07-21T08:30:03.648+0000] {logging_mixin.py:188} INFO - [2025-07-21T08:30:03.647+0000] {dag.py:3036} INFO - Sync 1 DAGs
[2025-07-21T08:30:03.698+0000] {logging_mixin.py:188} INFO - [2025-07-21T08:30:03.697+0000] {dag.py:3823} INFO - Setting next_dagrun for example_skip_dag to 2025-07-20 00:00:00+00:00, run_after=2025-07-21 00:00:00+00:00
[2025-07-21T08:30:03.748+0000] {processor.py:183} INFO - Processing /home/airflow/.local/lib/python3.8/site-packages/airflow/example_dags/example_skip_dag.py took 0.242 seconds
[2025-07-21T08:30:33.904+0000] {processor.py:161} INFO - Started process (PID=1458) to work on /home/airflow/.local/lib/python3.8/site-packages/airflow/example_dags/example_skip_dag.py
[2025-07-21T08:30:33.993+0000] {processor.py:830} INFO - Processing file /home/airflow/.local/lib/python3.8/site-packages/airflow/example_dags/example_skip_dag.py for tasks to queue
[2025-07-21T08:30:34.019+0000] {logging_mixin.py:188} INFO - [2025-07-21T08:30:34.018+0000] {dagbag.py:538} INFO - Filling up the DagBag from /home/airflow/.local/lib/python3.8/site-packages/airflow/example_dags/example_skip_dag.py
[2025-07-21T08:30:34.069+0000] {processor.py:840} INFO - DAG(s) 'example_skip_dag' retrieved from /home/airflow/.local/lib/python3.8/site-packages/airflow/example_dags/example_skip_dag.py
[2025-07-21T08:30:34.153+0000] {logging_mixin.py:188} INFO - [2025-07-21T08:30:34.152+0000] {dag.py:3036} INFO - Sync 1 DAGs
[2025-07-21T08:30:34.221+0000] {logging_mixin.py:188} INFO - [2025-07-21T08:30:34.221+0000] {dag.py:3823} INFO - Setting next_dagrun for example_skip_dag to 2025-07-20 00:00:00+00:00, run_after=2025-07-21 00:00:00+00:00
[2025-07-21T08:30:34.275+0000] {processor.py:183} INFO - Processing /home/airflow/.local/lib/python3.8/site-packages/airflow/example_dags/example_skip_dag.py took 0.391 seconds
[2025-07-21T08:31:09.153+0000] {processor.py:161} INFO - Started process (PID=1513) to work on /home/airflow/.local/lib/python3.8/site-packages/airflow/example_dags/example_skip_dag.py
[2025-07-21T08:31:09.156+0000] {processor.py:830} INFO - Processing file /home/airflow/.local/lib/python3.8/site-packages/airflow/example_dags/example_skip_dag.py for tasks to queue
[2025-07-21T08:31:09.160+0000] {logging_mixin.py:188} INFO - [2025-07-21T08:31:09.159+0000] {dagbag.py:538} INFO - Filling up the DagBag from /home/airflow/.local/lib/python3.8/site-packages/airflow/example_dags/example_skip_dag.py
[2025-07-21T08:31:09.193+0000] {processor.py:840} INFO - DAG(s) 'example_skip_dag' retrieved from /home/airflow/.local/lib/python3.8/site-packages/airflow/example_dags/example_skip_dag.py
[2025-07-21T08:31:09.270+0000] {logging_mixin.py:188} INFO - [2025-07-21T08:31:09.270+0000] {dag.py:3036} INFO - Sync 1 DAGs
[2025-07-21T08:31:09.359+0000] {logging_mixin.py:188} INFO - [2025-07-21T08:31:09.359+0000] {dag.py:3823} INFO - Setting next_dagrun for example_skip_dag to 2025-07-20 00:00:00+00:00, run_after=2025-07-21 00:00:00+00:00
[2025-07-21T08:31:09.455+0000] {processor.py:183} INFO - Processing /home/airflow/.local/lib/python3.8/site-packages/airflow/example_dags/example_skip_dag.py took 0.316 seconds
[2025-07-21T08:31:41.365+0000] {processor.py:161} INFO - Started process (PID=1569) to work on /home/airflow/.local/lib/python3.8/site-packages/airflow/example_dags/example_skip_dag.py
[2025-07-21T08:31:41.368+0000] {processor.py:830} INFO - Processing file /home/airflow/.local/lib/python3.8/site-packages/airflow/example_dags/example_skip_dag.py for tasks to queue
[2025-07-21T08:31:41.382+0000] {logging_mixin.py:188} INFO - [2025-07-21T08:31:41.381+0000] {dagbag.py:538} INFO - Filling up the DagBag from /home/airflow/.local/lib/python3.8/site-packages/airflow/example_dags/example_skip_dag.py
[2025-07-21T08:31:41.419+0000] {processor.py:840} INFO - DAG(s) 'example_skip_dag' retrieved from /home/airflow/.local/lib/python3.8/site-packages/airflow/example_dags/example_skip_dag.py
[2025-07-21T08:31:41.503+0000] {logging_mixin.py:188} INFO - [2025-07-21T08:31:41.502+0000] {dag.py:3036} INFO - Sync 1 DAGs
[2025-07-21T08:31:41.626+0000] {logging_mixin.py:188} INFO - [2025-07-21T08:31:41.625+0000] {dag.py:3823} INFO - Setting next_dagrun for example_skip_dag to 2025-07-20 00:00:00+00:00, run_after=2025-07-21 00:00:00+00:00
[2025-07-21T08:31:41.749+0000] {processor.py:183} INFO - Processing /home/airflow/.local/lib/python3.8/site-packages/airflow/example_dags/example_skip_dag.py took 0.403 seconds
[2025-07-21T08:32:16.596+0000] {processor.py:161} INFO - Started process (PID=1626) to work on /home/airflow/.local/lib/python3.8/site-packages/airflow/example_dags/example_skip_dag.py
[2025-07-21T08:32:16.604+0000] {processor.py:830} INFO - Processing file /home/airflow/.local/lib/python3.8/site-packages/airflow/example_dags/example_skip_dag.py for tasks to queue
[2025-07-21T08:32:16.609+0000] {logging_mixin.py:188} INFO - [2025-07-21T08:32:16.609+0000] {dagbag.py:538} INFO - Filling up the DagBag from /home/airflow/.local/lib/python3.8/site-packages/airflow/example_dags/example_skip_dag.py
[2025-07-21T08:32:16.628+0000] {processor.py:840} INFO - DAG(s) 'example_skip_dag' retrieved from /home/airflow/.local/lib/python3.8/site-packages/airflow/example_dags/example_skip_dag.py
[2025-07-21T08:32:16.745+0000] {logging_mixin.py:188} INFO - [2025-07-21T08:32:16.745+0000] {dag.py:3036} INFO - Sync 1 DAGs
[2025-07-21T08:32:16.878+0000] {logging_mixin.py:188} INFO - [2025-07-21T08:32:16.878+0000] {dag.py:3823} INFO - Setting next_dagrun for example_skip_dag to 2025-07-20 00:00:00+00:00, run_after=2025-07-21 00:00:00+00:00
[2025-07-21T08:32:16.962+0000] {processor.py:183} INFO - Processing /home/airflow/.local/lib/python3.8/site-packages/airflow/example_dags/example_skip_dag.py took 0.373 seconds
[2025-07-21T08:32:52.861+0000] {processor.py:161} INFO - Started process (PID=1677) to work on /home/airflow/.local/lib/python3.8/site-packages/airflow/example_dags/example_skip_dag.py
[2025-07-21T08:32:52.866+0000] {processor.py:830} INFO - Processing file /home/airflow/.local/lib/python3.8/site-packages/airflow/example_dags/example_skip_dag.py for tasks to queue
[2025-07-21T08:32:52.877+0000] {logging_mixin.py:188} INFO - [2025-07-21T08:32:52.876+0000] {dagbag.py:538} INFO - Filling up the DagBag from /home/airflow/.local/lib/python3.8/site-packages/airflow/example_dags/example_skip_dag.py
[2025-07-21T08:32:52.920+0000] {processor.py:840} INFO - DAG(s) 'example_skip_dag' retrieved from /home/airflow/.local/lib/python3.8/site-packages/airflow/example_dags/example_skip_dag.py
[2025-07-21T08:32:53.029+0000] {logging_mixin.py:188} INFO - [2025-07-21T08:32:53.028+0000] {dag.py:3036} INFO - Sync 1 DAGs
[2025-07-21T08:32:53.147+0000] {logging_mixin.py:188} INFO - [2025-07-21T08:32:53.147+0000] {dag.py:3823} INFO - Setting next_dagrun for example_skip_dag to 2025-07-20 00:00:00+00:00, run_after=2025-07-21 00:00:00+00:00
[2025-07-21T08:32:53.236+0000] {processor.py:183} INFO - Processing /home/airflow/.local/lib/python3.8/site-packages/airflow/example_dags/example_skip_dag.py took 0.391 seconds
[2025-07-21T08:33:23.366+0000] {processor.py:161} INFO - Started process (PID=1732) to work on /home/airflow/.local/lib/python3.8/site-packages/airflow/example_dags/example_skip_dag.py
[2025-07-21T08:33:23.369+0000] {processor.py:830} INFO - Processing file /home/airflow/.local/lib/python3.8/site-packages/airflow/example_dags/example_skip_dag.py for tasks to queue
[2025-07-21T08:33:23.376+0000] {logging_mixin.py:188} INFO - [2025-07-21T08:33:23.376+0000] {dagbag.py:538} INFO - Filling up the DagBag from /home/airflow/.local/lib/python3.8/site-packages/airflow/example_dags/example_skip_dag.py
[2025-07-21T08:33:23.401+0000] {processor.py:840} INFO - DAG(s) 'example_skip_dag' retrieved from /home/airflow/.local/lib/python3.8/site-packages/airflow/example_dags/example_skip_dag.py
[2025-07-21T08:33:23.459+0000] {logging_mixin.py:188} INFO - [2025-07-21T08:33:23.458+0000] {dag.py:3036} INFO - Sync 1 DAGs
[2025-07-21T08:33:23.515+0000] {logging_mixin.py:188} INFO - [2025-07-21T08:33:23.515+0000] {dag.py:3823} INFO - Setting next_dagrun for example_skip_dag to 2025-07-20 00:00:00+00:00, run_after=2025-07-21 00:00:00+00:00
[2025-07-21T08:33:23.580+0000] {processor.py:183} INFO - Processing /home/airflow/.local/lib/python3.8/site-packages/airflow/example_dags/example_skip_dag.py took 0.222 seconds
[2025-07-21T08:33:54.443+0000] {processor.py:161} INFO - Started process (PID=1787) to work on /home/airflow/.local/lib/python3.8/site-packages/airflow/example_dags/example_skip_dag.py
[2025-07-21T08:33:54.453+0000] {processor.py:830} INFO - Processing file /home/airflow/.local/lib/python3.8/site-packages/airflow/example_dags/example_skip_dag.py for tasks to queue
[2025-07-21T08:33:54.470+0000] {logging_mixin.py:188} INFO - [2025-07-21T08:33:54.469+0000] {dagbag.py:538} INFO - Filling up the DagBag from /home/airflow/.local/lib/python3.8/site-packages/airflow/example_dags/example_skip_dag.py
[2025-07-21T08:33:54.490+0000] {processor.py:840} INFO - DAG(s) 'example_skip_dag' retrieved from /home/airflow/.local/lib/python3.8/site-packages/airflow/example_dags/example_skip_dag.py
[2025-07-21T08:33:54.614+0000] {logging_mixin.py:188} INFO - [2025-07-21T08:33:54.614+0000] {dag.py:3036} INFO - Sync 1 DAGs
[2025-07-21T08:33:54.764+0000] {logging_mixin.py:188} INFO - [2025-07-21T08:33:54.763+0000] {dag.py:3823} INFO - Setting next_dagrun for example_skip_dag to 2025-07-20 00:00:00+00:00, run_after=2025-07-21 00:00:00+00:00
[2025-07-21T08:33:54.828+0000] {processor.py:183} INFO - Processing /home/airflow/.local/lib/python3.8/site-packages/airflow/example_dags/example_skip_dag.py took 0.397 seconds
[2025-07-21T08:34:25.072+0000] {processor.py:161} INFO - Started process (PID=1842) to work on /home/airflow/.local/lib/python3.8/site-packages/airflow/example_dags/example_skip_dag.py
[2025-07-21T08:34:25.077+0000] {processor.py:830} INFO - Processing file /home/airflow/.local/lib/python3.8/site-packages/airflow/example_dags/example_skip_dag.py for tasks to queue
[2025-07-21T08:34:25.083+0000] {logging_mixin.py:188} INFO - [2025-07-21T08:34:25.080+0000] {dagbag.py:538} INFO - Filling up the DagBag from /home/airflow/.local/lib/python3.8/site-packages/airflow/example_dags/example_skip_dag.py
[2025-07-21T08:34:25.120+0000] {processor.py:840} INFO - DAG(s) 'example_skip_dag' retrieved from /home/airflow/.local/lib/python3.8/site-packages/airflow/example_dags/example_skip_dag.py
[2025-07-21T08:34:25.262+0000] {logging_mixin.py:188} INFO - [2025-07-21T08:34:25.261+0000] {dag.py:3036} INFO - Sync 1 DAGs
[2025-07-21T08:34:25.337+0000] {logging_mixin.py:188} INFO - [2025-07-21T08:34:25.336+0000] {dag.py:3823} INFO - Setting next_dagrun for example_skip_dag to 2025-07-20 00:00:00+00:00, run_after=2025-07-21 00:00:00+00:00
[2025-07-21T08:34:25.403+0000] {processor.py:183} INFO - Processing /home/airflow/.local/lib/python3.8/site-packages/airflow/example_dags/example_skip_dag.py took 0.343 seconds
[2025-07-21T08:34:55.686+0000] {processor.py:161} INFO - Started process (PID=1896) to work on /home/airflow/.local/lib/python3.8/site-packages/airflow/example_dags/example_skip_dag.py
[2025-07-21T08:34:55.693+0000] {processor.py:830} INFO - Processing file /home/airflow/.local/lib/python3.8/site-packages/airflow/example_dags/example_skip_dag.py for tasks to queue
[2025-07-21T08:34:55.700+0000] {logging_mixin.py:188} INFO - [2025-07-21T08:34:55.699+0000] {dagbag.py:538} INFO - Filling up the DagBag from /home/airflow/.local/lib/python3.8/site-packages/airflow/example_dags/example_skip_dag.py
[2025-07-21T08:34:55.716+0000] {processor.py:840} INFO - DAG(s) 'example_skip_dag' retrieved from /home/airflow/.local/lib/python3.8/site-packages/airflow/example_dags/example_skip_dag.py
[2025-07-21T08:34:55.788+0000] {logging_mixin.py:188} INFO - [2025-07-21T08:34:55.788+0000] {dag.py:3036} INFO - Sync 1 DAGs
[2025-07-21T08:34:55.857+0000] {logging_mixin.py:188} INFO - [2025-07-21T08:34:55.856+0000] {dag.py:3823} INFO - Setting next_dagrun for example_skip_dag to 2025-07-20 00:00:00+00:00, run_after=2025-07-21 00:00:00+00:00
[2025-07-21T08:34:55.918+0000] {processor.py:183} INFO - Processing /home/airflow/.local/lib/python3.8/site-packages/airflow/example_dags/example_skip_dag.py took 0.280 seconds
[2025-07-21T08:35:26.716+0000] {processor.py:161} INFO - Started process (PID=1952) to work on /home/airflow/.local/lib/python3.8/site-packages/airflow/example_dags/example_skip_dag.py
[2025-07-21T08:35:26.720+0000] {processor.py:830} INFO - Processing file /home/airflow/.local/lib/python3.8/site-packages/airflow/example_dags/example_skip_dag.py for tasks to queue
[2025-07-21T08:35:26.725+0000] {logging_mixin.py:188} INFO - [2025-07-21T08:35:26.724+0000] {dagbag.py:538} INFO - Filling up the DagBag from /home/airflow/.local/lib/python3.8/site-packages/airflow/example_dags/example_skip_dag.py
[2025-07-21T08:35:26.762+0000] {processor.py:840} INFO - DAG(s) 'example_skip_dag' retrieved from /home/airflow/.local/lib/python3.8/site-packages/airflow/example_dags/example_skip_dag.py
[2025-07-21T08:35:26.841+0000] {logging_mixin.py:188} INFO - [2025-07-21T08:35:26.840+0000] {dag.py:3036} INFO - Sync 1 DAGs
[2025-07-21T08:35:26.971+0000] {logging_mixin.py:188} INFO - [2025-07-21T08:35:26.971+0000] {dag.py:3823} INFO - Setting next_dagrun for example_skip_dag to 2025-07-20 00:00:00+00:00, run_after=2025-07-21 00:00:00+00:00
[2025-07-21T08:35:27.123+0000] {processor.py:183} INFO - Processing /home/airflow/.local/lib/python3.8/site-packages/airflow/example_dags/example_skip_dag.py took 0.423 seconds
[2025-07-21T08:35:59.498+0000] {processor.py:161} INFO - Started process (PID=2013) to work on /home/airflow/.local/lib/python3.8/site-packages/airflow/example_dags/example_skip_dag.py
[2025-07-21T08:35:59.503+0000] {processor.py:830} INFO - Processing file /home/airflow/.local/lib/python3.8/site-packages/airflow/example_dags/example_skip_dag.py for tasks to queue
[2025-07-21T08:35:59.515+0000] {logging_mixin.py:188} INFO - [2025-07-21T08:35:59.515+0000] {dagbag.py:538} INFO - Filling up the DagBag from /home/airflow/.local/lib/python3.8/site-packages/airflow/example_dags/example_skip_dag.py
[2025-07-21T08:35:59.532+0000] {processor.py:840} INFO - DAG(s) 'example_skip_dag' retrieved from /home/airflow/.local/lib/python3.8/site-packages/airflow/example_dags/example_skip_dag.py
[2025-07-21T08:35:59.694+0000] {logging_mixin.py:188} INFO - [2025-07-21T08:35:59.694+0000] {dag.py:3036} INFO - Sync 1 DAGs
[2025-07-21T08:35:59.846+0000] {logging_mixin.py:188} INFO - [2025-07-21T08:35:59.845+0000] {dag.py:3823} INFO - Setting next_dagrun for example_skip_dag to 2025-07-20 00:00:00+00:00, run_after=2025-07-21 00:00:00+00:00
[2025-07-21T08:35:59.932+0000] {processor.py:183} INFO - Processing /home/airflow/.local/lib/python3.8/site-packages/airflow/example_dags/example_skip_dag.py took 0.445 seconds
[2025-07-21T08:36:31.103+0000] {processor.py:161} INFO - Started process (PID=2069) to work on /home/airflow/.local/lib/python3.8/site-packages/airflow/example_dags/example_skip_dag.py
[2025-07-21T08:36:31.106+0000] {processor.py:830} INFO - Processing file /home/airflow/.local/lib/python3.8/site-packages/airflow/example_dags/example_skip_dag.py for tasks to queue
[2025-07-21T08:36:31.127+0000] {logging_mixin.py:188} INFO - [2025-07-21T08:36:31.126+0000] {dagbag.py:538} INFO - Filling up the DagBag from /home/airflow/.local/lib/python3.8/site-packages/airflow/example_dags/example_skip_dag.py
[2025-07-21T08:36:31.160+0000] {processor.py:840} INFO - DAG(s) 'example_skip_dag' retrieved from /home/airflow/.local/lib/python3.8/site-packages/airflow/example_dags/example_skip_dag.py
[2025-07-21T08:36:31.314+0000] {logging_mixin.py:188} INFO - [2025-07-21T08:36:31.314+0000] {dag.py:3036} INFO - Sync 1 DAGs
[2025-07-21T08:36:31.464+0000] {logging_mixin.py:188} INFO - [2025-07-21T08:36:31.464+0000] {dag.py:3823} INFO - Setting next_dagrun for example_skip_dag to 2025-07-20 00:00:00+00:00, run_after=2025-07-21 00:00:00+00:00
[2025-07-21T08:36:31.562+0000] {processor.py:183} INFO - Processing /home/airflow/.local/lib/python3.8/site-packages/airflow/example_dags/example_skip_dag.py took 0.494 seconds
[2025-07-21T08:37:01.753+0000] {processor.py:161} INFO - Started process (PID=2123) to work on /home/airflow/.local/lib/python3.8/site-packages/airflow/example_dags/example_skip_dag.py
[2025-07-21T08:37:01.756+0000] {processor.py:830} INFO - Processing file /home/airflow/.local/lib/python3.8/site-packages/airflow/example_dags/example_skip_dag.py for tasks to queue
[2025-07-21T08:37:01.761+0000] {logging_mixin.py:188} INFO - [2025-07-21T08:37:01.760+0000] {dagbag.py:538} INFO - Filling up the DagBag from /home/airflow/.local/lib/python3.8/site-packages/airflow/example_dags/example_skip_dag.py
[2025-07-21T08:37:01.813+0000] {processor.py:840} INFO - DAG(s) 'example_skip_dag' retrieved from /home/airflow/.local/lib/python3.8/site-packages/airflow/example_dags/example_skip_dag.py
[2025-07-21T08:37:01.983+0000] {logging_mixin.py:188} INFO - [2025-07-21T08:37:01.982+0000] {dag.py:3036} INFO - Sync 1 DAGs
[2025-07-21T08:37:02.078+0000] {logging_mixin.py:188} INFO - [2025-07-21T08:37:02.078+0000] {dag.py:3823} INFO - Setting next_dagrun for example_skip_dag to 2025-07-20 00:00:00+00:00, run_after=2025-07-21 00:00:00+00:00
[2025-07-21T08:37:02.340+0000] {processor.py:183} INFO - Processing /home/airflow/.local/lib/python3.8/site-packages/airflow/example_dags/example_skip_dag.py took 0.595 seconds
[2025-07-21T08:37:33.337+0000] {processor.py:161} INFO - Started process (PID=2179) to work on /home/airflow/.local/lib/python3.8/site-packages/airflow/example_dags/example_skip_dag.py
[2025-07-21T08:37:33.347+0000] {processor.py:830} INFO - Processing file /home/airflow/.local/lib/python3.8/site-packages/airflow/example_dags/example_skip_dag.py for tasks to queue
[2025-07-21T08:37:33.390+0000] {logging_mixin.py:188} INFO - [2025-07-21T08:37:33.383+0000] {dagbag.py:538} INFO - Filling up the DagBag from /home/airflow/.local/lib/python3.8/site-packages/airflow/example_dags/example_skip_dag.py
[2025-07-21T08:37:33.510+0000] {processor.py:840} INFO - DAG(s) 'example_skip_dag' retrieved from /home/airflow/.local/lib/python3.8/site-packages/airflow/example_dags/example_skip_dag.py
[2025-07-21T08:37:33.627+0000] {logging_mixin.py:188} INFO - [2025-07-21T08:37:33.626+0000] {dag.py:3036} INFO - Sync 1 DAGs
[2025-07-21T08:37:33.689+0000] {logging_mixin.py:188} INFO - [2025-07-21T08:37:33.688+0000] {dag.py:3823} INFO - Setting next_dagrun for example_skip_dag to 2025-07-20 00:00:00+00:00, run_after=2025-07-21 00:00:00+00:00
[2025-07-21T08:37:33.748+0000] {processor.py:183} INFO - Processing /home/airflow/.local/lib/python3.8/site-packages/airflow/example_dags/example_skip_dag.py took 0.471 seconds
[2025-07-21T08:38:04.078+0000] {processor.py:161} INFO - Started process (PID=2233) to work on /home/airflow/.local/lib/python3.8/site-packages/airflow/example_dags/example_skip_dag.py
[2025-07-21T08:38:04.081+0000] {processor.py:830} INFO - Processing file /home/airflow/.local/lib/python3.8/site-packages/airflow/example_dags/example_skip_dag.py for tasks to queue
[2025-07-21T08:38:04.086+0000] {logging_mixin.py:188} INFO - [2025-07-21T08:38:04.085+0000] {dagbag.py:538} INFO - Filling up the DagBag from /home/airflow/.local/lib/python3.8/site-packages/airflow/example_dags/example_skip_dag.py
[2025-07-21T08:38:04.104+0000] {processor.py:840} INFO - DAG(s) 'example_skip_dag' retrieved from /home/airflow/.local/lib/python3.8/site-packages/airflow/example_dags/example_skip_dag.py
[2025-07-21T08:38:04.166+0000] {logging_mixin.py:188} INFO - [2025-07-21T08:38:04.165+0000] {dag.py:3036} INFO - Sync 1 DAGs
[2025-07-21T08:38:04.223+0000] {logging_mixin.py:188} INFO - [2025-07-21T08:38:04.222+0000] {dag.py:3823} INFO - Setting next_dagrun for example_skip_dag to 2025-07-20 00:00:00+00:00, run_after=2025-07-21 00:00:00+00:00
[2025-07-21T08:38:04.276+0000] {processor.py:183} INFO - Processing /home/airflow/.local/lib/python3.8/site-packages/airflow/example_dags/example_skip_dag.py took 0.210 seconds
[2025-07-21T08:38:34.667+0000] {processor.py:161} INFO - Started process (PID=2288) to work on /home/airflow/.local/lib/python3.8/site-packages/airflow/example_dags/example_skip_dag.py
[2025-07-21T08:38:34.670+0000] {processor.py:830} INFO - Processing file /home/airflow/.local/lib/python3.8/site-packages/airflow/example_dags/example_skip_dag.py for tasks to queue
[2025-07-21T08:38:34.678+0000] {logging_mixin.py:188} INFO - [2025-07-21T08:38:34.678+0000] {dagbag.py:538} INFO - Filling up the DagBag from /home/airflow/.local/lib/python3.8/site-packages/airflow/example_dags/example_skip_dag.py
[2025-07-21T08:38:34.697+0000] {processor.py:840} INFO - DAG(s) 'example_skip_dag' retrieved from /home/airflow/.local/lib/python3.8/site-packages/airflow/example_dags/example_skip_dag.py
[2025-07-21T08:38:34.738+0000] {logging_mixin.py:188} INFO - [2025-07-21T08:38:34.738+0000] {dag.py:3036} INFO - Sync 1 DAGs
[2025-07-21T08:38:34.782+0000] {logging_mixin.py:188} INFO - [2025-07-21T08:38:34.782+0000] {dag.py:3823} INFO - Setting next_dagrun for example_skip_dag to 2025-07-20 00:00:00+00:00, run_after=2025-07-21 00:00:00+00:00
[2025-07-21T08:38:35.117+0000] {processor.py:183} INFO - Processing /home/airflow/.local/lib/python3.8/site-packages/airflow/example_dags/example_skip_dag.py took 0.458 seconds
[2025-07-21T08:39:07.855+0000] {processor.py:161} INFO - Started process (PID=2344) to work on /home/airflow/.local/lib/python3.8/site-packages/airflow/example_dags/example_skip_dag.py
[2025-07-21T08:39:07.879+0000] {processor.py:830} INFO - Processing file /home/airflow/.local/lib/python3.8/site-packages/airflow/example_dags/example_skip_dag.py for tasks to queue
[2025-07-21T08:39:07.917+0000] {logging_mixin.py:188} INFO - [2025-07-21T08:39:07.917+0000] {dagbag.py:538} INFO - Filling up the DagBag from /home/airflow/.local/lib/python3.8/site-packages/airflow/example_dags/example_skip_dag.py
[2025-07-21T08:39:07.975+0000] {processor.py:840} INFO - DAG(s) 'example_skip_dag' retrieved from /home/airflow/.local/lib/python3.8/site-packages/airflow/example_dags/example_skip_dag.py
[2025-07-21T08:39:08.123+0000] {logging_mixin.py:188} INFO - [2025-07-21T08:39:08.122+0000] {dag.py:3036} INFO - Sync 1 DAGs
[2025-07-21T08:39:08.248+0000] {logging_mixin.py:188} INFO - [2025-07-21T08:39:08.248+0000] {dag.py:3823} INFO - Setting next_dagrun for example_skip_dag to 2025-07-20 00:00:00+00:00, run_after=2025-07-21 00:00:00+00:00
[2025-07-21T08:39:08.355+0000] {processor.py:183} INFO - Processing /home/airflow/.local/lib/python3.8/site-packages/airflow/example_dags/example_skip_dag.py took 0.559 seconds
[2025-07-21T08:39:38.715+0000] {processor.py:161} INFO - Started process (PID=2397) to work on /home/airflow/.local/lib/python3.8/site-packages/airflow/example_dags/example_skip_dag.py
[2025-07-21T08:39:38.718+0000] {processor.py:830} INFO - Processing file /home/airflow/.local/lib/python3.8/site-packages/airflow/example_dags/example_skip_dag.py for tasks to queue
[2025-07-21T08:39:38.723+0000] {logging_mixin.py:188} INFO - [2025-07-21T08:39:38.722+0000] {dagbag.py:538} INFO - Filling up the DagBag from /home/airflow/.local/lib/python3.8/site-packages/airflow/example_dags/example_skip_dag.py
[2025-07-21T08:39:38.737+0000] {processor.py:840} INFO - DAG(s) 'example_skip_dag' retrieved from /home/airflow/.local/lib/python3.8/site-packages/airflow/example_dags/example_skip_dag.py
[2025-07-21T08:39:38.780+0000] {logging_mixin.py:188} INFO - [2025-07-21T08:39:38.779+0000] {dag.py:3036} INFO - Sync 1 DAGs
[2025-07-21T08:39:38.826+0000] {logging_mixin.py:188} INFO - [2025-07-21T08:39:38.825+0000] {dag.py:3823} INFO - Setting next_dagrun for example_skip_dag to 2025-07-20 00:00:00+00:00, run_after=2025-07-21 00:00:00+00:00
[2025-07-21T08:39:38.862+0000] {processor.py:183} INFO - Processing /home/airflow/.local/lib/python3.8/site-packages/airflow/example_dags/example_skip_dag.py took 0.162 seconds
[2025-07-21T08:40:09.117+0000] {processor.py:161} INFO - Started process (PID=2452) to work on /home/airflow/.local/lib/python3.8/site-packages/airflow/example_dags/example_skip_dag.py
[2025-07-21T08:40:09.120+0000] {processor.py:830} INFO - Processing file /home/airflow/.local/lib/python3.8/site-packages/airflow/example_dags/example_skip_dag.py for tasks to queue
[2025-07-21T08:40:09.124+0000] {logging_mixin.py:188} INFO - [2025-07-21T08:40:09.124+0000] {dagbag.py:538} INFO - Filling up the DagBag from /home/airflow/.local/lib/python3.8/site-packages/airflow/example_dags/example_skip_dag.py
[2025-07-21T08:40:09.142+0000] {processor.py:840} INFO - DAG(s) 'example_skip_dag' retrieved from /home/airflow/.local/lib/python3.8/site-packages/airflow/example_dags/example_skip_dag.py
[2025-07-21T08:40:09.194+0000] {logging_mixin.py:188} INFO - [2025-07-21T08:40:09.194+0000] {dag.py:3036} INFO - Sync 1 DAGs
[2025-07-21T08:40:09.250+0000] {logging_mixin.py:188} INFO - [2025-07-21T08:40:09.250+0000] {dag.py:3823} INFO - Setting next_dagrun for example_skip_dag to 2025-07-20 00:00:00+00:00, run_after=2025-07-21 00:00:00+00:00
[2025-07-21T08:40:09.297+0000] {processor.py:183} INFO - Processing /home/airflow/.local/lib/python3.8/site-packages/airflow/example_dags/example_skip_dag.py took 0.190 seconds
[2025-07-21T08:40:39.889+0000] {processor.py:161} INFO - Started process (PID=2507) to work on /home/airflow/.local/lib/python3.8/site-packages/airflow/example_dags/example_skip_dag.py
[2025-07-21T08:40:39.892+0000] {processor.py:830} INFO - Processing file /home/airflow/.local/lib/python3.8/site-packages/airflow/example_dags/example_skip_dag.py for tasks to queue
[2025-07-21T08:40:39.896+0000] {logging_mixin.py:188} INFO - [2025-07-21T08:40:39.895+0000] {dagbag.py:538} INFO - Filling up the DagBag from /home/airflow/.local/lib/python3.8/site-packages/airflow/example_dags/example_skip_dag.py
[2025-07-21T08:40:39.911+0000] {processor.py:840} INFO - DAG(s) 'example_skip_dag' retrieved from /home/airflow/.local/lib/python3.8/site-packages/airflow/example_dags/example_skip_dag.py
[2025-07-21T08:40:39.967+0000] {logging_mixin.py:188} INFO - [2025-07-21T08:40:39.967+0000] {dag.py:3036} INFO - Sync 1 DAGs
[2025-07-21T08:40:40.008+0000] {logging_mixin.py:188} INFO - [2025-07-21T08:40:40.007+0000] {dag.py:3823} INFO - Setting next_dagrun for example_skip_dag to 2025-07-20 00:00:00+00:00, run_after=2025-07-21 00:00:00+00:00
[2025-07-21T08:40:40.039+0000] {processor.py:183} INFO - Processing /home/airflow/.local/lib/python3.8/site-packages/airflow/example_dags/example_skip_dag.py took 0.158 seconds
[2025-07-21T08:41:12.379+0000] {processor.py:161} INFO - Started process (PID=2562) to work on /home/airflow/.local/lib/python3.8/site-packages/airflow/example_dags/example_skip_dag.py
[2025-07-21T08:41:12.381+0000] {processor.py:830} INFO - Processing file /home/airflow/.local/lib/python3.8/site-packages/airflow/example_dags/example_skip_dag.py for tasks to queue
[2025-07-21T08:41:12.389+0000] {logging_mixin.py:188} INFO - [2025-07-21T08:41:12.385+0000] {dagbag.py:538} INFO - Filling up the DagBag from /home/airflow/.local/lib/python3.8/site-packages/airflow/example_dags/example_skip_dag.py
[2025-07-21T08:41:12.409+0000] {processor.py:840} INFO - DAG(s) 'example_skip_dag' retrieved from /home/airflow/.local/lib/python3.8/site-packages/airflow/example_dags/example_skip_dag.py
[2025-07-21T08:41:12.454+0000] {logging_mixin.py:188} INFO - [2025-07-21T08:41:12.454+0000] {dag.py:3036} INFO - Sync 1 DAGs
[2025-07-21T08:41:12.885+0000] {logging_mixin.py:188} INFO - [2025-07-21T08:41:12.884+0000] {dag.py:3823} INFO - Setting next_dagrun for example_skip_dag to 2025-07-20 00:00:00+00:00, run_after=2025-07-21 00:00:00+00:00
[2025-07-21T08:41:12.915+0000] {processor.py:183} INFO - Processing /home/airflow/.local/lib/python3.8/site-packages/airflow/example_dags/example_skip_dag.py took 0.551 seconds
[2025-07-21T08:41:43.044+0000] {processor.py:161} INFO - Started process (PID=2617) to work on /home/airflow/.local/lib/python3.8/site-packages/airflow/example_dags/example_skip_dag.py
[2025-07-21T08:41:43.047+0000] {processor.py:830} INFO - Processing file /home/airflow/.local/lib/python3.8/site-packages/airflow/example_dags/example_skip_dag.py for tasks to queue
[2025-07-21T08:41:43.052+0000] {logging_mixin.py:188} INFO - [2025-07-21T08:41:43.051+0000] {dagbag.py:538} INFO - Filling up the DagBag from /home/airflow/.local/lib/python3.8/site-packages/airflow/example_dags/example_skip_dag.py
[2025-07-21T08:41:43.070+0000] {processor.py:840} INFO - DAG(s) 'example_skip_dag' retrieved from /home/airflow/.local/lib/python3.8/site-packages/airflow/example_dags/example_skip_dag.py
[2025-07-21T08:41:43.135+0000] {logging_mixin.py:188} INFO - [2025-07-21T08:41:43.135+0000] {dag.py:3036} INFO - Sync 1 DAGs
[2025-07-21T08:41:43.338+0000] {logging_mixin.py:188} INFO - [2025-07-21T08:41:43.327+0000] {dag.py:3823} INFO - Setting next_dagrun for example_skip_dag to 2025-07-20 00:00:00+00:00, run_after=2025-07-21 00:00:00+00:00
[2025-07-21T08:41:43.539+0000] {processor.py:183} INFO - Processing /home/airflow/.local/lib/python3.8/site-packages/airflow/example_dags/example_skip_dag.py took 0.505 seconds
[2025-07-21T08:42:15.299+0000] {processor.py:161} INFO - Started process (PID=2673) to work on /home/airflow/.local/lib/python3.8/site-packages/airflow/example_dags/example_skip_dag.py
[2025-07-21T08:42:15.307+0000] {processor.py:830} INFO - Processing file /home/airflow/.local/lib/python3.8/site-packages/airflow/example_dags/example_skip_dag.py for tasks to queue
[2025-07-21T08:42:15.320+0000] {logging_mixin.py:188} INFO - [2025-07-21T08:42:15.319+0000] {dagbag.py:538} INFO - Filling up the DagBag from /home/airflow/.local/lib/python3.8/site-packages/airflow/example_dags/example_skip_dag.py
[2025-07-21T08:42:15.380+0000] {processor.py:840} INFO - DAG(s) 'example_skip_dag' retrieved from /home/airflow/.local/lib/python3.8/site-packages/airflow/example_dags/example_skip_dag.py
[2025-07-21T08:42:15.553+0000] {logging_mixin.py:188} INFO - [2025-07-21T08:42:15.553+0000] {dag.py:3036} INFO - Sync 1 DAGs
[2025-07-21T08:42:16.011+0000] {logging_mixin.py:188} INFO - [2025-07-21T08:42:16.011+0000] {dag.py:3823} INFO - Setting next_dagrun for example_skip_dag to 2025-07-20 00:00:00+00:00, run_after=2025-07-21 00:00:00+00:00
[2025-07-21T08:42:16.276+0000] {processor.py:183} INFO - Processing /home/airflow/.local/lib/python3.8/site-packages/airflow/example_dags/example_skip_dag.py took 0.989 seconds
[2025-07-21T08:42:46.632+0000] {processor.py:161} INFO - Started process (PID=2728) to work on /home/airflow/.local/lib/python3.8/site-packages/airflow/example_dags/example_skip_dag.py
[2025-07-21T08:42:46.635+0000] {processor.py:830} INFO - Processing file /home/airflow/.local/lib/python3.8/site-packages/airflow/example_dags/example_skip_dag.py for tasks to queue
[2025-07-21T08:42:46.643+0000] {logging_mixin.py:188} INFO - [2025-07-21T08:42:46.642+0000] {dagbag.py:538} INFO - Filling up the DagBag from /home/airflow/.local/lib/python3.8/site-packages/airflow/example_dags/example_skip_dag.py
[2025-07-21T08:42:46.672+0000] {processor.py:840} INFO - DAG(s) 'example_skip_dag' retrieved from /home/airflow/.local/lib/python3.8/site-packages/airflow/example_dags/example_skip_dag.py
[2025-07-21T08:42:46.731+0000] {logging_mixin.py:188} INFO - [2025-07-21T08:42:46.730+0000] {dag.py:3036} INFO - Sync 1 DAGs
[2025-07-21T08:42:46.815+0000] {logging_mixin.py:188} INFO - [2025-07-21T08:42:46.814+0000] {dag.py:3823} INFO - Setting next_dagrun for example_skip_dag to 2025-07-20 00:00:00+00:00, run_after=2025-07-21 00:00:00+00:00
[2025-07-21T08:42:46.865+0000] {processor.py:183} INFO - Processing /home/airflow/.local/lib/python3.8/site-packages/airflow/example_dags/example_skip_dag.py took 0.244 seconds
[2025-07-21T08:43:17.288+0000] {processor.py:161} INFO - Started process (PID=2783) to work on /home/airflow/.local/lib/python3.8/site-packages/airflow/example_dags/example_skip_dag.py
[2025-07-21T08:43:17.291+0000] {processor.py:830} INFO - Processing file /home/airflow/.local/lib/python3.8/site-packages/airflow/example_dags/example_skip_dag.py for tasks to queue
[2025-07-21T08:43:17.295+0000] {logging_mixin.py:188} INFO - [2025-07-21T08:43:17.295+0000] {dagbag.py:538} INFO - Filling up the DagBag from /home/airflow/.local/lib/python3.8/site-packages/airflow/example_dags/example_skip_dag.py
[2025-07-21T08:43:17.312+0000] {processor.py:840} INFO - DAG(s) 'example_skip_dag' retrieved from /home/airflow/.local/lib/python3.8/site-packages/airflow/example_dags/example_skip_dag.py
[2025-07-21T08:43:17.367+0000] {logging_mixin.py:188} INFO - [2025-07-21T08:43:17.366+0000] {dag.py:3036} INFO - Sync 1 DAGs
[2025-07-21T08:43:17.522+0000] {logging_mixin.py:188} INFO - [2025-07-21T08:43:17.521+0000] {dag.py:3823} INFO - Setting next_dagrun for example_skip_dag to 2025-07-20 00:00:00+00:00, run_after=2025-07-21 00:00:00+00:00
[2025-07-21T08:43:17.648+0000] {processor.py:183} INFO - Processing /home/airflow/.local/lib/python3.8/site-packages/airflow/example_dags/example_skip_dag.py took 0.370 seconds
[2025-07-21T08:43:47.984+0000] {processor.py:161} INFO - Started process (PID=2838) to work on /home/airflow/.local/lib/python3.8/site-packages/airflow/example_dags/example_skip_dag.py
[2025-07-21T08:43:47.991+0000] {processor.py:830} INFO - Processing file /home/airflow/.local/lib/python3.8/site-packages/airflow/example_dags/example_skip_dag.py for tasks to queue
[2025-07-21T08:43:48.002+0000] {logging_mixin.py:188} INFO - [2025-07-21T08:43:48.000+0000] {dagbag.py:538} INFO - Filling up the DagBag from /home/airflow/.local/lib/python3.8/site-packages/airflow/example_dags/example_skip_dag.py
[2025-07-21T08:43:48.039+0000] {processor.py:840} INFO - DAG(s) 'example_skip_dag' retrieved from /home/airflow/.local/lib/python3.8/site-packages/airflow/example_dags/example_skip_dag.py
[2025-07-21T08:43:48.164+0000] {logging_mixin.py:188} INFO - [2025-07-21T08:43:48.163+0000] {dag.py:3036} INFO - Sync 1 DAGs
[2025-07-21T08:43:48.226+0000] {logging_mixin.py:188} INFO - [2025-07-21T08:43:48.226+0000] {dag.py:3823} INFO - Setting next_dagrun for example_skip_dag to 2025-07-20 00:00:00+00:00, run_after=2025-07-21 00:00:00+00:00
[2025-07-21T08:43:48.266+0000] {processor.py:183} INFO - Processing /home/airflow/.local/lib/python3.8/site-packages/airflow/example_dags/example_skip_dag.py took 0.290 seconds
