[2025-07-21T08:14:57.081+0000] {processor.py:161} INFO - Started process (PID=110) to work on /home/airflow/.local/lib/python3.8/site-packages/airflow/example_dags/example_xcomargs.py
[2025-07-21T08:14:57.092+0000] {processor.py:830} INFO - Processing file /home/airflow/.local/lib/python3.8/site-packages/airflow/example_dags/example_xcomargs.py for tasks to queue
[2025-07-21T08:14:57.095+0000] {logging_mixin.py:188} INFO - [2025-07-21T08:14:57.095+0000] {dagbag.py:538} INFO - Filling up the DagBag from /home/airflow/.local/lib/python3.8/site-packages/airflow/example_dags/example_xcomargs.py
[2025-07-21T08:14:57.140+0000] {processor.py:840} INFO - DAG(s) 'example_xcom_args', 'example_xcom_args_with_operators' retrieved from /home/airflow/.local/lib/python3.8/site-packages/airflow/example_dags/example_xcomargs.py
[2025-07-21T08:14:57.230+0000] {logging_mixin.py:188} INFO - [2025-07-21T08:14:57.229+0000] {dag.py:3036} INFO - Sync 2 DAGs
[2025-07-21T08:14:57.276+0000] {logging_mixin.py:188} INFO - [2025-07-21T08:14:57.275+0000] {dag.py:3823} INFO - Setting next_dagrun for example_xcom_args to None, run_after=None
[2025-07-21T08:14:57.284+0000] {logging_mixin.py:188} INFO - [2025-07-21T08:14:57.284+0000] {dag.py:3823} INFO - Setting next_dagrun for example_xcom_args_with_operators to None, run_after=None
[2025-07-21T08:14:57.367+0000] {processor.py:183} INFO - Processing /home/airflow/.local/lib/python3.8/site-packages/airflow/example_dags/example_xcomargs.py took 0.292 seconds
[2025-07-21T08:15:30.752+0000] {processor.py:161} INFO - Started process (PID=166) to work on /home/airflow/.local/lib/python3.8/site-packages/airflow/example_dags/example_xcomargs.py
[2025-07-21T08:15:30.763+0000] {processor.py:830} INFO - Processing file /home/airflow/.local/lib/python3.8/site-packages/airflow/example_dags/example_xcomargs.py for tasks to queue
[2025-07-21T08:15:30.772+0000] {logging_mixin.py:188} INFO - [2025-07-21T08:15:30.772+0000] {dagbag.py:538} INFO - Filling up the DagBag from /home/airflow/.local/lib/python3.8/site-packages/airflow/example_dags/example_xcomargs.py
[2025-07-21T08:15:30.846+0000] {processor.py:840} INFO - DAG(s) 'example_xcom_args_with_operators', 'example_xcom_args' retrieved from /home/airflow/.local/lib/python3.8/site-packages/airflow/example_dags/example_xcomargs.py
[2025-07-21T08:15:30.981+0000] {logging_mixin.py:188} INFO - [2025-07-21T08:15:30.980+0000] {dag.py:3036} INFO - Sync 2 DAGs
[2025-07-21T08:15:31.040+0000] {logging_mixin.py:188} INFO - [2025-07-21T08:15:31.039+0000] {dag.py:3823} INFO - Setting next_dagrun for example_xcom_args to None, run_after=None
[2025-07-21T08:15:31.057+0000] {logging_mixin.py:188} INFO - [2025-07-21T08:15:31.056+0000] {dag.py:3823} INFO - Setting next_dagrun for example_xcom_args_with_operators to None, run_after=None
[2025-07-21T08:15:31.126+0000] {processor.py:183} INFO - Processing /home/airflow/.local/lib/python3.8/site-packages/airflow/example_dags/example_xcomargs.py took 0.428 seconds
[2025-07-21T08:16:19.693+0000] {processor.py:161} INFO - Started process (PID=230) to work on /home/airflow/.local/lib/python3.8/site-packages/airflow/example_dags/example_xcomargs.py
[2025-07-21T08:16:19.712+0000] {processor.py:830} INFO - Processing file /home/airflow/.local/lib/python3.8/site-packages/airflow/example_dags/example_xcomargs.py for tasks to queue
[2025-07-21T08:16:19.727+0000] {logging_mixin.py:188} INFO - [2025-07-21T08:16:19.727+0000] {dagbag.py:538} INFO - Filling up the DagBag from /home/airflow/.local/lib/python3.8/site-packages/airflow/example_dags/example_xcomargs.py
[2025-07-21T08:16:19.814+0000] {processor.py:840} INFO - DAG(s) 'example_xcom_args', 'example_xcom_args_with_operators' retrieved from /home/airflow/.local/lib/python3.8/site-packages/airflow/example_dags/example_xcomargs.py
[2025-07-21T08:16:19.921+0000] {logging_mixin.py:188} INFO - [2025-07-21T08:16:19.920+0000] {dag.py:3036} INFO - Sync 2 DAGs
[2025-07-21T08:16:19.951+0000] {logging_mixin.py:188} INFO - [2025-07-21T08:16:19.950+0000] {dag.py:3823} INFO - Setting next_dagrun for example_xcom_args to None, run_after=None
[2025-07-21T08:16:19.972+0000] {logging_mixin.py:188} INFO - [2025-07-21T08:16:19.972+0000] {dag.py:3823} INFO - Setting next_dagrun for example_xcom_args_with_operators to None, run_after=None
[2025-07-21T08:16:20.138+0000] {processor.py:183} INFO - Processing /home/airflow/.local/lib/python3.8/site-packages/airflow/example_dags/example_xcomargs.py took 0.451 seconds
[2025-07-21T08:17:05.076+0000] {processor.py:161} INFO - Started process (PID=285) to work on /home/airflow/.local/lib/python3.8/site-packages/airflow/example_dags/example_xcomargs.py
[2025-07-21T08:17:05.113+0000] {processor.py:830} INFO - Processing file /home/airflow/.local/lib/python3.8/site-packages/airflow/example_dags/example_xcomargs.py for tasks to queue
[2025-07-21T08:17:05.186+0000] {logging_mixin.py:188} INFO - [2025-07-21T08:17:05.185+0000] {dagbag.py:538} INFO - Filling up the DagBag from /home/airflow/.local/lib/python3.8/site-packages/airflow/example_dags/example_xcomargs.py
[2025-07-21T08:17:05.327+0000] {processor.py:840} INFO - DAG(s) 'example_xcom_args_with_operators', 'example_xcom_args' retrieved from /home/airflow/.local/lib/python3.8/site-packages/airflow/example_dags/example_xcomargs.py
[2025-07-21T08:17:06.153+0000] {logging_mixin.py:188} INFO - [2025-07-21T08:17:06.152+0000] {dag.py:3036} INFO - Sync 2 DAGs
[2025-07-21T08:17:06.465+0000] {logging_mixin.py:188} INFO - [2025-07-21T08:17:06.465+0000] {dag.py:3823} INFO - Setting next_dagrun for example_xcom_args to None, run_after=None
[2025-07-21T08:17:06.496+0000] {logging_mixin.py:188} INFO - [2025-07-21T08:17:06.496+0000] {dag.py:3823} INFO - Setting next_dagrun for example_xcom_args_with_operators to None, run_after=None
[2025-07-21T08:17:06.782+0000] {processor.py:183} INFO - Processing /home/airflow/.local/lib/python3.8/site-packages/airflow/example_dags/example_xcomargs.py took 1.906 seconds
[2025-07-21T08:18:40.710+0000] {processor.py:161} INFO - Started process (PID=365) to work on /home/airflow/.local/lib/python3.8/site-packages/airflow/example_dags/example_xcomargs.py
[2025-07-21T08:18:40.767+0000] {processor.py:830} INFO - Processing file /home/airflow/.local/lib/python3.8/site-packages/airflow/example_dags/example_xcomargs.py for tasks to queue
[2025-07-21T08:18:40.844+0000] {logging_mixin.py:188} INFO - [2025-07-21T08:18:40.843+0000] {dagbag.py:538} INFO - Filling up the DagBag from /home/airflow/.local/lib/python3.8/site-packages/airflow/example_dags/example_xcomargs.py
[2025-07-21T08:18:40.996+0000] {processor.py:840} INFO - DAG(s) 'example_xcom_args_with_operators', 'example_xcom_args' retrieved from /home/airflow/.local/lib/python3.8/site-packages/airflow/example_dags/example_xcomargs.py
[2025-07-21T08:18:42.755+0000] {logging_mixin.py:188} INFO - [2025-07-21T08:18:42.754+0000] {dag.py:3036} INFO - Sync 2 DAGs
[2025-07-21T08:18:43.152+0000] {logging_mixin.py:188} INFO - [2025-07-21T08:18:43.152+0000] {dag.py:3823} INFO - Setting next_dagrun for example_xcom_args to None, run_after=None
[2025-07-21T08:18:43.202+0000] {logging_mixin.py:188} INFO - [2025-07-21T08:18:43.202+0000] {dag.py:3823} INFO - Setting next_dagrun for example_xcom_args_with_operators to None, run_after=None
[2025-07-21T08:18:43.536+0000] {processor.py:183} INFO - Processing /home/airflow/.local/lib/python3.8/site-packages/airflow/example_dags/example_xcomargs.py took 2.832 seconds
[2025-07-21T08:20:05.337+0000] {processor.py:161} INFO - Started process (PID=446) to work on /home/airflow/.local/lib/python3.8/site-packages/airflow/example_dags/example_xcomargs.py
[2025-07-21T08:20:05.344+0000] {processor.py:830} INFO - Processing file /home/airflow/.local/lib/python3.8/site-packages/airflow/example_dags/example_xcomargs.py for tasks to queue
[2025-07-21T08:20:05.352+0000] {logging_mixin.py:188} INFO - [2025-07-21T08:20:05.352+0000] {dagbag.py:538} INFO - Filling up the DagBag from /home/airflow/.local/lib/python3.8/site-packages/airflow/example_dags/example_xcomargs.py
[2025-07-21T08:20:05.388+0000] {processor.py:840} INFO - DAG(s) 'example_xcom_args_with_operators', 'example_xcom_args' retrieved from /home/airflow/.local/lib/python3.8/site-packages/airflow/example_dags/example_xcomargs.py
[2025-07-21T08:20:05.480+0000] {logging_mixin.py:188} INFO - [2025-07-21T08:20:05.479+0000] {dag.py:3036} INFO - Sync 2 DAGs
[2025-07-21T08:20:05.526+0000] {logging_mixin.py:188} INFO - [2025-07-21T08:20:05.526+0000] {dag.py:3823} INFO - Setting next_dagrun for example_xcom_args to None, run_after=None
[2025-07-21T08:20:05.543+0000] {logging_mixin.py:188} INFO - [2025-07-21T08:20:05.542+0000] {dag.py:3823} INFO - Setting next_dagrun for example_xcom_args_with_operators to None, run_after=None
[2025-07-21T08:20:05.632+0000] {processor.py:183} INFO - Processing /home/airflow/.local/lib/python3.8/site-packages/airflow/example_dags/example_xcomargs.py took 0.306 seconds
[2025-07-21T08:21:18.422+0000] {processor.py:161} INFO - Started process (PID=523) to work on /home/airflow/.local/lib/python3.8/site-packages/airflow/example_dags/example_xcomargs.py
[2025-07-21T08:21:18.541+0000] {processor.py:830} INFO - Processing file /home/airflow/.local/lib/python3.8/site-packages/airflow/example_dags/example_xcomargs.py for tasks to queue
[2025-07-21T08:21:18.563+0000] {logging_mixin.py:188} INFO - [2025-07-21T08:21:18.563+0000] {dagbag.py:538} INFO - Filling up the DagBag from /home/airflow/.local/lib/python3.8/site-packages/airflow/example_dags/example_xcomargs.py
[2025-07-21T08:21:18.691+0000] {processor.py:840} INFO - DAG(s) 'example_xcom_args_with_operators', 'example_xcom_args' retrieved from /home/airflow/.local/lib/python3.8/site-packages/airflow/example_dags/example_xcomargs.py
[2025-07-21T08:21:19.172+0000] {logging_mixin.py:188} INFO - [2025-07-21T08:21:19.171+0000] {dag.py:3036} INFO - Sync 2 DAGs
[2025-07-21T08:21:19.280+0000] {logging_mixin.py:188} INFO - [2025-07-21T08:21:19.279+0000] {dag.py:3823} INFO - Setting next_dagrun for example_xcom_args to None, run_after=None
[2025-07-21T08:21:19.312+0000] {logging_mixin.py:188} INFO - [2025-07-21T08:21:19.311+0000] {dag.py:3823} INFO - Setting next_dagrun for example_xcom_args_with_operators to None, run_after=None
[2025-07-21T08:21:19.432+0000] {processor.py:183} INFO - Processing /home/airflow/.local/lib/python3.8/site-packages/airflow/example_dags/example_xcomargs.py took 1.016 seconds
[2025-07-21T08:21:51.866+0000] {processor.py:161} INFO - Started process (PID=584) to work on /home/airflow/.local/lib/python3.8/site-packages/airflow/example_dags/example_xcomargs.py
[2025-07-21T08:21:51.954+0000] {processor.py:830} INFO - Processing file /home/airflow/.local/lib/python3.8/site-packages/airflow/example_dags/example_xcomargs.py for tasks to queue
[2025-07-21T08:21:52.021+0000] {logging_mixin.py:188} INFO - [2025-07-21T08:21:52.021+0000] {dagbag.py:538} INFO - Filling up the DagBag from /home/airflow/.local/lib/python3.8/site-packages/airflow/example_dags/example_xcomargs.py
[2025-07-21T08:21:52.334+0000] {processor.py:840} INFO - DAG(s) 'example_xcom_args_with_operators', 'example_xcom_args' retrieved from /home/airflow/.local/lib/python3.8/site-packages/airflow/example_dags/example_xcomargs.py
[2025-07-21T08:21:52.514+0000] {logging_mixin.py:188} INFO - [2025-07-21T08:21:52.513+0000] {dag.py:3036} INFO - Sync 2 DAGs
[2025-07-21T08:21:52.911+0000] {logging_mixin.py:188} INFO - [2025-07-21T08:21:52.911+0000] {dag.py:3823} INFO - Setting next_dagrun for example_xcom_args to None, run_after=None
[2025-07-21T08:21:53.166+0000] {logging_mixin.py:188} INFO - [2025-07-21T08:21:53.165+0000] {dag.py:3823} INFO - Setting next_dagrun for example_xcom_args_with_operators to None, run_after=None
[2025-07-21T08:21:53.413+0000] {processor.py:183} INFO - Processing /home/airflow/.local/lib/python3.8/site-packages/airflow/example_dags/example_xcomargs.py took 1.562 seconds
[2025-07-21T08:22:33.300+0000] {processor.py:161} INFO - Started process (PID=638) to work on /home/airflow/.local/lib/python3.8/site-packages/airflow/example_dags/example_xcomargs.py
[2025-07-21T08:22:33.302+0000] {processor.py:830} INFO - Processing file /home/airflow/.local/lib/python3.8/site-packages/airflow/example_dags/example_xcomargs.py for tasks to queue
[2025-07-21T08:22:33.306+0000] {logging_mixin.py:188} INFO - [2025-07-21T08:22:33.305+0000] {dagbag.py:538} INFO - Filling up the DagBag from /home/airflow/.local/lib/python3.8/site-packages/airflow/example_dags/example_xcomargs.py
[2025-07-21T08:22:33.333+0000] {processor.py:840} INFO - DAG(s) 'example_xcom_args_with_operators', 'example_xcom_args' retrieved from /home/airflow/.local/lib/python3.8/site-packages/airflow/example_dags/example_xcomargs.py
[2025-07-21T08:22:33.379+0000] {logging_mixin.py:188} INFO - [2025-07-21T08:22:33.378+0000] {dag.py:3036} INFO - Sync 2 DAGs
[2025-07-21T08:22:33.403+0000] {logging_mixin.py:188} INFO - [2025-07-21T08:22:33.403+0000] {dag.py:3823} INFO - Setting next_dagrun for example_xcom_args to None, run_after=None
[2025-07-21T08:22:33.409+0000] {logging_mixin.py:188} INFO - [2025-07-21T08:22:33.408+0000] {dag.py:3823} INFO - Setting next_dagrun for example_xcom_args_with_operators to None, run_after=None
[2025-07-21T08:22:33.436+0000] {processor.py:183} INFO - Processing /home/airflow/.local/lib/python3.8/site-packages/airflow/example_dags/example_xcomargs.py took 0.152 seconds
[2025-07-21T08:23:15.229+0000] {processor.py:161} INFO - Started process (PID=700) to work on /home/airflow/.local/lib/python3.8/site-packages/airflow/example_dags/example_xcomargs.py
[2025-07-21T08:23:15.330+0000] {processor.py:830} INFO - Processing file /home/airflow/.local/lib/python3.8/site-packages/airflow/example_dags/example_xcomargs.py for tasks to queue
[2025-07-21T08:23:15.364+0000] {logging_mixin.py:188} INFO - [2025-07-21T08:23:15.363+0000] {dagbag.py:538} INFO - Filling up the DagBag from /home/airflow/.local/lib/python3.8/site-packages/airflow/example_dags/example_xcomargs.py
[2025-07-21T08:23:15.415+0000] {processor.py:840} INFO - DAG(s) 'example_xcom_args', 'example_xcom_args_with_operators' retrieved from /home/airflow/.local/lib/python3.8/site-packages/airflow/example_dags/example_xcomargs.py
[2025-07-21T08:23:15.594+0000] {logging_mixin.py:188} INFO - [2025-07-21T08:23:15.593+0000] {dag.py:3036} INFO - Sync 2 DAGs
[2025-07-21T08:23:15.650+0000] {logging_mixin.py:188} INFO - [2025-07-21T08:23:15.649+0000] {dag.py:3823} INFO - Setting next_dagrun for example_xcom_args to None, run_after=None
[2025-07-21T08:23:15.668+0000] {logging_mixin.py:188} INFO - [2025-07-21T08:23:15.668+0000] {dag.py:3823} INFO - Setting next_dagrun for example_xcom_args_with_operators to None, run_after=None
[2025-07-21T08:23:15.739+0000] {processor.py:183} INFO - Processing /home/airflow/.local/lib/python3.8/site-packages/airflow/example_dags/example_xcomargs.py took 0.518 seconds
[2025-07-21T08:23:49.941+0000] {processor.py:161} INFO - Started process (PID=758) to work on /home/airflow/.local/lib/python3.8/site-packages/airflow/example_dags/example_xcomargs.py
[2025-07-21T08:23:49.951+0000] {processor.py:830} INFO - Processing file /home/airflow/.local/lib/python3.8/site-packages/airflow/example_dags/example_xcomargs.py for tasks to queue
[2025-07-21T08:23:49.996+0000] {logging_mixin.py:188} INFO - [2025-07-21T08:23:49.995+0000] {dagbag.py:538} INFO - Filling up the DagBag from /home/airflow/.local/lib/python3.8/site-packages/airflow/example_dags/example_xcomargs.py
[2025-07-21T08:23:50.084+0000] {processor.py:840} INFO - DAG(s) 'example_xcom_args', 'example_xcom_args_with_operators' retrieved from /home/airflow/.local/lib/python3.8/site-packages/airflow/example_dags/example_xcomargs.py
[2025-07-21T08:23:50.260+0000] {logging_mixin.py:188} INFO - [2025-07-21T08:23:50.259+0000] {dag.py:3036} INFO - Sync 2 DAGs
[2025-07-21T08:23:50.409+0000] {logging_mixin.py:188} INFO - [2025-07-21T08:23:50.408+0000] {dag.py:3823} INFO - Setting next_dagrun for example_xcom_args to None, run_after=None
[2025-07-21T08:23:50.450+0000] {logging_mixin.py:188} INFO - [2025-07-21T08:23:50.449+0000] {dag.py:3823} INFO - Setting next_dagrun for example_xcom_args_with_operators to None, run_after=None
[2025-07-21T08:23:50.581+0000] {processor.py:183} INFO - Processing /home/airflow/.local/lib/python3.8/site-packages/airflow/example_dags/example_xcomargs.py took 0.659 seconds
[2025-07-21T08:24:36.145+0000] {processor.py:161} INFO - Started process (PID=827) to work on /home/airflow/.local/lib/python3.8/site-packages/airflow/example_dags/example_xcomargs.py
[2025-07-21T08:24:36.170+0000] {processor.py:830} INFO - Processing file /home/airflow/.local/lib/python3.8/site-packages/airflow/example_dags/example_xcomargs.py for tasks to queue
[2025-07-21T08:24:36.175+0000] {logging_mixin.py:188} INFO - [2025-07-21T08:24:36.175+0000] {dagbag.py:538} INFO - Filling up the DagBag from /home/airflow/.local/lib/python3.8/site-packages/airflow/example_dags/example_xcomargs.py
[2025-07-21T08:24:36.242+0000] {processor.py:840} INFO - DAG(s) 'example_xcom_args_with_operators', 'example_xcom_args' retrieved from /home/airflow/.local/lib/python3.8/site-packages/airflow/example_dags/example_xcomargs.py
[2025-07-21T08:24:36.455+0000] {logging_mixin.py:188} INFO - [2025-07-21T08:24:36.454+0000] {dag.py:3036} INFO - Sync 2 DAGs
[2025-07-21T08:24:36.583+0000] {logging_mixin.py:188} INFO - [2025-07-21T08:24:36.582+0000] {dag.py:3823} INFO - Setting next_dagrun for example_xcom_args to None, run_after=None
[2025-07-21T08:24:36.639+0000] {logging_mixin.py:188} INFO - [2025-07-21T08:24:36.638+0000] {dag.py:3823} INFO - Setting next_dagrun for example_xcom_args_with_operators to None, run_after=None
[2025-07-21T08:24:36.775+0000] {processor.py:183} INFO - Processing /home/airflow/.local/lib/python3.8/site-packages/airflow/example_dags/example_xcomargs.py took 0.664 seconds
[2025-07-21T08:25:08.755+0000] {processor.py:161} INFO - Started process (PID=882) to work on /home/airflow/.local/lib/python3.8/site-packages/airflow/example_dags/example_xcomargs.py
[2025-07-21T08:25:08.786+0000] {processor.py:830} INFO - Processing file /home/airflow/.local/lib/python3.8/site-packages/airflow/example_dags/example_xcomargs.py for tasks to queue
[2025-07-21T08:25:08.855+0000] {logging_mixin.py:188} INFO - [2025-07-21T08:25:08.854+0000] {dagbag.py:538} INFO - Filling up the DagBag from /home/airflow/.local/lib/python3.8/site-packages/airflow/example_dags/example_xcomargs.py
[2025-07-21T08:25:08.965+0000] {processor.py:840} INFO - DAG(s) 'example_xcom_args', 'example_xcom_args_with_operators' retrieved from /home/airflow/.local/lib/python3.8/site-packages/airflow/example_dags/example_xcomargs.py
[2025-07-21T08:25:09.193+0000] {logging_mixin.py:188} INFO - [2025-07-21T08:25:09.193+0000] {dag.py:3036} INFO - Sync 2 DAGs
[2025-07-21T08:25:09.452+0000] {logging_mixin.py:188} INFO - [2025-07-21T08:25:09.451+0000] {dag.py:3823} INFO - Setting next_dagrun for example_xcom_args to None, run_after=None
[2025-07-21T08:25:09.482+0000] {logging_mixin.py:188} INFO - [2025-07-21T08:25:09.481+0000] {dag.py:3823} INFO - Setting next_dagrun for example_xcom_args_with_operators to None, run_after=None
[2025-07-21T08:25:09.651+0000] {processor.py:183} INFO - Processing /home/airflow/.local/lib/python3.8/site-packages/airflow/example_dags/example_xcomargs.py took 0.940 seconds
[2025-07-21T08:25:40.923+0000] {processor.py:161} INFO - Started process (PID=938) to work on /home/airflow/.local/lib/python3.8/site-packages/airflow/example_dags/example_xcomargs.py
[2025-07-21T08:25:40.951+0000] {processor.py:830} INFO - Processing file /home/airflow/.local/lib/python3.8/site-packages/airflow/example_dags/example_xcomargs.py for tasks to queue
[2025-07-21T08:25:40.987+0000] {logging_mixin.py:188} INFO - [2025-07-21T08:25:40.986+0000] {dagbag.py:538} INFO - Filling up the DagBag from /home/airflow/.local/lib/python3.8/site-packages/airflow/example_dags/example_xcomargs.py
[2025-07-21T08:25:41.042+0000] {processor.py:840} INFO - DAG(s) 'example_xcom_args', 'example_xcom_args_with_operators' retrieved from /home/airflow/.local/lib/python3.8/site-packages/airflow/example_dags/example_xcomargs.py
[2025-07-21T08:25:41.195+0000] {logging_mixin.py:188} INFO - [2025-07-21T08:25:41.195+0000] {dag.py:3036} INFO - Sync 2 DAGs
[2025-07-21T08:25:41.259+0000] {logging_mixin.py:188} INFO - [2025-07-21T08:25:41.259+0000] {dag.py:3823} INFO - Setting next_dagrun for example_xcom_args to None, run_after=None
[2025-07-21T08:25:41.276+0000] {logging_mixin.py:188} INFO - [2025-07-21T08:25:41.275+0000] {dag.py:3823} INFO - Setting next_dagrun for example_xcom_args_with_operators to None, run_after=None
[2025-07-21T08:25:41.338+0000] {processor.py:183} INFO - Processing /home/airflow/.local/lib/python3.8/site-packages/airflow/example_dags/example_xcomargs.py took 0.449 seconds
[2025-07-21T08:26:11.734+0000] {processor.py:161} INFO - Started process (PID=993) to work on /home/airflow/.local/lib/python3.8/site-packages/airflow/example_dags/example_xcomargs.py
[2025-07-21T08:26:11.738+0000] {processor.py:830} INFO - Processing file /home/airflow/.local/lib/python3.8/site-packages/airflow/example_dags/example_xcomargs.py for tasks to queue
[2025-07-21T08:26:11.781+0000] {logging_mixin.py:188} INFO - [2025-07-21T08:26:11.780+0000] {dagbag.py:538} INFO - Filling up the DagBag from /home/airflow/.local/lib/python3.8/site-packages/airflow/example_dags/example_xcomargs.py
[2025-07-21T08:26:11.817+0000] {processor.py:840} INFO - DAG(s) 'example_xcom_args', 'example_xcom_args_with_operators' retrieved from /home/airflow/.local/lib/python3.8/site-packages/airflow/example_dags/example_xcomargs.py
[2025-07-21T08:26:11.940+0000] {logging_mixin.py:188} INFO - [2025-07-21T08:26:11.939+0000] {dag.py:3036} INFO - Sync 2 DAGs
[2025-07-21T08:26:11.999+0000] {logging_mixin.py:188} INFO - [2025-07-21T08:26:11.998+0000] {dag.py:3823} INFO - Setting next_dagrun for example_xcom_args to None, run_after=None
[2025-07-21T08:26:12.033+0000] {logging_mixin.py:188} INFO - [2025-07-21T08:26:12.033+0000] {dag.py:3823} INFO - Setting next_dagrun for example_xcom_args_with_operators to None, run_after=None
[2025-07-21T08:26:12.191+0000] {processor.py:183} INFO - Processing /home/airflow/.local/lib/python3.8/site-packages/airflow/example_dags/example_xcomargs.py took 0.464 seconds
[2025-07-21T08:26:50.511+0000] {processor.py:161} INFO - Started process (PID=1050) to work on /home/airflow/.local/lib/python3.8/site-packages/airflow/example_dags/example_xcomargs.py
[2025-07-21T08:26:50.538+0000] {processor.py:830} INFO - Processing file /home/airflow/.local/lib/python3.8/site-packages/airflow/example_dags/example_xcomargs.py for tasks to queue
[2025-07-21T08:26:50.651+0000] {logging_mixin.py:188} INFO - [2025-07-21T08:26:50.650+0000] {dagbag.py:538} INFO - Filling up the DagBag from /home/airflow/.local/lib/python3.8/site-packages/airflow/example_dags/example_xcomargs.py
[2025-07-21T08:26:50.724+0000] {processor.py:840} INFO - DAG(s) 'example_xcom_args_with_operators', 'example_xcom_args' retrieved from /home/airflow/.local/lib/python3.8/site-packages/airflow/example_dags/example_xcomargs.py
[2025-07-21T08:26:50.863+0000] {logging_mixin.py:188} INFO - [2025-07-21T08:26:50.862+0000] {dag.py:3036} INFO - Sync 2 DAGs
[2025-07-21T08:26:50.953+0000] {logging_mixin.py:188} INFO - [2025-07-21T08:26:50.952+0000] {dag.py:3823} INFO - Setting next_dagrun for example_xcom_args to None, run_after=None
[2025-07-21T08:26:50.972+0000] {logging_mixin.py:188} INFO - [2025-07-21T08:26:50.971+0000] {dag.py:3823} INFO - Setting next_dagrun for example_xcom_args_with_operators to None, run_after=None
[2025-07-21T08:26:51.101+0000] {processor.py:183} INFO - Processing /home/airflow/.local/lib/python3.8/site-packages/airflow/example_dags/example_xcomargs.py took 0.598 seconds
[2025-07-21T08:27:21.468+0000] {processor.py:161} INFO - Started process (PID=1104) to work on /home/airflow/.local/lib/python3.8/site-packages/airflow/example_dags/example_xcomargs.py
[2025-07-21T08:27:21.476+0000] {processor.py:830} INFO - Processing file /home/airflow/.local/lib/python3.8/site-packages/airflow/example_dags/example_xcomargs.py for tasks to queue
[2025-07-21T08:27:21.491+0000] {logging_mixin.py:188} INFO - [2025-07-21T08:27:21.490+0000] {dagbag.py:538} INFO - Filling up the DagBag from /home/airflow/.local/lib/python3.8/site-packages/airflow/example_dags/example_xcomargs.py
[2025-07-21T08:27:21.556+0000] {processor.py:840} INFO - DAG(s) 'example_xcom_args', 'example_xcom_args_with_operators' retrieved from /home/airflow/.local/lib/python3.8/site-packages/airflow/example_dags/example_xcomargs.py
[2025-07-21T08:27:21.671+0000] {logging_mixin.py:188} INFO - [2025-07-21T08:27:21.671+0000] {dag.py:3036} INFO - Sync 2 DAGs
[2025-07-21T08:27:21.753+0000] {logging_mixin.py:188} INFO - [2025-07-21T08:27:21.752+0000] {dag.py:3823} INFO - Setting next_dagrun for example_xcom_args to None, run_after=None
[2025-07-21T08:27:21.761+0000] {logging_mixin.py:188} INFO - [2025-07-21T08:27:21.761+0000] {dag.py:3823} INFO - Setting next_dagrun for example_xcom_args_with_operators to None, run_after=None
[2025-07-21T08:27:21.800+0000] {processor.py:183} INFO - Processing /home/airflow/.local/lib/python3.8/site-packages/airflow/example_dags/example_xcomargs.py took 0.349 seconds
[2025-07-21T08:27:52.126+0000] {processor.py:161} INFO - Started process (PID=1159) to work on /home/airflow/.local/lib/python3.8/site-packages/airflow/example_dags/example_xcomargs.py
[2025-07-21T08:27:52.128+0000] {processor.py:830} INFO - Processing file /home/airflow/.local/lib/python3.8/site-packages/airflow/example_dags/example_xcomargs.py for tasks to queue
[2025-07-21T08:27:52.133+0000] {logging_mixin.py:188} INFO - [2025-07-21T08:27:52.132+0000] {dagbag.py:538} INFO - Filling up the DagBag from /home/airflow/.local/lib/python3.8/site-packages/airflow/example_dags/example_xcomargs.py
[2025-07-21T08:27:52.153+0000] {processor.py:840} INFO - DAG(s) 'example_xcom_args', 'example_xcom_args_with_operators' retrieved from /home/airflow/.local/lib/python3.8/site-packages/airflow/example_dags/example_xcomargs.py
[2025-07-21T08:27:52.303+0000] {logging_mixin.py:188} INFO - [2025-07-21T08:27:52.302+0000] {dag.py:3036} INFO - Sync 2 DAGs
[2025-07-21T08:27:52.378+0000] {logging_mixin.py:188} INFO - [2025-07-21T08:27:52.378+0000] {dag.py:3823} INFO - Setting next_dagrun for example_xcom_args to None, run_after=None
[2025-07-21T08:27:52.385+0000] {logging_mixin.py:188} INFO - [2025-07-21T08:27:52.385+0000] {dag.py:3823} INFO - Setting next_dagrun for example_xcom_args_with_operators to None, run_after=None
[2025-07-21T08:27:52.420+0000] {processor.py:183} INFO - Processing /home/airflow/.local/lib/python3.8/site-packages/airflow/example_dags/example_xcomargs.py took 0.309 seconds
[2025-07-21T08:28:22.706+0000] {processor.py:161} INFO - Started process (PID=1214) to work on /home/airflow/.local/lib/python3.8/site-packages/airflow/example_dags/example_xcomargs.py
[2025-07-21T08:28:22.711+0000] {processor.py:830} INFO - Processing file /home/airflow/.local/lib/python3.8/site-packages/airflow/example_dags/example_xcomargs.py for tasks to queue
[2025-07-21T08:28:22.717+0000] {logging_mixin.py:188} INFO - [2025-07-21T08:28:22.716+0000] {dagbag.py:538} INFO - Filling up the DagBag from /home/airflow/.local/lib/python3.8/site-packages/airflow/example_dags/example_xcomargs.py
[2025-07-21T08:28:22.752+0000] {processor.py:840} INFO - DAG(s) 'example_xcom_args_with_operators', 'example_xcom_args' retrieved from /home/airflow/.local/lib/python3.8/site-packages/airflow/example_dags/example_xcomargs.py
[2025-07-21T08:28:22.856+0000] {logging_mixin.py:188} INFO - [2025-07-21T08:28:22.856+0000] {dag.py:3036} INFO - Sync 2 DAGs
[2025-07-21T08:28:22.896+0000] {logging_mixin.py:188} INFO - [2025-07-21T08:28:22.895+0000] {dag.py:3823} INFO - Setting next_dagrun for example_xcom_args to None, run_after=None
[2025-07-21T08:28:22.912+0000] {logging_mixin.py:188} INFO - [2025-07-21T08:28:22.911+0000] {dag.py:3823} INFO - Setting next_dagrun for example_xcom_args_with_operators to None, run_after=None
[2025-07-21T08:28:22.962+0000] {processor.py:183} INFO - Processing /home/airflow/.local/lib/python3.8/site-packages/airflow/example_dags/example_xcomargs.py took 0.269 seconds
[2025-07-21T08:28:53.630+0000] {processor.py:161} INFO - Started process (PID=1269) to work on /home/airflow/.local/lib/python3.8/site-packages/airflow/example_dags/example_xcomargs.py
[2025-07-21T08:28:53.654+0000] {processor.py:830} INFO - Processing file /home/airflow/.local/lib/python3.8/site-packages/airflow/example_dags/example_xcomargs.py for tasks to queue
[2025-07-21T08:28:53.686+0000] {logging_mixin.py:188} INFO - [2025-07-21T08:28:53.685+0000] {dagbag.py:538} INFO - Filling up the DagBag from /home/airflow/.local/lib/python3.8/site-packages/airflow/example_dags/example_xcomargs.py
[2025-07-21T08:28:53.740+0000] {processor.py:840} INFO - DAG(s) 'example_xcom_args', 'example_xcom_args_with_operators' retrieved from /home/airflow/.local/lib/python3.8/site-packages/airflow/example_dags/example_xcomargs.py
[2025-07-21T08:28:53.839+0000] {logging_mixin.py:188} INFO - [2025-07-21T08:28:53.838+0000] {dag.py:3036} INFO - Sync 2 DAGs
[2025-07-21T08:28:53.907+0000] {logging_mixin.py:188} INFO - [2025-07-21T08:28:53.906+0000] {dag.py:3823} INFO - Setting next_dagrun for example_xcom_args to None, run_after=None
[2025-07-21T08:28:53.916+0000] {logging_mixin.py:188} INFO - [2025-07-21T08:28:53.916+0000] {dag.py:3823} INFO - Setting next_dagrun for example_xcom_args_with_operators to None, run_after=None
[2025-07-21T08:28:53.986+0000] {processor.py:183} INFO - Processing /home/airflow/.local/lib/python3.8/site-packages/airflow/example_dags/example_xcomargs.py took 0.378 seconds
[2025-07-21T08:29:24.285+0000] {processor.py:161} INFO - Started process (PID=1324) to work on /home/airflow/.local/lib/python3.8/site-packages/airflow/example_dags/example_xcomargs.py
[2025-07-21T08:29:24.293+0000] {processor.py:830} INFO - Processing file /home/airflow/.local/lib/python3.8/site-packages/airflow/example_dags/example_xcomargs.py for tasks to queue
[2025-07-21T08:29:24.310+0000] {logging_mixin.py:188} INFO - [2025-07-21T08:29:24.309+0000] {dagbag.py:538} INFO - Filling up the DagBag from /home/airflow/.local/lib/python3.8/site-packages/airflow/example_dags/example_xcomargs.py
[2025-07-21T08:29:24.340+0000] {processor.py:840} INFO - DAG(s) 'example_xcom_args_with_operators', 'example_xcom_args' retrieved from /home/airflow/.local/lib/python3.8/site-packages/airflow/example_dags/example_xcomargs.py
[2025-07-21T08:29:24.446+0000] {logging_mixin.py:188} INFO - [2025-07-21T08:29:24.446+0000] {dag.py:3036} INFO - Sync 2 DAGs
[2025-07-21T08:29:24.469+0000] {logging_mixin.py:188} INFO - [2025-07-21T08:29:24.468+0000] {dag.py:3823} INFO - Setting next_dagrun for example_xcom_args to None, run_after=None
[2025-07-21T08:29:24.475+0000] {logging_mixin.py:188} INFO - [2025-07-21T08:29:24.475+0000] {dag.py:3823} INFO - Setting next_dagrun for example_xcom_args_with_operators to None, run_after=None
[2025-07-21T08:29:24.509+0000] {processor.py:183} INFO - Processing /home/airflow/.local/lib/python3.8/site-packages/airflow/example_dags/example_xcomargs.py took 0.231 seconds
[2025-07-21T08:29:54.989+0000] {processor.py:161} INFO - Started process (PID=1380) to work on /home/airflow/.local/lib/python3.8/site-packages/airflow/example_dags/example_xcomargs.py
[2025-07-21T08:29:54.998+0000] {processor.py:830} INFO - Processing file /home/airflow/.local/lib/python3.8/site-packages/airflow/example_dags/example_xcomargs.py for tasks to queue
[2025-07-21T08:29:55.009+0000] {logging_mixin.py:188} INFO - [2025-07-21T08:29:55.004+0000] {dagbag.py:538} INFO - Filling up the DagBag from /home/airflow/.local/lib/python3.8/site-packages/airflow/example_dags/example_xcomargs.py
[2025-07-21T08:29:55.053+0000] {processor.py:840} INFO - DAG(s) 'example_xcom_args_with_operators', 'example_xcom_args' retrieved from /home/airflow/.local/lib/python3.8/site-packages/airflow/example_dags/example_xcomargs.py
[2025-07-21T08:29:55.150+0000] {logging_mixin.py:188} INFO - [2025-07-21T08:29:55.150+0000] {dag.py:3036} INFO - Sync 2 DAGs
[2025-07-21T08:29:55.190+0000] {logging_mixin.py:188} INFO - [2025-07-21T08:29:55.189+0000] {dag.py:3823} INFO - Setting next_dagrun for example_xcom_args to None, run_after=None
[2025-07-21T08:29:55.199+0000] {logging_mixin.py:188} INFO - [2025-07-21T08:29:55.198+0000] {dag.py:3823} INFO - Setting next_dagrun for example_xcom_args_with_operators to None, run_after=None
[2025-07-21T08:29:55.250+0000] {processor.py:183} INFO - Processing /home/airflow/.local/lib/python3.8/site-packages/airflow/example_dags/example_xcomargs.py took 0.280 seconds
[2025-07-21T08:30:25.546+0000] {processor.py:161} INFO - Started process (PID=1436) to work on /home/airflow/.local/lib/python3.8/site-packages/airflow/example_dags/example_xcomargs.py
[2025-07-21T08:30:25.549+0000] {processor.py:830} INFO - Processing file /home/airflow/.local/lib/python3.8/site-packages/airflow/example_dags/example_xcomargs.py for tasks to queue
[2025-07-21T08:30:25.553+0000] {logging_mixin.py:188} INFO - [2025-07-21T08:30:25.552+0000] {dagbag.py:538} INFO - Filling up the DagBag from /home/airflow/.local/lib/python3.8/site-packages/airflow/example_dags/example_xcomargs.py
[2025-07-21T08:30:25.598+0000] {processor.py:840} INFO - DAG(s) 'example_xcom_args', 'example_xcom_args_with_operators' retrieved from /home/airflow/.local/lib/python3.8/site-packages/airflow/example_dags/example_xcomargs.py
[2025-07-21T08:30:25.701+0000] {logging_mixin.py:188} INFO - [2025-07-21T08:30:25.701+0000] {dag.py:3036} INFO - Sync 2 DAGs
[2025-07-21T08:30:25.724+0000] {logging_mixin.py:188} INFO - [2025-07-21T08:30:25.723+0000] {dag.py:3823} INFO - Setting next_dagrun for example_xcom_args to None, run_after=None
[2025-07-21T08:30:25.731+0000] {logging_mixin.py:188} INFO - [2025-07-21T08:30:25.731+0000] {dag.py:3823} INFO - Setting next_dagrun for example_xcom_args_with_operators to None, run_after=None
[2025-07-21T08:30:25.763+0000] {processor.py:183} INFO - Processing /home/airflow/.local/lib/python3.8/site-packages/airflow/example_dags/example_xcomargs.py took 0.233 seconds
[2025-07-21T08:31:05.662+0000] {processor.py:161} INFO - Started process (PID=1501) to work on /home/airflow/.local/lib/python3.8/site-packages/airflow/example_dags/example_xcomargs.py
[2025-07-21T08:31:05.664+0000] {processor.py:830} INFO - Processing file /home/airflow/.local/lib/python3.8/site-packages/airflow/example_dags/example_xcomargs.py for tasks to queue
[2025-07-21T08:31:05.667+0000] {logging_mixin.py:188} INFO - [2025-07-21T08:31:05.667+0000] {dagbag.py:538} INFO - Filling up the DagBag from /home/airflow/.local/lib/python3.8/site-packages/airflow/example_dags/example_xcomargs.py
[2025-07-21T08:31:05.694+0000] {processor.py:840} INFO - DAG(s) 'example_xcom_args', 'example_xcom_args_with_operators' retrieved from /home/airflow/.local/lib/python3.8/site-packages/airflow/example_dags/example_xcomargs.py
[2025-07-21T08:31:05.785+0000] {logging_mixin.py:188} INFO - [2025-07-21T08:31:05.784+0000] {dag.py:3036} INFO - Sync 2 DAGs
[2025-07-21T08:31:05.838+0000] {logging_mixin.py:188} INFO - [2025-07-21T08:31:05.838+0000] {dag.py:3823} INFO - Setting next_dagrun for example_xcom_args to None, run_after=None
[2025-07-21T08:31:05.855+0000] {logging_mixin.py:188} INFO - [2025-07-21T08:31:05.855+0000] {dag.py:3823} INFO - Setting next_dagrun for example_xcom_args_with_operators to None, run_after=None
[2025-07-21T08:31:05.923+0000] {processor.py:183} INFO - Processing /home/airflow/.local/lib/python3.8/site-packages/airflow/example_dags/example_xcomargs.py took 0.272 seconds
[2025-07-21T08:31:37.671+0000] {processor.py:161} INFO - Started process (PID=1557) to work on /home/airflow/.local/lib/python3.8/site-packages/airflow/example_dags/example_xcomargs.py
[2025-07-21T08:31:37.674+0000] {processor.py:830} INFO - Processing file /home/airflow/.local/lib/python3.8/site-packages/airflow/example_dags/example_xcomargs.py for tasks to queue
[2025-07-21T08:31:37.681+0000] {logging_mixin.py:188} INFO - [2025-07-21T08:31:37.681+0000] {dagbag.py:538} INFO - Filling up the DagBag from /home/airflow/.local/lib/python3.8/site-packages/airflow/example_dags/example_xcomargs.py
[2025-07-21T08:31:37.708+0000] {processor.py:840} INFO - DAG(s) 'example_xcom_args', 'example_xcom_args_with_operators' retrieved from /home/airflow/.local/lib/python3.8/site-packages/airflow/example_dags/example_xcomargs.py
[2025-07-21T08:31:37.782+0000] {logging_mixin.py:188} INFO - [2025-07-21T08:31:37.781+0000] {dag.py:3036} INFO - Sync 2 DAGs
[2025-07-21T08:31:37.812+0000] {logging_mixin.py:188} INFO - [2025-07-21T08:31:37.811+0000] {dag.py:3823} INFO - Setting next_dagrun for example_xcom_args to None, run_after=None
[2025-07-21T08:31:37.819+0000] {logging_mixin.py:188} INFO - [2025-07-21T08:31:37.819+0000] {dag.py:3823} INFO - Setting next_dagrun for example_xcom_args_with_operators to None, run_after=None
[2025-07-21T08:31:37.872+0000] {processor.py:183} INFO - Processing /home/airflow/.local/lib/python3.8/site-packages/airflow/example_dags/example_xcomargs.py took 0.210 seconds
[2025-07-21T08:32:13.061+0000] {processor.py:161} INFO - Started process (PID=1616) to work on /home/airflow/.local/lib/python3.8/site-packages/airflow/example_dags/example_xcomargs.py
[2025-07-21T08:32:13.083+0000] {processor.py:830} INFO - Processing file /home/airflow/.local/lib/python3.8/site-packages/airflow/example_dags/example_xcomargs.py for tasks to queue
[2025-07-21T08:32:13.118+0000] {logging_mixin.py:188} INFO - [2025-07-21T08:32:13.118+0000] {dagbag.py:538} INFO - Filling up the DagBag from /home/airflow/.local/lib/python3.8/site-packages/airflow/example_dags/example_xcomargs.py
[2025-07-21T08:32:13.201+0000] {processor.py:840} INFO - DAG(s) 'example_xcom_args', 'example_xcom_args_with_operators' retrieved from /home/airflow/.local/lib/python3.8/site-packages/airflow/example_dags/example_xcomargs.py
[2025-07-21T08:32:13.485+0000] {logging_mixin.py:188} INFO - [2025-07-21T08:32:13.484+0000] {dag.py:3036} INFO - Sync 2 DAGs
[2025-07-21T08:32:13.563+0000] {logging_mixin.py:188} INFO - [2025-07-21T08:32:13.563+0000] {dag.py:3823} INFO - Setting next_dagrun for example_xcom_args to None, run_after=None
[2025-07-21T08:32:13.585+0000] {logging_mixin.py:188} INFO - [2025-07-21T08:32:13.585+0000] {dag.py:3823} INFO - Setting next_dagrun for example_xcom_args_with_operators to None, run_after=None
[2025-07-21T08:32:13.797+0000] {processor.py:183} INFO - Processing /home/airflow/.local/lib/python3.8/site-packages/airflow/example_dags/example_xcomargs.py took 0.779 seconds
[2025-07-21T08:32:52.906+0000] {processor.py:161} INFO - Started process (PID=1678) to work on /home/airflow/.local/lib/python3.8/site-packages/airflow/example_dags/example_xcomargs.py
[2025-07-21T08:32:52.908+0000] {processor.py:830} INFO - Processing file /home/airflow/.local/lib/python3.8/site-packages/airflow/example_dags/example_xcomargs.py for tasks to queue
[2025-07-21T08:32:52.919+0000] {logging_mixin.py:188} INFO - [2025-07-21T08:32:52.919+0000] {dagbag.py:538} INFO - Filling up the DagBag from /home/airflow/.local/lib/python3.8/site-packages/airflow/example_dags/example_xcomargs.py
[2025-07-21T08:32:52.977+0000] {processor.py:840} INFO - DAG(s) 'example_xcom_args_with_operators', 'example_xcom_args' retrieved from /home/airflow/.local/lib/python3.8/site-packages/airflow/example_dags/example_xcomargs.py
[2025-07-21T08:32:53.146+0000] {logging_mixin.py:188} INFO - [2025-07-21T08:32:53.145+0000] {dag.py:3036} INFO - Sync 2 DAGs
[2025-07-21T08:32:53.212+0000] {logging_mixin.py:188} INFO - [2025-07-21T08:32:53.212+0000] {dag.py:3823} INFO - Setting next_dagrun for example_xcom_args to None, run_after=None
[2025-07-21T08:32:53.231+0000] {logging_mixin.py:188} INFO - [2025-07-21T08:32:53.231+0000] {dag.py:3823} INFO - Setting next_dagrun for example_xcom_args_with_operators to None, run_after=None
[2025-07-21T08:32:53.312+0000] {processor.py:183} INFO - Processing /home/airflow/.local/lib/python3.8/site-packages/airflow/example_dags/example_xcomargs.py took 0.433 seconds
[2025-07-21T08:33:23.844+0000] {processor.py:161} INFO - Started process (PID=1733) to work on /home/airflow/.local/lib/python3.8/site-packages/airflow/example_dags/example_xcomargs.py
[2025-07-21T08:33:23.849+0000] {processor.py:830} INFO - Processing file /home/airflow/.local/lib/python3.8/site-packages/airflow/example_dags/example_xcomargs.py for tasks to queue
[2025-07-21T08:33:23.867+0000] {logging_mixin.py:188} INFO - [2025-07-21T08:33:23.866+0000] {dagbag.py:538} INFO - Filling up the DagBag from /home/airflow/.local/lib/python3.8/site-packages/airflow/example_dags/example_xcomargs.py
[2025-07-21T08:33:23.913+0000] {processor.py:840} INFO - DAG(s) 'example_xcom_args', 'example_xcom_args_with_operators' retrieved from /home/airflow/.local/lib/python3.8/site-packages/airflow/example_dags/example_xcomargs.py
[2025-07-21T08:33:24.097+0000] {logging_mixin.py:188} INFO - [2025-07-21T08:33:24.096+0000] {dag.py:3036} INFO - Sync 2 DAGs
[2025-07-21T08:33:24.167+0000] {logging_mixin.py:188} INFO - [2025-07-21T08:33:24.167+0000] {dag.py:3823} INFO - Setting next_dagrun for example_xcom_args to None, run_after=None
[2025-07-21T08:33:24.182+0000] {logging_mixin.py:188} INFO - [2025-07-21T08:33:24.181+0000] {dag.py:3823} INFO - Setting next_dagrun for example_xcom_args_with_operators to None, run_after=None
[2025-07-21T08:33:24.327+0000] {processor.py:183} INFO - Processing /home/airflow/.local/lib/python3.8/site-packages/airflow/example_dags/example_xcomargs.py took 0.514 seconds
[2025-07-21T08:33:54.711+0000] {processor.py:161} INFO - Started process (PID=1789) to work on /home/airflow/.local/lib/python3.8/site-packages/airflow/example_dags/example_xcomargs.py
[2025-07-21T08:33:54.724+0000] {processor.py:830} INFO - Processing file /home/airflow/.local/lib/python3.8/site-packages/airflow/example_dags/example_xcomargs.py for tasks to queue
[2025-07-21T08:33:54.728+0000] {logging_mixin.py:188} INFO - [2025-07-21T08:33:54.727+0000] {dagbag.py:538} INFO - Filling up the DagBag from /home/airflow/.local/lib/python3.8/site-packages/airflow/example_dags/example_xcomargs.py
[2025-07-21T08:33:54.774+0000] {processor.py:840} INFO - DAG(s) 'example_xcom_args_with_operators', 'example_xcom_args' retrieved from /home/airflow/.local/lib/python3.8/site-packages/airflow/example_dags/example_xcomargs.py
[2025-07-21T08:33:54.865+0000] {logging_mixin.py:188} INFO - [2025-07-21T08:33:54.865+0000] {dag.py:3036} INFO - Sync 2 DAGs
[2025-07-21T08:33:54.915+0000] {logging_mixin.py:188} INFO - [2025-07-21T08:33:54.914+0000] {dag.py:3823} INFO - Setting next_dagrun for example_xcom_args to None, run_after=None
[2025-07-21T08:33:54.922+0000] {logging_mixin.py:188} INFO - [2025-07-21T08:33:54.922+0000] {dag.py:3823} INFO - Setting next_dagrun for example_xcom_args_with_operators to None, run_after=None
[2025-07-21T08:33:54.967+0000] {processor.py:183} INFO - Processing /home/airflow/.local/lib/python3.8/site-packages/airflow/example_dags/example_xcomargs.py took 0.307 seconds
[2025-07-21T08:34:25.697+0000] {processor.py:161} INFO - Started process (PID=1843) to work on /home/airflow/.local/lib/python3.8/site-packages/airflow/example_dags/example_xcomargs.py
[2025-07-21T08:34:25.725+0000] {processor.py:830} INFO - Processing file /home/airflow/.local/lib/python3.8/site-packages/airflow/example_dags/example_xcomargs.py for tasks to queue
[2025-07-21T08:34:25.730+0000] {logging_mixin.py:188} INFO - [2025-07-21T08:34:25.729+0000] {dagbag.py:538} INFO - Filling up the DagBag from /home/airflow/.local/lib/python3.8/site-packages/airflow/example_dags/example_xcomargs.py
[2025-07-21T08:34:25.767+0000] {processor.py:840} INFO - DAG(s) 'example_xcom_args_with_operators', 'example_xcom_args' retrieved from /home/airflow/.local/lib/python3.8/site-packages/airflow/example_dags/example_xcomargs.py
[2025-07-21T08:34:25.876+0000] {logging_mixin.py:188} INFO - [2025-07-21T08:34:25.876+0000] {dag.py:3036} INFO - Sync 2 DAGs
[2025-07-21T08:34:25.953+0000] {logging_mixin.py:188} INFO - [2025-07-21T08:34:25.953+0000] {dag.py:3823} INFO - Setting next_dagrun for example_xcom_args to None, run_after=None
[2025-07-21T08:34:26.008+0000] {logging_mixin.py:188} INFO - [2025-07-21T08:34:26.007+0000] {dag.py:3823} INFO - Setting next_dagrun for example_xcom_args_with_operators to None, run_after=None
[2025-07-21T08:34:26.084+0000] {processor.py:183} INFO - Processing /home/airflow/.local/lib/python3.8/site-packages/airflow/example_dags/example_xcomargs.py took 0.393 seconds
[2025-07-21T08:34:56.165+0000] {processor.py:161} INFO - Started process (PID=1899) to work on /home/airflow/.local/lib/python3.8/site-packages/airflow/example_dags/example_xcomargs.py
[2025-07-21T08:34:56.168+0000] {processor.py:830} INFO - Processing file /home/airflow/.local/lib/python3.8/site-packages/airflow/example_dags/example_xcomargs.py for tasks to queue
[2025-07-21T08:34:56.172+0000] {logging_mixin.py:188} INFO - [2025-07-21T08:34:56.172+0000] {dagbag.py:538} INFO - Filling up the DagBag from /home/airflow/.local/lib/python3.8/site-packages/airflow/example_dags/example_xcomargs.py
[2025-07-21T08:34:56.191+0000] {processor.py:840} INFO - DAG(s) 'example_xcom_args', 'example_xcom_args_with_operators' retrieved from /home/airflow/.local/lib/python3.8/site-packages/airflow/example_dags/example_xcomargs.py
[2025-07-21T08:34:56.248+0000] {logging_mixin.py:188} INFO - [2025-07-21T08:34:56.248+0000] {dag.py:3036} INFO - Sync 2 DAGs
[2025-07-21T08:34:56.276+0000] {logging_mixin.py:188} INFO - [2025-07-21T08:34:56.275+0000] {dag.py:3823} INFO - Setting next_dagrun for example_xcom_args to None, run_after=None
[2025-07-21T08:34:56.285+0000] {logging_mixin.py:188} INFO - [2025-07-21T08:34:56.285+0000] {dag.py:3823} INFO - Setting next_dagrun for example_xcom_args_with_operators to None, run_after=None
[2025-07-21T08:34:56.328+0000] {processor.py:183} INFO - Processing /home/airflow/.local/lib/python3.8/site-packages/airflow/example_dags/example_xcomargs.py took 0.171 seconds
[2025-07-21T08:35:27.002+0000] {processor.py:161} INFO - Started process (PID=1954) to work on /home/airflow/.local/lib/python3.8/site-packages/airflow/example_dags/example_xcomargs.py
[2025-07-21T08:35:27.013+0000] {processor.py:830} INFO - Processing file /home/airflow/.local/lib/python3.8/site-packages/airflow/example_dags/example_xcomargs.py for tasks to queue
[2025-07-21T08:35:27.022+0000] {logging_mixin.py:188} INFO - [2025-07-21T08:35:27.021+0000] {dagbag.py:538} INFO - Filling up the DagBag from /home/airflow/.local/lib/python3.8/site-packages/airflow/example_dags/example_xcomargs.py
[2025-07-21T08:35:27.080+0000] {processor.py:840} INFO - DAG(s) 'example_xcom_args', 'example_xcom_args_with_operators' retrieved from /home/airflow/.local/lib/python3.8/site-packages/airflow/example_dags/example_xcomargs.py
[2025-07-21T08:35:27.368+0000] {logging_mixin.py:188} INFO - [2025-07-21T08:35:27.368+0000] {dag.py:3036} INFO - Sync 2 DAGs
[2025-07-21T08:35:27.464+0000] {logging_mixin.py:188} INFO - [2025-07-21T08:35:27.463+0000] {dag.py:3823} INFO - Setting next_dagrun for example_xcom_args to None, run_after=None
[2025-07-21T08:35:27.531+0000] {logging_mixin.py:188} INFO - [2025-07-21T08:35:27.529+0000] {dag.py:3823} INFO - Setting next_dagrun for example_xcom_args_with_operators to None, run_after=None
[2025-07-21T08:35:27.639+0000] {processor.py:183} INFO - Processing /home/airflow/.local/lib/python3.8/site-packages/airflow/example_dags/example_xcomargs.py took 0.653 seconds
[2025-07-21T08:35:59.654+0000] {processor.py:161} INFO - Started process (PID=2014) to work on /home/airflow/.local/lib/python3.8/site-packages/airflow/example_dags/example_xcomargs.py
[2025-07-21T08:35:59.656+0000] {processor.py:830} INFO - Processing file /home/airflow/.local/lib/python3.8/site-packages/airflow/example_dags/example_xcomargs.py for tasks to queue
[2025-07-21T08:35:59.660+0000] {logging_mixin.py:188} INFO - [2025-07-21T08:35:59.659+0000] {dagbag.py:538} INFO - Filling up the DagBag from /home/airflow/.local/lib/python3.8/site-packages/airflow/example_dags/example_xcomargs.py
[2025-07-21T08:35:59.676+0000] {processor.py:840} INFO - DAG(s) 'example_xcom_args_with_operators', 'example_xcom_args' retrieved from /home/airflow/.local/lib/python3.8/site-packages/airflow/example_dags/example_xcomargs.py
[2025-07-21T08:35:59.736+0000] {logging_mixin.py:188} INFO - [2025-07-21T08:35:59.726+0000] {dag.py:3036} INFO - Sync 2 DAGs
[2025-07-21T08:35:59.791+0000] {logging_mixin.py:188} INFO - [2025-07-21T08:35:59.791+0000] {dag.py:3823} INFO - Setting next_dagrun for example_xcom_args to None, run_after=None
[2025-07-21T08:35:59.809+0000] {logging_mixin.py:188} INFO - [2025-07-21T08:35:59.809+0000] {dag.py:3823} INFO - Setting next_dagrun for example_xcom_args_with_operators to None, run_after=None
[2025-07-21T08:35:59.855+0000] {processor.py:183} INFO - Processing /home/airflow/.local/lib/python3.8/site-packages/airflow/example_dags/example_xcomargs.py took 0.208 seconds
[2025-07-21T08:36:31.215+0000] {processor.py:161} INFO - Started process (PID=2070) to work on /home/airflow/.local/lib/python3.8/site-packages/airflow/example_dags/example_xcomargs.py
[2025-07-21T08:36:31.220+0000] {processor.py:830} INFO - Processing file /home/airflow/.local/lib/python3.8/site-packages/airflow/example_dags/example_xcomargs.py for tasks to queue
[2025-07-21T08:36:31.227+0000] {logging_mixin.py:188} INFO - [2025-07-21T08:36:31.226+0000] {dagbag.py:538} INFO - Filling up the DagBag from /home/airflow/.local/lib/python3.8/site-packages/airflow/example_dags/example_xcomargs.py
[2025-07-21T08:36:31.274+0000] {processor.py:840} INFO - DAG(s) 'example_xcom_args', 'example_xcom_args_with_operators' retrieved from /home/airflow/.local/lib/python3.8/site-packages/airflow/example_dags/example_xcomargs.py
[2025-07-21T08:36:31.433+0000] {logging_mixin.py:188} INFO - [2025-07-21T08:36:31.432+0000] {dag.py:3036} INFO - Sync 2 DAGs
[2025-07-21T08:36:31.490+0000] {logging_mixin.py:188} INFO - [2025-07-21T08:36:31.490+0000] {dag.py:3823} INFO - Setting next_dagrun for example_xcom_args to None, run_after=None
[2025-07-21T08:36:31.511+0000] {logging_mixin.py:188} INFO - [2025-07-21T08:36:31.511+0000] {dag.py:3823} INFO - Setting next_dagrun for example_xcom_args_with_operators to None, run_after=None
[2025-07-21T08:36:31.611+0000] {processor.py:183} INFO - Processing /home/airflow/.local/lib/python3.8/site-packages/airflow/example_dags/example_xcomargs.py took 0.424 seconds
[2025-07-21T08:37:01.872+0000] {processor.py:161} INFO - Started process (PID=2124) to work on /home/airflow/.local/lib/python3.8/site-packages/airflow/example_dags/example_xcomargs.py
[2025-07-21T08:37:01.935+0000] {processor.py:830} INFO - Processing file /home/airflow/.local/lib/python3.8/site-packages/airflow/example_dags/example_xcomargs.py for tasks to queue
[2025-07-21T08:37:01.953+0000] {logging_mixin.py:188} INFO - [2025-07-21T08:37:01.952+0000] {dagbag.py:538} INFO - Filling up the DagBag from /home/airflow/.local/lib/python3.8/site-packages/airflow/example_dags/example_xcomargs.py
[2025-07-21T08:37:01.997+0000] {processor.py:840} INFO - DAG(s) 'example_xcom_args_with_operators', 'example_xcom_args' retrieved from /home/airflow/.local/lib/python3.8/site-packages/airflow/example_dags/example_xcomargs.py
[2025-07-21T08:37:02.112+0000] {logging_mixin.py:188} INFO - [2025-07-21T08:37:02.111+0000] {dag.py:3036} INFO - Sync 2 DAGs
[2025-07-21T08:37:02.202+0000] {logging_mixin.py:188} INFO - [2025-07-21T08:37:02.201+0000] {dag.py:3823} INFO - Setting next_dagrun for example_xcom_args to None, run_after=None
[2025-07-21T08:37:02.295+0000] {logging_mixin.py:188} INFO - [2025-07-21T08:37:02.294+0000] {dag.py:3823} INFO - Setting next_dagrun for example_xcom_args_with_operators to None, run_after=None
[2025-07-21T08:37:02.391+0000] {processor.py:183} INFO - Processing /home/airflow/.local/lib/python3.8/site-packages/airflow/example_dags/example_xcomargs.py took 0.542 seconds
[2025-07-21T08:37:33.354+0000] {processor.py:161} INFO - Started process (PID=2180) to work on /home/airflow/.local/lib/python3.8/site-packages/airflow/example_dags/example_xcomargs.py
[2025-07-21T08:37:33.382+0000] {processor.py:830} INFO - Processing file /home/airflow/.local/lib/python3.8/site-packages/airflow/example_dags/example_xcomargs.py for tasks to queue
[2025-07-21T08:37:33.407+0000] {logging_mixin.py:188} INFO - [2025-07-21T08:37:33.399+0000] {dagbag.py:538} INFO - Filling up the DagBag from /home/airflow/.local/lib/python3.8/site-packages/airflow/example_dags/example_xcomargs.py
[2025-07-21T08:37:33.531+0000] {processor.py:840} INFO - DAG(s) 'example_xcom_args', 'example_xcom_args_with_operators' retrieved from /home/airflow/.local/lib/python3.8/site-packages/airflow/example_dags/example_xcomargs.py
[2025-07-21T08:37:33.644+0000] {logging_mixin.py:188} INFO - [2025-07-21T08:37:33.643+0000] {dag.py:3036} INFO - Sync 2 DAGs
[2025-07-21T08:37:33.681+0000] {logging_mixin.py:188} INFO - [2025-07-21T08:37:33.680+0000] {dag.py:3823} INFO - Setting next_dagrun for example_xcom_args to None, run_after=None
[2025-07-21T08:37:33.689+0000] {logging_mixin.py:188} INFO - [2025-07-21T08:37:33.689+0000] {dag.py:3823} INFO - Setting next_dagrun for example_xcom_args_with_operators to None, run_after=None
[2025-07-21T08:37:33.736+0000] {processor.py:183} INFO - Processing /home/airflow/.local/lib/python3.8/site-packages/airflow/example_dags/example_xcomargs.py took 0.430 seconds
[2025-07-21T08:38:04.083+0000] {processor.py:161} INFO - Started process (PID=2234) to work on /home/airflow/.local/lib/python3.8/site-packages/airflow/example_dags/example_xcomargs.py
[2025-07-21T08:38:04.086+0000] {processor.py:830} INFO - Processing file /home/airflow/.local/lib/python3.8/site-packages/airflow/example_dags/example_xcomargs.py for tasks to queue
[2025-07-21T08:38:04.092+0000] {logging_mixin.py:188} INFO - [2025-07-21T08:38:04.091+0000] {dagbag.py:538} INFO - Filling up the DagBag from /home/airflow/.local/lib/python3.8/site-packages/airflow/example_dags/example_xcomargs.py
[2025-07-21T08:38:04.123+0000] {processor.py:840} INFO - DAG(s) 'example_xcom_args_with_operators', 'example_xcom_args' retrieved from /home/airflow/.local/lib/python3.8/site-packages/airflow/example_dags/example_xcomargs.py
[2025-07-21T08:38:04.189+0000] {logging_mixin.py:188} INFO - [2025-07-21T08:38:04.189+0000] {dag.py:3036} INFO - Sync 2 DAGs
[2025-07-21T08:38:04.225+0000] {logging_mixin.py:188} INFO - [2025-07-21T08:38:04.224+0000] {dag.py:3823} INFO - Setting next_dagrun for example_xcom_args to None, run_after=None
[2025-07-21T08:38:04.233+0000] {logging_mixin.py:188} INFO - [2025-07-21T08:38:04.233+0000] {dag.py:3823} INFO - Setting next_dagrun for example_xcom_args_with_operators to None, run_after=None
[2025-07-21T08:38:04.289+0000] {processor.py:183} INFO - Processing /home/airflow/.local/lib/python3.8/site-packages/airflow/example_dags/example_xcomargs.py took 0.217 seconds
[2025-07-21T08:38:35.132+0000] {processor.py:161} INFO - Started process (PID=2289) to work on /home/airflow/.local/lib/python3.8/site-packages/airflow/example_dags/example_xcomargs.py
[2025-07-21T08:38:35.135+0000] {processor.py:830} INFO - Processing file /home/airflow/.local/lib/python3.8/site-packages/airflow/example_dags/example_xcomargs.py for tasks to queue
[2025-07-21T08:38:35.146+0000] {logging_mixin.py:188} INFO - [2025-07-21T08:38:35.146+0000] {dagbag.py:538} INFO - Filling up the DagBag from /home/airflow/.local/lib/python3.8/site-packages/airflow/example_dags/example_xcomargs.py
[2025-07-21T08:38:35.172+0000] {processor.py:840} INFO - DAG(s) 'example_xcom_args', 'example_xcom_args_with_operators' retrieved from /home/airflow/.local/lib/python3.8/site-packages/airflow/example_dags/example_xcomargs.py
[2025-07-21T08:38:35.246+0000] {logging_mixin.py:188} INFO - [2025-07-21T08:38:35.245+0000] {dag.py:3036} INFO - Sync 2 DAGs
[2025-07-21T08:38:35.275+0000] {logging_mixin.py:188} INFO - [2025-07-21T08:38:35.275+0000] {dag.py:3823} INFO - Setting next_dagrun for example_xcom_args to None, run_after=None
[2025-07-21T08:38:35.282+0000] {logging_mixin.py:188} INFO - [2025-07-21T08:38:35.281+0000] {dag.py:3823} INFO - Setting next_dagrun for example_xcom_args_with_operators to None, run_after=None
[2025-07-21T08:38:35.550+0000] {processor.py:183} INFO - Processing /home/airflow/.local/lib/python3.8/site-packages/airflow/example_dags/example_xcomargs.py took 0.425 seconds
[2025-07-21T08:39:08.626+0000] {processor.py:161} INFO - Started process (PID=2345) to work on /home/airflow/.local/lib/python3.8/site-packages/airflow/example_dags/example_xcomargs.py
[2025-07-21T08:39:08.628+0000] {processor.py:830} INFO - Processing file /home/airflow/.local/lib/python3.8/site-packages/airflow/example_dags/example_xcomargs.py for tasks to queue
[2025-07-21T08:39:08.651+0000] {logging_mixin.py:188} INFO - [2025-07-21T08:39:08.650+0000] {dagbag.py:538} INFO - Filling up the DagBag from /home/airflow/.local/lib/python3.8/site-packages/airflow/example_dags/example_xcomargs.py
[2025-07-21T08:39:08.690+0000] {processor.py:840} INFO - DAG(s) 'example_xcom_args_with_operators', 'example_xcom_args' retrieved from /home/airflow/.local/lib/python3.8/site-packages/airflow/example_dags/example_xcomargs.py
[2025-07-21T08:39:08.857+0000] {logging_mixin.py:188} INFO - [2025-07-21T08:39:08.857+0000] {dag.py:3036} INFO - Sync 2 DAGs
[2025-07-21T08:39:08.926+0000] {logging_mixin.py:188} INFO - [2025-07-21T08:39:08.926+0000] {dag.py:3823} INFO - Setting next_dagrun for example_xcom_args to None, run_after=None
[2025-07-21T08:39:08.946+0000] {logging_mixin.py:188} INFO - [2025-07-21T08:39:08.945+0000] {dag.py:3823} INFO - Setting next_dagrun for example_xcom_args_with_operators to None, run_after=None
[2025-07-21T08:39:09.017+0000] {processor.py:183} INFO - Processing /home/airflow/.local/lib/python3.8/site-packages/airflow/example_dags/example_xcomargs.py took 0.419 seconds
[2025-07-21T08:39:39.992+0000] {processor.py:161} INFO - Started process (PID=2398) to work on /home/airflow/.local/lib/python3.8/site-packages/airflow/example_dags/example_xcomargs.py
[2025-07-21T08:39:40.002+0000] {processor.py:830} INFO - Processing file /home/airflow/.local/lib/python3.8/site-packages/airflow/example_dags/example_xcomargs.py for tasks to queue
[2025-07-21T08:39:40.012+0000] {logging_mixin.py:188} INFO - [2025-07-21T08:39:40.011+0000] {dagbag.py:538} INFO - Filling up the DagBag from /home/airflow/.local/lib/python3.8/site-packages/airflow/example_dags/example_xcomargs.py
[2025-07-21T08:39:40.072+0000] {processor.py:840} INFO - DAG(s) 'example_xcom_args', 'example_xcom_args_with_operators' retrieved from /home/airflow/.local/lib/python3.8/site-packages/airflow/example_dags/example_xcomargs.py
[2025-07-21T08:39:40.197+0000] {logging_mixin.py:188} INFO - [2025-07-21T08:39:40.197+0000] {dag.py:3036} INFO - Sync 2 DAGs
[2025-07-21T08:39:40.288+0000] {logging_mixin.py:188} INFO - [2025-07-21T08:39:40.287+0000] {dag.py:3823} INFO - Setting next_dagrun for example_xcom_args to None, run_after=None
[2025-07-21T08:39:40.306+0000] {logging_mixin.py:188} INFO - [2025-07-21T08:39:40.305+0000] {dag.py:3823} INFO - Setting next_dagrun for example_xcom_args_with_operators to None, run_after=None
[2025-07-21T08:39:40.502+0000] {processor.py:183} INFO - Processing /home/airflow/.local/lib/python3.8/site-packages/airflow/example_dags/example_xcomargs.py took 0.539 seconds
[2025-07-21T08:40:11.193+0000] {processor.py:161} INFO - Started process (PID=2453) to work on /home/airflow/.local/lib/python3.8/site-packages/airflow/example_dags/example_xcomargs.py
[2025-07-21T08:40:11.199+0000] {processor.py:830} INFO - Processing file /home/airflow/.local/lib/python3.8/site-packages/airflow/example_dags/example_xcomargs.py for tasks to queue
[2025-07-21T08:40:11.205+0000] {logging_mixin.py:188} INFO - [2025-07-21T08:40:11.204+0000] {dagbag.py:538} INFO - Filling up the DagBag from /home/airflow/.local/lib/python3.8/site-packages/airflow/example_dags/example_xcomargs.py
[2025-07-21T08:40:11.247+0000] {processor.py:840} INFO - DAG(s) 'example_xcom_args', 'example_xcom_args_with_operators' retrieved from /home/airflow/.local/lib/python3.8/site-packages/airflow/example_dags/example_xcomargs.py
[2025-07-21T08:40:11.410+0000] {logging_mixin.py:188} INFO - [2025-07-21T08:40:11.408+0000] {dag.py:3036} INFO - Sync 2 DAGs
[2025-07-21T08:40:11.480+0000] {logging_mixin.py:188} INFO - [2025-07-21T08:40:11.479+0000] {dag.py:3823} INFO - Setting next_dagrun for example_xcom_args to None, run_after=None
[2025-07-21T08:40:11.492+0000] {logging_mixin.py:188} INFO - [2025-07-21T08:40:11.492+0000] {dag.py:3823} INFO - Setting next_dagrun for example_xcom_args_with_operators to None, run_after=None
[2025-07-21T08:40:11.588+0000] {processor.py:183} INFO - Processing /home/airflow/.local/lib/python3.8/site-packages/airflow/example_dags/example_xcomargs.py took 0.415 seconds
[2025-07-21T08:40:42.057+0000] {processor.py:161} INFO - Started process (PID=2508) to work on /home/airflow/.local/lib/python3.8/site-packages/airflow/example_dags/example_xcomargs.py
[2025-07-21T08:40:42.062+0000] {processor.py:830} INFO - Processing file /home/airflow/.local/lib/python3.8/site-packages/airflow/example_dags/example_xcomargs.py for tasks to queue
[2025-07-21T08:40:42.068+0000] {logging_mixin.py:188} INFO - [2025-07-21T08:40:42.068+0000] {dagbag.py:538} INFO - Filling up the DagBag from /home/airflow/.local/lib/python3.8/site-packages/airflow/example_dags/example_xcomargs.py
[2025-07-21T08:40:42.097+0000] {processor.py:840} INFO - DAG(s) 'example_xcom_args', 'example_xcom_args_with_operators' retrieved from /home/airflow/.local/lib/python3.8/site-packages/airflow/example_dags/example_xcomargs.py
[2025-07-21T08:40:42.195+0000] {logging_mixin.py:188} INFO - [2025-07-21T08:40:42.195+0000] {dag.py:3036} INFO - Sync 2 DAGs
[2025-07-21T08:40:42.259+0000] {logging_mixin.py:188} INFO - [2025-07-21T08:40:42.258+0000] {dag.py:3823} INFO - Setting next_dagrun for example_xcom_args to None, run_after=None
[2025-07-21T08:40:42.275+0000] {logging_mixin.py:188} INFO - [2025-07-21T08:40:42.274+0000] {dag.py:3823} INFO - Setting next_dagrun for example_xcom_args_with_operators to None, run_after=None
[2025-07-21T08:40:42.337+0000] {processor.py:183} INFO - Processing /home/airflow/.local/lib/python3.8/site-packages/airflow/example_dags/example_xcomargs.py took 0.296 seconds
[2025-07-21T08:41:12.413+0000] {processor.py:161} INFO - Started process (PID=2563) to work on /home/airflow/.local/lib/python3.8/site-packages/airflow/example_dags/example_xcomargs.py
[2025-07-21T08:41:12.416+0000] {processor.py:830} INFO - Processing file /home/airflow/.local/lib/python3.8/site-packages/airflow/example_dags/example_xcomargs.py for tasks to queue
[2025-07-21T08:41:12.421+0000] {logging_mixin.py:188} INFO - [2025-07-21T08:41:12.420+0000] {dagbag.py:538} INFO - Filling up the DagBag from /home/airflow/.local/lib/python3.8/site-packages/airflow/example_dags/example_xcomargs.py
[2025-07-21T08:41:12.440+0000] {processor.py:840} INFO - DAG(s) 'example_xcom_args', 'example_xcom_args_with_operators' retrieved from /home/airflow/.local/lib/python3.8/site-packages/airflow/example_dags/example_xcomargs.py
[2025-07-21T08:41:12.491+0000] {logging_mixin.py:188} INFO - [2025-07-21T08:41:12.490+0000] {dag.py:3036} INFO - Sync 2 DAGs
[2025-07-21T08:41:12.892+0000] {logging_mixin.py:188} INFO - [2025-07-21T08:41:12.892+0000] {dag.py:3823} INFO - Setting next_dagrun for example_xcom_args to None, run_after=None
[2025-07-21T08:41:12.899+0000] {logging_mixin.py:188} INFO - [2025-07-21T08:41:12.899+0000] {dag.py:3823} INFO - Setting next_dagrun for example_xcom_args_with_operators to None, run_after=None
[2025-07-21T08:41:12.927+0000] {processor.py:183} INFO - Processing /home/airflow/.local/lib/python3.8/site-packages/airflow/example_dags/example_xcomargs.py took 0.522 seconds
[2025-07-21T08:41:43.044+0000] {processor.py:161} INFO - Started process (PID=2618) to work on /home/airflow/.local/lib/python3.8/site-packages/airflow/example_dags/example_xcomargs.py
[2025-07-21T08:41:43.047+0000] {processor.py:830} INFO - Processing file /home/airflow/.local/lib/python3.8/site-packages/airflow/example_dags/example_xcomargs.py for tasks to queue
[2025-07-21T08:41:43.052+0000] {logging_mixin.py:188} INFO - [2025-07-21T08:41:43.051+0000] {dagbag.py:538} INFO - Filling up the DagBag from /home/airflow/.local/lib/python3.8/site-packages/airflow/example_dags/example_xcomargs.py
[2025-07-21T08:41:43.088+0000] {processor.py:840} INFO - DAG(s) 'example_xcom_args', 'example_xcom_args_with_operators' retrieved from /home/airflow/.local/lib/python3.8/site-packages/airflow/example_dags/example_xcomargs.py
[2025-07-21T08:41:43.172+0000] {logging_mixin.py:188} INFO - [2025-07-21T08:41:43.171+0000] {dag.py:3036} INFO - Sync 2 DAGs
[2025-07-21T08:41:43.375+0000] {logging_mixin.py:188} INFO - [2025-07-21T08:41:43.372+0000] {dag.py:3823} INFO - Setting next_dagrun for example_xcom_args to None, run_after=None
[2025-07-21T08:41:43.401+0000] {logging_mixin.py:188} INFO - [2025-07-21T08:41:43.401+0000] {dag.py:3823} INFO - Setting next_dagrun for example_xcom_args_with_operators to None, run_after=None
[2025-07-21T08:41:43.546+0000] {processor.py:183} INFO - Processing /home/airflow/.local/lib/python3.8/site-packages/airflow/example_dags/example_xcomargs.py took 0.512 seconds
[2025-07-21T08:42:16.504+0000] {processor.py:161} INFO - Started process (PID=2674) to work on /home/airflow/.local/lib/python3.8/site-packages/airflow/example_dags/example_xcomargs.py
[2025-07-21T08:42:16.506+0000] {processor.py:830} INFO - Processing file /home/airflow/.local/lib/python3.8/site-packages/airflow/example_dags/example_xcomargs.py for tasks to queue
[2025-07-21T08:42:16.519+0000] {logging_mixin.py:188} INFO - [2025-07-21T08:42:16.518+0000] {dagbag.py:538} INFO - Filling up the DagBag from /home/airflow/.local/lib/python3.8/site-packages/airflow/example_dags/example_xcomargs.py
[2025-07-21T08:42:16.569+0000] {processor.py:840} INFO - DAG(s) 'example_xcom_args_with_operators', 'example_xcom_args' retrieved from /home/airflow/.local/lib/python3.8/site-packages/airflow/example_dags/example_xcomargs.py
[2025-07-21T08:42:16.701+0000] {logging_mixin.py:188} INFO - [2025-07-21T08:42:16.701+0000] {dag.py:3036} INFO - Sync 2 DAGs
[2025-07-21T08:42:16.773+0000] {logging_mixin.py:188} INFO - [2025-07-21T08:42:16.773+0000] {dag.py:3823} INFO - Setting next_dagrun for example_xcom_args to None, run_after=None
[2025-07-21T08:42:16.810+0000] {logging_mixin.py:188} INFO - [2025-07-21T08:42:16.809+0000] {dag.py:3823} INFO - Setting next_dagrun for example_xcom_args_with_operators to None, run_after=None
[2025-07-21T08:42:16.893+0000] {processor.py:183} INFO - Processing /home/airflow/.local/lib/python3.8/site-packages/airflow/example_dags/example_xcomargs.py took 0.461 seconds
[2025-07-21T08:42:47.120+0000] {processor.py:161} INFO - Started process (PID=2730) to work on /home/airflow/.local/lib/python3.8/site-packages/airflow/example_dags/example_xcomargs.py
[2025-07-21T08:42:47.123+0000] {processor.py:830} INFO - Processing file /home/airflow/.local/lib/python3.8/site-packages/airflow/example_dags/example_xcomargs.py for tasks to queue
[2025-07-21T08:42:47.130+0000] {logging_mixin.py:188} INFO - [2025-07-21T08:42:47.129+0000] {dagbag.py:538} INFO - Filling up the DagBag from /home/airflow/.local/lib/python3.8/site-packages/airflow/example_dags/example_xcomargs.py
[2025-07-21T08:42:47.159+0000] {processor.py:840} INFO - DAG(s) 'example_xcom_args_with_operators', 'example_xcom_args' retrieved from /home/airflow/.local/lib/python3.8/site-packages/airflow/example_dags/example_xcomargs.py
[2025-07-21T08:42:47.256+0000] {logging_mixin.py:188} INFO - [2025-07-21T08:42:47.256+0000] {dag.py:3036} INFO - Sync 2 DAGs
[2025-07-21T08:42:47.293+0000] {logging_mixin.py:188} INFO - [2025-07-21T08:42:47.293+0000] {dag.py:3823} INFO - Setting next_dagrun for example_xcom_args to None, run_after=None
[2025-07-21T08:42:47.302+0000] {logging_mixin.py:188} INFO - [2025-07-21T08:42:47.302+0000] {dag.py:3823} INFO - Setting next_dagrun for example_xcom_args_with_operators to None, run_after=None
[2025-07-21T08:42:47.384+0000] {processor.py:183} INFO - Processing /home/airflow/.local/lib/python3.8/site-packages/airflow/example_dags/example_xcomargs.py took 0.278 seconds
[2025-07-21T08:43:17.810+0000] {processor.py:161} INFO - Started process (PID=2784) to work on /home/airflow/.local/lib/python3.8/site-packages/airflow/example_dags/example_xcomargs.py
[2025-07-21T08:43:17.813+0000] {processor.py:830} INFO - Processing file /home/airflow/.local/lib/python3.8/site-packages/airflow/example_dags/example_xcomargs.py for tasks to queue
[2025-07-21T08:43:17.821+0000] {logging_mixin.py:188} INFO - [2025-07-21T08:43:17.821+0000] {dagbag.py:538} INFO - Filling up the DagBag from /home/airflow/.local/lib/python3.8/site-packages/airflow/example_dags/example_xcomargs.py
[2025-07-21T08:43:17.874+0000] {processor.py:840} INFO - DAG(s) 'example_xcom_args', 'example_xcom_args_with_operators' retrieved from /home/airflow/.local/lib/python3.8/site-packages/airflow/example_dags/example_xcomargs.py
[2025-07-21T08:43:18.049+0000] {logging_mixin.py:188} INFO - [2025-07-21T08:43:18.049+0000] {dag.py:3036} INFO - Sync 2 DAGs
[2025-07-21T08:43:18.164+0000] {logging_mixin.py:188} INFO - [2025-07-21T08:43:18.163+0000] {dag.py:3823} INFO - Setting next_dagrun for example_xcom_args to None, run_after=None
[2025-07-21T08:43:18.310+0000] {logging_mixin.py:188} INFO - [2025-07-21T08:43:18.301+0000] {dag.py:3823} INFO - Setting next_dagrun for example_xcom_args_with_operators to None, run_after=None
[2025-07-21T08:43:18.407+0000] {processor.py:183} INFO - Processing /home/airflow/.local/lib/python3.8/site-packages/airflow/example_dags/example_xcomargs.py took 0.616 seconds
[2025-07-21T08:43:49.382+0000] {processor.py:161} INFO - Started process (PID=2840) to work on /home/airflow/.local/lib/python3.8/site-packages/airflow/example_dags/example_xcomargs.py
[2025-07-21T08:43:49.385+0000] {processor.py:830} INFO - Processing file /home/airflow/.local/lib/python3.8/site-packages/airflow/example_dags/example_xcomargs.py for tasks to queue
[2025-07-21T08:43:49.393+0000] {logging_mixin.py:188} INFO - [2025-07-21T08:43:49.392+0000] {dagbag.py:538} INFO - Filling up the DagBag from /home/airflow/.local/lib/python3.8/site-packages/airflow/example_dags/example_xcomargs.py
[2025-07-21T08:43:49.427+0000] {processor.py:840} INFO - DAG(s) 'example_xcom_args', 'example_xcom_args_with_operators' retrieved from /home/airflow/.local/lib/python3.8/site-packages/airflow/example_dags/example_xcomargs.py
[2025-07-21T08:43:49.512+0000] {logging_mixin.py:188} INFO - [2025-07-21T08:43:49.511+0000] {dag.py:3036} INFO - Sync 2 DAGs
[2025-07-21T08:43:49.551+0000] {logging_mixin.py:188} INFO - [2025-07-21T08:43:49.551+0000] {dag.py:3823} INFO - Setting next_dagrun for example_xcom_args to None, run_after=None
[2025-07-21T08:43:49.563+0000] {logging_mixin.py:188} INFO - [2025-07-21T08:43:49.563+0000] {dag.py:3823} INFO - Setting next_dagrun for example_xcom_args_with_operators to None, run_after=None
[2025-07-21T08:43:49.612+0000] {processor.py:183} INFO - Processing /home/airflow/.local/lib/python3.8/site-packages/airflow/example_dags/example_xcomargs.py took 0.247 seconds
