[2025-07-21T08:14:43.123+0000] {processor.py:161} INFO - Started process (PID=84) to work on /home/airflow/.local/lib/python3.8/site-packages/airflow/example_dags/example_nested_branch_dag.py
[2025-07-21T08:14:43.127+0000] {processor.py:830} INFO - Processing file /home/airflow/.local/lib/python3.8/site-packages/airflow/example_dags/example_nested_branch_dag.py for tasks to queue
[2025-07-21T08:14:43.136+0000] {logging_mixin.py:188} INFO - [2025-07-21T08:14:43.136+0000] {dagbag.py:538} INFO - Filling up the DagBag from /home/airflow/.local/lib/python3.8/site-packages/airflow/example_dags/example_nested_branch_dag.py
[2025-07-21T08:14:43.223+0000] {processor.py:840} INFO - DAG(s) 'example_nested_branch_dag' retrieved from /home/airflow/.local/lib/python3.8/site-packages/airflow/example_dags/example_nested_branch_dag.py
[2025-07-21T08:14:43.321+0000] {logging_mixin.py:188} INFO - [2025-07-21T08:14:43.321+0000] {dag.py:3036} INFO - Sync 1 DAGs
[2025-07-21T08:14:43.406+0000] {logging_mixin.py:188} INFO - [2025-07-21T08:14:43.405+0000] {dag.py:3823} INFO - Setting next_dagrun for example_nested_branch_dag to 2025-07-20 00:00:00+00:00, run_after=2025-07-21 00:00:00+00:00
[2025-07-21T08:14:43.500+0000] {processor.py:183} INFO - Processing /home/airflow/.local/lib/python3.8/site-packages/airflow/example_dags/example_nested_branch_dag.py took 0.401 seconds
[2025-07-21T08:15:18.919+0000] {processor.py:161} INFO - Started process (PID=140) to work on /home/airflow/.local/lib/python3.8/site-packages/airflow/example_dags/example_nested_branch_dag.py
[2025-07-21T08:15:18.945+0000] {processor.py:830} INFO - Processing file /home/airflow/.local/lib/python3.8/site-packages/airflow/example_dags/example_nested_branch_dag.py for tasks to queue
[2025-07-21T08:15:18.955+0000] {logging_mixin.py:188} INFO - [2025-07-21T08:15:18.955+0000] {dagbag.py:538} INFO - Filling up the DagBag from /home/airflow/.local/lib/python3.8/site-packages/airflow/example_dags/example_nested_branch_dag.py
[2025-07-21T08:15:18.993+0000] {processor.py:840} INFO - DAG(s) 'example_nested_branch_dag' retrieved from /home/airflow/.local/lib/python3.8/site-packages/airflow/example_dags/example_nested_branch_dag.py
[2025-07-21T08:15:19.098+0000] {logging_mixin.py:188} INFO - [2025-07-21T08:15:19.097+0000] {dag.py:3036} INFO - Sync 1 DAGs
[2025-07-21T08:15:19.366+0000] {logging_mixin.py:188} INFO - [2025-07-21T08:15:19.366+0000] {dag.py:3823} INFO - Setting next_dagrun for example_nested_branch_dag to 2025-07-20 00:00:00+00:00, run_after=2025-07-21 00:00:00+00:00
[2025-07-21T08:15:19.525+0000] {processor.py:183} INFO - Processing /home/airflow/.local/lib/python3.8/site-packages/airflow/example_dags/example_nested_branch_dag.py took 0.613 seconds
[2025-07-21T08:15:57.265+0000] {processor.py:161} INFO - Started process (PID=195) to work on /home/airflow/.local/lib/python3.8/site-packages/airflow/example_dags/example_nested_branch_dag.py
[2025-07-21T08:15:57.271+0000] {processor.py:830} INFO - Processing file /home/airflow/.local/lib/python3.8/site-packages/airflow/example_dags/example_nested_branch_dag.py for tasks to queue
[2025-07-21T08:15:57.282+0000] {logging_mixin.py:188} INFO - [2025-07-21T08:15:57.281+0000] {dagbag.py:538} INFO - Filling up the DagBag from /home/airflow/.local/lib/python3.8/site-packages/airflow/example_dags/example_nested_branch_dag.py
[2025-07-21T08:15:57.332+0000] {processor.py:840} INFO - DAG(s) 'example_nested_branch_dag' retrieved from /home/airflow/.local/lib/python3.8/site-packages/airflow/example_dags/example_nested_branch_dag.py
[2025-07-21T08:15:57.429+0000] {logging_mixin.py:188} INFO - [2025-07-21T08:15:57.428+0000] {dag.py:3036} INFO - Sync 1 DAGs
[2025-07-21T08:15:57.528+0000] {logging_mixin.py:188} INFO - [2025-07-21T08:15:57.527+0000] {dag.py:3823} INFO - Setting next_dagrun for example_nested_branch_dag to 2025-07-20 00:00:00+00:00, run_after=2025-07-21 00:00:00+00:00
[2025-07-21T08:15:58.144+0000] {processor.py:183} INFO - Processing /home/airflow/.local/lib/python3.8/site-packages/airflow/example_dags/example_nested_branch_dag.py took 0.891 seconds
[2025-07-21T08:16:35.410+0000] {processor.py:161} INFO - Started process (PID=250) to work on /home/airflow/.local/lib/python3.8/site-packages/airflow/example_dags/example_nested_branch_dag.py
[2025-07-21T08:16:35.467+0000] {processor.py:830} INFO - Processing file /home/airflow/.local/lib/python3.8/site-packages/airflow/example_dags/example_nested_branch_dag.py for tasks to queue
[2025-07-21T08:16:35.494+0000] {logging_mixin.py:188} INFO - [2025-07-21T08:16:35.493+0000] {dagbag.py:538} INFO - Filling up the DagBag from /home/airflow/.local/lib/python3.8/site-packages/airflow/example_dags/example_nested_branch_dag.py
[2025-07-21T08:16:35.536+0000] {processor.py:840} INFO - DAG(s) 'example_nested_branch_dag' retrieved from /home/airflow/.local/lib/python3.8/site-packages/airflow/example_dags/example_nested_branch_dag.py
[2025-07-21T08:16:35.692+0000] {logging_mixin.py:188} INFO - [2025-07-21T08:16:35.691+0000] {dag.py:3036} INFO - Sync 1 DAGs
[2025-07-21T08:16:35.851+0000] {logging_mixin.py:188} INFO - [2025-07-21T08:16:35.850+0000] {dag.py:3823} INFO - Setting next_dagrun for example_nested_branch_dag to 2025-07-20 00:00:00+00:00, run_after=2025-07-21 00:00:00+00:00
[2025-07-21T08:16:35.945+0000] {processor.py:183} INFO - Processing /home/airflow/.local/lib/python3.8/site-packages/airflow/example_dags/example_nested_branch_dag.py took 0.555 seconds
[2025-07-21T08:17:41.084+0000] {processor.py:161} INFO - Started process (PID=314) to work on /home/airflow/.local/lib/python3.8/site-packages/airflow/example_dags/example_nested_branch_dag.py
[2025-07-21T08:17:41.101+0000] {processor.py:830} INFO - Processing file /home/airflow/.local/lib/python3.8/site-packages/airflow/example_dags/example_nested_branch_dag.py for tasks to queue
[2025-07-21T08:17:41.113+0000] {logging_mixin.py:188} INFO - [2025-07-21T08:17:41.113+0000] {dagbag.py:538} INFO - Filling up the DagBag from /home/airflow/.local/lib/python3.8/site-packages/airflow/example_dags/example_nested_branch_dag.py
[2025-07-21T08:17:41.577+0000] {processor.py:840} INFO - DAG(s) 'example_nested_branch_dag' retrieved from /home/airflow/.local/lib/python3.8/site-packages/airflow/example_dags/example_nested_branch_dag.py
[2025-07-21T08:17:41.861+0000] {logging_mixin.py:188} INFO - [2025-07-21T08:17:41.860+0000] {dag.py:3036} INFO - Sync 1 DAGs
[2025-07-21T08:17:42.306+0000] {logging_mixin.py:188} INFO - [2025-07-21T08:17:42.305+0000] {dag.py:3823} INFO - Setting next_dagrun for example_nested_branch_dag to 2025-07-20 00:00:00+00:00, run_after=2025-07-21 00:00:00+00:00
[2025-07-21T08:17:42.742+0000] {processor.py:183} INFO - Processing /home/airflow/.local/lib/python3.8/site-packages/airflow/example_dags/example_nested_branch_dag.py took 1.690 seconds
[2025-07-21T08:19:01.179+0000] {processor.py:161} INFO - Started process (PID=385) to work on /home/airflow/.local/lib/python3.8/site-packages/airflow/example_dags/example_nested_branch_dag.py
[2025-07-21T08:19:01.422+0000] {processor.py:830} INFO - Processing file /home/airflow/.local/lib/python3.8/site-packages/airflow/example_dags/example_nested_branch_dag.py for tasks to queue
[2025-07-21T08:19:01.495+0000] {logging_mixin.py:188} INFO - [2025-07-21T08:19:01.486+0000] {dagbag.py:538} INFO - Filling up the DagBag from /home/airflow/.local/lib/python3.8/site-packages/airflow/example_dags/example_nested_branch_dag.py
[2025-07-21T08:19:02.290+0000] {processor.py:840} INFO - DAG(s) 'example_nested_branch_dag' retrieved from /home/airflow/.local/lib/python3.8/site-packages/airflow/example_dags/example_nested_branch_dag.py
[2025-07-21T08:19:04.298+0000] {logging_mixin.py:188} INFO - [2025-07-21T08:19:04.255+0000] {dag.py:3036} INFO - Sync 1 DAGs
[2025-07-21T08:19:04.722+0000] {logging_mixin.py:188} INFO - [2025-07-21T08:19:04.722+0000] {dag.py:3823} INFO - Setting next_dagrun for example_nested_branch_dag to 2025-07-20 00:00:00+00:00, run_after=2025-07-21 00:00:00+00:00
[2025-07-21T08:19:05.321+0000] {processor.py:183} INFO - Processing /home/airflow/.local/lib/python3.8/site-packages/airflow/example_dags/example_nested_branch_dag.py took 4.242 seconds
[2025-07-21T08:20:02.165+0000] {processor.py:161} INFO - Started process (PID=439) to work on /home/airflow/.local/lib/python3.8/site-packages/airflow/example_dags/example_nested_branch_dag.py
[2025-07-21T08:20:02.170+0000] {processor.py:830} INFO - Processing file /home/airflow/.local/lib/python3.8/site-packages/airflow/example_dags/example_nested_branch_dag.py for tasks to queue
[2025-07-21T08:20:02.175+0000] {logging_mixin.py:188} INFO - [2025-07-21T08:20:02.174+0000] {dagbag.py:538} INFO - Filling up the DagBag from /home/airflow/.local/lib/python3.8/site-packages/airflow/example_dags/example_nested_branch_dag.py
[2025-07-21T08:20:02.302+0000] {processor.py:840} INFO - DAG(s) 'example_nested_branch_dag' retrieved from /home/airflow/.local/lib/python3.8/site-packages/airflow/example_dags/example_nested_branch_dag.py
[2025-07-21T08:20:02.469+0000] {logging_mixin.py:188} INFO - [2025-07-21T08:20:02.469+0000] {dag.py:3036} INFO - Sync 1 DAGs
[2025-07-21T08:20:02.698+0000] {logging_mixin.py:188} INFO - [2025-07-21T08:20:02.697+0000] {dag.py:3823} INFO - Setting next_dagrun for example_nested_branch_dag to 2025-07-20 00:00:00+00:00, run_after=2025-07-21 00:00:00+00:00
[2025-07-21T08:20:03.044+0000] {processor.py:183} INFO - Processing /home/airflow/.local/lib/python3.8/site-packages/airflow/example_dags/example_nested_branch_dag.py took 0.887 seconds
[2025-07-21T08:20:56.113+0000] {processor.py:161} INFO - Started process (PID=500) to work on /home/airflow/.local/lib/python3.8/site-packages/airflow/example_dags/example_nested_branch_dag.py
[2025-07-21T08:20:56.143+0000] {processor.py:830} INFO - Processing file /home/airflow/.local/lib/python3.8/site-packages/airflow/example_dags/example_nested_branch_dag.py for tasks to queue
[2025-07-21T08:20:56.160+0000] {logging_mixin.py:188} INFO - [2025-07-21T08:20:56.159+0000] {dagbag.py:538} INFO - Filling up the DagBag from /home/airflow/.local/lib/python3.8/site-packages/airflow/example_dags/example_nested_branch_dag.py
[2025-07-21T08:20:56.353+0000] {processor.py:840} INFO - DAG(s) 'example_nested_branch_dag' retrieved from /home/airflow/.local/lib/python3.8/site-packages/airflow/example_dags/example_nested_branch_dag.py
[2025-07-21T08:20:57.083+0000] {logging_mixin.py:188} INFO - [2025-07-21T08:20:57.083+0000] {dag.py:3036} INFO - Sync 1 DAGs
[2025-07-21T08:20:57.411+0000] {logging_mixin.py:188} INFO - [2025-07-21T08:20:57.411+0000] {dag.py:3823} INFO - Setting next_dagrun for example_nested_branch_dag to 2025-07-20 00:00:00+00:00, run_after=2025-07-21 00:00:00+00:00
[2025-07-21T08:20:57.849+0000] {processor.py:183} INFO - Processing /home/airflow/.local/lib/python3.8/site-packages/airflow/example_dags/example_nested_branch_dag.py took 1.854 seconds
[2025-07-21T08:21:37.025+0000] {processor.py:161} INFO - Started process (PID=555) to work on /home/airflow/.local/lib/python3.8/site-packages/airflow/example_dags/example_nested_branch_dag.py
[2025-07-21T08:21:37.033+0000] {processor.py:830} INFO - Processing file /home/airflow/.local/lib/python3.8/site-packages/airflow/example_dags/example_nested_branch_dag.py for tasks to queue
[2025-07-21T08:21:37.043+0000] {logging_mixin.py:188} INFO - [2025-07-21T08:21:37.042+0000] {dagbag.py:538} INFO - Filling up the DagBag from /home/airflow/.local/lib/python3.8/site-packages/airflow/example_dags/example_nested_branch_dag.py
[2025-07-21T08:21:37.099+0000] {processor.py:840} INFO - DAG(s) 'example_nested_branch_dag' retrieved from /home/airflow/.local/lib/python3.8/site-packages/airflow/example_dags/example_nested_branch_dag.py
[2025-07-21T08:21:37.216+0000] {logging_mixin.py:188} INFO - [2025-07-21T08:21:37.215+0000] {dag.py:3036} INFO - Sync 1 DAGs
[2025-07-21T08:21:37.367+0000] {logging_mixin.py:188} INFO - [2025-07-21T08:21:37.366+0000] {dag.py:3823} INFO - Setting next_dagrun for example_nested_branch_dag to 2025-07-20 00:00:00+00:00, run_after=2025-07-21 00:00:00+00:00
[2025-07-21T08:21:37.503+0000] {processor.py:183} INFO - Processing /home/airflow/.local/lib/python3.8/site-packages/airflow/example_dags/example_nested_branch_dag.py took 0.504 seconds
[2025-07-21T08:22:17.687+0000] {processor.py:161} INFO - Started process (PID=607) to work on /home/airflow/.local/lib/python3.8/site-packages/airflow/example_dags/example_nested_branch_dag.py
[2025-07-21T08:22:17.803+0000] {processor.py:830} INFO - Processing file /home/airflow/.local/lib/python3.8/site-packages/airflow/example_dags/example_nested_branch_dag.py for tasks to queue
[2025-07-21T08:22:17.830+0000] {logging_mixin.py:188} INFO - [2025-07-21T08:22:17.830+0000] {dagbag.py:538} INFO - Filling up the DagBag from /home/airflow/.local/lib/python3.8/site-packages/airflow/example_dags/example_nested_branch_dag.py
[2025-07-21T08:22:18.043+0000] {processor.py:840} INFO - DAG(s) 'example_nested_branch_dag' retrieved from /home/airflow/.local/lib/python3.8/site-packages/airflow/example_dags/example_nested_branch_dag.py
[2025-07-21T08:22:18.215+0000] {logging_mixin.py:188} INFO - [2025-07-21T08:22:18.215+0000] {dag.py:3036} INFO - Sync 1 DAGs
[2025-07-21T08:22:18.491+0000] {logging_mixin.py:188} INFO - [2025-07-21T08:22:18.490+0000] {dag.py:3823} INFO - Setting next_dagrun for example_nested_branch_dag to 2025-07-20 00:00:00+00:00, run_after=2025-07-21 00:00:00+00:00
[2025-07-21T08:22:18.900+0000] {processor.py:183} INFO - Processing /home/airflow/.local/lib/python3.8/site-packages/airflow/example_dags/example_nested_branch_dag.py took 1.290 seconds
[2025-07-21T08:22:52.412+0000] {processor.py:161} INFO - Started process (PID=661) to work on /home/airflow/.local/lib/python3.8/site-packages/airflow/example_dags/example_nested_branch_dag.py
[2025-07-21T08:22:52.428+0000] {processor.py:830} INFO - Processing file /home/airflow/.local/lib/python3.8/site-packages/airflow/example_dags/example_nested_branch_dag.py for tasks to queue
[2025-07-21T08:22:52.444+0000] {logging_mixin.py:188} INFO - [2025-07-21T08:22:52.443+0000] {dagbag.py:538} INFO - Filling up the DagBag from /home/airflow/.local/lib/python3.8/site-packages/airflow/example_dags/example_nested_branch_dag.py
[2025-07-21T08:22:52.556+0000] {processor.py:840} INFO - DAG(s) 'example_nested_branch_dag' retrieved from /home/airflow/.local/lib/python3.8/site-packages/airflow/example_dags/example_nested_branch_dag.py
[2025-07-21T08:22:52.813+0000] {logging_mixin.py:188} INFO - [2025-07-21T08:22:52.812+0000] {dag.py:3036} INFO - Sync 1 DAGs
[2025-07-21T08:22:53.516+0000] {logging_mixin.py:188} INFO - [2025-07-21T08:22:53.516+0000] {dag.py:3823} INFO - Setting next_dagrun for example_nested_branch_dag to 2025-07-20 00:00:00+00:00, run_after=2025-07-21 00:00:00+00:00
[2025-07-21T08:22:53.645+0000] {processor.py:183} INFO - Processing /home/airflow/.local/lib/python3.8/site-packages/airflow/example_dags/example_nested_branch_dag.py took 1.251 seconds
[2025-07-21T08:23:24.153+0000] {processor.py:161} INFO - Started process (PID=723) to work on /home/airflow/.local/lib/python3.8/site-packages/airflow/example_dags/example_nested_branch_dag.py
[2025-07-21T08:23:24.156+0000] {processor.py:830} INFO - Processing file /home/airflow/.local/lib/python3.8/site-packages/airflow/example_dags/example_nested_branch_dag.py for tasks to queue
[2025-07-21T08:23:24.162+0000] {logging_mixin.py:188} INFO - [2025-07-21T08:23:24.162+0000] {dagbag.py:538} INFO - Filling up the DagBag from /home/airflow/.local/lib/python3.8/site-packages/airflow/example_dags/example_nested_branch_dag.py
[2025-07-21T08:23:24.216+0000] {processor.py:840} INFO - DAG(s) 'example_nested_branch_dag' retrieved from /home/airflow/.local/lib/python3.8/site-packages/airflow/example_dags/example_nested_branch_dag.py
[2025-07-21T08:23:24.330+0000] {logging_mixin.py:188} INFO - [2025-07-21T08:23:24.330+0000] {dag.py:3036} INFO - Sync 1 DAGs
[2025-07-21T08:23:24.472+0000] {logging_mixin.py:188} INFO - [2025-07-21T08:23:24.471+0000] {dag.py:3823} INFO - Setting next_dagrun for example_nested_branch_dag to 2025-07-20 00:00:00+00:00, run_after=2025-07-21 00:00:00+00:00
[2025-07-21T08:23:24.574+0000] {processor.py:183} INFO - Processing /home/airflow/.local/lib/python3.8/site-packages/airflow/example_dags/example_nested_branch_dag.py took 0.432 seconds
[2025-07-21T08:23:55.604+0000] {processor.py:161} INFO - Started process (PID=777) to work on /home/airflow/.local/lib/python3.8/site-packages/airflow/example_dags/example_nested_branch_dag.py
[2025-07-21T08:23:55.625+0000] {processor.py:830} INFO - Processing file /home/airflow/.local/lib/python3.8/site-packages/airflow/example_dags/example_nested_branch_dag.py for tasks to queue
[2025-07-21T08:23:55.652+0000] {logging_mixin.py:188} INFO - [2025-07-21T08:23:55.652+0000] {dagbag.py:538} INFO - Filling up the DagBag from /home/airflow/.local/lib/python3.8/site-packages/airflow/example_dags/example_nested_branch_dag.py
[2025-07-21T08:23:55.678+0000] {processor.py:840} INFO - DAG(s) 'example_nested_branch_dag' retrieved from /home/airflow/.local/lib/python3.8/site-packages/airflow/example_dags/example_nested_branch_dag.py
[2025-07-21T08:23:55.713+0000] {logging_mixin.py:188} INFO - [2025-07-21T08:23:55.713+0000] {dag.py:3036} INFO - Sync 1 DAGs
[2025-07-21T08:23:55.753+0000] {logging_mixin.py:188} INFO - [2025-07-21T08:23:55.753+0000] {dag.py:3823} INFO - Setting next_dagrun for example_nested_branch_dag to 2025-07-20 00:00:00+00:00, run_after=2025-07-21 00:00:00+00:00
[2025-07-21T08:23:55.784+0000] {processor.py:183} INFO - Processing /home/airflow/.local/lib/python3.8/site-packages/airflow/example_dags/example_nested_branch_dag.py took 0.198 seconds
[2025-07-21T08:24:33.063+0000] {processor.py:161} INFO - Started process (PID=822) to work on /home/airflow/.local/lib/python3.8/site-packages/airflow/example_dags/example_nested_branch_dag.py
[2025-07-21T08:24:33.065+0000] {processor.py:830} INFO - Processing file /home/airflow/.local/lib/python3.8/site-packages/airflow/example_dags/example_nested_branch_dag.py for tasks to queue
[2025-07-21T08:24:33.084+0000] {logging_mixin.py:188} INFO - [2025-07-21T08:24:33.083+0000] {dagbag.py:538} INFO - Filling up the DagBag from /home/airflow/.local/lib/python3.8/site-packages/airflow/example_dags/example_nested_branch_dag.py
[2025-07-21T08:24:33.195+0000] {processor.py:840} INFO - DAG(s) 'example_nested_branch_dag' retrieved from /home/airflow/.local/lib/python3.8/site-packages/airflow/example_dags/example_nested_branch_dag.py
[2025-07-21T08:24:33.489+0000] {logging_mixin.py:188} INFO - [2025-07-21T08:24:33.488+0000] {dag.py:3036} INFO - Sync 1 DAGs
[2025-07-21T08:24:33.678+0000] {logging_mixin.py:188} INFO - [2025-07-21T08:24:33.678+0000] {dag.py:3823} INFO - Setting next_dagrun for example_nested_branch_dag to 2025-07-20 00:00:00+00:00, run_after=2025-07-21 00:00:00+00:00
[2025-07-21T08:24:34.120+0000] {processor.py:183} INFO - Processing /home/airflow/.local/lib/python3.8/site-packages/airflow/example_dags/example_nested_branch_dag.py took 1.088 seconds
[2025-07-21T08:25:06.755+0000] {processor.py:161} INFO - Started process (PID=877) to work on /home/airflow/.local/lib/python3.8/site-packages/airflow/example_dags/example_nested_branch_dag.py
[2025-07-21T08:25:06.760+0000] {processor.py:830} INFO - Processing file /home/airflow/.local/lib/python3.8/site-packages/airflow/example_dags/example_nested_branch_dag.py for tasks to queue
[2025-07-21T08:25:06.776+0000] {logging_mixin.py:188} INFO - [2025-07-21T08:25:06.775+0000] {dagbag.py:538} INFO - Filling up the DagBag from /home/airflow/.local/lib/python3.8/site-packages/airflow/example_dags/example_nested_branch_dag.py
[2025-07-21T08:25:06.877+0000] {processor.py:840} INFO - DAG(s) 'example_nested_branch_dag' retrieved from /home/airflow/.local/lib/python3.8/site-packages/airflow/example_dags/example_nested_branch_dag.py
[2025-07-21T08:25:07.216+0000] {logging_mixin.py:188} INFO - [2025-07-21T08:25:07.215+0000] {dag.py:3036} INFO - Sync 1 DAGs
[2025-07-21T08:25:07.315+0000] {logging_mixin.py:188} INFO - [2025-07-21T08:25:07.315+0000] {dag.py:3823} INFO - Setting next_dagrun for example_nested_branch_dag to 2025-07-20 00:00:00+00:00, run_after=2025-07-21 00:00:00+00:00
[2025-07-21T08:25:07.525+0000] {processor.py:183} INFO - Processing /home/airflow/.local/lib/python3.8/site-packages/airflow/example_dags/example_nested_branch_dag.py took 0.817 seconds
[2025-07-21T08:25:38.919+0000] {processor.py:161} INFO - Started process (PID=933) to work on /home/airflow/.local/lib/python3.8/site-packages/airflow/example_dags/example_nested_branch_dag.py
[2025-07-21T08:25:38.921+0000] {processor.py:830} INFO - Processing file /home/airflow/.local/lib/python3.8/site-packages/airflow/example_dags/example_nested_branch_dag.py for tasks to queue
[2025-07-21T08:25:38.928+0000] {logging_mixin.py:188} INFO - [2025-07-21T08:25:38.927+0000] {dagbag.py:538} INFO - Filling up the DagBag from /home/airflow/.local/lib/python3.8/site-packages/airflow/example_dags/example_nested_branch_dag.py
[2025-07-21T08:25:38.954+0000] {processor.py:840} INFO - DAG(s) 'example_nested_branch_dag' retrieved from /home/airflow/.local/lib/python3.8/site-packages/airflow/example_dags/example_nested_branch_dag.py
[2025-07-21T08:25:39.013+0000] {logging_mixin.py:188} INFO - [2025-07-21T08:25:39.013+0000] {dag.py:3036} INFO - Sync 1 DAGs
[2025-07-21T08:25:39.055+0000] {logging_mixin.py:188} INFO - [2025-07-21T08:25:39.055+0000] {dag.py:3823} INFO - Setting next_dagrun for example_nested_branch_dag to 2025-07-20 00:00:00+00:00, run_after=2025-07-21 00:00:00+00:00
[2025-07-21T08:25:39.100+0000] {processor.py:183} INFO - Processing /home/airflow/.local/lib/python3.8/site-packages/airflow/example_dags/example_nested_branch_dag.py took 0.194 seconds
[2025-07-21T08:26:10.376+0000] {processor.py:161} INFO - Started process (PID=988) to work on /home/airflow/.local/lib/python3.8/site-packages/airflow/example_dags/example_nested_branch_dag.py
[2025-07-21T08:26:10.386+0000] {processor.py:830} INFO - Processing file /home/airflow/.local/lib/python3.8/site-packages/airflow/example_dags/example_nested_branch_dag.py for tasks to queue
[2025-07-21T08:26:10.389+0000] {logging_mixin.py:188} INFO - [2025-07-21T08:26:10.389+0000] {dagbag.py:538} INFO - Filling up the DagBag from /home/airflow/.local/lib/python3.8/site-packages/airflow/example_dags/example_nested_branch_dag.py
[2025-07-21T08:26:10.421+0000] {processor.py:840} INFO - DAG(s) 'example_nested_branch_dag' retrieved from /home/airflow/.local/lib/python3.8/site-packages/airflow/example_dags/example_nested_branch_dag.py
[2025-07-21T08:26:10.479+0000] {logging_mixin.py:188} INFO - [2025-07-21T08:26:10.478+0000] {dag.py:3036} INFO - Sync 1 DAGs
[2025-07-21T08:26:10.535+0000] {logging_mixin.py:188} INFO - [2025-07-21T08:26:10.535+0000] {dag.py:3823} INFO - Setting next_dagrun for example_nested_branch_dag to 2025-07-20 00:00:00+00:00, run_after=2025-07-21 00:00:00+00:00
[2025-07-21T08:26:10.683+0000] {processor.py:183} INFO - Processing /home/airflow/.local/lib/python3.8/site-packages/airflow/example_dags/example_nested_branch_dag.py took 0.314 seconds
[2025-07-21T08:26:44.573+0000] {processor.py:161} INFO - Started process (PID=1044) to work on /home/airflow/.local/lib/python3.8/site-packages/airflow/example_dags/example_nested_branch_dag.py
[2025-07-21T08:26:44.575+0000] {processor.py:830} INFO - Processing file /home/airflow/.local/lib/python3.8/site-packages/airflow/example_dags/example_nested_branch_dag.py for tasks to queue
[2025-07-21T08:26:44.592+0000] {logging_mixin.py:188} INFO - [2025-07-21T08:26:44.591+0000] {dagbag.py:538} INFO - Filling up the DagBag from /home/airflow/.local/lib/python3.8/site-packages/airflow/example_dags/example_nested_branch_dag.py
[2025-07-21T08:26:44.688+0000] {processor.py:840} INFO - DAG(s) 'example_nested_branch_dag' retrieved from /home/airflow/.local/lib/python3.8/site-packages/airflow/example_dags/example_nested_branch_dag.py
[2025-07-21T08:26:44.808+0000] {logging_mixin.py:188} INFO - [2025-07-21T08:26:44.808+0000] {dag.py:3036} INFO - Sync 1 DAGs
[2025-07-21T08:26:44.967+0000] {logging_mixin.py:188} INFO - [2025-07-21T08:26:44.967+0000] {dag.py:3823} INFO - Setting next_dagrun for example_nested_branch_dag to 2025-07-20 00:00:00+00:00, run_after=2025-07-21 00:00:00+00:00
[2025-07-21T08:26:45.326+0000] {processor.py:183} INFO - Processing /home/airflow/.local/lib/python3.8/site-packages/airflow/example_dags/example_nested_branch_dag.py took 0.771 seconds
[2025-07-21T08:27:15.793+0000] {processor.py:161} INFO - Started process (PID=1098) to work on /home/airflow/.local/lib/python3.8/site-packages/airflow/example_dags/example_nested_branch_dag.py
[2025-07-21T08:27:15.819+0000] {processor.py:830} INFO - Processing file /home/airflow/.local/lib/python3.8/site-packages/airflow/example_dags/example_nested_branch_dag.py for tasks to queue
[2025-07-21T08:27:15.832+0000] {logging_mixin.py:188} INFO - [2025-07-21T08:27:15.831+0000] {dagbag.py:538} INFO - Filling up the DagBag from /home/airflow/.local/lib/python3.8/site-packages/airflow/example_dags/example_nested_branch_dag.py
[2025-07-21T08:27:15.901+0000] {processor.py:840} INFO - DAG(s) 'example_nested_branch_dag' retrieved from /home/airflow/.local/lib/python3.8/site-packages/airflow/example_dags/example_nested_branch_dag.py
[2025-07-21T08:27:16.020+0000] {logging_mixin.py:188} INFO - [2025-07-21T08:27:16.020+0000] {dag.py:3036} INFO - Sync 1 DAGs
[2025-07-21T08:27:16.146+0000] {logging_mixin.py:188} INFO - [2025-07-21T08:27:16.145+0000] {dag.py:3823} INFO - Setting next_dagrun for example_nested_branch_dag to 2025-07-20 00:00:00+00:00, run_after=2025-07-21 00:00:00+00:00
[2025-07-21T08:27:16.303+0000] {processor.py:183} INFO - Processing /home/airflow/.local/lib/python3.8/site-packages/airflow/example_dags/example_nested_branch_dag.py took 0.527 seconds
[2025-07-21T08:27:47.859+0000] {processor.py:161} INFO - Started process (PID=1153) to work on /home/airflow/.local/lib/python3.8/site-packages/airflow/example_dags/example_nested_branch_dag.py
[2025-07-21T08:27:47.861+0000] {processor.py:830} INFO - Processing file /home/airflow/.local/lib/python3.8/site-packages/airflow/example_dags/example_nested_branch_dag.py for tasks to queue
[2025-07-21T08:27:47.867+0000] {logging_mixin.py:188} INFO - [2025-07-21T08:27:47.866+0000] {dagbag.py:538} INFO - Filling up the DagBag from /home/airflow/.local/lib/python3.8/site-packages/airflow/example_dags/example_nested_branch_dag.py
[2025-07-21T08:27:47.897+0000] {processor.py:840} INFO - DAG(s) 'example_nested_branch_dag' retrieved from /home/airflow/.local/lib/python3.8/site-packages/airflow/example_dags/example_nested_branch_dag.py
[2025-07-21T08:27:48.010+0000] {logging_mixin.py:188} INFO - [2025-07-21T08:27:48.010+0000] {dag.py:3036} INFO - Sync 1 DAGs
[2025-07-21T08:27:48.075+0000] {logging_mixin.py:188} INFO - [2025-07-21T08:27:48.074+0000] {dag.py:3823} INFO - Setting next_dagrun for example_nested_branch_dag to 2025-07-20 00:00:00+00:00, run_after=2025-07-21 00:00:00+00:00
[2025-07-21T08:27:48.190+0000] {processor.py:183} INFO - Processing /home/airflow/.local/lib/python3.8/site-packages/airflow/example_dags/example_nested_branch_dag.py took 0.341 seconds
[2025-07-21T08:28:18.704+0000] {processor.py:161} INFO - Started process (PID=1208) to work on /home/airflow/.local/lib/python3.8/site-packages/airflow/example_dags/example_nested_branch_dag.py
[2025-07-21T08:28:18.713+0000] {processor.py:830} INFO - Processing file /home/airflow/.local/lib/python3.8/site-packages/airflow/example_dags/example_nested_branch_dag.py for tasks to queue
[2025-07-21T08:28:18.730+0000] {logging_mixin.py:188} INFO - [2025-07-21T08:28:18.729+0000] {dagbag.py:538} INFO - Filling up the DagBag from /home/airflow/.local/lib/python3.8/site-packages/airflow/example_dags/example_nested_branch_dag.py
[2025-07-21T08:28:18.776+0000] {processor.py:840} INFO - DAG(s) 'example_nested_branch_dag' retrieved from /home/airflow/.local/lib/python3.8/site-packages/airflow/example_dags/example_nested_branch_dag.py
[2025-07-21T08:28:18.943+0000] {logging_mixin.py:188} INFO - [2025-07-21T08:28:18.943+0000] {dag.py:3036} INFO - Sync 1 DAGs
[2025-07-21T08:28:19.032+0000] {logging_mixin.py:188} INFO - [2025-07-21T08:28:19.027+0000] {dag.py:3823} INFO - Setting next_dagrun for example_nested_branch_dag to 2025-07-20 00:00:00+00:00, run_after=2025-07-21 00:00:00+00:00
[2025-07-21T08:28:19.102+0000] {processor.py:183} INFO - Processing /home/airflow/.local/lib/python3.8/site-packages/airflow/example_dags/example_nested_branch_dag.py took 0.410 seconds
[2025-07-21T08:28:50.358+0000] {processor.py:161} INFO - Started process (PID=1264) to work on /home/airflow/.local/lib/python3.8/site-packages/airflow/example_dags/example_nested_branch_dag.py
[2025-07-21T08:28:50.389+0000] {processor.py:830} INFO - Processing file /home/airflow/.local/lib/python3.8/site-packages/airflow/example_dags/example_nested_branch_dag.py for tasks to queue
[2025-07-21T08:28:50.405+0000] {logging_mixin.py:188} INFO - [2025-07-21T08:28:50.405+0000] {dagbag.py:538} INFO - Filling up the DagBag from /home/airflow/.local/lib/python3.8/site-packages/airflow/example_dags/example_nested_branch_dag.py
[2025-07-21T08:28:50.589+0000] {processor.py:840} INFO - DAG(s) 'example_nested_branch_dag' retrieved from /home/airflow/.local/lib/python3.8/site-packages/airflow/example_dags/example_nested_branch_dag.py
[2025-07-21T08:28:50.833+0000] {logging_mixin.py:188} INFO - [2025-07-21T08:28:50.832+0000] {dag.py:3036} INFO - Sync 1 DAGs
[2025-07-21T08:28:50.973+0000] {logging_mixin.py:188} INFO - [2025-07-21T08:28:50.973+0000] {dag.py:3823} INFO - Setting next_dagrun for example_nested_branch_dag to 2025-07-20 00:00:00+00:00, run_after=2025-07-21 00:00:00+00:00
[2025-07-21T08:28:51.058+0000] {processor.py:183} INFO - Processing /home/airflow/.local/lib/python3.8/site-packages/airflow/example_dags/example_nested_branch_dag.py took 0.779 seconds
[2025-07-21T08:29:21.926+0000] {processor.py:161} INFO - Started process (PID=1318) to work on /home/airflow/.local/lib/python3.8/site-packages/airflow/example_dags/example_nested_branch_dag.py
[2025-07-21T08:29:21.942+0000] {processor.py:830} INFO - Processing file /home/airflow/.local/lib/python3.8/site-packages/airflow/example_dags/example_nested_branch_dag.py for tasks to queue
[2025-07-21T08:29:21.950+0000] {logging_mixin.py:188} INFO - [2025-07-21T08:29:21.949+0000] {dagbag.py:538} INFO - Filling up the DagBag from /home/airflow/.local/lib/python3.8/site-packages/airflow/example_dags/example_nested_branch_dag.py
[2025-07-21T08:29:22.006+0000] {processor.py:840} INFO - DAG(s) 'example_nested_branch_dag' retrieved from /home/airflow/.local/lib/python3.8/site-packages/airflow/example_dags/example_nested_branch_dag.py
[2025-07-21T08:29:22.198+0000] {logging_mixin.py:188} INFO - [2025-07-21T08:29:22.198+0000] {dag.py:3036} INFO - Sync 1 DAGs
[2025-07-21T08:29:22.393+0000] {logging_mixin.py:188} INFO - [2025-07-21T08:29:22.393+0000] {dag.py:3823} INFO - Setting next_dagrun for example_nested_branch_dag to 2025-07-20 00:00:00+00:00, run_after=2025-07-21 00:00:00+00:00
[2025-07-21T08:29:22.535+0000] {processor.py:183} INFO - Processing /home/airflow/.local/lib/python3.8/site-packages/airflow/example_dags/example_nested_branch_dag.py took 0.618 seconds
[2025-07-21T08:29:52.912+0000] {processor.py:161} INFO - Started process (PID=1374) to work on /home/airflow/.local/lib/python3.8/site-packages/airflow/example_dags/example_nested_branch_dag.py
[2025-07-21T08:29:52.915+0000] {processor.py:830} INFO - Processing file /home/airflow/.local/lib/python3.8/site-packages/airflow/example_dags/example_nested_branch_dag.py for tasks to queue
[2025-07-21T08:29:52.921+0000] {logging_mixin.py:188} INFO - [2025-07-21T08:29:52.920+0000] {dagbag.py:538} INFO - Filling up the DagBag from /home/airflow/.local/lib/python3.8/site-packages/airflow/example_dags/example_nested_branch_dag.py
[2025-07-21T08:29:52.958+0000] {processor.py:840} INFO - DAG(s) 'example_nested_branch_dag' retrieved from /home/airflow/.local/lib/python3.8/site-packages/airflow/example_dags/example_nested_branch_dag.py
[2025-07-21T08:29:53.057+0000] {logging_mixin.py:188} INFO - [2025-07-21T08:29:53.057+0000] {dag.py:3036} INFO - Sync 1 DAGs
[2025-07-21T08:29:53.121+0000] {logging_mixin.py:188} INFO - [2025-07-21T08:29:53.121+0000] {dag.py:3823} INFO - Setting next_dagrun for example_nested_branch_dag to 2025-07-20 00:00:00+00:00, run_after=2025-07-21 00:00:00+00:00
[2025-07-21T08:29:53.175+0000] {processor.py:183} INFO - Processing /home/airflow/.local/lib/python3.8/site-packages/airflow/example_dags/example_nested_branch_dag.py took 0.277 seconds
[2025-07-21T08:30:24.262+0000] {processor.py:161} INFO - Started process (PID=1429) to work on /home/airflow/.local/lib/python3.8/site-packages/airflow/example_dags/example_nested_branch_dag.py
[2025-07-21T08:30:24.264+0000] {processor.py:830} INFO - Processing file /home/airflow/.local/lib/python3.8/site-packages/airflow/example_dags/example_nested_branch_dag.py for tasks to queue
[2025-07-21T08:30:24.280+0000] {logging_mixin.py:188} INFO - [2025-07-21T08:30:24.279+0000] {dagbag.py:538} INFO - Filling up the DagBag from /home/airflow/.local/lib/python3.8/site-packages/airflow/example_dags/example_nested_branch_dag.py
[2025-07-21T08:30:24.325+0000] {processor.py:840} INFO - DAG(s) 'example_nested_branch_dag' retrieved from /home/airflow/.local/lib/python3.8/site-packages/airflow/example_dags/example_nested_branch_dag.py
[2025-07-21T08:30:24.384+0000] {logging_mixin.py:188} INFO - [2025-07-21T08:30:24.383+0000] {dag.py:3036} INFO - Sync 1 DAGs
[2025-07-21T08:30:24.450+0000] {logging_mixin.py:188} INFO - [2025-07-21T08:30:24.450+0000] {dag.py:3823} INFO - Setting next_dagrun for example_nested_branch_dag to 2025-07-20 00:00:00+00:00, run_after=2025-07-21 00:00:00+00:00
[2025-07-21T08:30:24.499+0000] {processor.py:183} INFO - Processing /home/airflow/.local/lib/python3.8/site-packages/airflow/example_dags/example_nested_branch_dag.py took 0.258 seconds
[2025-07-21T08:30:59.044+0000] {processor.py:161} INFO - Started process (PID=1490) to work on /home/airflow/.local/lib/python3.8/site-packages/airflow/example_dags/example_nested_branch_dag.py
[2025-07-21T08:30:59.055+0000] {processor.py:830} INFO - Processing file /home/airflow/.local/lib/python3.8/site-packages/airflow/example_dags/example_nested_branch_dag.py for tasks to queue
[2025-07-21T08:30:59.092+0000] {logging_mixin.py:188} INFO - [2025-07-21T08:30:59.091+0000] {dagbag.py:538} INFO - Filling up the DagBag from /home/airflow/.local/lib/python3.8/site-packages/airflow/example_dags/example_nested_branch_dag.py
[2025-07-21T08:30:59.175+0000] {processor.py:840} INFO - DAG(s) 'example_nested_branch_dag' retrieved from /home/airflow/.local/lib/python3.8/site-packages/airflow/example_dags/example_nested_branch_dag.py
[2025-07-21T08:30:59.366+0000] {logging_mixin.py:188} INFO - [2025-07-21T08:30:59.366+0000] {dag.py:3036} INFO - Sync 1 DAGs
[2025-07-21T08:30:59.495+0000] {logging_mixin.py:188} INFO - [2025-07-21T08:30:59.495+0000] {dag.py:3823} INFO - Setting next_dagrun for example_nested_branch_dag to 2025-07-20 00:00:00+00:00, run_after=2025-07-21 00:00:00+00:00
[2025-07-21T08:30:59.912+0000] {processor.py:183} INFO - Processing /home/airflow/.local/lib/python3.8/site-packages/airflow/example_dags/example_nested_branch_dag.py took 0.885 seconds
[2025-07-21T08:31:30.406+0000] {processor.py:161} INFO - Started process (PID=1545) to work on /home/airflow/.local/lib/python3.8/site-packages/airflow/example_dags/example_nested_branch_dag.py
[2025-07-21T08:31:30.408+0000] {processor.py:830} INFO - Processing file /home/airflow/.local/lib/python3.8/site-packages/airflow/example_dags/example_nested_branch_dag.py for tasks to queue
[2025-07-21T08:31:30.415+0000] {logging_mixin.py:188} INFO - [2025-07-21T08:31:30.415+0000] {dagbag.py:538} INFO - Filling up the DagBag from /home/airflow/.local/lib/python3.8/site-packages/airflow/example_dags/example_nested_branch_dag.py
[2025-07-21T08:31:30.477+0000] {processor.py:840} INFO - DAG(s) 'example_nested_branch_dag' retrieved from /home/airflow/.local/lib/python3.8/site-packages/airflow/example_dags/example_nested_branch_dag.py
[2025-07-21T08:31:30.562+0000] {logging_mixin.py:188} INFO - [2025-07-21T08:31:30.561+0000] {dag.py:3036} INFO - Sync 1 DAGs
[2025-07-21T08:31:30.605+0000] {logging_mixin.py:188} INFO - [2025-07-21T08:31:30.604+0000] {dag.py:3823} INFO - Setting next_dagrun for example_nested_branch_dag to 2025-07-20 00:00:00+00:00, run_after=2025-07-21 00:00:00+00:00
[2025-07-21T08:31:30.643+0000] {processor.py:183} INFO - Processing /home/airflow/.local/lib/python3.8/site-packages/airflow/example_dags/example_nested_branch_dag.py took 0.263 seconds
[2025-07-21T08:32:01.609+0000] {processor.py:161} INFO - Started process (PID=1600) to work on /home/airflow/.local/lib/python3.8/site-packages/airflow/example_dags/example_nested_branch_dag.py
[2025-07-21T08:32:01.620+0000] {processor.py:830} INFO - Processing file /home/airflow/.local/lib/python3.8/site-packages/airflow/example_dags/example_nested_branch_dag.py for tasks to queue
[2025-07-21T08:32:01.639+0000] {logging_mixin.py:188} INFO - [2025-07-21T08:32:01.639+0000] {dagbag.py:538} INFO - Filling up the DagBag from /home/airflow/.local/lib/python3.8/site-packages/airflow/example_dags/example_nested_branch_dag.py
[2025-07-21T08:32:01.701+0000] {processor.py:840} INFO - DAG(s) 'example_nested_branch_dag' retrieved from /home/airflow/.local/lib/python3.8/site-packages/airflow/example_dags/example_nested_branch_dag.py
[2025-07-21T08:32:01.951+0000] {logging_mixin.py:188} INFO - [2025-07-21T08:32:01.951+0000] {dag.py:3036} INFO - Sync 1 DAGs
[2025-07-21T08:32:02.160+0000] {logging_mixin.py:188} INFO - [2025-07-21T08:32:02.156+0000] {dag.py:3823} INFO - Setting next_dagrun for example_nested_branch_dag to 2025-07-20 00:00:00+00:00, run_after=2025-07-21 00:00:00+00:00
[2025-07-21T08:32:02.529+0000] {processor.py:183} INFO - Processing /home/airflow/.local/lib/python3.8/site-packages/airflow/example_dags/example_nested_branch_dag.py took 0.951 seconds
[2025-07-21T08:32:33.362+0000] {processor.py:161} INFO - Started process (PID=1655) to work on /home/airflow/.local/lib/python3.8/site-packages/airflow/example_dags/example_nested_branch_dag.py
[2025-07-21T08:32:33.364+0000] {processor.py:830} INFO - Processing file /home/airflow/.local/lib/python3.8/site-packages/airflow/example_dags/example_nested_branch_dag.py for tasks to queue
[2025-07-21T08:32:33.368+0000] {logging_mixin.py:188} INFO - [2025-07-21T08:32:33.368+0000] {dagbag.py:538} INFO - Filling up the DagBag from /home/airflow/.local/lib/python3.8/site-packages/airflow/example_dags/example_nested_branch_dag.py
[2025-07-21T08:32:33.390+0000] {processor.py:840} INFO - DAG(s) 'example_nested_branch_dag' retrieved from /home/airflow/.local/lib/python3.8/site-packages/airflow/example_dags/example_nested_branch_dag.py
[2025-07-21T08:32:33.513+0000] {logging_mixin.py:188} INFO - [2025-07-21T08:32:33.513+0000] {dag.py:3036} INFO - Sync 1 DAGs
[2025-07-21T08:32:33.583+0000] {logging_mixin.py:188} INFO - [2025-07-21T08:32:33.583+0000] {dag.py:3823} INFO - Setting next_dagrun for example_nested_branch_dag to 2025-07-20 00:00:00+00:00, run_after=2025-07-21 00:00:00+00:00
[2025-07-21T08:32:34.812+0000] {processor.py:183} INFO - Processing /home/airflow/.local/lib/python3.8/site-packages/airflow/example_dags/example_nested_branch_dag.py took 1.460 seconds
[2025-07-21T08:33:05.078+0000] {processor.py:161} INFO - Started process (PID=1710) to work on /home/airflow/.local/lib/python3.8/site-packages/airflow/example_dags/example_nested_branch_dag.py
[2025-07-21T08:33:05.082+0000] {processor.py:830} INFO - Processing file /home/airflow/.local/lib/python3.8/site-packages/airflow/example_dags/example_nested_branch_dag.py for tasks to queue
[2025-07-21T08:33:05.098+0000] {logging_mixin.py:188} INFO - [2025-07-21T08:33:05.098+0000] {dagbag.py:538} INFO - Filling up the DagBag from /home/airflow/.local/lib/python3.8/site-packages/airflow/example_dags/example_nested_branch_dag.py
[2025-07-21T08:33:05.144+0000] {processor.py:840} INFO - DAG(s) 'example_nested_branch_dag' retrieved from /home/airflow/.local/lib/python3.8/site-packages/airflow/example_dags/example_nested_branch_dag.py
[2025-07-21T08:33:05.324+0000] {logging_mixin.py:188} INFO - [2025-07-21T08:33:05.324+0000] {dag.py:3036} INFO - Sync 1 DAGs
[2025-07-21T08:33:05.485+0000] {logging_mixin.py:188} INFO - [2025-07-21T08:33:05.484+0000] {dag.py:3823} INFO - Setting next_dagrun for example_nested_branch_dag to 2025-07-20 00:00:00+00:00, run_after=2025-07-21 00:00:00+00:00
[2025-07-21T08:33:05.551+0000] {processor.py:183} INFO - Processing /home/airflow/.local/lib/python3.8/site-packages/airflow/example_dags/example_nested_branch_dag.py took 0.484 seconds
[2025-07-21T08:33:35.893+0000] {processor.py:161} INFO - Started process (PID=1765) to work on /home/airflow/.local/lib/python3.8/site-packages/airflow/example_dags/example_nested_branch_dag.py
[2025-07-21T08:33:35.896+0000] {processor.py:830} INFO - Processing file /home/airflow/.local/lib/python3.8/site-packages/airflow/example_dags/example_nested_branch_dag.py for tasks to queue
[2025-07-21T08:33:35.904+0000] {logging_mixin.py:188} INFO - [2025-07-21T08:33:35.903+0000] {dagbag.py:538} INFO - Filling up the DagBag from /home/airflow/.local/lib/python3.8/site-packages/airflow/example_dags/example_nested_branch_dag.py
[2025-07-21T08:33:35.937+0000] {processor.py:840} INFO - DAG(s) 'example_nested_branch_dag' retrieved from /home/airflow/.local/lib/python3.8/site-packages/airflow/example_dags/example_nested_branch_dag.py
[2025-07-21T08:33:36.003+0000] {logging_mixin.py:188} INFO - [2025-07-21T08:33:36.002+0000] {dag.py:3036} INFO - Sync 1 DAGs
[2025-07-21T08:33:36.085+0000] {logging_mixin.py:188} INFO - [2025-07-21T08:33:36.085+0000] {dag.py:3823} INFO - Setting next_dagrun for example_nested_branch_dag to 2025-07-20 00:00:00+00:00, run_after=2025-07-21 00:00:00+00:00
[2025-07-21T08:33:36.170+0000] {processor.py:183} INFO - Processing /home/airflow/.local/lib/python3.8/site-packages/airflow/example_dags/example_nested_branch_dag.py took 0.289 seconds
[2025-07-21T08:34:06.675+0000] {processor.py:161} INFO - Started process (PID=1820) to work on /home/airflow/.local/lib/python3.8/site-packages/airflow/example_dags/example_nested_branch_dag.py
[2025-07-21T08:34:06.677+0000] {processor.py:830} INFO - Processing file /home/airflow/.local/lib/python3.8/site-packages/airflow/example_dags/example_nested_branch_dag.py for tasks to queue
[2025-07-21T08:34:06.681+0000] {logging_mixin.py:188} INFO - [2025-07-21T08:34:06.681+0000] {dagbag.py:538} INFO - Filling up the DagBag from /home/airflow/.local/lib/python3.8/site-packages/airflow/example_dags/example_nested_branch_dag.py
[2025-07-21T08:34:06.700+0000] {processor.py:840} INFO - DAG(s) 'example_nested_branch_dag' retrieved from /home/airflow/.local/lib/python3.8/site-packages/airflow/example_dags/example_nested_branch_dag.py
[2025-07-21T08:34:06.743+0000] {logging_mixin.py:188} INFO - [2025-07-21T08:34:06.743+0000] {dag.py:3036} INFO - Sync 1 DAGs
[2025-07-21T08:34:06.812+0000] {logging_mixin.py:188} INFO - [2025-07-21T08:34:06.812+0000] {dag.py:3823} INFO - Setting next_dagrun for example_nested_branch_dag to 2025-07-20 00:00:00+00:00, run_after=2025-07-21 00:00:00+00:00
[2025-07-21T08:34:06.874+0000] {processor.py:183} INFO - Processing /home/airflow/.local/lib/python3.8/site-packages/airflow/example_dags/example_nested_branch_dag.py took 0.205 seconds
[2025-07-21T08:34:40.655+0000] {processor.py:161} INFO - Started process (PID=1875) to work on /home/airflow/.local/lib/python3.8/site-packages/airflow/example_dags/example_nested_branch_dag.py
[2025-07-21T08:34:40.669+0000] {processor.py:830} INFO - Processing file /home/airflow/.local/lib/python3.8/site-packages/airflow/example_dags/example_nested_branch_dag.py for tasks to queue
[2025-07-21T08:34:40.679+0000] {logging_mixin.py:188} INFO - [2025-07-21T08:34:40.679+0000] {dagbag.py:538} INFO - Filling up the DagBag from /home/airflow/.local/lib/python3.8/site-packages/airflow/example_dags/example_nested_branch_dag.py
[2025-07-21T08:34:40.733+0000] {processor.py:840} INFO - DAG(s) 'example_nested_branch_dag' retrieved from /home/airflow/.local/lib/python3.8/site-packages/airflow/example_dags/example_nested_branch_dag.py
[2025-07-21T08:34:40.880+0000] {logging_mixin.py:188} INFO - [2025-07-21T08:34:40.878+0000] {dag.py:3036} INFO - Sync 1 DAGs
[2025-07-21T08:34:40.995+0000] {logging_mixin.py:188} INFO - [2025-07-21T08:34:40.995+0000] {dag.py:3823} INFO - Setting next_dagrun for example_nested_branch_dag to 2025-07-20 00:00:00+00:00, run_after=2025-07-21 00:00:00+00:00
[2025-07-21T08:34:41.110+0000] {processor.py:183} INFO - Processing /home/airflow/.local/lib/python3.8/site-packages/airflow/example_dags/example_nested_branch_dag.py took 0.475 seconds
[2025-07-21T08:35:11.444+0000] {processor.py:161} INFO - Started process (PID=1929) to work on /home/airflow/.local/lib/python3.8/site-packages/airflow/example_dags/example_nested_branch_dag.py
[2025-07-21T08:35:11.447+0000] {processor.py:830} INFO - Processing file /home/airflow/.local/lib/python3.8/site-packages/airflow/example_dags/example_nested_branch_dag.py for tasks to queue
[2025-07-21T08:35:11.452+0000] {logging_mixin.py:188} INFO - [2025-07-21T08:35:11.451+0000] {dagbag.py:538} INFO - Filling up the DagBag from /home/airflow/.local/lib/python3.8/site-packages/airflow/example_dags/example_nested_branch_dag.py
[2025-07-21T08:35:11.478+0000] {processor.py:840} INFO - DAG(s) 'example_nested_branch_dag' retrieved from /home/airflow/.local/lib/python3.8/site-packages/airflow/example_dags/example_nested_branch_dag.py
[2025-07-21T08:35:11.541+0000] {logging_mixin.py:188} INFO - [2025-07-21T08:35:11.541+0000] {dag.py:3036} INFO - Sync 1 DAGs
[2025-07-21T08:35:11.652+0000] {logging_mixin.py:188} INFO - [2025-07-21T08:35:11.651+0000] {dag.py:3823} INFO - Setting next_dagrun for example_nested_branch_dag to 2025-07-20 00:00:00+00:00, run_after=2025-07-21 00:00:00+00:00
[2025-07-21T08:35:11.770+0000] {processor.py:183} INFO - Processing /home/airflow/.local/lib/python3.8/site-packages/airflow/example_dags/example_nested_branch_dag.py took 0.335 seconds
[2025-07-21T08:35:42.513+0000] {processor.py:161} INFO - Started process (PID=1983) to work on /home/airflow/.local/lib/python3.8/site-packages/airflow/example_dags/example_nested_branch_dag.py
[2025-07-21T08:35:42.516+0000] {processor.py:830} INFO - Processing file /home/airflow/.local/lib/python3.8/site-packages/airflow/example_dags/example_nested_branch_dag.py for tasks to queue
[2025-07-21T08:35:42.524+0000] {logging_mixin.py:188} INFO - [2025-07-21T08:35:42.523+0000] {dagbag.py:538} INFO - Filling up the DagBag from /home/airflow/.local/lib/python3.8/site-packages/airflow/example_dags/example_nested_branch_dag.py
[2025-07-21T08:35:42.580+0000] {processor.py:840} INFO - DAG(s) 'example_nested_branch_dag' retrieved from /home/airflow/.local/lib/python3.8/site-packages/airflow/example_dags/example_nested_branch_dag.py
[2025-07-21T08:35:42.663+0000] {logging_mixin.py:188} INFO - [2025-07-21T08:35:42.662+0000] {dag.py:3036} INFO - Sync 1 DAGs
[2025-07-21T08:35:43.046+0000] {logging_mixin.py:188} INFO - [2025-07-21T08:35:43.045+0000] {dag.py:3823} INFO - Setting next_dagrun for example_nested_branch_dag to 2025-07-20 00:00:00+00:00, run_after=2025-07-21 00:00:00+00:00
[2025-07-21T08:35:43.311+0000] {processor.py:183} INFO - Processing /home/airflow/.local/lib/python3.8/site-packages/airflow/example_dags/example_nested_branch_dag.py took 0.817 seconds
[2025-07-21T08:36:13.758+0000] {processor.py:161} INFO - Started process (PID=2038) to work on /home/airflow/.local/lib/python3.8/site-packages/airflow/example_dags/example_nested_branch_dag.py
[2025-07-21T08:36:13.762+0000] {processor.py:830} INFO - Processing file /home/airflow/.local/lib/python3.8/site-packages/airflow/example_dags/example_nested_branch_dag.py for tasks to queue
[2025-07-21T08:36:13.769+0000] {logging_mixin.py:188} INFO - [2025-07-21T08:36:13.767+0000] {dagbag.py:538} INFO - Filling up the DagBag from /home/airflow/.local/lib/python3.8/site-packages/airflow/example_dags/example_nested_branch_dag.py
[2025-07-21T08:36:13.803+0000] {processor.py:840} INFO - DAG(s) 'example_nested_branch_dag' retrieved from /home/airflow/.local/lib/python3.8/site-packages/airflow/example_dags/example_nested_branch_dag.py
[2025-07-21T08:36:13.880+0000] {logging_mixin.py:188} INFO - [2025-07-21T08:36:13.878+0000] {dag.py:3036} INFO - Sync 1 DAGs
[2025-07-21T08:36:13.963+0000] {logging_mixin.py:188} INFO - [2025-07-21T08:36:13.962+0000] {dag.py:3823} INFO - Setting next_dagrun for example_nested_branch_dag to 2025-07-20 00:00:00+00:00, run_after=2025-07-21 00:00:00+00:00
[2025-07-21T08:36:14.012+0000] {processor.py:183} INFO - Processing /home/airflow/.local/lib/python3.8/site-packages/airflow/example_dags/example_nested_branch_dag.py took 0.276 seconds
[2025-07-21T08:36:46.403+0000] {processor.py:161} INFO - Started process (PID=2093) to work on /home/airflow/.local/lib/python3.8/site-packages/airflow/example_dags/example_nested_branch_dag.py
[2025-07-21T08:36:46.412+0000] {processor.py:830} INFO - Processing file /home/airflow/.local/lib/python3.8/site-packages/airflow/example_dags/example_nested_branch_dag.py for tasks to queue
[2025-07-21T08:36:46.429+0000] {logging_mixin.py:188} INFO - [2025-07-21T08:36:46.428+0000] {dagbag.py:538} INFO - Filling up the DagBag from /home/airflow/.local/lib/python3.8/site-packages/airflow/example_dags/example_nested_branch_dag.py
[2025-07-21T08:36:46.651+0000] {processor.py:840} INFO - DAG(s) 'example_nested_branch_dag' retrieved from /home/airflow/.local/lib/python3.8/site-packages/airflow/example_dags/example_nested_branch_dag.py
[2025-07-21T08:36:46.801+0000] {logging_mixin.py:188} INFO - [2025-07-21T08:36:46.801+0000] {dag.py:3036} INFO - Sync 1 DAGs
[2025-07-21T08:36:46.957+0000] {logging_mixin.py:188} INFO - [2025-07-21T08:36:46.956+0000] {dag.py:3823} INFO - Setting next_dagrun for example_nested_branch_dag to 2025-07-20 00:00:00+00:00, run_after=2025-07-21 00:00:00+00:00
[2025-07-21T08:36:47.129+0000] {processor.py:183} INFO - Processing /home/airflow/.local/lib/python3.8/site-packages/airflow/example_dags/example_nested_branch_dag.py took 0.751 seconds
[2025-07-21T08:37:19.181+0000] {processor.py:161} INFO - Started process (PID=2146) to work on /home/airflow/.local/lib/python3.8/site-packages/airflow/example_dags/example_nested_branch_dag.py
[2025-07-21T08:37:19.184+0000] {processor.py:830} INFO - Processing file /home/airflow/.local/lib/python3.8/site-packages/airflow/example_dags/example_nested_branch_dag.py for tasks to queue
[2025-07-21T08:37:19.189+0000] {logging_mixin.py:188} INFO - [2025-07-21T08:37:19.188+0000] {dagbag.py:538} INFO - Filling up the DagBag from /home/airflow/.local/lib/python3.8/site-packages/airflow/example_dags/example_nested_branch_dag.py
[2025-07-21T08:37:19.217+0000] {processor.py:840} INFO - DAG(s) 'example_nested_branch_dag' retrieved from /home/airflow/.local/lib/python3.8/site-packages/airflow/example_dags/example_nested_branch_dag.py
[2025-07-21T08:37:19.285+0000] {logging_mixin.py:188} INFO - [2025-07-21T08:37:19.285+0000] {dag.py:3036} INFO - Sync 1 DAGs
[2025-07-21T08:37:19.364+0000] {logging_mixin.py:188} INFO - [2025-07-21T08:37:19.363+0000] {dag.py:3823} INFO - Setting next_dagrun for example_nested_branch_dag to 2025-07-20 00:00:00+00:00, run_after=2025-07-21 00:00:00+00:00
[2025-07-21T08:37:19.867+0000] {processor.py:183} INFO - Processing /home/airflow/.local/lib/python3.8/site-packages/airflow/example_dags/example_nested_branch_dag.py took 0.702 seconds
[2025-07-21T08:37:50.811+0000] {processor.py:161} INFO - Started process (PID=2202) to work on /home/airflow/.local/lib/python3.8/site-packages/airflow/example_dags/example_nested_branch_dag.py
[2025-07-21T08:37:50.836+0000] {processor.py:830} INFO - Processing file /home/airflow/.local/lib/python3.8/site-packages/airflow/example_dags/example_nested_branch_dag.py for tasks to queue
[2025-07-21T08:37:50.853+0000] {logging_mixin.py:188} INFO - [2025-07-21T08:37:50.852+0000] {dagbag.py:538} INFO - Filling up the DagBag from /home/airflow/.local/lib/python3.8/site-packages/airflow/example_dags/example_nested_branch_dag.py
[2025-07-21T08:37:50.935+0000] {processor.py:840} INFO - DAG(s) 'example_nested_branch_dag' retrieved from /home/airflow/.local/lib/python3.8/site-packages/airflow/example_dags/example_nested_branch_dag.py
[2025-07-21T08:37:51.259+0000] {logging_mixin.py:188} INFO - [2025-07-21T08:37:51.259+0000] {dag.py:3036} INFO - Sync 1 DAGs
[2025-07-21T08:37:51.379+0000] {logging_mixin.py:188} INFO - [2025-07-21T08:37:51.378+0000] {dag.py:3823} INFO - Setting next_dagrun for example_nested_branch_dag to 2025-07-20 00:00:00+00:00, run_after=2025-07-21 00:00:00+00:00
[2025-07-21T08:37:51.485+0000] {processor.py:183} INFO - Processing /home/airflow/.local/lib/python3.8/site-packages/airflow/example_dags/example_nested_branch_dag.py took 0.730 seconds
[2025-07-21T08:38:21.684+0000] {processor.py:161} INFO - Started process (PID=2256) to work on /home/airflow/.local/lib/python3.8/site-packages/airflow/example_dags/example_nested_branch_dag.py
[2025-07-21T08:38:21.687+0000] {processor.py:830} INFO - Processing file /home/airflow/.local/lib/python3.8/site-packages/airflow/example_dags/example_nested_branch_dag.py for tasks to queue
[2025-07-21T08:38:21.693+0000] {logging_mixin.py:188} INFO - [2025-07-21T08:38:21.692+0000] {dagbag.py:538} INFO - Filling up the DagBag from /home/airflow/.local/lib/python3.8/site-packages/airflow/example_dags/example_nested_branch_dag.py
[2025-07-21T08:38:21.726+0000] {processor.py:840} INFO - DAG(s) 'example_nested_branch_dag' retrieved from /home/airflow/.local/lib/python3.8/site-packages/airflow/example_dags/example_nested_branch_dag.py
[2025-07-21T08:38:21.787+0000] {logging_mixin.py:188} INFO - [2025-07-21T08:38:21.786+0000] {dag.py:3036} INFO - Sync 1 DAGs
[2025-07-21T08:38:21.859+0000] {logging_mixin.py:188} INFO - [2025-07-21T08:38:21.859+0000] {dag.py:3823} INFO - Setting next_dagrun for example_nested_branch_dag to 2025-07-20 00:00:00+00:00, run_after=2025-07-21 00:00:00+00:00
[2025-07-21T08:38:21.905+0000] {processor.py:183} INFO - Processing /home/airflow/.local/lib/python3.8/site-packages/airflow/example_dags/example_nested_branch_dag.py took 0.232 seconds
[2025-07-21T08:38:52.696+0000] {processor.py:161} INFO - Started process (PID=2311) to work on /home/airflow/.local/lib/python3.8/site-packages/airflow/example_dags/example_nested_branch_dag.py
[2025-07-21T08:38:52.711+0000] {processor.py:830} INFO - Processing file /home/airflow/.local/lib/python3.8/site-packages/airflow/example_dags/example_nested_branch_dag.py for tasks to queue
[2025-07-21T08:38:52.729+0000] {logging_mixin.py:188} INFO - [2025-07-21T08:38:52.728+0000] {dagbag.py:538} INFO - Filling up the DagBag from /home/airflow/.local/lib/python3.8/site-packages/airflow/example_dags/example_nested_branch_dag.py
[2025-07-21T08:38:52.815+0000] {processor.py:840} INFO - DAG(s) 'example_nested_branch_dag' retrieved from /home/airflow/.local/lib/python3.8/site-packages/airflow/example_dags/example_nested_branch_dag.py
[2025-07-21T08:38:52.892+0000] {logging_mixin.py:188} INFO - [2025-07-21T08:38:52.892+0000] {dag.py:3036} INFO - Sync 1 DAGs
[2025-07-21T08:38:52.990+0000] {logging_mixin.py:188} INFO - [2025-07-21T08:38:52.989+0000] {dag.py:3823} INFO - Setting next_dagrun for example_nested_branch_dag to 2025-07-20 00:00:00+00:00, run_after=2025-07-21 00:00:00+00:00
[2025-07-21T08:38:53.107+0000] {processor.py:183} INFO - Processing /home/airflow/.local/lib/python3.8/site-packages/airflow/example_dags/example_nested_branch_dag.py took 0.432 seconds
[2025-07-21T08:39:23.895+0000] {processor.py:161} INFO - Started process (PID=2366) to work on /home/airflow/.local/lib/python3.8/site-packages/airflow/example_dags/example_nested_branch_dag.py
[2025-07-21T08:39:23.899+0000] {processor.py:830} INFO - Processing file /home/airflow/.local/lib/python3.8/site-packages/airflow/example_dags/example_nested_branch_dag.py for tasks to queue
[2025-07-21T08:39:23.915+0000] {logging_mixin.py:188} INFO - [2025-07-21T08:39:23.914+0000] {dagbag.py:538} INFO - Filling up the DagBag from /home/airflow/.local/lib/python3.8/site-packages/airflow/example_dags/example_nested_branch_dag.py
[2025-07-21T08:39:23.974+0000] {processor.py:840} INFO - DAG(s) 'example_nested_branch_dag' retrieved from /home/airflow/.local/lib/python3.8/site-packages/airflow/example_dags/example_nested_branch_dag.py
[2025-07-21T08:39:24.048+0000] {logging_mixin.py:188} INFO - [2025-07-21T08:39:24.047+0000] {dag.py:3036} INFO - Sync 1 DAGs
[2025-07-21T08:39:24.120+0000] {logging_mixin.py:188} INFO - [2025-07-21T08:39:24.119+0000] {dag.py:3823} INFO - Setting next_dagrun for example_nested_branch_dag to 2025-07-20 00:00:00+00:00, run_after=2025-07-21 00:00:00+00:00
[2025-07-21T08:39:24.170+0000] {processor.py:183} INFO - Processing /home/airflow/.local/lib/python3.8/site-packages/airflow/example_dags/example_nested_branch_dag.py took 0.291 seconds
[2025-07-21T08:39:54.876+0000] {processor.py:161} INFO - Started process (PID=2421) to work on /home/airflow/.local/lib/python3.8/site-packages/airflow/example_dags/example_nested_branch_dag.py
[2025-07-21T08:39:54.879+0000] {processor.py:830} INFO - Processing file /home/airflow/.local/lib/python3.8/site-packages/airflow/example_dags/example_nested_branch_dag.py for tasks to queue
[2025-07-21T08:39:54.885+0000] {logging_mixin.py:188} INFO - [2025-07-21T08:39:54.884+0000] {dagbag.py:538} INFO - Filling up the DagBag from /home/airflow/.local/lib/python3.8/site-packages/airflow/example_dags/example_nested_branch_dag.py
[2025-07-21T08:39:54.926+0000] {processor.py:840} INFO - DAG(s) 'example_nested_branch_dag' retrieved from /home/airflow/.local/lib/python3.8/site-packages/airflow/example_dags/example_nested_branch_dag.py
[2025-07-21T08:39:54.977+0000] {logging_mixin.py:188} INFO - [2025-07-21T08:39:54.976+0000] {dag.py:3036} INFO - Sync 1 DAGs
[2025-07-21T08:39:55.296+0000] {logging_mixin.py:188} INFO - [2025-07-21T08:39:55.295+0000] {dag.py:3823} INFO - Setting next_dagrun for example_nested_branch_dag to 2025-07-20 00:00:00+00:00, run_after=2025-07-21 00:00:00+00:00
[2025-07-21T08:39:55.334+0000] {processor.py:183} INFO - Processing /home/airflow/.local/lib/python3.8/site-packages/airflow/example_dags/example_nested_branch_dag.py took 0.472 seconds
[2025-07-21T08:40:25.707+0000] {processor.py:161} INFO - Started process (PID=2476) to work on /home/airflow/.local/lib/python3.8/site-packages/airflow/example_dags/example_nested_branch_dag.py
[2025-07-21T08:40:25.719+0000] {processor.py:830} INFO - Processing file /home/airflow/.local/lib/python3.8/site-packages/airflow/example_dags/example_nested_branch_dag.py for tasks to queue
[2025-07-21T08:40:25.724+0000] {logging_mixin.py:188} INFO - [2025-07-21T08:40:25.723+0000] {dagbag.py:538} INFO - Filling up the DagBag from /home/airflow/.local/lib/python3.8/site-packages/airflow/example_dags/example_nested_branch_dag.py
[2025-07-21T08:40:25.748+0000] {processor.py:840} INFO - DAG(s) 'example_nested_branch_dag' retrieved from /home/airflow/.local/lib/python3.8/site-packages/airflow/example_dags/example_nested_branch_dag.py
[2025-07-21T08:40:25.795+0000] {logging_mixin.py:188} INFO - [2025-07-21T08:40:25.795+0000] {dag.py:3036} INFO - Sync 1 DAGs
[2025-07-21T08:40:25.872+0000] {logging_mixin.py:188} INFO - [2025-07-21T08:40:25.865+0000] {dag.py:3823} INFO - Setting next_dagrun for example_nested_branch_dag to 2025-07-20 00:00:00+00:00, run_after=2025-07-21 00:00:00+00:00
[2025-07-21T08:40:26.141+0000] {processor.py:183} INFO - Processing /home/airflow/.local/lib/python3.8/site-packages/airflow/example_dags/example_nested_branch_dag.py took 0.441 seconds
[2025-07-21T08:40:56.582+0000] {processor.py:161} INFO - Started process (PID=2531) to work on /home/airflow/.local/lib/python3.8/site-packages/airflow/example_dags/example_nested_branch_dag.py
[2025-07-21T08:40:56.639+0000] {processor.py:830} INFO - Processing file /home/airflow/.local/lib/python3.8/site-packages/airflow/example_dags/example_nested_branch_dag.py for tasks to queue
[2025-07-21T08:40:56.652+0000] {logging_mixin.py:188} INFO - [2025-07-21T08:40:56.651+0000] {dagbag.py:538} INFO - Filling up the DagBag from /home/airflow/.local/lib/python3.8/site-packages/airflow/example_dags/example_nested_branch_dag.py
[2025-07-21T08:40:56.717+0000] {processor.py:840} INFO - DAG(s) 'example_nested_branch_dag' retrieved from /home/airflow/.local/lib/python3.8/site-packages/airflow/example_dags/example_nested_branch_dag.py
[2025-07-21T08:40:56.811+0000] {logging_mixin.py:188} INFO - [2025-07-21T08:40:56.810+0000] {dag.py:3036} INFO - Sync 1 DAGs
[2025-07-21T08:40:56.944+0000] {logging_mixin.py:188} INFO - [2025-07-21T08:40:56.943+0000] {dag.py:3823} INFO - Setting next_dagrun for example_nested_branch_dag to 2025-07-20 00:00:00+00:00, run_after=2025-07-21 00:00:00+00:00
[2025-07-21T08:40:57.058+0000] {processor.py:183} INFO - Processing /home/airflow/.local/lib/python3.8/site-packages/airflow/example_dags/example_nested_branch_dag.py took 0.492 seconds
[2025-07-21T08:41:27.932+0000] {processor.py:161} INFO - Started process (PID=2585) to work on /home/airflow/.local/lib/python3.8/site-packages/airflow/example_dags/example_nested_branch_dag.py
[2025-07-21T08:41:27.945+0000] {processor.py:830} INFO - Processing file /home/airflow/.local/lib/python3.8/site-packages/airflow/example_dags/example_nested_branch_dag.py for tasks to queue
[2025-07-21T08:41:27.965+0000] {logging_mixin.py:188} INFO - [2025-07-21T08:41:27.965+0000] {dagbag.py:538} INFO - Filling up the DagBag from /home/airflow/.local/lib/python3.8/site-packages/airflow/example_dags/example_nested_branch_dag.py
[2025-07-21T08:41:28.028+0000] {processor.py:840} INFO - DAG(s) 'example_nested_branch_dag' retrieved from /home/airflow/.local/lib/python3.8/site-packages/airflow/example_dags/example_nested_branch_dag.py
[2025-07-21T08:41:28.145+0000] {logging_mixin.py:188} INFO - [2025-07-21T08:41:28.145+0000] {dag.py:3036} INFO - Sync 1 DAGs
[2025-07-21T08:41:28.301+0000] {logging_mixin.py:188} INFO - [2025-07-21T08:41:28.300+0000] {dag.py:3823} INFO - Setting next_dagrun for example_nested_branch_dag to 2025-07-20 00:00:00+00:00, run_after=2025-07-21 00:00:00+00:00
[2025-07-21T08:41:28.479+0000] {processor.py:183} INFO - Processing /home/airflow/.local/lib/python3.8/site-packages/airflow/example_dags/example_nested_branch_dag.py took 0.565 seconds
[2025-07-21T08:41:59.564+0000] {processor.py:161} INFO - Started process (PID=2641) to work on /home/airflow/.local/lib/python3.8/site-packages/airflow/example_dags/example_nested_branch_dag.py
[2025-07-21T08:41:59.571+0000] {processor.py:830} INFO - Processing file /home/airflow/.local/lib/python3.8/site-packages/airflow/example_dags/example_nested_branch_dag.py for tasks to queue
[2025-07-21T08:41:59.580+0000] {logging_mixin.py:188} INFO - [2025-07-21T08:41:59.579+0000] {dagbag.py:538} INFO - Filling up the DagBag from /home/airflow/.local/lib/python3.8/site-packages/airflow/example_dags/example_nested_branch_dag.py
[2025-07-21T08:41:59.641+0000] {processor.py:840} INFO - DAG(s) 'example_nested_branch_dag' retrieved from /home/airflow/.local/lib/python3.8/site-packages/airflow/example_dags/example_nested_branch_dag.py
[2025-07-21T08:41:59.719+0000] {logging_mixin.py:188} INFO - [2025-07-21T08:41:59.718+0000] {dag.py:3036} INFO - Sync 1 DAGs
[2025-07-21T08:41:59.868+0000] {logging_mixin.py:188} INFO - [2025-07-21T08:41:59.866+0000] {dag.py:3823} INFO - Setting next_dagrun for example_nested_branch_dag to 2025-07-20 00:00:00+00:00, run_after=2025-07-21 00:00:00+00:00
[2025-07-21T08:42:00.006+0000] {processor.py:183} INFO - Processing /home/airflow/.local/lib/python3.8/site-packages/airflow/example_dags/example_nested_branch_dag.py took 0.464 seconds
[2025-07-21T08:42:30.314+0000] {processor.py:161} INFO - Started process (PID=2696) to work on /home/airflow/.local/lib/python3.8/site-packages/airflow/example_dags/example_nested_branch_dag.py
[2025-07-21T08:42:30.317+0000] {processor.py:830} INFO - Processing file /home/airflow/.local/lib/python3.8/site-packages/airflow/example_dags/example_nested_branch_dag.py for tasks to queue
[2025-07-21T08:42:30.343+0000] {logging_mixin.py:188} INFO - [2025-07-21T08:42:30.342+0000] {dagbag.py:538} INFO - Filling up the DagBag from /home/airflow/.local/lib/python3.8/site-packages/airflow/example_dags/example_nested_branch_dag.py
[2025-07-21T08:42:30.478+0000] {processor.py:840} INFO - DAG(s) 'example_nested_branch_dag' retrieved from /home/airflow/.local/lib/python3.8/site-packages/airflow/example_dags/example_nested_branch_dag.py
[2025-07-21T08:42:30.634+0000] {logging_mixin.py:188} INFO - [2025-07-21T08:42:30.634+0000] {dag.py:3036} INFO - Sync 1 DAGs
[2025-07-21T08:42:30.891+0000] {logging_mixin.py:188} INFO - [2025-07-21T08:42:30.891+0000] {dag.py:3823} INFO - Setting next_dagrun for example_nested_branch_dag to 2025-07-20 00:00:00+00:00, run_after=2025-07-21 00:00:00+00:00
[2025-07-21T08:42:30.978+0000] {processor.py:183} INFO - Processing /home/airflow/.local/lib/python3.8/site-packages/airflow/example_dags/example_nested_branch_dag.py took 0.696 seconds
[2025-07-21T08:43:01.134+0000] {processor.py:161} INFO - Started process (PID=2757) to work on /home/airflow/.local/lib/python3.8/site-packages/airflow/example_dags/example_nested_branch_dag.py
[2025-07-21T08:43:01.137+0000] {processor.py:830} INFO - Processing file /home/airflow/.local/lib/python3.8/site-packages/airflow/example_dags/example_nested_branch_dag.py for tasks to queue
[2025-07-21T08:43:01.144+0000] {logging_mixin.py:188} INFO - [2025-07-21T08:43:01.143+0000] {dagbag.py:538} INFO - Filling up the DagBag from /home/airflow/.local/lib/python3.8/site-packages/airflow/example_dags/example_nested_branch_dag.py
[2025-07-21T08:43:01.182+0000] {processor.py:840} INFO - DAG(s) 'example_nested_branch_dag' retrieved from /home/airflow/.local/lib/python3.8/site-packages/airflow/example_dags/example_nested_branch_dag.py
[2025-07-21T08:43:01.269+0000] {logging_mixin.py:188} INFO - [2025-07-21T08:43:01.268+0000] {dag.py:3036} INFO - Sync 1 DAGs
[2025-07-21T08:43:01.345+0000] {logging_mixin.py:188} INFO - [2025-07-21T08:43:01.344+0000] {dag.py:3823} INFO - Setting next_dagrun for example_nested_branch_dag to 2025-07-20 00:00:00+00:00, run_after=2025-07-21 00:00:00+00:00
[2025-07-21T08:43:01.424+0000] {processor.py:183} INFO - Processing /home/airflow/.local/lib/python3.8/site-packages/airflow/example_dags/example_nested_branch_dag.py took 0.307 seconds
[2025-07-21T08:43:32.273+0000] {processor.py:161} INFO - Started process (PID=2813) to work on /home/airflow/.local/lib/python3.8/site-packages/airflow/example_dags/example_nested_branch_dag.py
[2025-07-21T08:43:32.297+0000] {processor.py:830} INFO - Processing file /home/airflow/.local/lib/python3.8/site-packages/airflow/example_dags/example_nested_branch_dag.py for tasks to queue
[2025-07-21T08:43:32.323+0000] {logging_mixin.py:188} INFO - [2025-07-21T08:43:32.319+0000] {dagbag.py:538} INFO - Filling up the DagBag from /home/airflow/.local/lib/python3.8/site-packages/airflow/example_dags/example_nested_branch_dag.py
[2025-07-21T08:43:32.445+0000] {processor.py:840} INFO - DAG(s) 'example_nested_branch_dag' retrieved from /home/airflow/.local/lib/python3.8/site-packages/airflow/example_dags/example_nested_branch_dag.py
[2025-07-21T08:43:32.573+0000] {logging_mixin.py:188} INFO - [2025-07-21T08:43:32.573+0000] {dag.py:3036} INFO - Sync 1 DAGs
[2025-07-21T08:43:32.741+0000] {logging_mixin.py:188} INFO - [2025-07-21T08:43:32.740+0000] {dag.py:3823} INFO - Setting next_dagrun for example_nested_branch_dag to 2025-07-20 00:00:00+00:00, run_after=2025-07-21 00:00:00+00:00
[2025-07-21T08:43:32.859+0000] {processor.py:183} INFO - Processing /home/airflow/.local/lib/python3.8/site-packages/airflow/example_dags/example_nested_branch_dag.py took 0.598 seconds
