[2025-07-21T08:14:55.822+0000] {processor.py:161} INFO - Started process (PID=106) to work on /home/airflow/.local/lib/python3.8/site-packages/airflow/example_dags/example_sla_dag.py
[2025-07-21T08:14:55.831+0000] {processor.py:830} INFO - Processing file /home/airflow/.local/lib/python3.8/site-packages/airflow/example_dags/example_sla_dag.py for tasks to queue
[2025-07-21T08:14:55.835+0000] {logging_mixin.py:188} INFO - [2025-07-21T08:14:55.834+0000] {dagbag.py:538} INFO - Filling up the DagBag from /home/airflow/.local/lib/python3.8/site-packages/airflow/example_dags/example_sla_dag.py
[2025-07-21T08:14:55.897+0000] {processor.py:840} INFO - DAG(s) 'example_sla_dag' retrieved from /home/airflow/.local/lib/python3.8/site-packages/airflow/example_dags/example_sla_dag.py
[2025-07-21T08:14:55.962+0000] {logging_mixin.py:188} INFO - [2025-07-21T08:14:55.961+0000] {dag.py:3036} INFO - Sync 1 DAGs
[2025-07-21T08:14:56.061+0000] {logging_mixin.py:188} INFO - [2025-07-21T08:14:56.061+0000] {dag.py:3823} INFO - Setting next_dagrun for example_sla_dag to 2025-07-21 08:12:00+00:00, run_after=2025-07-21 08:14:00+00:00
[2025-07-21T08:14:56.288+0000] {processor.py:183} INFO - Processing /home/airflow/.local/lib/python3.8/site-packages/airflow/example_dags/example_sla_dag.py took 0.484 seconds
[2025-07-21T08:15:28.429+0000] {processor.py:161} INFO - Started process (PID=162) to work on /home/airflow/.local/lib/python3.8/site-packages/airflow/example_dags/example_sla_dag.py
[2025-07-21T08:15:28.456+0000] {processor.py:830} INFO - Processing file /home/airflow/.local/lib/python3.8/site-packages/airflow/example_dags/example_sla_dag.py for tasks to queue
[2025-07-21T08:15:28.475+0000] {logging_mixin.py:188} INFO - [2025-07-21T08:15:28.474+0000] {dagbag.py:538} INFO - Filling up the DagBag from /home/airflow/.local/lib/python3.8/site-packages/airflow/example_dags/example_sla_dag.py
[2025-07-21T08:15:28.584+0000] {processor.py:840} INFO - DAG(s) 'example_sla_dag' retrieved from /home/airflow/.local/lib/python3.8/site-packages/airflow/example_dags/example_sla_dag.py
[2025-07-21T08:15:28.840+0000] {logging_mixin.py:188} INFO - [2025-07-21T08:15:28.840+0000] {dag.py:3036} INFO - Sync 1 DAGs
[2025-07-21T08:15:29.020+0000] {logging_mixin.py:188} INFO - [2025-07-21T08:15:29.020+0000] {dag.py:3823} INFO - Setting next_dagrun for example_sla_dag to 2025-07-21 08:12:00+00:00, run_after=2025-07-21 08:14:00+00:00
[2025-07-21T08:15:29.332+0000] {processor.py:183} INFO - Processing /home/airflow/.local/lib/python3.8/site-packages/airflow/example_dags/example_sla_dag.py took 0.943 seconds
[2025-07-21T08:16:17.127+0000] {processor.py:161} INFO - Started process (PID=226) to work on /home/airflow/.local/lib/python3.8/site-packages/airflow/example_dags/example_sla_dag.py
[2025-07-21T08:16:17.187+0000] {processor.py:830} INFO - Processing file /home/airflow/.local/lib/python3.8/site-packages/airflow/example_dags/example_sla_dag.py for tasks to queue
[2025-07-21T08:16:17.202+0000] {logging_mixin.py:188} INFO - [2025-07-21T08:16:17.201+0000] {dagbag.py:538} INFO - Filling up the DagBag from /home/airflow/.local/lib/python3.8/site-packages/airflow/example_dags/example_sla_dag.py
[2025-07-21T08:16:17.276+0000] {processor.py:840} INFO - DAG(s) 'example_sla_dag' retrieved from /home/airflow/.local/lib/python3.8/site-packages/airflow/example_dags/example_sla_dag.py
[2025-07-21T08:16:17.465+0000] {logging_mixin.py:188} INFO - [2025-07-21T08:16:17.465+0000] {dag.py:3036} INFO - Sync 1 DAGs
[2025-07-21T08:16:17.605+0000] {logging_mixin.py:188} INFO - [2025-07-21T08:16:17.605+0000] {dag.py:3823} INFO - Setting next_dagrun for example_sla_dag to 2025-07-21 08:14:00+00:00, run_after=2025-07-21 08:16:00+00:00
[2025-07-21T08:16:17.704+0000] {processor.py:183} INFO - Processing /home/airflow/.local/lib/python3.8/site-packages/airflow/example_dags/example_sla_dag.py took 0.596 seconds
[2025-07-21T08:16:58.454+0000] {processor.py:161} INFO - Started process (PID=281) to work on /home/airflow/.local/lib/python3.8/site-packages/airflow/example_dags/example_sla_dag.py
[2025-07-21T08:16:58.531+0000] {processor.py:830} INFO - Processing file /home/airflow/.local/lib/python3.8/site-packages/airflow/example_dags/example_sla_dag.py for tasks to queue
[2025-07-21T08:16:58.595+0000] {logging_mixin.py:188} INFO - [2025-07-21T08:16:58.595+0000] {dagbag.py:538} INFO - Filling up the DagBag from /home/airflow/.local/lib/python3.8/site-packages/airflow/example_dags/example_sla_dag.py
[2025-07-21T08:16:59.024+0000] {processor.py:840} INFO - DAG(s) 'example_sla_dag' retrieved from /home/airflow/.local/lib/python3.8/site-packages/airflow/example_dags/example_sla_dag.py
[2025-07-21T08:17:00.430+0000] {logging_mixin.py:188} INFO - [2025-07-21T08:17:00.430+0000] {dag.py:3036} INFO - Sync 1 DAGs
[2025-07-21T08:17:01.100+0000] {logging_mixin.py:188} INFO - [2025-07-21T08:17:01.100+0000] {dag.py:3823} INFO - Setting next_dagrun for example_sla_dag to 2025-07-21 08:14:00+00:00, run_after=2025-07-21 08:16:00+00:00
[2025-07-21T08:17:01.724+0000] {processor.py:183} INFO - Processing /home/airflow/.local/lib/python3.8/site-packages/airflow/example_dags/example_sla_dag.py took 3.305 seconds
[2025-07-21T08:18:05.002+0000] {processor.py:161} INFO - Started process (PID=342) to work on /home/airflow/.local/lib/python3.8/site-packages/airflow/example_dags/example_sla_dag.py
[2025-07-21T08:18:05.021+0000] {processor.py:830} INFO - Processing file /home/airflow/.local/lib/python3.8/site-packages/airflow/example_dags/example_sla_dag.py for tasks to queue
[2025-07-21T08:18:05.067+0000] {logging_mixin.py:188} INFO - [2025-07-21T08:18:05.054+0000] {dagbag.py:538} INFO - Filling up the DagBag from /home/airflow/.local/lib/python3.8/site-packages/airflow/example_dags/example_sla_dag.py
[2025-07-21T08:18:05.319+0000] {processor.py:840} INFO - DAG(s) 'example_sla_dag' retrieved from /home/airflow/.local/lib/python3.8/site-packages/airflow/example_dags/example_sla_dag.py
[2025-07-21T08:18:05.528+0000] {logging_mixin.py:188} INFO - [2025-07-21T08:18:05.527+0000] {dag.py:3036} INFO - Sync 1 DAGs
[2025-07-21T08:18:05.794+0000] {logging_mixin.py:188} INFO - [2025-07-21T08:18:05.793+0000] {dag.py:3823} INFO - Setting next_dagrun for example_sla_dag to 2025-07-21 08:16:00+00:00, run_after=2025-07-21 08:18:00+00:00
[2025-07-21T08:18:06.363+0000] {processor.py:183} INFO - Processing /home/airflow/.local/lib/python3.8/site-packages/airflow/example_dags/example_sla_dag.py took 1.485 seconds
[2025-07-21T08:19:48.663+0000] {processor.py:161} INFO - Started process (PID=419) to work on /home/airflow/.local/lib/python3.8/site-packages/airflow/example_dags/example_sla_dag.py
[2025-07-21T08:19:48.718+0000] {processor.py:830} INFO - Processing file /home/airflow/.local/lib/python3.8/site-packages/airflow/example_dags/example_sla_dag.py for tasks to queue
[2025-07-21T08:19:48.769+0000] {logging_mixin.py:188} INFO - [2025-07-21T08:19:48.768+0000] {dagbag.py:538} INFO - Filling up the DagBag from /home/airflow/.local/lib/python3.8/site-packages/airflow/example_dags/example_sla_dag.py
[2025-07-21T08:19:49.094+0000] {processor.py:840} INFO - DAG(s) 'example_sla_dag' retrieved from /home/airflow/.local/lib/python3.8/site-packages/airflow/example_dags/example_sla_dag.py
[2025-07-21T08:19:50.071+0000] {logging_mixin.py:188} INFO - [2025-07-21T08:19:50.070+0000] {dag.py:3036} INFO - Sync 1 DAGs
[2025-07-21T08:19:50.335+0000] {logging_mixin.py:188} INFO - [2025-07-21T08:19:50.335+0000] {dag.py:3823} INFO - Setting next_dagrun for example_sla_dag to 2025-07-21 08:16:00+00:00, run_after=2025-07-21 08:18:00+00:00
[2025-07-21T08:19:50.568+0000] {processor.py:183} INFO - Processing /home/airflow/.local/lib/python3.8/site-packages/airflow/example_dags/example_sla_dag.py took 2.319 seconds
[2025-07-21T08:20:21.430+0000] {processor.py:161} INFO - Started process (PID=474) to work on /home/airflow/.local/lib/python3.8/site-packages/airflow/example_dags/example_sla_dag.py
[2025-07-21T08:20:21.539+0000] {processor.py:830} INFO - Processing file /home/airflow/.local/lib/python3.8/site-packages/airflow/example_dags/example_sla_dag.py for tasks to queue
[2025-07-21T08:20:21.556+0000] {logging_mixin.py:188} INFO - [2025-07-21T08:20:21.556+0000] {dagbag.py:538} INFO - Filling up the DagBag from /home/airflow/.local/lib/python3.8/site-packages/airflow/example_dags/example_sla_dag.py
[2025-07-21T08:20:21.767+0000] {processor.py:840} INFO - DAG(s) 'example_sla_dag' retrieved from /home/airflow/.local/lib/python3.8/site-packages/airflow/example_dags/example_sla_dag.py
[2025-07-21T08:20:22.086+0000] {logging_mixin.py:188} INFO - [2025-07-21T08:20:22.085+0000] {dag.py:3036} INFO - Sync 1 DAGs
[2025-07-21T08:20:22.852+0000] {logging_mixin.py:188} INFO - [2025-07-21T08:20:22.851+0000] {dag.py:3823} INFO - Setting next_dagrun for example_sla_dag to 2025-07-21 08:18:00+00:00, run_after=2025-07-21 08:20:00+00:00
[2025-07-21T08:20:23.588+0000] {processor.py:183} INFO - Processing /home/airflow/.local/lib/python3.8/site-packages/airflow/example_dags/example_sla_dag.py took 2.164 seconds
[2025-07-21T08:21:16.760+0000] {processor.py:161} INFO - Started process (PID=522) to work on /home/airflow/.local/lib/python3.8/site-packages/airflow/example_dags/example_sla_dag.py
[2025-07-21T08:21:16.865+0000] {processor.py:830} INFO - Processing file /home/airflow/.local/lib/python3.8/site-packages/airflow/example_dags/example_sla_dag.py for tasks to queue
[2025-07-21T08:21:16.870+0000] {logging_mixin.py:188} INFO - [2025-07-21T08:21:16.870+0000] {dagbag.py:538} INFO - Filling up the DagBag from /home/airflow/.local/lib/python3.8/site-packages/airflow/example_dags/example_sla_dag.py
[2025-07-21T08:21:17.000+0000] {processor.py:840} INFO - DAG(s) 'example_sla_dag' retrieved from /home/airflow/.local/lib/python3.8/site-packages/airflow/example_dags/example_sla_dag.py
[2025-07-21T08:21:17.127+0000] {logging_mixin.py:188} INFO - [2025-07-21T08:21:17.126+0000] {dag.py:3036} INFO - Sync 1 DAGs
[2025-07-21T08:21:17.296+0000] {logging_mixin.py:188} INFO - [2025-07-21T08:21:17.296+0000] {dag.py:3823} INFO - Setting next_dagrun for example_sla_dag to 2025-07-21 08:18:00+00:00, run_after=2025-07-21 08:20:00+00:00
[2025-07-21T08:21:17.849+0000] {processor.py:183} INFO - Processing /home/airflow/.local/lib/python3.8/site-packages/airflow/example_dags/example_sla_dag.py took 1.095 seconds
[2025-07-21T08:21:48.629+0000] {processor.py:161} INFO - Started process (PID=577) to work on /home/airflow/.local/lib/python3.8/site-packages/airflow/example_dags/example_sla_dag.py
[2025-07-21T08:21:48.631+0000] {processor.py:830} INFO - Processing file /home/airflow/.local/lib/python3.8/site-packages/airflow/example_dags/example_sla_dag.py for tasks to queue
[2025-07-21T08:21:48.637+0000] {logging_mixin.py:188} INFO - [2025-07-21T08:21:48.637+0000] {dagbag.py:538} INFO - Filling up the DagBag from /home/airflow/.local/lib/python3.8/site-packages/airflow/example_dags/example_sla_dag.py
[2025-07-21T08:21:48.675+0000] {processor.py:840} INFO - DAG(s) 'example_sla_dag' retrieved from /home/airflow/.local/lib/python3.8/site-packages/airflow/example_dags/example_sla_dag.py
[2025-07-21T08:21:48.772+0000] {logging_mixin.py:188} INFO - [2025-07-21T08:21:48.771+0000] {dag.py:3036} INFO - Sync 1 DAGs
[2025-07-21T08:21:48.886+0000] {logging_mixin.py:188} INFO - [2025-07-21T08:21:48.886+0000] {dag.py:3823} INFO - Setting next_dagrun for example_sla_dag to 2025-07-21 08:18:00+00:00, run_after=2025-07-21 08:20:00+00:00
[2025-07-21T08:21:48.984+0000] {processor.py:183} INFO - Processing /home/airflow/.local/lib/python3.8/site-packages/airflow/example_dags/example_sla_dag.py took 0.371 seconds
[2025-07-21T08:22:32.647+0000] {processor.py:161} INFO - Started process (PID=637) to work on /home/airflow/.local/lib/python3.8/site-packages/airflow/example_dags/example_sla_dag.py
[2025-07-21T08:22:32.654+0000] {processor.py:830} INFO - Processing file /home/airflow/.local/lib/python3.8/site-packages/airflow/example_dags/example_sla_dag.py for tasks to queue
[2025-07-21T08:22:32.664+0000] {logging_mixin.py:188} INFO - [2025-07-21T08:22:32.664+0000] {dagbag.py:538} INFO - Filling up the DagBag from /home/airflow/.local/lib/python3.8/site-packages/airflow/example_dags/example_sla_dag.py
[2025-07-21T08:22:32.699+0000] {processor.py:840} INFO - DAG(s) 'example_sla_dag' retrieved from /home/airflow/.local/lib/python3.8/site-packages/airflow/example_dags/example_sla_dag.py
[2025-07-21T08:22:32.819+0000] {logging_mixin.py:188} INFO - [2025-07-21T08:22:32.819+0000] {dag.py:3036} INFO - Sync 1 DAGs
[2025-07-21T08:22:32.962+0000] {logging_mixin.py:188} INFO - [2025-07-21T08:22:32.961+0000] {dag.py:3823} INFO - Setting next_dagrun for example_sla_dag to 2025-07-21 08:20:00+00:00, run_after=2025-07-21 08:22:00+00:00
[2025-07-21T08:22:33.190+0000] {processor.py:183} INFO - Processing /home/airflow/.local/lib/python3.8/site-packages/airflow/example_dags/example_sla_dag.py took 0.553 seconds
[2025-07-21T08:23:15.094+0000] {processor.py:161} INFO - Started process (PID=699) to work on /home/airflow/.local/lib/python3.8/site-packages/airflow/example_dags/example_sla_dag.py
[2025-07-21T08:23:15.176+0000] {processor.py:830} INFO - Processing file /home/airflow/.local/lib/python3.8/site-packages/airflow/example_dags/example_sla_dag.py for tasks to queue
[2025-07-21T08:23:15.181+0000] {logging_mixin.py:188} INFO - [2025-07-21T08:23:15.180+0000] {dagbag.py:538} INFO - Filling up the DagBag from /home/airflow/.local/lib/python3.8/site-packages/airflow/example_dags/example_sla_dag.py
[2025-07-21T08:23:15.222+0000] {processor.py:840} INFO - DAG(s) 'example_sla_dag' retrieved from /home/airflow/.local/lib/python3.8/site-packages/airflow/example_dags/example_sla_dag.py
[2025-07-21T08:23:15.391+0000] {logging_mixin.py:188} INFO - [2025-07-21T08:23:15.390+0000] {dag.py:3036} INFO - Sync 1 DAGs
[2025-07-21T08:23:15.554+0000] {logging_mixin.py:188} INFO - [2025-07-21T08:23:15.553+0000] {dag.py:3823} INFO - Setting next_dagrun for example_sla_dag to 2025-07-21 08:20:00+00:00, run_after=2025-07-21 08:22:00+00:00
[2025-07-21T08:23:15.657+0000] {processor.py:183} INFO - Processing /home/airflow/.local/lib/python3.8/site-packages/airflow/example_dags/example_sla_dag.py took 0.569 seconds
[2025-07-21T08:23:49.494+0000] {processor.py:161} INFO - Started process (PID=757) to work on /home/airflow/.local/lib/python3.8/site-packages/airflow/example_dags/example_sla_dag.py
[2025-07-21T08:23:49.649+0000] {processor.py:830} INFO - Processing file /home/airflow/.local/lib/python3.8/site-packages/airflow/example_dags/example_sla_dag.py for tasks to queue
[2025-07-21T08:23:49.653+0000] {logging_mixin.py:188} INFO - [2025-07-21T08:23:49.653+0000] {dagbag.py:538} INFO - Filling up the DagBag from /home/airflow/.local/lib/python3.8/site-packages/airflow/example_dags/example_sla_dag.py
[2025-07-21T08:23:49.701+0000] {processor.py:840} INFO - DAG(s) 'example_sla_dag' retrieved from /home/airflow/.local/lib/python3.8/site-packages/airflow/example_dags/example_sla_dag.py
[2025-07-21T08:23:49.792+0000] {logging_mixin.py:188} INFO - [2025-07-21T08:23:49.791+0000] {dag.py:3036} INFO - Sync 1 DAGs
[2025-07-21T08:23:49.949+0000] {logging_mixin.py:188} INFO - [2025-07-21T08:23:49.949+0000] {dag.py:3823} INFO - Setting next_dagrun for example_sla_dag to 2025-07-21 08:20:00+00:00, run_after=2025-07-21 08:22:00+00:00
[2025-07-21T08:23:50.138+0000] {processor.py:183} INFO - Processing /home/airflow/.local/lib/python3.8/site-packages/airflow/example_dags/example_sla_dag.py took 0.662 seconds
[2025-07-21T08:24:35.357+0000] {processor.py:161} INFO - Started process (PID=826) to work on /home/airflow/.local/lib/python3.8/site-packages/airflow/example_dags/example_sla_dag.py
[2025-07-21T08:24:35.372+0000] {processor.py:830} INFO - Processing file /home/airflow/.local/lib/python3.8/site-packages/airflow/example_dags/example_sla_dag.py for tasks to queue
[2025-07-21T08:24:35.385+0000] {logging_mixin.py:188} INFO - [2025-07-21T08:24:35.385+0000] {dagbag.py:538} INFO - Filling up the DagBag from /home/airflow/.local/lib/python3.8/site-packages/airflow/example_dags/example_sla_dag.py
[2025-07-21T08:24:35.550+0000] {processor.py:840} INFO - DAG(s) 'example_sla_dag' retrieved from /home/airflow/.local/lib/python3.8/site-packages/airflow/example_dags/example_sla_dag.py
[2025-07-21T08:24:35.779+0000] {logging_mixin.py:188} INFO - [2025-07-21T08:24:35.766+0000] {dag.py:3036} INFO - Sync 1 DAGs
[2025-07-21T08:24:36.129+0000] {logging_mixin.py:188} INFO - [2025-07-21T08:24:36.128+0000] {dag.py:3823} INFO - Setting next_dagrun for example_sla_dag to 2025-07-21 08:22:00+00:00, run_after=2025-07-21 08:24:00+00:00
[2025-07-21T08:24:36.407+0000] {processor.py:183} INFO - Processing /home/airflow/.local/lib/python3.8/site-packages/airflow/example_dags/example_sla_dag.py took 1.058 seconds
[2025-07-21T08:25:08.457+0000] {processor.py:161} INFO - Started process (PID=881) to work on /home/airflow/.local/lib/python3.8/site-packages/airflow/example_dags/example_sla_dag.py
[2025-07-21T08:25:08.466+0000] {processor.py:830} INFO - Processing file /home/airflow/.local/lib/python3.8/site-packages/airflow/example_dags/example_sla_dag.py for tasks to queue
[2025-07-21T08:25:08.472+0000] {logging_mixin.py:188} INFO - [2025-07-21T08:25:08.471+0000] {dagbag.py:538} INFO - Filling up the DagBag from /home/airflow/.local/lib/python3.8/site-packages/airflow/example_dags/example_sla_dag.py
[2025-07-21T08:25:08.522+0000] {processor.py:840} INFO - DAG(s) 'example_sla_dag' retrieved from /home/airflow/.local/lib/python3.8/site-packages/airflow/example_dags/example_sla_dag.py
[2025-07-21T08:25:08.574+0000] {logging_mixin.py:188} INFO - [2025-07-21T08:25:08.574+0000] {dag.py:3036} INFO - Sync 1 DAGs
[2025-07-21T08:25:08.662+0000] {logging_mixin.py:188} INFO - [2025-07-21T08:25:08.661+0000] {dag.py:3823} INFO - Setting next_dagrun for example_sla_dag to 2025-07-21 08:22:00+00:00, run_after=2025-07-21 08:24:00+00:00
[2025-07-21T08:25:08.752+0000] {processor.py:183} INFO - Processing /home/airflow/.local/lib/python3.8/site-packages/airflow/example_dags/example_sla_dag.py took 0.302 seconds
[2025-07-21T08:25:40.270+0000] {processor.py:161} INFO - Started process (PID=937) to work on /home/airflow/.local/lib/python3.8/site-packages/airflow/example_dags/example_sla_dag.py
[2025-07-21T08:25:40.397+0000] {processor.py:830} INFO - Processing file /home/airflow/.local/lib/python3.8/site-packages/airflow/example_dags/example_sla_dag.py for tasks to queue
[2025-07-21T08:25:40.432+0000] {logging_mixin.py:188} INFO - [2025-07-21T08:25:40.432+0000] {dagbag.py:538} INFO - Filling up the DagBag from /home/airflow/.local/lib/python3.8/site-packages/airflow/example_dags/example_sla_dag.py
[2025-07-21T08:25:40.533+0000] {processor.py:840} INFO - DAG(s) 'example_sla_dag' retrieved from /home/airflow/.local/lib/python3.8/site-packages/airflow/example_dags/example_sla_dag.py
[2025-07-21T08:25:40.622+0000] {logging_mixin.py:188} INFO - [2025-07-21T08:25:40.622+0000] {dag.py:3036} INFO - Sync 1 DAGs
[2025-07-21T08:25:40.764+0000] {logging_mixin.py:188} INFO - [2025-07-21T08:25:40.764+0000] {dag.py:3823} INFO - Setting next_dagrun for example_sla_dag to 2025-07-21 08:22:00+00:00, run_after=2025-07-21 08:24:00+00:00
[2025-07-21T08:25:40.944+0000] {processor.py:183} INFO - Processing /home/airflow/.local/lib/python3.8/site-packages/airflow/example_dags/example_sla_dag.py took 0.720 seconds
[2025-07-21T08:26:11.581+0000] {processor.py:161} INFO - Started process (PID=992) to work on /home/airflow/.local/lib/python3.8/site-packages/airflow/example_dags/example_sla_dag.py
[2025-07-21T08:26:11.585+0000] {processor.py:830} INFO - Processing file /home/airflow/.local/lib/python3.8/site-packages/airflow/example_dags/example_sla_dag.py for tasks to queue
[2025-07-21T08:26:11.617+0000] {logging_mixin.py:188} INFO - [2025-07-21T08:26:11.604+0000] {dagbag.py:538} INFO - Filling up the DagBag from /home/airflow/.local/lib/python3.8/site-packages/airflow/example_dags/example_sla_dag.py
[2025-07-21T08:26:11.706+0000] {processor.py:840} INFO - DAG(s) 'example_sla_dag' retrieved from /home/airflow/.local/lib/python3.8/site-packages/airflow/example_dags/example_sla_dag.py
[2025-07-21T08:26:11.835+0000] {logging_mixin.py:188} INFO - [2025-07-21T08:26:11.834+0000] {dag.py:3036} INFO - Sync 1 DAGs
[2025-07-21T08:26:12.065+0000] {logging_mixin.py:188} INFO - [2025-07-21T08:26:12.065+0000] {dag.py:3823} INFO - Setting next_dagrun for example_sla_dag to 2025-07-21 08:24:00+00:00, run_after=2025-07-21 08:26:00+00:00
[2025-07-21T08:26:12.233+0000] {processor.py:183} INFO - Processing /home/airflow/.local/lib/python3.8/site-packages/airflow/example_dags/example_sla_dag.py took 0.674 seconds
[2025-07-21T08:26:49.533+0000] {processor.py:161} INFO - Started process (PID=1049) to work on /home/airflow/.local/lib/python3.8/site-packages/airflow/example_dags/example_sla_dag.py
[2025-07-21T08:26:49.535+0000] {processor.py:830} INFO - Processing file /home/airflow/.local/lib/python3.8/site-packages/airflow/example_dags/example_sla_dag.py for tasks to queue
[2025-07-21T08:26:49.550+0000] {logging_mixin.py:188} INFO - [2025-07-21T08:26:49.549+0000] {dagbag.py:538} INFO - Filling up the DagBag from /home/airflow/.local/lib/python3.8/site-packages/airflow/example_dags/example_sla_dag.py
[2025-07-21T08:26:49.600+0000] {processor.py:840} INFO - DAG(s) 'example_sla_dag' retrieved from /home/airflow/.local/lib/python3.8/site-packages/airflow/example_dags/example_sla_dag.py
[2025-07-21T08:26:49.712+0000] {logging_mixin.py:188} INFO - [2025-07-21T08:26:49.712+0000] {dag.py:3036} INFO - Sync 1 DAGs
[2025-07-21T08:26:50.005+0000] {logging_mixin.py:188} INFO - [2025-07-21T08:26:50.005+0000] {dag.py:3823} INFO - Setting next_dagrun for example_sla_dag to 2025-07-21 08:24:00+00:00, run_after=2025-07-21 08:26:00+00:00
[2025-07-21T08:26:50.156+0000] {processor.py:183} INFO - Processing /home/airflow/.local/lib/python3.8/site-packages/airflow/example_dags/example_sla_dag.py took 0.647 seconds
[2025-07-21T08:27:20.417+0000] {processor.py:161} INFO - Started process (PID=1103) to work on /home/airflow/.local/lib/python3.8/site-packages/airflow/example_dags/example_sla_dag.py
[2025-07-21T08:27:20.431+0000] {processor.py:830} INFO - Processing file /home/airflow/.local/lib/python3.8/site-packages/airflow/example_dags/example_sla_dag.py for tasks to queue
[2025-07-21T08:27:20.436+0000] {logging_mixin.py:188} INFO - [2025-07-21T08:27:20.435+0000] {dagbag.py:538} INFO - Filling up the DagBag from /home/airflow/.local/lib/python3.8/site-packages/airflow/example_dags/example_sla_dag.py
[2025-07-21T08:27:20.519+0000] {processor.py:840} INFO - DAG(s) 'example_sla_dag' retrieved from /home/airflow/.local/lib/python3.8/site-packages/airflow/example_dags/example_sla_dag.py
[2025-07-21T08:27:20.664+0000] {logging_mixin.py:188} INFO - [2025-07-21T08:27:20.664+0000] {dag.py:3036} INFO - Sync 1 DAGs
[2025-07-21T08:27:20.763+0000] {logging_mixin.py:188} INFO - [2025-07-21T08:27:20.762+0000] {dag.py:3823} INFO - Setting next_dagrun for example_sla_dag to 2025-07-21 08:24:00+00:00, run_after=2025-07-21 08:26:00+00:00
[2025-07-21T08:27:20.839+0000] {processor.py:183} INFO - Processing /home/airflow/.local/lib/python3.8/site-packages/airflow/example_dags/example_sla_dag.py took 0.436 seconds
[2025-07-21T08:27:51.000+0000] {processor.py:161} INFO - Started process (PID=1158) to work on /home/airflow/.local/lib/python3.8/site-packages/airflow/example_dags/example_sla_dag.py
[2025-07-21T08:27:51.012+0000] {processor.py:830} INFO - Processing file /home/airflow/.local/lib/python3.8/site-packages/airflow/example_dags/example_sla_dag.py for tasks to queue
[2025-07-21T08:27:51.019+0000] {logging_mixin.py:188} INFO - [2025-07-21T08:27:51.018+0000] {dagbag.py:538} INFO - Filling up the DagBag from /home/airflow/.local/lib/python3.8/site-packages/airflow/example_dags/example_sla_dag.py
[2025-07-21T08:27:51.048+0000] {processor.py:840} INFO - DAG(s) 'example_sla_dag' retrieved from /home/airflow/.local/lib/python3.8/site-packages/airflow/example_dags/example_sla_dag.py
[2025-07-21T08:27:51.093+0000] {logging_mixin.py:188} INFO - [2025-07-21T08:27:51.092+0000] {dag.py:3036} INFO - Sync 1 DAGs
[2025-07-21T08:27:51.159+0000] {logging_mixin.py:188} INFO - [2025-07-21T08:27:51.158+0000] {dag.py:3823} INFO - Setting next_dagrun for example_sla_dag to 2025-07-21 08:24:00+00:00, run_after=2025-07-21 08:26:00+00:00
[2025-07-21T08:27:51.226+0000] {processor.py:183} INFO - Processing /home/airflow/.local/lib/python3.8/site-packages/airflow/example_dags/example_sla_dag.py took 0.236 seconds
[2025-07-21T08:28:21.608+0000] {processor.py:161} INFO - Started process (PID=1213) to work on /home/airflow/.local/lib/python3.8/site-packages/airflow/example_dags/example_sla_dag.py
[2025-07-21T08:28:21.620+0000] {processor.py:830} INFO - Processing file /home/airflow/.local/lib/python3.8/site-packages/airflow/example_dags/example_sla_dag.py for tasks to queue
[2025-07-21T08:28:21.630+0000] {logging_mixin.py:188} INFO - [2025-07-21T08:28:21.629+0000] {dagbag.py:538} INFO - Filling up the DagBag from /home/airflow/.local/lib/python3.8/site-packages/airflow/example_dags/example_sla_dag.py
[2025-07-21T08:28:21.647+0000] {processor.py:840} INFO - DAG(s) 'example_sla_dag' retrieved from /home/airflow/.local/lib/python3.8/site-packages/airflow/example_dags/example_sla_dag.py
[2025-07-21T08:28:21.682+0000] {logging_mixin.py:188} INFO - [2025-07-21T08:28:21.682+0000] {dag.py:3036} INFO - Sync 1 DAGs
[2025-07-21T08:28:21.759+0000] {logging_mixin.py:188} INFO - [2025-07-21T08:28:21.759+0000] {dag.py:3823} INFO - Setting next_dagrun for example_sla_dag to 2025-07-21 08:26:00+00:00, run_after=2025-07-21 08:28:00+00:00
[2025-07-21T08:28:21.793+0000] {processor.py:183} INFO - Processing /home/airflow/.local/lib/python3.8/site-packages/airflow/example_dags/example_sla_dag.py took 0.198 seconds
[2025-07-21T08:28:52.441+0000] {processor.py:161} INFO - Started process (PID=1268) to work on /home/airflow/.local/lib/python3.8/site-packages/airflow/example_dags/example_sla_dag.py
[2025-07-21T08:28:52.447+0000] {processor.py:830} INFO - Processing file /home/airflow/.local/lib/python3.8/site-packages/airflow/example_dags/example_sla_dag.py for tasks to queue
[2025-07-21T08:28:52.452+0000] {logging_mixin.py:188} INFO - [2025-07-21T08:28:52.451+0000] {dagbag.py:538} INFO - Filling up the DagBag from /home/airflow/.local/lib/python3.8/site-packages/airflow/example_dags/example_sla_dag.py
[2025-07-21T08:28:52.470+0000] {processor.py:840} INFO - DAG(s) 'example_sla_dag' retrieved from /home/airflow/.local/lib/python3.8/site-packages/airflow/example_dags/example_sla_dag.py
[2025-07-21T08:28:52.525+0000] {logging_mixin.py:188} INFO - [2025-07-21T08:28:52.525+0000] {dag.py:3036} INFO - Sync 1 DAGs
[2025-07-21T08:28:52.574+0000] {logging_mixin.py:188} INFO - [2025-07-21T08:28:52.574+0000] {dag.py:3823} INFO - Setting next_dagrun for example_sla_dag to 2025-07-21 08:26:00+00:00, run_after=2025-07-21 08:28:00+00:00
[2025-07-21T08:28:52.606+0000] {processor.py:183} INFO - Processing /home/airflow/.local/lib/python3.8/site-packages/airflow/example_dags/example_sla_dag.py took 0.172 seconds
[2025-07-21T08:29:23.085+0000] {processor.py:161} INFO - Started process (PID=1323) to work on /home/airflow/.local/lib/python3.8/site-packages/airflow/example_dags/example_sla_dag.py
[2025-07-21T08:29:23.109+0000] {processor.py:830} INFO - Processing file /home/airflow/.local/lib/python3.8/site-packages/airflow/example_dags/example_sla_dag.py for tasks to queue
[2025-07-21T08:29:23.116+0000] {logging_mixin.py:188} INFO - [2025-07-21T08:29:23.116+0000] {dagbag.py:538} INFO - Filling up the DagBag from /home/airflow/.local/lib/python3.8/site-packages/airflow/example_dags/example_sla_dag.py
[2025-07-21T08:29:23.177+0000] {processor.py:840} INFO - DAG(s) 'example_sla_dag' retrieved from /home/airflow/.local/lib/python3.8/site-packages/airflow/example_dags/example_sla_dag.py
[2025-07-21T08:29:23.244+0000] {logging_mixin.py:188} INFO - [2025-07-21T08:29:23.244+0000] {dag.py:3036} INFO - Sync 1 DAGs
[2025-07-21T08:29:23.307+0000] {logging_mixin.py:188} INFO - [2025-07-21T08:29:23.305+0000] {dag.py:3823} INFO - Setting next_dagrun for example_sla_dag to 2025-07-21 08:26:00+00:00, run_after=2025-07-21 08:28:00+00:00
[2025-07-21T08:29:23.345+0000] {processor.py:183} INFO - Processing /home/airflow/.local/lib/python3.8/site-packages/airflow/example_dags/example_sla_dag.py took 0.267 seconds
[2025-07-21T08:29:53.692+0000] {processor.py:161} INFO - Started process (PID=1379) to work on /home/airflow/.local/lib/python3.8/site-packages/airflow/example_dags/example_sla_dag.py
[2025-07-21T08:29:53.719+0000] {processor.py:830} INFO - Processing file /home/airflow/.local/lib/python3.8/site-packages/airflow/example_dags/example_sla_dag.py for tasks to queue
[2025-07-21T08:29:53.724+0000] {logging_mixin.py:188} INFO - [2025-07-21T08:29:53.724+0000] {dagbag.py:538} INFO - Filling up the DagBag from /home/airflow/.local/lib/python3.8/site-packages/airflow/example_dags/example_sla_dag.py
[2025-07-21T08:29:53.755+0000] {processor.py:840} INFO - DAG(s) 'example_sla_dag' retrieved from /home/airflow/.local/lib/python3.8/site-packages/airflow/example_dags/example_sla_dag.py
[2025-07-21T08:29:53.822+0000] {logging_mixin.py:188} INFO - [2025-07-21T08:29:53.821+0000] {dag.py:3036} INFO - Sync 1 DAGs
[2025-07-21T08:29:53.910+0000] {logging_mixin.py:188} INFO - [2025-07-21T08:29:53.910+0000] {dag.py:3823} INFO - Setting next_dagrun for example_sla_dag to 2025-07-21 08:26:00+00:00, run_after=2025-07-21 08:28:00+00:00
[2025-07-21T08:29:53.946+0000] {processor.py:183} INFO - Processing /home/airflow/.local/lib/python3.8/site-packages/airflow/example_dags/example_sla_dag.py took 0.287 seconds
[2025-07-21T08:30:25.274+0000] {processor.py:161} INFO - Started process (PID=1434) to work on /home/airflow/.local/lib/python3.8/site-packages/airflow/example_dags/example_sla_dag.py
[2025-07-21T08:30:25.283+0000] {processor.py:830} INFO - Processing file /home/airflow/.local/lib/python3.8/site-packages/airflow/example_dags/example_sla_dag.py for tasks to queue
[2025-07-21T08:30:25.287+0000] {logging_mixin.py:188} INFO - [2025-07-21T08:30:25.287+0000] {dagbag.py:538} INFO - Filling up the DagBag from /home/airflow/.local/lib/python3.8/site-packages/airflow/example_dags/example_sla_dag.py
[2025-07-21T08:30:25.314+0000] {processor.py:840} INFO - DAG(s) 'example_sla_dag' retrieved from /home/airflow/.local/lib/python3.8/site-packages/airflow/example_dags/example_sla_dag.py
[2025-07-21T08:30:25.372+0000] {logging_mixin.py:188} INFO - [2025-07-21T08:30:25.372+0000] {dag.py:3036} INFO - Sync 1 DAGs
[2025-07-21T08:30:25.475+0000] {logging_mixin.py:188} INFO - [2025-07-21T08:30:25.475+0000] {dag.py:3823} INFO - Setting next_dagrun for example_sla_dag to 2025-07-21 08:28:00+00:00, run_after=2025-07-21 08:30:00+00:00
[2025-07-21T08:30:25.597+0000] {processor.py:183} INFO - Processing /home/airflow/.local/lib/python3.8/site-packages/airflow/example_dags/example_sla_dag.py took 0.330 seconds
[2025-07-21T08:31:05.351+0000] {processor.py:161} INFO - Started process (PID=1500) to work on /home/airflow/.local/lib/python3.8/site-packages/airflow/example_dags/example_sla_dag.py
[2025-07-21T08:31:05.354+0000] {processor.py:830} INFO - Processing file /home/airflow/.local/lib/python3.8/site-packages/airflow/example_dags/example_sla_dag.py for tasks to queue
[2025-07-21T08:31:05.368+0000] {logging_mixin.py:188} INFO - [2025-07-21T08:31:05.367+0000] {dagbag.py:538} INFO - Filling up the DagBag from /home/airflow/.local/lib/python3.8/site-packages/airflow/example_dags/example_sla_dag.py
[2025-07-21T08:31:05.398+0000] {processor.py:840} INFO - DAG(s) 'example_sla_dag' retrieved from /home/airflow/.local/lib/python3.8/site-packages/airflow/example_dags/example_sla_dag.py
[2025-07-21T08:31:05.479+0000] {logging_mixin.py:188} INFO - [2025-07-21T08:31:05.479+0000] {dag.py:3036} INFO - Sync 1 DAGs
[2025-07-21T08:31:05.586+0000] {logging_mixin.py:188} INFO - [2025-07-21T08:31:05.585+0000] {dag.py:3823} INFO - Setting next_dagrun for example_sla_dag to 2025-07-21 08:28:00+00:00, run_after=2025-07-21 08:30:00+00:00
[2025-07-21T08:31:05.718+0000] {processor.py:183} INFO - Processing /home/airflow/.local/lib/python3.8/site-packages/airflow/example_dags/example_sla_dag.py took 0.395 seconds
[2025-07-21T08:31:37.313+0000] {processor.py:161} INFO - Started process (PID=1556) to work on /home/airflow/.local/lib/python3.8/site-packages/airflow/example_dags/example_sla_dag.py
[2025-07-21T08:31:37.352+0000] {processor.py:830} INFO - Processing file /home/airflow/.local/lib/python3.8/site-packages/airflow/example_dags/example_sla_dag.py for tasks to queue
[2025-07-21T08:31:37.380+0000] {logging_mixin.py:188} INFO - [2025-07-21T08:31:37.379+0000] {dagbag.py:538} INFO - Filling up the DagBag from /home/airflow/.local/lib/python3.8/site-packages/airflow/example_dags/example_sla_dag.py
[2025-07-21T08:31:37.461+0000] {processor.py:840} INFO - DAG(s) 'example_sla_dag' retrieved from /home/airflow/.local/lib/python3.8/site-packages/airflow/example_dags/example_sla_dag.py
[2025-07-21T08:31:37.532+0000] {logging_mixin.py:188} INFO - [2025-07-21T08:31:37.531+0000] {dag.py:3036} INFO - Sync 1 DAGs
[2025-07-21T08:31:37.631+0000] {logging_mixin.py:188} INFO - [2025-07-21T08:31:37.620+0000] {dag.py:3823} INFO - Setting next_dagrun for example_sla_dag to 2025-07-21 08:28:00+00:00, run_after=2025-07-21 08:30:00+00:00
[2025-07-21T08:31:37.674+0000] {processor.py:183} INFO - Processing /home/airflow/.local/lib/python3.8/site-packages/airflow/example_dags/example_sla_dag.py took 0.381 seconds
[2025-07-21T08:32:09.951+0000] {processor.py:161} INFO - Started process (PID=1611) to work on /home/airflow/.local/lib/python3.8/site-packages/airflow/example_dags/example_sla_dag.py
[2025-07-21T08:32:09.953+0000] {processor.py:830} INFO - Processing file /home/airflow/.local/lib/python3.8/site-packages/airflow/example_dags/example_sla_dag.py for tasks to queue
[2025-07-21T08:32:10.010+0000] {logging_mixin.py:188} INFO - [2025-07-21T08:32:09.957+0000] {dagbag.py:538} INFO - Filling up the DagBag from /home/airflow/.local/lib/python3.8/site-packages/airflow/example_dags/example_sla_dag.py
[2025-07-21T08:32:10.236+0000] {processor.py:840} INFO - DAG(s) 'example_sla_dag' retrieved from /home/airflow/.local/lib/python3.8/site-packages/airflow/example_dags/example_sla_dag.py
[2025-07-21T08:32:10.435+0000] {logging_mixin.py:188} INFO - [2025-07-21T08:32:10.435+0000] {dag.py:3036} INFO - Sync 1 DAGs
[2025-07-21T08:32:10.632+0000] {logging_mixin.py:188} INFO - [2025-07-21T08:32:10.632+0000] {dag.py:3823} INFO - Setting next_dagrun for example_sla_dag to 2025-07-21 08:30:00+00:00, run_after=2025-07-21 08:32:00+00:00
[2025-07-21T08:32:10.827+0000] {processor.py:183} INFO - Processing /home/airflow/.local/lib/python3.8/site-packages/airflow/example_dags/example_sla_dag.py took 0.920 seconds
[2025-07-21T08:32:43.195+0000] {processor.py:161} INFO - Started process (PID=1666) to work on /home/airflow/.local/lib/python3.8/site-packages/airflow/example_dags/example_sla_dag.py
[2025-07-21T08:32:43.212+0000] {processor.py:830} INFO - Processing file /home/airflow/.local/lib/python3.8/site-packages/airflow/example_dags/example_sla_dag.py for tasks to queue
[2025-07-21T08:32:43.249+0000] {logging_mixin.py:188} INFO - [2025-07-21T08:32:43.249+0000] {dagbag.py:538} INFO - Filling up the DagBag from /home/airflow/.local/lib/python3.8/site-packages/airflow/example_dags/example_sla_dag.py
[2025-07-21T08:32:43.404+0000] {processor.py:840} INFO - DAG(s) 'example_sla_dag' retrieved from /home/airflow/.local/lib/python3.8/site-packages/airflow/example_dags/example_sla_dag.py
[2025-07-21T08:32:43.811+0000] {logging_mixin.py:188} INFO - [2025-07-21T08:32:43.811+0000] {dag.py:3036} INFO - Sync 1 DAGs
[2025-07-21T08:32:44.208+0000] {logging_mixin.py:188} INFO - [2025-07-21T08:32:44.208+0000] {dag.py:3823} INFO - Setting next_dagrun for example_sla_dag to 2025-07-21 08:30:00+00:00, run_after=2025-07-21 08:32:00+00:00
[2025-07-21T08:32:44.717+0000] {processor.py:183} INFO - Processing /home/airflow/.local/lib/python3.8/site-packages/airflow/example_dags/example_sla_dag.py took 1.586 seconds
[2025-07-21T08:33:14.974+0000] {processor.py:161} INFO - Started process (PID=1721) to work on /home/airflow/.local/lib/python3.8/site-packages/airflow/example_dags/example_sla_dag.py
[2025-07-21T08:33:14.982+0000] {processor.py:830} INFO - Processing file /home/airflow/.local/lib/python3.8/site-packages/airflow/example_dags/example_sla_dag.py for tasks to queue
[2025-07-21T08:33:14.989+0000] {logging_mixin.py:188} INFO - [2025-07-21T08:33:14.989+0000] {dagbag.py:538} INFO - Filling up the DagBag from /home/airflow/.local/lib/python3.8/site-packages/airflow/example_dags/example_sla_dag.py
[2025-07-21T08:33:15.079+0000] {processor.py:840} INFO - DAG(s) 'example_sla_dag' retrieved from /home/airflow/.local/lib/python3.8/site-packages/airflow/example_dags/example_sla_dag.py
[2025-07-21T08:33:15.327+0000] {logging_mixin.py:188} INFO - [2025-07-21T08:33:15.326+0000] {dag.py:3036} INFO - Sync 1 DAGs
[2025-07-21T08:33:15.528+0000] {logging_mixin.py:188} INFO - [2025-07-21T08:33:15.527+0000] {dag.py:3823} INFO - Setting next_dagrun for example_sla_dag to 2025-07-21 08:30:00+00:00, run_after=2025-07-21 08:32:00+00:00
[2025-07-21T08:33:15.582+0000] {processor.py:183} INFO - Processing /home/airflow/.local/lib/python3.8/site-packages/airflow/example_dags/example_sla_dag.py took 0.629 seconds
[2025-07-21T08:33:46.253+0000] {processor.py:161} INFO - Started process (PID=1776) to work on /home/airflow/.local/lib/python3.8/site-packages/airflow/example_dags/example_sla_dag.py
[2025-07-21T08:33:46.256+0000] {processor.py:830} INFO - Processing file /home/airflow/.local/lib/python3.8/site-packages/airflow/example_dags/example_sla_dag.py for tasks to queue
[2025-07-21T08:33:46.262+0000] {logging_mixin.py:188} INFO - [2025-07-21T08:33:46.261+0000] {dagbag.py:538} INFO - Filling up the DagBag from /home/airflow/.local/lib/python3.8/site-packages/airflow/example_dags/example_sla_dag.py
[2025-07-21T08:33:46.288+0000] {processor.py:840} INFO - DAG(s) 'example_sla_dag' retrieved from /home/airflow/.local/lib/python3.8/site-packages/airflow/example_dags/example_sla_dag.py
[2025-07-21T08:33:46.335+0000] {logging_mixin.py:188} INFO - [2025-07-21T08:33:46.335+0000] {dag.py:3036} INFO - Sync 1 DAGs
[2025-07-21T08:33:46.395+0000] {logging_mixin.py:188} INFO - [2025-07-21T08:33:46.395+0000] {dag.py:3823} INFO - Setting next_dagrun for example_sla_dag to 2025-07-21 08:30:00+00:00, run_after=2025-07-21 08:32:00+00:00
[2025-07-21T08:33:46.437+0000] {processor.py:183} INFO - Processing /home/airflow/.local/lib/python3.8/site-packages/airflow/example_dags/example_sla_dag.py took 0.199 seconds
[2025-07-21T08:34:16.840+0000] {processor.py:161} INFO - Started process (PID=1831) to work on /home/airflow/.local/lib/python3.8/site-packages/airflow/example_dags/example_sla_dag.py
[2025-07-21T08:34:16.855+0000] {processor.py:830} INFO - Processing file /home/airflow/.local/lib/python3.8/site-packages/airflow/example_dags/example_sla_dag.py for tasks to queue
[2025-07-21T08:34:16.873+0000] {logging_mixin.py:188} INFO - [2025-07-21T08:34:16.872+0000] {dagbag.py:538} INFO - Filling up the DagBag from /home/airflow/.local/lib/python3.8/site-packages/airflow/example_dags/example_sla_dag.py
[2025-07-21T08:34:16.918+0000] {processor.py:840} INFO - DAG(s) 'example_sla_dag' retrieved from /home/airflow/.local/lib/python3.8/site-packages/airflow/example_dags/example_sla_dag.py
[2025-07-21T08:34:16.984+0000] {logging_mixin.py:188} INFO - [2025-07-21T08:34:16.984+0000] {dag.py:3036} INFO - Sync 1 DAGs
[2025-07-21T08:34:17.072+0000] {logging_mixin.py:188} INFO - [2025-07-21T08:34:17.071+0000] {dag.py:3823} INFO - Setting next_dagrun for example_sla_dag to 2025-07-21 08:32:00+00:00, run_after=2025-07-21 08:34:00+00:00
[2025-07-21T08:34:17.136+0000] {processor.py:183} INFO - Processing /home/airflow/.local/lib/python3.8/site-packages/airflow/example_dags/example_sla_dag.py took 0.336 seconds
[2025-07-21T08:34:47.641+0000] {processor.py:161} INFO - Started process (PID=1886) to work on /home/airflow/.local/lib/python3.8/site-packages/airflow/example_dags/example_sla_dag.py
[2025-07-21T08:34:48.000+0000] {processor.py:830} INFO - Processing file /home/airflow/.local/lib/python3.8/site-packages/airflow/example_dags/example_sla_dag.py for tasks to queue
[2025-07-21T08:34:48.230+0000] {logging_mixin.py:188} INFO - [2025-07-21T08:34:48.230+0000] {dagbag.py:538} INFO - Filling up the DagBag from /home/airflow/.local/lib/python3.8/site-packages/airflow/example_dags/example_sla_dag.py
[2025-07-21T08:34:48.321+0000] {processor.py:840} INFO - DAG(s) 'example_sla_dag' retrieved from /home/airflow/.local/lib/python3.8/site-packages/airflow/example_dags/example_sla_dag.py
[2025-07-21T08:34:48.818+0000] {logging_mixin.py:188} INFO - [2025-07-21T08:34:48.807+0000] {dag.py:3036} INFO - Sync 1 DAGs
[2025-07-21T08:34:49.044+0000] {logging_mixin.py:188} INFO - [2025-07-21T08:34:49.042+0000] {dag.py:3823} INFO - Setting next_dagrun for example_sla_dag to 2025-07-21 08:32:00+00:00, run_after=2025-07-21 08:34:00+00:00
[2025-07-21T08:34:49.192+0000] {processor.py:183} INFO - Processing /home/airflow/.local/lib/python3.8/site-packages/airflow/example_dags/example_sla_dag.py took 1.598 seconds
[2025-07-21T08:35:19.701+0000] {processor.py:161} INFO - Started process (PID=1941) to work on /home/airflow/.local/lib/python3.8/site-packages/airflow/example_dags/example_sla_dag.py
[2025-07-21T08:35:19.705+0000] {processor.py:830} INFO - Processing file /home/airflow/.local/lib/python3.8/site-packages/airflow/example_dags/example_sla_dag.py for tasks to queue
[2025-07-21T08:35:19.716+0000] {logging_mixin.py:188} INFO - [2025-07-21T08:35:19.716+0000] {dagbag.py:538} INFO - Filling up the DagBag from /home/airflow/.local/lib/python3.8/site-packages/airflow/example_dags/example_sla_dag.py
[2025-07-21T08:35:19.767+0000] {processor.py:840} INFO - DAG(s) 'example_sla_dag' retrieved from /home/airflow/.local/lib/python3.8/site-packages/airflow/example_dags/example_sla_dag.py
[2025-07-21T08:35:19.829+0000] {logging_mixin.py:188} INFO - [2025-07-21T08:35:19.829+0000] {dag.py:3036} INFO - Sync 1 DAGs
[2025-07-21T08:35:19.904+0000] {logging_mixin.py:188} INFO - [2025-07-21T08:35:19.904+0000] {dag.py:3823} INFO - Setting next_dagrun for example_sla_dag to 2025-07-21 08:32:00+00:00, run_after=2025-07-21 08:34:00+00:00
[2025-07-21T08:35:19.976+0000] {processor.py:183} INFO - Processing /home/airflow/.local/lib/python3.8/site-packages/airflow/example_dags/example_sla_dag.py took 0.291 seconds
[2025-07-21T08:35:50.370+0000] {processor.py:161} INFO - Started process (PID=1996) to work on /home/airflow/.local/lib/python3.8/site-packages/airflow/example_dags/example_sla_dag.py
[2025-07-21T08:35:50.399+0000] {processor.py:830} INFO - Processing file /home/airflow/.local/lib/python3.8/site-packages/airflow/example_dags/example_sla_dag.py for tasks to queue
[2025-07-21T08:35:50.419+0000] {logging_mixin.py:188} INFO - [2025-07-21T08:35:50.418+0000] {dagbag.py:538} INFO - Filling up the DagBag from /home/airflow/.local/lib/python3.8/site-packages/airflow/example_dags/example_sla_dag.py
[2025-07-21T08:35:50.509+0000] {processor.py:840} INFO - DAG(s) 'example_sla_dag' retrieved from /home/airflow/.local/lib/python3.8/site-packages/airflow/example_dags/example_sla_dag.py
[2025-07-21T08:35:50.660+0000] {logging_mixin.py:188} INFO - [2025-07-21T08:35:50.660+0000] {dag.py:3036} INFO - Sync 1 DAGs
[2025-07-21T08:35:50.866+0000] {logging_mixin.py:188} INFO - [2025-07-21T08:35:50.866+0000] {dag.py:3823} INFO - Setting next_dagrun for example_sla_dag to 2025-07-21 08:32:00+00:00, run_after=2025-07-21 08:34:00+00:00
[2025-07-21T08:35:50.954+0000] {processor.py:183} INFO - Processing /home/airflow/.local/lib/python3.8/site-packages/airflow/example_dags/example_sla_dag.py took 0.593 seconds
[2025-07-21T08:36:21.315+0000] {processor.py:161} INFO - Started process (PID=2051) to work on /home/airflow/.local/lib/python3.8/site-packages/airflow/example_dags/example_sla_dag.py
[2025-07-21T08:36:21.324+0000] {processor.py:830} INFO - Processing file /home/airflow/.local/lib/python3.8/site-packages/airflow/example_dags/example_sla_dag.py for tasks to queue
[2025-07-21T08:36:21.332+0000] {logging_mixin.py:188} INFO - [2025-07-21T08:36:21.331+0000] {dagbag.py:538} INFO - Filling up the DagBag from /home/airflow/.local/lib/python3.8/site-packages/airflow/example_dags/example_sla_dag.py
[2025-07-21T08:36:21.371+0000] {processor.py:840} INFO - DAG(s) 'example_sla_dag' retrieved from /home/airflow/.local/lib/python3.8/site-packages/airflow/example_dags/example_sla_dag.py
[2025-07-21T08:36:21.458+0000] {logging_mixin.py:188} INFO - [2025-07-21T08:36:21.458+0000] {dag.py:3036} INFO - Sync 1 DAGs
[2025-07-21T08:36:21.582+0000] {logging_mixin.py:188} INFO - [2025-07-21T08:36:21.581+0000] {dag.py:3823} INFO - Setting next_dagrun for example_sla_dag to 2025-07-21 08:34:00+00:00, run_after=2025-07-21 08:36:00+00:00
[2025-07-21T08:36:21.667+0000] {processor.py:183} INFO - Processing /home/airflow/.local/lib/python3.8/site-packages/airflow/example_dags/example_sla_dag.py took 0.368 seconds
[2025-07-21T08:36:52.068+0000] {processor.py:161} INFO - Started process (PID=2106) to work on /home/airflow/.local/lib/python3.8/site-packages/airflow/example_dags/example_sla_dag.py
[2025-07-21T08:36:52.075+0000] {processor.py:830} INFO - Processing file /home/airflow/.local/lib/python3.8/site-packages/airflow/example_dags/example_sla_dag.py for tasks to queue
[2025-07-21T08:36:52.081+0000] {logging_mixin.py:188} INFO - [2025-07-21T08:36:52.080+0000] {dagbag.py:538} INFO - Filling up the DagBag from /home/airflow/.local/lib/python3.8/site-packages/airflow/example_dags/example_sla_dag.py
[2025-07-21T08:36:52.111+0000] {processor.py:840} INFO - DAG(s) 'example_sla_dag' retrieved from /home/airflow/.local/lib/python3.8/site-packages/airflow/example_dags/example_sla_dag.py
[2025-07-21T08:36:52.170+0000] {logging_mixin.py:188} INFO - [2025-07-21T08:36:52.169+0000] {dag.py:3036} INFO - Sync 1 DAGs
[2025-07-21T08:36:52.280+0000] {logging_mixin.py:188} INFO - [2025-07-21T08:36:52.279+0000] {dag.py:3823} INFO - Setting next_dagrun for example_sla_dag to 2025-07-21 08:34:00+00:00, run_after=2025-07-21 08:36:00+00:00
[2025-07-21T08:36:52.349+0000] {processor.py:183} INFO - Processing /home/airflow/.local/lib/python3.8/site-packages/airflow/example_dags/example_sla_dag.py took 0.296 seconds
[2025-07-21T08:37:23.434+0000] {processor.py:161} INFO - Started process (PID=2159) to work on /home/airflow/.local/lib/python3.8/site-packages/airflow/example_dags/example_sla_dag.py
[2025-07-21T08:37:23.436+0000] {processor.py:830} INFO - Processing file /home/airflow/.local/lib/python3.8/site-packages/airflow/example_dags/example_sla_dag.py for tasks to queue
[2025-07-21T08:37:23.448+0000] {logging_mixin.py:188} INFO - [2025-07-21T08:37:23.447+0000] {dagbag.py:538} INFO - Filling up the DagBag from /home/airflow/.local/lib/python3.8/site-packages/airflow/example_dags/example_sla_dag.py
[2025-07-21T08:37:23.472+0000] {processor.py:840} INFO - DAG(s) 'example_sla_dag' retrieved from /home/airflow/.local/lib/python3.8/site-packages/airflow/example_dags/example_sla_dag.py
[2025-07-21T08:37:23.610+0000] {logging_mixin.py:188} INFO - [2025-07-21T08:37:23.609+0000] {dag.py:3036} INFO - Sync 1 DAGs
[2025-07-21T08:37:23.788+0000] {logging_mixin.py:188} INFO - [2025-07-21T08:37:23.787+0000] {dag.py:3823} INFO - Setting next_dagrun for example_sla_dag to 2025-07-21 08:34:00+00:00, run_after=2025-07-21 08:36:00+00:00
[2025-07-21T08:37:23.926+0000] {processor.py:183} INFO - Processing /home/airflow/.local/lib/python3.8/site-packages/airflow/example_dags/example_sla_dag.py took 0.507 seconds
[2025-07-21T08:37:56.424+0000] {processor.py:161} INFO - Started process (PID=2216) to work on /home/airflow/.local/lib/python3.8/site-packages/airflow/example_dags/example_sla_dag.py
[2025-07-21T08:37:56.429+0000] {processor.py:830} INFO - Processing file /home/airflow/.local/lib/python3.8/site-packages/airflow/example_dags/example_sla_dag.py for tasks to queue
[2025-07-21T08:37:56.434+0000] {logging_mixin.py:188} INFO - [2025-07-21T08:37:56.433+0000] {dagbag.py:538} INFO - Filling up the DagBag from /home/airflow/.local/lib/python3.8/site-packages/airflow/example_dags/example_sla_dag.py
[2025-07-21T08:37:56.459+0000] {processor.py:840} INFO - DAG(s) 'example_sla_dag' retrieved from /home/airflow/.local/lib/python3.8/site-packages/airflow/example_dags/example_sla_dag.py
[2025-07-21T08:37:56.495+0000] {logging_mixin.py:188} INFO - [2025-07-21T08:37:56.495+0000] {dag.py:3036} INFO - Sync 1 DAGs
[2025-07-21T08:37:56.567+0000] {logging_mixin.py:188} INFO - [2025-07-21T08:37:56.566+0000] {dag.py:3823} INFO - Setting next_dagrun for example_sla_dag to 2025-07-21 08:34:00+00:00, run_after=2025-07-21 08:36:00+00:00
[2025-07-21T08:37:56.600+0000] {processor.py:183} INFO - Processing /home/airflow/.local/lib/python3.8/site-packages/airflow/example_dags/example_sla_dag.py took 0.186 seconds
[2025-07-21T08:38:30.811+0000] {processor.py:161} INFO - Started process (PID=2277) to work on /home/airflow/.local/lib/python3.8/site-packages/airflow/example_dags/example_sla_dag.py
[2025-07-21T08:38:30.826+0000] {processor.py:830} INFO - Processing file /home/airflow/.local/lib/python3.8/site-packages/airflow/example_dags/example_sla_dag.py for tasks to queue
[2025-07-21T08:38:30.830+0000] {logging_mixin.py:188} INFO - [2025-07-21T08:38:30.829+0000] {dagbag.py:538} INFO - Filling up the DagBag from /home/airflow/.local/lib/python3.8/site-packages/airflow/example_dags/example_sla_dag.py
[2025-07-21T08:38:30.871+0000] {processor.py:840} INFO - DAG(s) 'example_sla_dag' retrieved from /home/airflow/.local/lib/python3.8/site-packages/airflow/example_dags/example_sla_dag.py
[2025-07-21T08:38:30.971+0000] {logging_mixin.py:188} INFO - [2025-07-21T08:38:30.970+0000] {dag.py:3036} INFO - Sync 1 DAGs
[2025-07-21T08:38:31.143+0000] {logging_mixin.py:188} INFO - [2025-07-21T08:38:31.143+0000] {dag.py:3823} INFO - Setting next_dagrun for example_sla_dag to 2025-07-21 08:36:00+00:00, run_after=2025-07-21 08:38:00+00:00
[2025-07-21T08:38:32.081+0000] {processor.py:183} INFO - Processing /home/airflow/.local/lib/python3.8/site-packages/airflow/example_dags/example_sla_dag.py took 1.285 seconds
[2025-07-21T08:39:02.432+0000] {processor.py:161} INFO - Started process (PID=2332) to work on /home/airflow/.local/lib/python3.8/site-packages/airflow/example_dags/example_sla_dag.py
[2025-07-21T08:39:02.435+0000] {processor.py:830} INFO - Processing file /home/airflow/.local/lib/python3.8/site-packages/airflow/example_dags/example_sla_dag.py for tasks to queue
[2025-07-21T08:39:02.440+0000] {logging_mixin.py:188} INFO - [2025-07-21T08:39:02.439+0000] {dagbag.py:538} INFO - Filling up the DagBag from /home/airflow/.local/lib/python3.8/site-packages/airflow/example_dags/example_sla_dag.py
[2025-07-21T08:39:02.458+0000] {processor.py:840} INFO - DAG(s) 'example_sla_dag' retrieved from /home/airflow/.local/lib/python3.8/site-packages/airflow/example_dags/example_sla_dag.py
[2025-07-21T08:39:02.499+0000] {logging_mixin.py:188} INFO - [2025-07-21T08:39:02.498+0000] {dag.py:3036} INFO - Sync 1 DAGs
[2025-07-21T08:39:02.552+0000] {logging_mixin.py:188} INFO - [2025-07-21T08:39:02.551+0000] {dag.py:3823} INFO - Setting next_dagrun for example_sla_dag to 2025-07-21 08:36:00+00:00, run_after=2025-07-21 08:38:00+00:00
[2025-07-21T08:39:02.616+0000] {processor.py:183} INFO - Processing /home/airflow/.local/lib/python3.8/site-packages/airflow/example_dags/example_sla_dag.py took 0.192 seconds
[2025-07-21T08:39:33.731+0000] {processor.py:161} INFO - Started process (PID=2388) to work on /home/airflow/.local/lib/python3.8/site-packages/airflow/example_dags/example_sla_dag.py
[2025-07-21T08:39:33.734+0000] {processor.py:830} INFO - Processing file /home/airflow/.local/lib/python3.8/site-packages/airflow/example_dags/example_sla_dag.py for tasks to queue
[2025-07-21T08:39:33.740+0000] {logging_mixin.py:188} INFO - [2025-07-21T08:39:33.739+0000] {dagbag.py:538} INFO - Filling up the DagBag from /home/airflow/.local/lib/python3.8/site-packages/airflow/example_dags/example_sla_dag.py
[2025-07-21T08:39:33.768+0000] {processor.py:840} INFO - DAG(s) 'example_sla_dag' retrieved from /home/airflow/.local/lib/python3.8/site-packages/airflow/example_dags/example_sla_dag.py
[2025-07-21T08:39:33.829+0000] {logging_mixin.py:188} INFO - [2025-07-21T08:39:33.828+0000] {dag.py:3036} INFO - Sync 1 DAGs
[2025-07-21T08:39:33.906+0000] {logging_mixin.py:188} INFO - [2025-07-21T08:39:33.906+0000] {dag.py:3823} INFO - Setting next_dagrun for example_sla_dag to 2025-07-21 08:36:00+00:00, run_after=2025-07-21 08:38:00+00:00
[2025-07-21T08:39:33.950+0000] {processor.py:183} INFO - Processing /home/airflow/.local/lib/python3.8/site-packages/airflow/example_dags/example_sla_dag.py took 0.231 seconds
[2025-07-21T08:40:04.540+0000] {processor.py:161} INFO - Started process (PID=2443) to work on /home/airflow/.local/lib/python3.8/site-packages/airflow/example_dags/example_sla_dag.py
[2025-07-21T08:40:04.542+0000] {processor.py:830} INFO - Processing file /home/airflow/.local/lib/python3.8/site-packages/airflow/example_dags/example_sla_dag.py for tasks to queue
[2025-07-21T08:40:04.565+0000] {logging_mixin.py:188} INFO - [2025-07-21T08:40:04.564+0000] {dagbag.py:538} INFO - Filling up the DagBag from /home/airflow/.local/lib/python3.8/site-packages/airflow/example_dags/example_sla_dag.py
[2025-07-21T08:40:04.591+0000] {processor.py:840} INFO - DAG(s) 'example_sla_dag' retrieved from /home/airflow/.local/lib/python3.8/site-packages/airflow/example_dags/example_sla_dag.py
[2025-07-21T08:40:04.634+0000] {logging_mixin.py:188} INFO - [2025-07-21T08:40:04.633+0000] {dag.py:3036} INFO - Sync 1 DAGs
[2025-07-21T08:40:04.721+0000] {logging_mixin.py:188} INFO - [2025-07-21T08:40:04.721+0000] {dag.py:3823} INFO - Setting next_dagrun for example_sla_dag to 2025-07-21 08:38:00+00:00, run_after=2025-07-21 08:40:00+00:00
[2025-07-21T08:40:04.831+0000] {processor.py:183} INFO - Processing /home/airflow/.local/lib/python3.8/site-packages/airflow/example_dags/example_sla_dag.py took 0.301 seconds
[2025-07-21T08:40:35.293+0000] {processor.py:161} INFO - Started process (PID=2497) to work on /home/airflow/.local/lib/python3.8/site-packages/airflow/example_dags/example_sla_dag.py
[2025-07-21T08:40:35.296+0000] {processor.py:830} INFO - Processing file /home/airflow/.local/lib/python3.8/site-packages/airflow/example_dags/example_sla_dag.py for tasks to queue
[2025-07-21T08:40:35.301+0000] {logging_mixin.py:188} INFO - [2025-07-21T08:40:35.300+0000] {dagbag.py:538} INFO - Filling up the DagBag from /home/airflow/.local/lib/python3.8/site-packages/airflow/example_dags/example_sla_dag.py
[2025-07-21T08:40:35.333+0000] {processor.py:840} INFO - DAG(s) 'example_sla_dag' retrieved from /home/airflow/.local/lib/python3.8/site-packages/airflow/example_dags/example_sla_dag.py
[2025-07-21T08:40:35.777+0000] {logging_mixin.py:188} INFO - [2025-07-21T08:40:35.777+0000] {dag.py:3036} INFO - Sync 1 DAGs
[2025-07-21T08:40:35.843+0000] {logging_mixin.py:188} INFO - [2025-07-21T08:40:35.843+0000] {dag.py:3823} INFO - Setting next_dagrun for example_sla_dag to 2025-07-21 08:38:00+00:00, run_after=2025-07-21 08:40:00+00:00
[2025-07-21T08:40:35.883+0000] {processor.py:183} INFO - Processing /home/airflow/.local/lib/python3.8/site-packages/airflow/example_dags/example_sla_dag.py took 0.601 seconds
[2025-07-21T08:41:06.368+0000] {processor.py:161} INFO - Started process (PID=2552) to work on /home/airflow/.local/lib/python3.8/site-packages/airflow/example_dags/example_sla_dag.py
[2025-07-21T08:41:06.370+0000] {processor.py:830} INFO - Processing file /home/airflow/.local/lib/python3.8/site-packages/airflow/example_dags/example_sla_dag.py for tasks to queue
[2025-07-21T08:41:06.375+0000] {logging_mixin.py:188} INFO - [2025-07-21T08:41:06.374+0000] {dagbag.py:538} INFO - Filling up the DagBag from /home/airflow/.local/lib/python3.8/site-packages/airflow/example_dags/example_sla_dag.py
[2025-07-21T08:41:06.391+0000] {processor.py:840} INFO - DAG(s) 'example_sla_dag' retrieved from /home/airflow/.local/lib/python3.8/site-packages/airflow/example_dags/example_sla_dag.py
[2025-07-21T08:41:06.428+0000] {logging_mixin.py:188} INFO - [2025-07-21T08:41:06.428+0000] {dag.py:3036} INFO - Sync 1 DAGs
[2025-07-21T08:41:06.789+0000] {logging_mixin.py:188} INFO - [2025-07-21T08:41:06.789+0000] {dag.py:3823} INFO - Setting next_dagrun for example_sla_dag to 2025-07-21 08:38:00+00:00, run_after=2025-07-21 08:40:00+00:00
[2025-07-21T08:41:06.821+0000] {processor.py:183} INFO - Processing /home/airflow/.local/lib/python3.8/site-packages/airflow/example_dags/example_sla_dag.py took 0.460 seconds
[2025-07-21T08:41:37.620+0000] {processor.py:161} INFO - Started process (PID=2607) to work on /home/airflow/.local/lib/python3.8/site-packages/airflow/example_dags/example_sla_dag.py
[2025-07-21T08:41:37.639+0000] {processor.py:830} INFO - Processing file /home/airflow/.local/lib/python3.8/site-packages/airflow/example_dags/example_sla_dag.py for tasks to queue
[2025-07-21T08:41:37.644+0000] {logging_mixin.py:188} INFO - [2025-07-21T08:41:37.644+0000] {dagbag.py:538} INFO - Filling up the DagBag from /home/airflow/.local/lib/python3.8/site-packages/airflow/example_dags/example_sla_dag.py
[2025-07-21T08:41:37.680+0000] {processor.py:840} INFO - DAG(s) 'example_sla_dag' retrieved from /home/airflow/.local/lib/python3.8/site-packages/airflow/example_dags/example_sla_dag.py
[2025-07-21T08:41:37.713+0000] {logging_mixin.py:188} INFO - [2025-07-21T08:41:37.713+0000] {dag.py:3036} INFO - Sync 1 DAGs
[2025-07-21T08:41:37.758+0000] {logging_mixin.py:188} INFO - [2025-07-21T08:41:37.757+0000] {dag.py:3823} INFO - Setting next_dagrun for example_sla_dag to 2025-07-21 08:38:00+00:00, run_after=2025-07-21 08:40:00+00:00
[2025-07-21T08:41:37.898+0000] {processor.py:183} INFO - Processing /home/airflow/.local/lib/python3.8/site-packages/airflow/example_dags/example_sla_dag.py took 0.285 seconds
[2025-07-21T08:42:08.375+0000] {processor.py:161} INFO - Started process (PID=2662) to work on /home/airflow/.local/lib/python3.8/site-packages/airflow/example_dags/example_sla_dag.py
[2025-07-21T08:42:08.378+0000] {processor.py:830} INFO - Processing file /home/airflow/.local/lib/python3.8/site-packages/airflow/example_dags/example_sla_dag.py for tasks to queue
[2025-07-21T08:42:08.383+0000] {logging_mixin.py:188} INFO - [2025-07-21T08:42:08.382+0000] {dagbag.py:538} INFO - Filling up the DagBag from /home/airflow/.local/lib/python3.8/site-packages/airflow/example_dags/example_sla_dag.py
[2025-07-21T08:42:08.409+0000] {processor.py:840} INFO - DAG(s) 'example_sla_dag' retrieved from /home/airflow/.local/lib/python3.8/site-packages/airflow/example_dags/example_sla_dag.py
[2025-07-21T08:42:08.476+0000] {logging_mixin.py:188} INFO - [2025-07-21T08:42:08.475+0000] {dag.py:3036} INFO - Sync 1 DAGs
[2025-07-21T08:42:08.537+0000] {logging_mixin.py:188} INFO - [2025-07-21T08:42:08.537+0000] {dag.py:3823} INFO - Setting next_dagrun for example_sla_dag to 2025-07-21 08:40:00+00:00, run_after=2025-07-21 08:42:00+00:00
[2025-07-21T08:42:08.589+0000] {processor.py:183} INFO - Processing /home/airflow/.local/lib/python3.8/site-packages/airflow/example_dags/example_sla_dag.py took 0.225 seconds
[2025-07-21T08:42:39.457+0000] {processor.py:161} INFO - Started process (PID=2717) to work on /home/airflow/.local/lib/python3.8/site-packages/airflow/example_dags/example_sla_dag.py
[2025-07-21T08:42:39.459+0000] {processor.py:830} INFO - Processing file /home/airflow/.local/lib/python3.8/site-packages/airflow/example_dags/example_sla_dag.py for tasks to queue
[2025-07-21T08:42:39.464+0000] {logging_mixin.py:188} INFO - [2025-07-21T08:42:39.464+0000] {dagbag.py:538} INFO - Filling up the DagBag from /home/airflow/.local/lib/python3.8/site-packages/airflow/example_dags/example_sla_dag.py
[2025-07-21T08:42:39.485+0000] {processor.py:840} INFO - DAG(s) 'example_sla_dag' retrieved from /home/airflow/.local/lib/python3.8/site-packages/airflow/example_dags/example_sla_dag.py
[2025-07-21T08:42:39.559+0000] {logging_mixin.py:188} INFO - [2025-07-21T08:42:39.559+0000] {dag.py:3036} INFO - Sync 1 DAGs
[2025-07-21T08:42:39.618+0000] {logging_mixin.py:188} INFO - [2025-07-21T08:42:39.618+0000] {dag.py:3823} INFO - Setting next_dagrun for example_sla_dag to 2025-07-21 08:40:00+00:00, run_after=2025-07-21 08:42:00+00:00
[2025-07-21T08:42:39.657+0000] {processor.py:183} INFO - Processing /home/airflow/.local/lib/python3.8/site-packages/airflow/example_dags/example_sla_dag.py took 0.209 seconds
[2025-07-21T08:43:10.807+0000] {processor.py:161} INFO - Started process (PID=2772) to work on /home/airflow/.local/lib/python3.8/site-packages/airflow/example_dags/example_sla_dag.py
[2025-07-21T08:43:10.821+0000] {processor.py:830} INFO - Processing file /home/airflow/.local/lib/python3.8/site-packages/airflow/example_dags/example_sla_dag.py for tasks to queue
[2025-07-21T08:43:10.835+0000] {logging_mixin.py:188} INFO - [2025-07-21T08:43:10.831+0000] {dagbag.py:538} INFO - Filling up the DagBag from /home/airflow/.local/lib/python3.8/site-packages/airflow/example_dags/example_sla_dag.py
[2025-07-21T08:43:10.940+0000] {processor.py:840} INFO - DAG(s) 'example_sla_dag' retrieved from /home/airflow/.local/lib/python3.8/site-packages/airflow/example_dags/example_sla_dag.py
[2025-07-21T08:43:11.015+0000] {logging_mixin.py:188} INFO - [2025-07-21T08:43:11.015+0000] {dag.py:3036} INFO - Sync 1 DAGs
[2025-07-21T08:43:11.082+0000] {logging_mixin.py:188} INFO - [2025-07-21T08:43:11.082+0000] {dag.py:3823} INFO - Setting next_dagrun for example_sla_dag to 2025-07-21 08:40:00+00:00, run_after=2025-07-21 08:42:00+00:00
[2025-07-21T08:43:11.132+0000] {processor.py:183} INFO - Processing /home/airflow/.local/lib/python3.8/site-packages/airflow/example_dags/example_sla_dag.py took 0.357 seconds
[2025-07-21T08:43:42.753+0000] {processor.py:161} INFO - Started process (PID=2828) to work on /home/airflow/.local/lib/python3.8/site-packages/airflow/example_dags/example_sla_dag.py
[2025-07-21T08:43:42.756+0000] {processor.py:830} INFO - Processing file /home/airflow/.local/lib/python3.8/site-packages/airflow/example_dags/example_sla_dag.py for tasks to queue
[2025-07-21T08:43:42.761+0000] {logging_mixin.py:188} INFO - [2025-07-21T08:43:42.760+0000] {dagbag.py:538} INFO - Filling up the DagBag from /home/airflow/.local/lib/python3.8/site-packages/airflow/example_dags/example_sla_dag.py
[2025-07-21T08:43:42.816+0000] {processor.py:840} INFO - DAG(s) 'example_sla_dag' retrieved from /home/airflow/.local/lib/python3.8/site-packages/airflow/example_dags/example_sla_dag.py
[2025-07-21T08:43:42.878+0000] {logging_mixin.py:188} INFO - [2025-07-21T08:43:42.878+0000] {dag.py:3036} INFO - Sync 1 DAGs
[2025-07-21T08:43:42.946+0000] {logging_mixin.py:188} INFO - [2025-07-21T08:43:42.945+0000] {dag.py:3823} INFO - Setting next_dagrun for example_sla_dag to 2025-07-21 08:40:00+00:00, run_after=2025-07-21 08:42:00+00:00
[2025-07-21T08:43:42.997+0000] {processor.py:183} INFO - Processing /home/airflow/.local/lib/python3.8/site-packages/airflow/example_dags/example_sla_dag.py took 0.265 seconds
