[2025-07-21T08:14:48.228+0000] {processor.py:161} INFO - Started process (PID=95) to work on /home/airflow/.local/lib/python3.8/site-packages/airflow/example_dags/example_setup_teardown.py
[2025-07-21T08:14:48.245+0000] {processor.py:830} INFO - Processing file /home/airflow/.local/lib/python3.8/site-packages/airflow/example_dags/example_setup_teardown.py for tasks to queue
[2025-07-21T08:14:48.255+0000] {logging_mixin.py:188} INFO - [2025-07-21T08:14:48.254+0000] {dagbag.py:538} INFO - Filling up the DagBag from /home/airflow/.local/lib/python3.8/site-packages/airflow/example_dags/example_setup_teardown.py
[2025-07-21T08:14:48.301+0000] {processor.py:840} INFO - DAG(s) 'example_setup_teardown' retrieved from /home/airflow/.local/lib/python3.8/site-packages/airflow/example_dags/example_setup_teardown.py
[2025-07-21T08:14:48.435+0000] {logging_mixin.py:188} INFO - [2025-07-21T08:14:48.435+0000] {dag.py:3036} INFO - Sync 1 DAGs
[2025-07-21T08:14:48.858+0000] {logging_mixin.py:188} INFO - [2025-07-21T08:14:48.858+0000] {dag.py:3823} INFO - Setting next_dagrun for example_setup_teardown to 2025-07-20 00:00:00+00:00, run_after=2025-07-21 00:00:00+00:00
[2025-07-21T08:14:49.245+0000] {processor.py:183} INFO - Processing /home/airflow/.local/lib/python3.8/site-packages/airflow/example_dags/example_setup_teardown.py took 1.035 seconds
[2025-07-21T08:15:23.224+0000] {processor.py:161} INFO - Started process (PID=151) to work on /home/airflow/.local/lib/python3.8/site-packages/airflow/example_dags/example_setup_teardown.py
[2025-07-21T08:15:23.239+0000] {processor.py:830} INFO - Processing file /home/airflow/.local/lib/python3.8/site-packages/airflow/example_dags/example_setup_teardown.py for tasks to queue
[2025-07-21T08:15:23.246+0000] {logging_mixin.py:188} INFO - [2025-07-21T08:15:23.245+0000] {dagbag.py:538} INFO - Filling up the DagBag from /home/airflow/.local/lib/python3.8/site-packages/airflow/example_dags/example_setup_teardown.py
[2025-07-21T08:15:23.287+0000] {processor.py:840} INFO - DAG(s) 'example_setup_teardown' retrieved from /home/airflow/.local/lib/python3.8/site-packages/airflow/example_dags/example_setup_teardown.py
[2025-07-21T08:15:23.386+0000] {logging_mixin.py:188} INFO - [2025-07-21T08:15:23.386+0000] {dag.py:3036} INFO - Sync 1 DAGs
[2025-07-21T08:15:23.487+0000] {logging_mixin.py:188} INFO - [2025-07-21T08:15:23.487+0000] {dag.py:3823} INFO - Setting next_dagrun for example_setup_teardown to 2025-07-20 00:00:00+00:00, run_after=2025-07-21 00:00:00+00:00
[2025-07-21T08:15:23.566+0000] {processor.py:183} INFO - Processing /home/airflow/.local/lib/python3.8/site-packages/airflow/example_dags/example_setup_teardown.py took 0.393 seconds
[2025-07-21T08:16:07.351+0000] {processor.py:161} INFO - Started process (PID=209) to work on /home/airflow/.local/lib/python3.8/site-packages/airflow/example_dags/example_setup_teardown.py
[2025-07-21T08:16:07.358+0000] {processor.py:830} INFO - Processing file /home/airflow/.local/lib/python3.8/site-packages/airflow/example_dags/example_setup_teardown.py for tasks to queue
[2025-07-21T08:16:07.369+0000] {logging_mixin.py:188} INFO - [2025-07-21T08:16:07.368+0000] {dagbag.py:538} INFO - Filling up the DagBag from /home/airflow/.local/lib/python3.8/site-packages/airflow/example_dags/example_setup_teardown.py
[2025-07-21T08:16:07.419+0000] {processor.py:840} INFO - DAG(s) 'example_setup_teardown' retrieved from /home/airflow/.local/lib/python3.8/site-packages/airflow/example_dags/example_setup_teardown.py
[2025-07-21T08:16:07.523+0000] {logging_mixin.py:188} INFO - [2025-07-21T08:16:07.522+0000] {dag.py:3036} INFO - Sync 1 DAGs
[2025-07-21T08:16:07.664+0000] {logging_mixin.py:188} INFO - [2025-07-21T08:16:07.664+0000] {dag.py:3823} INFO - Setting next_dagrun for example_setup_teardown to 2025-07-20 00:00:00+00:00, run_after=2025-07-21 00:00:00+00:00
[2025-07-21T08:16:07.881+0000] {processor.py:183} INFO - Processing /home/airflow/.local/lib/python3.8/site-packages/airflow/example_dags/example_setup_teardown.py took 0.542 seconds
[2025-07-21T08:16:47.497+0000] {processor.py:161} INFO - Started process (PID=270) to work on /home/airflow/.local/lib/python3.8/site-packages/airflow/example_dags/example_setup_teardown.py
[2025-07-21T08:16:47.502+0000] {processor.py:830} INFO - Processing file /home/airflow/.local/lib/python3.8/site-packages/airflow/example_dags/example_setup_teardown.py for tasks to queue
[2025-07-21T08:16:47.508+0000] {logging_mixin.py:188} INFO - [2025-07-21T08:16:47.508+0000] {dagbag.py:538} INFO - Filling up the DagBag from /home/airflow/.local/lib/python3.8/site-packages/airflow/example_dags/example_setup_teardown.py
[2025-07-21T08:16:47.561+0000] {processor.py:840} INFO - DAG(s) 'example_setup_teardown' retrieved from /home/airflow/.local/lib/python3.8/site-packages/airflow/example_dags/example_setup_teardown.py
[2025-07-21T08:16:47.696+0000] {logging_mixin.py:188} INFO - [2025-07-21T08:16:47.696+0000] {dag.py:3036} INFO - Sync 1 DAGs
[2025-07-21T08:16:47.878+0000] {logging_mixin.py:188} INFO - [2025-07-21T08:16:47.878+0000] {dag.py:3823} INFO - Setting next_dagrun for example_setup_teardown to 2025-07-20 00:00:00+00:00, run_after=2025-07-21 00:00:00+00:00
[2025-07-21T08:16:48.181+0000] {processor.py:183} INFO - Processing /home/airflow/.local/lib/python3.8/site-packages/airflow/example_dags/example_setup_teardown.py took 1.063 seconds
[2025-07-21T08:17:53.594+0000] {processor.py:161} INFO - Started process (PID=331) to work on /home/airflow/.local/lib/python3.8/site-packages/airflow/example_dags/example_setup_teardown.py
[2025-07-21T08:17:53.610+0000] {processor.py:830} INFO - Processing file /home/airflow/.local/lib/python3.8/site-packages/airflow/example_dags/example_setup_teardown.py for tasks to queue
[2025-07-21T08:17:53.627+0000] {logging_mixin.py:188} INFO - [2025-07-21T08:17:53.626+0000] {dagbag.py:538} INFO - Filling up the DagBag from /home/airflow/.local/lib/python3.8/site-packages/airflow/example_dags/example_setup_teardown.py
[2025-07-21T08:17:53.731+0000] {processor.py:840} INFO - DAG(s) 'example_setup_teardown' retrieved from /home/airflow/.local/lib/python3.8/site-packages/airflow/example_dags/example_setup_teardown.py
[2025-07-21T08:17:53.859+0000] {logging_mixin.py:188} INFO - [2025-07-21T08:17:53.858+0000] {dag.py:3036} INFO - Sync 1 DAGs
[2025-07-21T08:17:54.347+0000] {logging_mixin.py:188} INFO - [2025-07-21T08:17:54.347+0000] {dag.py:3823} INFO - Setting next_dagrun for example_setup_teardown to 2025-07-20 00:00:00+00:00, run_after=2025-07-21 00:00:00+00:00
[2025-07-21T08:17:54.835+0000] {processor.py:183} INFO - Processing /home/airflow/.local/lib/python3.8/site-packages/airflow/example_dags/example_setup_teardown.py took 1.322 seconds
[2025-07-21T08:19:27.554+0000] {processor.py:161} INFO - Started process (PID=402) to work on /home/airflow/.local/lib/python3.8/site-packages/airflow/example_dags/example_setup_teardown.py
[2025-07-21T08:19:27.700+0000] {processor.py:830} INFO - Processing file /home/airflow/.local/lib/python3.8/site-packages/airflow/example_dags/example_setup_teardown.py for tasks to queue
[2025-07-21T08:19:27.776+0000] {logging_mixin.py:188} INFO - [2025-07-21T08:19:27.774+0000] {dagbag.py:538} INFO - Filling up the DagBag from /home/airflow/.local/lib/python3.8/site-packages/airflow/example_dags/example_setup_teardown.py
[2025-07-21T08:19:27.842+0000] {processor.py:840} INFO - DAG(s) 'example_setup_teardown' retrieved from /home/airflow/.local/lib/python3.8/site-packages/airflow/example_dags/example_setup_teardown.py
[2025-07-21T08:19:29.622+0000] {logging_mixin.py:188} INFO - [2025-07-21T08:19:29.621+0000] {dag.py:3036} INFO - Sync 1 DAGs
[2025-07-21T08:19:30.483+0000] {logging_mixin.py:188} INFO - [2025-07-21T08:19:30.483+0000] {dag.py:3823} INFO - Setting next_dagrun for example_setup_teardown to 2025-07-20 00:00:00+00:00, run_after=2025-07-21 00:00:00+00:00
[2025-07-21T08:19:31.841+0000] {processor.py:183} INFO - Processing /home/airflow/.local/lib/python3.8/site-packages/airflow/example_dags/example_setup_teardown.py took 4.431 seconds
[2025-07-21T08:20:13.852+0000] {processor.py:161} INFO - Started process (PID=457) to work on /home/airflow/.local/lib/python3.8/site-packages/airflow/example_dags/example_setup_teardown.py
[2025-07-21T08:20:13.863+0000] {processor.py:830} INFO - Processing file /home/airflow/.local/lib/python3.8/site-packages/airflow/example_dags/example_setup_teardown.py for tasks to queue
[2025-07-21T08:20:13.868+0000] {logging_mixin.py:188} INFO - [2025-07-21T08:20:13.866+0000] {dagbag.py:538} INFO - Filling up the DagBag from /home/airflow/.local/lib/python3.8/site-packages/airflow/example_dags/example_setup_teardown.py
[2025-07-21T08:20:13.892+0000] {processor.py:840} INFO - DAG(s) 'example_setup_teardown' retrieved from /home/airflow/.local/lib/python3.8/site-packages/airflow/example_dags/example_setup_teardown.py
[2025-07-21T08:20:14.019+0000] {logging_mixin.py:188} INFO - [2025-07-21T08:20:14.019+0000] {dag.py:3036} INFO - Sync 1 DAGs
[2025-07-21T08:20:14.101+0000] {logging_mixin.py:188} INFO - [2025-07-21T08:20:14.101+0000] {dag.py:3823} INFO - Setting next_dagrun for example_setup_teardown to 2025-07-20 00:00:00+00:00, run_after=2025-07-21 00:00:00+00:00
[2025-07-21T08:20:14.164+0000] {processor.py:183} INFO - Processing /home/airflow/.local/lib/python3.8/site-packages/airflow/example_dags/example_setup_teardown.py took 0.319 seconds
[2025-07-21T08:21:06.172+0000] {processor.py:161} INFO - Started process (PID=511) to work on /home/airflow/.local/lib/python3.8/site-packages/airflow/example_dags/example_setup_teardown.py
[2025-07-21T08:21:06.268+0000] {processor.py:830} INFO - Processing file /home/airflow/.local/lib/python3.8/site-packages/airflow/example_dags/example_setup_teardown.py for tasks to queue
[2025-07-21T08:21:06.286+0000] {logging_mixin.py:188} INFO - [2025-07-21T08:21:06.285+0000] {dagbag.py:538} INFO - Filling up the DagBag from /home/airflow/.local/lib/python3.8/site-packages/airflow/example_dags/example_setup_teardown.py
[2025-07-21T08:21:06.404+0000] {processor.py:840} INFO - DAG(s) 'example_setup_teardown' retrieved from /home/airflow/.local/lib/python3.8/site-packages/airflow/example_dags/example_setup_teardown.py
[2025-07-21T08:21:06.672+0000] {logging_mixin.py:188} INFO - [2025-07-21T08:21:06.672+0000] {dag.py:3036} INFO - Sync 1 DAGs
[2025-07-21T08:21:07.226+0000] {logging_mixin.py:188} INFO - [2025-07-21T08:21:07.226+0000] {dag.py:3823} INFO - Setting next_dagrun for example_setup_teardown to 2025-07-20 00:00:00+00:00, run_after=2025-07-21 00:00:00+00:00
[2025-07-21T08:21:07.657+0000] {processor.py:183} INFO - Processing /home/airflow/.local/lib/python3.8/site-packages/airflow/example_dags/example_setup_teardown.py took 1.597 seconds
[2025-07-21T08:21:39.724+0000] {processor.py:161} INFO - Started process (PID=566) to work on /home/airflow/.local/lib/python3.8/site-packages/airflow/example_dags/example_setup_teardown.py
[2025-07-21T08:21:39.736+0000] {processor.py:830} INFO - Processing file /home/airflow/.local/lib/python3.8/site-packages/airflow/example_dags/example_setup_teardown.py for tasks to queue
[2025-07-21T08:21:39.744+0000] {logging_mixin.py:188} INFO - [2025-07-21T08:21:39.743+0000] {dagbag.py:538} INFO - Filling up the DagBag from /home/airflow/.local/lib/python3.8/site-packages/airflow/example_dags/example_setup_teardown.py
[2025-07-21T08:21:39.763+0000] {processor.py:840} INFO - DAG(s) 'example_setup_teardown' retrieved from /home/airflow/.local/lib/python3.8/site-packages/airflow/example_dags/example_setup_teardown.py
[2025-07-21T08:21:39.807+0000] {logging_mixin.py:188} INFO - [2025-07-21T08:21:39.806+0000] {dag.py:3036} INFO - Sync 1 DAGs
[2025-07-21T08:21:39.862+0000] {logging_mixin.py:188} INFO - [2025-07-21T08:21:39.861+0000] {dag.py:3823} INFO - Setting next_dagrun for example_setup_teardown to 2025-07-20 00:00:00+00:00, run_after=2025-07-21 00:00:00+00:00
[2025-07-21T08:21:39.933+0000] {processor.py:183} INFO - Processing /home/airflow/.local/lib/python3.8/site-packages/airflow/example_dags/example_setup_teardown.py took 0.219 seconds
[2025-07-21T08:22:26.888+0000] {processor.py:161} INFO - Started process (PID=626) to work on /home/airflow/.local/lib/python3.8/site-packages/airflow/example_dags/example_setup_teardown.py
[2025-07-21T08:22:26.890+0000] {processor.py:830} INFO - Processing file /home/airflow/.local/lib/python3.8/site-packages/airflow/example_dags/example_setup_teardown.py for tasks to queue
[2025-07-21T08:22:26.907+0000] {logging_mixin.py:188} INFO - [2025-07-21T08:22:26.906+0000] {dagbag.py:538} INFO - Filling up the DagBag from /home/airflow/.local/lib/python3.8/site-packages/airflow/example_dags/example_setup_teardown.py
[2025-07-21T08:22:26.977+0000] {processor.py:840} INFO - DAG(s) 'example_setup_teardown' retrieved from /home/airflow/.local/lib/python3.8/site-packages/airflow/example_dags/example_setup_teardown.py
[2025-07-21T08:22:27.231+0000] {logging_mixin.py:188} INFO - [2025-07-21T08:22:27.230+0000] {dag.py:3036} INFO - Sync 1 DAGs
[2025-07-21T08:22:27.345+0000] {logging_mixin.py:188} INFO - [2025-07-21T08:22:27.344+0000] {dag.py:3823} INFO - Setting next_dagrun for example_setup_teardown to 2025-07-20 00:00:00+00:00, run_after=2025-07-21 00:00:00+00:00
[2025-07-21T08:22:27.383+0000] {processor.py:183} INFO - Processing /home/airflow/.local/lib/python3.8/site-packages/airflow/example_dags/example_setup_teardown.py took 0.502 seconds
[2025-07-21T08:23:06.223+0000] {processor.py:161} INFO - Started process (PID=678) to work on /home/airflow/.local/lib/python3.8/site-packages/airflow/example_dags/example_setup_teardown.py
[2025-07-21T08:23:06.229+0000] {processor.py:830} INFO - Processing file /home/airflow/.local/lib/python3.8/site-packages/airflow/example_dags/example_setup_teardown.py for tasks to queue
[2025-07-21T08:23:06.255+0000] {logging_mixin.py:188} INFO - [2025-07-21T08:23:06.255+0000] {dagbag.py:538} INFO - Filling up the DagBag from /home/airflow/.local/lib/python3.8/site-packages/airflow/example_dags/example_setup_teardown.py
[2025-07-21T08:23:06.360+0000] {processor.py:840} INFO - DAG(s) 'example_setup_teardown' retrieved from /home/airflow/.local/lib/python3.8/site-packages/airflow/example_dags/example_setup_teardown.py
[2025-07-21T08:23:06.796+0000] {logging_mixin.py:188} INFO - [2025-07-21T08:23:06.796+0000] {dag.py:3036} INFO - Sync 1 DAGs
[2025-07-21T08:23:07.032+0000] {logging_mixin.py:188} INFO - [2025-07-21T08:23:07.019+0000] {dag.py:3823} INFO - Setting next_dagrun for example_setup_teardown to 2025-07-20 00:00:00+00:00, run_after=2025-07-21 00:00:00+00:00
[2025-07-21T08:23:07.261+0000] {processor.py:183} INFO - Processing /home/airflow/.local/lib/python3.8/site-packages/airflow/example_dags/example_setup_teardown.py took 1.045 seconds
[2025-07-21T08:23:37.570+0000] {processor.py:161} INFO - Started process (PID=734) to work on /home/airflow/.local/lib/python3.8/site-packages/airflow/example_dags/example_setup_teardown.py
[2025-07-21T08:23:37.582+0000] {processor.py:830} INFO - Processing file /home/airflow/.local/lib/python3.8/site-packages/airflow/example_dags/example_setup_teardown.py for tasks to queue
[2025-07-21T08:23:37.586+0000] {logging_mixin.py:188} INFO - [2025-07-21T08:23:37.585+0000] {dagbag.py:538} INFO - Filling up the DagBag from /home/airflow/.local/lib/python3.8/site-packages/airflow/example_dags/example_setup_teardown.py
[2025-07-21T08:23:37.617+0000] {processor.py:840} INFO - DAG(s) 'example_setup_teardown' retrieved from /home/airflow/.local/lib/python3.8/site-packages/airflow/example_dags/example_setup_teardown.py
[2025-07-21T08:23:37.743+0000] {logging_mixin.py:188} INFO - [2025-07-21T08:23:37.743+0000] {dag.py:3036} INFO - Sync 1 DAGs
[2025-07-21T08:23:37.974+0000] {logging_mixin.py:188} INFO - [2025-07-21T08:23:37.973+0000] {dag.py:3823} INFO - Setting next_dagrun for example_setup_teardown to 2025-07-20 00:00:00+00:00, run_after=2025-07-21 00:00:00+00:00
[2025-07-21T08:23:38.320+0000] {processor.py:183} INFO - Processing /home/airflow/.local/lib/python3.8/site-packages/airflow/example_dags/example_setup_teardown.py took 0.757 seconds
[2025-07-21T08:24:09.082+0000] {processor.py:161} INFO - Started process (PID=788) to work on /home/airflow/.local/lib/python3.8/site-packages/airflow/example_dags/example_setup_teardown.py
[2025-07-21T08:24:09.094+0000] {processor.py:830} INFO - Processing file /home/airflow/.local/lib/python3.8/site-packages/airflow/example_dags/example_setup_teardown.py for tasks to queue
[2025-07-21T08:24:09.098+0000] {logging_mixin.py:188} INFO - [2025-07-21T08:24:09.098+0000] {dagbag.py:538} INFO - Filling up the DagBag from /home/airflow/.local/lib/python3.8/site-packages/airflow/example_dags/example_setup_teardown.py
[2025-07-21T08:24:09.132+0000] {processor.py:840} INFO - DAG(s) 'example_setup_teardown' retrieved from /home/airflow/.local/lib/python3.8/site-packages/airflow/example_dags/example_setup_teardown.py
[2025-07-21T08:24:09.243+0000] {logging_mixin.py:188} INFO - [2025-07-21T08:24:09.243+0000] {dag.py:3036} INFO - Sync 1 DAGs
[2025-07-21T08:24:09.343+0000] {logging_mixin.py:188} INFO - [2025-07-21T08:24:09.342+0000] {dag.py:3823} INFO - Setting next_dagrun for example_setup_teardown to 2025-07-20 00:00:00+00:00, run_after=2025-07-21 00:00:00+00:00
[2025-07-21T08:24:09.438+0000] {processor.py:183} INFO - Processing /home/airflow/.local/lib/python3.8/site-packages/airflow/example_dags/example_setup_teardown.py took 0.369 seconds
[2025-07-21T08:24:41.243+0000] {processor.py:161} INFO - Started process (PID=843) to work on /home/airflow/.local/lib/python3.8/site-packages/airflow/example_dags/example_setup_teardown.py
[2025-07-21T08:24:41.259+0000] {processor.py:830} INFO - Processing file /home/airflow/.local/lib/python3.8/site-packages/airflow/example_dags/example_setup_teardown.py for tasks to queue
[2025-07-21T08:24:41.263+0000] {logging_mixin.py:188} INFO - [2025-07-21T08:24:41.263+0000] {dagbag.py:538} INFO - Filling up the DagBag from /home/airflow/.local/lib/python3.8/site-packages/airflow/example_dags/example_setup_teardown.py
[2025-07-21T08:24:41.296+0000] {processor.py:840} INFO - DAG(s) 'example_setup_teardown' retrieved from /home/airflow/.local/lib/python3.8/site-packages/airflow/example_dags/example_setup_teardown.py
[2025-07-21T08:24:41.345+0000] {logging_mixin.py:188} INFO - [2025-07-21T08:24:41.344+0000] {dag.py:3036} INFO - Sync 1 DAGs
[2025-07-21T08:24:41.392+0000] {logging_mixin.py:188} INFO - [2025-07-21T08:24:41.392+0000] {dag.py:3823} INFO - Setting next_dagrun for example_setup_teardown to 2025-07-20 00:00:00+00:00, run_after=2025-07-21 00:00:00+00:00
[2025-07-21T08:24:41.453+0000] {processor.py:183} INFO - Processing /home/airflow/.local/lib/python3.8/site-packages/airflow/example_dags/example_setup_teardown.py took 0.217 seconds
[2025-07-21T08:25:14.465+0000] {processor.py:161} INFO - Started process (PID=898) to work on /home/airflow/.local/lib/python3.8/site-packages/airflow/example_dags/example_setup_teardown.py
[2025-07-21T08:25:14.475+0000] {processor.py:830} INFO - Processing file /home/airflow/.local/lib/python3.8/site-packages/airflow/example_dags/example_setup_teardown.py for tasks to queue
[2025-07-21T08:25:14.481+0000] {logging_mixin.py:188} INFO - [2025-07-21T08:25:14.480+0000] {dagbag.py:538} INFO - Filling up the DagBag from /home/airflow/.local/lib/python3.8/site-packages/airflow/example_dags/example_setup_teardown.py
[2025-07-21T08:25:14.504+0000] {processor.py:840} INFO - DAG(s) 'example_setup_teardown' retrieved from /home/airflow/.local/lib/python3.8/site-packages/airflow/example_dags/example_setup_teardown.py
[2025-07-21T08:25:14.594+0000] {logging_mixin.py:188} INFO - [2025-07-21T08:25:14.593+0000] {dag.py:3036} INFO - Sync 1 DAGs
[2025-07-21T08:25:14.646+0000] {logging_mixin.py:188} INFO - [2025-07-21T08:25:14.646+0000] {dag.py:3823} INFO - Setting next_dagrun for example_setup_teardown to 2025-07-20 00:00:00+00:00, run_after=2025-07-21 00:00:00+00:00
[2025-07-21T08:25:14.695+0000] {processor.py:183} INFO - Processing /home/airflow/.local/lib/python3.8/site-packages/airflow/example_dags/example_setup_teardown.py took 0.238 seconds
[2025-07-21T08:25:50.041+0000] {processor.py:161} INFO - Started process (PID=954) to work on /home/airflow/.local/lib/python3.8/site-packages/airflow/example_dags/example_setup_teardown.py
[2025-07-21T08:25:50.044+0000] {processor.py:830} INFO - Processing file /home/airflow/.local/lib/python3.8/site-packages/airflow/example_dags/example_setup_teardown.py for tasks to queue
[2025-07-21T08:25:50.073+0000] {logging_mixin.py:188} INFO - [2025-07-21T08:25:50.073+0000] {dagbag.py:538} INFO - Filling up the DagBag from /home/airflow/.local/lib/python3.8/site-packages/airflow/example_dags/example_setup_teardown.py
[2025-07-21T08:25:50.122+0000] {processor.py:840} INFO - DAG(s) 'example_setup_teardown' retrieved from /home/airflow/.local/lib/python3.8/site-packages/airflow/example_dags/example_setup_teardown.py
[2025-07-21T08:25:50.250+0000] {logging_mixin.py:188} INFO - [2025-07-21T08:25:50.250+0000] {dag.py:3036} INFO - Sync 1 DAGs
[2025-07-21T08:25:50.346+0000] {logging_mixin.py:188} INFO - [2025-07-21T08:25:50.346+0000] {dag.py:3823} INFO - Setting next_dagrun for example_setup_teardown to 2025-07-20 00:00:00+00:00, run_after=2025-07-21 00:00:00+00:00
[2025-07-21T08:25:50.570+0000] {processor.py:183} INFO - Processing /home/airflow/.local/lib/python3.8/site-packages/airflow/example_dags/example_setup_teardown.py took 0.575 seconds
[2025-07-21T08:26:22.527+0000] {processor.py:161} INFO - Started process (PID=1010) to work on /home/airflow/.local/lib/python3.8/site-packages/airflow/example_dags/example_setup_teardown.py
[2025-07-21T08:26:22.538+0000] {processor.py:830} INFO - Processing file /home/airflow/.local/lib/python3.8/site-packages/airflow/example_dags/example_setup_teardown.py for tasks to queue
[2025-07-21T08:26:22.554+0000] {logging_mixin.py:188} INFO - [2025-07-21T08:26:22.553+0000] {dagbag.py:538} INFO - Filling up the DagBag from /home/airflow/.local/lib/python3.8/site-packages/airflow/example_dags/example_setup_teardown.py
[2025-07-21T08:26:22.596+0000] {processor.py:840} INFO - DAG(s) 'example_setup_teardown' retrieved from /home/airflow/.local/lib/python3.8/site-packages/airflow/example_dags/example_setup_teardown.py
[2025-07-21T08:26:22.651+0000] {logging_mixin.py:188} INFO - [2025-07-21T08:26:22.651+0000] {dag.py:3036} INFO - Sync 1 DAGs
[2025-07-21T08:26:22.705+0000] {logging_mixin.py:188} INFO - [2025-07-21T08:26:22.705+0000] {dag.py:3823} INFO - Setting next_dagrun for example_setup_teardown to 2025-07-20 00:00:00+00:00, run_after=2025-07-21 00:00:00+00:00
[2025-07-21T08:26:22.743+0000] {processor.py:183} INFO - Processing /home/airflow/.local/lib/python3.8/site-packages/airflow/example_dags/example_setup_teardown.py took 0.223 seconds
[2025-07-21T08:26:55.722+0000] {processor.py:161} INFO - Started process (PID=1069) to work on /home/airflow/.local/lib/python3.8/site-packages/airflow/example_dags/example_setup_teardown.py
[2025-07-21T08:26:55.731+0000] {processor.py:830} INFO - Processing file /home/airflow/.local/lib/python3.8/site-packages/airflow/example_dags/example_setup_teardown.py for tasks to queue
[2025-07-21T08:26:55.741+0000] {logging_mixin.py:188} INFO - [2025-07-21T08:26:55.741+0000] {dagbag.py:538} INFO - Filling up the DagBag from /home/airflow/.local/lib/python3.8/site-packages/airflow/example_dags/example_setup_teardown.py
[2025-07-21T08:26:55.762+0000] {processor.py:840} INFO - DAG(s) 'example_setup_teardown' retrieved from /home/airflow/.local/lib/python3.8/site-packages/airflow/example_dags/example_setup_teardown.py
[2025-07-21T08:26:55.829+0000] {logging_mixin.py:188} INFO - [2025-07-21T08:26:55.828+0000] {dag.py:3036} INFO - Sync 1 DAGs
[2025-07-21T08:26:55.900+0000] {logging_mixin.py:188} INFO - [2025-07-21T08:26:55.899+0000] {dag.py:3823} INFO - Setting next_dagrun for example_setup_teardown to 2025-07-20 00:00:00+00:00, run_after=2025-07-21 00:00:00+00:00
[2025-07-21T08:26:56.016+0000] {processor.py:183} INFO - Processing /home/airflow/.local/lib/python3.8/site-packages/airflow/example_dags/example_setup_teardown.py took 0.303 seconds
[2025-07-21T08:27:27.548+0000] {processor.py:161} INFO - Started process (PID=1124) to work on /home/airflow/.local/lib/python3.8/site-packages/airflow/example_dags/example_setup_teardown.py
[2025-07-21T08:27:27.560+0000] {processor.py:830} INFO - Processing file /home/airflow/.local/lib/python3.8/site-packages/airflow/example_dags/example_setup_teardown.py for tasks to queue
[2025-07-21T08:27:27.564+0000] {logging_mixin.py:188} INFO - [2025-07-21T08:27:27.563+0000] {dagbag.py:538} INFO - Filling up the DagBag from /home/airflow/.local/lib/python3.8/site-packages/airflow/example_dags/example_setup_teardown.py
[2025-07-21T08:27:27.582+0000] {processor.py:840} INFO - DAG(s) 'example_setup_teardown' retrieved from /home/airflow/.local/lib/python3.8/site-packages/airflow/example_dags/example_setup_teardown.py
[2025-07-21T08:27:27.678+0000] {logging_mixin.py:188} INFO - [2025-07-21T08:27:27.678+0000] {dag.py:3036} INFO - Sync 1 DAGs
[2025-07-21T08:27:27.849+0000] {logging_mixin.py:188} INFO - [2025-07-21T08:27:27.848+0000] {dag.py:3823} INFO - Setting next_dagrun for example_setup_teardown to 2025-07-20 00:00:00+00:00, run_after=2025-07-21 00:00:00+00:00
[2025-07-21T08:27:28.042+0000] {processor.py:183} INFO - Processing /home/airflow/.local/lib/python3.8/site-packages/airflow/example_dags/example_setup_teardown.py took 0.509 seconds
[2025-07-21T08:27:58.307+0000] {processor.py:161} INFO - Started process (PID=1178) to work on /home/airflow/.local/lib/python3.8/site-packages/airflow/example_dags/example_setup_teardown.py
[2025-07-21T08:27:58.309+0000] {processor.py:830} INFO - Processing file /home/airflow/.local/lib/python3.8/site-packages/airflow/example_dags/example_setup_teardown.py for tasks to queue
[2025-07-21T08:27:58.317+0000] {logging_mixin.py:188} INFO - [2025-07-21T08:27:58.316+0000] {dagbag.py:538} INFO - Filling up the DagBag from /home/airflow/.local/lib/python3.8/site-packages/airflow/example_dags/example_setup_teardown.py
[2025-07-21T08:27:58.339+0000] {processor.py:840} INFO - DAG(s) 'example_setup_teardown' retrieved from /home/airflow/.local/lib/python3.8/site-packages/airflow/example_dags/example_setup_teardown.py
[2025-07-21T08:27:58.394+0000] {logging_mixin.py:188} INFO - [2025-07-21T08:27:58.394+0000] {dag.py:3036} INFO - Sync 1 DAGs
[2025-07-21T08:27:58.454+0000] {logging_mixin.py:188} INFO - [2025-07-21T08:27:58.454+0000] {dag.py:3823} INFO - Setting next_dagrun for example_setup_teardown to 2025-07-20 00:00:00+00:00, run_after=2025-07-21 00:00:00+00:00
[2025-07-21T08:27:58.628+0000] {processor.py:183} INFO - Processing /home/airflow/.local/lib/python3.8/site-packages/airflow/example_dags/example_setup_teardown.py took 0.342 seconds
[2025-07-21T08:28:29.134+0000] {processor.py:161} INFO - Started process (PID=1233) to work on /home/airflow/.local/lib/python3.8/site-packages/airflow/example_dags/example_setup_teardown.py
[2025-07-21T08:28:29.139+0000] {processor.py:830} INFO - Processing file /home/airflow/.local/lib/python3.8/site-packages/airflow/example_dags/example_setup_teardown.py for tasks to queue
[2025-07-21T08:28:29.160+0000] {logging_mixin.py:188} INFO - [2025-07-21T08:28:29.159+0000] {dagbag.py:538} INFO - Filling up the DagBag from /home/airflow/.local/lib/python3.8/site-packages/airflow/example_dags/example_setup_teardown.py
[2025-07-21T08:28:29.181+0000] {processor.py:840} INFO - DAG(s) 'example_setup_teardown' retrieved from /home/airflow/.local/lib/python3.8/site-packages/airflow/example_dags/example_setup_teardown.py
[2025-07-21T08:28:29.281+0000] {logging_mixin.py:188} INFO - [2025-07-21T08:28:29.280+0000] {dag.py:3036} INFO - Sync 1 DAGs
[2025-07-21T08:28:29.343+0000] {logging_mixin.py:188} INFO - [2025-07-21T08:28:29.342+0000] {dag.py:3823} INFO - Setting next_dagrun for example_setup_teardown to 2025-07-20 00:00:00+00:00, run_after=2025-07-21 00:00:00+00:00
[2025-07-21T08:28:29.393+0000] {processor.py:183} INFO - Processing /home/airflow/.local/lib/python3.8/site-packages/airflow/example_dags/example_setup_teardown.py took 0.272 seconds
[2025-07-21T08:28:59.719+0000] {processor.py:161} INFO - Started process (PID=1288) to work on /home/airflow/.local/lib/python3.8/site-packages/airflow/example_dags/example_setup_teardown.py
[2025-07-21T08:28:59.721+0000] {processor.py:830} INFO - Processing file /home/airflow/.local/lib/python3.8/site-packages/airflow/example_dags/example_setup_teardown.py for tasks to queue
[2025-07-21T08:28:59.725+0000] {logging_mixin.py:188} INFO - [2025-07-21T08:28:59.725+0000] {dagbag.py:538} INFO - Filling up the DagBag from /home/airflow/.local/lib/python3.8/site-packages/airflow/example_dags/example_setup_teardown.py
[2025-07-21T08:28:59.743+0000] {processor.py:840} INFO - DAG(s) 'example_setup_teardown' retrieved from /home/airflow/.local/lib/python3.8/site-packages/airflow/example_dags/example_setup_teardown.py
[2025-07-21T08:28:59.780+0000] {logging_mixin.py:188} INFO - [2025-07-21T08:28:59.779+0000] {dag.py:3036} INFO - Sync 1 DAGs
[2025-07-21T08:28:59.828+0000] {logging_mixin.py:188} INFO - [2025-07-21T08:28:59.827+0000] {dag.py:3823} INFO - Setting next_dagrun for example_setup_teardown to 2025-07-20 00:00:00+00:00, run_after=2025-07-21 00:00:00+00:00
[2025-07-21T08:28:59.869+0000] {processor.py:183} INFO - Processing /home/airflow/.local/lib/python3.8/site-packages/airflow/example_dags/example_setup_teardown.py took 0.158 seconds
[2025-07-21T08:29:30.926+0000] {processor.py:161} INFO - Started process (PID=1344) to work on /home/airflow/.local/lib/python3.8/site-packages/airflow/example_dags/example_setup_teardown.py
[2025-07-21T08:29:30.929+0000] {processor.py:830} INFO - Processing file /home/airflow/.local/lib/python3.8/site-packages/airflow/example_dags/example_setup_teardown.py for tasks to queue
[2025-07-21T08:29:30.934+0000] {logging_mixin.py:188} INFO - [2025-07-21T08:29:30.934+0000] {dagbag.py:538} INFO - Filling up the DagBag from /home/airflow/.local/lib/python3.8/site-packages/airflow/example_dags/example_setup_teardown.py
[2025-07-21T08:29:30.980+0000] {processor.py:840} INFO - DAG(s) 'example_setup_teardown' retrieved from /home/airflow/.local/lib/python3.8/site-packages/airflow/example_dags/example_setup_teardown.py
[2025-07-21T08:29:31.141+0000] {logging_mixin.py:188} INFO - [2025-07-21T08:29:31.128+0000] {dag.py:3036} INFO - Sync 1 DAGs
[2025-07-21T08:29:31.241+0000] {logging_mixin.py:188} INFO - [2025-07-21T08:29:31.240+0000] {dag.py:3823} INFO - Setting next_dagrun for example_setup_teardown to 2025-07-20 00:00:00+00:00, run_after=2025-07-21 00:00:00+00:00
[2025-07-21T08:29:31.378+0000] {processor.py:183} INFO - Processing /home/airflow/.local/lib/python3.8/site-packages/airflow/example_dags/example_setup_teardown.py took 0.471 seconds
[2025-07-21T08:30:02.044+0000] {processor.py:161} INFO - Started process (PID=1399) to work on /home/airflow/.local/lib/python3.8/site-packages/airflow/example_dags/example_setup_teardown.py
[2025-07-21T08:30:02.050+0000] {processor.py:830} INFO - Processing file /home/airflow/.local/lib/python3.8/site-packages/airflow/example_dags/example_setup_teardown.py for tasks to queue
[2025-07-21T08:30:02.062+0000] {logging_mixin.py:188} INFO - [2025-07-21T08:30:02.061+0000] {dagbag.py:538} INFO - Filling up the DagBag from /home/airflow/.local/lib/python3.8/site-packages/airflow/example_dags/example_setup_teardown.py
[2025-07-21T08:30:02.119+0000] {processor.py:840} INFO - DAG(s) 'example_setup_teardown' retrieved from /home/airflow/.local/lib/python3.8/site-packages/airflow/example_dags/example_setup_teardown.py
[2025-07-21T08:30:02.211+0000] {logging_mixin.py:188} INFO - [2025-07-21T08:30:02.211+0000] {dag.py:3036} INFO - Sync 1 DAGs
[2025-07-21T08:30:02.338+0000] {logging_mixin.py:188} INFO - [2025-07-21T08:30:02.337+0000] {dag.py:3823} INFO - Setting next_dagrun for example_setup_teardown to 2025-07-20 00:00:00+00:00, run_after=2025-07-21 00:00:00+00:00
[2025-07-21T08:30:02.417+0000] {processor.py:183} INFO - Processing /home/airflow/.local/lib/python3.8/site-packages/airflow/example_dags/example_setup_teardown.py took 0.401 seconds
[2025-07-21T08:30:32.526+0000] {processor.py:161} INFO - Started process (PID=1453) to work on /home/airflow/.local/lib/python3.8/site-packages/airflow/example_dags/example_setup_teardown.py
[2025-07-21T08:30:32.530+0000] {processor.py:830} INFO - Processing file /home/airflow/.local/lib/python3.8/site-packages/airflow/example_dags/example_setup_teardown.py for tasks to queue
[2025-07-21T08:30:32.536+0000] {logging_mixin.py:188} INFO - [2025-07-21T08:30:32.535+0000] {dagbag.py:538} INFO - Filling up the DagBag from /home/airflow/.local/lib/python3.8/site-packages/airflow/example_dags/example_setup_teardown.py
[2025-07-21T08:30:32.568+0000] {processor.py:840} INFO - DAG(s) 'example_setup_teardown' retrieved from /home/airflow/.local/lib/python3.8/site-packages/airflow/example_dags/example_setup_teardown.py
[2025-07-21T08:30:32.632+0000] {logging_mixin.py:188} INFO - [2025-07-21T08:30:32.631+0000] {dag.py:3036} INFO - Sync 1 DAGs
[2025-07-21T08:30:32.695+0000] {logging_mixin.py:188} INFO - [2025-07-21T08:30:32.695+0000] {dag.py:3823} INFO - Setting next_dagrun for example_setup_teardown to 2025-07-20 00:00:00+00:00, run_after=2025-07-21 00:00:00+00:00
[2025-07-21T08:30:32.747+0000] {processor.py:183} INFO - Processing /home/airflow/.local/lib/python3.8/site-packages/airflow/example_dags/example_setup_teardown.py took 0.233 seconds
[2025-07-21T08:31:07.865+0000] {processor.py:161} INFO - Started process (PID=1509) to work on /home/airflow/.local/lib/python3.8/site-packages/airflow/example_dags/example_setup_teardown.py
[2025-07-21T08:31:07.867+0000] {processor.py:830} INFO - Processing file /home/airflow/.local/lib/python3.8/site-packages/airflow/example_dags/example_setup_teardown.py for tasks to queue
[2025-07-21T08:31:07.873+0000] {logging_mixin.py:188} INFO - [2025-07-21T08:31:07.873+0000] {dagbag.py:538} INFO - Filling up the DagBag from /home/airflow/.local/lib/python3.8/site-packages/airflow/example_dags/example_setup_teardown.py
[2025-07-21T08:31:07.904+0000] {processor.py:840} INFO - DAG(s) 'example_setup_teardown' retrieved from /home/airflow/.local/lib/python3.8/site-packages/airflow/example_dags/example_setup_teardown.py
[2025-07-21T08:31:07.995+0000] {logging_mixin.py:188} INFO - [2025-07-21T08:31:07.995+0000] {dag.py:3036} INFO - Sync 1 DAGs
[2025-07-21T08:31:08.113+0000] {logging_mixin.py:188} INFO - [2025-07-21T08:31:08.113+0000] {dag.py:3823} INFO - Setting next_dagrun for example_setup_teardown to 2025-07-20 00:00:00+00:00, run_after=2025-07-21 00:00:00+00:00
[2025-07-21T08:31:08.202+0000] {processor.py:183} INFO - Processing /home/airflow/.local/lib/python3.8/site-packages/airflow/example_dags/example_setup_teardown.py took 0.362 seconds
[2025-07-21T08:31:39.224+0000] {processor.py:161} INFO - Started process (PID=1564) to work on /home/airflow/.local/lib/python3.8/site-packages/airflow/example_dags/example_setup_teardown.py
[2025-07-21T08:31:39.509+0000] {processor.py:830} INFO - Processing file /home/airflow/.local/lib/python3.8/site-packages/airflow/example_dags/example_setup_teardown.py for tasks to queue
[2025-07-21T08:31:39.523+0000] {logging_mixin.py:188} INFO - [2025-07-21T08:31:39.522+0000] {dagbag.py:538} INFO - Filling up the DagBag from /home/airflow/.local/lib/python3.8/site-packages/airflow/example_dags/example_setup_teardown.py
[2025-07-21T08:31:39.571+0000] {processor.py:840} INFO - DAG(s) 'example_setup_teardown' retrieved from /home/airflow/.local/lib/python3.8/site-packages/airflow/example_dags/example_setup_teardown.py
[2025-07-21T08:31:39.757+0000] {logging_mixin.py:188} INFO - [2025-07-21T08:31:39.756+0000] {dag.py:3036} INFO - Sync 1 DAGs
[2025-07-21T08:31:39.907+0000] {logging_mixin.py:188} INFO - [2025-07-21T08:31:39.894+0000] {dag.py:3823} INFO - Setting next_dagrun for example_setup_teardown to 2025-07-20 00:00:00+00:00, run_after=2025-07-21 00:00:00+00:00
[2025-07-21T08:31:40.015+0000] {processor.py:183} INFO - Processing /home/airflow/.local/lib/python3.8/site-packages/airflow/example_dags/example_setup_teardown.py took 0.809 seconds
[2025-07-21T08:32:12.072+0000] {processor.py:161} INFO - Started process (PID=1615) to work on /home/airflow/.local/lib/python3.8/site-packages/airflow/example_dags/example_setup_teardown.py
[2025-07-21T08:32:12.134+0000] {processor.py:830} INFO - Processing file /home/airflow/.local/lib/python3.8/site-packages/airflow/example_dags/example_setup_teardown.py for tasks to queue
[2025-07-21T08:32:12.214+0000] {logging_mixin.py:188} INFO - [2025-07-21T08:32:12.213+0000] {dagbag.py:538} INFO - Filling up the DagBag from /home/airflow/.local/lib/python3.8/site-packages/airflow/example_dags/example_setup_teardown.py
[2025-07-21T08:32:12.315+0000] {processor.py:840} INFO - DAG(s) 'example_setup_teardown' retrieved from /home/airflow/.local/lib/python3.8/site-packages/airflow/example_dags/example_setup_teardown.py
[2025-07-21T08:32:12.890+0000] {logging_mixin.py:188} INFO - [2025-07-21T08:32:12.884+0000] {dag.py:3036} INFO - Sync 1 DAGs
[2025-07-21T08:32:13.061+0000] {logging_mixin.py:188} INFO - [2025-07-21T08:32:13.061+0000] {dag.py:3823} INFO - Setting next_dagrun for example_setup_teardown to 2025-07-20 00:00:00+00:00, run_after=2025-07-21 00:00:00+00:00
[2025-07-21T08:32:13.211+0000] {processor.py:183} INFO - Processing /home/airflow/.local/lib/python3.8/site-packages/airflow/example_dags/example_setup_teardown.py took 1.198 seconds
[2025-07-21T08:32:46.828+0000] {processor.py:161} INFO - Started process (PID=1670) to work on /home/airflow/.local/lib/python3.8/site-packages/airflow/example_dags/example_setup_teardown.py
[2025-07-21T08:32:46.866+0000] {processor.py:830} INFO - Processing file /home/airflow/.local/lib/python3.8/site-packages/airflow/example_dags/example_setup_teardown.py for tasks to queue
[2025-07-21T08:32:46.896+0000] {logging_mixin.py:188} INFO - [2025-07-21T08:32:46.896+0000] {dagbag.py:538} INFO - Filling up the DagBag from /home/airflow/.local/lib/python3.8/site-packages/airflow/example_dags/example_setup_teardown.py
[2025-07-21T08:32:47.004+0000] {processor.py:840} INFO - DAG(s) 'example_setup_teardown' retrieved from /home/airflow/.local/lib/python3.8/site-packages/airflow/example_dags/example_setup_teardown.py
[2025-07-21T08:32:47.360+0000] {logging_mixin.py:188} INFO - [2025-07-21T08:32:47.359+0000] {dag.py:3036} INFO - Sync 1 DAGs
[2025-07-21T08:32:47.602+0000] {logging_mixin.py:188} INFO - [2025-07-21T08:32:47.602+0000] {dag.py:3823} INFO - Setting next_dagrun for example_setup_teardown to 2025-07-20 00:00:00+00:00, run_after=2025-07-21 00:00:00+00:00
[2025-07-21T08:32:47.835+0000] {processor.py:183} INFO - Processing /home/airflow/.local/lib/python3.8/site-packages/airflow/example_dags/example_setup_teardown.py took 1.042 seconds
[2025-07-21T08:33:18.283+0000] {processor.py:161} INFO - Started process (PID=1725) to work on /home/airflow/.local/lib/python3.8/site-packages/airflow/example_dags/example_setup_teardown.py
[2025-07-21T08:33:18.286+0000] {processor.py:830} INFO - Processing file /home/airflow/.local/lib/python3.8/site-packages/airflow/example_dags/example_setup_teardown.py for tasks to queue
[2025-07-21T08:33:18.290+0000] {logging_mixin.py:188} INFO - [2025-07-21T08:33:18.290+0000] {dagbag.py:538} INFO - Filling up the DagBag from /home/airflow/.local/lib/python3.8/site-packages/airflow/example_dags/example_setup_teardown.py
[2025-07-21T08:33:18.327+0000] {processor.py:840} INFO - DAG(s) 'example_setup_teardown' retrieved from /home/airflow/.local/lib/python3.8/site-packages/airflow/example_dags/example_setup_teardown.py
[2025-07-21T08:33:18.379+0000] {logging_mixin.py:188} INFO - [2025-07-21T08:33:18.378+0000] {dag.py:3036} INFO - Sync 1 DAGs
[2025-07-21T08:33:18.445+0000] {logging_mixin.py:188} INFO - [2025-07-21T08:33:18.444+0000] {dag.py:3823} INFO - Setting next_dagrun for example_setup_teardown to 2025-07-20 00:00:00+00:00, run_after=2025-07-21 00:00:00+00:00
[2025-07-21T08:33:18.519+0000] {processor.py:183} INFO - Processing /home/airflow/.local/lib/python3.8/site-packages/airflow/example_dags/example_setup_teardown.py took 0.277 seconds
[2025-07-21T08:33:49.082+0000] {processor.py:161} INFO - Started process (PID=1780) to work on /home/airflow/.local/lib/python3.8/site-packages/airflow/example_dags/example_setup_teardown.py
[2025-07-21T08:33:49.086+0000] {processor.py:830} INFO - Processing file /home/airflow/.local/lib/python3.8/site-packages/airflow/example_dags/example_setup_teardown.py for tasks to queue
[2025-07-21T08:33:49.093+0000] {logging_mixin.py:188} INFO - [2025-07-21T08:33:49.092+0000] {dagbag.py:538} INFO - Filling up the DagBag from /home/airflow/.local/lib/python3.8/site-packages/airflow/example_dags/example_setup_teardown.py
[2025-07-21T08:33:49.115+0000] {processor.py:840} INFO - DAG(s) 'example_setup_teardown' retrieved from /home/airflow/.local/lib/python3.8/site-packages/airflow/example_dags/example_setup_teardown.py
[2025-07-21T08:33:49.185+0000] {logging_mixin.py:188} INFO - [2025-07-21T08:33:49.185+0000] {dag.py:3036} INFO - Sync 1 DAGs
[2025-07-21T08:33:49.250+0000] {logging_mixin.py:188} INFO - [2025-07-21T08:33:49.249+0000] {dag.py:3823} INFO - Setting next_dagrun for example_setup_teardown to 2025-07-20 00:00:00+00:00, run_after=2025-07-21 00:00:00+00:00
[2025-07-21T08:33:49.302+0000] {processor.py:183} INFO - Processing /home/airflow/.local/lib/python3.8/site-packages/airflow/example_dags/example_setup_teardown.py took 0.244 seconds
[2025-07-21T08:34:19.664+0000] {processor.py:161} INFO - Started process (PID=1835) to work on /home/airflow/.local/lib/python3.8/site-packages/airflow/example_dags/example_setup_teardown.py
[2025-07-21T08:34:19.667+0000] {processor.py:830} INFO - Processing file /home/airflow/.local/lib/python3.8/site-packages/airflow/example_dags/example_setup_teardown.py for tasks to queue
[2025-07-21T08:34:19.674+0000] {logging_mixin.py:188} INFO - [2025-07-21T08:34:19.673+0000] {dagbag.py:538} INFO - Filling up the DagBag from /home/airflow/.local/lib/python3.8/site-packages/airflow/example_dags/example_setup_teardown.py
[2025-07-21T08:34:19.709+0000] {processor.py:840} INFO - DAG(s) 'example_setup_teardown' retrieved from /home/airflow/.local/lib/python3.8/site-packages/airflow/example_dags/example_setup_teardown.py
[2025-07-21T08:34:19.876+0000] {logging_mixin.py:188} INFO - [2025-07-21T08:34:19.875+0000] {dag.py:3036} INFO - Sync 1 DAGs
[2025-07-21T08:34:19.964+0000] {logging_mixin.py:188} INFO - [2025-07-21T08:34:19.964+0000] {dag.py:3823} INFO - Setting next_dagrun for example_setup_teardown to 2025-07-20 00:00:00+00:00, run_after=2025-07-21 00:00:00+00:00
[2025-07-21T08:34:20.015+0000] {processor.py:183} INFO - Processing /home/airflow/.local/lib/python3.8/site-packages/airflow/example_dags/example_setup_teardown.py took 0.364 seconds
[2025-07-21T08:34:50.335+0000] {processor.py:161} INFO - Started process (PID=1890) to work on /home/airflow/.local/lib/python3.8/site-packages/airflow/example_dags/example_setup_teardown.py
[2025-07-21T08:34:50.338+0000] {processor.py:830} INFO - Processing file /home/airflow/.local/lib/python3.8/site-packages/airflow/example_dags/example_setup_teardown.py for tasks to queue
[2025-07-21T08:34:50.344+0000] {logging_mixin.py:188} INFO - [2025-07-21T08:34:50.343+0000] {dagbag.py:538} INFO - Filling up the DagBag from /home/airflow/.local/lib/python3.8/site-packages/airflow/example_dags/example_setup_teardown.py
[2025-07-21T08:34:50.365+0000] {processor.py:840} INFO - DAG(s) 'example_setup_teardown' retrieved from /home/airflow/.local/lib/python3.8/site-packages/airflow/example_dags/example_setup_teardown.py
[2025-07-21T08:34:50.510+0000] {logging_mixin.py:188} INFO - [2025-07-21T08:34:50.510+0000] {dag.py:3036} INFO - Sync 1 DAGs
[2025-07-21T08:34:50.673+0000] {logging_mixin.py:188} INFO - [2025-07-21T08:34:50.663+0000] {dag.py:3823} INFO - Setting next_dagrun for example_setup_teardown to 2025-07-20 00:00:00+00:00, run_after=2025-07-21 00:00:00+00:00
[2025-07-21T08:34:50.748+0000] {processor.py:183} INFO - Processing /home/airflow/.local/lib/python3.8/site-packages/airflow/example_dags/example_setup_teardown.py took 0.421 seconds
[2025-07-21T08:35:21.466+0000] {processor.py:161} INFO - Started process (PID=1945) to work on /home/airflow/.local/lib/python3.8/site-packages/airflow/example_dags/example_setup_teardown.py
[2025-07-21T08:35:21.472+0000] {processor.py:830} INFO - Processing file /home/airflow/.local/lib/python3.8/site-packages/airflow/example_dags/example_setup_teardown.py for tasks to queue
[2025-07-21T08:35:21.483+0000] {logging_mixin.py:188} INFO - [2025-07-21T08:35:21.483+0000] {dagbag.py:538} INFO - Filling up the DagBag from /home/airflow/.local/lib/python3.8/site-packages/airflow/example_dags/example_setup_teardown.py
[2025-07-21T08:35:21.511+0000] {processor.py:840} INFO - DAG(s) 'example_setup_teardown' retrieved from /home/airflow/.local/lib/python3.8/site-packages/airflow/example_dags/example_setup_teardown.py
[2025-07-21T08:35:21.581+0000] {logging_mixin.py:188} INFO - [2025-07-21T08:35:21.580+0000] {dag.py:3036} INFO - Sync 1 DAGs
[2025-07-21T08:35:21.665+0000] {logging_mixin.py:188} INFO - [2025-07-21T08:35:21.664+0000] {dag.py:3823} INFO - Setting next_dagrun for example_setup_teardown to 2025-07-20 00:00:00+00:00, run_after=2025-07-21 00:00:00+00:00
[2025-07-21T08:35:21.748+0000] {processor.py:183} INFO - Processing /home/airflow/.local/lib/python3.8/site-packages/airflow/example_dags/example_setup_teardown.py took 0.299 seconds
[2025-07-21T08:35:53.108+0000] {processor.py:161} INFO - Started process (PID=2000) to work on /home/airflow/.local/lib/python3.8/site-packages/airflow/example_dags/example_setup_teardown.py
[2025-07-21T08:35:53.116+0000] {processor.py:830} INFO - Processing file /home/airflow/.local/lib/python3.8/site-packages/airflow/example_dags/example_setup_teardown.py for tasks to queue
[2025-07-21T08:35:53.130+0000] {logging_mixin.py:188} INFO - [2025-07-21T08:35:53.129+0000] {dagbag.py:538} INFO - Filling up the DagBag from /home/airflow/.local/lib/python3.8/site-packages/airflow/example_dags/example_setup_teardown.py
[2025-07-21T08:35:53.167+0000] {processor.py:840} INFO - DAG(s) 'example_setup_teardown' retrieved from /home/airflow/.local/lib/python3.8/site-packages/airflow/example_dags/example_setup_teardown.py
[2025-07-21T08:35:53.285+0000] {logging_mixin.py:188} INFO - [2025-07-21T08:35:53.285+0000] {dag.py:3036} INFO - Sync 1 DAGs
[2025-07-21T08:35:53.343+0000] {logging_mixin.py:188} INFO - [2025-07-21T08:35:53.343+0000] {dag.py:3823} INFO - Setting next_dagrun for example_setup_teardown to 2025-07-20 00:00:00+00:00, run_after=2025-07-21 00:00:00+00:00
[2025-07-21T08:35:53.398+0000] {processor.py:183} INFO - Processing /home/airflow/.local/lib/python3.8/site-packages/airflow/example_dags/example_setup_teardown.py took 0.330 seconds
[2025-07-21T08:36:24.331+0000] {processor.py:161} INFO - Started process (PID=2055) to work on /home/airflow/.local/lib/python3.8/site-packages/airflow/example_dags/example_setup_teardown.py
[2025-07-21T08:36:24.340+0000] {processor.py:830} INFO - Processing file /home/airflow/.local/lib/python3.8/site-packages/airflow/example_dags/example_setup_teardown.py for tasks to queue
[2025-07-21T08:36:24.345+0000] {logging_mixin.py:188} INFO - [2025-07-21T08:36:24.344+0000] {dagbag.py:538} INFO - Filling up the DagBag from /home/airflow/.local/lib/python3.8/site-packages/airflow/example_dags/example_setup_teardown.py
[2025-07-21T08:36:24.381+0000] {processor.py:840} INFO - DAG(s) 'example_setup_teardown' retrieved from /home/airflow/.local/lib/python3.8/site-packages/airflow/example_dags/example_setup_teardown.py
[2025-07-21T08:36:24.475+0000] {logging_mixin.py:188} INFO - [2025-07-21T08:36:24.474+0000] {dag.py:3036} INFO - Sync 1 DAGs
[2025-07-21T08:36:24.574+0000] {logging_mixin.py:188} INFO - [2025-07-21T08:36:24.573+0000] {dag.py:3823} INFO - Setting next_dagrun for example_setup_teardown to 2025-07-20 00:00:00+00:00, run_after=2025-07-21 00:00:00+00:00
[2025-07-21T08:36:24.617+0000] {processor.py:183} INFO - Processing /home/airflow/.local/lib/python3.8/site-packages/airflow/example_dags/example_setup_teardown.py took 0.299 seconds
[2025-07-21T08:36:55.184+0000] {processor.py:161} INFO - Started process (PID=2111) to work on /home/airflow/.local/lib/python3.8/site-packages/airflow/example_dags/example_setup_teardown.py
[2025-07-21T08:36:55.187+0000] {processor.py:830} INFO - Processing file /home/airflow/.local/lib/python3.8/site-packages/airflow/example_dags/example_setup_teardown.py for tasks to queue
[2025-07-21T08:36:55.193+0000] {logging_mixin.py:188} INFO - [2025-07-21T08:36:55.193+0000] {dagbag.py:538} INFO - Filling up the DagBag from /home/airflow/.local/lib/python3.8/site-packages/airflow/example_dags/example_setup_teardown.py
[2025-07-21T08:36:55.213+0000] {processor.py:840} INFO - DAG(s) 'example_setup_teardown' retrieved from /home/airflow/.local/lib/python3.8/site-packages/airflow/example_dags/example_setup_teardown.py
[2025-07-21T08:36:55.328+0000] {logging_mixin.py:188} INFO - [2025-07-21T08:36:55.328+0000] {dag.py:3036} INFO - Sync 1 DAGs
[2025-07-21T08:36:55.385+0000] {logging_mixin.py:188} INFO - [2025-07-21T08:36:55.385+0000] {dag.py:3823} INFO - Setting next_dagrun for example_setup_teardown to 2025-07-20 00:00:00+00:00, run_after=2025-07-21 00:00:00+00:00
[2025-07-21T08:36:55.430+0000] {processor.py:183} INFO - Processing /home/airflow/.local/lib/python3.8/site-packages/airflow/example_dags/example_setup_teardown.py took 0.257 seconds
[2025-07-21T08:37:26.446+0000] {processor.py:161} INFO - Started process (PID=2166) to work on /home/airflow/.local/lib/python3.8/site-packages/airflow/example_dags/example_setup_teardown.py
[2025-07-21T08:37:26.450+0000] {processor.py:830} INFO - Processing file /home/airflow/.local/lib/python3.8/site-packages/airflow/example_dags/example_setup_teardown.py for tasks to queue
[2025-07-21T08:37:26.464+0000] {logging_mixin.py:188} INFO - [2025-07-21T08:37:26.464+0000] {dagbag.py:538} INFO - Filling up the DagBag from /home/airflow/.local/lib/python3.8/site-packages/airflow/example_dags/example_setup_teardown.py
[2025-07-21T08:37:26.512+0000] {processor.py:840} INFO - DAG(s) 'example_setup_teardown' retrieved from /home/airflow/.local/lib/python3.8/site-packages/airflow/example_dags/example_setup_teardown.py
[2025-07-21T08:37:26.661+0000] {logging_mixin.py:188} INFO - [2025-07-21T08:37:26.661+0000] {dag.py:3036} INFO - Sync 1 DAGs
[2025-07-21T08:37:26.709+0000] {logging_mixin.py:188} INFO - [2025-07-21T08:37:26.709+0000] {dag.py:3823} INFO - Setting next_dagrun for example_setup_teardown to 2025-07-20 00:00:00+00:00, run_after=2025-07-21 00:00:00+00:00
[2025-07-21T08:37:26.748+0000] {processor.py:183} INFO - Processing /home/airflow/.local/lib/python3.8/site-packages/airflow/example_dags/example_setup_teardown.py took 0.314 seconds
[2025-07-21T08:37:58.060+0000] {processor.py:161} INFO - Started process (PID=2222) to work on /home/airflow/.local/lib/python3.8/site-packages/airflow/example_dags/example_setup_teardown.py
[2025-07-21T08:37:58.063+0000] {processor.py:830} INFO - Processing file /home/airflow/.local/lib/python3.8/site-packages/airflow/example_dags/example_setup_teardown.py for tasks to queue
[2025-07-21T08:37:58.067+0000] {logging_mixin.py:188} INFO - [2025-07-21T08:37:58.066+0000] {dagbag.py:538} INFO - Filling up the DagBag from /home/airflow/.local/lib/python3.8/site-packages/airflow/example_dags/example_setup_teardown.py
[2025-07-21T08:37:58.083+0000] {processor.py:840} INFO - DAG(s) 'example_setup_teardown' retrieved from /home/airflow/.local/lib/python3.8/site-packages/airflow/example_dags/example_setup_teardown.py
[2025-07-21T08:37:58.131+0000] {logging_mixin.py:188} INFO - [2025-07-21T08:37:58.131+0000] {dag.py:3036} INFO - Sync 1 DAGs
[2025-07-21T08:37:58.213+0000] {logging_mixin.py:188} INFO - [2025-07-21T08:37:58.212+0000] {dag.py:3823} INFO - Setting next_dagrun for example_setup_teardown to 2025-07-20 00:00:00+00:00, run_after=2025-07-21 00:00:00+00:00
[2025-07-21T08:37:58.257+0000] {processor.py:183} INFO - Processing /home/airflow/.local/lib/python3.8/site-packages/airflow/example_dags/example_setup_teardown.py took 0.206 seconds
[2025-07-21T08:38:32.502+0000] {processor.py:161} INFO - Started process (PID=2280) to work on /home/airflow/.local/lib/python3.8/site-packages/airflow/example_dags/example_setup_teardown.py
[2025-07-21T08:38:32.506+0000] {processor.py:830} INFO - Processing file /home/airflow/.local/lib/python3.8/site-packages/airflow/example_dags/example_setup_teardown.py for tasks to queue
[2025-07-21T08:38:32.514+0000] {logging_mixin.py:188} INFO - [2025-07-21T08:38:32.514+0000] {dagbag.py:538} INFO - Filling up the DagBag from /home/airflow/.local/lib/python3.8/site-packages/airflow/example_dags/example_setup_teardown.py
[2025-07-21T08:38:32.562+0000] {processor.py:840} INFO - DAG(s) 'example_setup_teardown' retrieved from /home/airflow/.local/lib/python3.8/site-packages/airflow/example_dags/example_setup_teardown.py
[2025-07-21T08:38:32.661+0000] {logging_mixin.py:188} INFO - [2025-07-21T08:38:32.660+0000] {dag.py:3036} INFO - Sync 1 DAGs
[2025-07-21T08:38:32.768+0000] {logging_mixin.py:188} INFO - [2025-07-21T08:38:32.768+0000] {dag.py:3823} INFO - Setting next_dagrun for example_setup_teardown to 2025-07-20 00:00:00+00:00, run_after=2025-07-21 00:00:00+00:00
[2025-07-21T08:38:33.324+0000] {processor.py:183} INFO - Processing /home/airflow/.local/lib/python3.8/site-packages/airflow/example_dags/example_setup_teardown.py took 0.836 seconds
[2025-07-21T08:39:04.621+0000] {processor.py:161} INFO - Started process (PID=2336) to work on /home/airflow/.local/lib/python3.8/site-packages/airflow/example_dags/example_setup_teardown.py
[2025-07-21T08:39:04.650+0000] {processor.py:830} INFO - Processing file /home/airflow/.local/lib/python3.8/site-packages/airflow/example_dags/example_setup_teardown.py for tasks to queue
[2025-07-21T08:39:04.654+0000] {logging_mixin.py:188} INFO - [2025-07-21T08:39:04.653+0000] {dagbag.py:538} INFO - Filling up the DagBag from /home/airflow/.local/lib/python3.8/site-packages/airflow/example_dags/example_setup_teardown.py
[2025-07-21T08:39:04.689+0000] {processor.py:840} INFO - DAG(s) 'example_setup_teardown' retrieved from /home/airflow/.local/lib/python3.8/site-packages/airflow/example_dags/example_setup_teardown.py
[2025-07-21T08:39:04.842+0000] {logging_mixin.py:188} INFO - [2025-07-21T08:39:04.832+0000] {dag.py:3036} INFO - Sync 1 DAGs
[2025-07-21T08:39:04.991+0000] {logging_mixin.py:188} INFO - [2025-07-21T08:39:04.990+0000] {dag.py:3823} INFO - Setting next_dagrun for example_setup_teardown to 2025-07-20 00:00:00+00:00, run_after=2025-07-21 00:00:00+00:00
[2025-07-21T08:39:05.133+0000] {processor.py:183} INFO - Processing /home/airflow/.local/lib/python3.8/site-packages/airflow/example_dags/example_setup_teardown.py took 0.526 seconds
[2025-07-21T08:39:35.373+0000] {processor.py:161} INFO - Started process (PID=2391) to work on /home/airflow/.local/lib/python3.8/site-packages/airflow/example_dags/example_setup_teardown.py
[2025-07-21T08:39:35.376+0000] {processor.py:830} INFO - Processing file /home/airflow/.local/lib/python3.8/site-packages/airflow/example_dags/example_setup_teardown.py for tasks to queue
[2025-07-21T08:39:35.382+0000] {logging_mixin.py:188} INFO - [2025-07-21T08:39:35.381+0000] {dagbag.py:538} INFO - Filling up the DagBag from /home/airflow/.local/lib/python3.8/site-packages/airflow/example_dags/example_setup_teardown.py
[2025-07-21T08:39:35.472+0000] {processor.py:840} INFO - DAG(s) 'example_setup_teardown' retrieved from /home/airflow/.local/lib/python3.8/site-packages/airflow/example_dags/example_setup_teardown.py
[2025-07-21T08:39:35.530+0000] {logging_mixin.py:188} INFO - [2025-07-21T08:39:35.529+0000] {dag.py:3036} INFO - Sync 1 DAGs
[2025-07-21T08:39:35.598+0000] {logging_mixin.py:188} INFO - [2025-07-21T08:39:35.598+0000] {dag.py:3823} INFO - Setting next_dagrun for example_setup_teardown to 2025-07-20 00:00:00+00:00, run_after=2025-07-21 00:00:00+00:00
[2025-07-21T08:39:35.645+0000] {processor.py:183} INFO - Processing /home/airflow/.local/lib/python3.8/site-packages/airflow/example_dags/example_setup_teardown.py took 0.282 seconds
[2025-07-21T08:40:06.431+0000] {processor.py:161} INFO - Started process (PID=2447) to work on /home/airflow/.local/lib/python3.8/site-packages/airflow/example_dags/example_setup_teardown.py
[2025-07-21T08:40:06.435+0000] {processor.py:830} INFO - Processing file /home/airflow/.local/lib/python3.8/site-packages/airflow/example_dags/example_setup_teardown.py for tasks to queue
[2025-07-21T08:40:06.441+0000] {logging_mixin.py:188} INFO - [2025-07-21T08:40:06.441+0000] {dagbag.py:538} INFO - Filling up the DagBag from /home/airflow/.local/lib/python3.8/site-packages/airflow/example_dags/example_setup_teardown.py
[2025-07-21T08:40:06.463+0000] {processor.py:840} INFO - DAG(s) 'example_setup_teardown' retrieved from /home/airflow/.local/lib/python3.8/site-packages/airflow/example_dags/example_setup_teardown.py
[2025-07-21T08:40:06.560+0000] {logging_mixin.py:188} INFO - [2025-07-21T08:40:06.560+0000] {dag.py:3036} INFO - Sync 1 DAGs
[2025-07-21T08:40:06.675+0000] {logging_mixin.py:188} INFO - [2025-07-21T08:40:06.675+0000] {dag.py:3823} INFO - Setting next_dagrun for example_setup_teardown to 2025-07-20 00:00:00+00:00, run_after=2025-07-21 00:00:00+00:00
[2025-07-21T08:40:06.747+0000] {processor.py:183} INFO - Processing /home/airflow/.local/lib/python3.8/site-packages/airflow/example_dags/example_setup_teardown.py took 0.329 seconds
[2025-07-21T08:40:38.109+0000] {processor.py:161} INFO - Started process (PID=2502) to work on /home/airflow/.local/lib/python3.8/site-packages/airflow/example_dags/example_setup_teardown.py
[2025-07-21T08:40:38.112+0000] {processor.py:830} INFO - Processing file /home/airflow/.local/lib/python3.8/site-packages/airflow/example_dags/example_setup_teardown.py for tasks to queue
[2025-07-21T08:40:38.118+0000] {logging_mixin.py:188} INFO - [2025-07-21T08:40:38.117+0000] {dagbag.py:538} INFO - Filling up the DagBag from /home/airflow/.local/lib/python3.8/site-packages/airflow/example_dags/example_setup_teardown.py
[2025-07-21T08:40:38.136+0000] {processor.py:840} INFO - DAG(s) 'example_setup_teardown' retrieved from /home/airflow/.local/lib/python3.8/site-packages/airflow/example_dags/example_setup_teardown.py
[2025-07-21T08:40:38.863+0000] {logging_mixin.py:188} INFO - [2025-07-21T08:40:38.862+0000] {dag.py:3036} INFO - Sync 1 DAGs
[2025-07-21T08:40:38.905+0000] {logging_mixin.py:188} INFO - [2025-07-21T08:40:38.904+0000] {dag.py:3823} INFO - Setting next_dagrun for example_setup_teardown to 2025-07-20 00:00:00+00:00, run_after=2025-07-21 00:00:00+00:00
[2025-07-21T08:40:38.940+0000] {processor.py:183} INFO - Processing /home/airflow/.local/lib/python3.8/site-packages/airflow/example_dags/example_setup_teardown.py took 0.848 seconds
[2025-07-21T08:41:11.019+0000] {processor.py:161} INFO - Started process (PID=2558) to work on /home/airflow/.local/lib/python3.8/site-packages/airflow/example_dags/example_setup_teardown.py
[2025-07-21T08:41:11.023+0000] {processor.py:830} INFO - Processing file /home/airflow/.local/lib/python3.8/site-packages/airflow/example_dags/example_setup_teardown.py for tasks to queue
[2025-07-21T08:41:11.031+0000] {logging_mixin.py:188} INFO - [2025-07-21T08:41:11.030+0000] {dagbag.py:538} INFO - Filling up the DagBag from /home/airflow/.local/lib/python3.8/site-packages/airflow/example_dags/example_setup_teardown.py
[2025-07-21T08:41:11.055+0000] {processor.py:840} INFO - DAG(s) 'example_setup_teardown' retrieved from /home/airflow/.local/lib/python3.8/site-packages/airflow/example_dags/example_setup_teardown.py
[2025-07-21T08:41:11.176+0000] {logging_mixin.py:188} INFO - [2025-07-21T08:41:11.176+0000] {dag.py:3036} INFO - Sync 1 DAGs
[2025-07-21T08:41:11.506+0000] {logging_mixin.py:188} INFO - [2025-07-21T08:41:11.505+0000] {dag.py:3823} INFO - Setting next_dagrun for example_setup_teardown to 2025-07-20 00:00:00+00:00, run_after=2025-07-21 00:00:00+00:00
[2025-07-21T08:41:11.543+0000] {processor.py:183} INFO - Processing /home/airflow/.local/lib/python3.8/site-packages/airflow/example_dags/example_setup_teardown.py took 0.537 seconds
[2025-07-21T08:41:42.267+0000] {processor.py:161} INFO - Started process (PID=2613) to work on /home/airflow/.local/lib/python3.8/site-packages/airflow/example_dags/example_setup_teardown.py
[2025-07-21T08:41:42.271+0000] {processor.py:830} INFO - Processing file /home/airflow/.local/lib/python3.8/site-packages/airflow/example_dags/example_setup_teardown.py for tasks to queue
[2025-07-21T08:41:42.284+0000] {logging_mixin.py:188} INFO - [2025-07-21T08:41:42.283+0000] {dagbag.py:538} INFO - Filling up the DagBag from /home/airflow/.local/lib/python3.8/site-packages/airflow/example_dags/example_setup_teardown.py
[2025-07-21T08:41:42.317+0000] {processor.py:840} INFO - DAG(s) 'example_setup_teardown' retrieved from /home/airflow/.local/lib/python3.8/site-packages/airflow/example_dags/example_setup_teardown.py
[2025-07-21T08:41:42.377+0000] {logging_mixin.py:188} INFO - [2025-07-21T08:41:42.376+0000] {dag.py:3036} INFO - Sync 1 DAGs
[2025-07-21T08:41:42.450+0000] {logging_mixin.py:188} INFO - [2025-07-21T08:41:42.449+0000] {dag.py:3823} INFO - Setting next_dagrun for example_setup_teardown to 2025-07-20 00:00:00+00:00, run_after=2025-07-21 00:00:00+00:00
[2025-07-21T08:41:42.494+0000] {processor.py:183} INFO - Processing /home/airflow/.local/lib/python3.8/site-packages/airflow/example_dags/example_setup_teardown.py took 0.241 seconds
[2025-07-21T08:42:13.664+0000] {processor.py:161} INFO - Started process (PID=2668) to work on /home/airflow/.local/lib/python3.8/site-packages/airflow/example_dags/example_setup_teardown.py
[2025-07-21T08:42:13.683+0000] {processor.py:830} INFO - Processing file /home/airflow/.local/lib/python3.8/site-packages/airflow/example_dags/example_setup_teardown.py for tasks to queue
[2025-07-21T08:42:13.702+0000] {logging_mixin.py:188} INFO - [2025-07-21T08:42:13.688+0000] {dagbag.py:538} INFO - Filling up the DagBag from /home/airflow/.local/lib/python3.8/site-packages/airflow/example_dags/example_setup_teardown.py
[2025-07-21T08:42:13.742+0000] {processor.py:840} INFO - DAG(s) 'example_setup_teardown' retrieved from /home/airflow/.local/lib/python3.8/site-packages/airflow/example_dags/example_setup_teardown.py
[2025-07-21T08:42:13.933+0000] {logging_mixin.py:188} INFO - [2025-07-21T08:42:13.932+0000] {dag.py:3036} INFO - Sync 1 DAGs
[2025-07-21T08:42:14.061+0000] {logging_mixin.py:188} INFO - [2025-07-21T08:42:14.050+0000] {dag.py:3823} INFO - Setting next_dagrun for example_setup_teardown to 2025-07-20 00:00:00+00:00, run_after=2025-07-21 00:00:00+00:00
[2025-07-21T08:42:14.172+0000] {processor.py:183} INFO - Processing /home/airflow/.local/lib/python3.8/site-packages/airflow/example_dags/example_setup_teardown.py took 0.520 seconds
[2025-07-21T08:42:44.497+0000] {processor.py:161} INFO - Started process (PID=2723) to work on /home/airflow/.local/lib/python3.8/site-packages/airflow/example_dags/example_setup_teardown.py
[2025-07-21T08:42:44.500+0000] {processor.py:830} INFO - Processing file /home/airflow/.local/lib/python3.8/site-packages/airflow/example_dags/example_setup_teardown.py for tasks to queue
[2025-07-21T08:42:44.507+0000] {logging_mixin.py:188} INFO - [2025-07-21T08:42:44.507+0000] {dagbag.py:538} INFO - Filling up the DagBag from /home/airflow/.local/lib/python3.8/site-packages/airflow/example_dags/example_setup_teardown.py
[2025-07-21T08:42:44.547+0000] {processor.py:840} INFO - DAG(s) 'example_setup_teardown' retrieved from /home/airflow/.local/lib/python3.8/site-packages/airflow/example_dags/example_setup_teardown.py
[2025-07-21T08:42:44.634+0000] {logging_mixin.py:188} INFO - [2025-07-21T08:42:44.633+0000] {dag.py:3036} INFO - Sync 1 DAGs
[2025-07-21T08:42:44.721+0000] {logging_mixin.py:188} INFO - [2025-07-21T08:42:44.719+0000] {dag.py:3823} INFO - Setting next_dagrun for example_setup_teardown to 2025-07-20 00:00:00+00:00, run_after=2025-07-21 00:00:00+00:00
[2025-07-21T08:42:44.768+0000] {processor.py:183} INFO - Processing /home/airflow/.local/lib/python3.8/site-packages/airflow/example_dags/example_setup_teardown.py took 0.281 seconds
[2025-07-21T08:43:15.144+0000] {processor.py:161} INFO - Started process (PID=2778) to work on /home/airflow/.local/lib/python3.8/site-packages/airflow/example_dags/example_setup_teardown.py
[2025-07-21T08:43:15.147+0000] {processor.py:830} INFO - Processing file /home/airflow/.local/lib/python3.8/site-packages/airflow/example_dags/example_setup_teardown.py for tasks to queue
[2025-07-21T08:43:15.155+0000] {logging_mixin.py:188} INFO - [2025-07-21T08:43:15.154+0000] {dagbag.py:538} INFO - Filling up the DagBag from /home/airflow/.local/lib/python3.8/site-packages/airflow/example_dags/example_setup_teardown.py
[2025-07-21T08:43:15.178+0000] {processor.py:840} INFO - DAG(s) 'example_setup_teardown' retrieved from /home/airflow/.local/lib/python3.8/site-packages/airflow/example_dags/example_setup_teardown.py
[2025-07-21T08:43:15.241+0000] {logging_mixin.py:188} INFO - [2025-07-21T08:43:15.240+0000] {dag.py:3036} INFO - Sync 1 DAGs
[2025-07-21T08:43:15.308+0000] {logging_mixin.py:188} INFO - [2025-07-21T08:43:15.307+0000] {dag.py:3823} INFO - Setting next_dagrun for example_setup_teardown to 2025-07-20 00:00:00+00:00, run_after=2025-07-21 00:00:00+00:00
[2025-07-21T08:43:15.379+0000] {processor.py:183} INFO - Processing /home/airflow/.local/lib/python3.8/site-packages/airflow/example_dags/example_setup_teardown.py took 0.246 seconds
[2025-07-21T08:43:45.908+0000] {processor.py:161} INFO - Started process (PID=2833) to work on /home/airflow/.local/lib/python3.8/site-packages/airflow/example_dags/example_setup_teardown.py
[2025-07-21T08:43:45.911+0000] {processor.py:830} INFO - Processing file /home/airflow/.local/lib/python3.8/site-packages/airflow/example_dags/example_setup_teardown.py for tasks to queue
[2025-07-21T08:43:45.956+0000] {logging_mixin.py:188} INFO - [2025-07-21T08:43:45.955+0000] {dagbag.py:538} INFO - Filling up the DagBag from /home/airflow/.local/lib/python3.8/site-packages/airflow/example_dags/example_setup_teardown.py
[2025-07-21T08:43:46.321+0000] {processor.py:840} INFO - DAG(s) 'example_setup_teardown' retrieved from /home/airflow/.local/lib/python3.8/site-packages/airflow/example_dags/example_setup_teardown.py
[2025-07-21T08:43:46.380+0000] {logging_mixin.py:188} INFO - [2025-07-21T08:43:46.379+0000] {dag.py:3036} INFO - Sync 1 DAGs
[2025-07-21T08:43:46.450+0000] {logging_mixin.py:188} INFO - [2025-07-21T08:43:46.450+0000] {dag.py:3823} INFO - Setting next_dagrun for example_setup_teardown to 2025-07-20 00:00:00+00:00, run_after=2025-07-21 00:00:00+00:00
[2025-07-21T08:43:46.511+0000] {processor.py:183} INFO - Processing /home/airflow/.local/lib/python3.8/site-packages/airflow/example_dags/example_setup_teardown.py took 0.635 seconds
