[2025-07-21T08:14:49.553+0000] {processor.py:161} INFO - Started process (PID=97) to work on /home/airflow/.local/lib/python3.8/site-packages/airflow/example_dags/example_sensors.py
[2025-07-21T08:14:49.567+0000] {processor.py:830} INFO - Processing file /home/airflow/.local/lib/python3.8/site-packages/airflow/example_dags/example_sensors.py for tasks to queue
[2025-07-21T08:14:49.585+0000] {logging_mixin.py:188} INFO - [2025-07-21T08:14:49.585+0000] {dagbag.py:538} INFO - Filling up the DagBag from /home/airflow/.local/lib/python3.8/site-packages/airflow/example_dags/example_sensors.py
[2025-07-21T08:14:49.662+0000] {processor.py:840} INFO - DAG(s) 'example_sensors' retrieved from /home/airflow/.local/lib/python3.8/site-packages/airflow/example_dags/example_sensors.py
[2025-07-21T08:14:49.955+0000] {logging_mixin.py:188} INFO - [2025-07-21T08:14:49.955+0000] {dag.py:3036} INFO - Sync 1 DAGs
[2025-07-21T08:14:50.018+0000] {logging_mixin.py:188} INFO - [2025-07-21T08:14:50.017+0000] {dag.py:3823} INFO - Setting next_dagrun for example_sensors to None, run_after=None
[2025-07-21T08:14:50.345+0000] {processor.py:183} INFO - Processing /home/airflow/.local/lib/python3.8/site-packages/airflow/example_dags/example_sensors.py took 0.799 seconds
[2025-07-21T08:15:24.150+0000] {processor.py:161} INFO - Started process (PID=153) to work on /home/airflow/.local/lib/python3.8/site-packages/airflow/example_dags/example_sensors.py
[2025-07-21T08:15:24.175+0000] {processor.py:830} INFO - Processing file /home/airflow/.local/lib/python3.8/site-packages/airflow/example_dags/example_sensors.py for tasks to queue
[2025-07-21T08:15:24.189+0000] {logging_mixin.py:188} INFO - [2025-07-21T08:15:24.188+0000] {dagbag.py:538} INFO - Filling up the DagBag from /home/airflow/.local/lib/python3.8/site-packages/airflow/example_dags/example_sensors.py
[2025-07-21T08:15:24.359+0000] {processor.py:840} INFO - DAG(s) 'example_sensors' retrieved from /home/airflow/.local/lib/python3.8/site-packages/airflow/example_dags/example_sensors.py
[2025-07-21T08:15:24.719+0000] {logging_mixin.py:188} INFO - [2025-07-21T08:15:24.719+0000] {dag.py:3036} INFO - Sync 1 DAGs
[2025-07-21T08:15:24.837+0000] {logging_mixin.py:188} INFO - [2025-07-21T08:15:24.837+0000] {dag.py:3823} INFO - Setting next_dagrun for example_sensors to None, run_after=None
[2025-07-21T08:15:25.000+0000] {processor.py:183} INFO - Processing /home/airflow/.local/lib/python3.8/site-packages/airflow/example_dags/example_sensors.py took 0.857 seconds
[2025-07-21T08:16:08.525+0000] {processor.py:161} INFO - Started process (PID=211) to work on /home/airflow/.local/lib/python3.8/site-packages/airflow/example_dags/example_sensors.py
[2025-07-21T08:16:08.540+0000] {processor.py:830} INFO - Processing file /home/airflow/.local/lib/python3.8/site-packages/airflow/example_dags/example_sensors.py for tasks to queue
[2025-07-21T08:16:08.553+0000] {logging_mixin.py:188} INFO - [2025-07-21T08:16:08.551+0000] {dagbag.py:538} INFO - Filling up the DagBag from /home/airflow/.local/lib/python3.8/site-packages/airflow/example_dags/example_sensors.py
[2025-07-21T08:16:08.656+0000] {processor.py:840} INFO - DAG(s) 'example_sensors' retrieved from /home/airflow/.local/lib/python3.8/site-packages/airflow/example_dags/example_sensors.py
[2025-07-21T08:16:08.925+0000] {logging_mixin.py:188} INFO - [2025-07-21T08:16:08.924+0000] {dag.py:3036} INFO - Sync 1 DAGs
[2025-07-21T08:16:09.129+0000] {logging_mixin.py:188} INFO - [2025-07-21T08:16:09.128+0000] {dag.py:3823} INFO - Setting next_dagrun for example_sensors to None, run_after=None
[2025-07-21T08:16:09.345+0000] {processor.py:183} INFO - Processing /home/airflow/.local/lib/python3.8/site-packages/airflow/example_dags/example_sensors.py took 0.831 seconds
[2025-07-21T08:16:48.866+0000] {processor.py:161} INFO - Started process (PID=272) to work on /home/airflow/.local/lib/python3.8/site-packages/airflow/example_dags/example_sensors.py
[2025-07-21T08:16:48.883+0000] {processor.py:830} INFO - Processing file /home/airflow/.local/lib/python3.8/site-packages/airflow/example_dags/example_sensors.py for tasks to queue
[2025-07-21T08:16:48.998+0000] {logging_mixin.py:188} INFO - [2025-07-21T08:16:48.998+0000] {dagbag.py:538} INFO - Filling up the DagBag from /home/airflow/.local/lib/python3.8/site-packages/airflow/example_dags/example_sensors.py
[2025-07-21T08:16:49.413+0000] {processor.py:840} INFO - DAG(s) 'example_sensors' retrieved from /home/airflow/.local/lib/python3.8/site-packages/airflow/example_dags/example_sensors.py
[2025-07-21T08:16:49.959+0000] {logging_mixin.py:188} INFO - [2025-07-21T08:16:49.959+0000] {dag.py:3036} INFO - Sync 1 DAGs
[2025-07-21T08:16:50.104+0000] {logging_mixin.py:188} INFO - [2025-07-21T08:16:50.040+0000] {dag.py:3823} INFO - Setting next_dagrun for example_sensors to None, run_after=None
[2025-07-21T08:16:50.355+0000] {processor.py:183} INFO - Processing /home/airflow/.local/lib/python3.8/site-packages/airflow/example_dags/example_sensors.py took 1.628 seconds
[2025-07-21T08:17:56.182+0000] {processor.py:161} INFO - Started process (PID=333) to work on /home/airflow/.local/lib/python3.8/site-packages/airflow/example_dags/example_sensors.py
[2025-07-21T08:17:56.191+0000] {processor.py:830} INFO - Processing file /home/airflow/.local/lib/python3.8/site-packages/airflow/example_dags/example_sensors.py for tasks to queue
[2025-07-21T08:17:56.201+0000] {logging_mixin.py:188} INFO - [2025-07-21T08:17:56.200+0000] {dagbag.py:538} INFO - Filling up the DagBag from /home/airflow/.local/lib/python3.8/site-packages/airflow/example_dags/example_sensors.py
[2025-07-21T08:17:56.272+0000] {processor.py:840} INFO - DAG(s) 'example_sensors' retrieved from /home/airflow/.local/lib/python3.8/site-packages/airflow/example_dags/example_sensors.py
[2025-07-21T08:17:56.701+0000] {logging_mixin.py:188} INFO - [2025-07-21T08:17:56.700+0000] {dag.py:3036} INFO - Sync 1 DAGs
[2025-07-21T08:17:57.074+0000] {logging_mixin.py:188} INFO - [2025-07-21T08:17:57.073+0000] {dag.py:3823} INFO - Setting next_dagrun for example_sensors to None, run_after=None
[2025-07-21T08:17:57.330+0000] {processor.py:183} INFO - Processing /home/airflow/.local/lib/python3.8/site-packages/airflow/example_dags/example_sensors.py took 1.201 seconds
[2025-07-21T08:19:33.880+0000] {processor.py:161} INFO - Started process (PID=404) to work on /home/airflow/.local/lib/python3.8/site-packages/airflow/example_dags/example_sensors.py
[2025-07-21T08:19:33.893+0000] {processor.py:830} INFO - Processing file /home/airflow/.local/lib/python3.8/site-packages/airflow/example_dags/example_sensors.py for tasks to queue
[2025-07-21T08:19:33.907+0000] {logging_mixin.py:188} INFO - [2025-07-21T08:19:33.897+0000] {dagbag.py:538} INFO - Filling up the DagBag from /home/airflow/.local/lib/python3.8/site-packages/airflow/example_dags/example_sensors.py
[2025-07-21T08:19:34.021+0000] {processor.py:840} INFO - DAG(s) 'example_sensors' retrieved from /home/airflow/.local/lib/python3.8/site-packages/airflow/example_dags/example_sensors.py
[2025-07-21T08:19:34.726+0000] {logging_mixin.py:188} INFO - [2025-07-21T08:19:34.725+0000] {dag.py:3036} INFO - Sync 1 DAGs
[2025-07-21T08:19:34.822+0000] {logging_mixin.py:188} INFO - [2025-07-21T08:19:34.822+0000] {dag.py:3823} INFO - Setting next_dagrun for example_sensors to None, run_after=None
[2025-07-21T08:19:35.050+0000] {processor.py:183} INFO - Processing /home/airflow/.local/lib/python3.8/site-packages/airflow/example_dags/example_sensors.py took 1.190 seconds
[2025-07-21T08:20:15.187+0000] {processor.py:161} INFO - Started process (PID=459) to work on /home/airflow/.local/lib/python3.8/site-packages/airflow/example_dags/example_sensors.py
[2025-07-21T08:20:15.189+0000] {processor.py:830} INFO - Processing file /home/airflow/.local/lib/python3.8/site-packages/airflow/example_dags/example_sensors.py for tasks to queue
[2025-07-21T08:20:15.195+0000] {logging_mixin.py:188} INFO - [2025-07-21T08:20:15.194+0000] {dagbag.py:538} INFO - Filling up the DagBag from /home/airflow/.local/lib/python3.8/site-packages/airflow/example_dags/example_sensors.py
[2025-07-21T08:20:15.232+0000] {processor.py:840} INFO - DAG(s) 'example_sensors' retrieved from /home/airflow/.local/lib/python3.8/site-packages/airflow/example_dags/example_sensors.py
[2025-07-21T08:20:15.311+0000] {logging_mixin.py:188} INFO - [2025-07-21T08:20:15.310+0000] {dag.py:3036} INFO - Sync 1 DAGs
[2025-07-21T08:20:15.344+0000] {logging_mixin.py:188} INFO - [2025-07-21T08:20:15.343+0000] {dag.py:3823} INFO - Setting next_dagrun for example_sensors to None, run_after=None
[2025-07-21T08:20:15.386+0000] {processor.py:183} INFO - Processing /home/airflow/.local/lib/python3.8/site-packages/airflow/example_dags/example_sensors.py took 0.211 seconds
[2025-07-21T08:21:10.317+0000] {processor.py:161} INFO - Started process (PID=513) to work on /home/airflow/.local/lib/python3.8/site-packages/airflow/example_dags/example_sensors.py
[2025-07-21T08:21:10.361+0000] {processor.py:830} INFO - Processing file /home/airflow/.local/lib/python3.8/site-packages/airflow/example_dags/example_sensors.py for tasks to queue
[2025-07-21T08:21:10.384+0000] {logging_mixin.py:188} INFO - [2025-07-21T08:21:10.383+0000] {dagbag.py:538} INFO - Filling up the DagBag from /home/airflow/.local/lib/python3.8/site-packages/airflow/example_dags/example_sensors.py
[2025-07-21T08:21:10.423+0000] {processor.py:840} INFO - DAG(s) 'example_sensors' retrieved from /home/airflow/.local/lib/python3.8/site-packages/airflow/example_dags/example_sensors.py
[2025-07-21T08:21:10.547+0000] {logging_mixin.py:188} INFO - [2025-07-21T08:21:10.547+0000] {dag.py:3036} INFO - Sync 1 DAGs
[2025-07-21T08:21:10.602+0000] {logging_mixin.py:188} INFO - [2025-07-21T08:21:10.602+0000] {dag.py:3823} INFO - Setting next_dagrun for example_sensors to None, run_after=None
[2025-07-21T08:21:10.715+0000] {processor.py:183} INFO - Processing /home/airflow/.local/lib/python3.8/site-packages/airflow/example_dags/example_sensors.py took 0.404 seconds
[2025-07-21T08:21:41.169+0000] {processor.py:161} INFO - Started process (PID=568) to work on /home/airflow/.local/lib/python3.8/site-packages/airflow/example_dags/example_sensors.py
[2025-07-21T08:21:41.187+0000] {processor.py:830} INFO - Processing file /home/airflow/.local/lib/python3.8/site-packages/airflow/example_dags/example_sensors.py for tasks to queue
[2025-07-21T08:21:41.196+0000] {logging_mixin.py:188} INFO - [2025-07-21T08:21:41.191+0000] {dagbag.py:538} INFO - Filling up the DagBag from /home/airflow/.local/lib/python3.8/site-packages/airflow/example_dags/example_sensors.py
[2025-07-21T08:21:41.215+0000] {processor.py:840} INFO - DAG(s) 'example_sensors' retrieved from /home/airflow/.local/lib/python3.8/site-packages/airflow/example_dags/example_sensors.py
[2025-07-21T08:21:41.259+0000] {logging_mixin.py:188} INFO - [2025-07-21T08:21:41.258+0000] {dag.py:3036} INFO - Sync 1 DAGs
[2025-07-21T08:21:41.283+0000] {logging_mixin.py:188} INFO - [2025-07-21T08:21:41.283+0000] {dag.py:3823} INFO - Setting next_dagrun for example_sensors to None, run_after=None
[2025-07-21T08:21:41.348+0000] {processor.py:183} INFO - Processing /home/airflow/.local/lib/python3.8/site-packages/airflow/example_dags/example_sensors.py took 0.200 seconds
[2025-07-21T08:22:27.461+0000] {processor.py:161} INFO - Started process (PID=628) to work on /home/airflow/.local/lib/python3.8/site-packages/airflow/example_dags/example_sensors.py
[2025-07-21T08:22:27.477+0000] {processor.py:830} INFO - Processing file /home/airflow/.local/lib/python3.8/site-packages/airflow/example_dags/example_sensors.py for tasks to queue
[2025-07-21T08:22:27.493+0000] {logging_mixin.py:188} INFO - [2025-07-21T08:22:27.492+0000] {dagbag.py:538} INFO - Filling up the DagBag from /home/airflow/.local/lib/python3.8/site-packages/airflow/example_dags/example_sensors.py
[2025-07-21T08:22:27.609+0000] {processor.py:840} INFO - DAG(s) 'example_sensors' retrieved from /home/airflow/.local/lib/python3.8/site-packages/airflow/example_dags/example_sensors.py
[2025-07-21T08:22:27.839+0000] {logging_mixin.py:188} INFO - [2025-07-21T08:22:27.839+0000] {dag.py:3036} INFO - Sync 1 DAGs
[2025-07-21T08:22:27.952+0000] {logging_mixin.py:188} INFO - [2025-07-21T08:22:27.952+0000] {dag.py:3823} INFO - Setting next_dagrun for example_sensors to None, run_after=None
[2025-07-21T08:22:28.012+0000] {processor.py:183} INFO - Processing /home/airflow/.local/lib/python3.8/site-packages/airflow/example_dags/example_sensors.py took 0.558 seconds
[2025-07-21T08:23:07.528+0000] {processor.py:161} INFO - Started process (PID=680) to work on /home/airflow/.local/lib/python3.8/site-packages/airflow/example_dags/example_sensors.py
[2025-07-21T08:23:07.531+0000] {processor.py:830} INFO - Processing file /home/airflow/.local/lib/python3.8/site-packages/airflow/example_dags/example_sensors.py for tasks to queue
[2025-07-21T08:23:07.639+0000] {logging_mixin.py:188} INFO - [2025-07-21T08:23:07.639+0000] {dagbag.py:538} INFO - Filling up the DagBag from /home/airflow/.local/lib/python3.8/site-packages/airflow/example_dags/example_sensors.py
[2025-07-21T08:23:07.775+0000] {processor.py:840} INFO - DAG(s) 'example_sensors' retrieved from /home/airflow/.local/lib/python3.8/site-packages/airflow/example_dags/example_sensors.py
[2025-07-21T08:23:08.173+0000] {logging_mixin.py:188} INFO - [2025-07-21T08:23:08.170+0000] {dag.py:3036} INFO - Sync 1 DAGs
[2025-07-21T08:23:08.223+0000] {logging_mixin.py:188} INFO - [2025-07-21T08:23:08.223+0000] {dag.py:3823} INFO - Setting next_dagrun for example_sensors to None, run_after=None
[2025-07-21T08:23:08.440+0000] {processor.py:183} INFO - Processing /home/airflow/.local/lib/python3.8/site-packages/airflow/example_dags/example_sensors.py took 0.936 seconds
[2025-07-21T08:23:38.950+0000] {processor.py:161} INFO - Started process (PID=736) to work on /home/airflow/.local/lib/python3.8/site-packages/airflow/example_dags/example_sensors.py
[2025-07-21T08:23:38.960+0000] {processor.py:830} INFO - Processing file /home/airflow/.local/lib/python3.8/site-packages/airflow/example_dags/example_sensors.py for tasks to queue
[2025-07-21T08:23:38.966+0000] {logging_mixin.py:188} INFO - [2025-07-21T08:23:38.966+0000] {dagbag.py:538} INFO - Filling up the DagBag from /home/airflow/.local/lib/python3.8/site-packages/airflow/example_dags/example_sensors.py
[2025-07-21T08:23:39.011+0000] {processor.py:840} INFO - DAG(s) 'example_sensors' retrieved from /home/airflow/.local/lib/python3.8/site-packages/airflow/example_dags/example_sensors.py
[2025-07-21T08:23:39.155+0000] {logging_mixin.py:188} INFO - [2025-07-21T08:23:39.155+0000] {dag.py:3036} INFO - Sync 1 DAGs
[2025-07-21T08:23:39.233+0000] {logging_mixin.py:188} INFO - [2025-07-21T08:23:39.232+0000] {dag.py:3823} INFO - Setting next_dagrun for example_sensors to None, run_after=None
[2025-07-21T08:23:39.448+0000] {processor.py:183} INFO - Processing /home/airflow/.local/lib/python3.8/site-packages/airflow/example_dags/example_sensors.py took 0.504 seconds
[2025-07-21T08:24:09.941+0000] {processor.py:161} INFO - Started process (PID=790) to work on /home/airflow/.local/lib/python3.8/site-packages/airflow/example_dags/example_sensors.py
[2025-07-21T08:24:09.956+0000] {processor.py:830} INFO - Processing file /home/airflow/.local/lib/python3.8/site-packages/airflow/example_dags/example_sensors.py for tasks to queue
[2025-07-21T08:24:09.960+0000] {logging_mixin.py:188} INFO - [2025-07-21T08:24:09.959+0000] {dagbag.py:538} INFO - Filling up the DagBag from /home/airflow/.local/lib/python3.8/site-packages/airflow/example_dags/example_sensors.py
[2025-07-21T08:24:10.020+0000] {processor.py:840} INFO - DAG(s) 'example_sensors' retrieved from /home/airflow/.local/lib/python3.8/site-packages/airflow/example_dags/example_sensors.py
[2025-07-21T08:24:10.179+0000] {logging_mixin.py:188} INFO - [2025-07-21T08:24:10.167+0000] {dag.py:3036} INFO - Sync 1 DAGs
[2025-07-21T08:24:10.252+0000] {logging_mixin.py:188} INFO - [2025-07-21T08:24:10.252+0000] {dag.py:3823} INFO - Setting next_dagrun for example_sensors to None, run_after=None
[2025-07-21T08:24:10.356+0000] {processor.py:183} INFO - Processing /home/airflow/.local/lib/python3.8/site-packages/airflow/example_dags/example_sensors.py took 0.426 seconds
[2025-07-21T08:24:41.881+0000] {processor.py:161} INFO - Started process (PID=845) to work on /home/airflow/.local/lib/python3.8/site-packages/airflow/example_dags/example_sensors.py
[2025-07-21T08:24:41.883+0000] {processor.py:830} INFO - Processing file /home/airflow/.local/lib/python3.8/site-packages/airflow/example_dags/example_sensors.py for tasks to queue
[2025-07-21T08:24:41.887+0000] {logging_mixin.py:188} INFO - [2025-07-21T08:24:41.887+0000] {dagbag.py:538} INFO - Filling up the DagBag from /home/airflow/.local/lib/python3.8/site-packages/airflow/example_dags/example_sensors.py
[2025-07-21T08:24:41.906+0000] {processor.py:840} INFO - DAG(s) 'example_sensors' retrieved from /home/airflow/.local/lib/python3.8/site-packages/airflow/example_dags/example_sensors.py
[2025-07-21T08:24:41.997+0000] {logging_mixin.py:188} INFO - [2025-07-21T08:24:41.997+0000] {dag.py:3036} INFO - Sync 1 DAGs
[2025-07-21T08:24:42.037+0000] {logging_mixin.py:188} INFO - [2025-07-21T08:24:42.036+0000] {dag.py:3823} INFO - Setting next_dagrun for example_sensors to None, run_after=None
[2025-07-21T08:24:42.075+0000] {processor.py:183} INFO - Processing /home/airflow/.local/lib/python3.8/site-packages/airflow/example_dags/example_sensors.py took 0.201 seconds
[2025-07-21T08:25:15.019+0000] {processor.py:161} INFO - Started process (PID=900) to work on /home/airflow/.local/lib/python3.8/site-packages/airflow/example_dags/example_sensors.py
[2025-07-21T08:25:15.025+0000] {processor.py:830} INFO - Processing file /home/airflow/.local/lib/python3.8/site-packages/airflow/example_dags/example_sensors.py for tasks to queue
[2025-07-21T08:25:15.029+0000] {logging_mixin.py:188} INFO - [2025-07-21T08:25:15.029+0000] {dagbag.py:538} INFO - Filling up the DagBag from /home/airflow/.local/lib/python3.8/site-packages/airflow/example_dags/example_sensors.py
[2025-07-21T08:25:15.069+0000] {processor.py:840} INFO - DAG(s) 'example_sensors' retrieved from /home/airflow/.local/lib/python3.8/site-packages/airflow/example_dags/example_sensors.py
[2025-07-21T08:25:15.126+0000] {logging_mixin.py:188} INFO - [2025-07-21T08:25:15.125+0000] {dag.py:3036} INFO - Sync 1 DAGs
[2025-07-21T08:25:15.148+0000] {logging_mixin.py:188} INFO - [2025-07-21T08:25:15.148+0000] {dag.py:3823} INFO - Setting next_dagrun for example_sensors to None, run_after=None
[2025-07-21T08:25:15.188+0000] {processor.py:183} INFO - Processing /home/airflow/.local/lib/python3.8/site-packages/airflow/example_dags/example_sensors.py took 0.215 seconds
[2025-07-21T08:25:51.250+0000] {processor.py:161} INFO - Started process (PID=957) to work on /home/airflow/.local/lib/python3.8/site-packages/airflow/example_dags/example_sensors.py
[2025-07-21T08:25:51.255+0000] {processor.py:830} INFO - Processing file /home/airflow/.local/lib/python3.8/site-packages/airflow/example_dags/example_sensors.py for tasks to queue
[2025-07-21T08:25:51.259+0000] {logging_mixin.py:188} INFO - [2025-07-21T08:25:51.258+0000] {dagbag.py:538} INFO - Filling up the DagBag from /home/airflow/.local/lib/python3.8/site-packages/airflow/example_dags/example_sensors.py
[2025-07-21T08:25:51.289+0000] {processor.py:840} INFO - DAG(s) 'example_sensors' retrieved from /home/airflow/.local/lib/python3.8/site-packages/airflow/example_dags/example_sensors.py
[2025-07-21T08:25:51.336+0000] {logging_mixin.py:188} INFO - [2025-07-21T08:25:51.335+0000] {dag.py:3036} INFO - Sync 1 DAGs
[2025-07-21T08:25:51.363+0000] {logging_mixin.py:188} INFO - [2025-07-21T08:25:51.363+0000] {dag.py:3823} INFO - Setting next_dagrun for example_sensors to None, run_after=None
[2025-07-21T08:25:51.405+0000] {processor.py:183} INFO - Processing /home/airflow/.local/lib/python3.8/site-packages/airflow/example_dags/example_sensors.py took 0.168 seconds
[2025-07-21T08:26:23.428+0000] {processor.py:161} INFO - Started process (PID=1012) to work on /home/airflow/.local/lib/python3.8/site-packages/airflow/example_dags/example_sensors.py
[2025-07-21T08:26:23.452+0000] {processor.py:830} INFO - Processing file /home/airflow/.local/lib/python3.8/site-packages/airflow/example_dags/example_sensors.py for tasks to queue
[2025-07-21T08:26:23.457+0000] {logging_mixin.py:188} INFO - [2025-07-21T08:26:23.457+0000] {dagbag.py:538} INFO - Filling up the DagBag from /home/airflow/.local/lib/python3.8/site-packages/airflow/example_dags/example_sensors.py
[2025-07-21T08:26:23.592+0000] {processor.py:840} INFO - DAG(s) 'example_sensors' retrieved from /home/airflow/.local/lib/python3.8/site-packages/airflow/example_dags/example_sensors.py
[2025-07-21T08:26:23.792+0000] {logging_mixin.py:188} INFO - [2025-07-21T08:26:23.792+0000] {dag.py:3036} INFO - Sync 1 DAGs
[2025-07-21T08:26:23.825+0000] {logging_mixin.py:188} INFO - [2025-07-21T08:26:23.825+0000] {dag.py:3823} INFO - Setting next_dagrun for example_sensors to None, run_after=None
[2025-07-21T08:26:23.900+0000] {processor.py:183} INFO - Processing /home/airflow/.local/lib/python3.8/site-packages/airflow/example_dags/example_sensors.py took 0.480 seconds
[2025-07-21T08:26:56.360+0000] {processor.py:161} INFO - Started process (PID=1071) to work on /home/airflow/.local/lib/python3.8/site-packages/airflow/example_dags/example_sensors.py
[2025-07-21T08:26:56.366+0000] {processor.py:830} INFO - Processing file /home/airflow/.local/lib/python3.8/site-packages/airflow/example_dags/example_sensors.py for tasks to queue
[2025-07-21T08:26:56.379+0000] {logging_mixin.py:188} INFO - [2025-07-21T08:26:56.378+0000] {dagbag.py:538} INFO - Filling up the DagBag from /home/airflow/.local/lib/python3.8/site-packages/airflow/example_dags/example_sensors.py
[2025-07-21T08:26:56.453+0000] {processor.py:840} INFO - DAG(s) 'example_sensors' retrieved from /home/airflow/.local/lib/python3.8/site-packages/airflow/example_dags/example_sensors.py
[2025-07-21T08:26:56.704+0000] {logging_mixin.py:188} INFO - [2025-07-21T08:26:56.704+0000] {dag.py:3036} INFO - Sync 1 DAGs
[2025-07-21T08:26:56.744+0000] {logging_mixin.py:188} INFO - [2025-07-21T08:26:56.744+0000] {dag.py:3823} INFO - Setting next_dagrun for example_sensors to None, run_after=None
[2025-07-21T08:26:56.932+0000] {processor.py:183} INFO - Processing /home/airflow/.local/lib/python3.8/site-packages/airflow/example_dags/example_sensors.py took 0.607 seconds
[2025-07-21T08:27:28.471+0000] {processor.py:161} INFO - Started process (PID=1126) to work on /home/airflow/.local/lib/python3.8/site-packages/airflow/example_dags/example_sensors.py
[2025-07-21T08:27:28.490+0000] {processor.py:830} INFO - Processing file /home/airflow/.local/lib/python3.8/site-packages/airflow/example_dags/example_sensors.py for tasks to queue
[2025-07-21T08:27:28.499+0000] {logging_mixin.py:188} INFO - [2025-07-21T08:27:28.498+0000] {dagbag.py:538} INFO - Filling up the DagBag from /home/airflow/.local/lib/python3.8/site-packages/airflow/example_dags/example_sensors.py
[2025-07-21T08:27:28.539+0000] {processor.py:840} INFO - DAG(s) 'example_sensors' retrieved from /home/airflow/.local/lib/python3.8/site-packages/airflow/example_dags/example_sensors.py
[2025-07-21T08:27:28.661+0000] {logging_mixin.py:188} INFO - [2025-07-21T08:27:28.661+0000] {dag.py:3036} INFO - Sync 1 DAGs
[2025-07-21T08:27:28.722+0000] {logging_mixin.py:188} INFO - [2025-07-21T08:27:28.722+0000] {dag.py:3823} INFO - Setting next_dagrun for example_sensors to None, run_after=None
[2025-07-21T08:27:28.871+0000] {processor.py:183} INFO - Processing /home/airflow/.local/lib/python3.8/site-packages/airflow/example_dags/example_sensors.py took 0.418 seconds
[2025-07-21T08:27:59.865+0000] {processor.py:161} INFO - Started process (PID=1181) to work on /home/airflow/.local/lib/python3.8/site-packages/airflow/example_dags/example_sensors.py
[2025-07-21T08:27:59.873+0000] {processor.py:830} INFO - Processing file /home/airflow/.local/lib/python3.8/site-packages/airflow/example_dags/example_sensors.py for tasks to queue
[2025-07-21T08:27:59.876+0000] {logging_mixin.py:188} INFO - [2025-07-21T08:27:59.876+0000] {dagbag.py:538} INFO - Filling up the DagBag from /home/airflow/.local/lib/python3.8/site-packages/airflow/example_dags/example_sensors.py
[2025-07-21T08:27:59.895+0000] {processor.py:840} INFO - DAG(s) 'example_sensors' retrieved from /home/airflow/.local/lib/python3.8/site-packages/airflow/example_dags/example_sensors.py
[2025-07-21T08:27:59.948+0000] {logging_mixin.py:188} INFO - [2025-07-21T08:27:59.948+0000] {dag.py:3036} INFO - Sync 1 DAGs
[2025-07-21T08:27:59.981+0000] {logging_mixin.py:188} INFO - [2025-07-21T08:27:59.981+0000] {dag.py:3823} INFO - Setting next_dagrun for example_sensors to None, run_after=None
[2025-07-21T08:28:00.028+0000] {processor.py:183} INFO - Processing /home/airflow/.local/lib/python3.8/site-packages/airflow/example_dags/example_sensors.py took 0.170 seconds
[2025-07-21T08:28:30.520+0000] {processor.py:161} INFO - Started process (PID=1235) to work on /home/airflow/.local/lib/python3.8/site-packages/airflow/example_dags/example_sensors.py
[2025-07-21T08:28:30.526+0000] {processor.py:830} INFO - Processing file /home/airflow/.local/lib/python3.8/site-packages/airflow/example_dags/example_sensors.py for tasks to queue
[2025-07-21T08:28:30.532+0000] {logging_mixin.py:188} INFO - [2025-07-21T08:28:30.531+0000] {dagbag.py:538} INFO - Filling up the DagBag from /home/airflow/.local/lib/python3.8/site-packages/airflow/example_dags/example_sensors.py
[2025-07-21T08:28:30.565+0000] {processor.py:840} INFO - DAG(s) 'example_sensors' retrieved from /home/airflow/.local/lib/python3.8/site-packages/airflow/example_dags/example_sensors.py
[2025-07-21T08:28:30.658+0000] {logging_mixin.py:188} INFO - [2025-07-21T08:28:30.657+0000] {dag.py:3036} INFO - Sync 1 DAGs
[2025-07-21T08:28:30.697+0000] {logging_mixin.py:188} INFO - [2025-07-21T08:28:30.697+0000] {dag.py:3823} INFO - Setting next_dagrun for example_sensors to None, run_after=None
[2025-07-21T08:28:30.804+0000] {processor.py:183} INFO - Processing /home/airflow/.local/lib/python3.8/site-packages/airflow/example_dags/example_sensors.py took 0.316 seconds
[2025-07-21T08:29:00.991+0000] {processor.py:161} INFO - Started process (PID=1290) to work on /home/airflow/.local/lib/python3.8/site-packages/airflow/example_dags/example_sensors.py
[2025-07-21T08:29:00.997+0000] {processor.py:830} INFO - Processing file /home/airflow/.local/lib/python3.8/site-packages/airflow/example_dags/example_sensors.py for tasks to queue
[2025-07-21T08:29:01.004+0000] {logging_mixin.py:188} INFO - [2025-07-21T08:29:01.003+0000] {dagbag.py:538} INFO - Filling up the DagBag from /home/airflow/.local/lib/python3.8/site-packages/airflow/example_dags/example_sensors.py
[2025-07-21T08:29:01.034+0000] {processor.py:840} INFO - DAG(s) 'example_sensors' retrieved from /home/airflow/.local/lib/python3.8/site-packages/airflow/example_dags/example_sensors.py
[2025-07-21T08:29:01.253+0000] {logging_mixin.py:188} INFO - [2025-07-21T08:29:01.252+0000] {dag.py:3036} INFO - Sync 1 DAGs
[2025-07-21T08:29:01.299+0000] {logging_mixin.py:188} INFO - [2025-07-21T08:29:01.299+0000] {dag.py:3823} INFO - Setting next_dagrun for example_sensors to None, run_after=None
[2025-07-21T08:29:01.419+0000] {processor.py:183} INFO - Processing /home/airflow/.local/lib/python3.8/site-packages/airflow/example_dags/example_sensors.py took 0.439 seconds
[2025-07-21T08:29:31.719+0000] {processor.py:161} INFO - Started process (PID=1346) to work on /home/airflow/.local/lib/python3.8/site-packages/airflow/example_dags/example_sensors.py
[2025-07-21T08:29:31.731+0000] {processor.py:830} INFO - Processing file /home/airflow/.local/lib/python3.8/site-packages/airflow/example_dags/example_sensors.py for tasks to queue
[2025-07-21T08:29:31.751+0000] {logging_mixin.py:188} INFO - [2025-07-21T08:29:31.751+0000] {dagbag.py:538} INFO - Filling up the DagBag from /home/airflow/.local/lib/python3.8/site-packages/airflow/example_dags/example_sensors.py
[2025-07-21T08:29:31.893+0000] {processor.py:840} INFO - DAG(s) 'example_sensors' retrieved from /home/airflow/.local/lib/python3.8/site-packages/airflow/example_dags/example_sensors.py
[2025-07-21T08:29:32.095+0000] {logging_mixin.py:188} INFO - [2025-07-21T08:29:32.094+0000] {dag.py:3036} INFO - Sync 1 DAGs
[2025-07-21T08:29:32.178+0000] {logging_mixin.py:188} INFO - [2025-07-21T08:29:32.178+0000] {dag.py:3823} INFO - Setting next_dagrun for example_sensors to None, run_after=None
[2025-07-21T08:29:32.312+0000] {processor.py:183} INFO - Processing /home/airflow/.local/lib/python3.8/site-packages/airflow/example_dags/example_sensors.py took 0.608 seconds
[2025-07-21T08:30:02.866+0000] {processor.py:161} INFO - Started process (PID=1401) to work on /home/airflow/.local/lib/python3.8/site-packages/airflow/example_dags/example_sensors.py
[2025-07-21T08:30:02.869+0000] {processor.py:830} INFO - Processing file /home/airflow/.local/lib/python3.8/site-packages/airflow/example_dags/example_sensors.py for tasks to queue
[2025-07-21T08:30:02.874+0000] {logging_mixin.py:188} INFO - [2025-07-21T08:30:02.873+0000] {dagbag.py:538} INFO - Filling up the DagBag from /home/airflow/.local/lib/python3.8/site-packages/airflow/example_dags/example_sensors.py
[2025-07-21T08:30:02.899+0000] {processor.py:840} INFO - DAG(s) 'example_sensors' retrieved from /home/airflow/.local/lib/python3.8/site-packages/airflow/example_dags/example_sensors.py
[2025-07-21T08:30:02.974+0000] {logging_mixin.py:188} INFO - [2025-07-21T08:30:02.973+0000] {dag.py:3036} INFO - Sync 1 DAGs
[2025-07-21T08:30:03.007+0000] {logging_mixin.py:188} INFO - [2025-07-21T08:30:03.006+0000] {dag.py:3823} INFO - Setting next_dagrun for example_sensors to None, run_after=None
[2025-07-21T08:30:03.057+0000] {processor.py:183} INFO - Processing /home/airflow/.local/lib/python3.8/site-packages/airflow/example_dags/example_sensors.py took 0.210 seconds
[2025-07-21T08:30:33.277+0000] {processor.py:161} INFO - Started process (PID=1456) to work on /home/airflow/.local/lib/python3.8/site-packages/airflow/example_dags/example_sensors.py
[2025-07-21T08:30:33.281+0000] {processor.py:830} INFO - Processing file /home/airflow/.local/lib/python3.8/site-packages/airflow/example_dags/example_sensors.py for tasks to queue
[2025-07-21T08:30:33.296+0000] {logging_mixin.py:188} INFO - [2025-07-21T08:30:33.295+0000] {dagbag.py:538} INFO - Filling up the DagBag from /home/airflow/.local/lib/python3.8/site-packages/airflow/example_dags/example_sensors.py
[2025-07-21T08:30:33.332+0000] {processor.py:840} INFO - DAG(s) 'example_sensors' retrieved from /home/airflow/.local/lib/python3.8/site-packages/airflow/example_dags/example_sensors.py
[2025-07-21T08:30:33.425+0000] {logging_mixin.py:188} INFO - [2025-07-21T08:30:33.425+0000] {dag.py:3036} INFO - Sync 1 DAGs
[2025-07-21T08:30:33.457+0000] {logging_mixin.py:188} INFO - [2025-07-21T08:30:33.455+0000] {dag.py:3823} INFO - Setting next_dagrun for example_sensors to None, run_after=None
[2025-07-21T08:30:33.503+0000] {processor.py:183} INFO - Processing /home/airflow/.local/lib/python3.8/site-packages/airflow/example_dags/example_sensors.py took 0.247 seconds
[2025-07-21T08:31:08.302+0000] {processor.py:161} INFO - Started process (PID=1511) to work on /home/airflow/.local/lib/python3.8/site-packages/airflow/example_dags/example_sensors.py
[2025-07-21T08:31:08.326+0000] {processor.py:830} INFO - Processing file /home/airflow/.local/lib/python3.8/site-packages/airflow/example_dags/example_sensors.py for tasks to queue
[2025-07-21T08:31:08.338+0000] {logging_mixin.py:188} INFO - [2025-07-21T08:31:08.338+0000] {dagbag.py:538} INFO - Filling up the DagBag from /home/airflow/.local/lib/python3.8/site-packages/airflow/example_dags/example_sensors.py
[2025-07-21T08:31:08.372+0000] {processor.py:840} INFO - DAG(s) 'example_sensors' retrieved from /home/airflow/.local/lib/python3.8/site-packages/airflow/example_dags/example_sensors.py
[2025-07-21T08:31:08.449+0000] {logging_mixin.py:188} INFO - [2025-07-21T08:31:08.449+0000] {dag.py:3036} INFO - Sync 1 DAGs
[2025-07-21T08:31:08.499+0000] {logging_mixin.py:188} INFO - [2025-07-21T08:31:08.499+0000] {dag.py:3823} INFO - Setting next_dagrun for example_sensors to None, run_after=None
[2025-07-21T08:31:08.590+0000] {processor.py:183} INFO - Processing /home/airflow/.local/lib/python3.8/site-packages/airflow/example_dags/example_sensors.py took 0.295 seconds
[2025-07-21T08:31:40.299+0000] {processor.py:161} INFO - Started process (PID=1566) to work on /home/airflow/.local/lib/python3.8/site-packages/airflow/example_dags/example_sensors.py
[2025-07-21T08:31:40.320+0000] {processor.py:830} INFO - Processing file /home/airflow/.local/lib/python3.8/site-packages/airflow/example_dags/example_sensors.py for tasks to queue
[2025-07-21T08:31:40.336+0000] {logging_mixin.py:188} INFO - [2025-07-21T08:31:40.324+0000] {dagbag.py:538} INFO - Filling up the DagBag from /home/airflow/.local/lib/python3.8/site-packages/airflow/example_dags/example_sensors.py
[2025-07-21T08:31:40.433+0000] {processor.py:840} INFO - DAG(s) 'example_sensors' retrieved from /home/airflow/.local/lib/python3.8/site-packages/airflow/example_dags/example_sensors.py
[2025-07-21T08:31:40.588+0000] {logging_mixin.py:188} INFO - [2025-07-21T08:31:40.587+0000] {dag.py:3036} INFO - Sync 1 DAGs
[2025-07-21T08:31:40.646+0000] {logging_mixin.py:188} INFO - [2025-07-21T08:31:40.645+0000] {dag.py:3823} INFO - Setting next_dagrun for example_sensors to None, run_after=None
[2025-07-21T08:31:40.750+0000] {processor.py:183} INFO - Processing /home/airflow/.local/lib/python3.8/site-packages/airflow/example_dags/example_sensors.py took 0.472 seconds
[2025-07-21T08:32:16.181+0000] {processor.py:161} INFO - Started process (PID=1624) to work on /home/airflow/.local/lib/python3.8/site-packages/airflow/example_dags/example_sensors.py
[2025-07-21T08:32:16.187+0000] {processor.py:830} INFO - Processing file /home/airflow/.local/lib/python3.8/site-packages/airflow/example_dags/example_sensors.py for tasks to queue
[2025-07-21T08:32:16.198+0000] {logging_mixin.py:188} INFO - [2025-07-21T08:32:16.197+0000] {dagbag.py:538} INFO - Filling up the DagBag from /home/airflow/.local/lib/python3.8/site-packages/airflow/example_dags/example_sensors.py
[2025-07-21T08:32:16.229+0000] {processor.py:840} INFO - DAG(s) 'example_sensors' retrieved from /home/airflow/.local/lib/python3.8/site-packages/airflow/example_dags/example_sensors.py
[2025-07-21T08:32:16.341+0000] {logging_mixin.py:188} INFO - [2025-07-21T08:32:16.341+0000] {dag.py:3036} INFO - Sync 1 DAGs
[2025-07-21T08:32:16.382+0000] {logging_mixin.py:188} INFO - [2025-07-21T08:32:16.382+0000] {dag.py:3823} INFO - Setting next_dagrun for example_sensors to None, run_after=None
[2025-07-21T08:32:16.451+0000] {processor.py:183} INFO - Processing /home/airflow/.local/lib/python3.8/site-packages/airflow/example_dags/example_sensors.py took 0.290 seconds
[2025-07-21T08:32:51.315+0000] {processor.py:161} INFO - Started process (PID=1675) to work on /home/airflow/.local/lib/python3.8/site-packages/airflow/example_dags/example_sensors.py
[2025-07-21T08:32:51.318+0000] {processor.py:830} INFO - Processing file /home/airflow/.local/lib/python3.8/site-packages/airflow/example_dags/example_sensors.py for tasks to queue
[2025-07-21T08:32:51.334+0000] {logging_mixin.py:188} INFO - [2025-07-21T08:32:51.334+0000] {dagbag.py:538} INFO - Filling up the DagBag from /home/airflow/.local/lib/python3.8/site-packages/airflow/example_dags/example_sensors.py
[2025-07-21T08:32:51.416+0000] {processor.py:840} INFO - DAG(s) 'example_sensors' retrieved from /home/airflow/.local/lib/python3.8/site-packages/airflow/example_dags/example_sensors.py
[2025-07-21T08:32:51.908+0000] {logging_mixin.py:188} INFO - [2025-07-21T08:32:51.908+0000] {dag.py:3036} INFO - Sync 1 DAGs
[2025-07-21T08:32:52.365+0000] {logging_mixin.py:188} INFO - [2025-07-21T08:32:52.365+0000] {dag.py:3823} INFO - Setting next_dagrun for example_sensors to None, run_after=None
[2025-07-21T08:32:52.430+0000] {processor.py:183} INFO - Processing /home/airflow/.local/lib/python3.8/site-packages/airflow/example_dags/example_sensors.py took 1.133 seconds
[2025-07-21T08:33:22.894+0000] {processor.py:161} INFO - Started process (PID=1730) to work on /home/airflow/.local/lib/python3.8/site-packages/airflow/example_dags/example_sensors.py
[2025-07-21T08:33:22.902+0000] {processor.py:830} INFO - Processing file /home/airflow/.local/lib/python3.8/site-packages/airflow/example_dags/example_sensors.py for tasks to queue
[2025-07-21T08:33:22.929+0000] {logging_mixin.py:188} INFO - [2025-07-21T08:33:22.928+0000] {dagbag.py:538} INFO - Filling up the DagBag from /home/airflow/.local/lib/python3.8/site-packages/airflow/example_dags/example_sensors.py
[2025-07-21T08:33:22.971+0000] {processor.py:840} INFO - DAG(s) 'example_sensors' retrieved from /home/airflow/.local/lib/python3.8/site-packages/airflow/example_dags/example_sensors.py
[2025-07-21T08:33:23.046+0000] {logging_mixin.py:188} INFO - [2025-07-21T08:33:23.045+0000] {dag.py:3036} INFO - Sync 1 DAGs
[2025-07-21T08:33:23.078+0000] {logging_mixin.py:188} INFO - [2025-07-21T08:33:23.077+0000] {dag.py:3823} INFO - Setting next_dagrun for example_sensors to None, run_after=None
[2025-07-21T08:33:23.172+0000] {processor.py:183} INFO - Processing /home/airflow/.local/lib/python3.8/site-packages/airflow/example_dags/example_sensors.py took 0.307 seconds
[2025-07-21T08:33:53.736+0000] {processor.py:161} INFO - Started process (PID=1785) to work on /home/airflow/.local/lib/python3.8/site-packages/airflow/example_dags/example_sensors.py
[2025-07-21T08:33:53.743+0000] {processor.py:830} INFO - Processing file /home/airflow/.local/lib/python3.8/site-packages/airflow/example_dags/example_sensors.py for tasks to queue
[2025-07-21T08:33:53.757+0000] {logging_mixin.py:188} INFO - [2025-07-21T08:33:53.756+0000] {dagbag.py:538} INFO - Filling up the DagBag from /home/airflow/.local/lib/python3.8/site-packages/airflow/example_dags/example_sensors.py
[2025-07-21T08:33:53.796+0000] {processor.py:840} INFO - DAG(s) 'example_sensors' retrieved from /home/airflow/.local/lib/python3.8/site-packages/airflow/example_dags/example_sensors.py
[2025-07-21T08:33:53.858+0000] {logging_mixin.py:188} INFO - [2025-07-21T08:33:53.857+0000] {dag.py:3036} INFO - Sync 1 DAGs
[2025-07-21T08:33:53.929+0000] {logging_mixin.py:188} INFO - [2025-07-21T08:33:53.929+0000] {dag.py:3823} INFO - Setting next_dagrun for example_sensors to None, run_after=None
[2025-07-21T08:33:54.010+0000] {processor.py:183} INFO - Processing /home/airflow/.local/lib/python3.8/site-packages/airflow/example_dags/example_sensors.py took 0.312 seconds
[2025-07-21T08:34:24.443+0000] {processor.py:161} INFO - Started process (PID=1840) to work on /home/airflow/.local/lib/python3.8/site-packages/airflow/example_dags/example_sensors.py
[2025-07-21T08:34:24.451+0000] {processor.py:830} INFO - Processing file /home/airflow/.local/lib/python3.8/site-packages/airflow/example_dags/example_sensors.py for tasks to queue
[2025-07-21T08:34:24.512+0000] {logging_mixin.py:188} INFO - [2025-07-21T08:34:24.511+0000] {dagbag.py:538} INFO - Filling up the DagBag from /home/airflow/.local/lib/python3.8/site-packages/airflow/example_dags/example_sensors.py
[2025-07-21T08:34:24.597+0000] {processor.py:840} INFO - DAG(s) 'example_sensors' retrieved from /home/airflow/.local/lib/python3.8/site-packages/airflow/example_dags/example_sensors.py
[2025-07-21T08:34:24.739+0000] {logging_mixin.py:188} INFO - [2025-07-21T08:34:24.739+0000] {dag.py:3036} INFO - Sync 1 DAGs
[2025-07-21T08:34:24.798+0000] {logging_mixin.py:188} INFO - [2025-07-21T08:34:24.798+0000] {dag.py:3823} INFO - Setting next_dagrun for example_sensors to None, run_after=None
[2025-07-21T08:34:24.903+0000] {processor.py:183} INFO - Processing /home/airflow/.local/lib/python3.8/site-packages/airflow/example_dags/example_sensors.py took 0.475 seconds
[2025-07-21T08:34:55.346+0000] {processor.py:161} INFO - Started process (PID=1895) to work on /home/airflow/.local/lib/python3.8/site-packages/airflow/example_dags/example_sensors.py
[2025-07-21T08:34:55.350+0000] {processor.py:830} INFO - Processing file /home/airflow/.local/lib/python3.8/site-packages/airflow/example_dags/example_sensors.py for tasks to queue
[2025-07-21T08:34:55.359+0000] {logging_mixin.py:188} INFO - [2025-07-21T08:34:55.355+0000] {dagbag.py:538} INFO - Filling up the DagBag from /home/airflow/.local/lib/python3.8/site-packages/airflow/example_dags/example_sensors.py
[2025-07-21T08:34:55.382+0000] {processor.py:840} INFO - DAG(s) 'example_sensors' retrieved from /home/airflow/.local/lib/python3.8/site-packages/airflow/example_dags/example_sensors.py
[2025-07-21T08:34:55.504+0000] {logging_mixin.py:188} INFO - [2025-07-21T08:34:55.504+0000] {dag.py:3036} INFO - Sync 1 DAGs
[2025-07-21T08:34:55.548+0000] {logging_mixin.py:188} INFO - [2025-07-21T08:34:55.548+0000] {dag.py:3823} INFO - Setting next_dagrun for example_sensors to None, run_after=None
[2025-07-21T08:34:55.627+0000] {processor.py:183} INFO - Processing /home/airflow/.local/lib/python3.8/site-packages/airflow/example_dags/example_sensors.py took 0.330 seconds
[2025-07-21T08:35:25.952+0000] {processor.py:161} INFO - Started process (PID=1950) to work on /home/airflow/.local/lib/python3.8/site-packages/airflow/example_dags/example_sensors.py
[2025-07-21T08:35:25.955+0000] {processor.py:830} INFO - Processing file /home/airflow/.local/lib/python3.8/site-packages/airflow/example_dags/example_sensors.py for tasks to queue
[2025-07-21T08:35:25.961+0000] {logging_mixin.py:188} INFO - [2025-07-21T08:35:25.960+0000] {dagbag.py:538} INFO - Filling up the DagBag from /home/airflow/.local/lib/python3.8/site-packages/airflow/example_dags/example_sensors.py
[2025-07-21T08:35:25.990+0000] {processor.py:840} INFO - DAG(s) 'example_sensors' retrieved from /home/airflow/.local/lib/python3.8/site-packages/airflow/example_dags/example_sensors.py
[2025-07-21T08:35:26.063+0000] {logging_mixin.py:188} INFO - [2025-07-21T08:35:26.062+0000] {dag.py:3036} INFO - Sync 1 DAGs
[2025-07-21T08:35:26.098+0000] {logging_mixin.py:188} INFO - [2025-07-21T08:35:26.098+0000] {dag.py:3823} INFO - Setting next_dagrun for example_sensors to None, run_after=None
[2025-07-21T08:35:26.158+0000] {processor.py:183} INFO - Processing /home/airflow/.local/lib/python3.8/site-packages/airflow/example_dags/example_sensors.py took 0.229 seconds
[2025-07-21T08:35:58.668+0000] {processor.py:161} INFO - Started process (PID=2011) to work on /home/airflow/.local/lib/python3.8/site-packages/airflow/example_dags/example_sensors.py
[2025-07-21T08:35:58.690+0000] {processor.py:830} INFO - Processing file /home/airflow/.local/lib/python3.8/site-packages/airflow/example_dags/example_sensors.py for tasks to queue
[2025-07-21T08:35:58.694+0000] {logging_mixin.py:188} INFO - [2025-07-21T08:35:58.694+0000] {dagbag.py:538} INFO - Filling up the DagBag from /home/airflow/.local/lib/python3.8/site-packages/airflow/example_dags/example_sensors.py
[2025-07-21T08:35:58.758+0000] {processor.py:840} INFO - DAG(s) 'example_sensors' retrieved from /home/airflow/.local/lib/python3.8/site-packages/airflow/example_dags/example_sensors.py
[2025-07-21T08:35:58.926+0000] {logging_mixin.py:188} INFO - [2025-07-21T08:35:58.926+0000] {dag.py:3036} INFO - Sync 1 DAGs
[2025-07-21T08:35:58.999+0000] {logging_mixin.py:188} INFO - [2025-07-21T08:35:58.998+0000] {dag.py:3823} INFO - Setting next_dagrun for example_sensors to None, run_after=None
[2025-07-21T08:35:59.181+0000] {processor.py:183} INFO - Processing /home/airflow/.local/lib/python3.8/site-packages/airflow/example_dags/example_sensors.py took 0.552 seconds
[2025-07-21T08:36:29.528+0000] {processor.py:161} INFO - Started process (PID=2066) to work on /home/airflow/.local/lib/python3.8/site-packages/airflow/example_dags/example_sensors.py
[2025-07-21T08:36:29.530+0000] {processor.py:830} INFO - Processing file /home/airflow/.local/lib/python3.8/site-packages/airflow/example_dags/example_sensors.py for tasks to queue
[2025-07-21T08:36:29.536+0000] {logging_mixin.py:188} INFO - [2025-07-21T08:36:29.535+0000] {dagbag.py:538} INFO - Filling up the DagBag from /home/airflow/.local/lib/python3.8/site-packages/airflow/example_dags/example_sensors.py
[2025-07-21T08:36:29.559+0000] {processor.py:840} INFO - DAG(s) 'example_sensors' retrieved from /home/airflow/.local/lib/python3.8/site-packages/airflow/example_dags/example_sensors.py
[2025-07-21T08:36:29.623+0000] {logging_mixin.py:188} INFO - [2025-07-21T08:36:29.623+0000] {dag.py:3036} INFO - Sync 1 DAGs
[2025-07-21T08:36:29.657+0000] {logging_mixin.py:188} INFO - [2025-07-21T08:36:29.656+0000] {dag.py:3823} INFO - Setting next_dagrun for example_sensors to None, run_after=None
[2025-07-21T08:36:29.717+0000] {processor.py:183} INFO - Processing /home/airflow/.local/lib/python3.8/site-packages/airflow/example_dags/example_sensors.py took 0.200 seconds
[2025-07-21T08:37:00.051+0000] {processor.py:161} INFO - Started process (PID=2120) to work on /home/airflow/.local/lib/python3.8/site-packages/airflow/example_dags/example_sensors.py
[2025-07-21T08:37:00.054+0000] {processor.py:830} INFO - Processing file /home/airflow/.local/lib/python3.8/site-packages/airflow/example_dags/example_sensors.py for tasks to queue
[2025-07-21T08:37:00.060+0000] {logging_mixin.py:188} INFO - [2025-07-21T08:37:00.059+0000] {dagbag.py:538} INFO - Filling up the DagBag from /home/airflow/.local/lib/python3.8/site-packages/airflow/example_dags/example_sensors.py
[2025-07-21T08:37:00.085+0000] {processor.py:840} INFO - DAG(s) 'example_sensors' retrieved from /home/airflow/.local/lib/python3.8/site-packages/airflow/example_dags/example_sensors.py
[2025-07-21T08:37:00.155+0000] {logging_mixin.py:188} INFO - [2025-07-21T08:37:00.154+0000] {dag.py:3036} INFO - Sync 1 DAGs
[2025-07-21T08:37:00.188+0000] {logging_mixin.py:188} INFO - [2025-07-21T08:37:00.187+0000] {dag.py:3823} INFO - Setting next_dagrun for example_sensors to None, run_after=None
[2025-07-21T08:37:00.241+0000] {processor.py:183} INFO - Processing /home/airflow/.local/lib/python3.8/site-packages/airflow/example_dags/example_sensors.py took 0.202 seconds
[2025-07-21T08:37:31.287+0000] {processor.py:161} INFO - Started process (PID=2176) to work on /home/airflow/.local/lib/python3.8/site-packages/airflow/example_dags/example_sensors.py
[2025-07-21T08:37:31.291+0000] {processor.py:830} INFO - Processing file /home/airflow/.local/lib/python3.8/site-packages/airflow/example_dags/example_sensors.py for tasks to queue
[2025-07-21T08:37:31.296+0000] {logging_mixin.py:188} INFO - [2025-07-21T08:37:31.295+0000] {dagbag.py:538} INFO - Filling up the DagBag from /home/airflow/.local/lib/python3.8/site-packages/airflow/example_dags/example_sensors.py
[2025-07-21T08:37:31.319+0000] {processor.py:840} INFO - DAG(s) 'example_sensors' retrieved from /home/airflow/.local/lib/python3.8/site-packages/airflow/example_dags/example_sensors.py
[2025-07-21T08:37:31.385+0000] {logging_mixin.py:188} INFO - [2025-07-21T08:37:31.384+0000] {dag.py:3036} INFO - Sync 1 DAGs
[2025-07-21T08:37:31.416+0000] {logging_mixin.py:188} INFO - [2025-07-21T08:37:31.415+0000] {dag.py:3823} INFO - Setting next_dagrun for example_sensors to None, run_after=None
[2025-07-21T08:37:31.465+0000] {processor.py:183} INFO - Processing /home/airflow/.local/lib/python3.8/site-packages/airflow/example_dags/example_sensors.py took 0.189 seconds
[2025-07-21T08:38:01.606+0000] {processor.py:161} INFO - Started process (PID=2230) to work on /home/airflow/.local/lib/python3.8/site-packages/airflow/example_dags/example_sensors.py
[2025-07-21T08:38:01.610+0000] {processor.py:830} INFO - Processing file /home/airflow/.local/lib/python3.8/site-packages/airflow/example_dags/example_sensors.py for tasks to queue
[2025-07-21T08:38:01.616+0000] {logging_mixin.py:188} INFO - [2025-07-21T08:38:01.615+0000] {dagbag.py:538} INFO - Filling up the DagBag from /home/airflow/.local/lib/python3.8/site-packages/airflow/example_dags/example_sensors.py
[2025-07-21T08:38:01.646+0000] {processor.py:840} INFO - DAG(s) 'example_sensors' retrieved from /home/airflow/.local/lib/python3.8/site-packages/airflow/example_dags/example_sensors.py
[2025-07-21T08:38:01.773+0000] {logging_mixin.py:188} INFO - [2025-07-21T08:38:01.772+0000] {dag.py:3036} INFO - Sync 1 DAGs
[2025-07-21T08:38:01.843+0000] {logging_mixin.py:188} INFO - [2025-07-21T08:38:01.843+0000] {dag.py:3823} INFO - Setting next_dagrun for example_sensors to None, run_after=None
[2025-07-21T08:38:01.948+0000] {processor.py:183} INFO - Processing /home/airflow/.local/lib/python3.8/site-packages/airflow/example_dags/example_sensors.py took 0.353 seconds
[2025-07-21T08:38:34.157+0000] {processor.py:161} INFO - Started process (PID=2285) to work on /home/airflow/.local/lib/python3.8/site-packages/airflow/example_dags/example_sensors.py
[2025-07-21T08:38:34.159+0000] {processor.py:830} INFO - Processing file /home/airflow/.local/lib/python3.8/site-packages/airflow/example_dags/example_sensors.py for tasks to queue
[2025-07-21T08:38:34.165+0000] {logging_mixin.py:188} INFO - [2025-07-21T08:38:34.164+0000] {dagbag.py:538} INFO - Filling up the DagBag from /home/airflow/.local/lib/python3.8/site-packages/airflow/example_dags/example_sensors.py
[2025-07-21T08:38:34.189+0000] {processor.py:840} INFO - DAG(s) 'example_sensors' retrieved from /home/airflow/.local/lib/python3.8/site-packages/airflow/example_dags/example_sensors.py
[2025-07-21T08:38:34.249+0000] {logging_mixin.py:188} INFO - [2025-07-21T08:38:34.249+0000] {dag.py:3036} INFO - Sync 1 DAGs
[2025-07-21T08:38:34.286+0000] {logging_mixin.py:188} INFO - [2025-07-21T08:38:34.285+0000] {dag.py:3823} INFO - Setting next_dagrun for example_sensors to None, run_after=None
[2025-07-21T08:38:34.598+0000] {processor.py:183} INFO - Processing /home/airflow/.local/lib/python3.8/site-packages/airflow/example_dags/example_sensors.py took 0.449 seconds
[2025-07-21T08:39:05.451+0000] {processor.py:161} INFO - Started process (PID=2339) to work on /home/airflow/.local/lib/python3.8/site-packages/airflow/example_dags/example_sensors.py
[2025-07-21T08:39:05.454+0000] {processor.py:830} INFO - Processing file /home/airflow/.local/lib/python3.8/site-packages/airflow/example_dags/example_sensors.py for tasks to queue
[2025-07-21T08:39:05.458+0000] {logging_mixin.py:188} INFO - [2025-07-21T08:39:05.458+0000] {dagbag.py:538} INFO - Filling up the DagBag from /home/airflow/.local/lib/python3.8/site-packages/airflow/example_dags/example_sensors.py
[2025-07-21T08:39:05.518+0000] {processor.py:840} INFO - DAG(s) 'example_sensors' retrieved from /home/airflow/.local/lib/python3.8/site-packages/airflow/example_dags/example_sensors.py
[2025-07-21T08:39:05.693+0000] {logging_mixin.py:188} INFO - [2025-07-21T08:39:05.692+0000] {dag.py:3036} INFO - Sync 1 DAGs
[2025-07-21T08:39:05.756+0000] {logging_mixin.py:188} INFO - [2025-07-21T08:39:05.755+0000] {dag.py:3823} INFO - Setting next_dagrun for example_sensors to None, run_after=None
[2025-07-21T08:39:05.918+0000] {processor.py:183} INFO - Processing /home/airflow/.local/lib/python3.8/site-packages/airflow/example_dags/example_sensors.py took 0.482 seconds
[2025-07-21T08:39:37.099+0000] {processor.py:161} INFO - Started process (PID=2395) to work on /home/airflow/.local/lib/python3.8/site-packages/airflow/example_dags/example_sensors.py
[2025-07-21T08:39:37.104+0000] {processor.py:830} INFO - Processing file /home/airflow/.local/lib/python3.8/site-packages/airflow/example_dags/example_sensors.py for tasks to queue
[2025-07-21T08:39:37.111+0000] {logging_mixin.py:188} INFO - [2025-07-21T08:39:37.111+0000] {dagbag.py:538} INFO - Filling up the DagBag from /home/airflow/.local/lib/python3.8/site-packages/airflow/example_dags/example_sensors.py
[2025-07-21T08:39:37.138+0000] {processor.py:840} INFO - DAG(s) 'example_sensors' retrieved from /home/airflow/.local/lib/python3.8/site-packages/airflow/example_dags/example_sensors.py
[2025-07-21T08:39:37.258+0000] {logging_mixin.py:188} INFO - [2025-07-21T08:39:37.258+0000] {dag.py:3036} INFO - Sync 1 DAGs
[2025-07-21T08:39:37.387+0000] {logging_mixin.py:188} INFO - [2025-07-21T08:39:37.382+0000] {dag.py:3823} INFO - Setting next_dagrun for example_sensors to None, run_after=None
[2025-07-21T08:39:37.542+0000] {processor.py:183} INFO - Processing /home/airflow/.local/lib/python3.8/site-packages/airflow/example_dags/example_sensors.py took 0.471 seconds
[2025-07-21T08:40:08.500+0000] {processor.py:161} INFO - Started process (PID=2450) to work on /home/airflow/.local/lib/python3.8/site-packages/airflow/example_dags/example_sensors.py
[2025-07-21T08:40:08.502+0000] {processor.py:830} INFO - Processing file /home/airflow/.local/lib/python3.8/site-packages/airflow/example_dags/example_sensors.py for tasks to queue
[2025-07-21T08:40:08.508+0000] {logging_mixin.py:188} INFO - [2025-07-21T08:40:08.507+0000] {dagbag.py:538} INFO - Filling up the DagBag from /home/airflow/.local/lib/python3.8/site-packages/airflow/example_dags/example_sensors.py
[2025-07-21T08:40:08.531+0000] {processor.py:840} INFO - DAG(s) 'example_sensors' retrieved from /home/airflow/.local/lib/python3.8/site-packages/airflow/example_dags/example_sensors.py
[2025-07-21T08:40:08.618+0000] {logging_mixin.py:188} INFO - [2025-07-21T08:40:08.617+0000] {dag.py:3036} INFO - Sync 1 DAGs
[2025-07-21T08:40:08.648+0000] {logging_mixin.py:188} INFO - [2025-07-21T08:40:08.647+0000] {dag.py:3823} INFO - Setting next_dagrun for example_sensors to None, run_after=None
[2025-07-21T08:40:08.733+0000] {processor.py:183} INFO - Processing /home/airflow/.local/lib/python3.8/site-packages/airflow/example_dags/example_sensors.py took 0.242 seconds
[2025-07-21T08:40:39.560+0000] {processor.py:161} INFO - Started process (PID=2505) to work on /home/airflow/.local/lib/python3.8/site-packages/airflow/example_dags/example_sensors.py
[2025-07-21T08:40:39.562+0000] {processor.py:830} INFO - Processing file /home/airflow/.local/lib/python3.8/site-packages/airflow/example_dags/example_sensors.py for tasks to queue
[2025-07-21T08:40:39.567+0000] {logging_mixin.py:188} INFO - [2025-07-21T08:40:39.567+0000] {dagbag.py:538} INFO - Filling up the DagBag from /home/airflow/.local/lib/python3.8/site-packages/airflow/example_dags/example_sensors.py
[2025-07-21T08:40:39.592+0000] {processor.py:840} INFO - DAG(s) 'example_sensors' retrieved from /home/airflow/.local/lib/python3.8/site-packages/airflow/example_dags/example_sensors.py
[2025-07-21T08:40:39.738+0000] {logging_mixin.py:188} INFO - [2025-07-21T08:40:39.738+0000] {dag.py:3036} INFO - Sync 1 DAGs
[2025-07-21T08:40:39.776+0000] {logging_mixin.py:188} INFO - [2025-07-21T08:40:39.776+0000] {dag.py:3823} INFO - Setting next_dagrun for example_sensors to None, run_after=None
[2025-07-21T08:40:39.812+0000] {processor.py:183} INFO - Processing /home/airflow/.local/lib/python3.8/site-packages/airflow/example_dags/example_sensors.py took 0.262 seconds
[2025-07-21T08:41:11.646+0000] {processor.py:161} INFO - Started process (PID=2560) to work on /home/airflow/.local/lib/python3.8/site-packages/airflow/example_dags/example_sensors.py
[2025-07-21T08:41:11.649+0000] {processor.py:830} INFO - Processing file /home/airflow/.local/lib/python3.8/site-packages/airflow/example_dags/example_sensors.py for tasks to queue
[2025-07-21T08:41:11.656+0000] {logging_mixin.py:188} INFO - [2025-07-21T08:41:11.655+0000] {dagbag.py:538} INFO - Filling up the DagBag from /home/airflow/.local/lib/python3.8/site-packages/airflow/example_dags/example_sensors.py
[2025-07-21T08:41:11.686+0000] {processor.py:840} INFO - DAG(s) 'example_sensors' retrieved from /home/airflow/.local/lib/python3.8/site-packages/airflow/example_dags/example_sensors.py
[2025-07-21T08:41:12.041+0000] {logging_mixin.py:188} INFO - [2025-07-21T08:41:12.040+0000] {dag.py:3036} INFO - Sync 1 DAGs
[2025-07-21T08:41:12.067+0000] {logging_mixin.py:188} INFO - [2025-07-21T08:41:12.066+0000] {dag.py:3823} INFO - Setting next_dagrun for example_sensors to None, run_after=None
[2025-07-21T08:41:12.157+0000] {processor.py:183} INFO - Processing /home/airflow/.local/lib/python3.8/site-packages/airflow/example_dags/example_sensors.py took 0.526 seconds
[2025-07-21T08:41:42.580+0000] {processor.py:161} INFO - Started process (PID=2615) to work on /home/airflow/.local/lib/python3.8/site-packages/airflow/example_dags/example_sensors.py
[2025-07-21T08:41:42.583+0000] {processor.py:830} INFO - Processing file /home/airflow/.local/lib/python3.8/site-packages/airflow/example_dags/example_sensors.py for tasks to queue
[2025-07-21T08:41:42.588+0000] {logging_mixin.py:188} INFO - [2025-07-21T08:41:42.587+0000] {dagbag.py:538} INFO - Filling up the DagBag from /home/airflow/.local/lib/python3.8/site-packages/airflow/example_dags/example_sensors.py
[2025-07-21T08:41:42.615+0000] {processor.py:840} INFO - DAG(s) 'example_sensors' retrieved from /home/airflow/.local/lib/python3.8/site-packages/airflow/example_dags/example_sensors.py
[2025-07-21T08:41:42.695+0000] {logging_mixin.py:188} INFO - [2025-07-21T08:41:42.694+0000] {dag.py:3036} INFO - Sync 1 DAGs
[2025-07-21T08:41:42.727+0000] {logging_mixin.py:188} INFO - [2025-07-21T08:41:42.726+0000] {dag.py:3823} INFO - Setting next_dagrun for example_sensors to None, run_after=None
[2025-07-21T08:41:42.827+0000] {processor.py:183} INFO - Processing /home/airflow/.local/lib/python3.8/site-packages/airflow/example_dags/example_sensors.py took 0.257 seconds
[2025-07-21T08:42:14.424+0000] {processor.py:161} INFO - Started process (PID=2670) to work on /home/airflow/.local/lib/python3.8/site-packages/airflow/example_dags/example_sensors.py
[2025-07-21T08:42:14.426+0000] {processor.py:830} INFO - Processing file /home/airflow/.local/lib/python3.8/site-packages/airflow/example_dags/example_sensors.py for tasks to queue
[2025-07-21T08:42:14.434+0000] {logging_mixin.py:188} INFO - [2025-07-21T08:42:14.433+0000] {dagbag.py:538} INFO - Filling up the DagBag from /home/airflow/.local/lib/python3.8/site-packages/airflow/example_dags/example_sensors.py
[2025-07-21T08:42:14.488+0000] {processor.py:840} INFO - DAG(s) 'example_sensors' retrieved from /home/airflow/.local/lib/python3.8/site-packages/airflow/example_dags/example_sensors.py
[2025-07-21T08:42:14.678+0000] {logging_mixin.py:188} INFO - [2025-07-21T08:42:14.677+0000] {dag.py:3036} INFO - Sync 1 DAGs
[2025-07-21T08:42:14.749+0000] {logging_mixin.py:188} INFO - [2025-07-21T08:42:14.749+0000] {dag.py:3823} INFO - Setting next_dagrun for example_sensors to None, run_after=None
[2025-07-21T08:42:14.921+0000] {processor.py:183} INFO - Processing /home/airflow/.local/lib/python3.8/site-packages/airflow/example_dags/example_sensors.py took 0.524 seconds
[2025-07-21T08:42:45.887+0000] {processor.py:161} INFO - Started process (PID=2725) to work on /home/airflow/.local/lib/python3.8/site-packages/airflow/example_dags/example_sensors.py
[2025-07-21T08:42:45.893+0000] {processor.py:830} INFO - Processing file /home/airflow/.local/lib/python3.8/site-packages/airflow/example_dags/example_sensors.py for tasks to queue
[2025-07-21T08:42:45.900+0000] {logging_mixin.py:188} INFO - [2025-07-21T08:42:45.899+0000] {dagbag.py:538} INFO - Filling up the DagBag from /home/airflow/.local/lib/python3.8/site-packages/airflow/example_dags/example_sensors.py
[2025-07-21T08:42:45.944+0000] {processor.py:840} INFO - DAG(s) 'example_sensors' retrieved from /home/airflow/.local/lib/python3.8/site-packages/airflow/example_dags/example_sensors.py
[2025-07-21T08:42:46.052+0000] {logging_mixin.py:188} INFO - [2025-07-21T08:42:46.052+0000] {dag.py:3036} INFO - Sync 1 DAGs
[2025-07-21T08:42:46.106+0000] {logging_mixin.py:188} INFO - [2025-07-21T08:42:46.106+0000] {dag.py:3823} INFO - Setting next_dagrun for example_sensors to None, run_after=None
[2025-07-21T08:42:46.200+0000] {processor.py:183} INFO - Processing /home/airflow/.local/lib/python3.8/site-packages/airflow/example_dags/example_sensors.py took 0.334 seconds
[2025-07-21T08:43:16.580+0000] {processor.py:161} INFO - Started process (PID=2780) to work on /home/airflow/.local/lib/python3.8/site-packages/airflow/example_dags/example_sensors.py
[2025-07-21T08:43:16.583+0000] {processor.py:830} INFO - Processing file /home/airflow/.local/lib/python3.8/site-packages/airflow/example_dags/example_sensors.py for tasks to queue
[2025-07-21T08:43:16.589+0000] {logging_mixin.py:188} INFO - [2025-07-21T08:43:16.588+0000] {dagbag.py:538} INFO - Filling up the DagBag from /home/airflow/.local/lib/python3.8/site-packages/airflow/example_dags/example_sensors.py
[2025-07-21T08:43:16.615+0000] {processor.py:840} INFO - DAG(s) 'example_sensors' retrieved from /home/airflow/.local/lib/python3.8/site-packages/airflow/example_dags/example_sensors.py
[2025-07-21T08:43:16.691+0000] {logging_mixin.py:188} INFO - [2025-07-21T08:43:16.691+0000] {dag.py:3036} INFO - Sync 1 DAGs
[2025-07-21T08:43:16.778+0000] {logging_mixin.py:188} INFO - [2025-07-21T08:43:16.777+0000] {dag.py:3823} INFO - Setting next_dagrun for example_sensors to None, run_after=None
[2025-07-21T08:43:16.864+0000] {processor.py:183} INFO - Processing /home/airflow/.local/lib/python3.8/site-packages/airflow/example_dags/example_sensors.py took 0.315 seconds
[2025-07-21T08:43:46.931+0000] {processor.py:161} INFO - Started process (PID=2835) to work on /home/airflow/.local/lib/python3.8/site-packages/airflow/example_dags/example_sensors.py
[2025-07-21T08:43:46.939+0000] {processor.py:830} INFO - Processing file /home/airflow/.local/lib/python3.8/site-packages/airflow/example_dags/example_sensors.py for tasks to queue
[2025-07-21T08:43:46.944+0000] {logging_mixin.py:188} INFO - [2025-07-21T08:43:46.943+0000] {dagbag.py:538} INFO - Filling up the DagBag from /home/airflow/.local/lib/python3.8/site-packages/airflow/example_dags/example_sensors.py
[2025-07-21T08:43:46.980+0000] {processor.py:840} INFO - DAG(s) 'example_sensors' retrieved from /home/airflow/.local/lib/python3.8/site-packages/airflow/example_dags/example_sensors.py
[2025-07-21T08:43:47.078+0000] {logging_mixin.py:188} INFO - [2025-07-21T08:43:47.073+0000] {dag.py:3036} INFO - Sync 1 DAGs
[2025-07-21T08:43:47.110+0000] {logging_mixin.py:188} INFO - [2025-07-21T08:43:47.109+0000] {dag.py:3823} INFO - Setting next_dagrun for example_sensors to None, run_after=None
[2025-07-21T08:43:47.166+0000] {processor.py:183} INFO - Processing /home/airflow/.local/lib/python3.8/site-packages/airflow/example_dags/example_sensors.py took 0.245 seconds
