[2025-07-21T08:14:43.309+0000] {processor.py:161} INFO - Started process (PID=85) to work on /home/airflow/.local/lib/python3.8/site-packages/airflow/example_dags/example_latest_only.py
[2025-07-21T08:14:43.330+0000] {processor.py:830} INFO - Processing file /home/airflow/.local/lib/python3.8/site-packages/airflow/example_dags/example_latest_only.py for tasks to queue
[2025-07-21T08:14:43.345+0000] {logging_mixin.py:188} INFO - [2025-07-21T08:14:43.345+0000] {dagbag.py:538} INFO - Filling up the DagBag from /home/airflow/.local/lib/python3.8/site-packages/airflow/example_dags/example_latest_only.py
[2025-07-21T08:14:43.390+0000] {processor.py:840} INFO - DAG(s) 'latest_only' retrieved from /home/airflow/.local/lib/python3.8/site-packages/airflow/example_dags/example_latest_only.py
[2025-07-21T08:14:43.494+0000] {logging_mixin.py:188} INFO - [2025-07-21T08:14:43.493+0000] {dag.py:3036} INFO - Sync 1 DAGs
[2025-07-21T08:14:43.626+0000] {logging_mixin.py:188} INFO - [2025-07-21T08:14:43.625+0000] {dag.py:3823} INFO - Setting next_dagrun for latest_only to 2025-07-21 04:00:00+00:00, run_after=2025-07-21 08:00:00+00:00
[2025-07-21T08:14:43.722+0000] {processor.py:183} INFO - Processing /home/airflow/.local/lib/python3.8/site-packages/airflow/example_dags/example_latest_only.py took 0.419 seconds
[2025-07-21T08:15:18.873+0000] {processor.py:161} INFO - Started process (PID=141) to work on /home/airflow/.local/lib/python3.8/site-packages/airflow/example_dags/example_latest_only.py
[2025-07-21T08:15:18.921+0000] {processor.py:830} INFO - Processing file /home/airflow/.local/lib/python3.8/site-packages/airflow/example_dags/example_latest_only.py for tasks to queue
[2025-07-21T08:15:18.933+0000] {logging_mixin.py:188} INFO - [2025-07-21T08:15:18.932+0000] {dagbag.py:538} INFO - Filling up the DagBag from /home/airflow/.local/lib/python3.8/site-packages/airflow/example_dags/example_latest_only.py
[2025-07-21T08:15:18.958+0000] {processor.py:840} INFO - DAG(s) 'latest_only' retrieved from /home/airflow/.local/lib/python3.8/site-packages/airflow/example_dags/example_latest_only.py
[2025-07-21T08:15:19.056+0000] {logging_mixin.py:188} INFO - [2025-07-21T08:15:19.055+0000] {dag.py:3036} INFO - Sync 1 DAGs
[2025-07-21T08:15:19.220+0000] {logging_mixin.py:188} INFO - [2025-07-21T08:15:19.220+0000] {dag.py:3823} INFO - Setting next_dagrun for latest_only to 2025-07-21 04:00:00+00:00, run_after=2025-07-21 08:00:00+00:00
[2025-07-21T08:15:19.391+0000] {processor.py:183} INFO - Processing /home/airflow/.local/lib/python3.8/site-packages/airflow/example_dags/example_latest_only.py took 0.524 seconds
[2025-07-21T08:15:58.189+0000] {processor.py:161} INFO - Started process (PID=196) to work on /home/airflow/.local/lib/python3.8/site-packages/airflow/example_dags/example_latest_only.py
[2025-07-21T08:15:58.204+0000] {processor.py:830} INFO - Processing file /home/airflow/.local/lib/python3.8/site-packages/airflow/example_dags/example_latest_only.py for tasks to queue
[2025-07-21T08:15:58.237+0000] {logging_mixin.py:188} INFO - [2025-07-21T08:15:58.236+0000] {dagbag.py:538} INFO - Filling up the DagBag from /home/airflow/.local/lib/python3.8/site-packages/airflow/example_dags/example_latest_only.py
[2025-07-21T08:15:58.289+0000] {processor.py:840} INFO - DAG(s) 'latest_only' retrieved from /home/airflow/.local/lib/python3.8/site-packages/airflow/example_dags/example_latest_only.py
[2025-07-21T08:15:58.597+0000] {logging_mixin.py:188} INFO - [2025-07-21T08:15:58.596+0000] {dag.py:3036} INFO - Sync 1 DAGs
[2025-07-21T08:15:58.714+0000] {logging_mixin.py:188} INFO - [2025-07-21T08:15:58.713+0000] {dag.py:3823} INFO - Setting next_dagrun for latest_only to 2025-07-21 04:00:00+00:00, run_after=2025-07-21 08:00:00+00:00
[2025-07-21T08:15:59.113+0000] {processor.py:183} INFO - Processing /home/airflow/.local/lib/python3.8/site-packages/airflow/example_dags/example_latest_only.py took 1.021 seconds
[2025-07-21T08:16:35.446+0000] {processor.py:161} INFO - Started process (PID=251) to work on /home/airflow/.local/lib/python3.8/site-packages/airflow/example_dags/example_latest_only.py
[2025-07-21T08:16:35.467+0000] {processor.py:830} INFO - Processing file /home/airflow/.local/lib/python3.8/site-packages/airflow/example_dags/example_latest_only.py for tasks to queue
[2025-07-21T08:16:35.480+0000] {logging_mixin.py:188} INFO - [2025-07-21T08:16:35.480+0000] {dagbag.py:538} INFO - Filling up the DagBag from /home/airflow/.local/lib/python3.8/site-packages/airflow/example_dags/example_latest_only.py
[2025-07-21T08:16:35.510+0000] {processor.py:840} INFO - DAG(s) 'latest_only' retrieved from /home/airflow/.local/lib/python3.8/site-packages/airflow/example_dags/example_latest_only.py
[2025-07-21T08:16:35.719+0000] {logging_mixin.py:188} INFO - [2025-07-21T08:16:35.697+0000] {dag.py:3036} INFO - Sync 1 DAGs
[2025-07-21T08:16:35.852+0000] {logging_mixin.py:188} INFO - [2025-07-21T08:16:35.851+0000] {dag.py:3823} INFO - Setting next_dagrun for latest_only to 2025-07-21 04:00:00+00:00, run_after=2025-07-21 08:00:00+00:00
[2025-07-21T08:16:35.895+0000] {processor.py:183} INFO - Processing /home/airflow/.local/lib/python3.8/site-packages/airflow/example_dags/example_latest_only.py took 0.480 seconds
[2025-07-21T08:17:41.735+0000] {processor.py:161} INFO - Started process (PID=315) to work on /home/airflow/.local/lib/python3.8/site-packages/airflow/example_dags/example_latest_only.py
[2025-07-21T08:17:41.759+0000] {processor.py:830} INFO - Processing file /home/airflow/.local/lib/python3.8/site-packages/airflow/example_dags/example_latest_only.py for tasks to queue
[2025-07-21T08:17:41.984+0000] {logging_mixin.py:188} INFO - [2025-07-21T08:17:41.984+0000] {dagbag.py:538} INFO - Filling up the DagBag from /home/airflow/.local/lib/python3.8/site-packages/airflow/example_dags/example_latest_only.py
[2025-07-21T08:17:42.037+0000] {processor.py:840} INFO - DAG(s) 'latest_only' retrieved from /home/airflow/.local/lib/python3.8/site-packages/airflow/example_dags/example_latest_only.py
[2025-07-21T08:17:42.430+0000] {logging_mixin.py:188} INFO - [2025-07-21T08:17:42.429+0000] {dag.py:3036} INFO - Sync 1 DAGs
[2025-07-21T08:17:42.885+0000] {logging_mixin.py:188} INFO - [2025-07-21T08:17:42.885+0000] {dag.py:3823} INFO - Setting next_dagrun for latest_only to 2025-07-21 04:00:00+00:00, run_after=2025-07-21 08:00:00+00:00
[2025-07-21T08:17:43.363+0000] {processor.py:183} INFO - Processing /home/airflow/.local/lib/python3.8/site-packages/airflow/example_dags/example_latest_only.py took 1.662 seconds
[2025-07-21T08:19:04.378+0000] {processor.py:161} INFO - Started process (PID=386) to work on /home/airflow/.local/lib/python3.8/site-packages/airflow/example_dags/example_latest_only.py
[2025-07-21T08:19:04.598+0000] {processor.py:830} INFO - Processing file /home/airflow/.local/lib/python3.8/site-packages/airflow/example_dags/example_latest_only.py for tasks to queue
[2025-07-21T08:19:04.653+0000] {logging_mixin.py:188} INFO - [2025-07-21T08:19:04.652+0000] {dagbag.py:538} INFO - Filling up the DagBag from /home/airflow/.local/lib/python3.8/site-packages/airflow/example_dags/example_latest_only.py
[2025-07-21T08:19:04.862+0000] {processor.py:840} INFO - DAG(s) 'latest_only' retrieved from /home/airflow/.local/lib/python3.8/site-packages/airflow/example_dags/example_latest_only.py
[2025-07-21T08:19:06.556+0000] {logging_mixin.py:188} INFO - [2025-07-21T08:19:06.555+0000] {dag.py:3036} INFO - Sync 1 DAGs
[2025-07-21T08:19:07.002+0000] {logging_mixin.py:188} INFO - [2025-07-21T08:19:07.001+0000] {dag.py:3823} INFO - Setting next_dagrun for latest_only to 2025-07-21 04:00:00+00:00, run_after=2025-07-21 08:00:00+00:00
[2025-07-21T08:19:07.413+0000] {processor.py:183} INFO - Processing /home/airflow/.local/lib/python3.8/site-packages/airflow/example_dags/example_latest_only.py took 3.066 seconds
[2025-07-21T08:20:02.779+0000] {processor.py:161} INFO - Started process (PID=440) to work on /home/airflow/.local/lib/python3.8/site-packages/airflow/example_dags/example_latest_only.py
[2025-07-21T08:20:02.926+0000] {processor.py:830} INFO - Processing file /home/airflow/.local/lib/python3.8/site-packages/airflow/example_dags/example_latest_only.py for tasks to queue
[2025-07-21T08:20:02.955+0000] {logging_mixin.py:188} INFO - [2025-07-21T08:20:02.955+0000] {dagbag.py:538} INFO - Filling up the DagBag from /home/airflow/.local/lib/python3.8/site-packages/airflow/example_dags/example_latest_only.py
[2025-07-21T08:20:02.991+0000] {processor.py:840} INFO - DAG(s) 'latest_only' retrieved from /home/airflow/.local/lib/python3.8/site-packages/airflow/example_dags/example_latest_only.py
[2025-07-21T08:20:03.130+0000] {logging_mixin.py:188} INFO - [2025-07-21T08:20:03.130+0000] {dag.py:3036} INFO - Sync 1 DAGs
[2025-07-21T08:20:03.397+0000] {logging_mixin.py:188} INFO - [2025-07-21T08:20:03.397+0000] {dag.py:3823} INFO - Setting next_dagrun for latest_only to 2025-07-21 04:00:00+00:00, run_after=2025-07-21 08:00:00+00:00
[2025-07-21T08:20:03.523+0000] {processor.py:183} INFO - Processing /home/airflow/.local/lib/python3.8/site-packages/airflow/example_dags/example_latest_only.py took 0.776 seconds
[2025-07-21T08:20:56.739+0000] {processor.py:161} INFO - Started process (PID=501) to work on /home/airflow/.local/lib/python3.8/site-packages/airflow/example_dags/example_latest_only.py
[2025-07-21T08:20:56.760+0000] {processor.py:830} INFO - Processing file /home/airflow/.local/lib/python3.8/site-packages/airflow/example_dags/example_latest_only.py for tasks to queue
[2025-07-21T08:20:56.934+0000] {logging_mixin.py:188} INFO - [2025-07-21T08:20:56.933+0000] {dagbag.py:538} INFO - Filling up the DagBag from /home/airflow/.local/lib/python3.8/site-packages/airflow/example_dags/example_latest_only.py
[2025-07-21T08:20:57.167+0000] {processor.py:840} INFO - DAG(s) 'latest_only' retrieved from /home/airflow/.local/lib/python3.8/site-packages/airflow/example_dags/example_latest_only.py
[2025-07-21T08:20:57.599+0000] {logging_mixin.py:188} INFO - [2025-07-21T08:20:57.599+0000] {dag.py:3036} INFO - Sync 1 DAGs
[2025-07-21T08:20:57.960+0000] {logging_mixin.py:188} INFO - [2025-07-21T08:20:57.959+0000] {dag.py:3823} INFO - Setting next_dagrun for latest_only to 2025-07-21 04:00:00+00:00, run_after=2025-07-21 08:00:00+00:00
[2025-07-21T08:20:58.076+0000] {processor.py:183} INFO - Processing /home/airflow/.local/lib/python3.8/site-packages/airflow/example_dags/example_latest_only.py took 1.357 seconds
[2025-07-21T08:21:37.442+0000] {processor.py:161} INFO - Started process (PID=556) to work on /home/airflow/.local/lib/python3.8/site-packages/airflow/example_dags/example_latest_only.py
[2025-07-21T08:21:37.447+0000] {processor.py:830} INFO - Processing file /home/airflow/.local/lib/python3.8/site-packages/airflow/example_dags/example_latest_only.py for tasks to queue
[2025-07-21T08:21:37.463+0000] {logging_mixin.py:188} INFO - [2025-07-21T08:21:37.462+0000] {dagbag.py:538} INFO - Filling up the DagBag from /home/airflow/.local/lib/python3.8/site-packages/airflow/example_dags/example_latest_only.py
[2025-07-21T08:21:37.485+0000] {processor.py:840} INFO - DAG(s) 'latest_only' retrieved from /home/airflow/.local/lib/python3.8/site-packages/airflow/example_dags/example_latest_only.py
[2025-07-21T08:21:37.652+0000] {logging_mixin.py:188} INFO - [2025-07-21T08:21:37.652+0000] {dag.py:3036} INFO - Sync 1 DAGs
[2025-07-21T08:21:37.737+0000] {logging_mixin.py:188} INFO - [2025-07-21T08:21:37.737+0000] {dag.py:3823} INFO - Setting next_dagrun for latest_only to 2025-07-21 04:00:00+00:00, run_after=2025-07-21 08:00:00+00:00
[2025-07-21T08:21:37.898+0000] {processor.py:183} INFO - Processing /home/airflow/.local/lib/python3.8/site-packages/airflow/example_dags/example_latest_only.py took 0.532 seconds
[2025-07-21T08:22:18.378+0000] {processor.py:161} INFO - Started process (PID=608) to work on /home/airflow/.local/lib/python3.8/site-packages/airflow/example_dags/example_latest_only.py
[2025-07-21T08:22:18.384+0000] {processor.py:830} INFO - Processing file /home/airflow/.local/lib/python3.8/site-packages/airflow/example_dags/example_latest_only.py for tasks to queue
[2025-07-21T08:22:18.396+0000] {logging_mixin.py:188} INFO - [2025-07-21T08:22:18.395+0000] {dagbag.py:538} INFO - Filling up the DagBag from /home/airflow/.local/lib/python3.8/site-packages/airflow/example_dags/example_latest_only.py
[2025-07-21T08:22:18.434+0000] {processor.py:840} INFO - DAG(s) 'latest_only' retrieved from /home/airflow/.local/lib/python3.8/site-packages/airflow/example_dags/example_latest_only.py
[2025-07-21T08:22:18.547+0000] {logging_mixin.py:188} INFO - [2025-07-21T08:22:18.547+0000] {dag.py:3036} INFO - Sync 1 DAGs
[2025-07-21T08:22:18.880+0000] {logging_mixin.py:188} INFO - [2025-07-21T08:22:18.878+0000] {dag.py:3823} INFO - Setting next_dagrun for latest_only to 2025-07-21 04:00:00+00:00, run_after=2025-07-21 08:00:00+00:00
[2025-07-21T08:22:19.229+0000] {processor.py:183} INFO - Processing /home/airflow/.local/lib/python3.8/site-packages/airflow/example_dags/example_latest_only.py took 0.869 seconds
[2025-07-21T08:22:54.260+0000] {processor.py:161} INFO - Started process (PID=668) to work on /home/airflow/.local/lib/python3.8/site-packages/airflow/example_dags/example_latest_only.py
[2025-07-21T08:22:54.510+0000] {processor.py:830} INFO - Processing file /home/airflow/.local/lib/python3.8/site-packages/airflow/example_dags/example_latest_only.py for tasks to queue
[2025-07-21T08:22:54.720+0000] {logging_mixin.py:188} INFO - [2025-07-21T08:22:54.720+0000] {dagbag.py:538} INFO - Filling up the DagBag from /home/airflow/.local/lib/python3.8/site-packages/airflow/example_dags/example_latest_only.py
[2025-07-21T08:22:54.748+0000] {processor.py:840} INFO - DAG(s) 'latest_only' retrieved from /home/airflow/.local/lib/python3.8/site-packages/airflow/example_dags/example_latest_only.py
[2025-07-21T08:22:54.872+0000] {logging_mixin.py:188} INFO - [2025-07-21T08:22:54.871+0000] {dag.py:3036} INFO - Sync 1 DAGs
[2025-07-21T08:22:55.015+0000] {logging_mixin.py:188} INFO - [2025-07-21T08:22:55.015+0000] {dag.py:3823} INFO - Setting next_dagrun for latest_only to 2025-07-21 04:00:00+00:00, run_after=2025-07-21 08:00:00+00:00
[2025-07-21T08:22:55.256+0000] {processor.py:183} INFO - Processing /home/airflow/.local/lib/python3.8/site-packages/airflow/example_dags/example_latest_only.py took 1.002 seconds
[2025-07-21T08:23:25.424+0000] {processor.py:161} INFO - Started process (PID=724) to work on /home/airflow/.local/lib/python3.8/site-packages/airflow/example_dags/example_latest_only.py
[2025-07-21T08:23:25.427+0000] {processor.py:830} INFO - Processing file /home/airflow/.local/lib/python3.8/site-packages/airflow/example_dags/example_latest_only.py for tasks to queue
[2025-07-21T08:23:25.436+0000] {logging_mixin.py:188} INFO - [2025-07-21T08:23:25.433+0000] {dagbag.py:538} INFO - Filling up the DagBag from /home/airflow/.local/lib/python3.8/site-packages/airflow/example_dags/example_latest_only.py
[2025-07-21T08:23:25.462+0000] {processor.py:840} INFO - DAG(s) 'latest_only' retrieved from /home/airflow/.local/lib/python3.8/site-packages/airflow/example_dags/example_latest_only.py
[2025-07-21T08:23:25.594+0000] {logging_mixin.py:188} INFO - [2025-07-21T08:23:25.594+0000] {dag.py:3036} INFO - Sync 1 DAGs
[2025-07-21T08:23:25.731+0000] {logging_mixin.py:188} INFO - [2025-07-21T08:23:25.730+0000] {dag.py:3823} INFO - Setting next_dagrun for latest_only to 2025-07-21 04:00:00+00:00, run_after=2025-07-21 08:00:00+00:00
[2025-07-21T08:23:25.808+0000] {processor.py:183} INFO - Processing /home/airflow/.local/lib/python3.8/site-packages/airflow/example_dags/example_latest_only.py took 0.396 seconds
[2025-07-21T08:23:56.859+0000] {processor.py:161} INFO - Started process (PID=778) to work on /home/airflow/.local/lib/python3.8/site-packages/airflow/example_dags/example_latest_only.py
[2025-07-21T08:23:56.873+0000] {processor.py:830} INFO - Processing file /home/airflow/.local/lib/python3.8/site-packages/airflow/example_dags/example_latest_only.py for tasks to queue
[2025-07-21T08:23:56.879+0000] {logging_mixin.py:188} INFO - [2025-07-21T08:23:56.878+0000] {dagbag.py:538} INFO - Filling up the DagBag from /home/airflow/.local/lib/python3.8/site-packages/airflow/example_dags/example_latest_only.py
[2025-07-21T08:23:56.899+0000] {processor.py:840} INFO - DAG(s) 'latest_only' retrieved from /home/airflow/.local/lib/python3.8/site-packages/airflow/example_dags/example_latest_only.py
[2025-07-21T08:23:56.959+0000] {logging_mixin.py:188} INFO - [2025-07-21T08:23:56.958+0000] {dag.py:3036} INFO - Sync 1 DAGs
[2025-07-21T08:23:57.068+0000] {logging_mixin.py:188} INFO - [2025-07-21T08:23:57.067+0000] {dag.py:3823} INFO - Setting next_dagrun for latest_only to 2025-07-21 04:00:00+00:00, run_after=2025-07-21 08:00:00+00:00
[2025-07-21T08:23:57.248+0000] {processor.py:183} INFO - Processing /home/airflow/.local/lib/python3.8/site-packages/airflow/example_dags/example_latest_only.py took 0.400 seconds
[2025-07-21T08:24:33.767+0000] {processor.py:161} INFO - Started process (PID=823) to work on /home/airflow/.local/lib/python3.8/site-packages/airflow/example_dags/example_latest_only.py
[2025-07-21T08:24:33.889+0000] {processor.py:830} INFO - Processing file /home/airflow/.local/lib/python3.8/site-packages/airflow/example_dags/example_latest_only.py for tasks to queue
[2025-07-21T08:24:33.985+0000] {logging_mixin.py:188} INFO - [2025-07-21T08:24:33.963+0000] {dagbag.py:538} INFO - Filling up the DagBag from /home/airflow/.local/lib/python3.8/site-packages/airflow/example_dags/example_latest_only.py
[2025-07-21T08:24:34.134+0000] {processor.py:840} INFO - DAG(s) 'latest_only' retrieved from /home/airflow/.local/lib/python3.8/site-packages/airflow/example_dags/example_latest_only.py
[2025-07-21T08:24:34.593+0000] {logging_mixin.py:188} INFO - [2025-07-21T08:24:34.582+0000] {dag.py:3036} INFO - Sync 1 DAGs
[2025-07-21T08:24:34.776+0000] {logging_mixin.py:188} INFO - [2025-07-21T08:24:34.776+0000] {dag.py:3823} INFO - Setting next_dagrun for latest_only to 2025-07-21 04:00:00+00:00, run_after=2025-07-21 08:00:00+00:00
[2025-07-21T08:24:34.883+0000] {processor.py:183} INFO - Processing /home/airflow/.local/lib/python3.8/site-packages/airflow/example_dags/example_latest_only.py took 1.171 seconds
[2025-07-21T08:25:06.809+0000] {processor.py:161} INFO - Started process (PID=878) to work on /home/airflow/.local/lib/python3.8/site-packages/airflow/example_dags/example_latest_only.py
[2025-07-21T08:25:06.860+0000] {processor.py:830} INFO - Processing file /home/airflow/.local/lib/python3.8/site-packages/airflow/example_dags/example_latest_only.py for tasks to queue
[2025-07-21T08:25:07.045+0000] {logging_mixin.py:188} INFO - [2025-07-21T08:25:07.038+0000] {dagbag.py:538} INFO - Filling up the DagBag from /home/airflow/.local/lib/python3.8/site-packages/airflow/example_dags/example_latest_only.py
[2025-07-21T08:25:07.106+0000] {processor.py:840} INFO - DAG(s) 'latest_only' retrieved from /home/airflow/.local/lib/python3.8/site-packages/airflow/example_dags/example_latest_only.py
[2025-07-21T08:25:07.235+0000] {logging_mixin.py:188} INFO - [2025-07-21T08:25:07.234+0000] {dag.py:3036} INFO - Sync 1 DAGs
[2025-07-21T08:25:07.319+0000] {logging_mixin.py:188} INFO - [2025-07-21T08:25:07.319+0000] {dag.py:3823} INFO - Setting next_dagrun for latest_only to 2025-07-21 04:00:00+00:00, run_after=2025-07-21 08:00:00+00:00
[2025-07-21T08:25:07.509+0000] {processor.py:183} INFO - Processing /home/airflow/.local/lib/python3.8/site-packages/airflow/example_dags/example_latest_only.py took 0.744 seconds
[2025-07-21T08:25:39.176+0000] {processor.py:161} INFO - Started process (PID=934) to work on /home/airflow/.local/lib/python3.8/site-packages/airflow/example_dags/example_latest_only.py
[2025-07-21T08:25:39.178+0000] {processor.py:830} INFO - Processing file /home/airflow/.local/lib/python3.8/site-packages/airflow/example_dags/example_latest_only.py for tasks to queue
[2025-07-21T08:25:39.182+0000] {logging_mixin.py:188} INFO - [2025-07-21T08:25:39.182+0000] {dagbag.py:538} INFO - Filling up the DagBag from /home/airflow/.local/lib/python3.8/site-packages/airflow/example_dags/example_latest_only.py
[2025-07-21T08:25:39.192+0000] {processor.py:840} INFO - DAG(s) 'latest_only' retrieved from /home/airflow/.local/lib/python3.8/site-packages/airflow/example_dags/example_latest_only.py
[2025-07-21T08:25:39.229+0000] {logging_mixin.py:188} INFO - [2025-07-21T08:25:39.229+0000] {dag.py:3036} INFO - Sync 1 DAGs
[2025-07-21T08:25:39.292+0000] {logging_mixin.py:188} INFO - [2025-07-21T08:25:39.292+0000] {dag.py:3823} INFO - Setting next_dagrun for latest_only to 2025-07-21 04:00:00+00:00, run_after=2025-07-21 08:00:00+00:00
[2025-07-21T08:25:39.396+0000] {processor.py:183} INFO - Processing /home/airflow/.local/lib/python3.8/site-packages/airflow/example_dags/example_latest_only.py took 0.227 seconds
[2025-07-21T08:26:10.440+0000] {processor.py:161} INFO - Started process (PID=989) to work on /home/airflow/.local/lib/python3.8/site-packages/airflow/example_dags/example_latest_only.py
[2025-07-21T08:26:10.457+0000] {processor.py:830} INFO - Processing file /home/airflow/.local/lib/python3.8/site-packages/airflow/example_dags/example_latest_only.py for tasks to queue
[2025-07-21T08:26:10.461+0000] {logging_mixin.py:188} INFO - [2025-07-21T08:26:10.460+0000] {dagbag.py:538} INFO - Filling up the DagBag from /home/airflow/.local/lib/python3.8/site-packages/airflow/example_dags/example_latest_only.py
[2025-07-21T08:26:10.474+0000] {processor.py:840} INFO - DAG(s) 'latest_only' retrieved from /home/airflow/.local/lib/python3.8/site-packages/airflow/example_dags/example_latest_only.py
[2025-07-21T08:26:10.640+0000] {logging_mixin.py:188} INFO - [2025-07-21T08:26:10.639+0000] {dag.py:3036} INFO - Sync 1 DAGs
[2025-07-21T08:26:10.751+0000] {logging_mixin.py:188} INFO - [2025-07-21T08:26:10.750+0000] {dag.py:3823} INFO - Setting next_dagrun for latest_only to 2025-07-21 04:00:00+00:00, run_after=2025-07-21 08:00:00+00:00
[2025-07-21T08:26:10.871+0000] {processor.py:183} INFO - Processing /home/airflow/.local/lib/python3.8/site-packages/airflow/example_dags/example_latest_only.py took 0.439 seconds
[2025-07-21T08:26:46.039+0000] {processor.py:161} INFO - Started process (PID=1045) to work on /home/airflow/.local/lib/python3.8/site-packages/airflow/example_dags/example_latest_only.py
[2025-07-21T08:26:46.125+0000] {processor.py:830} INFO - Processing file /home/airflow/.local/lib/python3.8/site-packages/airflow/example_dags/example_latest_only.py for tasks to queue
[2025-07-21T08:26:46.138+0000] {logging_mixin.py:188} INFO - [2025-07-21T08:26:46.137+0000] {dagbag.py:538} INFO - Filling up the DagBag from /home/airflow/.local/lib/python3.8/site-packages/airflow/example_dags/example_latest_only.py
[2025-07-21T08:26:46.168+0000] {processor.py:840} INFO - DAG(s) 'latest_only' retrieved from /home/airflow/.local/lib/python3.8/site-packages/airflow/example_dags/example_latest_only.py
[2025-07-21T08:26:46.283+0000] {logging_mixin.py:188} INFO - [2025-07-21T08:26:46.282+0000] {dag.py:3036} INFO - Sync 1 DAGs
[2025-07-21T08:26:46.476+0000] {logging_mixin.py:188} INFO - [2025-07-21T08:26:46.476+0000] {dag.py:3823} INFO - Setting next_dagrun for latest_only to 2025-07-21 04:00:00+00:00, run_after=2025-07-21 08:00:00+00:00
[2025-07-21T08:26:46.667+0000] {processor.py:183} INFO - Processing /home/airflow/.local/lib/python3.8/site-packages/airflow/example_dags/example_latest_only.py took 0.662 seconds
[2025-07-21T08:27:17.458+0000] {processor.py:161} INFO - Started process (PID=1099) to work on /home/airflow/.local/lib/python3.8/site-packages/airflow/example_dags/example_latest_only.py
[2025-07-21T08:27:17.460+0000] {processor.py:830} INFO - Processing file /home/airflow/.local/lib/python3.8/site-packages/airflow/example_dags/example_latest_only.py for tasks to queue
[2025-07-21T08:27:17.464+0000] {logging_mixin.py:188} INFO - [2025-07-21T08:27:17.464+0000] {dagbag.py:538} INFO - Filling up the DagBag from /home/airflow/.local/lib/python3.8/site-packages/airflow/example_dags/example_latest_only.py
[2025-07-21T08:27:17.477+0000] {processor.py:840} INFO - DAG(s) 'latest_only' retrieved from /home/airflow/.local/lib/python3.8/site-packages/airflow/example_dags/example_latest_only.py
[2025-07-21T08:27:17.521+0000] {logging_mixin.py:188} INFO - [2025-07-21T08:27:17.521+0000] {dag.py:3036} INFO - Sync 1 DAGs
[2025-07-21T08:27:17.584+0000] {logging_mixin.py:188} INFO - [2025-07-21T08:27:17.584+0000] {dag.py:3823} INFO - Setting next_dagrun for latest_only to 2025-07-21 04:00:00+00:00, run_after=2025-07-21 08:00:00+00:00
[2025-07-21T08:27:17.712+0000] {processor.py:183} INFO - Processing /home/airflow/.local/lib/python3.8/site-packages/airflow/example_dags/example_latest_only.py took 0.263 seconds
[2025-07-21T08:27:48.352+0000] {processor.py:161} INFO - Started process (PID=1154) to work on /home/airflow/.local/lib/python3.8/site-packages/airflow/example_dags/example_latest_only.py
[2025-07-21T08:27:48.357+0000] {processor.py:830} INFO - Processing file /home/airflow/.local/lib/python3.8/site-packages/airflow/example_dags/example_latest_only.py for tasks to queue
[2025-07-21T08:27:48.364+0000] {logging_mixin.py:188} INFO - [2025-07-21T08:27:48.363+0000] {dagbag.py:538} INFO - Filling up the DagBag from /home/airflow/.local/lib/python3.8/site-packages/airflow/example_dags/example_latest_only.py
[2025-07-21T08:27:48.379+0000] {processor.py:840} INFO - DAG(s) 'latest_only' retrieved from /home/airflow/.local/lib/python3.8/site-packages/airflow/example_dags/example_latest_only.py
[2025-07-21T08:27:48.433+0000] {logging_mixin.py:188} INFO - [2025-07-21T08:27:48.432+0000] {dag.py:3036} INFO - Sync 1 DAGs
[2025-07-21T08:27:48.490+0000] {logging_mixin.py:188} INFO - [2025-07-21T08:27:48.489+0000] {dag.py:3823} INFO - Setting next_dagrun for latest_only to 2025-07-21 04:00:00+00:00, run_after=2025-07-21 08:00:00+00:00
[2025-07-21T08:27:48.581+0000] {processor.py:183} INFO - Processing /home/airflow/.local/lib/python3.8/site-packages/airflow/example_dags/example_latest_only.py took 0.249 seconds
[2025-07-21T08:28:18.725+0000] {processor.py:161} INFO - Started process (PID=1209) to work on /home/airflow/.local/lib/python3.8/site-packages/airflow/example_dags/example_latest_only.py
[2025-07-21T08:28:18.748+0000] {processor.py:830} INFO - Processing file /home/airflow/.local/lib/python3.8/site-packages/airflow/example_dags/example_latest_only.py for tasks to queue
[2025-07-21T08:28:18.752+0000] {logging_mixin.py:188} INFO - [2025-07-21T08:28:18.752+0000] {dagbag.py:538} INFO - Filling up the DagBag from /home/airflow/.local/lib/python3.8/site-packages/airflow/example_dags/example_latest_only.py
[2025-07-21T08:28:18.777+0000] {processor.py:840} INFO - DAG(s) 'latest_only' retrieved from /home/airflow/.local/lib/python3.8/site-packages/airflow/example_dags/example_latest_only.py
[2025-07-21T08:28:18.894+0000] {logging_mixin.py:188} INFO - [2025-07-21T08:28:18.894+0000] {dag.py:3036} INFO - Sync 1 DAGs
[2025-07-21T08:28:18.959+0000] {logging_mixin.py:188} INFO - [2025-07-21T08:28:18.959+0000] {dag.py:3823} INFO - Setting next_dagrun for latest_only to 2025-07-21 04:00:00+00:00, run_after=2025-07-21 08:00:00+00:00
[2025-07-21T08:28:19.028+0000] {processor.py:183} INFO - Processing /home/airflow/.local/lib/python3.8/site-packages/airflow/example_dags/example_latest_only.py took 0.312 seconds
[2025-07-21T08:28:50.182+0000] {processor.py:161} INFO - Started process (PID=1263) to work on /home/airflow/.local/lib/python3.8/site-packages/airflow/example_dags/example_latest_only.py
[2025-07-21T08:28:50.185+0000] {processor.py:830} INFO - Processing file /home/airflow/.local/lib/python3.8/site-packages/airflow/example_dags/example_latest_only.py for tasks to queue
[2025-07-21T08:28:50.201+0000] {logging_mixin.py:188} INFO - [2025-07-21T08:28:50.200+0000] {dagbag.py:538} INFO - Filling up the DagBag from /home/airflow/.local/lib/python3.8/site-packages/airflow/example_dags/example_latest_only.py
[2025-07-21T08:28:50.212+0000] {processor.py:840} INFO - DAG(s) 'latest_only' retrieved from /home/airflow/.local/lib/python3.8/site-packages/airflow/example_dags/example_latest_only.py
[2025-07-21T08:28:50.258+0000] {logging_mixin.py:188} INFO - [2025-07-21T08:28:50.257+0000] {dag.py:3036} INFO - Sync 1 DAGs
[2025-07-21T08:28:50.329+0000] {logging_mixin.py:188} INFO - [2025-07-21T08:28:50.328+0000] {dag.py:3823} INFO - Setting next_dagrun for latest_only to 2025-07-21 04:00:00+00:00, run_after=2025-07-21 08:00:00+00:00
[2025-07-21T08:28:50.436+0000] {processor.py:183} INFO - Processing /home/airflow/.local/lib/python3.8/site-packages/airflow/example_dags/example_latest_only.py took 0.268 seconds
[2025-07-21T08:29:22.149+0000] {processor.py:161} INFO - Started process (PID=1319) to work on /home/airflow/.local/lib/python3.8/site-packages/airflow/example_dags/example_latest_only.py
[2025-07-21T08:29:22.152+0000] {processor.py:830} INFO - Processing file /home/airflow/.local/lib/python3.8/site-packages/airflow/example_dags/example_latest_only.py for tasks to queue
[2025-07-21T08:29:22.156+0000] {logging_mixin.py:188} INFO - [2025-07-21T08:29:22.155+0000] {dagbag.py:538} INFO - Filling up the DagBag from /home/airflow/.local/lib/python3.8/site-packages/airflow/example_dags/example_latest_only.py
[2025-07-21T08:29:22.169+0000] {processor.py:840} INFO - DAG(s) 'latest_only' retrieved from /home/airflow/.local/lib/python3.8/site-packages/airflow/example_dags/example_latest_only.py
[2025-07-21T08:29:22.227+0000] {logging_mixin.py:188} INFO - [2025-07-21T08:29:22.217+0000] {dag.py:3036} INFO - Sync 1 DAGs
[2025-07-21T08:29:22.298+0000] {logging_mixin.py:188} INFO - [2025-07-21T08:29:22.298+0000] {dag.py:3823} INFO - Setting next_dagrun for latest_only to 2025-07-21 04:00:00+00:00, run_after=2025-07-21 08:00:00+00:00
[2025-07-21T08:29:22.443+0000] {processor.py:183} INFO - Processing /home/airflow/.local/lib/python3.8/site-packages/airflow/example_dags/example_latest_only.py took 0.305 seconds
[2025-07-21T08:29:52.921+0000] {processor.py:161} INFO - Started process (PID=1375) to work on /home/airflow/.local/lib/python3.8/site-packages/airflow/example_dags/example_latest_only.py
[2025-07-21T08:29:52.924+0000] {processor.py:830} INFO - Processing file /home/airflow/.local/lib/python3.8/site-packages/airflow/example_dags/example_latest_only.py for tasks to queue
[2025-07-21T08:29:52.930+0000] {logging_mixin.py:188} INFO - [2025-07-21T08:29:52.929+0000] {dagbag.py:538} INFO - Filling up the DagBag from /home/airflow/.local/lib/python3.8/site-packages/airflow/example_dags/example_latest_only.py
[2025-07-21T08:29:52.947+0000] {processor.py:840} INFO - DAG(s) 'latest_only' retrieved from /home/airflow/.local/lib/python3.8/site-packages/airflow/example_dags/example_latest_only.py
[2025-07-21T08:29:53.035+0000] {logging_mixin.py:188} INFO - [2025-07-21T08:29:53.034+0000] {dag.py:3036} INFO - Sync 1 DAGs
[2025-07-21T08:29:53.096+0000] {logging_mixin.py:188} INFO - [2025-07-21T08:29:53.095+0000] {dag.py:3823} INFO - Setting next_dagrun for latest_only to 2025-07-21 04:00:00+00:00, run_after=2025-07-21 08:00:00+00:00
[2025-07-21T08:29:53.139+0000] {processor.py:183} INFO - Processing /home/airflow/.local/lib/python3.8/site-packages/airflow/example_dags/example_latest_only.py took 0.230 seconds
[2025-07-21T08:30:24.283+0000] {processor.py:161} INFO - Started process (PID=1430) to work on /home/airflow/.local/lib/python3.8/site-packages/airflow/example_dags/example_latest_only.py
[2025-07-21T08:30:24.294+0000] {processor.py:830} INFO - Processing file /home/airflow/.local/lib/python3.8/site-packages/airflow/example_dags/example_latest_only.py for tasks to queue
[2025-07-21T08:30:24.302+0000] {logging_mixin.py:188} INFO - [2025-07-21T08:30:24.301+0000] {dagbag.py:538} INFO - Filling up the DagBag from /home/airflow/.local/lib/python3.8/site-packages/airflow/example_dags/example_latest_only.py
[2025-07-21T08:30:24.320+0000] {processor.py:840} INFO - DAG(s) 'latest_only' retrieved from /home/airflow/.local/lib/python3.8/site-packages/airflow/example_dags/example_latest_only.py
[2025-07-21T08:30:24.387+0000] {logging_mixin.py:188} INFO - [2025-07-21T08:30:24.386+0000] {dag.py:3036} INFO - Sync 1 DAGs
[2025-07-21T08:30:24.439+0000] {logging_mixin.py:188} INFO - [2025-07-21T08:30:24.438+0000] {dag.py:3823} INFO - Setting next_dagrun for latest_only to 2025-07-21 04:00:00+00:00, run_after=2025-07-21 08:00:00+00:00
[2025-07-21T08:30:24.487+0000] {processor.py:183} INFO - Processing /home/airflow/.local/lib/python3.8/site-packages/airflow/example_dags/example_latest_only.py took 0.236 seconds
[2025-07-21T08:30:59.354+0000] {processor.py:161} INFO - Started process (PID=1491) to work on /home/airflow/.local/lib/python3.8/site-packages/airflow/example_dags/example_latest_only.py
[2025-07-21T08:30:59.356+0000] {processor.py:830} INFO - Processing file /home/airflow/.local/lib/python3.8/site-packages/airflow/example_dags/example_latest_only.py for tasks to queue
[2025-07-21T08:30:59.360+0000] {logging_mixin.py:188} INFO - [2025-07-21T08:30:59.359+0000] {dagbag.py:538} INFO - Filling up the DagBag from /home/airflow/.local/lib/python3.8/site-packages/airflow/example_dags/example_latest_only.py
[2025-07-21T08:30:59.377+0000] {processor.py:840} INFO - DAG(s) 'latest_only' retrieved from /home/airflow/.local/lib/python3.8/site-packages/airflow/example_dags/example_latest_only.py
[2025-07-21T08:30:59.478+0000] {logging_mixin.py:188} INFO - [2025-07-21T08:30:59.477+0000] {dag.py:3036} INFO - Sync 1 DAGs
[2025-07-21T08:30:59.666+0000] {logging_mixin.py:188} INFO - [2025-07-21T08:30:59.654+0000] {dag.py:3823} INFO - Setting next_dagrun for latest_only to 2025-07-21 04:00:00+00:00, run_after=2025-07-21 08:00:00+00:00
[2025-07-21T08:31:00.174+0000] {processor.py:183} INFO - Processing /home/airflow/.local/lib/python3.8/site-packages/airflow/example_dags/example_latest_only.py took 0.832 seconds
[2025-07-21T08:31:30.405+0000] {processor.py:161} INFO - Started process (PID=1546) to work on /home/airflow/.local/lib/python3.8/site-packages/airflow/example_dags/example_latest_only.py
[2025-07-21T08:31:30.411+0000] {processor.py:830} INFO - Processing file /home/airflow/.local/lib/python3.8/site-packages/airflow/example_dags/example_latest_only.py for tasks to queue
[2025-07-21T08:31:30.417+0000] {logging_mixin.py:188} INFO - [2025-07-21T08:31:30.416+0000] {dagbag.py:538} INFO - Filling up the DagBag from /home/airflow/.local/lib/python3.8/site-packages/airflow/example_dags/example_latest_only.py
[2025-07-21T08:31:30.440+0000] {processor.py:840} INFO - DAG(s) 'latest_only' retrieved from /home/airflow/.local/lib/python3.8/site-packages/airflow/example_dags/example_latest_only.py
[2025-07-21T08:31:30.549+0000] {logging_mixin.py:188} INFO - [2025-07-21T08:31:30.549+0000] {dag.py:3036} INFO - Sync 1 DAGs
[2025-07-21T08:31:30.656+0000] {logging_mixin.py:188} INFO - [2025-07-21T08:31:30.655+0000] {dag.py:3823} INFO - Setting next_dagrun for latest_only to 2025-07-21 04:00:00+00:00, run_after=2025-07-21 08:00:00+00:00
[2025-07-21T08:31:30.914+0000] {processor.py:183} INFO - Processing /home/airflow/.local/lib/python3.8/site-packages/airflow/example_dags/example_latest_only.py took 0.537 seconds
[2025-07-21T08:32:02.532+0000] {processor.py:161} INFO - Started process (PID=1601) to work on /home/airflow/.local/lib/python3.8/site-packages/airflow/example_dags/example_latest_only.py
[2025-07-21T08:32:02.569+0000] {processor.py:830} INFO - Processing file /home/airflow/.local/lib/python3.8/site-packages/airflow/example_dags/example_latest_only.py for tasks to queue
[2025-07-21T08:32:02.593+0000] {logging_mixin.py:188} INFO - [2025-07-21T08:32:02.592+0000] {dagbag.py:538} INFO - Filling up the DagBag from /home/airflow/.local/lib/python3.8/site-packages/airflow/example_dags/example_latest_only.py
[2025-07-21T08:32:02.685+0000] {processor.py:840} INFO - DAG(s) 'latest_only' retrieved from /home/airflow/.local/lib/python3.8/site-packages/airflow/example_dags/example_latest_only.py
[2025-07-21T08:32:02.991+0000] {logging_mixin.py:188} INFO - [2025-07-21T08:32:02.990+0000] {dag.py:3036} INFO - Sync 1 DAGs
[2025-07-21T08:32:03.247+0000] {logging_mixin.py:188} INFO - [2025-07-21T08:32:03.246+0000] {dag.py:3823} INFO - Setting next_dagrun for latest_only to 2025-07-21 04:00:00+00:00, run_after=2025-07-21 08:00:00+00:00
[2025-07-21T08:32:03.462+0000] {processor.py:183} INFO - Processing /home/airflow/.local/lib/python3.8/site-packages/airflow/example_dags/example_latest_only.py took 1.033 seconds
[2025-07-21T08:32:35.002+0000] {processor.py:161} INFO - Started process (PID=1656) to work on /home/airflow/.local/lib/python3.8/site-packages/airflow/example_dags/example_latest_only.py
[2025-07-21T08:32:35.050+0000] {processor.py:830} INFO - Processing file /home/airflow/.local/lib/python3.8/site-packages/airflow/example_dags/example_latest_only.py for tasks to queue
[2025-07-21T08:32:35.106+0000] {logging_mixin.py:188} INFO - [2025-07-21T08:32:35.106+0000] {dagbag.py:538} INFO - Filling up the DagBag from /home/airflow/.local/lib/python3.8/site-packages/airflow/example_dags/example_latest_only.py
[2025-07-21T08:32:35.312+0000] {processor.py:840} INFO - DAG(s) 'latest_only' retrieved from /home/airflow/.local/lib/python3.8/site-packages/airflow/example_dags/example_latest_only.py
[2025-07-21T08:32:35.640+0000] {logging_mixin.py:188} INFO - [2025-07-21T08:32:35.639+0000] {dag.py:3036} INFO - Sync 1 DAGs
[2025-07-21T08:32:35.909+0000] {logging_mixin.py:188} INFO - [2025-07-21T08:32:35.898+0000] {dag.py:3823} INFO - Setting next_dagrun for latest_only to 2025-07-21 04:00:00+00:00, run_after=2025-07-21 08:00:00+00:00
[2025-07-21T08:32:36.182+0000] {processor.py:183} INFO - Processing /home/airflow/.local/lib/python3.8/site-packages/airflow/example_dags/example_latest_only.py took 1.200 seconds
[2025-07-21T08:33:06.668+0000] {processor.py:161} INFO - Started process (PID=1711) to work on /home/airflow/.local/lib/python3.8/site-packages/airflow/example_dags/example_latest_only.py
[2025-07-21T08:33:06.672+0000] {processor.py:830} INFO - Processing file /home/airflow/.local/lib/python3.8/site-packages/airflow/example_dags/example_latest_only.py for tasks to queue
[2025-07-21T08:33:06.678+0000] {logging_mixin.py:188} INFO - [2025-07-21T08:33:06.677+0000] {dagbag.py:538} INFO - Filling up the DagBag from /home/airflow/.local/lib/python3.8/site-packages/airflow/example_dags/example_latest_only.py
[2025-07-21T08:33:06.698+0000] {processor.py:840} INFO - DAG(s) 'latest_only' retrieved from /home/airflow/.local/lib/python3.8/site-packages/airflow/example_dags/example_latest_only.py
[2025-07-21T08:33:06.783+0000] {logging_mixin.py:188} INFO - [2025-07-21T08:33:06.783+0000] {dag.py:3036} INFO - Sync 1 DAGs
[2025-07-21T08:33:06.870+0000] {logging_mixin.py:188} INFO - [2025-07-21T08:33:06.869+0000] {dag.py:3823} INFO - Setting next_dagrun for latest_only to 2025-07-21 04:00:00+00:00, run_after=2025-07-21 08:00:00+00:00
[2025-07-21T08:33:06.970+0000] {processor.py:183} INFO - Processing /home/airflow/.local/lib/python3.8/site-packages/airflow/example_dags/example_latest_only.py took 0.318 seconds
[2025-07-21T08:33:37.296+0000] {processor.py:161} INFO - Started process (PID=1766) to work on /home/airflow/.local/lib/python3.8/site-packages/airflow/example_dags/example_latest_only.py
[2025-07-21T08:33:37.303+0000] {processor.py:830} INFO - Processing file /home/airflow/.local/lib/python3.8/site-packages/airflow/example_dags/example_latest_only.py for tasks to queue
[2025-07-21T08:33:37.309+0000] {logging_mixin.py:188} INFO - [2025-07-21T08:33:37.308+0000] {dagbag.py:538} INFO - Filling up the DagBag from /home/airflow/.local/lib/python3.8/site-packages/airflow/example_dags/example_latest_only.py
[2025-07-21T08:33:37.326+0000] {processor.py:840} INFO - DAG(s) 'latest_only' retrieved from /home/airflow/.local/lib/python3.8/site-packages/airflow/example_dags/example_latest_only.py
[2025-07-21T08:33:37.471+0000] {logging_mixin.py:188} INFO - [2025-07-21T08:33:37.471+0000] {dag.py:3036} INFO - Sync 1 DAGs
[2025-07-21T08:33:37.604+0000] {logging_mixin.py:188} INFO - [2025-07-21T08:33:37.603+0000] {dag.py:3823} INFO - Setting next_dagrun for latest_only to 2025-07-21 04:00:00+00:00, run_after=2025-07-21 08:00:00+00:00
[2025-07-21T08:33:37.648+0000] {processor.py:183} INFO - Processing /home/airflow/.local/lib/python3.8/site-packages/airflow/example_dags/example_latest_only.py took 0.393 seconds
[2025-07-21T08:34:07.968+0000] {processor.py:161} INFO - Started process (PID=1821) to work on /home/airflow/.local/lib/python3.8/site-packages/airflow/example_dags/example_latest_only.py
[2025-07-21T08:34:07.987+0000] {processor.py:830} INFO - Processing file /home/airflow/.local/lib/python3.8/site-packages/airflow/example_dags/example_latest_only.py for tasks to queue
[2025-07-21T08:34:08.003+0000] {logging_mixin.py:188} INFO - [2025-07-21T08:34:08.002+0000] {dagbag.py:538} INFO - Filling up the DagBag from /home/airflow/.local/lib/python3.8/site-packages/airflow/example_dags/example_latest_only.py
[2025-07-21T08:34:08.315+0000] {processor.py:840} INFO - DAG(s) 'latest_only' retrieved from /home/airflow/.local/lib/python3.8/site-packages/airflow/example_dags/example_latest_only.py
[2025-07-21T08:34:08.693+0000] {logging_mixin.py:188} INFO - [2025-07-21T08:34:08.692+0000] {dag.py:3036} INFO - Sync 1 DAGs
[2025-07-21T08:34:08.752+0000] {logging_mixin.py:188} INFO - [2025-07-21T08:34:08.752+0000] {dag.py:3823} INFO - Setting next_dagrun for latest_only to 2025-07-21 04:00:00+00:00, run_after=2025-07-21 08:00:00+00:00
[2025-07-21T08:34:08.803+0000] {processor.py:183} INFO - Processing /home/airflow/.local/lib/python3.8/site-packages/airflow/example_dags/example_latest_only.py took 0.859 seconds
[2025-07-21T08:34:40.912+0000] {processor.py:161} INFO - Started process (PID=1876) to work on /home/airflow/.local/lib/python3.8/site-packages/airflow/example_dags/example_latest_only.py
[2025-07-21T08:34:40.929+0000] {processor.py:830} INFO - Processing file /home/airflow/.local/lib/python3.8/site-packages/airflow/example_dags/example_latest_only.py for tasks to queue
[2025-07-21T08:34:40.934+0000] {logging_mixin.py:188} INFO - [2025-07-21T08:34:40.933+0000] {dagbag.py:538} INFO - Filling up the DagBag from /home/airflow/.local/lib/python3.8/site-packages/airflow/example_dags/example_latest_only.py
[2025-07-21T08:34:40.947+0000] {processor.py:840} INFO - DAG(s) 'latest_only' retrieved from /home/airflow/.local/lib/python3.8/site-packages/airflow/example_dags/example_latest_only.py
[2025-07-21T08:34:41.081+0000] {logging_mixin.py:188} INFO - [2025-07-21T08:34:41.081+0000] {dag.py:3036} INFO - Sync 1 DAGs
[2025-07-21T08:34:41.236+0000] {logging_mixin.py:188} INFO - [2025-07-21T08:34:41.235+0000] {dag.py:3823} INFO - Setting next_dagrun for latest_only to 2025-07-21 04:00:00+00:00, run_after=2025-07-21 08:00:00+00:00
[2025-07-21T08:34:41.355+0000] {processor.py:183} INFO - Processing /home/airflow/.local/lib/python3.8/site-packages/airflow/example_dags/example_latest_only.py took 0.471 seconds
[2025-07-21T08:35:11.886+0000] {processor.py:161} INFO - Started process (PID=1931) to work on /home/airflow/.local/lib/python3.8/site-packages/airflow/example_dags/example_latest_only.py
[2025-07-21T08:35:11.889+0000] {processor.py:830} INFO - Processing file /home/airflow/.local/lib/python3.8/site-packages/airflow/example_dags/example_latest_only.py for tasks to queue
[2025-07-21T08:35:11.907+0000] {logging_mixin.py:188} INFO - [2025-07-21T08:35:11.907+0000] {dagbag.py:538} INFO - Filling up the DagBag from /home/airflow/.local/lib/python3.8/site-packages/airflow/example_dags/example_latest_only.py
[2025-07-21T08:35:11.931+0000] {processor.py:840} INFO - DAG(s) 'latest_only' retrieved from /home/airflow/.local/lib/python3.8/site-packages/airflow/example_dags/example_latest_only.py
[2025-07-21T08:35:12.079+0000] {logging_mixin.py:188} INFO - [2025-07-21T08:35:12.078+0000] {dag.py:3036} INFO - Sync 1 DAGs
[2025-07-21T08:35:12.173+0000] {logging_mixin.py:188} INFO - [2025-07-21T08:35:12.172+0000] {dag.py:3823} INFO - Setting next_dagrun for latest_only to 2025-07-21 04:00:00+00:00, run_after=2025-07-21 08:00:00+00:00
[2025-07-21T08:35:12.285+0000] {processor.py:183} INFO - Processing /home/airflow/.local/lib/python3.8/site-packages/airflow/example_dags/example_latest_only.py took 0.422 seconds
[2025-07-21T08:35:42.529+0000] {processor.py:161} INFO - Started process (PID=1984) to work on /home/airflow/.local/lib/python3.8/site-packages/airflow/example_dags/example_latest_only.py
[2025-07-21T08:35:42.536+0000] {processor.py:830} INFO - Processing file /home/airflow/.local/lib/python3.8/site-packages/airflow/example_dags/example_latest_only.py for tasks to queue
[2025-07-21T08:35:42.545+0000] {logging_mixin.py:188} INFO - [2025-07-21T08:35:42.544+0000] {dagbag.py:538} INFO - Filling up the DagBag from /home/airflow/.local/lib/python3.8/site-packages/airflow/example_dags/example_latest_only.py
[2025-07-21T08:35:42.577+0000] {processor.py:840} INFO - DAG(s) 'latest_only' retrieved from /home/airflow/.local/lib/python3.8/site-packages/airflow/example_dags/example_latest_only.py
[2025-07-21T08:35:42.672+0000] {logging_mixin.py:188} INFO - [2025-07-21T08:35:42.672+0000] {dag.py:3036} INFO - Sync 1 DAGs
[2025-07-21T08:35:42.989+0000] {logging_mixin.py:188} INFO - [2025-07-21T08:35:42.988+0000] {dag.py:3823} INFO - Setting next_dagrun for latest_only to 2025-07-21 04:00:00+00:00, run_after=2025-07-21 08:00:00+00:00
[2025-07-21T08:35:43.280+0000] {processor.py:183} INFO - Processing /home/airflow/.local/lib/python3.8/site-packages/airflow/example_dags/example_latest_only.py took 0.766 seconds
[2025-07-21T08:36:13.773+0000] {processor.py:161} INFO - Started process (PID=2039) to work on /home/airflow/.local/lib/python3.8/site-packages/airflow/example_dags/example_latest_only.py
[2025-07-21T08:36:13.776+0000] {processor.py:830} INFO - Processing file /home/airflow/.local/lib/python3.8/site-packages/airflow/example_dags/example_latest_only.py for tasks to queue
[2025-07-21T08:36:13.783+0000] {logging_mixin.py:188} INFO - [2025-07-21T08:36:13.782+0000] {dagbag.py:538} INFO - Filling up the DagBag from /home/airflow/.local/lib/python3.8/site-packages/airflow/example_dags/example_latest_only.py
[2025-07-21T08:36:13.800+0000] {processor.py:840} INFO - DAG(s) 'latest_only' retrieved from /home/airflow/.local/lib/python3.8/site-packages/airflow/example_dags/example_latest_only.py
[2025-07-21T08:36:13.873+0000] {logging_mixin.py:188} INFO - [2025-07-21T08:36:13.873+0000] {dag.py:3036} INFO - Sync 1 DAGs
[2025-07-21T08:36:13.951+0000] {logging_mixin.py:188} INFO - [2025-07-21T08:36:13.950+0000] {dag.py:3823} INFO - Setting next_dagrun for latest_only to 2025-07-21 04:00:00+00:00, run_after=2025-07-21 08:00:00+00:00
[2025-07-21T08:36:13.999+0000] {processor.py:183} INFO - Processing /home/airflow/.local/lib/python3.8/site-packages/airflow/example_dags/example_latest_only.py took 0.239 seconds
[2025-07-21T08:36:47.311+0000] {processor.py:161} INFO - Started process (PID=2094) to work on /home/airflow/.local/lib/python3.8/site-packages/airflow/example_dags/example_latest_only.py
[2025-07-21T08:36:47.318+0000] {processor.py:830} INFO - Processing file /home/airflow/.local/lib/python3.8/site-packages/airflow/example_dags/example_latest_only.py for tasks to queue
[2025-07-21T08:36:47.326+0000] {logging_mixin.py:188} INFO - [2025-07-21T08:36:47.325+0000] {dagbag.py:538} INFO - Filling up the DagBag from /home/airflow/.local/lib/python3.8/site-packages/airflow/example_dags/example_latest_only.py
[2025-07-21T08:36:47.345+0000] {processor.py:840} INFO - DAG(s) 'latest_only' retrieved from /home/airflow/.local/lib/python3.8/site-packages/airflow/example_dags/example_latest_only.py
[2025-07-21T08:36:47.657+0000] {logging_mixin.py:188} INFO - [2025-07-21T08:36:47.655+0000] {dag.py:3036} INFO - Sync 1 DAGs
[2025-07-21T08:36:47.786+0000] {logging_mixin.py:188} INFO - [2025-07-21T08:36:47.786+0000] {dag.py:3823} INFO - Setting next_dagrun for latest_only to 2025-07-21 04:00:00+00:00, run_after=2025-07-21 08:00:00+00:00
[2025-07-21T08:36:47.833+0000] {processor.py:183} INFO - Processing /home/airflow/.local/lib/python3.8/site-packages/airflow/example_dags/example_latest_only.py took 0.540 seconds
[2025-07-21T08:37:19.343+0000] {processor.py:161} INFO - Started process (PID=2147) to work on /home/airflow/.local/lib/python3.8/site-packages/airflow/example_dags/example_latest_only.py
[2025-07-21T08:37:19.346+0000] {processor.py:830} INFO - Processing file /home/airflow/.local/lib/python3.8/site-packages/airflow/example_dags/example_latest_only.py for tasks to queue
[2025-07-21T08:37:19.354+0000] {logging_mixin.py:188} INFO - [2025-07-21T08:37:19.353+0000] {dagbag.py:538} INFO - Filling up the DagBag from /home/airflow/.local/lib/python3.8/site-packages/airflow/example_dags/example_latest_only.py
[2025-07-21T08:37:19.369+0000] {processor.py:840} INFO - DAG(s) 'latest_only' retrieved from /home/airflow/.local/lib/python3.8/site-packages/airflow/example_dags/example_latest_only.py
[2025-07-21T08:37:19.433+0000] {logging_mixin.py:188} INFO - [2025-07-21T08:37:19.432+0000] {dag.py:3036} INFO - Sync 1 DAGs
[2025-07-21T08:37:19.552+0000] {logging_mixin.py:188} INFO - [2025-07-21T08:37:19.551+0000] {dag.py:3823} INFO - Setting next_dagrun for latest_only to 2025-07-21 04:00:00+00:00, run_after=2025-07-21 08:00:00+00:00
[2025-07-21T08:37:19.990+0000] {processor.py:183} INFO - Processing /home/airflow/.local/lib/python3.8/site-packages/airflow/example_dags/example_latest_only.py took 0.656 seconds
[2025-07-21T08:37:52.031+0000] {processor.py:161} INFO - Started process (PID=2203) to work on /home/airflow/.local/lib/python3.8/site-packages/airflow/example_dags/example_latest_only.py
[2025-07-21T08:37:52.036+0000] {processor.py:830} INFO - Processing file /home/airflow/.local/lib/python3.8/site-packages/airflow/example_dags/example_latest_only.py for tasks to queue
[2025-07-21T08:37:52.042+0000] {logging_mixin.py:188} INFO - [2025-07-21T08:37:52.041+0000] {dagbag.py:538} INFO - Filling up the DagBag from /home/airflow/.local/lib/python3.8/site-packages/airflow/example_dags/example_latest_only.py
[2025-07-21T08:37:52.054+0000] {processor.py:840} INFO - DAG(s) 'latest_only' retrieved from /home/airflow/.local/lib/python3.8/site-packages/airflow/example_dags/example_latest_only.py
[2025-07-21T08:37:52.094+0000] {logging_mixin.py:188} INFO - [2025-07-21T08:37:52.094+0000] {dag.py:3036} INFO - Sync 1 DAGs
[2025-07-21T08:37:52.175+0000] {logging_mixin.py:188} INFO - [2025-07-21T08:37:52.174+0000] {dag.py:3823} INFO - Setting next_dagrun for latest_only to 2025-07-21 04:00:00+00:00, run_after=2025-07-21 08:00:00+00:00
[2025-07-21T08:37:52.348+0000] {processor.py:183} INFO - Processing /home/airflow/.local/lib/python3.8/site-packages/airflow/example_dags/example_latest_only.py took 0.335 seconds
[2025-07-21T08:38:23.115+0000] {processor.py:161} INFO - Started process (PID=2257) to work on /home/airflow/.local/lib/python3.8/site-packages/airflow/example_dags/example_latest_only.py
[2025-07-21T08:38:23.132+0000] {processor.py:830} INFO - Processing file /home/airflow/.local/lib/python3.8/site-packages/airflow/example_dags/example_latest_only.py for tasks to queue
[2025-07-21T08:38:23.192+0000] {logging_mixin.py:188} INFO - [2025-07-21T08:38:23.189+0000] {dagbag.py:538} INFO - Filling up the DagBag from /home/airflow/.local/lib/python3.8/site-packages/airflow/example_dags/example_latest_only.py
[2025-07-21T08:38:23.270+0000] {processor.py:840} INFO - DAG(s) 'latest_only' retrieved from /home/airflow/.local/lib/python3.8/site-packages/airflow/example_dags/example_latest_only.py
[2025-07-21T08:38:23.548+0000] {logging_mixin.py:188} INFO - [2025-07-21T08:38:23.548+0000] {dag.py:3036} INFO - Sync 1 DAGs
[2025-07-21T08:38:23.708+0000] {logging_mixin.py:188} INFO - [2025-07-21T08:38:23.708+0000] {dag.py:3823} INFO - Setting next_dagrun for latest_only to 2025-07-21 04:00:00+00:00, run_after=2025-07-21 08:00:00+00:00
[2025-07-21T08:38:23.827+0000] {processor.py:183} INFO - Processing /home/airflow/.local/lib/python3.8/site-packages/airflow/example_dags/example_latest_only.py took 0.762 seconds
[2025-07-21T08:38:54.228+0000] {processor.py:161} INFO - Started process (PID=2312) to work on /home/airflow/.local/lib/python3.8/site-packages/airflow/example_dags/example_latest_only.py
[2025-07-21T08:38:54.231+0000] {processor.py:830} INFO - Processing file /home/airflow/.local/lib/python3.8/site-packages/airflow/example_dags/example_latest_only.py for tasks to queue
[2025-07-21T08:38:54.238+0000] {logging_mixin.py:188} INFO - [2025-07-21T08:38:54.237+0000] {dagbag.py:538} INFO - Filling up the DagBag from /home/airflow/.local/lib/python3.8/site-packages/airflow/example_dags/example_latest_only.py
[2025-07-21T08:38:54.256+0000] {processor.py:840} INFO - DAG(s) 'latest_only' retrieved from /home/airflow/.local/lib/python3.8/site-packages/airflow/example_dags/example_latest_only.py
[2025-07-21T08:38:54.322+0000] {logging_mixin.py:188} INFO - [2025-07-21T08:38:54.322+0000] {dag.py:3036} INFO - Sync 1 DAGs
[2025-07-21T08:38:54.567+0000] {logging_mixin.py:188} INFO - [2025-07-21T08:38:54.566+0000] {dag.py:3823} INFO - Setting next_dagrun for latest_only to 2025-07-21 04:00:00+00:00, run_after=2025-07-21 08:00:00+00:00
[2025-07-21T08:38:54.687+0000] {processor.py:183} INFO - Processing /home/airflow/.local/lib/python3.8/site-packages/airflow/example_dags/example_latest_only.py took 0.476 seconds
[2025-07-21T08:39:25.088+0000] {processor.py:161} INFO - Started process (PID=2368) to work on /home/airflow/.local/lib/python3.8/site-packages/airflow/example_dags/example_latest_only.py
[2025-07-21T08:39:25.092+0000] {processor.py:830} INFO - Processing file /home/airflow/.local/lib/python3.8/site-packages/airflow/example_dags/example_latest_only.py for tasks to queue
[2025-07-21T08:39:25.099+0000] {logging_mixin.py:188} INFO - [2025-07-21T08:39:25.098+0000] {dagbag.py:538} INFO - Filling up the DagBag from /home/airflow/.local/lib/python3.8/site-packages/airflow/example_dags/example_latest_only.py
[2025-07-21T08:39:25.117+0000] {processor.py:840} INFO - DAG(s) 'latest_only' retrieved from /home/airflow/.local/lib/python3.8/site-packages/airflow/example_dags/example_latest_only.py
[2025-07-21T08:39:25.182+0000] {logging_mixin.py:188} INFO - [2025-07-21T08:39:25.181+0000] {dag.py:3036} INFO - Sync 1 DAGs
[2025-07-21T08:39:25.282+0000] {logging_mixin.py:188} INFO - [2025-07-21T08:39:25.282+0000] {dag.py:3823} INFO - Setting next_dagrun for latest_only to 2025-07-21 04:00:00+00:00, run_after=2025-07-21 08:00:00+00:00
[2025-07-21T08:39:25.335+0000] {processor.py:183} INFO - Processing /home/airflow/.local/lib/python3.8/site-packages/airflow/example_dags/example_latest_only.py took 0.260 seconds
[2025-07-21T08:39:55.494+0000] {processor.py:161} INFO - Started process (PID=2423) to work on /home/airflow/.local/lib/python3.8/site-packages/airflow/example_dags/example_latest_only.py
[2025-07-21T08:39:55.497+0000] {processor.py:830} INFO - Processing file /home/airflow/.local/lib/python3.8/site-packages/airflow/example_dags/example_latest_only.py for tasks to queue
[2025-07-21T08:39:55.504+0000] {logging_mixin.py:188} INFO - [2025-07-21T08:39:55.503+0000] {dagbag.py:538} INFO - Filling up the DagBag from /home/airflow/.local/lib/python3.8/site-packages/airflow/example_dags/example_latest_only.py
[2025-07-21T08:39:55.519+0000] {processor.py:840} INFO - DAG(s) 'latest_only' retrieved from /home/airflow/.local/lib/python3.8/site-packages/airflow/example_dags/example_latest_only.py
[2025-07-21T08:39:55.598+0000] {logging_mixin.py:188} INFO - [2025-07-21T08:39:55.598+0000] {dag.py:3036} INFO - Sync 1 DAGs
[2025-07-21T08:39:56.069+0000] {logging_mixin.py:188} INFO - [2025-07-21T08:39:56.068+0000] {dag.py:3823} INFO - Setting next_dagrun for latest_only to 2025-07-21 04:00:00+00:00, run_after=2025-07-21 08:00:00+00:00
[2025-07-21T08:39:56.155+0000] {processor.py:183} INFO - Processing /home/airflow/.local/lib/python3.8/site-packages/airflow/example_dags/example_latest_only.py took 0.672 seconds
[2025-07-21T08:40:26.695+0000] {processor.py:161} INFO - Started process (PID=2478) to work on /home/airflow/.local/lib/python3.8/site-packages/airflow/example_dags/example_latest_only.py
[2025-07-21T08:40:26.697+0000] {processor.py:830} INFO - Processing file /home/airflow/.local/lib/python3.8/site-packages/airflow/example_dags/example_latest_only.py for tasks to queue
[2025-07-21T08:40:26.701+0000] {logging_mixin.py:188} INFO - [2025-07-21T08:40:26.701+0000] {dagbag.py:538} INFO - Filling up the DagBag from /home/airflow/.local/lib/python3.8/site-packages/airflow/example_dags/example_latest_only.py
[2025-07-21T08:40:26.711+0000] {processor.py:840} INFO - DAG(s) 'latest_only' retrieved from /home/airflow/.local/lib/python3.8/site-packages/airflow/example_dags/example_latest_only.py
[2025-07-21T08:40:26.745+0000] {logging_mixin.py:188} INFO - [2025-07-21T08:40:26.745+0000] {dag.py:3036} INFO - Sync 1 DAGs
[2025-07-21T08:40:26.783+0000] {logging_mixin.py:188} INFO - [2025-07-21T08:40:26.783+0000] {dag.py:3823} INFO - Setting next_dagrun for latest_only to 2025-07-21 04:00:00+00:00, run_after=2025-07-21 08:00:00+00:00
[2025-07-21T08:40:27.026+0000] {processor.py:183} INFO - Processing /home/airflow/.local/lib/python3.8/site-packages/airflow/example_dags/example_latest_only.py took 0.338 seconds
[2025-07-21T08:40:58.461+0000] {processor.py:161} INFO - Started process (PID=2533) to work on /home/airflow/.local/lib/python3.8/site-packages/airflow/example_dags/example_latest_only.py
[2025-07-21T08:40:58.472+0000] {processor.py:830} INFO - Processing file /home/airflow/.local/lib/python3.8/site-packages/airflow/example_dags/example_latest_only.py for tasks to queue
[2025-07-21T08:40:58.488+0000] {logging_mixin.py:188} INFO - [2025-07-21T08:40:58.487+0000] {dagbag.py:538} INFO - Filling up the DagBag from /home/airflow/.local/lib/python3.8/site-packages/airflow/example_dags/example_latest_only.py
[2025-07-21T08:40:58.539+0000] {processor.py:840} INFO - DAG(s) 'latest_only' retrieved from /home/airflow/.local/lib/python3.8/site-packages/airflow/example_dags/example_latest_only.py
[2025-07-21T08:40:58.726+0000] {logging_mixin.py:188} INFO - [2025-07-21T08:40:58.726+0000] {dag.py:3036} INFO - Sync 1 DAGs
[2025-07-21T08:40:58.863+0000] {logging_mixin.py:188} INFO - [2025-07-21T08:40:58.862+0000] {dag.py:3823} INFO - Setting next_dagrun for latest_only to 2025-07-21 04:00:00+00:00, run_after=2025-07-21 08:00:00+00:00
[2025-07-21T08:40:58.967+0000] {processor.py:183} INFO - Processing /home/airflow/.local/lib/python3.8/site-packages/airflow/example_dags/example_latest_only.py took 0.536 seconds
[2025-07-21T08:41:29.439+0000] {processor.py:161} INFO - Started process (PID=2588) to work on /home/airflow/.local/lib/python3.8/site-packages/airflow/example_dags/example_latest_only.py
[2025-07-21T08:41:29.472+0000] {processor.py:830} INFO - Processing file /home/airflow/.local/lib/python3.8/site-packages/airflow/example_dags/example_latest_only.py for tasks to queue
[2025-07-21T08:41:29.495+0000] {logging_mixin.py:188} INFO - [2025-07-21T08:41:29.480+0000] {dagbag.py:538} INFO - Filling up the DagBag from /home/airflow/.local/lib/python3.8/site-packages/airflow/example_dags/example_latest_only.py
[2025-07-21T08:41:29.530+0000] {processor.py:840} INFO - DAG(s) 'latest_only' retrieved from /home/airflow/.local/lib/python3.8/site-packages/airflow/example_dags/example_latest_only.py
[2025-07-21T08:41:29.644+0000] {logging_mixin.py:188} INFO - [2025-07-21T08:41:29.643+0000] {dag.py:3036} INFO - Sync 1 DAGs
[2025-07-21T08:41:29.728+0000] {logging_mixin.py:188} INFO - [2025-07-21T08:41:29.728+0000] {dag.py:3823} INFO - Setting next_dagrun for latest_only to 2025-07-21 04:00:00+00:00, run_after=2025-07-21 08:00:00+00:00
[2025-07-21T08:41:29.893+0000] {processor.py:183} INFO - Processing /home/airflow/.local/lib/python3.8/site-packages/airflow/example_dags/example_latest_only.py took 0.482 seconds
[2025-07-21T08:42:00.117+0000] {processor.py:161} INFO - Started process (PID=2643) to work on /home/airflow/.local/lib/python3.8/site-packages/airflow/example_dags/example_latest_only.py
[2025-07-21T08:42:00.121+0000] {processor.py:830} INFO - Processing file /home/airflow/.local/lib/python3.8/site-packages/airflow/example_dags/example_latest_only.py for tasks to queue
[2025-07-21T08:42:00.128+0000] {logging_mixin.py:188} INFO - [2025-07-21T08:42:00.127+0000] {dagbag.py:538} INFO - Filling up the DagBag from /home/airflow/.local/lib/python3.8/site-packages/airflow/example_dags/example_latest_only.py
[2025-07-21T08:42:00.144+0000] {processor.py:840} INFO - DAG(s) 'latest_only' retrieved from /home/airflow/.local/lib/python3.8/site-packages/airflow/example_dags/example_latest_only.py
[2025-07-21T08:42:00.204+0000] {logging_mixin.py:188} INFO - [2025-07-21T08:42:00.204+0000] {dag.py:3036} INFO - Sync 1 DAGs
[2025-07-21T08:42:00.299+0000] {logging_mixin.py:188} INFO - [2025-07-21T08:42:00.298+0000] {dag.py:3823} INFO - Setting next_dagrun for latest_only to 2025-07-21 04:00:00+00:00, run_after=2025-07-21 08:00:00+00:00
[2025-07-21T08:42:00.344+0000] {processor.py:183} INFO - Processing /home/airflow/.local/lib/python3.8/site-packages/airflow/example_dags/example_latest_only.py took 0.241 seconds
[2025-07-21T08:42:31.067+0000] {processor.py:161} INFO - Started process (PID=2704) to work on /home/airflow/.local/lib/python3.8/site-packages/airflow/example_dags/example_latest_only.py
[2025-07-21T08:42:31.078+0000] {processor.py:830} INFO - Processing file /home/airflow/.local/lib/python3.8/site-packages/airflow/example_dags/example_latest_only.py for tasks to queue
[2025-07-21T08:42:31.084+0000] {logging_mixin.py:188} INFO - [2025-07-21T08:42:31.083+0000] {dagbag.py:538} INFO - Filling up the DagBag from /home/airflow/.local/lib/python3.8/site-packages/airflow/example_dags/example_latest_only.py
[2025-07-21T08:42:31.100+0000] {processor.py:840} INFO - DAG(s) 'latest_only' retrieved from /home/airflow/.local/lib/python3.8/site-packages/airflow/example_dags/example_latest_only.py
[2025-07-21T08:42:31.244+0000] {logging_mixin.py:188} INFO - [2025-07-21T08:42:31.243+0000] {dag.py:3036} INFO - Sync 1 DAGs
[2025-07-21T08:42:31.337+0000] {logging_mixin.py:188} INFO - [2025-07-21T08:42:31.336+0000] {dag.py:3823} INFO - Setting next_dagrun for latest_only to 2025-07-21 04:00:00+00:00, run_after=2025-07-21 08:00:00+00:00
[2025-07-21T08:42:31.429+0000] {processor.py:183} INFO - Processing /home/airflow/.local/lib/python3.8/site-packages/airflow/example_dags/example_latest_only.py took 0.372 seconds
[2025-07-21T08:43:01.851+0000] {processor.py:161} INFO - Started process (PID=2759) to work on /home/airflow/.local/lib/python3.8/site-packages/airflow/example_dags/example_latest_only.py
[2025-07-21T08:43:01.855+0000] {processor.py:830} INFO - Processing file /home/airflow/.local/lib/python3.8/site-packages/airflow/example_dags/example_latest_only.py for tasks to queue
[2025-07-21T08:43:01.860+0000] {logging_mixin.py:188} INFO - [2025-07-21T08:43:01.859+0000] {dagbag.py:538} INFO - Filling up the DagBag from /home/airflow/.local/lib/python3.8/site-packages/airflow/example_dags/example_latest_only.py
[2025-07-21T08:43:01.875+0000] {processor.py:840} INFO - DAG(s) 'latest_only' retrieved from /home/airflow/.local/lib/python3.8/site-packages/airflow/example_dags/example_latest_only.py
[2025-07-21T08:43:01.930+0000] {logging_mixin.py:188} INFO - [2025-07-21T08:43:01.929+0000] {dag.py:3036} INFO - Sync 1 DAGs
[2025-07-21T08:43:01.988+0000] {logging_mixin.py:188} INFO - [2025-07-21T08:43:01.987+0000] {dag.py:3823} INFO - Setting next_dagrun for latest_only to 2025-07-21 04:00:00+00:00, run_after=2025-07-21 08:00:00+00:00
[2025-07-21T08:43:02.113+0000] {processor.py:183} INFO - Processing /home/airflow/.local/lib/python3.8/site-packages/airflow/example_dags/example_latest_only.py took 0.273 seconds
[2025-07-21T08:43:32.596+0000] {processor.py:161} INFO - Started process (PID=2814) to work on /home/airflow/.local/lib/python3.8/site-packages/airflow/example_dags/example_latest_only.py
[2025-07-21T08:43:32.621+0000] {processor.py:830} INFO - Processing file /home/airflow/.local/lib/python3.8/site-packages/airflow/example_dags/example_latest_only.py for tasks to queue
[2025-07-21T08:43:32.639+0000] {logging_mixin.py:188} INFO - [2025-07-21T08:43:32.639+0000] {dagbag.py:538} INFO - Filling up the DagBag from /home/airflow/.local/lib/python3.8/site-packages/airflow/example_dags/example_latest_only.py
[2025-07-21T08:43:32.654+0000] {processor.py:840} INFO - DAG(s) 'latest_only' retrieved from /home/airflow/.local/lib/python3.8/site-packages/airflow/example_dags/example_latest_only.py
[2025-07-21T08:43:32.798+0000] {logging_mixin.py:188} INFO - [2025-07-21T08:43:32.798+0000] {dag.py:3036} INFO - Sync 1 DAGs
[2025-07-21T08:43:32.919+0000] {logging_mixin.py:188} INFO - [2025-07-21T08:43:32.918+0000] {dag.py:3823} INFO - Setting next_dagrun for latest_only to 2025-07-21 04:00:00+00:00, run_after=2025-07-21 08:00:00+00:00
[2025-07-21T08:43:32.987+0000] {processor.py:183} INFO - Processing /home/airflow/.local/lib/python3.8/site-packages/airflow/example_dags/example_latest_only.py took 0.417 seconds
