[2025-07-21T08:14:42.622+0000] {processor.py:161} INFO - Started process (PID=83) to work on /home/airflow/.local/lib/python3.8/site-packages/airflow/example_dags/example_external_task_marker_dag.py
[2025-07-21T08:14:42.625+0000] {processor.py:830} INFO - Processing file /home/airflow/.local/lib/python3.8/site-packages/airflow/example_dags/example_external_task_marker_dag.py for tasks to queue
[2025-07-21T08:14:42.636+0000] {logging_mixin.py:188} INFO - [2025-07-21T08:14:42.635+0000] {dagbag.py:538} INFO - Filling up the DagBag from /home/airflow/.local/lib/python3.8/site-packages/airflow/example_dags/example_external_task_marker_dag.py
[2025-07-21T08:14:42.681+0000] {processor.py:840} INFO - DAG(s) 'example_external_task_marker_child', 'example_external_task_marker_parent' retrieved from /home/airflow/.local/lib/python3.8/site-packages/airflow/example_dags/example_external_task_marker_dag.py
[2025-07-21T08:14:42.868+0000] {logging_mixin.py:188} INFO - [2025-07-21T08:14:42.867+0000] {dag.py:3036} INFO - Sync 2 DAGs
[2025-07-21T08:14:42.935+0000] {logging_mixin.py:188} INFO - [2025-07-21T08:14:42.935+0000] {dag.py:3823} INFO - Setting next_dagrun for example_external_task_marker_child to None, run_after=None
[2025-07-21T08:14:42.955+0000] {logging_mixin.py:188} INFO - [2025-07-21T08:14:42.955+0000] {dag.py:3823} INFO - Setting next_dagrun for example_external_task_marker_parent to None, run_after=None
[2025-07-21T08:14:43.029+0000] {processor.py:183} INFO - Processing /home/airflow/.local/lib/python3.8/site-packages/airflow/example_dags/example_external_task_marker_dag.py took 0.431 seconds
[2025-07-21T08:15:17.849+0000] {processor.py:161} INFO - Started process (PID=139) to work on /home/airflow/.local/lib/python3.8/site-packages/airflow/example_dags/example_external_task_marker_dag.py
[2025-07-21T08:15:17.863+0000] {processor.py:830} INFO - Processing file /home/airflow/.local/lib/python3.8/site-packages/airflow/example_dags/example_external_task_marker_dag.py for tasks to queue
[2025-07-21T08:15:17.944+0000] {logging_mixin.py:188} INFO - [2025-07-21T08:15:17.943+0000] {dagbag.py:538} INFO - Filling up the DagBag from /home/airflow/.local/lib/python3.8/site-packages/airflow/example_dags/example_external_task_marker_dag.py
[2025-07-21T08:15:18.071+0000] {processor.py:840} INFO - DAG(s) 'example_external_task_marker_parent', 'example_external_task_marker_child' retrieved from /home/airflow/.local/lib/python3.8/site-packages/airflow/example_dags/example_external_task_marker_dag.py
[2025-07-21T08:15:18.236+0000] {logging_mixin.py:188} INFO - [2025-07-21T08:15:18.235+0000] {dag.py:3036} INFO - Sync 2 DAGs
[2025-07-21T08:15:18.345+0000] {logging_mixin.py:188} INFO - [2025-07-21T08:15:18.344+0000] {dag.py:3823} INFO - Setting next_dagrun for example_external_task_marker_child to None, run_after=None
[2025-07-21T08:15:18.378+0000] {logging_mixin.py:188} INFO - [2025-07-21T08:15:18.377+0000] {dag.py:3823} INFO - Setting next_dagrun for example_external_task_marker_parent to None, run_after=None
[2025-07-21T08:15:18.620+0000] {processor.py:183} INFO - Processing /home/airflow/.local/lib/python3.8/site-packages/airflow/example_dags/example_external_task_marker_dag.py took 0.812 seconds
[2025-07-21T08:15:55.811+0000] {processor.py:161} INFO - Started process (PID=194) to work on /home/airflow/.local/lib/python3.8/site-packages/airflow/example_dags/example_external_task_marker_dag.py
[2025-07-21T08:15:55.912+0000] {processor.py:830} INFO - Processing file /home/airflow/.local/lib/python3.8/site-packages/airflow/example_dags/example_external_task_marker_dag.py for tasks to queue
[2025-07-21T08:15:55.933+0000] {logging_mixin.py:188} INFO - [2025-07-21T08:15:55.933+0000] {dagbag.py:538} INFO - Filling up the DagBag from /home/airflow/.local/lib/python3.8/site-packages/airflow/example_dags/example_external_task_marker_dag.py
[2025-07-21T08:15:56.006+0000] {processor.py:840} INFO - DAG(s) 'example_external_task_marker_child', 'example_external_task_marker_parent' retrieved from /home/airflow/.local/lib/python3.8/site-packages/airflow/example_dags/example_external_task_marker_dag.py
[2025-07-21T08:15:56.241+0000] {logging_mixin.py:188} INFO - [2025-07-21T08:15:56.240+0000] {dag.py:3036} INFO - Sync 2 DAGs
[2025-07-21T08:15:56.324+0000] {logging_mixin.py:188} INFO - [2025-07-21T08:15:56.324+0000] {dag.py:3823} INFO - Setting next_dagrun for example_external_task_marker_child to None, run_after=None
[2025-07-21T08:15:56.333+0000] {logging_mixin.py:188} INFO - [2025-07-21T08:15:56.332+0000] {dag.py:3823} INFO - Setting next_dagrun for example_external_task_marker_parent to None, run_after=None
[2025-07-21T08:15:56.902+0000] {processor.py:183} INFO - Processing /home/airflow/.local/lib/python3.8/site-packages/airflow/example_dags/example_external_task_marker_dag.py took 1.160 seconds
[2025-07-21T08:16:34.614+0000] {processor.py:161} INFO - Started process (PID=249) to work on /home/airflow/.local/lib/python3.8/site-packages/airflow/example_dags/example_external_task_marker_dag.py
[2025-07-21T08:16:34.618+0000] {processor.py:830} INFO - Processing file /home/airflow/.local/lib/python3.8/site-packages/airflow/example_dags/example_external_task_marker_dag.py for tasks to queue
[2025-07-21T08:16:34.624+0000] {logging_mixin.py:188} INFO - [2025-07-21T08:16:34.624+0000] {dagbag.py:538} INFO - Filling up the DagBag from /home/airflow/.local/lib/python3.8/site-packages/airflow/example_dags/example_external_task_marker_dag.py
[2025-07-21T08:16:34.657+0000] {processor.py:840} INFO - DAG(s) 'example_external_task_marker_parent', 'example_external_task_marker_child' retrieved from /home/airflow/.local/lib/python3.8/site-packages/airflow/example_dags/example_external_task_marker_dag.py
[2025-07-21T08:16:34.841+0000] {logging_mixin.py:188} INFO - [2025-07-21T08:16:34.840+0000] {dag.py:3036} INFO - Sync 2 DAGs
[2025-07-21T08:16:34.947+0000] {logging_mixin.py:188} INFO - [2025-07-21T08:16:34.946+0000] {dag.py:3823} INFO - Setting next_dagrun for example_external_task_marker_child to None, run_after=None
[2025-07-21T08:16:34.955+0000] {logging_mixin.py:188} INFO - [2025-07-21T08:16:34.955+0000] {dag.py:3823} INFO - Setting next_dagrun for example_external_task_marker_parent to None, run_after=None
[2025-07-21T08:16:35.099+0000] {processor.py:183} INFO - Processing /home/airflow/.local/lib/python3.8/site-packages/airflow/example_dags/example_external_task_marker_dag.py took 0.498 seconds
[2025-07-21T08:17:39.794+0000] {processor.py:161} INFO - Started process (PID=313) to work on /home/airflow/.local/lib/python3.8/site-packages/airflow/example_dags/example_external_task_marker_dag.py
[2025-07-21T08:17:39.800+0000] {processor.py:830} INFO - Processing file /home/airflow/.local/lib/python3.8/site-packages/airflow/example_dags/example_external_task_marker_dag.py for tasks to queue
[2025-07-21T08:17:39.819+0000] {logging_mixin.py:188} INFO - [2025-07-21T08:17:39.818+0000] {dagbag.py:538} INFO - Filling up the DagBag from /home/airflow/.local/lib/python3.8/site-packages/airflow/example_dags/example_external_task_marker_dag.py
[2025-07-21T08:17:39.869+0000] {processor.py:840} INFO - DAG(s) 'example_external_task_marker_parent', 'example_external_task_marker_child' retrieved from /home/airflow/.local/lib/python3.8/site-packages/airflow/example_dags/example_external_task_marker_dag.py
[2025-07-21T08:17:40.262+0000] {logging_mixin.py:188} INFO - [2025-07-21T08:17:40.261+0000] {dag.py:3036} INFO - Sync 2 DAGs
[2025-07-21T08:17:40.681+0000] {logging_mixin.py:188} INFO - [2025-07-21T08:17:40.680+0000] {dag.py:3823} INFO - Setting next_dagrun for example_external_task_marker_child to None, run_after=None
[2025-07-21T08:17:40.806+0000] {logging_mixin.py:188} INFO - [2025-07-21T08:17:40.806+0000] {dag.py:3823} INFO - Setting next_dagrun for example_external_task_marker_parent to None, run_after=None
[2025-07-21T08:17:41.148+0000] {processor.py:183} INFO - Processing /home/airflow/.local/lib/python3.8/site-packages/airflow/example_dags/example_external_task_marker_dag.py took 1.441 seconds
[2025-07-21T08:18:56.770+0000] {processor.py:161} INFO - Started process (PID=384) to work on /home/airflow/.local/lib/python3.8/site-packages/airflow/example_dags/example_external_task_marker_dag.py
[2025-07-21T08:18:57.040+0000] {processor.py:830} INFO - Processing file /home/airflow/.local/lib/python3.8/site-packages/airflow/example_dags/example_external_task_marker_dag.py for tasks to queue
[2025-07-21T08:18:57.089+0000] {logging_mixin.py:188} INFO - [2025-07-21T08:18:57.088+0000] {dagbag.py:538} INFO - Filling up the DagBag from /home/airflow/.local/lib/python3.8/site-packages/airflow/example_dags/example_external_task_marker_dag.py
[2025-07-21T08:18:57.170+0000] {processor.py:840} INFO - DAG(s) 'example_external_task_marker_child', 'example_external_task_marker_parent' retrieved from /home/airflow/.local/lib/python3.8/site-packages/airflow/example_dags/example_external_task_marker_dag.py
[2025-07-21T08:19:00.071+0000] {logging_mixin.py:188} INFO - [2025-07-21T08:19:00.070+0000] {dag.py:3036} INFO - Sync 2 DAGs
[2025-07-21T08:19:00.508+0000] {logging_mixin.py:188} INFO - [2025-07-21T08:19:00.508+0000] {dag.py:3823} INFO - Setting next_dagrun for example_external_task_marker_child to None, run_after=None
[2025-07-21T08:19:00.730+0000] {logging_mixin.py:188} INFO - [2025-07-21T08:19:00.730+0000] {dag.py:3823} INFO - Setting next_dagrun for example_external_task_marker_parent to None, run_after=None
[2025-07-21T08:19:00.924+0000] {processor.py:183} INFO - Processing /home/airflow/.local/lib/python3.8/site-packages/airflow/example_dags/example_external_task_marker_dag.py took 4.246 seconds
[2025-07-21T08:20:01.642+0000] {processor.py:161} INFO - Started process (PID=438) to work on /home/airflow/.local/lib/python3.8/site-packages/airflow/example_dags/example_external_task_marker_dag.py
[2025-07-21T08:20:01.737+0000] {processor.py:830} INFO - Processing file /home/airflow/.local/lib/python3.8/site-packages/airflow/example_dags/example_external_task_marker_dag.py for tasks to queue
[2025-07-21T08:20:01.767+0000] {logging_mixin.py:188} INFO - [2025-07-21T08:20:01.767+0000] {dagbag.py:538} INFO - Filling up the DagBag from /home/airflow/.local/lib/python3.8/site-packages/airflow/example_dags/example_external_task_marker_dag.py
[2025-07-21T08:20:01.851+0000] {processor.py:840} INFO - DAG(s) 'example_external_task_marker_parent', 'example_external_task_marker_child' retrieved from /home/airflow/.local/lib/python3.8/site-packages/airflow/example_dags/example_external_task_marker_dag.py
[2025-07-21T08:20:02.055+0000] {logging_mixin.py:188} INFO - [2025-07-21T08:20:02.054+0000] {dag.py:3036} INFO - Sync 2 DAGs
[2025-07-21T08:20:02.133+0000] {logging_mixin.py:188} INFO - [2025-07-21T08:20:02.132+0000] {dag.py:3823} INFO - Setting next_dagrun for example_external_task_marker_child to None, run_after=None
[2025-07-21T08:20:02.164+0000] {logging_mixin.py:188} INFO - [2025-07-21T08:20:02.164+0000] {dag.py:3823} INFO - Setting next_dagrun for example_external_task_marker_parent to None, run_after=None
[2025-07-21T08:20:02.221+0000] {processor.py:183} INFO - Processing /home/airflow/.local/lib/python3.8/site-packages/airflow/example_dags/example_external_task_marker_dag.py took 0.632 seconds
[2025-07-21T08:20:55.347+0000] {processor.py:161} INFO - Started process (PID=499) to work on /home/airflow/.local/lib/python3.8/site-packages/airflow/example_dags/example_external_task_marker_dag.py
[2025-07-21T08:20:55.353+0000] {processor.py:830} INFO - Processing file /home/airflow/.local/lib/python3.8/site-packages/airflow/example_dags/example_external_task_marker_dag.py for tasks to queue
[2025-07-21T08:20:55.380+0000] {logging_mixin.py:188} INFO - [2025-07-21T08:20:55.379+0000] {dagbag.py:538} INFO - Filling up the DagBag from /home/airflow/.local/lib/python3.8/site-packages/airflow/example_dags/example_external_task_marker_dag.py
[2025-07-21T08:20:55.444+0000] {processor.py:840} INFO - DAG(s) 'example_external_task_marker_child', 'example_external_task_marker_parent' retrieved from /home/airflow/.local/lib/python3.8/site-packages/airflow/example_dags/example_external_task_marker_dag.py
[2025-07-21T08:20:55.667+0000] {logging_mixin.py:188} INFO - [2025-07-21T08:20:55.666+0000] {dag.py:3036} INFO - Sync 2 DAGs
[2025-07-21T08:20:55.777+0000] {logging_mixin.py:188} INFO - [2025-07-21T08:20:55.765+0000] {dag.py:3823} INFO - Setting next_dagrun for example_external_task_marker_child to None, run_after=None
[2025-07-21T08:20:55.843+0000] {logging_mixin.py:188} INFO - [2025-07-21T08:20:55.842+0000] {dag.py:3823} INFO - Setting next_dagrun for example_external_task_marker_parent to None, run_after=None
[2025-07-21T08:20:56.120+0000] {processor.py:183} INFO - Processing /home/airflow/.local/lib/python3.8/site-packages/airflow/example_dags/example_external_task_marker_dag.py took 0.826 seconds
[2025-07-21T08:21:36.255+0000] {processor.py:161} INFO - Started process (PID=551) to work on /home/airflow/.local/lib/python3.8/site-packages/airflow/example_dags/example_external_task_marker_dag.py
[2025-07-21T08:21:36.277+0000] {processor.py:830} INFO - Processing file /home/airflow/.local/lib/python3.8/site-packages/airflow/example_dags/example_external_task_marker_dag.py for tasks to queue
[2025-07-21T08:21:36.291+0000] {logging_mixin.py:188} INFO - [2025-07-21T08:21:36.290+0000] {dagbag.py:538} INFO - Filling up the DagBag from /home/airflow/.local/lib/python3.8/site-packages/airflow/example_dags/example_external_task_marker_dag.py
[2025-07-21T08:21:36.324+0000] {processor.py:840} INFO - DAG(s) 'example_external_task_marker_child', 'example_external_task_marker_parent' retrieved from /home/airflow/.local/lib/python3.8/site-packages/airflow/example_dags/example_external_task_marker_dag.py
[2025-07-21T08:21:36.446+0000] {logging_mixin.py:188} INFO - [2025-07-21T08:21:36.444+0000] {dag.py:3036} INFO - Sync 2 DAGs
[2025-07-21T08:21:36.506+0000] {logging_mixin.py:188} INFO - [2025-07-21T08:21:36.505+0000] {dag.py:3823} INFO - Setting next_dagrun for example_external_task_marker_child to None, run_after=None
[2025-07-21T08:21:36.512+0000] {logging_mixin.py:188} INFO - [2025-07-21T08:21:36.511+0000] {dag.py:3823} INFO - Setting next_dagrun for example_external_task_marker_parent to None, run_after=None
[2025-07-21T08:21:36.553+0000] {processor.py:183} INFO - Processing /home/airflow/.local/lib/python3.8/site-packages/airflow/example_dags/example_external_task_marker_dag.py took 0.316 seconds
[2025-07-21T08:22:17.273+0000] {processor.py:161} INFO - Started process (PID=606) to work on /home/airflow/.local/lib/python3.8/site-packages/airflow/example_dags/example_external_task_marker_dag.py
[2025-07-21T08:22:17.287+0000] {processor.py:830} INFO - Processing file /home/airflow/.local/lib/python3.8/site-packages/airflow/example_dags/example_external_task_marker_dag.py for tasks to queue
[2025-07-21T08:22:17.292+0000] {logging_mixin.py:188} INFO - [2025-07-21T08:22:17.291+0000] {dagbag.py:538} INFO - Filling up the DagBag from /home/airflow/.local/lib/python3.8/site-packages/airflow/example_dags/example_external_task_marker_dag.py
[2025-07-21T08:22:17.333+0000] {processor.py:840} INFO - DAG(s) 'example_external_task_marker_child', 'example_external_task_marker_parent' retrieved from /home/airflow/.local/lib/python3.8/site-packages/airflow/example_dags/example_external_task_marker_dag.py
[2025-07-21T08:22:17.814+0000] {logging_mixin.py:188} INFO - [2025-07-21T08:22:17.813+0000] {dag.py:3036} INFO - Sync 2 DAGs
[2025-07-21T08:22:17.908+0000] {logging_mixin.py:188} INFO - [2025-07-21T08:22:17.908+0000] {dag.py:3823} INFO - Setting next_dagrun for example_external_task_marker_child to None, run_after=None
[2025-07-21T08:22:17.926+0000] {logging_mixin.py:188} INFO - [2025-07-21T08:22:17.925+0000] {dag.py:3823} INFO - Setting next_dagrun for example_external_task_marker_parent to None, run_after=None
[2025-07-21T08:22:18.157+0000] {processor.py:183} INFO - Processing /home/airflow/.local/lib/python3.8/site-packages/airflow/example_dags/example_external_task_marker_dag.py took 0.918 seconds
[2025-07-21T08:22:51.102+0000] {processor.py:161} INFO - Started process (PID=660) to work on /home/airflow/.local/lib/python3.8/site-packages/airflow/example_dags/example_external_task_marker_dag.py
[2025-07-21T08:22:51.111+0000] {processor.py:830} INFO - Processing file /home/airflow/.local/lib/python3.8/site-packages/airflow/example_dags/example_external_task_marker_dag.py for tasks to queue
[2025-07-21T08:22:51.162+0000] {logging_mixin.py:188} INFO - [2025-07-21T08:22:51.161+0000] {dagbag.py:538} INFO - Filling up the DagBag from /home/airflow/.local/lib/python3.8/site-packages/airflow/example_dags/example_external_task_marker_dag.py
[2025-07-21T08:22:51.387+0000] {processor.py:840} INFO - DAG(s) 'example_external_task_marker_parent', 'example_external_task_marker_child' retrieved from /home/airflow/.local/lib/python3.8/site-packages/airflow/example_dags/example_external_task_marker_dag.py
[2025-07-21T08:22:51.777+0000] {logging_mixin.py:188} INFO - [2025-07-21T08:22:51.777+0000] {dag.py:3036} INFO - Sync 2 DAGs
[2025-07-21T08:22:52.106+0000] {logging_mixin.py:188} INFO - [2025-07-21T08:22:52.105+0000] {dag.py:3823} INFO - Setting next_dagrun for example_external_task_marker_child to None, run_after=None
[2025-07-21T08:22:52.153+0000] {logging_mixin.py:188} INFO - [2025-07-21T08:22:52.153+0000] {dag.py:3823} INFO - Setting next_dagrun for example_external_task_marker_parent to None, run_after=None
[2025-07-21T08:22:52.509+0000] {processor.py:183} INFO - Processing /home/airflow/.local/lib/python3.8/site-packages/airflow/example_dags/example_external_task_marker_dag.py took 1.492 seconds
[2025-07-21T08:23:22.833+0000] {processor.py:161} INFO - Started process (PID=722) to work on /home/airflow/.local/lib/python3.8/site-packages/airflow/example_dags/example_external_task_marker_dag.py
[2025-07-21T08:23:22.836+0000] {processor.py:830} INFO - Processing file /home/airflow/.local/lib/python3.8/site-packages/airflow/example_dags/example_external_task_marker_dag.py for tasks to queue
[2025-07-21T08:23:22.849+0000] {logging_mixin.py:188} INFO - [2025-07-21T08:23:22.848+0000] {dagbag.py:538} INFO - Filling up the DagBag from /home/airflow/.local/lib/python3.8/site-packages/airflow/example_dags/example_external_task_marker_dag.py
[2025-07-21T08:23:22.877+0000] {processor.py:840} INFO - DAG(s) 'example_external_task_marker_parent', 'example_external_task_marker_child' retrieved from /home/airflow/.local/lib/python3.8/site-packages/airflow/example_dags/example_external_task_marker_dag.py
[2025-07-21T08:23:22.978+0000] {logging_mixin.py:188} INFO - [2025-07-21T08:23:22.977+0000] {dag.py:3036} INFO - Sync 2 DAGs
[2025-07-21T08:23:23.015+0000] {logging_mixin.py:188} INFO - [2025-07-21T08:23:23.015+0000] {dag.py:3823} INFO - Setting next_dagrun for example_external_task_marker_child to None, run_after=None
[2025-07-21T08:23:23.034+0000] {logging_mixin.py:188} INFO - [2025-07-21T08:23:23.033+0000] {dag.py:3823} INFO - Setting next_dagrun for example_external_task_marker_parent to None, run_after=None
[2025-07-21T08:23:23.175+0000] {processor.py:183} INFO - Processing /home/airflow/.local/lib/python3.8/site-packages/airflow/example_dags/example_external_task_marker_dag.py took 0.361 seconds
[2025-07-21T08:23:55.267+0000] {processor.py:161} INFO - Started process (PID=776) to work on /home/airflow/.local/lib/python3.8/site-packages/airflow/example_dags/example_external_task_marker_dag.py
[2025-07-21T08:23:55.270+0000] {processor.py:830} INFO - Processing file /home/airflow/.local/lib/python3.8/site-packages/airflow/example_dags/example_external_task_marker_dag.py for tasks to queue
[2025-07-21T08:23:55.275+0000] {logging_mixin.py:188} INFO - [2025-07-21T08:23:55.274+0000] {dagbag.py:538} INFO - Filling up the DagBag from /home/airflow/.local/lib/python3.8/site-packages/airflow/example_dags/example_external_task_marker_dag.py
[2025-07-21T08:23:55.293+0000] {processor.py:840} INFO - DAG(s) 'example_external_task_marker_parent', 'example_external_task_marker_child' retrieved from /home/airflow/.local/lib/python3.8/site-packages/airflow/example_dags/example_external_task_marker_dag.py
[2025-07-21T08:23:55.420+0000] {logging_mixin.py:188} INFO - [2025-07-21T08:23:55.419+0000] {dag.py:3036} INFO - Sync 2 DAGs
[2025-07-21T08:23:55.467+0000] {logging_mixin.py:188} INFO - [2025-07-21T08:23:55.467+0000] {dag.py:3823} INFO - Setting next_dagrun for example_external_task_marker_child to None, run_after=None
[2025-07-21T08:23:55.486+0000] {logging_mixin.py:188} INFO - [2025-07-21T08:23:55.486+0000] {dag.py:3823} INFO - Setting next_dagrun for example_external_task_marker_parent to None, run_after=None
[2025-07-21T08:23:55.604+0000] {processor.py:183} INFO - Processing /home/airflow/.local/lib/python3.8/site-packages/airflow/example_dags/example_external_task_marker_dag.py took 0.357 seconds
[2025-07-21T08:24:32.412+0000] {processor.py:161} INFO - Started process (PID=821) to work on /home/airflow/.local/lib/python3.8/site-packages/airflow/example_dags/example_external_task_marker_dag.py
[2025-07-21T08:24:32.427+0000] {processor.py:830} INFO - Processing file /home/airflow/.local/lib/python3.8/site-packages/airflow/example_dags/example_external_task_marker_dag.py for tasks to queue
[2025-07-21T08:24:32.434+0000] {logging_mixin.py:188} INFO - [2025-07-21T08:24:32.433+0000] {dagbag.py:538} INFO - Filling up the DagBag from /home/airflow/.local/lib/python3.8/site-packages/airflow/example_dags/example_external_task_marker_dag.py
[2025-07-21T08:24:32.449+0000] {processor.py:840} INFO - DAG(s) 'example_external_task_marker_child', 'example_external_task_marker_parent' retrieved from /home/airflow/.local/lib/python3.8/site-packages/airflow/example_dags/example_external_task_marker_dag.py
[2025-07-21T08:24:32.594+0000] {logging_mixin.py:188} INFO - [2025-07-21T08:24:32.593+0000] {dag.py:3036} INFO - Sync 2 DAGs
[2025-07-21T08:24:32.796+0000] {logging_mixin.py:188} INFO - [2025-07-21T08:24:32.785+0000] {dag.py:3823} INFO - Setting next_dagrun for example_external_task_marker_child to None, run_after=None
[2025-07-21T08:24:32.816+0000] {logging_mixin.py:188} INFO - [2025-07-21T08:24:32.815+0000] {dag.py:3823} INFO - Setting next_dagrun for example_external_task_marker_parent to None, run_after=None
[2025-07-21T08:24:32.929+0000] {processor.py:183} INFO - Processing /home/airflow/.local/lib/python3.8/site-packages/airflow/example_dags/example_external_task_marker_dag.py took 0.536 seconds
[2025-07-21T08:25:05.555+0000] {processor.py:161} INFO - Started process (PID=876) to work on /home/airflow/.local/lib/python3.8/site-packages/airflow/example_dags/example_external_task_marker_dag.py
[2025-07-21T08:25:05.590+0000] {processor.py:830} INFO - Processing file /home/airflow/.local/lib/python3.8/site-packages/airflow/example_dags/example_external_task_marker_dag.py for tasks to queue
[2025-07-21T08:25:05.620+0000] {logging_mixin.py:188} INFO - [2025-07-21T08:25:05.619+0000] {dagbag.py:538} INFO - Filling up the DagBag from /home/airflow/.local/lib/python3.8/site-packages/airflow/example_dags/example_external_task_marker_dag.py
[2025-07-21T08:25:05.781+0000] {processor.py:840} INFO - DAG(s) 'example_external_task_marker_parent', 'example_external_task_marker_child' retrieved from /home/airflow/.local/lib/python3.8/site-packages/airflow/example_dags/example_external_task_marker_dag.py
[2025-07-21T08:25:06.262+0000] {logging_mixin.py:188} INFO - [2025-07-21T08:25:06.262+0000] {dag.py:3036} INFO - Sync 2 DAGs
[2025-07-21T08:25:06.355+0000] {logging_mixin.py:188} INFO - [2025-07-21T08:25:06.355+0000] {dag.py:3823} INFO - Setting next_dagrun for example_external_task_marker_child to None, run_after=None
[2025-07-21T08:25:06.489+0000] {logging_mixin.py:188} INFO - [2025-07-21T08:25:06.489+0000] {dag.py:3823} INFO - Setting next_dagrun for example_external_task_marker_parent to None, run_after=None
[2025-07-21T08:25:06.602+0000] {processor.py:183} INFO - Processing /home/airflow/.local/lib/python3.8/site-packages/airflow/example_dags/example_external_task_marker_dag.py took 1.127 seconds
[2025-07-21T08:25:37.792+0000] {processor.py:161} INFO - Started process (PID=932) to work on /home/airflow/.local/lib/python3.8/site-packages/airflow/example_dags/example_external_task_marker_dag.py
[2025-07-21T08:25:37.799+0000] {processor.py:830} INFO - Processing file /home/airflow/.local/lib/python3.8/site-packages/airflow/example_dags/example_external_task_marker_dag.py for tasks to queue
[2025-07-21T08:25:37.817+0000] {logging_mixin.py:188} INFO - [2025-07-21T08:25:37.816+0000] {dagbag.py:538} INFO - Filling up the DagBag from /home/airflow/.local/lib/python3.8/site-packages/airflow/example_dags/example_external_task_marker_dag.py
[2025-07-21T08:25:37.840+0000] {processor.py:840} INFO - DAG(s) 'example_external_task_marker_child', 'example_external_task_marker_parent' retrieved from /home/airflow/.local/lib/python3.8/site-packages/airflow/example_dags/example_external_task_marker_dag.py
[2025-07-21T08:25:38.275+0000] {logging_mixin.py:188} INFO - [2025-07-21T08:25:38.274+0000] {dag.py:3036} INFO - Sync 2 DAGs
[2025-07-21T08:25:38.537+0000] {logging_mixin.py:188} INFO - [2025-07-21T08:25:38.537+0000] {dag.py:3823} INFO - Setting next_dagrun for example_external_task_marker_child to None, run_after=None
[2025-07-21T08:25:38.581+0000] {logging_mixin.py:188} INFO - [2025-07-21T08:25:38.579+0000] {dag.py:3823} INFO - Setting next_dagrun for example_external_task_marker_parent to None, run_after=None
[2025-07-21T08:25:38.753+0000] {processor.py:183} INFO - Processing /home/airflow/.local/lib/python3.8/site-packages/airflow/example_dags/example_external_task_marker_dag.py took 0.969 seconds
[2025-07-21T08:26:09.595+0000] {processor.py:161} INFO - Started process (PID=987) to work on /home/airflow/.local/lib/python3.8/site-packages/airflow/example_dags/example_external_task_marker_dag.py
[2025-07-21T08:26:09.601+0000] {processor.py:830} INFO - Processing file /home/airflow/.local/lib/python3.8/site-packages/airflow/example_dags/example_external_task_marker_dag.py for tasks to queue
[2025-07-21T08:26:09.609+0000] {logging_mixin.py:188} INFO - [2025-07-21T08:26:09.608+0000] {dagbag.py:538} INFO - Filling up the DagBag from /home/airflow/.local/lib/python3.8/site-packages/airflow/example_dags/example_external_task_marker_dag.py
[2025-07-21T08:26:09.631+0000] {processor.py:840} INFO - DAG(s) 'example_external_task_marker_child', 'example_external_task_marker_parent' retrieved from /home/airflow/.local/lib/python3.8/site-packages/airflow/example_dags/example_external_task_marker_dag.py
[2025-07-21T08:26:09.764+0000] {logging_mixin.py:188} INFO - [2025-07-21T08:26:09.763+0000] {dag.py:3036} INFO - Sync 2 DAGs
[2025-07-21T08:26:09.843+0000] {logging_mixin.py:188} INFO - [2025-07-21T08:26:09.842+0000] {dag.py:3823} INFO - Setting next_dagrun for example_external_task_marker_child to None, run_after=None
[2025-07-21T08:26:09.867+0000] {logging_mixin.py:188} INFO - [2025-07-21T08:26:09.866+0000] {dag.py:3823} INFO - Setting next_dagrun for example_external_task_marker_parent to None, run_after=None
[2025-07-21T08:26:09.974+0000] {processor.py:183} INFO - Processing /home/airflow/.local/lib/python3.8/site-packages/airflow/example_dags/example_external_task_marker_dag.py took 0.387 seconds
[2025-07-21T08:26:44.164+0000] {processor.py:161} INFO - Started process (PID=1043) to work on /home/airflow/.local/lib/python3.8/site-packages/airflow/example_dags/example_external_task_marker_dag.py
[2025-07-21T08:26:44.168+0000] {processor.py:830} INFO - Processing file /home/airflow/.local/lib/python3.8/site-packages/airflow/example_dags/example_external_task_marker_dag.py for tasks to queue
[2025-07-21T08:26:44.191+0000] {logging_mixin.py:188} INFO - [2025-07-21T08:26:44.191+0000] {dagbag.py:538} INFO - Filling up the DagBag from /home/airflow/.local/lib/python3.8/site-packages/airflow/example_dags/example_external_task_marker_dag.py
[2025-07-21T08:26:44.227+0000] {processor.py:840} INFO - DAG(s) 'example_external_task_marker_child', 'example_external_task_marker_parent' retrieved from /home/airflow/.local/lib/python3.8/site-packages/airflow/example_dags/example_external_task_marker_dag.py
[2025-07-21T08:26:44.446+0000] {logging_mixin.py:188} INFO - [2025-07-21T08:26:44.445+0000] {dag.py:3036} INFO - Sync 2 DAGs
[2025-07-21T08:26:44.565+0000] {logging_mixin.py:188} INFO - [2025-07-21T08:26:44.565+0000] {dag.py:3823} INFO - Setting next_dagrun for example_external_task_marker_child to None, run_after=None
[2025-07-21T08:26:44.594+0000] {logging_mixin.py:188} INFO - [2025-07-21T08:26:44.594+0000] {dag.py:3823} INFO - Setting next_dagrun for example_external_task_marker_parent to None, run_after=None
[2025-07-21T08:26:44.801+0000] {processor.py:183} INFO - Processing /home/airflow/.local/lib/python3.8/site-packages/airflow/example_dags/example_external_task_marker_dag.py took 0.655 seconds
[2025-07-21T08:27:15.744+0000] {processor.py:161} INFO - Started process (PID=1097) to work on /home/airflow/.local/lib/python3.8/site-packages/airflow/example_dags/example_external_task_marker_dag.py
[2025-07-21T08:27:15.747+0000] {processor.py:830} INFO - Processing file /home/airflow/.local/lib/python3.8/site-packages/airflow/example_dags/example_external_task_marker_dag.py for tasks to queue
[2025-07-21T08:27:15.755+0000] {logging_mixin.py:188} INFO - [2025-07-21T08:27:15.754+0000] {dagbag.py:538} INFO - Filling up the DagBag from /home/airflow/.local/lib/python3.8/site-packages/airflow/example_dags/example_external_task_marker_dag.py
[2025-07-21T08:27:15.774+0000] {processor.py:840} INFO - DAG(s) 'example_external_task_marker_child', 'example_external_task_marker_parent' retrieved from /home/airflow/.local/lib/python3.8/site-packages/airflow/example_dags/example_external_task_marker_dag.py
[2025-07-21T08:27:15.975+0000] {logging_mixin.py:188} INFO - [2025-07-21T08:27:15.975+0000] {dag.py:3036} INFO - Sync 2 DAGs
[2025-07-21T08:27:16.063+0000] {logging_mixin.py:188} INFO - [2025-07-21T08:27:16.062+0000] {dag.py:3823} INFO - Setting next_dagrun for example_external_task_marker_child to None, run_after=None
[2025-07-21T08:27:16.085+0000] {logging_mixin.py:188} INFO - [2025-07-21T08:27:16.084+0000] {dag.py:3823} INFO - Setting next_dagrun for example_external_task_marker_parent to None, run_after=None
[2025-07-21T08:27:16.224+0000] {processor.py:183} INFO - Processing /home/airflow/.local/lib/python3.8/site-packages/airflow/example_dags/example_external_task_marker_dag.py took 0.494 seconds
[2025-07-21T08:27:47.614+0000] {processor.py:161} INFO - Started process (PID=1152) to work on /home/airflow/.local/lib/python3.8/site-packages/airflow/example_dags/example_external_task_marker_dag.py
[2025-07-21T08:27:47.616+0000] {processor.py:830} INFO - Processing file /home/airflow/.local/lib/python3.8/site-packages/airflow/example_dags/example_external_task_marker_dag.py for tasks to queue
[2025-07-21T08:27:47.622+0000] {logging_mixin.py:188} INFO - [2025-07-21T08:27:47.621+0000] {dagbag.py:538} INFO - Filling up the DagBag from /home/airflow/.local/lib/python3.8/site-packages/airflow/example_dags/example_external_task_marker_dag.py
[2025-07-21T08:27:47.638+0000] {processor.py:840} INFO - DAG(s) 'example_external_task_marker_child', 'example_external_task_marker_parent' retrieved from /home/airflow/.local/lib/python3.8/site-packages/airflow/example_dags/example_external_task_marker_dag.py
[2025-07-21T08:27:47.706+0000] {logging_mixin.py:188} INFO - [2025-07-21T08:27:47.705+0000] {dag.py:3036} INFO - Sync 2 DAGs
[2025-07-21T08:27:47.737+0000] {logging_mixin.py:188} INFO - [2025-07-21T08:27:47.737+0000] {dag.py:3823} INFO - Setting next_dagrun for example_external_task_marker_child to None, run_after=None
[2025-07-21T08:27:47.746+0000] {logging_mixin.py:188} INFO - [2025-07-21T08:27:47.745+0000] {dag.py:3823} INFO - Setting next_dagrun for example_external_task_marker_parent to None, run_after=None
[2025-07-21T08:27:47.783+0000] {processor.py:183} INFO - Processing /home/airflow/.local/lib/python3.8/site-packages/airflow/example_dags/example_external_task_marker_dag.py took 0.179 seconds
[2025-07-21T08:28:18.425+0000] {processor.py:161} INFO - Started process (PID=1207) to work on /home/airflow/.local/lib/python3.8/site-packages/airflow/example_dags/example_external_task_marker_dag.py
[2025-07-21T08:28:18.428+0000] {processor.py:830} INFO - Processing file /home/airflow/.local/lib/python3.8/site-packages/airflow/example_dags/example_external_task_marker_dag.py for tasks to queue
[2025-07-21T08:28:18.433+0000] {logging_mixin.py:188} INFO - [2025-07-21T08:28:18.432+0000] {dagbag.py:538} INFO - Filling up the DagBag from /home/airflow/.local/lib/python3.8/site-packages/airflow/example_dags/example_external_task_marker_dag.py
[2025-07-21T08:28:18.462+0000] {processor.py:840} INFO - DAG(s) 'example_external_task_marker_parent', 'example_external_task_marker_child' retrieved from /home/airflow/.local/lib/python3.8/site-packages/airflow/example_dags/example_external_task_marker_dag.py
[2025-07-21T08:28:18.540+0000] {logging_mixin.py:188} INFO - [2025-07-21T08:28:18.539+0000] {dag.py:3036} INFO - Sync 2 DAGs
[2025-07-21T08:28:18.587+0000] {logging_mixin.py:188} INFO - [2025-07-21T08:28:18.587+0000] {dag.py:3823} INFO - Setting next_dagrun for example_external_task_marker_child to None, run_after=None
[2025-07-21T08:28:18.594+0000] {logging_mixin.py:188} INFO - [2025-07-21T08:28:18.594+0000] {dag.py:3823} INFO - Setting next_dagrun for example_external_task_marker_parent to None, run_after=None
[2025-07-21T08:28:18.625+0000] {processor.py:183} INFO - Processing /home/airflow/.local/lib/python3.8/site-packages/airflow/example_dags/example_external_task_marker_dag.py took 0.212 seconds
[2025-07-21T08:28:49.713+0000] {processor.py:161} INFO - Started process (PID=1262) to work on /home/airflow/.local/lib/python3.8/site-packages/airflow/example_dags/example_external_task_marker_dag.py
[2025-07-21T08:28:49.715+0000] {processor.py:830} INFO - Processing file /home/airflow/.local/lib/python3.8/site-packages/airflow/example_dags/example_external_task_marker_dag.py for tasks to queue
[2025-07-21T08:28:49.721+0000] {logging_mixin.py:188} INFO - [2025-07-21T08:28:49.720+0000] {dagbag.py:538} INFO - Filling up the DagBag from /home/airflow/.local/lib/python3.8/site-packages/airflow/example_dags/example_external_task_marker_dag.py
[2025-07-21T08:28:49.793+0000] {processor.py:840} INFO - DAG(s) 'example_external_task_marker_parent', 'example_external_task_marker_child' retrieved from /home/airflow/.local/lib/python3.8/site-packages/airflow/example_dags/example_external_task_marker_dag.py
[2025-07-21T08:28:50.015+0000] {logging_mixin.py:188} INFO - [2025-07-21T08:28:50.015+0000] {dag.py:3036} INFO - Sync 2 DAGs
[2025-07-21T08:28:50.090+0000] {logging_mixin.py:188} INFO - [2025-07-21T08:28:50.089+0000] {dag.py:3823} INFO - Setting next_dagrun for example_external_task_marker_child to None, run_after=None
[2025-07-21T08:28:50.112+0000] {logging_mixin.py:188} INFO - [2025-07-21T08:28:50.111+0000] {dag.py:3823} INFO - Setting next_dagrun for example_external_task_marker_parent to None, run_after=None
[2025-07-21T08:28:50.164+0000] {processor.py:183} INFO - Processing /home/airflow/.local/lib/python3.8/site-packages/airflow/example_dags/example_external_task_marker_dag.py took 0.468 seconds
[2025-07-21T08:29:21.796+0000] {processor.py:161} INFO - Started process (PID=1317) to work on /home/airflow/.local/lib/python3.8/site-packages/airflow/example_dags/example_external_task_marker_dag.py
[2025-07-21T08:29:21.799+0000] {processor.py:830} INFO - Processing file /home/airflow/.local/lib/python3.8/site-packages/airflow/example_dags/example_external_task_marker_dag.py for tasks to queue
[2025-07-21T08:29:21.813+0000] {logging_mixin.py:188} INFO - [2025-07-21T08:29:21.813+0000] {dagbag.py:538} INFO - Filling up the DagBag from /home/airflow/.local/lib/python3.8/site-packages/airflow/example_dags/example_external_task_marker_dag.py
[2025-07-21T08:29:21.828+0000] {processor.py:840} INFO - DAG(s) 'example_external_task_marker_parent', 'example_external_task_marker_child' retrieved from /home/airflow/.local/lib/python3.8/site-packages/airflow/example_dags/example_external_task_marker_dag.py
[2025-07-21T08:29:21.897+0000] {logging_mixin.py:188} INFO - [2025-07-21T08:29:21.896+0000] {dag.py:3036} INFO - Sync 2 DAGs
[2025-07-21T08:29:21.952+0000] {logging_mixin.py:188} INFO - [2025-07-21T08:29:21.952+0000] {dag.py:3823} INFO - Setting next_dagrun for example_external_task_marker_child to None, run_after=None
[2025-07-21T08:29:21.975+0000] {logging_mixin.py:188} INFO - [2025-07-21T08:29:21.975+0000] {dag.py:3823} INFO - Setting next_dagrun for example_external_task_marker_parent to None, run_after=None
[2025-07-21T08:29:22.055+0000] {processor.py:183} INFO - Processing /home/airflow/.local/lib/python3.8/site-packages/airflow/example_dags/example_external_task_marker_dag.py took 0.274 seconds
[2025-07-21T08:29:52.614+0000] {processor.py:161} INFO - Started process (PID=1373) to work on /home/airflow/.local/lib/python3.8/site-packages/airflow/example_dags/example_external_task_marker_dag.py
[2025-07-21T08:29:52.618+0000] {processor.py:830} INFO - Processing file /home/airflow/.local/lib/python3.8/site-packages/airflow/example_dags/example_external_task_marker_dag.py for tasks to queue
[2025-07-21T08:29:52.623+0000] {logging_mixin.py:188} INFO - [2025-07-21T08:29:52.622+0000] {dagbag.py:538} INFO - Filling up the DagBag from /home/airflow/.local/lib/python3.8/site-packages/airflow/example_dags/example_external_task_marker_dag.py
[2025-07-21T08:29:52.641+0000] {processor.py:840} INFO - DAG(s) 'example_external_task_marker_child', 'example_external_task_marker_parent' retrieved from /home/airflow/.local/lib/python3.8/site-packages/airflow/example_dags/example_external_task_marker_dag.py
[2025-07-21T08:29:52.732+0000] {logging_mixin.py:188} INFO - [2025-07-21T08:29:52.731+0000] {dag.py:3036} INFO - Sync 2 DAGs
[2025-07-21T08:29:52.773+0000] {logging_mixin.py:188} INFO - [2025-07-21T08:29:52.772+0000] {dag.py:3823} INFO - Setting next_dagrun for example_external_task_marker_child to None, run_after=None
[2025-07-21T08:29:52.782+0000] {logging_mixin.py:188} INFO - [2025-07-21T08:29:52.782+0000] {dag.py:3823} INFO - Setting next_dagrun for example_external_task_marker_parent to None, run_after=None
[2025-07-21T08:29:52.824+0000] {processor.py:183} INFO - Processing /home/airflow/.local/lib/python3.8/site-packages/airflow/example_dags/example_external_task_marker_dag.py took 0.221 seconds
[2025-07-21T08:30:23.084+0000] {processor.py:161} INFO - Started process (PID=1428) to work on /home/airflow/.local/lib/python3.8/site-packages/airflow/example_dags/example_external_task_marker_dag.py
[2025-07-21T08:30:23.092+0000] {processor.py:830} INFO - Processing file /home/airflow/.local/lib/python3.8/site-packages/airflow/example_dags/example_external_task_marker_dag.py for tasks to queue
[2025-07-21T08:30:23.100+0000] {logging_mixin.py:188} INFO - [2025-07-21T08:30:23.099+0000] {dagbag.py:538} INFO - Filling up the DagBag from /home/airflow/.local/lib/python3.8/site-packages/airflow/example_dags/example_external_task_marker_dag.py
[2025-07-21T08:30:23.157+0000] {processor.py:840} INFO - DAG(s) 'example_external_task_marker_parent', 'example_external_task_marker_child' retrieved from /home/airflow/.local/lib/python3.8/site-packages/airflow/example_dags/example_external_task_marker_dag.py
[2025-07-21T08:30:23.337+0000] {logging_mixin.py:188} INFO - [2025-07-21T08:30:23.335+0000] {dag.py:3036} INFO - Sync 2 DAGs
[2025-07-21T08:30:23.432+0000] {logging_mixin.py:188} INFO - [2025-07-21T08:30:23.432+0000] {dag.py:3823} INFO - Setting next_dagrun for example_external_task_marker_child to None, run_after=None
[2025-07-21T08:30:23.455+0000] {logging_mixin.py:188} INFO - [2025-07-21T08:30:23.454+0000] {dag.py:3823} INFO - Setting next_dagrun for example_external_task_marker_parent to None, run_after=None
[2025-07-21T08:30:23.863+0000] {processor.py:183} INFO - Processing /home/airflow/.local/lib/python3.8/site-packages/airflow/example_dags/example_external_task_marker_dag.py took 0.795 seconds
[2025-07-21T08:30:57.998+0000] {processor.py:161} INFO - Started process (PID=1489) to work on /home/airflow/.local/lib/python3.8/site-packages/airflow/example_dags/example_external_task_marker_dag.py
[2025-07-21T08:30:58.001+0000] {processor.py:830} INFO - Processing file /home/airflow/.local/lib/python3.8/site-packages/airflow/example_dags/example_external_task_marker_dag.py for tasks to queue
[2025-07-21T08:30:58.015+0000] {logging_mixin.py:188} INFO - [2025-07-21T08:30:58.014+0000] {dagbag.py:538} INFO - Filling up the DagBag from /home/airflow/.local/lib/python3.8/site-packages/airflow/example_dags/example_external_task_marker_dag.py
[2025-07-21T08:30:58.049+0000] {processor.py:840} INFO - DAG(s) 'example_external_task_marker_child', 'example_external_task_marker_parent' retrieved from /home/airflow/.local/lib/python3.8/site-packages/airflow/example_dags/example_external_task_marker_dag.py
[2025-07-21T08:30:58.197+0000] {logging_mixin.py:188} INFO - [2025-07-21T08:30:58.197+0000] {dag.py:3036} INFO - Sync 2 DAGs
[2025-07-21T08:30:58.486+0000] {logging_mixin.py:188} INFO - [2025-07-21T08:30:58.486+0000] {dag.py:3823} INFO - Setting next_dagrun for example_external_task_marker_child to None, run_after=None
[2025-07-21T08:30:58.566+0000] {logging_mixin.py:188} INFO - [2025-07-21T08:30:58.565+0000] {dag.py:3823} INFO - Setting next_dagrun for example_external_task_marker_parent to None, run_after=None
[2025-07-21T08:30:58.919+0000] {processor.py:183} INFO - Processing /home/airflow/.local/lib/python3.8/site-packages/airflow/example_dags/example_external_task_marker_dag.py took 0.947 seconds
[2025-07-21T08:31:29.291+0000] {processor.py:161} INFO - Started process (PID=1544) to work on /home/airflow/.local/lib/python3.8/site-packages/airflow/example_dags/example_external_task_marker_dag.py
[2025-07-21T08:31:29.295+0000] {processor.py:830} INFO - Processing file /home/airflow/.local/lib/python3.8/site-packages/airflow/example_dags/example_external_task_marker_dag.py for tasks to queue
[2025-07-21T08:31:29.299+0000] {logging_mixin.py:188} INFO - [2025-07-21T08:31:29.299+0000] {dagbag.py:538} INFO - Filling up the DagBag from /home/airflow/.local/lib/python3.8/site-packages/airflow/example_dags/example_external_task_marker_dag.py
[2025-07-21T08:31:29.315+0000] {processor.py:840} INFO - DAG(s) 'example_external_task_marker_parent', 'example_external_task_marker_child' retrieved from /home/airflow/.local/lib/python3.8/site-packages/airflow/example_dags/example_external_task_marker_dag.py
[2025-07-21T08:31:29.371+0000] {logging_mixin.py:188} INFO - [2025-07-21T08:31:29.371+0000] {dag.py:3036} INFO - Sync 2 DAGs
[2025-07-21T08:31:29.398+0000] {logging_mixin.py:188} INFO - [2025-07-21T08:31:29.397+0000] {dag.py:3823} INFO - Setting next_dagrun for example_external_task_marker_child to None, run_after=None
[2025-07-21T08:31:29.407+0000] {logging_mixin.py:188} INFO - [2025-07-21T08:31:29.407+0000] {dag.py:3823} INFO - Setting next_dagrun for example_external_task_marker_parent to None, run_after=None
[2025-07-21T08:31:29.450+0000] {processor.py:183} INFO - Processing /home/airflow/.local/lib/python3.8/site-packages/airflow/example_dags/example_external_task_marker_dag.py took 0.168 seconds
[2025-07-21T08:32:00.666+0000] {processor.py:161} INFO - Started process (PID=1599) to work on /home/airflow/.local/lib/python3.8/site-packages/airflow/example_dags/example_external_task_marker_dag.py
[2025-07-21T08:32:00.682+0000] {processor.py:830} INFO - Processing file /home/airflow/.local/lib/python3.8/site-packages/airflow/example_dags/example_external_task_marker_dag.py for tasks to queue
[2025-07-21T08:32:00.686+0000] {logging_mixin.py:188} INFO - [2025-07-21T08:32:00.686+0000] {dagbag.py:538} INFO - Filling up the DagBag from /home/airflow/.local/lib/python3.8/site-packages/airflow/example_dags/example_external_task_marker_dag.py
[2025-07-21T08:32:00.712+0000] {processor.py:840} INFO - DAG(s) 'example_external_task_marker_child', 'example_external_task_marker_parent' retrieved from /home/airflow/.local/lib/python3.8/site-packages/airflow/example_dags/example_external_task_marker_dag.py
[2025-07-21T08:32:00.930+0000] {logging_mixin.py:188} INFO - [2025-07-21T08:32:00.929+0000] {dag.py:3036} INFO - Sync 2 DAGs
[2025-07-21T08:32:00.996+0000] {logging_mixin.py:188} INFO - [2025-07-21T08:32:00.996+0000] {dag.py:3823} INFO - Setting next_dagrun for example_external_task_marker_child to None, run_after=None
[2025-07-21T08:32:01.093+0000] {logging_mixin.py:188} INFO - [2025-07-21T08:32:01.093+0000] {dag.py:3823} INFO - Setting next_dagrun for example_external_task_marker_parent to None, run_after=None
[2025-07-21T08:32:01.157+0000] {processor.py:183} INFO - Processing /home/airflow/.local/lib/python3.8/site-packages/airflow/example_dags/example_external_task_marker_dag.py took 0.505 seconds
[2025-07-21T08:32:31.662+0000] {processor.py:161} INFO - Started process (PID=1654) to work on /home/airflow/.local/lib/python3.8/site-packages/airflow/example_dags/example_external_task_marker_dag.py
[2025-07-21T08:32:31.664+0000] {processor.py:830} INFO - Processing file /home/airflow/.local/lib/python3.8/site-packages/airflow/example_dags/example_external_task_marker_dag.py for tasks to queue
[2025-07-21T08:32:31.668+0000] {logging_mixin.py:188} INFO - [2025-07-21T08:32:31.667+0000] {dagbag.py:538} INFO - Filling up the DagBag from /home/airflow/.local/lib/python3.8/site-packages/airflow/example_dags/example_external_task_marker_dag.py
[2025-07-21T08:32:31.696+0000] {processor.py:840} INFO - DAG(s) 'example_external_task_marker_parent', 'example_external_task_marker_child' retrieved from /home/airflow/.local/lib/python3.8/site-packages/airflow/example_dags/example_external_task_marker_dag.py
[2025-07-21T08:32:31.819+0000] {logging_mixin.py:188} INFO - [2025-07-21T08:32:31.818+0000] {dag.py:3036} INFO - Sync 2 DAGs
[2025-07-21T08:32:31.902+0000] {logging_mixin.py:188} INFO - [2025-07-21T08:32:31.902+0000] {dag.py:3823} INFO - Setting next_dagrun for example_external_task_marker_child to None, run_after=None
[2025-07-21T08:32:31.930+0000] {logging_mixin.py:188} INFO - [2025-07-21T08:32:31.929+0000] {dag.py:3823} INFO - Setting next_dagrun for example_external_task_marker_parent to None, run_after=None
[2025-07-21T08:32:32.136+0000] {processor.py:183} INFO - Processing /home/airflow/.local/lib/python3.8/site-packages/airflow/example_dags/example_external_task_marker_dag.py took 0.492 seconds
[2025-07-21T08:33:03.688+0000] {processor.py:161} INFO - Started process (PID=1709) to work on /home/airflow/.local/lib/python3.8/site-packages/airflow/example_dags/example_external_task_marker_dag.py
[2025-07-21T08:33:03.697+0000] {processor.py:830} INFO - Processing file /home/airflow/.local/lib/python3.8/site-packages/airflow/example_dags/example_external_task_marker_dag.py for tasks to queue
[2025-07-21T08:33:03.714+0000] {logging_mixin.py:188} INFO - [2025-07-21T08:33:03.713+0000] {dagbag.py:538} INFO - Filling up the DagBag from /home/airflow/.local/lib/python3.8/site-packages/airflow/example_dags/example_external_task_marker_dag.py
[2025-07-21T08:33:03.734+0000] {processor.py:840} INFO - DAG(s) 'example_external_task_marker_parent', 'example_external_task_marker_child' retrieved from /home/airflow/.local/lib/python3.8/site-packages/airflow/example_dags/example_external_task_marker_dag.py
[2025-07-21T08:33:03.802+0000] {logging_mixin.py:188} INFO - [2025-07-21T08:33:03.801+0000] {dag.py:3036} INFO - Sync 2 DAGs
[2025-07-21T08:33:03.833+0000] {logging_mixin.py:188} INFO - [2025-07-21T08:33:03.833+0000] {dag.py:3823} INFO - Setting next_dagrun for example_external_task_marker_child to None, run_after=None
[2025-07-21T08:33:03.842+0000] {logging_mixin.py:188} INFO - [2025-07-21T08:33:03.841+0000] {dag.py:3823} INFO - Setting next_dagrun for example_external_task_marker_parent to None, run_after=None
[2025-07-21T08:33:03.893+0000] {processor.py:183} INFO - Processing /home/airflow/.local/lib/python3.8/site-packages/airflow/example_dags/example_external_task_marker_dag.py took 0.223 seconds
[2025-07-21T08:33:34.871+0000] {processor.py:161} INFO - Started process (PID=1764) to work on /home/airflow/.local/lib/python3.8/site-packages/airflow/example_dags/example_external_task_marker_dag.py
[2025-07-21T08:33:34.874+0000] {processor.py:830} INFO - Processing file /home/airflow/.local/lib/python3.8/site-packages/airflow/example_dags/example_external_task_marker_dag.py for tasks to queue
[2025-07-21T08:33:34.879+0000] {logging_mixin.py:188} INFO - [2025-07-21T08:33:34.878+0000] {dagbag.py:538} INFO - Filling up the DagBag from /home/airflow/.local/lib/python3.8/site-packages/airflow/example_dags/example_external_task_marker_dag.py
[2025-07-21T08:33:34.903+0000] {processor.py:840} INFO - DAG(s) 'example_external_task_marker_child', 'example_external_task_marker_parent' retrieved from /home/airflow/.local/lib/python3.8/site-packages/airflow/example_dags/example_external_task_marker_dag.py
[2025-07-21T08:33:34.982+0000] {logging_mixin.py:188} INFO - [2025-07-21T08:33:34.970+0000] {dag.py:3036} INFO - Sync 2 DAGs
[2025-07-21T08:33:35.059+0000] {logging_mixin.py:188} INFO - [2025-07-21T08:33:35.058+0000] {dag.py:3823} INFO - Setting next_dagrun for example_external_task_marker_child to None, run_after=None
[2025-07-21T08:33:35.069+0000] {logging_mixin.py:188} INFO - [2025-07-21T08:33:35.068+0000] {dag.py:3823} INFO - Setting next_dagrun for example_external_task_marker_parent to None, run_after=None
[2025-07-21T08:33:35.109+0000] {processor.py:183} INFO - Processing /home/airflow/.local/lib/python3.8/site-packages/airflow/example_dags/example_external_task_marker_dag.py took 0.250 seconds
[2025-07-21T08:34:05.661+0000] {processor.py:161} INFO - Started process (PID=1819) to work on /home/airflow/.local/lib/python3.8/site-packages/airflow/example_dags/example_external_task_marker_dag.py
[2025-07-21T08:34:05.663+0000] {processor.py:830} INFO - Processing file /home/airflow/.local/lib/python3.8/site-packages/airflow/example_dags/example_external_task_marker_dag.py for tasks to queue
[2025-07-21T08:34:05.667+0000] {logging_mixin.py:188} INFO - [2025-07-21T08:34:05.667+0000] {dagbag.py:538} INFO - Filling up the DagBag from /home/airflow/.local/lib/python3.8/site-packages/airflow/example_dags/example_external_task_marker_dag.py
[2025-07-21T08:34:05.678+0000] {processor.py:840} INFO - DAG(s) 'example_external_task_marker_child', 'example_external_task_marker_parent' retrieved from /home/airflow/.local/lib/python3.8/site-packages/airflow/example_dags/example_external_task_marker_dag.py
[2025-07-21T08:34:05.753+0000] {logging_mixin.py:188} INFO - [2025-07-21T08:34:05.753+0000] {dag.py:3036} INFO - Sync 2 DAGs
[2025-07-21T08:34:05.779+0000] {logging_mixin.py:188} INFO - [2025-07-21T08:34:05.778+0000] {dag.py:3823} INFO - Setting next_dagrun for example_external_task_marker_child to None, run_after=None
[2025-07-21T08:34:05.785+0000] {logging_mixin.py:188} INFO - [2025-07-21T08:34:05.785+0000] {dag.py:3823} INFO - Setting next_dagrun for example_external_task_marker_parent to None, run_after=None
[2025-07-21T08:34:05.816+0000] {processor.py:183} INFO - Processing /home/airflow/.local/lib/python3.8/site-packages/airflow/example_dags/example_external_task_marker_dag.py took 0.162 seconds
[2025-07-21T08:34:40.443+0000] {processor.py:161} INFO - Started process (PID=1874) to work on /home/airflow/.local/lib/python3.8/site-packages/airflow/example_dags/example_external_task_marker_dag.py
[2025-07-21T08:34:40.445+0000] {processor.py:830} INFO - Processing file /home/airflow/.local/lib/python3.8/site-packages/airflow/example_dags/example_external_task_marker_dag.py for tasks to queue
[2025-07-21T08:34:40.449+0000] {logging_mixin.py:188} INFO - [2025-07-21T08:34:40.448+0000] {dagbag.py:538} INFO - Filling up the DagBag from /home/airflow/.local/lib/python3.8/site-packages/airflow/example_dags/example_external_task_marker_dag.py
[2025-07-21T08:34:40.461+0000] {processor.py:840} INFO - DAG(s) 'example_external_task_marker_parent', 'example_external_task_marker_child' retrieved from /home/airflow/.local/lib/python3.8/site-packages/airflow/example_dags/example_external_task_marker_dag.py
[2025-07-21T08:34:40.508+0000] {logging_mixin.py:188} INFO - [2025-07-21T08:34:40.507+0000] {dag.py:3036} INFO - Sync 2 DAGs
[2025-07-21T08:34:40.577+0000] {logging_mixin.py:188} INFO - [2025-07-21T08:34:40.577+0000] {dag.py:3823} INFO - Setting next_dagrun for example_external_task_marker_child to None, run_after=None
[2025-07-21T08:34:40.594+0000] {logging_mixin.py:188} INFO - [2025-07-21T08:34:40.593+0000] {dag.py:3823} INFO - Setting next_dagrun for example_external_task_marker_parent to None, run_after=None
[2025-07-21T08:34:40.724+0000] {processor.py:183} INFO - Processing /home/airflow/.local/lib/python3.8/site-packages/airflow/example_dags/example_external_task_marker_dag.py took 0.288 seconds
[2025-07-21T08:35:10.890+0000] {processor.py:161} INFO - Started process (PID=1927) to work on /home/airflow/.local/lib/python3.8/site-packages/airflow/example_dags/example_external_task_marker_dag.py
[2025-07-21T08:35:10.894+0000] {processor.py:830} INFO - Processing file /home/airflow/.local/lib/python3.8/site-packages/airflow/example_dags/example_external_task_marker_dag.py for tasks to queue
[2025-07-21T08:35:10.902+0000] {logging_mixin.py:188} INFO - [2025-07-21T08:35:10.901+0000] {dagbag.py:538} INFO - Filling up the DagBag from /home/airflow/.local/lib/python3.8/site-packages/airflow/example_dags/example_external_task_marker_dag.py
[2025-07-21T08:35:10.949+0000] {processor.py:840} INFO - DAG(s) 'example_external_task_marker_child', 'example_external_task_marker_parent' retrieved from /home/airflow/.local/lib/python3.8/site-packages/airflow/example_dags/example_external_task_marker_dag.py
[2025-07-21T08:35:11.108+0000] {logging_mixin.py:188} INFO - [2025-07-21T08:35:11.105+0000] {dag.py:3036} INFO - Sync 2 DAGs
[2025-07-21T08:35:11.141+0000] {logging_mixin.py:188} INFO - [2025-07-21T08:35:11.140+0000] {dag.py:3823} INFO - Setting next_dagrun for example_external_task_marker_child to None, run_after=None
[2025-07-21T08:35:11.149+0000] {logging_mixin.py:188} INFO - [2025-07-21T08:35:11.149+0000] {dag.py:3823} INFO - Setting next_dagrun for example_external_task_marker_parent to None, run_after=None
[2025-07-21T08:35:11.192+0000] {processor.py:183} INFO - Processing /home/airflow/.local/lib/python3.8/site-packages/airflow/example_dags/example_external_task_marker_dag.py took 0.325 seconds
[2025-07-21T08:35:41.278+0000] {processor.py:161} INFO - Started process (PID=1981) to work on /home/airflow/.local/lib/python3.8/site-packages/airflow/example_dags/example_external_task_marker_dag.py
[2025-07-21T08:35:41.280+0000] {processor.py:830} INFO - Processing file /home/airflow/.local/lib/python3.8/site-packages/airflow/example_dags/example_external_task_marker_dag.py for tasks to queue
[2025-07-21T08:35:41.284+0000] {logging_mixin.py:188} INFO - [2025-07-21T08:35:41.283+0000] {dagbag.py:538} INFO - Filling up the DagBag from /home/airflow/.local/lib/python3.8/site-packages/airflow/example_dags/example_external_task_marker_dag.py
[2025-07-21T08:35:41.296+0000] {processor.py:840} INFO - DAG(s) 'example_external_task_marker_parent', 'example_external_task_marker_child' retrieved from /home/airflow/.local/lib/python3.8/site-packages/airflow/example_dags/example_external_task_marker_dag.py
[2025-07-21T08:35:41.358+0000] {logging_mixin.py:188} INFO - [2025-07-21T08:35:41.358+0000] {dag.py:3036} INFO - Sync 2 DAGs
[2025-07-21T08:35:41.380+0000] {logging_mixin.py:188} INFO - [2025-07-21T08:35:41.380+0000] {dag.py:3823} INFO - Setting next_dagrun for example_external_task_marker_child to None, run_after=None
[2025-07-21T08:35:41.387+0000] {logging_mixin.py:188} INFO - [2025-07-21T08:35:41.387+0000] {dag.py:3823} INFO - Setting next_dagrun for example_external_task_marker_parent to None, run_after=None
[2025-07-21T08:35:41.412+0000] {processor.py:183} INFO - Processing /home/airflow/.local/lib/python3.8/site-packages/airflow/example_dags/example_external_task_marker_dag.py took 0.142 seconds
[2025-07-21T08:36:12.400+0000] {processor.py:161} INFO - Started process (PID=2036) to work on /home/airflow/.local/lib/python3.8/site-packages/airflow/example_dags/example_external_task_marker_dag.py
[2025-07-21T08:36:12.404+0000] {processor.py:830} INFO - Processing file /home/airflow/.local/lib/python3.8/site-packages/airflow/example_dags/example_external_task_marker_dag.py for tasks to queue
[2025-07-21T08:36:12.409+0000] {logging_mixin.py:188} INFO - [2025-07-21T08:36:12.408+0000] {dagbag.py:538} INFO - Filling up the DagBag from /home/airflow/.local/lib/python3.8/site-packages/airflow/example_dags/example_external_task_marker_dag.py
[2025-07-21T08:36:12.428+0000] {processor.py:840} INFO - DAG(s) 'example_external_task_marker_parent', 'example_external_task_marker_child' retrieved from /home/airflow/.local/lib/python3.8/site-packages/airflow/example_dags/example_external_task_marker_dag.py
[2025-07-21T08:36:12.510+0000] {logging_mixin.py:188} INFO - [2025-07-21T08:36:12.509+0000] {dag.py:3036} INFO - Sync 2 DAGs
[2025-07-21T08:36:12.561+0000] {logging_mixin.py:188} INFO - [2025-07-21T08:36:12.560+0000] {dag.py:3823} INFO - Setting next_dagrun for example_external_task_marker_child to None, run_after=None
[2025-07-21T08:36:12.570+0000] {logging_mixin.py:188} INFO - [2025-07-21T08:36:12.569+0000] {dag.py:3823} INFO - Setting next_dagrun for example_external_task_marker_parent to None, run_after=None
[2025-07-21T08:36:12.636+0000] {processor.py:183} INFO - Processing /home/airflow/.local/lib/python3.8/site-packages/airflow/example_dags/example_external_task_marker_dag.py took 0.245 seconds
[2025-07-21T08:36:45.317+0000] {processor.py:161} INFO - Started process (PID=2091) to work on /home/airflow/.local/lib/python3.8/site-packages/airflow/example_dags/example_external_task_marker_dag.py
[2025-07-21T08:36:45.331+0000] {processor.py:830} INFO - Processing file /home/airflow/.local/lib/python3.8/site-packages/airflow/example_dags/example_external_task_marker_dag.py for tasks to queue
[2025-07-21T08:36:45.346+0000] {logging_mixin.py:188} INFO - [2025-07-21T08:36:45.345+0000] {dagbag.py:538} INFO - Filling up the DagBag from /home/airflow/.local/lib/python3.8/site-packages/airflow/example_dags/example_external_task_marker_dag.py
[2025-07-21T08:36:45.421+0000] {processor.py:840} INFO - DAG(s) 'example_external_task_marker_parent', 'example_external_task_marker_child' retrieved from /home/airflow/.local/lib/python3.8/site-packages/airflow/example_dags/example_external_task_marker_dag.py
[2025-07-21T08:36:45.681+0000] {logging_mixin.py:188} INFO - [2025-07-21T08:36:45.681+0000] {dag.py:3036} INFO - Sync 2 DAGs
[2025-07-21T08:36:45.904+0000] {logging_mixin.py:188} INFO - [2025-07-21T08:36:45.892+0000] {dag.py:3823} INFO - Setting next_dagrun for example_external_task_marker_child to None, run_after=None
[2025-07-21T08:36:45.923+0000] {logging_mixin.py:188} INFO - [2025-07-21T08:36:45.923+0000] {dag.py:3823} INFO - Setting next_dagrun for example_external_task_marker_parent to None, run_after=None
[2025-07-21T08:36:46.038+0000] {processor.py:183} INFO - Processing /home/airflow/.local/lib/python3.8/site-packages/airflow/example_dags/example_external_task_marker_dag.py took 0.742 seconds
[2025-07-21T08:37:17.225+0000] {processor.py:161} INFO - Started process (PID=2145) to work on /home/airflow/.local/lib/python3.8/site-packages/airflow/example_dags/example_external_task_marker_dag.py
[2025-07-21T08:37:17.249+0000] {processor.py:830} INFO - Processing file /home/airflow/.local/lib/python3.8/site-packages/airflow/example_dags/example_external_task_marker_dag.py for tasks to queue
[2025-07-21T08:37:17.336+0000] {logging_mixin.py:188} INFO - [2025-07-21T08:37:17.335+0000] {dagbag.py:538} INFO - Filling up the DagBag from /home/airflow/.local/lib/python3.8/site-packages/airflow/example_dags/example_external_task_marker_dag.py
[2025-07-21T08:37:17.401+0000] {processor.py:840} INFO - DAG(s) 'example_external_task_marker_child', 'example_external_task_marker_parent' retrieved from /home/airflow/.local/lib/python3.8/site-packages/airflow/example_dags/example_external_task_marker_dag.py
[2025-07-21T08:37:17.818+0000] {logging_mixin.py:188} INFO - [2025-07-21T08:37:17.818+0000] {dag.py:3036} INFO - Sync 2 DAGs
[2025-07-21T08:37:18.002+0000] {logging_mixin.py:188} INFO - [2025-07-21T08:37:18.001+0000] {dag.py:3823} INFO - Setting next_dagrun for example_external_task_marker_child to None, run_after=None
[2025-07-21T08:37:18.092+0000] {logging_mixin.py:188} INFO - [2025-07-21T08:37:18.091+0000] {dag.py:3823} INFO - Setting next_dagrun for example_external_task_marker_parent to None, run_after=None
[2025-07-21T08:37:18.477+0000] {processor.py:183} INFO - Processing /home/airflow/.local/lib/python3.8/site-packages/airflow/example_dags/example_external_task_marker_dag.py took 1.275 seconds
[2025-07-21T08:37:49.616+0000] {processor.py:161} INFO - Started process (PID=2201) to work on /home/airflow/.local/lib/python3.8/site-packages/airflow/example_dags/example_external_task_marker_dag.py
[2025-07-21T08:37:49.627+0000] {processor.py:830} INFO - Processing file /home/airflow/.local/lib/python3.8/site-packages/airflow/example_dags/example_external_task_marker_dag.py for tasks to queue
[2025-07-21T08:37:49.644+0000] {logging_mixin.py:188} INFO - [2025-07-21T08:37:49.643+0000] {dagbag.py:538} INFO - Filling up the DagBag from /home/airflow/.local/lib/python3.8/site-packages/airflow/example_dags/example_external_task_marker_dag.py
[2025-07-21T08:37:49.670+0000] {processor.py:840} INFO - DAG(s) 'example_external_task_marker_parent', 'example_external_task_marker_child' retrieved from /home/airflow/.local/lib/python3.8/site-packages/airflow/example_dags/example_external_task_marker_dag.py
[2025-07-21T08:37:50.058+0000] {logging_mixin.py:188} INFO - [2025-07-21T08:37:50.058+0000] {dag.py:3036} INFO - Sync 2 DAGs
[2025-07-21T08:37:50.192+0000] {logging_mixin.py:188} INFO - [2025-07-21T08:37:50.192+0000] {dag.py:3823} INFO - Setting next_dagrun for example_external_task_marker_child to None, run_after=None
[2025-07-21T08:37:50.228+0000] {logging_mixin.py:188} INFO - [2025-07-21T08:37:50.227+0000] {dag.py:3823} INFO - Setting next_dagrun for example_external_task_marker_parent to None, run_after=None
[2025-07-21T08:37:50.491+0000] {processor.py:183} INFO - Processing /home/airflow/.local/lib/python3.8/site-packages/airflow/example_dags/example_external_task_marker_dag.py took 0.912 seconds
[2025-07-21T08:38:21.310+0000] {processor.py:161} INFO - Started process (PID=2255) to work on /home/airflow/.local/lib/python3.8/site-packages/airflow/example_dags/example_external_task_marker_dag.py
[2025-07-21T08:38:21.325+0000] {processor.py:830} INFO - Processing file /home/airflow/.local/lib/python3.8/site-packages/airflow/example_dags/example_external_task_marker_dag.py for tasks to queue
[2025-07-21T08:38:21.341+0000] {logging_mixin.py:188} INFO - [2025-07-21T08:38:21.340+0000] {dagbag.py:538} INFO - Filling up the DagBag from /home/airflow/.local/lib/python3.8/site-packages/airflow/example_dags/example_external_task_marker_dag.py
[2025-07-21T08:38:21.394+0000] {processor.py:840} INFO - DAG(s) 'example_external_task_marker_parent', 'example_external_task_marker_child' retrieved from /home/airflow/.local/lib/python3.8/site-packages/airflow/example_dags/example_external_task_marker_dag.py
[2025-07-21T08:38:21.514+0000] {logging_mixin.py:188} INFO - [2025-07-21T08:38:21.513+0000] {dag.py:3036} INFO - Sync 2 DAGs
[2025-07-21T08:38:21.551+0000] {logging_mixin.py:188} INFO - [2025-07-21T08:38:21.550+0000] {dag.py:3823} INFO - Setting next_dagrun for example_external_task_marker_child to None, run_after=None
[2025-07-21T08:38:21.563+0000] {logging_mixin.py:188} INFO - [2025-07-21T08:38:21.562+0000] {dag.py:3823} INFO - Setting next_dagrun for example_external_task_marker_parent to None, run_after=None
[2025-07-21T08:38:21.607+0000] {processor.py:183} INFO - Processing /home/airflow/.local/lib/python3.8/site-packages/airflow/example_dags/example_external_task_marker_dag.py took 0.339 seconds
[2025-07-21T08:38:52.361+0000] {processor.py:161} INFO - Started process (PID=2310) to work on /home/airflow/.local/lib/python3.8/site-packages/airflow/example_dags/example_external_task_marker_dag.py
[2025-07-21T08:38:52.365+0000] {processor.py:830} INFO - Processing file /home/airflow/.local/lib/python3.8/site-packages/airflow/example_dags/example_external_task_marker_dag.py for tasks to queue
[2025-07-21T08:38:52.371+0000] {logging_mixin.py:188} INFO - [2025-07-21T08:38:52.371+0000] {dagbag.py:538} INFO - Filling up the DagBag from /home/airflow/.local/lib/python3.8/site-packages/airflow/example_dags/example_external_task_marker_dag.py
[2025-07-21T08:38:52.391+0000] {processor.py:840} INFO - DAG(s) 'example_external_task_marker_parent', 'example_external_task_marker_child' retrieved from /home/airflow/.local/lib/python3.8/site-packages/airflow/example_dags/example_external_task_marker_dag.py
[2025-07-21T08:38:52.483+0000] {logging_mixin.py:188} INFO - [2025-07-21T08:38:52.482+0000] {dag.py:3036} INFO - Sync 2 DAGs
[2025-07-21T08:38:52.527+0000] {logging_mixin.py:188} INFO - [2025-07-21T08:38:52.527+0000] {dag.py:3823} INFO - Setting next_dagrun for example_external_task_marker_child to None, run_after=None
[2025-07-21T08:38:52.537+0000] {logging_mixin.py:188} INFO - [2025-07-21T08:38:52.537+0000] {dag.py:3823} INFO - Setting next_dagrun for example_external_task_marker_parent to None, run_after=None
[2025-07-21T08:38:52.592+0000] {processor.py:183} INFO - Processing /home/airflow/.local/lib/python3.8/site-packages/airflow/example_dags/example_external_task_marker_dag.py took 0.243 seconds
[2025-07-21T08:39:23.531+0000] {processor.py:161} INFO - Started process (PID=2365) to work on /home/airflow/.local/lib/python3.8/site-packages/airflow/example_dags/example_external_task_marker_dag.py
[2025-07-21T08:39:23.535+0000] {processor.py:830} INFO - Processing file /home/airflow/.local/lib/python3.8/site-packages/airflow/example_dags/example_external_task_marker_dag.py for tasks to queue
[2025-07-21T08:39:23.543+0000] {logging_mixin.py:188} INFO - [2025-07-21T08:39:23.542+0000] {dagbag.py:538} INFO - Filling up the DagBag from /home/airflow/.local/lib/python3.8/site-packages/airflow/example_dags/example_external_task_marker_dag.py
[2025-07-21T08:39:23.599+0000] {processor.py:840} INFO - DAG(s) 'example_external_task_marker_parent', 'example_external_task_marker_child' retrieved from /home/airflow/.local/lib/python3.8/site-packages/airflow/example_dags/example_external_task_marker_dag.py
[2025-07-21T08:39:23.704+0000] {logging_mixin.py:188} INFO - [2025-07-21T08:39:23.704+0000] {dag.py:3036} INFO - Sync 2 DAGs
[2025-07-21T08:39:23.748+0000] {logging_mixin.py:188} INFO - [2025-07-21T08:39:23.747+0000] {dag.py:3823} INFO - Setting next_dagrun for example_external_task_marker_child to None, run_after=None
[2025-07-21T08:39:23.759+0000] {logging_mixin.py:188} INFO - [2025-07-21T08:39:23.758+0000] {dag.py:3823} INFO - Setting next_dagrun for example_external_task_marker_parent to None, run_after=None
[2025-07-21T08:39:23.809+0000] {processor.py:183} INFO - Processing /home/airflow/.local/lib/python3.8/site-packages/airflow/example_dags/example_external_task_marker_dag.py took 0.293 seconds
[2025-07-21T08:39:54.172+0000] {processor.py:161} INFO - Started process (PID=2420) to work on /home/airflow/.local/lib/python3.8/site-packages/airflow/example_dags/example_external_task_marker_dag.py
[2025-07-21T08:39:54.175+0000] {processor.py:830} INFO - Processing file /home/airflow/.local/lib/python3.8/site-packages/airflow/example_dags/example_external_task_marker_dag.py for tasks to queue
[2025-07-21T08:39:54.182+0000] {logging_mixin.py:188} INFO - [2025-07-21T08:39:54.181+0000] {dagbag.py:538} INFO - Filling up the DagBag from /home/airflow/.local/lib/python3.8/site-packages/airflow/example_dags/example_external_task_marker_dag.py
[2025-07-21T08:39:54.204+0000] {processor.py:840} INFO - DAG(s) 'example_external_task_marker_parent', 'example_external_task_marker_child' retrieved from /home/airflow/.local/lib/python3.8/site-packages/airflow/example_dags/example_external_task_marker_dag.py
[2025-07-21T08:39:54.307+0000] {logging_mixin.py:188} INFO - [2025-07-21T08:39:54.306+0000] {dag.py:3036} INFO - Sync 2 DAGs
[2025-07-21T08:39:54.693+0000] {logging_mixin.py:188} INFO - [2025-07-21T08:39:54.692+0000] {dag.py:3823} INFO - Setting next_dagrun for example_external_task_marker_child to None, run_after=None
[2025-07-21T08:39:54.702+0000] {logging_mixin.py:188} INFO - [2025-07-21T08:39:54.701+0000] {dag.py:3823} INFO - Setting next_dagrun for example_external_task_marker_parent to None, run_after=None
[2025-07-21T08:39:54.771+0000] {processor.py:183} INFO - Processing /home/airflow/.local/lib/python3.8/site-packages/airflow/example_dags/example_external_task_marker_dag.py took 0.613 seconds
[2025-07-21T08:40:24.910+0000] {processor.py:161} INFO - Started process (PID=2474) to work on /home/airflow/.local/lib/python3.8/site-packages/airflow/example_dags/example_external_task_marker_dag.py
[2025-07-21T08:40:24.912+0000] {processor.py:830} INFO - Processing file /home/airflow/.local/lib/python3.8/site-packages/airflow/example_dags/example_external_task_marker_dag.py for tasks to queue
[2025-07-21T08:40:24.916+0000] {logging_mixin.py:188} INFO - [2025-07-21T08:40:24.915+0000] {dagbag.py:538} INFO - Filling up the DagBag from /home/airflow/.local/lib/python3.8/site-packages/airflow/example_dags/example_external_task_marker_dag.py
[2025-07-21T08:40:24.929+0000] {processor.py:840} INFO - DAG(s) 'example_external_task_marker_child', 'example_external_task_marker_parent' retrieved from /home/airflow/.local/lib/python3.8/site-packages/airflow/example_dags/example_external_task_marker_dag.py
[2025-07-21T08:40:24.971+0000] {logging_mixin.py:188} INFO - [2025-07-21T08:40:24.971+0000] {dag.py:3036} INFO - Sync 2 DAGs
[2025-07-21T08:40:25.017+0000] {logging_mixin.py:188} INFO - [2025-07-21T08:40:25.017+0000] {dag.py:3823} INFO - Setting next_dagrun for example_external_task_marker_child to None, run_after=None
[2025-07-21T08:40:25.033+0000] {logging_mixin.py:188} INFO - [2025-07-21T08:40:25.033+0000] {dag.py:3823} INFO - Setting next_dagrun for example_external_task_marker_parent to None, run_after=None
[2025-07-21T08:40:25.081+0000] {processor.py:183} INFO - Processing /home/airflow/.local/lib/python3.8/site-packages/airflow/example_dags/example_external_task_marker_dag.py took 0.188 seconds
[2025-07-21T08:40:56.262+0000] {processor.py:161} INFO - Started process (PID=2529) to work on /home/airflow/.local/lib/python3.8/site-packages/airflow/example_dags/example_external_task_marker_dag.py
[2025-07-21T08:40:56.265+0000] {processor.py:830} INFO - Processing file /home/airflow/.local/lib/python3.8/site-packages/airflow/example_dags/example_external_task_marker_dag.py for tasks to queue
[2025-07-21T08:40:56.270+0000] {logging_mixin.py:188} INFO - [2025-07-21T08:40:56.269+0000] {dagbag.py:538} INFO - Filling up the DagBag from /home/airflow/.local/lib/python3.8/site-packages/airflow/example_dags/example_external_task_marker_dag.py
[2025-07-21T08:40:56.287+0000] {processor.py:840} INFO - DAG(s) 'example_external_task_marker_parent', 'example_external_task_marker_child' retrieved from /home/airflow/.local/lib/python3.8/site-packages/airflow/example_dags/example_external_task_marker_dag.py
[2025-07-21T08:40:56.346+0000] {logging_mixin.py:188} INFO - [2025-07-21T08:40:56.346+0000] {dag.py:3036} INFO - Sync 2 DAGs
[2025-07-21T08:40:56.378+0000] {logging_mixin.py:188} INFO - [2025-07-21T08:40:56.378+0000] {dag.py:3823} INFO - Setting next_dagrun for example_external_task_marker_child to None, run_after=None
[2025-07-21T08:40:56.390+0000] {logging_mixin.py:188} INFO - [2025-07-21T08:40:56.389+0000] {dag.py:3823} INFO - Setting next_dagrun for example_external_task_marker_parent to None, run_after=None
[2025-07-21T08:40:56.433+0000] {processor.py:183} INFO - Processing /home/airflow/.local/lib/python3.8/site-packages/airflow/example_dags/example_external_task_marker_dag.py took 0.182 seconds
[2025-07-21T08:41:27.180+0000] {processor.py:161} INFO - Started process (PID=2584) to work on /home/airflow/.local/lib/python3.8/site-packages/airflow/example_dags/example_external_task_marker_dag.py
[2025-07-21T08:41:27.183+0000] {processor.py:830} INFO - Processing file /home/airflow/.local/lib/python3.8/site-packages/airflow/example_dags/example_external_task_marker_dag.py for tasks to queue
[2025-07-21T08:41:27.197+0000] {logging_mixin.py:188} INFO - [2025-07-21T08:41:27.194+0000] {dagbag.py:538} INFO - Filling up the DagBag from /home/airflow/.local/lib/python3.8/site-packages/airflow/example_dags/example_external_task_marker_dag.py
[2025-07-21T08:41:27.246+0000] {processor.py:840} INFO - DAG(s) 'example_external_task_marker_child', 'example_external_task_marker_parent' retrieved from /home/airflow/.local/lib/python3.8/site-packages/airflow/example_dags/example_external_task_marker_dag.py
[2025-07-21T08:41:27.431+0000] {logging_mixin.py:188} INFO - [2025-07-21T08:41:27.430+0000] {dag.py:3036} INFO - Sync 2 DAGs
[2025-07-21T08:41:27.604+0000] {logging_mixin.py:188} INFO - [2025-07-21T08:41:27.604+0000] {dag.py:3823} INFO - Setting next_dagrun for example_external_task_marker_child to None, run_after=None
[2025-07-21T08:41:27.688+0000] {logging_mixin.py:188} INFO - [2025-07-21T08:41:27.687+0000] {dag.py:3823} INFO - Setting next_dagrun for example_external_task_marker_parent to None, run_after=None
[2025-07-21T08:41:27.895+0000] {processor.py:183} INFO - Processing /home/airflow/.local/lib/python3.8/site-packages/airflow/example_dags/example_external_task_marker_dag.py took 0.732 seconds
[2025-07-21T08:41:58.234+0000] {processor.py:161} INFO - Started process (PID=2639) to work on /home/airflow/.local/lib/python3.8/site-packages/airflow/example_dags/example_external_task_marker_dag.py
[2025-07-21T08:41:58.237+0000] {processor.py:830} INFO - Processing file /home/airflow/.local/lib/python3.8/site-packages/airflow/example_dags/example_external_task_marker_dag.py for tasks to queue
[2025-07-21T08:41:58.242+0000] {logging_mixin.py:188} INFO - [2025-07-21T08:41:58.241+0000] {dagbag.py:538} INFO - Filling up the DagBag from /home/airflow/.local/lib/python3.8/site-packages/airflow/example_dags/example_external_task_marker_dag.py
[2025-07-21T08:41:58.258+0000] {processor.py:840} INFO - DAG(s) 'example_external_task_marker_child', 'example_external_task_marker_parent' retrieved from /home/airflow/.local/lib/python3.8/site-packages/airflow/example_dags/example_external_task_marker_dag.py
[2025-07-21T08:41:58.338+0000] {logging_mixin.py:188} INFO - [2025-07-21T08:41:58.337+0000] {dag.py:3036} INFO - Sync 2 DAGs
[2025-07-21T08:41:58.374+0000] {logging_mixin.py:188} INFO - [2025-07-21T08:41:58.373+0000] {dag.py:3823} INFO - Setting next_dagrun for example_external_task_marker_child to None, run_after=None
[2025-07-21T08:41:58.384+0000] {logging_mixin.py:188} INFO - [2025-07-21T08:41:58.384+0000] {dag.py:3823} INFO - Setting next_dagrun for example_external_task_marker_parent to None, run_after=None
[2025-07-21T08:41:58.425+0000] {processor.py:183} INFO - Processing /home/airflow/.local/lib/python3.8/site-packages/airflow/example_dags/example_external_task_marker_dag.py took 0.208 seconds
[2025-07-21T08:42:29.195+0000] {processor.py:161} INFO - Started process (PID=2694) to work on /home/airflow/.local/lib/python3.8/site-packages/airflow/example_dags/example_external_task_marker_dag.py
[2025-07-21T08:42:29.198+0000] {processor.py:830} INFO - Processing file /home/airflow/.local/lib/python3.8/site-packages/airflow/example_dags/example_external_task_marker_dag.py for tasks to queue
[2025-07-21T08:42:29.203+0000] {logging_mixin.py:188} INFO - [2025-07-21T08:42:29.203+0000] {dagbag.py:538} INFO - Filling up the DagBag from /home/airflow/.local/lib/python3.8/site-packages/airflow/example_dags/example_external_task_marker_dag.py
[2025-07-21T08:42:29.222+0000] {processor.py:840} INFO - DAG(s) 'example_external_task_marker_parent', 'example_external_task_marker_child' retrieved from /home/airflow/.local/lib/python3.8/site-packages/airflow/example_dags/example_external_task_marker_dag.py
[2025-07-21T08:42:29.284+0000] {logging_mixin.py:188} INFO - [2025-07-21T08:42:29.283+0000] {dag.py:3036} INFO - Sync 2 DAGs
[2025-07-21T08:42:29.318+0000] {logging_mixin.py:188} INFO - [2025-07-21T08:42:29.317+0000] {dag.py:3823} INFO - Setting next_dagrun for example_external_task_marker_child to None, run_after=None
[2025-07-21T08:42:29.328+0000] {logging_mixin.py:188} INFO - [2025-07-21T08:42:29.327+0000] {dag.py:3823} INFO - Setting next_dagrun for example_external_task_marker_parent to None, run_after=None
[2025-07-21T08:42:29.374+0000] {processor.py:183} INFO - Processing /home/airflow/.local/lib/python3.8/site-packages/airflow/example_dags/example_external_task_marker_dag.py took 0.189 seconds
[2025-07-21T08:42:59.835+0000] {processor.py:161} INFO - Started process (PID=2749) to work on /home/airflow/.local/lib/python3.8/site-packages/airflow/example_dags/example_external_task_marker_dag.py
[2025-07-21T08:42:59.838+0000] {processor.py:830} INFO - Processing file /home/airflow/.local/lib/python3.8/site-packages/airflow/example_dags/example_external_task_marker_dag.py for tasks to queue
[2025-07-21T08:42:59.846+0000] {logging_mixin.py:188} INFO - [2025-07-21T08:42:59.845+0000] {dagbag.py:538} INFO - Filling up the DagBag from /home/airflow/.local/lib/python3.8/site-packages/airflow/example_dags/example_external_task_marker_dag.py
[2025-07-21T08:42:59.864+0000] {processor.py:840} INFO - DAG(s) 'example_external_task_marker_child', 'example_external_task_marker_parent' retrieved from /home/airflow/.local/lib/python3.8/site-packages/airflow/example_dags/example_external_task_marker_dag.py
[2025-07-21T08:42:59.925+0000] {logging_mixin.py:188} INFO - [2025-07-21T08:42:59.924+0000] {dag.py:3036} INFO - Sync 2 DAGs
[2025-07-21T08:42:59.963+0000] {logging_mixin.py:188} INFO - [2025-07-21T08:42:59.962+0000] {dag.py:3823} INFO - Setting next_dagrun for example_external_task_marker_child to None, run_after=None
[2025-07-21T08:42:59.973+0000] {logging_mixin.py:188} INFO - [2025-07-21T08:42:59.972+0000] {dag.py:3823} INFO - Setting next_dagrun for example_external_task_marker_parent to None, run_after=None
[2025-07-21T08:43:00.022+0000] {processor.py:183} INFO - Processing /home/airflow/.local/lib/python3.8/site-packages/airflow/example_dags/example_external_task_marker_dag.py took 0.211 seconds
[2025-07-21T08:43:31.653+0000] {processor.py:161} INFO - Started process (PID=2810) to work on /home/airflow/.local/lib/python3.8/site-packages/airflow/example_dags/example_external_task_marker_dag.py
[2025-07-21T08:43:31.657+0000] {processor.py:830} INFO - Processing file /home/airflow/.local/lib/python3.8/site-packages/airflow/example_dags/example_external_task_marker_dag.py for tasks to queue
[2025-07-21T08:43:31.664+0000] {logging_mixin.py:188} INFO - [2025-07-21T08:43:31.664+0000] {dagbag.py:538} INFO - Filling up the DagBag from /home/airflow/.local/lib/python3.8/site-packages/airflow/example_dags/example_external_task_marker_dag.py
[2025-07-21T08:43:31.676+0000] {processor.py:840} INFO - DAG(s) 'example_external_task_marker_child', 'example_external_task_marker_parent' retrieved from /home/airflow/.local/lib/python3.8/site-packages/airflow/example_dags/example_external_task_marker_dag.py
[2025-07-21T08:43:31.725+0000] {logging_mixin.py:188} INFO - [2025-07-21T08:43:31.724+0000] {dag.py:3036} INFO - Sync 2 DAGs
[2025-07-21T08:43:31.749+0000] {logging_mixin.py:188} INFO - [2025-07-21T08:43:31.749+0000] {dag.py:3823} INFO - Setting next_dagrun for example_external_task_marker_child to None, run_after=None
[2025-07-21T08:43:31.755+0000] {logging_mixin.py:188} INFO - [2025-07-21T08:43:31.755+0000] {dag.py:3823} INFO - Setting next_dagrun for example_external_task_marker_parent to None, run_after=None
[2025-07-21T08:43:31.787+0000] {processor.py:183} INFO - Processing /home/airflow/.local/lib/python3.8/site-packages/airflow/example_dags/example_external_task_marker_dag.py took 0.146 seconds
