[2025-07-21T08:14:41.410+0000] {processor.py:161} INFO - Started process (PID=81) to work on /home/airflow/.local/lib/python3.8/site-packages/airflow/example_dags/example_bash_operator.py
[2025-07-21T08:14:41.431+0000] {processor.py:830} INFO - Processing file /home/airflow/.local/lib/python3.8/site-packages/airflow/example_dags/example_bash_operator.py for tasks to queue
[2025-07-21T08:14:41.450+0000] {logging_mixin.py:188} INFO - [2025-07-21T08:14:41.449+0000] {dagbag.py:538} INFO - Filling up the DagBag from /home/airflow/.local/lib/python3.8/site-packages/airflow/example_dags/example_bash_operator.py
[2025-07-21T08:14:41.696+0000] {processor.py:840} INFO - DAG(s) 'example_bash_operator' retrieved from /home/airflow/.local/lib/python3.8/site-packages/airflow/example_dags/example_bash_operator.py
[2025-07-21T08:14:42.177+0000] {logging_mixin.py:188} INFO - [2025-07-21T08:14:42.177+0000] {dag.py:3036} INFO - Sync 1 DAGs
[2025-07-21T08:14:42.354+0000] {logging_mixin.py:188} INFO - [2025-07-21T08:14:42.353+0000] {dag.py:3823} INFO - Setting next_dagrun for example_bash_operator to 2025-07-20 00:00:00+00:00, run_after=2025-07-21 00:00:00+00:00
[2025-07-21T08:14:42.456+0000] {processor.py:183} INFO - Processing /home/airflow/.local/lib/python3.8/site-packages/airflow/example_dags/example_bash_operator.py took 1.113 seconds
[2025-07-21T08:15:16.020+0000] {processor.py:161} INFO - Started process (PID=137) to work on /home/airflow/.local/lib/python3.8/site-packages/airflow/example_dags/example_bash_operator.py
[2025-07-21T08:15:16.039+0000] {processor.py:830} INFO - Processing file /home/airflow/.local/lib/python3.8/site-packages/airflow/example_dags/example_bash_operator.py for tasks to queue
[2025-07-21T08:15:16.094+0000] {logging_mixin.py:188} INFO - [2025-07-21T08:15:16.094+0000] {dagbag.py:538} INFO - Filling up the DagBag from /home/airflow/.local/lib/python3.8/site-packages/airflow/example_dags/example_bash_operator.py
[2025-07-21T08:15:16.150+0000] {processor.py:840} INFO - DAG(s) 'example_bash_operator' retrieved from /home/airflow/.local/lib/python3.8/site-packages/airflow/example_dags/example_bash_operator.py
[2025-07-21T08:15:16.707+0000] {logging_mixin.py:188} INFO - [2025-07-21T08:15:16.707+0000] {dag.py:3036} INFO - Sync 1 DAGs
[2025-07-21T08:15:17.263+0000] {logging_mixin.py:188} INFO - [2025-07-21T08:15:17.263+0000] {dag.py:3823} INFO - Setting next_dagrun for example_bash_operator to 2025-07-20 00:00:00+00:00, run_after=2025-07-21 00:00:00+00:00
[2025-07-21T08:15:17.620+0000] {processor.py:183} INFO - Processing /home/airflow/.local/lib/python3.8/site-packages/airflow/example_dags/example_bash_operator.py took 1.606 seconds
[2025-07-21T08:15:53.455+0000] {processor.py:161} INFO - Started process (PID=192) to work on /home/airflow/.local/lib/python3.8/site-packages/airflow/example_dags/example_bash_operator.py
[2025-07-21T08:15:53.534+0000] {processor.py:830} INFO - Processing file /home/airflow/.local/lib/python3.8/site-packages/airflow/example_dags/example_bash_operator.py for tasks to queue
[2025-07-21T08:15:53.549+0000] {logging_mixin.py:188} INFO - [2025-07-21T08:15:53.548+0000] {dagbag.py:538} INFO - Filling up the DagBag from /home/airflow/.local/lib/python3.8/site-packages/airflow/example_dags/example_bash_operator.py
[2025-07-21T08:15:53.989+0000] {processor.py:840} INFO - DAG(s) 'example_bash_operator' retrieved from /home/airflow/.local/lib/python3.8/site-packages/airflow/example_dags/example_bash_operator.py
[2025-07-21T08:15:54.520+0000] {logging_mixin.py:188} INFO - [2025-07-21T08:15:54.520+0000] {dag.py:3036} INFO - Sync 1 DAGs
[2025-07-21T08:15:54.699+0000] {logging_mixin.py:188} INFO - [2025-07-21T08:15:54.688+0000] {dag.py:3823} INFO - Setting next_dagrun for example_bash_operator to 2025-07-20 00:00:00+00:00, run_after=2025-07-21 00:00:00+00:00
[2025-07-21T08:15:54.988+0000] {processor.py:183} INFO - Processing /home/airflow/.local/lib/python3.8/site-packages/airflow/example_dags/example_bash_operator.py took 1.581 seconds
[2025-07-21T08:16:33.033+0000] {processor.py:161} INFO - Started process (PID=247) to work on /home/airflow/.local/lib/python3.8/site-packages/airflow/example_dags/example_bash_operator.py
[2025-07-21T08:16:33.035+0000] {processor.py:830} INFO - Processing file /home/airflow/.local/lib/python3.8/site-packages/airflow/example_dags/example_bash_operator.py for tasks to queue
[2025-07-21T08:16:33.040+0000] {logging_mixin.py:188} INFO - [2025-07-21T08:16:33.039+0000] {dagbag.py:538} INFO - Filling up the DagBag from /home/airflow/.local/lib/python3.8/site-packages/airflow/example_dags/example_bash_operator.py
[2025-07-21T08:16:33.094+0000] {processor.py:840} INFO - DAG(s) 'example_bash_operator' retrieved from /home/airflow/.local/lib/python3.8/site-packages/airflow/example_dags/example_bash_operator.py
[2025-07-21T08:16:33.306+0000] {logging_mixin.py:188} INFO - [2025-07-21T08:16:33.305+0000] {dag.py:3036} INFO - Sync 1 DAGs
[2025-07-21T08:16:33.483+0000] {logging_mixin.py:188} INFO - [2025-07-21T08:16:33.482+0000] {dag.py:3823} INFO - Setting next_dagrun for example_bash_operator to 2025-07-20 00:00:00+00:00, run_after=2025-07-21 00:00:00+00:00
[2025-07-21T08:16:33.538+0000] {processor.py:183} INFO - Processing /home/airflow/.local/lib/python3.8/site-packages/airflow/example_dags/example_bash_operator.py took 0.515 seconds
[2025-07-21T08:17:21.198+0000] {processor.py:161} INFO - Started process (PID=302) to work on /home/airflow/.local/lib/python3.8/site-packages/airflow/example_dags/example_bash_operator.py
[2025-07-21T08:17:21.212+0000] {processor.py:830} INFO - Processing file /home/airflow/.local/lib/python3.8/site-packages/airflow/example_dags/example_bash_operator.py for tasks to queue
[2025-07-21T08:17:21.233+0000] {logging_mixin.py:188} INFO - [2025-07-21T08:17:21.233+0000] {dagbag.py:538} INFO - Filling up the DagBag from /home/airflow/.local/lib/python3.8/site-packages/airflow/example_dags/example_bash_operator.py
[2025-07-21T08:17:21.545+0000] {processor.py:840} INFO - DAG(s) 'example_bash_operator' retrieved from /home/airflow/.local/lib/python3.8/site-packages/airflow/example_dags/example_bash_operator.py
[2025-07-21T08:17:22.252+0000] {logging_mixin.py:188} INFO - [2025-07-21T08:17:22.252+0000] {dag.py:3036} INFO - Sync 1 DAGs
[2025-07-21T08:17:22.720+0000] {logging_mixin.py:188} INFO - [2025-07-21T08:17:22.720+0000] {dag.py:3823} INFO - Setting next_dagrun for example_bash_operator to 2025-07-20 00:00:00+00:00, run_after=2025-07-21 00:00:00+00:00
[2025-07-21T08:17:23.175+0000] {processor.py:183} INFO - Processing /home/airflow/.local/lib/python3.8/site-packages/airflow/example_dags/example_bash_operator.py took 2.088 seconds
[2025-07-21T08:18:37.009+0000] {processor.py:161} INFO - Started process (PID=363) to work on /home/airflow/.local/lib/python3.8/site-packages/airflow/example_dags/example_bash_operator.py
[2025-07-21T08:18:37.026+0000] {processor.py:830} INFO - Processing file /home/airflow/.local/lib/python3.8/site-packages/airflow/example_dags/example_bash_operator.py for tasks to queue
[2025-07-21T08:18:37.056+0000] {logging_mixin.py:188} INFO - [2025-07-21T08:18:37.055+0000] {dagbag.py:538} INFO - Filling up the DagBag from /home/airflow/.local/lib/python3.8/site-packages/airflow/example_dags/example_bash_operator.py
[2025-07-21T08:18:37.159+0000] {processor.py:840} INFO - DAG(s) 'example_bash_operator' retrieved from /home/airflow/.local/lib/python3.8/site-packages/airflow/example_dags/example_bash_operator.py
[2025-07-21T08:18:39.459+0000] {logging_mixin.py:188} INFO - [2025-07-21T08:18:39.459+0000] {dag.py:3036} INFO - Sync 1 DAGs
[2025-07-21T08:18:39.824+0000] {logging_mixin.py:188} INFO - [2025-07-21T08:18:39.823+0000] {dag.py:3823} INFO - Setting next_dagrun for example_bash_operator to 2025-07-20 00:00:00+00:00, run_after=2025-07-21 00:00:00+00:00
[2025-07-21T08:18:40.105+0000] {processor.py:183} INFO - Processing /home/airflow/.local/lib/python3.8/site-packages/airflow/example_dags/example_bash_operator.py took 3.102 seconds
[2025-07-21T08:19:59.615+0000] {processor.py:161} INFO - Started process (PID=436) to work on /home/airflow/.local/lib/python3.8/site-packages/airflow/example_dags/example_bash_operator.py
[2025-07-21T08:19:59.628+0000] {processor.py:830} INFO - Processing file /home/airflow/.local/lib/python3.8/site-packages/airflow/example_dags/example_bash_operator.py for tasks to queue
[2025-07-21T08:19:59.647+0000] {logging_mixin.py:188} INFO - [2025-07-21T08:19:59.646+0000] {dagbag.py:538} INFO - Filling up the DagBag from /home/airflow/.local/lib/python3.8/site-packages/airflow/example_dags/example_bash_operator.py
[2025-07-21T08:19:59.754+0000] {processor.py:840} INFO - DAG(s) 'example_bash_operator' retrieved from /home/airflow/.local/lib/python3.8/site-packages/airflow/example_dags/example_bash_operator.py
[2025-07-21T08:19:59.943+0000] {logging_mixin.py:188} INFO - [2025-07-21T08:19:59.942+0000] {dag.py:3036} INFO - Sync 1 DAGs
[2025-07-21T08:20:00.242+0000] {logging_mixin.py:188} INFO - [2025-07-21T08:20:00.242+0000] {dag.py:3823} INFO - Setting next_dagrun for example_bash_operator to 2025-07-20 00:00:00+00:00, run_after=2025-07-21 00:00:00+00:00
[2025-07-21T08:20:00.656+0000] {processor.py:183} INFO - Processing /home/airflow/.local/lib/python3.8/site-packages/airflow/example_dags/example_bash_operator.py took 1.064 seconds
[2025-07-21T08:20:52.972+0000] {processor.py:161} INFO - Started process (PID=497) to work on /home/airflow/.local/lib/python3.8/site-packages/airflow/example_dags/example_bash_operator.py
[2025-07-21T08:20:52.986+0000] {processor.py:830} INFO - Processing file /home/airflow/.local/lib/python3.8/site-packages/airflow/example_dags/example_bash_operator.py for tasks to queue
[2025-07-21T08:20:53.003+0000] {logging_mixin.py:188} INFO - [2025-07-21T08:20:53.002+0000] {dagbag.py:538} INFO - Filling up the DagBag from /home/airflow/.local/lib/python3.8/site-packages/airflow/example_dags/example_bash_operator.py
[2025-07-21T08:20:53.134+0000] {processor.py:840} INFO - DAG(s) 'example_bash_operator' retrieved from /home/airflow/.local/lib/python3.8/site-packages/airflow/example_dags/example_bash_operator.py
[2025-07-21T08:20:53.380+0000] {logging_mixin.py:188} INFO - [2025-07-21T08:20:53.379+0000] {dag.py:3036} INFO - Sync 1 DAGs
[2025-07-21T08:20:53.787+0000] {logging_mixin.py:188} INFO - [2025-07-21T08:20:53.775+0000] {dag.py:3823} INFO - Setting next_dagrun for example_bash_operator to 2025-07-20 00:00:00+00:00, run_after=2025-07-21 00:00:00+00:00
[2025-07-21T08:20:54.096+0000] {processor.py:183} INFO - Processing /home/airflow/.local/lib/python3.8/site-packages/airflow/example_dags/example_bash_operator.py took 1.186 seconds
[2025-07-21T08:21:35.505+0000] {processor.py:161} INFO - Started process (PID=549) to work on /home/airflow/.local/lib/python3.8/site-packages/airflow/example_dags/example_bash_operator.py
[2025-07-21T08:21:35.514+0000] {processor.py:830} INFO - Processing file /home/airflow/.local/lib/python3.8/site-packages/airflow/example_dags/example_bash_operator.py for tasks to queue
[2025-07-21T08:21:35.523+0000] {logging_mixin.py:188} INFO - [2025-07-21T08:21:35.523+0000] {dagbag.py:538} INFO - Filling up the DagBag from /home/airflow/.local/lib/python3.8/site-packages/airflow/example_dags/example_bash_operator.py
[2025-07-21T08:21:35.564+0000] {processor.py:840} INFO - DAG(s) 'example_bash_operator' retrieved from /home/airflow/.local/lib/python3.8/site-packages/airflow/example_dags/example_bash_operator.py
[2025-07-21T08:21:35.734+0000] {logging_mixin.py:188} INFO - [2025-07-21T08:21:35.734+0000] {dag.py:3036} INFO - Sync 1 DAGs
[2025-07-21T08:21:35.920+0000] {logging_mixin.py:188} INFO - [2025-07-21T08:21:35.920+0000] {dag.py:3823} INFO - Setting next_dagrun for example_bash_operator to 2025-07-20 00:00:00+00:00, run_after=2025-07-21 00:00:00+00:00
[2025-07-21T08:21:36.100+0000] {processor.py:183} INFO - Processing /home/airflow/.local/lib/python3.8/site-packages/airflow/example_dags/example_bash_operator.py took 0.602 seconds
[2025-07-21T08:22:14.732+0000] {processor.py:161} INFO - Started process (PID=604) to work on /home/airflow/.local/lib/python3.8/site-packages/airflow/example_dags/example_bash_operator.py
[2025-07-21T08:22:14.879+0000] {processor.py:830} INFO - Processing file /home/airflow/.local/lib/python3.8/site-packages/airflow/example_dags/example_bash_operator.py for tasks to queue
[2025-07-21T08:22:14.911+0000] {logging_mixin.py:188} INFO - [2025-07-21T08:22:14.911+0000] {dagbag.py:538} INFO - Filling up the DagBag from /home/airflow/.local/lib/python3.8/site-packages/airflow/example_dags/example_bash_operator.py
[2025-07-21T08:22:14.969+0000] {processor.py:840} INFO - DAG(s) 'example_bash_operator' retrieved from /home/airflow/.local/lib/python3.8/site-packages/airflow/example_dags/example_bash_operator.py
[2025-07-21T08:22:15.284+0000] {logging_mixin.py:188} INFO - [2025-07-21T08:22:15.284+0000] {dag.py:3036} INFO - Sync 1 DAGs
[2025-07-21T08:22:15.441+0000] {logging_mixin.py:188} INFO - [2025-07-21T08:22:15.441+0000] {dag.py:3823} INFO - Setting next_dagrun for example_bash_operator to 2025-07-20 00:00:00+00:00, run_after=2025-07-21 00:00:00+00:00
[2025-07-21T08:22:15.755+0000] {processor.py:183} INFO - Processing /home/airflow/.local/lib/python3.8/site-packages/airflow/example_dags/example_bash_operator.py took 1.050 seconds
[2025-07-21T08:22:47.147+0000] {processor.py:161} INFO - Started process (PID=658) to work on /home/airflow/.local/lib/python3.8/site-packages/airflow/example_dags/example_bash_operator.py
[2025-07-21T08:22:47.160+0000] {processor.py:830} INFO - Processing file /home/airflow/.local/lib/python3.8/site-packages/airflow/example_dags/example_bash_operator.py for tasks to queue
[2025-07-21T08:22:47.178+0000] {logging_mixin.py:188} INFO - [2025-07-21T08:22:47.177+0000] {dagbag.py:538} INFO - Filling up the DagBag from /home/airflow/.local/lib/python3.8/site-packages/airflow/example_dags/example_bash_operator.py
[2025-07-21T08:22:47.365+0000] {processor.py:840} INFO - DAG(s) 'example_bash_operator' retrieved from /home/airflow/.local/lib/python3.8/site-packages/airflow/example_dags/example_bash_operator.py
[2025-07-21T08:22:47.700+0000] {logging_mixin.py:188} INFO - [2025-07-21T08:22:47.663+0000] {dag.py:3036} INFO - Sync 1 DAGs
[2025-07-21T08:22:48.069+0000] {logging_mixin.py:188} INFO - [2025-07-21T08:22:48.068+0000] {dag.py:3823} INFO - Setting next_dagrun for example_bash_operator to 2025-07-20 00:00:00+00:00, run_after=2025-07-21 00:00:00+00:00
[2025-07-21T08:22:48.286+0000] {processor.py:183} INFO - Processing /home/airflow/.local/lib/python3.8/site-packages/airflow/example_dags/example_bash_operator.py took 1.174 seconds
[2025-07-21T08:23:19.414+0000] {processor.py:161} INFO - Started process (PID=713) to work on /home/airflow/.local/lib/python3.8/site-packages/airflow/example_dags/example_bash_operator.py
[2025-07-21T08:23:19.416+0000] {processor.py:830} INFO - Processing file /home/airflow/.local/lib/python3.8/site-packages/airflow/example_dags/example_bash_operator.py for tasks to queue
[2025-07-21T08:23:19.420+0000] {logging_mixin.py:188} INFO - [2025-07-21T08:23:19.419+0000] {dagbag.py:538} INFO - Filling up the DagBag from /home/airflow/.local/lib/python3.8/site-packages/airflow/example_dags/example_bash_operator.py
[2025-07-21T08:23:19.443+0000] {processor.py:840} INFO - DAG(s) 'example_bash_operator' retrieved from /home/airflow/.local/lib/python3.8/site-packages/airflow/example_dags/example_bash_operator.py
[2025-07-21T08:23:19.530+0000] {logging_mixin.py:188} INFO - [2025-07-21T08:23:19.530+0000] {dag.py:3036} INFO - Sync 1 DAGs
[2025-07-21T08:23:19.672+0000] {logging_mixin.py:188} INFO - [2025-07-21T08:23:19.672+0000] {dag.py:3823} INFO - Setting next_dagrun for example_bash_operator to 2025-07-20 00:00:00+00:00, run_after=2025-07-21 00:00:00+00:00
[2025-07-21T08:23:19.750+0000] {processor.py:183} INFO - Processing /home/airflow/.local/lib/python3.8/site-packages/airflow/example_dags/example_bash_operator.py took 0.344 seconds
[2025-07-21T08:23:54.152+0000] {processor.py:161} INFO - Started process (PID=774) to work on /home/airflow/.local/lib/python3.8/site-packages/airflow/example_dags/example_bash_operator.py
[2025-07-21T08:23:54.154+0000] {processor.py:830} INFO - Processing file /home/airflow/.local/lib/python3.8/site-packages/airflow/example_dags/example_bash_operator.py for tasks to queue
[2025-07-21T08:23:54.160+0000] {logging_mixin.py:188} INFO - [2025-07-21T08:23:54.157+0000] {dagbag.py:538} INFO - Filling up the DagBag from /home/airflow/.local/lib/python3.8/site-packages/airflow/example_dags/example_bash_operator.py
[2025-07-21T08:23:54.201+0000] {processor.py:840} INFO - DAG(s) 'example_bash_operator' retrieved from /home/airflow/.local/lib/python3.8/site-packages/airflow/example_dags/example_bash_operator.py
[2025-07-21T08:23:54.316+0000] {logging_mixin.py:188} INFO - [2025-07-21T08:23:54.305+0000] {dag.py:3036} INFO - Sync 1 DAGs
[2025-07-21T08:23:54.494+0000] {logging_mixin.py:188} INFO - [2025-07-21T08:23:54.493+0000] {dag.py:3823} INFO - Setting next_dagrun for example_bash_operator to 2025-07-20 00:00:00+00:00, run_after=2025-07-21 00:00:00+00:00
[2025-07-21T08:23:54.598+0000] {processor.py:183} INFO - Processing /home/airflow/.local/lib/python3.8/site-packages/airflow/example_dags/example_bash_operator.py took 0.453 seconds
[2025-07-21T08:24:31.815+0000] {processor.py:161} INFO - Started process (PID=819) to work on /home/airflow/.local/lib/python3.8/site-packages/airflow/example_dags/example_bash_operator.py
[2025-07-21T08:24:31.820+0000] {processor.py:830} INFO - Processing file /home/airflow/.local/lib/python3.8/site-packages/airflow/example_dags/example_bash_operator.py for tasks to queue
[2025-07-21T08:24:31.833+0000] {logging_mixin.py:188} INFO - [2025-07-21T08:24:31.832+0000] {dagbag.py:538} INFO - Filling up the DagBag from /home/airflow/.local/lib/python3.8/site-packages/airflow/example_dags/example_bash_operator.py
[2025-07-21T08:24:31.878+0000] {processor.py:840} INFO - DAG(s) 'example_bash_operator' retrieved from /home/airflow/.local/lib/python3.8/site-packages/airflow/example_dags/example_bash_operator.py
[2025-07-21T08:24:31.938+0000] {logging_mixin.py:188} INFO - [2025-07-21T08:24:31.938+0000] {dag.py:3036} INFO - Sync 1 DAGs
[2025-07-21T08:24:32.000+0000] {logging_mixin.py:188} INFO - [2025-07-21T08:24:32.000+0000] {dag.py:3823} INFO - Setting next_dagrun for example_bash_operator to 2025-07-20 00:00:00+00:00, run_after=2025-07-21 00:00:00+00:00
[2025-07-21T08:24:32.197+0000] {processor.py:183} INFO - Processing /home/airflow/.local/lib/python3.8/site-packages/airflow/example_dags/example_bash_operator.py took 0.395 seconds
[2025-07-21T08:25:04.278+0000] {processor.py:161} INFO - Started process (PID=874) to work on /home/airflow/.local/lib/python3.8/site-packages/airflow/example_dags/example_bash_operator.py
[2025-07-21T08:25:04.292+0000] {processor.py:830} INFO - Processing file /home/airflow/.local/lib/python3.8/site-packages/airflow/example_dags/example_bash_operator.py for tasks to queue
[2025-07-21T08:25:04.297+0000] {logging_mixin.py:188} INFO - [2025-07-21T08:25:04.296+0000] {dagbag.py:538} INFO - Filling up the DagBag from /home/airflow/.local/lib/python3.8/site-packages/airflow/example_dags/example_bash_operator.py
[2025-07-21T08:25:04.372+0000] {processor.py:840} INFO - DAG(s) 'example_bash_operator' retrieved from /home/airflow/.local/lib/python3.8/site-packages/airflow/example_dags/example_bash_operator.py
[2025-07-21T08:25:04.745+0000] {logging_mixin.py:188} INFO - [2025-07-21T08:25:04.744+0000] {dag.py:3036} INFO - Sync 1 DAGs
[2025-07-21T08:25:04.860+0000] {logging_mixin.py:188} INFO - [2025-07-21T08:25:04.859+0000] {dag.py:3823} INFO - Setting next_dagrun for example_bash_operator to 2025-07-20 00:00:00+00:00, run_after=2025-07-21 00:00:00+00:00
[2025-07-21T08:25:04.945+0000] {processor.py:183} INFO - Processing /home/airflow/.local/lib/python3.8/site-packages/airflow/example_dags/example_bash_operator.py took 0.695 seconds
[2025-07-21T08:25:36.823+0000] {processor.py:161} INFO - Started process (PID=930) to work on /home/airflow/.local/lib/python3.8/site-packages/airflow/example_dags/example_bash_operator.py
[2025-07-21T08:25:36.920+0000] {processor.py:830} INFO - Processing file /home/airflow/.local/lib/python3.8/site-packages/airflow/example_dags/example_bash_operator.py for tasks to queue
[2025-07-21T08:25:37.026+0000] {logging_mixin.py:188} INFO - [2025-07-21T08:25:37.025+0000] {dagbag.py:538} INFO - Filling up the DagBag from /home/airflow/.local/lib/python3.8/site-packages/airflow/example_dags/example_bash_operator.py
[2025-07-21T08:25:37.193+0000] {processor.py:840} INFO - DAG(s) 'example_bash_operator' retrieved from /home/airflow/.local/lib/python3.8/site-packages/airflow/example_dags/example_bash_operator.py
[2025-07-21T08:25:37.493+0000] {logging_mixin.py:188} INFO - [2025-07-21T08:25:37.493+0000] {dag.py:3036} INFO - Sync 1 DAGs
[2025-07-21T08:25:37.623+0000] {logging_mixin.py:188} INFO - [2025-07-21T08:25:37.622+0000] {dag.py:3823} INFO - Setting next_dagrun for example_bash_operator to 2025-07-20 00:00:00+00:00, run_after=2025-07-21 00:00:00+00:00
[2025-07-21T08:25:37.710+0000] {processor.py:183} INFO - Processing /home/airflow/.local/lib/python3.8/site-packages/airflow/example_dags/example_bash_operator.py took 0.944 seconds
[2025-07-21T08:26:07.833+0000] {processor.py:161} INFO - Started process (PID=985) to work on /home/airflow/.local/lib/python3.8/site-packages/airflow/example_dags/example_bash_operator.py
[2025-07-21T08:26:07.837+0000] {processor.py:830} INFO - Processing file /home/airflow/.local/lib/python3.8/site-packages/airflow/example_dags/example_bash_operator.py for tasks to queue
[2025-07-21T08:26:07.851+0000] {logging_mixin.py:188} INFO - [2025-07-21T08:26:07.846+0000] {dagbag.py:538} INFO - Filling up the DagBag from /home/airflow/.local/lib/python3.8/site-packages/airflow/example_dags/example_bash_operator.py
[2025-07-21T08:26:07.906+0000] {processor.py:840} INFO - DAG(s) 'example_bash_operator' retrieved from /home/airflow/.local/lib/python3.8/site-packages/airflow/example_dags/example_bash_operator.py
[2025-07-21T08:26:08.012+0000] {logging_mixin.py:188} INFO - [2025-07-21T08:26:08.011+0000] {dag.py:3036} INFO - Sync 1 DAGs
[2025-07-21T08:26:08.203+0000] {logging_mixin.py:188} INFO - [2025-07-21T08:26:08.156+0000] {dag.py:3823} INFO - Setting next_dagrun for example_bash_operator to 2025-07-20 00:00:00+00:00, run_after=2025-07-21 00:00:00+00:00
[2025-07-21T08:26:08.358+0000] {processor.py:183} INFO - Processing /home/airflow/.local/lib/python3.8/site-packages/airflow/example_dags/example_bash_operator.py took 0.533 seconds
[2025-07-21T08:26:43.209+0000] {processor.py:161} INFO - Started process (PID=1041) to work on /home/airflow/.local/lib/python3.8/site-packages/airflow/example_dags/example_bash_operator.py
[2025-07-21T08:26:43.223+0000] {processor.py:830} INFO - Processing file /home/airflow/.local/lib/python3.8/site-packages/airflow/example_dags/example_bash_operator.py for tasks to queue
[2025-07-21T08:26:43.281+0000] {logging_mixin.py:188} INFO - [2025-07-21T08:26:43.280+0000] {dagbag.py:538} INFO - Filling up the DagBag from /home/airflow/.local/lib/python3.8/site-packages/airflow/example_dags/example_bash_operator.py
[2025-07-21T08:26:43.397+0000] {processor.py:840} INFO - DAG(s) 'example_bash_operator' retrieved from /home/airflow/.local/lib/python3.8/site-packages/airflow/example_dags/example_bash_operator.py
[2025-07-21T08:26:43.564+0000] {logging_mixin.py:188} INFO - [2025-07-21T08:26:43.564+0000] {dag.py:3036} INFO - Sync 1 DAGs
[2025-07-21T08:26:43.700+0000] {logging_mixin.py:188} INFO - [2025-07-21T08:26:43.699+0000] {dag.py:3823} INFO - Setting next_dagrun for example_bash_operator to 2025-07-20 00:00:00+00:00, run_after=2025-07-21 00:00:00+00:00
[2025-07-21T08:26:43.861+0000] {processor.py:183} INFO - Processing /home/airflow/.local/lib/python3.8/site-packages/airflow/example_dags/example_bash_operator.py took 0.691 seconds
[2025-07-21T08:27:14.793+0000] {processor.py:161} INFO - Started process (PID=1095) to work on /home/airflow/.local/lib/python3.8/site-packages/airflow/example_dags/example_bash_operator.py
[2025-07-21T08:27:14.799+0000] {processor.py:830} INFO - Processing file /home/airflow/.local/lib/python3.8/site-packages/airflow/example_dags/example_bash_operator.py for tasks to queue
[2025-07-21T08:27:14.809+0000] {logging_mixin.py:188} INFO - [2025-07-21T08:27:14.808+0000] {dagbag.py:538} INFO - Filling up the DagBag from /home/airflow/.local/lib/python3.8/site-packages/airflow/example_dags/example_bash_operator.py
[2025-07-21T08:27:14.866+0000] {processor.py:840} INFO - DAG(s) 'example_bash_operator' retrieved from /home/airflow/.local/lib/python3.8/site-packages/airflow/example_dags/example_bash_operator.py
[2025-07-21T08:27:15.096+0000] {logging_mixin.py:188} INFO - [2025-07-21T08:27:15.096+0000] {dag.py:3036} INFO - Sync 1 DAGs
[2025-07-21T08:27:15.559+0000] {logging_mixin.py:188} INFO - [2025-07-21T08:27:15.559+0000] {dag.py:3823} INFO - Setting next_dagrun for example_bash_operator to 2025-07-20 00:00:00+00:00, run_after=2025-07-21 00:00:00+00:00
[2025-07-21T08:27:15.633+0000] {processor.py:183} INFO - Processing /home/airflow/.local/lib/python3.8/site-packages/airflow/example_dags/example_bash_operator.py took 0.866 seconds
[2025-07-21T08:27:46.401+0000] {processor.py:161} INFO - Started process (PID=1150) to work on /home/airflow/.local/lib/python3.8/site-packages/airflow/example_dags/example_bash_operator.py
[2025-07-21T08:27:46.418+0000] {processor.py:830} INFO - Processing file /home/airflow/.local/lib/python3.8/site-packages/airflow/example_dags/example_bash_operator.py for tasks to queue
[2025-07-21T08:27:46.433+0000] {logging_mixin.py:188} INFO - [2025-07-21T08:27:46.432+0000] {dagbag.py:538} INFO - Filling up the DagBag from /home/airflow/.local/lib/python3.8/site-packages/airflow/example_dags/example_bash_operator.py
[2025-07-21T08:27:46.619+0000] {processor.py:840} INFO - DAG(s) 'example_bash_operator' retrieved from /home/airflow/.local/lib/python3.8/site-packages/airflow/example_dags/example_bash_operator.py
[2025-07-21T08:27:47.222+0000] {logging_mixin.py:188} INFO - [2025-07-21T08:27:47.222+0000] {dag.py:3036} INFO - Sync 1 DAGs
[2025-07-21T08:27:47.345+0000] {logging_mixin.py:188} INFO - [2025-07-21T08:27:47.344+0000] {dag.py:3823} INFO - Setting next_dagrun for example_bash_operator to 2025-07-20 00:00:00+00:00, run_after=2025-07-21 00:00:00+00:00
[2025-07-21T08:27:47.446+0000] {processor.py:183} INFO - Processing /home/airflow/.local/lib/python3.8/site-packages/airflow/example_dags/example_bash_operator.py took 1.072 seconds
[2025-07-21T08:28:17.805+0000] {processor.py:161} INFO - Started process (PID=1205) to work on /home/airflow/.local/lib/python3.8/site-packages/airflow/example_dags/example_bash_operator.py
[2025-07-21T08:28:17.807+0000] {processor.py:830} INFO - Processing file /home/airflow/.local/lib/python3.8/site-packages/airflow/example_dags/example_bash_operator.py for tasks to queue
[2025-07-21T08:28:17.822+0000] {logging_mixin.py:188} INFO - [2025-07-21T08:28:17.821+0000] {dagbag.py:538} INFO - Filling up the DagBag from /home/airflow/.local/lib/python3.8/site-packages/airflow/example_dags/example_bash_operator.py
[2025-07-21T08:28:17.905+0000] {processor.py:840} INFO - DAG(s) 'example_bash_operator' retrieved from /home/airflow/.local/lib/python3.8/site-packages/airflow/example_dags/example_bash_operator.py
[2025-07-21T08:28:18.070+0000] {logging_mixin.py:188} INFO - [2025-07-21T08:28:18.070+0000] {dag.py:3036} INFO - Sync 1 DAGs
[2025-07-21T08:28:18.230+0000] {logging_mixin.py:188} INFO - [2025-07-21T08:28:18.230+0000] {dag.py:3823} INFO - Setting next_dagrun for example_bash_operator to 2025-07-20 00:00:00+00:00, run_after=2025-07-21 00:00:00+00:00
[2025-07-21T08:28:18.296+0000] {processor.py:183} INFO - Processing /home/airflow/.local/lib/python3.8/site-packages/airflow/example_dags/example_bash_operator.py took 0.591 seconds
[2025-07-21T08:28:49.142+0000] {processor.py:161} INFO - Started process (PID=1260) to work on /home/airflow/.local/lib/python3.8/site-packages/airflow/example_dags/example_bash_operator.py
[2025-07-21T08:28:49.144+0000] {processor.py:830} INFO - Processing file /home/airflow/.local/lib/python3.8/site-packages/airflow/example_dags/example_bash_operator.py for tasks to queue
[2025-07-21T08:28:49.148+0000] {logging_mixin.py:188} INFO - [2025-07-21T08:28:49.147+0000] {dagbag.py:538} INFO - Filling up the DagBag from /home/airflow/.local/lib/python3.8/site-packages/airflow/example_dags/example_bash_operator.py
[2025-07-21T08:28:49.174+0000] {processor.py:840} INFO - DAG(s) 'example_bash_operator' retrieved from /home/airflow/.local/lib/python3.8/site-packages/airflow/example_dags/example_bash_operator.py
[2025-07-21T08:28:49.293+0000] {logging_mixin.py:188} INFO - [2025-07-21T08:28:49.281+0000] {dag.py:3036} INFO - Sync 1 DAGs
[2025-07-21T08:28:49.383+0000] {logging_mixin.py:188} INFO - [2025-07-21T08:28:49.382+0000] {dag.py:3823} INFO - Setting next_dagrun for example_bash_operator to 2025-07-20 00:00:00+00:00, run_after=2025-07-21 00:00:00+00:00
[2025-07-21T08:28:49.528+0000] {processor.py:183} INFO - Processing /home/airflow/.local/lib/python3.8/site-packages/airflow/example_dags/example_bash_operator.py took 0.396 seconds
[2025-07-21T08:29:20.556+0000] {processor.py:161} INFO - Started process (PID=1315) to work on /home/airflow/.local/lib/python3.8/site-packages/airflow/example_dags/example_bash_operator.py
[2025-07-21T08:29:20.571+0000] {processor.py:830} INFO - Processing file /home/airflow/.local/lib/python3.8/site-packages/airflow/example_dags/example_bash_operator.py for tasks to queue
[2025-07-21T08:29:20.582+0000] {logging_mixin.py:188} INFO - [2025-07-21T08:29:20.581+0000] {dagbag.py:538} INFO - Filling up the DagBag from /home/airflow/.local/lib/python3.8/site-packages/airflow/example_dags/example_bash_operator.py
[2025-07-21T08:29:20.687+0000] {processor.py:840} INFO - DAG(s) 'example_bash_operator' retrieved from /home/airflow/.local/lib/python3.8/site-packages/airflow/example_dags/example_bash_operator.py
[2025-07-21T08:29:21.029+0000] {logging_mixin.py:188} INFO - [2025-07-21T08:29:21.029+0000] {dag.py:3036} INFO - Sync 1 DAGs
[2025-07-21T08:29:21.375+0000] {logging_mixin.py:188} INFO - [2025-07-21T08:29:21.359+0000] {dag.py:3823} INFO - Setting next_dagrun for example_bash_operator to 2025-07-20 00:00:00+00:00, run_after=2025-07-21 00:00:00+00:00
[2025-07-21T08:29:21.653+0000] {processor.py:183} INFO - Processing /home/airflow/.local/lib/python3.8/site-packages/airflow/example_dags/example_bash_operator.py took 1.108 seconds
[2025-07-21T08:29:52.180+0000] {processor.py:161} INFO - Started process (PID=1371) to work on /home/airflow/.local/lib/python3.8/site-packages/airflow/example_dags/example_bash_operator.py
[2025-07-21T08:29:52.184+0000] {processor.py:830} INFO - Processing file /home/airflow/.local/lib/python3.8/site-packages/airflow/example_dags/example_bash_operator.py for tasks to queue
[2025-07-21T08:29:52.191+0000] {logging_mixin.py:188} INFO - [2025-07-21T08:29:52.190+0000] {dagbag.py:538} INFO - Filling up the DagBag from /home/airflow/.local/lib/python3.8/site-packages/airflow/example_dags/example_bash_operator.py
[2025-07-21T08:29:52.230+0000] {processor.py:840} INFO - DAG(s) 'example_bash_operator' retrieved from /home/airflow/.local/lib/python3.8/site-packages/airflow/example_dags/example_bash_operator.py
[2025-07-21T08:29:52.355+0000] {logging_mixin.py:188} INFO - [2025-07-21T08:29:52.354+0000] {dag.py:3036} INFO - Sync 1 DAGs
[2025-07-21T08:29:52.442+0000] {logging_mixin.py:188} INFO - [2025-07-21T08:29:52.442+0000] {dag.py:3823} INFO - Setting next_dagrun for example_bash_operator to 2025-07-20 00:00:00+00:00, run_after=2025-07-21 00:00:00+00:00
[2025-07-21T08:29:52.493+0000] {processor.py:183} INFO - Processing /home/airflow/.local/lib/python3.8/site-packages/airflow/example_dags/example_bash_operator.py took 0.327 seconds
[2025-07-21T08:30:22.656+0000] {processor.py:161} INFO - Started process (PID=1426) to work on /home/airflow/.local/lib/python3.8/site-packages/airflow/example_dags/example_bash_operator.py
[2025-07-21T08:30:22.660+0000] {processor.py:830} INFO - Processing file /home/airflow/.local/lib/python3.8/site-packages/airflow/example_dags/example_bash_operator.py for tasks to queue
[2025-07-21T08:30:22.665+0000] {logging_mixin.py:188} INFO - [2025-07-21T08:30:22.665+0000] {dagbag.py:538} INFO - Filling up the DagBag from /home/airflow/.local/lib/python3.8/site-packages/airflow/example_dags/example_bash_operator.py
[2025-07-21T08:30:22.700+0000] {processor.py:840} INFO - DAG(s) 'example_bash_operator' retrieved from /home/airflow/.local/lib/python3.8/site-packages/airflow/example_dags/example_bash_operator.py
[2025-07-21T08:30:22.806+0000] {logging_mixin.py:188} INFO - [2025-07-21T08:30:22.805+0000] {dag.py:3036} INFO - Sync 1 DAGs
[2025-07-21T08:30:22.889+0000] {logging_mixin.py:188} INFO - [2025-07-21T08:30:22.888+0000] {dag.py:3823} INFO - Setting next_dagrun for example_bash_operator to 2025-07-20 00:00:00+00:00, run_after=2025-07-21 00:00:00+00:00
[2025-07-21T08:30:22.945+0000] {processor.py:183} INFO - Processing /home/airflow/.local/lib/python3.8/site-packages/airflow/example_dags/example_bash_operator.py took 0.301 seconds
[2025-07-21T08:30:56.759+0000] {processor.py:161} INFO - Started process (PID=1487) to work on /home/airflow/.local/lib/python3.8/site-packages/airflow/example_dags/example_bash_operator.py
[2025-07-21T08:30:56.761+0000] {processor.py:830} INFO - Processing file /home/airflow/.local/lib/python3.8/site-packages/airflow/example_dags/example_bash_operator.py for tasks to queue
[2025-07-21T08:30:56.780+0000] {logging_mixin.py:188} INFO - [2025-07-21T08:30:56.780+0000] {dagbag.py:538} INFO - Filling up the DagBag from /home/airflow/.local/lib/python3.8/site-packages/airflow/example_dags/example_bash_operator.py
[2025-07-21T08:30:56.851+0000] {processor.py:840} INFO - DAG(s) 'example_bash_operator' retrieved from /home/airflow/.local/lib/python3.8/site-packages/airflow/example_dags/example_bash_operator.py
[2025-07-21T08:30:57.222+0000] {logging_mixin.py:188} INFO - [2025-07-21T08:30:57.222+0000] {dag.py:3036} INFO - Sync 1 DAGs
[2025-07-21T08:30:57.361+0000] {logging_mixin.py:188} INFO - [2025-07-21T08:30:57.361+0000] {dag.py:3823} INFO - Setting next_dagrun for example_bash_operator to 2025-07-20 00:00:00+00:00, run_after=2025-07-21 00:00:00+00:00
[2025-07-21T08:30:57.719+0000] {processor.py:183} INFO - Processing /home/airflow/.local/lib/python3.8/site-packages/airflow/example_dags/example_bash_operator.py took 0.967 seconds
[2025-07-21T08:31:27.966+0000] {processor.py:161} INFO - Started process (PID=1542) to work on /home/airflow/.local/lib/python3.8/site-packages/airflow/example_dags/example_bash_operator.py
[2025-07-21T08:31:27.968+0000] {processor.py:830} INFO - Processing file /home/airflow/.local/lib/python3.8/site-packages/airflow/example_dags/example_bash_operator.py for tasks to queue
[2025-07-21T08:31:27.979+0000] {logging_mixin.py:188} INFO - [2025-07-21T08:31:27.978+0000] {dagbag.py:538} INFO - Filling up the DagBag from /home/airflow/.local/lib/python3.8/site-packages/airflow/example_dags/example_bash_operator.py
[2025-07-21T08:31:28.001+0000] {processor.py:840} INFO - DAG(s) 'example_bash_operator' retrieved from /home/airflow/.local/lib/python3.8/site-packages/airflow/example_dags/example_bash_operator.py
[2025-07-21T08:31:28.106+0000] {logging_mixin.py:188} INFO - [2025-07-21T08:31:28.106+0000] {dag.py:3036} INFO - Sync 1 DAGs
[2025-07-21T08:31:28.156+0000] {logging_mixin.py:188} INFO - [2025-07-21T08:31:28.155+0000] {dag.py:3823} INFO - Setting next_dagrun for example_bash_operator to 2025-07-20 00:00:00+00:00, run_after=2025-07-21 00:00:00+00:00
[2025-07-21T08:31:28.196+0000] {processor.py:183} INFO - Processing /home/airflow/.local/lib/python3.8/site-packages/airflow/example_dags/example_bash_operator.py took 0.237 seconds
[2025-07-21T08:31:59.728+0000] {processor.py:161} INFO - Started process (PID=1597) to work on /home/airflow/.local/lib/python3.8/site-packages/airflow/example_dags/example_bash_operator.py
[2025-07-21T08:31:59.736+0000] {processor.py:830} INFO - Processing file /home/airflow/.local/lib/python3.8/site-packages/airflow/example_dags/example_bash_operator.py for tasks to queue
[2025-07-21T08:31:59.755+0000] {logging_mixin.py:188} INFO - [2025-07-21T08:31:59.754+0000] {dagbag.py:538} INFO - Filling up the DagBag from /home/airflow/.local/lib/python3.8/site-packages/airflow/example_dags/example_bash_operator.py
[2025-07-21T08:31:59.869+0000] {processor.py:840} INFO - DAG(s) 'example_bash_operator' retrieved from /home/airflow/.local/lib/python3.8/site-packages/airflow/example_dags/example_bash_operator.py
[2025-07-21T08:32:00.062+0000] {logging_mixin.py:188} INFO - [2025-07-21T08:32:00.061+0000] {dag.py:3036} INFO - Sync 1 DAGs
[2025-07-21T08:32:00.187+0000] {logging_mixin.py:188} INFO - [2025-07-21T08:32:00.177+0000] {dag.py:3823} INFO - Setting next_dagrun for example_bash_operator to 2025-07-20 00:00:00+00:00, run_after=2025-07-21 00:00:00+00:00
[2025-07-21T08:32:00.335+0000] {processor.py:183} INFO - Processing /home/airflow/.local/lib/python3.8/site-packages/airflow/example_dags/example_bash_operator.py took 0.655 seconds
[2025-07-21T08:32:30.972+0000] {processor.py:161} INFO - Started process (PID=1652) to work on /home/airflow/.local/lib/python3.8/site-packages/airflow/example_dags/example_bash_operator.py
[2025-07-21T08:32:31.001+0000] {processor.py:830} INFO - Processing file /home/airflow/.local/lib/python3.8/site-packages/airflow/example_dags/example_bash_operator.py for tasks to queue
[2025-07-21T08:32:31.007+0000] {logging_mixin.py:188} INFO - [2025-07-21T08:32:31.007+0000] {dagbag.py:538} INFO - Filling up the DagBag from /home/airflow/.local/lib/python3.8/site-packages/airflow/example_dags/example_bash_operator.py
[2025-07-21T08:32:31.084+0000] {processor.py:840} INFO - DAG(s) 'example_bash_operator' retrieved from /home/airflow/.local/lib/python3.8/site-packages/airflow/example_dags/example_bash_operator.py
[2025-07-21T08:32:31.279+0000] {logging_mixin.py:188} INFO - [2025-07-21T08:32:31.279+0000] {dag.py:3036} INFO - Sync 1 DAGs
[2025-07-21T08:32:31.399+0000] {logging_mixin.py:188} INFO - [2025-07-21T08:32:31.399+0000] {dag.py:3823} INFO - Setting next_dagrun for example_bash_operator to 2025-07-20 00:00:00+00:00, run_after=2025-07-21 00:00:00+00:00
[2025-07-21T08:32:31.491+0000] {processor.py:183} INFO - Processing /home/airflow/.local/lib/python3.8/site-packages/airflow/example_dags/example_bash_operator.py took 0.536 seconds
[2025-07-21T08:33:02.398+0000] {processor.py:161} INFO - Started process (PID=1707) to work on /home/airflow/.local/lib/python3.8/site-packages/airflow/example_dags/example_bash_operator.py
[2025-07-21T08:33:02.417+0000] {processor.py:830} INFO - Processing file /home/airflow/.local/lib/python3.8/site-packages/airflow/example_dags/example_bash_operator.py for tasks to queue
[2025-07-21T08:33:02.436+0000] {logging_mixin.py:188} INFO - [2025-07-21T08:33:02.436+0000] {dagbag.py:538} INFO - Filling up the DagBag from /home/airflow/.local/lib/python3.8/site-packages/airflow/example_dags/example_bash_operator.py
[2025-07-21T08:33:02.576+0000] {processor.py:840} INFO - DAG(s) 'example_bash_operator' retrieved from /home/airflow/.local/lib/python3.8/site-packages/airflow/example_dags/example_bash_operator.py
[2025-07-21T08:33:02.933+0000] {logging_mixin.py:188} INFO - [2025-07-21T08:33:02.932+0000] {dag.py:3036} INFO - Sync 1 DAGs
[2025-07-21T08:33:03.342+0000] {logging_mixin.py:188} INFO - [2025-07-21T08:33:03.342+0000] {dag.py:3823} INFO - Setting next_dagrun for example_bash_operator to 2025-07-20 00:00:00+00:00, run_after=2025-07-21 00:00:00+00:00
[2025-07-21T08:33:03.444+0000] {processor.py:183} INFO - Processing /home/airflow/.local/lib/python3.8/site-packages/airflow/example_dags/example_bash_operator.py took 1.140 seconds
[2025-07-21T08:33:34.028+0000] {processor.py:161} INFO - Started process (PID=1762) to work on /home/airflow/.local/lib/python3.8/site-packages/airflow/example_dags/example_bash_operator.py
[2025-07-21T08:33:34.031+0000] {processor.py:830} INFO - Processing file /home/airflow/.local/lib/python3.8/site-packages/airflow/example_dags/example_bash_operator.py for tasks to queue
[2025-07-21T08:33:34.038+0000] {logging_mixin.py:188} INFO - [2025-07-21T08:33:34.037+0000] {dagbag.py:538} INFO - Filling up the DagBag from /home/airflow/.local/lib/python3.8/site-packages/airflow/example_dags/example_bash_operator.py
[2025-07-21T08:33:34.095+0000] {processor.py:840} INFO - DAG(s) 'example_bash_operator' retrieved from /home/airflow/.local/lib/python3.8/site-packages/airflow/example_dags/example_bash_operator.py
[2025-07-21T08:33:34.180+0000] {logging_mixin.py:188} INFO - [2025-07-21T08:33:34.179+0000] {dag.py:3036} INFO - Sync 1 DAGs
[2025-07-21T08:33:34.252+0000] {logging_mixin.py:188} INFO - [2025-07-21T08:33:34.252+0000] {dag.py:3823} INFO - Setting next_dagrun for example_bash_operator to 2025-07-20 00:00:00+00:00, run_after=2025-07-21 00:00:00+00:00
[2025-07-21T08:33:34.306+0000] {processor.py:183} INFO - Processing /home/airflow/.local/lib/python3.8/site-packages/airflow/example_dags/example_bash_operator.py took 0.303 seconds
[2025-07-21T08:34:04.670+0000] {processor.py:161} INFO - Started process (PID=1817) to work on /home/airflow/.local/lib/python3.8/site-packages/airflow/example_dags/example_bash_operator.py
[2025-07-21T08:34:04.682+0000] {processor.py:830} INFO - Processing file /home/airflow/.local/lib/python3.8/site-packages/airflow/example_dags/example_bash_operator.py for tasks to queue
[2025-07-21T08:34:04.697+0000] {logging_mixin.py:188} INFO - [2025-07-21T08:34:04.697+0000] {dagbag.py:538} INFO - Filling up the DagBag from /home/airflow/.local/lib/python3.8/site-packages/airflow/example_dags/example_bash_operator.py
[2025-07-21T08:34:04.774+0000] {processor.py:840} INFO - DAG(s) 'example_bash_operator' retrieved from /home/airflow/.local/lib/python3.8/site-packages/airflow/example_dags/example_bash_operator.py
[2025-07-21T08:34:04.940+0000] {logging_mixin.py:188} INFO - [2025-07-21T08:34:04.940+0000] {dag.py:3036} INFO - Sync 1 DAGs
[2025-07-21T08:34:05.161+0000] {logging_mixin.py:188} INFO - [2025-07-21T08:34:05.161+0000] {dag.py:3823} INFO - Setting next_dagrun for example_bash_operator to 2025-07-20 00:00:00+00:00, run_after=2025-07-21 00:00:00+00:00
[2025-07-21T08:34:05.248+0000] {processor.py:183} INFO - Processing /home/airflow/.local/lib/python3.8/site-packages/airflow/example_dags/example_bash_operator.py took 0.586 seconds
[2025-07-21T08:34:38.777+0000] {processor.py:161} INFO - Started process (PID=1871) to work on /home/airflow/.local/lib/python3.8/site-packages/airflow/example_dags/example_bash_operator.py
[2025-07-21T08:34:38.799+0000] {processor.py:830} INFO - Processing file /home/airflow/.local/lib/python3.8/site-packages/airflow/example_dags/example_bash_operator.py for tasks to queue
[2025-07-21T08:34:38.810+0000] {logging_mixin.py:188} INFO - [2025-07-21T08:34:38.809+0000] {dagbag.py:538} INFO - Filling up the DagBag from /home/airflow/.local/lib/python3.8/site-packages/airflow/example_dags/example_bash_operator.py
[2025-07-21T08:34:38.894+0000] {processor.py:840} INFO - DAG(s) 'example_bash_operator' retrieved from /home/airflow/.local/lib/python3.8/site-packages/airflow/example_dags/example_bash_operator.py
[2025-07-21T08:34:39.099+0000] {logging_mixin.py:188} INFO - [2025-07-21T08:34:39.099+0000] {dag.py:3036} INFO - Sync 1 DAGs
[2025-07-21T08:34:39.292+0000] {logging_mixin.py:188} INFO - [2025-07-21T08:34:39.291+0000] {dag.py:3823} INFO - Setting next_dagrun for example_bash_operator to 2025-07-20 00:00:00+00:00, run_after=2025-07-21 00:00:00+00:00
[2025-07-21T08:34:39.457+0000] {processor.py:183} INFO - Processing /home/airflow/.local/lib/python3.8/site-packages/airflow/example_dags/example_bash_operator.py took 0.688 seconds
[2025-07-21T08:35:09.757+0000] {processor.py:161} INFO - Started process (PID=1925) to work on /home/airflow/.local/lib/python3.8/site-packages/airflow/example_dags/example_bash_operator.py
[2025-07-21T08:35:09.764+0000] {processor.py:830} INFO - Processing file /home/airflow/.local/lib/python3.8/site-packages/airflow/example_dags/example_bash_operator.py for tasks to queue
[2025-07-21T08:35:09.769+0000] {logging_mixin.py:188} INFO - [2025-07-21T08:35:09.768+0000] {dagbag.py:538} INFO - Filling up the DagBag from /home/airflow/.local/lib/python3.8/site-packages/airflow/example_dags/example_bash_operator.py
[2025-07-21T08:35:09.802+0000] {processor.py:840} INFO - DAG(s) 'example_bash_operator' retrieved from /home/airflow/.local/lib/python3.8/site-packages/airflow/example_dags/example_bash_operator.py
[2025-07-21T08:35:09.915+0000] {logging_mixin.py:188} INFO - [2025-07-21T08:35:09.914+0000] {dag.py:3036} INFO - Sync 1 DAGs
[2025-07-21T08:35:10.055+0000] {logging_mixin.py:188} INFO - [2025-07-21T08:35:10.054+0000] {dag.py:3823} INFO - Setting next_dagrun for example_bash_operator to 2025-07-20 00:00:00+00:00, run_after=2025-07-21 00:00:00+00:00
[2025-07-21T08:35:10.198+0000] {processor.py:183} INFO - Processing /home/airflow/.local/lib/python3.8/site-packages/airflow/example_dags/example_bash_operator.py took 0.452 seconds
[2025-07-21T08:35:40.905+0000] {processor.py:161} INFO - Started process (PID=1980) to work on /home/airflow/.local/lib/python3.8/site-packages/airflow/example_dags/example_bash_operator.py
[2025-07-21T08:35:40.910+0000] {processor.py:830} INFO - Processing file /home/airflow/.local/lib/python3.8/site-packages/airflow/example_dags/example_bash_operator.py for tasks to queue
[2025-07-21T08:35:40.919+0000] {logging_mixin.py:188} INFO - [2025-07-21T08:35:40.919+0000] {dagbag.py:538} INFO - Filling up the DagBag from /home/airflow/.local/lib/python3.8/site-packages/airflow/example_dags/example_bash_operator.py
[2025-07-21T08:35:40.974+0000] {processor.py:840} INFO - DAG(s) 'example_bash_operator' retrieved from /home/airflow/.local/lib/python3.8/site-packages/airflow/example_dags/example_bash_operator.py
[2025-07-21T08:35:41.123+0000] {logging_mixin.py:188} INFO - [2025-07-21T08:35:41.123+0000] {dag.py:3036} INFO - Sync 1 DAGs
[2025-07-21T08:35:41.170+0000] {logging_mixin.py:188} INFO - [2025-07-21T08:35:41.170+0000] {dag.py:3823} INFO - Setting next_dagrun for example_bash_operator to 2025-07-20 00:00:00+00:00, run_after=2025-07-21 00:00:00+00:00
[2025-07-21T08:35:41.203+0000] {processor.py:183} INFO - Processing /home/airflow/.local/lib/python3.8/site-packages/airflow/example_dags/example_bash_operator.py took 0.312 seconds
[2025-07-21T08:36:12.053+0000] {processor.py:161} INFO - Started process (PID=2035) to work on /home/airflow/.local/lib/python3.8/site-packages/airflow/example_dags/example_bash_operator.py
[2025-07-21T08:36:12.056+0000] {processor.py:830} INFO - Processing file /home/airflow/.local/lib/python3.8/site-packages/airflow/example_dags/example_bash_operator.py for tasks to queue
[2025-07-21T08:36:12.061+0000] {logging_mixin.py:188} INFO - [2025-07-21T08:36:12.061+0000] {dagbag.py:538} INFO - Filling up the DagBag from /home/airflow/.local/lib/python3.8/site-packages/airflow/example_dags/example_bash_operator.py
[2025-07-21T08:36:12.092+0000] {processor.py:840} INFO - DAG(s) 'example_bash_operator' retrieved from /home/airflow/.local/lib/python3.8/site-packages/airflow/example_dags/example_bash_operator.py
[2025-07-21T08:36:12.171+0000] {logging_mixin.py:188} INFO - [2025-07-21T08:36:12.171+0000] {dag.py:3036} INFO - Sync 1 DAGs
[2025-07-21T08:36:12.230+0000] {logging_mixin.py:188} INFO - [2025-07-21T08:36:12.229+0000] {dag.py:3823} INFO - Setting next_dagrun for example_bash_operator to 2025-07-20 00:00:00+00:00, run_after=2025-07-21 00:00:00+00:00
[2025-07-21T08:36:12.295+0000] {processor.py:183} INFO - Processing /home/airflow/.local/lib/python3.8/site-packages/airflow/example_dags/example_bash_operator.py took 0.251 seconds
[2025-07-21T08:36:44.089+0000] {processor.py:161} INFO - Started process (PID=2089) to work on /home/airflow/.local/lib/python3.8/site-packages/airflow/example_dags/example_bash_operator.py
[2025-07-21T08:36:44.104+0000] {processor.py:830} INFO - Processing file /home/airflow/.local/lib/python3.8/site-packages/airflow/example_dags/example_bash_operator.py for tasks to queue
[2025-07-21T08:36:44.131+0000] {logging_mixin.py:188} INFO - [2025-07-21T08:36:44.130+0000] {dagbag.py:538} INFO - Filling up the DagBag from /home/airflow/.local/lib/python3.8/site-packages/airflow/example_dags/example_bash_operator.py
[2025-07-21T08:36:44.227+0000] {processor.py:840} INFO - DAG(s) 'example_bash_operator' retrieved from /home/airflow/.local/lib/python3.8/site-packages/airflow/example_dags/example_bash_operator.py
[2025-07-21T08:36:44.533+0000] {logging_mixin.py:188} INFO - [2025-07-21T08:36:44.521+0000] {dag.py:3036} INFO - Sync 1 DAGs
[2025-07-21T08:36:44.823+0000] {logging_mixin.py:188} INFO - [2025-07-21T08:36:44.822+0000] {dag.py:3823} INFO - Setting next_dagrun for example_bash_operator to 2025-07-20 00:00:00+00:00, run_after=2025-07-21 00:00:00+00:00
[2025-07-21T08:36:44.985+0000] {processor.py:183} INFO - Processing /home/airflow/.local/lib/python3.8/site-packages/airflow/example_dags/example_bash_operator.py took 0.931 seconds
[2025-07-21T08:37:15.586+0000] {processor.py:161} INFO - Started process (PID=2143) to work on /home/airflow/.local/lib/python3.8/site-packages/airflow/example_dags/example_bash_operator.py
[2025-07-21T08:37:15.598+0000] {processor.py:830} INFO - Processing file /home/airflow/.local/lib/python3.8/site-packages/airflow/example_dags/example_bash_operator.py for tasks to queue
[2025-07-21T08:37:15.607+0000] {logging_mixin.py:188} INFO - [2025-07-21T08:37:15.606+0000] {dagbag.py:538} INFO - Filling up the DagBag from /home/airflow/.local/lib/python3.8/site-packages/airflow/example_dags/example_bash_operator.py
[2025-07-21T08:37:15.707+0000] {processor.py:840} INFO - DAG(s) 'example_bash_operator' retrieved from /home/airflow/.local/lib/python3.8/site-packages/airflow/example_dags/example_bash_operator.py
[2025-07-21T08:37:15.934+0000] {logging_mixin.py:188} INFO - [2025-07-21T08:37:15.933+0000] {dag.py:3036} INFO - Sync 1 DAGs
[2025-07-21T08:37:16.028+0000] {logging_mixin.py:188} INFO - [2025-07-21T08:37:16.028+0000] {dag.py:3823} INFO - Setting next_dagrun for example_bash_operator to 2025-07-20 00:00:00+00:00, run_after=2025-07-21 00:00:00+00:00
[2025-07-21T08:37:16.069+0000] {processor.py:183} INFO - Processing /home/airflow/.local/lib/python3.8/site-packages/airflow/example_dags/example_bash_operator.py took 0.501 seconds
[2025-07-21T08:37:46.939+0000] {processor.py:161} INFO - Started process (PID=2199) to work on /home/airflow/.local/lib/python3.8/site-packages/airflow/example_dags/example_bash_operator.py
[2025-07-21T08:37:46.957+0000] {processor.py:830} INFO - Processing file /home/airflow/.local/lib/python3.8/site-packages/airflow/example_dags/example_bash_operator.py for tasks to queue
[2025-07-21T08:37:46.966+0000] {logging_mixin.py:188} INFO - [2025-07-21T08:37:46.965+0000] {dagbag.py:538} INFO - Filling up the DagBag from /home/airflow/.local/lib/python3.8/site-packages/airflow/example_dags/example_bash_operator.py
[2025-07-21T08:37:47.030+0000] {processor.py:840} INFO - DAG(s) 'example_bash_operator' retrieved from /home/airflow/.local/lib/python3.8/site-packages/airflow/example_dags/example_bash_operator.py
[2025-07-21T08:37:48.058+0000] {logging_mixin.py:188} INFO - [2025-07-21T08:37:48.057+0000] {dag.py:3036} INFO - Sync 1 DAGs
[2025-07-21T08:37:48.239+0000] {logging_mixin.py:188} INFO - [2025-07-21T08:37:48.239+0000] {dag.py:3823} INFO - Setting next_dagrun for example_bash_operator to 2025-07-20 00:00:00+00:00, run_after=2025-07-21 00:00:00+00:00
[2025-07-21T08:37:48.341+0000] {processor.py:183} INFO - Processing /home/airflow/.local/lib/python3.8/site-packages/airflow/example_dags/example_bash_operator.py took 1.428 seconds
[2025-07-21T08:38:18.591+0000] {processor.py:161} INFO - Started process (PID=2253) to work on /home/airflow/.local/lib/python3.8/site-packages/airflow/example_dags/example_bash_operator.py
[2025-07-21T08:38:18.610+0000] {processor.py:830} INFO - Processing file /home/airflow/.local/lib/python3.8/site-packages/airflow/example_dags/example_bash_operator.py for tasks to queue
[2025-07-21T08:38:18.626+0000] {logging_mixin.py:188} INFO - [2025-07-21T08:38:18.626+0000] {dagbag.py:538} INFO - Filling up the DagBag from /home/airflow/.local/lib/python3.8/site-packages/airflow/example_dags/example_bash_operator.py
[2025-07-21T08:38:18.671+0000] {processor.py:840} INFO - DAG(s) 'example_bash_operator' retrieved from /home/airflow/.local/lib/python3.8/site-packages/airflow/example_dags/example_bash_operator.py
[2025-07-21T08:38:18.829+0000] {logging_mixin.py:188} INFO - [2025-07-21T08:38:18.828+0000] {dag.py:3036} INFO - Sync 1 DAGs
[2025-07-21T08:38:18.947+0000] {logging_mixin.py:188} INFO - [2025-07-21T08:38:18.946+0000] {dag.py:3823} INFO - Setting next_dagrun for example_bash_operator to 2025-07-20 00:00:00+00:00, run_after=2025-07-21 00:00:00+00:00
[2025-07-21T08:38:19.085+0000] {processor.py:183} INFO - Processing /home/airflow/.local/lib/python3.8/site-packages/airflow/example_dags/example_bash_operator.py took 0.500 seconds
[2025-07-21T08:38:49.686+0000] {processor.py:161} INFO - Started process (PID=2308) to work on /home/airflow/.local/lib/python3.8/site-packages/airflow/example_dags/example_bash_operator.py
[2025-07-21T08:38:49.690+0000] {processor.py:830} INFO - Processing file /home/airflow/.local/lib/python3.8/site-packages/airflow/example_dags/example_bash_operator.py for tasks to queue
[2025-07-21T08:38:49.696+0000] {logging_mixin.py:188} INFO - [2025-07-21T08:38:49.695+0000] {dagbag.py:538} INFO - Filling up the DagBag from /home/airflow/.local/lib/python3.8/site-packages/airflow/example_dags/example_bash_operator.py
[2025-07-21T08:38:49.758+0000] {processor.py:840} INFO - DAG(s) 'example_bash_operator' retrieved from /home/airflow/.local/lib/python3.8/site-packages/airflow/example_dags/example_bash_operator.py
[2025-07-21T08:38:49.866+0000] {logging_mixin.py:188} INFO - [2025-07-21T08:38:49.865+0000] {dag.py:3036} INFO - Sync 1 DAGs
[2025-07-21T08:38:50.075+0000] {logging_mixin.py:188} INFO - [2025-07-21T08:38:50.074+0000] {dag.py:3823} INFO - Setting next_dagrun for example_bash_operator to 2025-07-20 00:00:00+00:00, run_after=2025-07-21 00:00:00+00:00
[2025-07-21T08:38:50.239+0000] {processor.py:183} INFO - Processing /home/airflow/.local/lib/python3.8/site-packages/airflow/example_dags/example_bash_operator.py took 0.566 seconds
[2025-07-21T08:39:20.608+0000] {processor.py:161} INFO - Started process (PID=2363) to work on /home/airflow/.local/lib/python3.8/site-packages/airflow/example_dags/example_bash_operator.py
[2025-07-21T08:39:20.625+0000] {processor.py:830} INFO - Processing file /home/airflow/.local/lib/python3.8/site-packages/airflow/example_dags/example_bash_operator.py for tasks to queue
[2025-07-21T08:39:20.640+0000] {logging_mixin.py:188} INFO - [2025-07-21T08:39:20.639+0000] {dagbag.py:538} INFO - Filling up the DagBag from /home/airflow/.local/lib/python3.8/site-packages/airflow/example_dags/example_bash_operator.py
[2025-07-21T08:39:20.795+0000] {processor.py:840} INFO - DAG(s) 'example_bash_operator' retrieved from /home/airflow/.local/lib/python3.8/site-packages/airflow/example_dags/example_bash_operator.py
[2025-07-21T08:39:20.989+0000] {logging_mixin.py:188} INFO - [2025-07-21T08:39:20.989+0000] {dag.py:3036} INFO - Sync 1 DAGs
[2025-07-21T08:39:21.353+0000] {logging_mixin.py:188} INFO - [2025-07-21T08:39:21.352+0000] {dag.py:3823} INFO - Setting next_dagrun for example_bash_operator to 2025-07-20 00:00:00+00:00, run_after=2025-07-21 00:00:00+00:00
[2025-07-21T08:39:21.404+0000] {processor.py:183} INFO - Processing /home/airflow/.local/lib/python3.8/site-packages/airflow/example_dags/example_bash_operator.py took 0.816 seconds
[2025-07-21T08:39:52.115+0000] {processor.py:161} INFO - Started process (PID=2418) to work on /home/airflow/.local/lib/python3.8/site-packages/airflow/example_dags/example_bash_operator.py
[2025-07-21T08:39:52.118+0000] {processor.py:830} INFO - Processing file /home/airflow/.local/lib/python3.8/site-packages/airflow/example_dags/example_bash_operator.py for tasks to queue
[2025-07-21T08:39:52.124+0000] {logging_mixin.py:188} INFO - [2025-07-21T08:39:52.124+0000] {dagbag.py:538} INFO - Filling up the DagBag from /home/airflow/.local/lib/python3.8/site-packages/airflow/example_dags/example_bash_operator.py
[2025-07-21T08:39:52.162+0000] {processor.py:840} INFO - DAG(s) 'example_bash_operator' retrieved from /home/airflow/.local/lib/python3.8/site-packages/airflow/example_dags/example_bash_operator.py
[2025-07-21T08:39:52.272+0000] {logging_mixin.py:188} INFO - [2025-07-21T08:39:52.271+0000] {dag.py:3036} INFO - Sync 1 DAGs
[2025-07-21T08:39:52.677+0000] {logging_mixin.py:188} INFO - [2025-07-21T08:39:52.677+0000] {dag.py:3823} INFO - Setting next_dagrun for example_bash_operator to 2025-07-20 00:00:00+00:00, run_after=2025-07-21 00:00:00+00:00
[2025-07-21T08:39:52.721+0000] {processor.py:183} INFO - Processing /home/airflow/.local/lib/python3.8/site-packages/airflow/example_dags/example_bash_operator.py took 0.618 seconds
[2025-07-21T08:40:23.476+0000] {processor.py:161} INFO - Started process (PID=2473) to work on /home/airflow/.local/lib/python3.8/site-packages/airflow/example_dags/example_bash_operator.py
[2025-07-21T08:40:23.490+0000] {processor.py:830} INFO - Processing file /home/airflow/.local/lib/python3.8/site-packages/airflow/example_dags/example_bash_operator.py for tasks to queue
[2025-07-21T08:40:23.498+0000] {logging_mixin.py:188} INFO - [2025-07-21T08:40:23.498+0000] {dagbag.py:538} INFO - Filling up the DagBag from /home/airflow/.local/lib/python3.8/site-packages/airflow/example_dags/example_bash_operator.py
[2025-07-21T08:40:23.588+0000] {processor.py:840} INFO - DAG(s) 'example_bash_operator' retrieved from /home/airflow/.local/lib/python3.8/site-packages/airflow/example_dags/example_bash_operator.py
[2025-07-21T08:40:23.761+0000] {logging_mixin.py:188} INFO - [2025-07-21T08:40:23.761+0000] {dag.py:3036} INFO - Sync 1 DAGs
[2025-07-21T08:40:23.936+0000] {logging_mixin.py:188} INFO - [2025-07-21T08:40:23.935+0000] {dag.py:3823} INFO - Setting next_dagrun for example_bash_operator to 2025-07-20 00:00:00+00:00, run_after=2025-07-21 00:00:00+00:00
[2025-07-21T08:40:24.963+0000] {processor.py:183} INFO - Processing /home/airflow/.local/lib/python3.8/site-packages/airflow/example_dags/example_bash_operator.py took 1.517 seconds
[2025-07-21T08:40:55.624+0000] {processor.py:161} INFO - Started process (PID=2528) to work on /home/airflow/.local/lib/python3.8/site-packages/airflow/example_dags/example_bash_operator.py
[2025-07-21T08:40:55.641+0000] {processor.py:830} INFO - Processing file /home/airflow/.local/lib/python3.8/site-packages/airflow/example_dags/example_bash_operator.py for tasks to queue
[2025-07-21T08:40:55.658+0000] {logging_mixin.py:188} INFO - [2025-07-21T08:40:55.657+0000] {dagbag.py:538} INFO - Filling up the DagBag from /home/airflow/.local/lib/python3.8/site-packages/airflow/example_dags/example_bash_operator.py
[2025-07-21T08:40:55.727+0000] {processor.py:840} INFO - DAG(s) 'example_bash_operator' retrieved from /home/airflow/.local/lib/python3.8/site-packages/airflow/example_dags/example_bash_operator.py
[2025-07-21T08:40:55.897+0000] {logging_mixin.py:188} INFO - [2025-07-21T08:40:55.896+0000] {dag.py:3036} INFO - Sync 1 DAGs
[2025-07-21T08:40:56.029+0000] {logging_mixin.py:188} INFO - [2025-07-21T08:40:56.029+0000] {dag.py:3823} INFO - Setting next_dagrun for example_bash_operator to 2025-07-20 00:00:00+00:00, run_after=2025-07-21 00:00:00+00:00
[2025-07-21T08:40:56.152+0000] {processor.py:183} INFO - Processing /home/airflow/.local/lib/python3.8/site-packages/airflow/example_dags/example_bash_operator.py took 0.538 seconds
[2025-07-21T08:41:26.434+0000] {processor.py:161} INFO - Started process (PID=2582) to work on /home/airflow/.local/lib/python3.8/site-packages/airflow/example_dags/example_bash_operator.py
[2025-07-21T08:41:26.436+0000] {processor.py:830} INFO - Processing file /home/airflow/.local/lib/python3.8/site-packages/airflow/example_dags/example_bash_operator.py for tasks to queue
[2025-07-21T08:41:26.450+0000] {logging_mixin.py:188} INFO - [2025-07-21T08:41:26.449+0000] {dagbag.py:538} INFO - Filling up the DagBag from /home/airflow/.local/lib/python3.8/site-packages/airflow/example_dags/example_bash_operator.py
[2025-07-21T08:41:26.503+0000] {processor.py:840} INFO - DAG(s) 'example_bash_operator' retrieved from /home/airflow/.local/lib/python3.8/site-packages/airflow/example_dags/example_bash_operator.py
[2025-07-21T08:41:26.610+0000] {logging_mixin.py:188} INFO - [2025-07-21T08:41:26.610+0000] {dag.py:3036} INFO - Sync 1 DAGs
[2025-07-21T08:41:26.673+0000] {logging_mixin.py:188} INFO - [2025-07-21T08:41:26.672+0000] {dag.py:3823} INFO - Setting next_dagrun for example_bash_operator to 2025-07-20 00:00:00+00:00, run_after=2025-07-21 00:00:00+00:00
[2025-07-21T08:41:26.759+0000] {processor.py:183} INFO - Processing /home/airflow/.local/lib/python3.8/site-packages/airflow/example_dags/example_bash_operator.py took 0.340 seconds
[2025-07-21T08:41:57.195+0000] {processor.py:161} INFO - Started process (PID=2637) to work on /home/airflow/.local/lib/python3.8/site-packages/airflow/example_dags/example_bash_operator.py
[2025-07-21T08:41:57.209+0000] {processor.py:830} INFO - Processing file /home/airflow/.local/lib/python3.8/site-packages/airflow/example_dags/example_bash_operator.py for tasks to queue
[2025-07-21T08:41:57.216+0000] {logging_mixin.py:188} INFO - [2025-07-21T08:41:57.215+0000] {dagbag.py:538} INFO - Filling up the DagBag from /home/airflow/.local/lib/python3.8/site-packages/airflow/example_dags/example_bash_operator.py
[2025-07-21T08:41:57.319+0000] {processor.py:840} INFO - DAG(s) 'example_bash_operator' retrieved from /home/airflow/.local/lib/python3.8/site-packages/airflow/example_dags/example_bash_operator.py
[2025-07-21T08:41:57.711+0000] {logging_mixin.py:188} INFO - [2025-07-21T08:41:57.710+0000] {dag.py:3036} INFO - Sync 1 DAGs
[2025-07-21T08:41:57.894+0000] {logging_mixin.py:188} INFO - [2025-07-21T08:41:57.891+0000] {dag.py:3823} INFO - Setting next_dagrun for example_bash_operator to 2025-07-20 00:00:00+00:00, run_after=2025-07-21 00:00:00+00:00
[2025-07-21T08:41:58.051+0000] {processor.py:183} INFO - Processing /home/airflow/.local/lib/python3.8/site-packages/airflow/example_dags/example_bash_operator.py took 0.873 seconds
[2025-07-21T08:42:28.828+0000] {processor.py:161} INFO - Started process (PID=2693) to work on /home/airflow/.local/lib/python3.8/site-packages/airflow/example_dags/example_bash_operator.py
[2025-07-21T08:42:28.831+0000] {processor.py:830} INFO - Processing file /home/airflow/.local/lib/python3.8/site-packages/airflow/example_dags/example_bash_operator.py for tasks to queue
[2025-07-21T08:42:28.838+0000] {logging_mixin.py:188} INFO - [2025-07-21T08:42:28.837+0000] {dagbag.py:538} INFO - Filling up the DagBag from /home/airflow/.local/lib/python3.8/site-packages/airflow/example_dags/example_bash_operator.py
[2025-07-21T08:42:28.881+0000] {processor.py:840} INFO - DAG(s) 'example_bash_operator' retrieved from /home/airflow/.local/lib/python3.8/site-packages/airflow/example_dags/example_bash_operator.py
[2025-07-21T08:42:28.973+0000] {logging_mixin.py:188} INFO - [2025-07-21T08:42:28.973+0000] {dag.py:3036} INFO - Sync 1 DAGs
[2025-07-21T08:42:29.055+0000] {logging_mixin.py:188} INFO - [2025-07-21T08:42:29.054+0000] {dag.py:3823} INFO - Setting next_dagrun for example_bash_operator to 2025-07-20 00:00:00+00:00, run_after=2025-07-21 00:00:00+00:00
[2025-07-21T08:42:29.114+0000] {processor.py:183} INFO - Processing /home/airflow/.local/lib/python3.8/site-packages/airflow/example_dags/example_bash_operator.py took 0.300 seconds
[2025-07-21T08:42:59.371+0000] {processor.py:161} INFO - Started process (PID=2748) to work on /home/airflow/.local/lib/python3.8/site-packages/airflow/example_dags/example_bash_operator.py
[2025-07-21T08:42:59.375+0000] {processor.py:830} INFO - Processing file /home/airflow/.local/lib/python3.8/site-packages/airflow/example_dags/example_bash_operator.py for tasks to queue
[2025-07-21T08:42:59.382+0000] {logging_mixin.py:188} INFO - [2025-07-21T08:42:59.381+0000] {dagbag.py:538} INFO - Filling up the DagBag from /home/airflow/.local/lib/python3.8/site-packages/airflow/example_dags/example_bash_operator.py
[2025-07-21T08:42:59.452+0000] {processor.py:840} INFO - DAG(s) 'example_bash_operator' retrieved from /home/airflow/.local/lib/python3.8/site-packages/airflow/example_dags/example_bash_operator.py
[2025-07-21T08:42:59.565+0000] {logging_mixin.py:188} INFO - [2025-07-21T08:42:59.565+0000] {dag.py:3036} INFO - Sync 1 DAGs
[2025-07-21T08:42:59.713+0000] {logging_mixin.py:188} INFO - [2025-07-21T08:42:59.712+0000] {dag.py:3823} INFO - Setting next_dagrun for example_bash_operator to 2025-07-20 00:00:00+00:00, run_after=2025-07-21 00:00:00+00:00
[2025-07-21T08:42:59.792+0000] {processor.py:183} INFO - Processing /home/airflow/.local/lib/python3.8/site-packages/airflow/example_dags/example_bash_operator.py took 0.433 seconds
[2025-07-21T08:43:30.853+0000] {processor.py:161} INFO - Started process (PID=2803) to work on /home/airflow/.local/lib/python3.8/site-packages/airflow/example_dags/example_bash_operator.py
[2025-07-21T08:43:30.865+0000] {processor.py:830} INFO - Processing file /home/airflow/.local/lib/python3.8/site-packages/airflow/example_dags/example_bash_operator.py for tasks to queue
[2025-07-21T08:43:30.869+0000] {logging_mixin.py:188} INFO - [2025-07-21T08:43:30.868+0000] {dagbag.py:538} INFO - Filling up the DagBag from /home/airflow/.local/lib/python3.8/site-packages/airflow/example_dags/example_bash_operator.py
[2025-07-21T08:43:30.939+0000] {processor.py:840} INFO - DAG(s) 'example_bash_operator' retrieved from /home/airflow/.local/lib/python3.8/site-packages/airflow/example_dags/example_bash_operator.py
[2025-07-21T08:43:31.187+0000] {logging_mixin.py:188} INFO - [2025-07-21T08:43:31.186+0000] {dag.py:3036} INFO - Sync 1 DAGs
[2025-07-21T08:43:31.409+0000] {logging_mixin.py:188} INFO - [2025-07-21T08:43:31.408+0000] {dag.py:3823} INFO - Setting next_dagrun for example_bash_operator to 2025-07-20 00:00:00+00:00, run_after=2025-07-21 00:00:00+00:00
[2025-07-21T08:43:31.505+0000] {processor.py:183} INFO - Processing /home/airflow/.local/lib/python3.8/site-packages/airflow/example_dags/example_bash_operator.py took 0.667 seconds
