[2025-07-21T08:14:49.318+0000] {processor.py:161} INFO - Started process (PID=96) to work on /home/airflow/.local/lib/python3.8/site-packages/airflow/example_dags/example_short_circuit_operator.py
[2025-07-21T08:14:49.347+0000] {processor.py:830} INFO - Processing file /home/airflow/.local/lib/python3.8/site-packages/airflow/example_dags/example_short_circuit_operator.py for tasks to queue
[2025-07-21T08:14:49.368+0000] {logging_mixin.py:188} INFO - [2025-07-21T08:14:49.367+0000] {dagbag.py:538} INFO - Filling up the DagBag from /home/airflow/.local/lib/python3.8/site-packages/airflow/example_dags/example_short_circuit_operator.py
[2025-07-21T08:14:49.444+0000] {processor.py:840} INFO - DAG(s) 'example_short_circuit_operator' retrieved from /home/airflow/.local/lib/python3.8/site-packages/airflow/example_dags/example_short_circuit_operator.py
[2025-07-21T08:14:49.655+0000] {logging_mixin.py:188} INFO - [2025-07-21T08:14:49.655+0000] {dag.py:3036} INFO - Sync 1 DAGs
[2025-07-21T08:14:49.925+0000] {logging_mixin.py:188} INFO - [2025-07-21T08:14:49.925+0000] {dag.py:3823} INFO - Setting next_dagrun for example_short_circuit_operator to 2025-07-20 00:00:00+00:00, run_after=2025-07-21 00:00:00+00:00
[2025-07-21T08:14:50.066+0000] {processor.py:183} INFO - Processing /home/airflow/.local/lib/python3.8/site-packages/airflow/example_dags/example_short_circuit_operator.py took 0.766 seconds
[2025-07-21T08:15:23.729+0000] {processor.py:161} INFO - Started process (PID=152) to work on /home/airflow/.local/lib/python3.8/site-packages/airflow/example_dags/example_short_circuit_operator.py
[2025-07-21T08:15:23.735+0000] {processor.py:830} INFO - Processing file /home/airflow/.local/lib/python3.8/site-packages/airflow/example_dags/example_short_circuit_operator.py for tasks to queue
[2025-07-21T08:15:23.743+0000] {logging_mixin.py:188} INFO - [2025-07-21T08:15:23.743+0000] {dagbag.py:538} INFO - Filling up the DagBag from /home/airflow/.local/lib/python3.8/site-packages/airflow/example_dags/example_short_circuit_operator.py
[2025-07-21T08:15:23.777+0000] {processor.py:840} INFO - DAG(s) 'example_short_circuit_operator' retrieved from /home/airflow/.local/lib/python3.8/site-packages/airflow/example_dags/example_short_circuit_operator.py
[2025-07-21T08:15:23.876+0000] {logging_mixin.py:188} INFO - [2025-07-21T08:15:23.876+0000] {dag.py:3036} INFO - Sync 1 DAGs
[2025-07-21T08:15:24.076+0000] {logging_mixin.py:188} INFO - [2025-07-21T08:15:24.076+0000] {dag.py:3823} INFO - Setting next_dagrun for example_short_circuit_operator to 2025-07-20 00:00:00+00:00, run_after=2025-07-21 00:00:00+00:00
[2025-07-21T08:15:24.179+0000] {processor.py:183} INFO - Processing /home/airflow/.local/lib/python3.8/site-packages/airflow/example_dags/example_short_circuit_operator.py took 0.456 seconds
[2025-07-21T08:16:07.829+0000] {processor.py:161} INFO - Started process (PID=210) to work on /home/airflow/.local/lib/python3.8/site-packages/airflow/example_dags/example_short_circuit_operator.py
[2025-07-21T08:16:07.848+0000] {processor.py:830} INFO - Processing file /home/airflow/.local/lib/python3.8/site-packages/airflow/example_dags/example_short_circuit_operator.py for tasks to queue
[2025-07-21T08:16:07.898+0000] {logging_mixin.py:188} INFO - [2025-07-21T08:16:07.897+0000] {dagbag.py:538} INFO - Filling up the DagBag from /home/airflow/.local/lib/python3.8/site-packages/airflow/example_dags/example_short_circuit_operator.py
[2025-07-21T08:16:08.046+0000] {processor.py:840} INFO - DAG(s) 'example_short_circuit_operator' retrieved from /home/airflow/.local/lib/python3.8/site-packages/airflow/example_dags/example_short_circuit_operator.py
[2025-07-21T08:16:08.363+0000] {logging_mixin.py:188} INFO - [2025-07-21T08:16:08.363+0000] {dag.py:3036} INFO - Sync 1 DAGs
[2025-07-21T08:16:08.501+0000] {logging_mixin.py:188} INFO - [2025-07-21T08:16:08.500+0000] {dag.py:3823} INFO - Setting next_dagrun for example_short_circuit_operator to 2025-07-20 00:00:00+00:00, run_after=2025-07-21 00:00:00+00:00
[2025-07-21T08:16:08.719+0000] {processor.py:183} INFO - Processing /home/airflow/.local/lib/python3.8/site-packages/airflow/example_dags/example_short_circuit_operator.py took 0.899 seconds
[2025-07-21T08:16:48.184+0000] {processor.py:161} INFO - Started process (PID=271) to work on /home/airflow/.local/lib/python3.8/site-packages/airflow/example_dags/example_short_circuit_operator.py
[2025-07-21T08:16:48.213+0000] {processor.py:830} INFO - Processing file /home/airflow/.local/lib/python3.8/site-packages/airflow/example_dags/example_short_circuit_operator.py for tasks to queue
[2025-07-21T08:16:48.283+0000] {logging_mixin.py:188} INFO - [2025-07-21T08:16:48.282+0000] {dagbag.py:538} INFO - Filling up the DagBag from /home/airflow/.local/lib/python3.8/site-packages/airflow/example_dags/example_short_circuit_operator.py
[2025-07-21T08:16:48.492+0000] {processor.py:840} INFO - DAG(s) 'example_short_circuit_operator' retrieved from /home/airflow/.local/lib/python3.8/site-packages/airflow/example_dags/example_short_circuit_operator.py
[2025-07-21T08:16:49.210+0000] {logging_mixin.py:188} INFO - [2025-07-21T08:16:49.210+0000] {dag.py:3036} INFO - Sync 1 DAGs
[2025-07-21T08:16:49.759+0000] {logging_mixin.py:188} INFO - [2025-07-21T08:16:49.759+0000] {dag.py:3823} INFO - Setting next_dagrun for example_short_circuit_operator to 2025-07-20 00:00:00+00:00, run_after=2025-07-21 00:00:00+00:00
[2025-07-21T08:16:49.979+0000] {processor.py:183} INFO - Processing /home/airflow/.local/lib/python3.8/site-packages/airflow/example_dags/example_short_circuit_operator.py took 1.852 seconds
[2025-07-21T08:17:55.195+0000] {processor.py:161} INFO - Started process (PID=332) to work on /home/airflow/.local/lib/python3.8/site-packages/airflow/example_dags/example_short_circuit_operator.py
[2025-07-21T08:17:55.276+0000] {processor.py:830} INFO - Processing file /home/airflow/.local/lib/python3.8/site-packages/airflow/example_dags/example_short_circuit_operator.py for tasks to queue
[2025-07-21T08:17:55.294+0000] {logging_mixin.py:188} INFO - [2025-07-21T08:17:55.294+0000] {dagbag.py:538} INFO - Filling up the DagBag from /home/airflow/.local/lib/python3.8/site-packages/airflow/example_dags/example_short_circuit_operator.py
[2025-07-21T08:17:55.472+0000] {processor.py:840} INFO - DAG(s) 'example_short_circuit_operator' retrieved from /home/airflow/.local/lib/python3.8/site-packages/airflow/example_dags/example_short_circuit_operator.py
[2025-07-21T08:17:55.621+0000] {logging_mixin.py:188} INFO - [2025-07-21T08:17:55.620+0000] {dag.py:3036} INFO - Sync 1 DAGs
[2025-07-21T08:17:55.784+0000] {logging_mixin.py:188} INFO - [2025-07-21T08:17:55.784+0000] {dag.py:3823} INFO - Setting next_dagrun for example_short_circuit_operator to 2025-07-20 00:00:00+00:00, run_after=2025-07-21 00:00:00+00:00
[2025-07-21T08:17:56.165+0000] {processor.py:183} INFO - Processing /home/airflow/.local/lib/python3.8/site-packages/airflow/example_dags/example_short_circuit_operator.py took 1.337 seconds
[2025-07-21T08:19:28.135+0000] {processor.py:161} INFO - Started process (PID=403) to work on /home/airflow/.local/lib/python3.8/site-packages/airflow/example_dags/example_short_circuit_operator.py
[2025-07-21T08:19:28.454+0000] {processor.py:830} INFO - Processing file /home/airflow/.local/lib/python3.8/site-packages/airflow/example_dags/example_short_circuit_operator.py for tasks to queue
[2025-07-21T08:19:28.503+0000] {logging_mixin.py:188} INFO - [2025-07-21T08:19:28.502+0000] {dagbag.py:538} INFO - Filling up the DagBag from /home/airflow/.local/lib/python3.8/site-packages/airflow/example_dags/example_short_circuit_operator.py
[2025-07-21T08:19:28.685+0000] {processor.py:840} INFO - DAG(s) 'example_short_circuit_operator' retrieved from /home/airflow/.local/lib/python3.8/site-packages/airflow/example_dags/example_short_circuit_operator.py
[2025-07-21T08:19:31.693+0000] {logging_mixin.py:188} INFO - [2025-07-21T08:19:31.693+0000] {dag.py:3036} INFO - Sync 1 DAGs
[2025-07-21T08:19:32.268+0000] {logging_mixin.py:188} INFO - [2025-07-21T08:19:32.268+0000] {dag.py:3823} INFO - Setting next_dagrun for example_short_circuit_operator to 2025-07-20 00:00:00+00:00, run_after=2025-07-21 00:00:00+00:00
[2025-07-21T08:19:33.530+0000] {processor.py:183} INFO - Processing /home/airflow/.local/lib/python3.8/site-packages/airflow/example_dags/example_short_circuit_operator.py took 5.434 seconds
[2025-07-21T08:20:14.333+0000] {processor.py:161} INFO - Started process (PID=458) to work on /home/airflow/.local/lib/python3.8/site-packages/airflow/example_dags/example_short_circuit_operator.py
[2025-07-21T08:20:14.341+0000] {processor.py:830} INFO - Processing file /home/airflow/.local/lib/python3.8/site-packages/airflow/example_dags/example_short_circuit_operator.py for tasks to queue
[2025-07-21T08:20:14.350+0000] {logging_mixin.py:188} INFO - [2025-07-21T08:20:14.349+0000] {dagbag.py:538} INFO - Filling up the DagBag from /home/airflow/.local/lib/python3.8/site-packages/airflow/example_dags/example_short_circuit_operator.py
[2025-07-21T08:20:14.439+0000] {processor.py:840} INFO - DAG(s) 'example_short_circuit_operator' retrieved from /home/airflow/.local/lib/python3.8/site-packages/airflow/example_dags/example_short_circuit_operator.py
[2025-07-21T08:20:14.735+0000] {logging_mixin.py:188} INFO - [2025-07-21T08:20:14.734+0000] {dag.py:3036} INFO - Sync 1 DAGs
[2025-07-21T08:20:14.997+0000] {logging_mixin.py:188} INFO - [2025-07-21T08:20:14.997+0000] {dag.py:3823} INFO - Setting next_dagrun for example_short_circuit_operator to 2025-07-20 00:00:00+00:00, run_after=2025-07-21 00:00:00+00:00
[2025-07-21T08:20:15.185+0000] {processor.py:183} INFO - Processing /home/airflow/.local/lib/python3.8/site-packages/airflow/example_dags/example_short_circuit_operator.py took 0.859 seconds
[2025-07-21T08:21:07.897+0000] {processor.py:161} INFO - Started process (PID=512) to work on /home/airflow/.local/lib/python3.8/site-packages/airflow/example_dags/example_short_circuit_operator.py
[2025-07-21T08:21:07.928+0000] {processor.py:830} INFO - Processing file /home/airflow/.local/lib/python3.8/site-packages/airflow/example_dags/example_short_circuit_operator.py for tasks to queue
[2025-07-21T08:21:07.976+0000] {logging_mixin.py:188} INFO - [2025-07-21T08:21:07.975+0000] {dagbag.py:538} INFO - Filling up the DagBag from /home/airflow/.local/lib/python3.8/site-packages/airflow/example_dags/example_short_circuit_operator.py
[2025-07-21T08:21:08.238+0000] {processor.py:840} INFO - DAG(s) 'example_short_circuit_operator' retrieved from /home/airflow/.local/lib/python3.8/site-packages/airflow/example_dags/example_short_circuit_operator.py
[2025-07-21T08:21:08.776+0000] {logging_mixin.py:188} INFO - [2025-07-21T08:21:08.776+0000] {dag.py:3036} INFO - Sync 1 DAGs
[2025-07-21T08:21:08.965+0000] {logging_mixin.py:188} INFO - [2025-07-21T08:21:08.964+0000] {dag.py:3823} INFO - Setting next_dagrun for example_short_circuit_operator to 2025-07-20 00:00:00+00:00, run_after=2025-07-21 00:00:00+00:00
[2025-07-21T08:21:09.568+0000] {processor.py:183} INFO - Processing /home/airflow/.local/lib/python3.8/site-packages/airflow/example_dags/example_short_circuit_operator.py took 1.706 seconds
[2025-07-21T08:21:40.025+0000] {processor.py:161} INFO - Started process (PID=567) to work on /home/airflow/.local/lib/python3.8/site-packages/airflow/example_dags/example_short_circuit_operator.py
[2025-07-21T08:21:40.028+0000] {processor.py:830} INFO - Processing file /home/airflow/.local/lib/python3.8/site-packages/airflow/example_dags/example_short_circuit_operator.py for tasks to queue
[2025-07-21T08:21:40.031+0000] {logging_mixin.py:188} INFO - [2025-07-21T08:21:40.031+0000] {dagbag.py:538} INFO - Filling up the DagBag from /home/airflow/.local/lib/python3.8/site-packages/airflow/example_dags/example_short_circuit_operator.py
[2025-07-21T08:21:40.053+0000] {processor.py:840} INFO - DAG(s) 'example_short_circuit_operator' retrieved from /home/airflow/.local/lib/python3.8/site-packages/airflow/example_dags/example_short_circuit_operator.py
[2025-07-21T08:21:40.108+0000] {logging_mixin.py:188} INFO - [2025-07-21T08:21:40.108+0000] {dag.py:3036} INFO - Sync 1 DAGs
[2025-07-21T08:21:40.168+0000] {logging_mixin.py:188} INFO - [2025-07-21T08:21:40.167+0000] {dag.py:3823} INFO - Setting next_dagrun for example_short_circuit_operator to 2025-07-20 00:00:00+00:00, run_after=2025-07-21 00:00:00+00:00
[2025-07-21T08:21:40.282+0000] {processor.py:183} INFO - Processing /home/airflow/.local/lib/python3.8/site-packages/airflow/example_dags/example_short_circuit_operator.py took 0.267 seconds
[2025-07-21T08:22:27.451+0000] {processor.py:161} INFO - Started process (PID=627) to work on /home/airflow/.local/lib/python3.8/site-packages/airflow/example_dags/example_short_circuit_operator.py
[2025-07-21T08:22:27.464+0000] {processor.py:830} INFO - Processing file /home/airflow/.local/lib/python3.8/site-packages/airflow/example_dags/example_short_circuit_operator.py for tasks to queue
[2025-07-21T08:22:27.467+0000] {logging_mixin.py:188} INFO - [2025-07-21T08:22:27.467+0000] {dagbag.py:538} INFO - Filling up the DagBag from /home/airflow/.local/lib/python3.8/site-packages/airflow/example_dags/example_short_circuit_operator.py
[2025-07-21T08:22:27.489+0000] {processor.py:840} INFO - DAG(s) 'example_short_circuit_operator' retrieved from /home/airflow/.local/lib/python3.8/site-packages/airflow/example_dags/example_short_circuit_operator.py
[2025-07-21T08:22:27.715+0000] {logging_mixin.py:188} INFO - [2025-07-21T08:22:27.714+0000] {dag.py:3036} INFO - Sync 1 DAGs
[2025-07-21T08:22:27.786+0000] {logging_mixin.py:188} INFO - [2025-07-21T08:22:27.785+0000] {dag.py:3823} INFO - Setting next_dagrun for example_short_circuit_operator to 2025-07-20 00:00:00+00:00, run_after=2025-07-21 00:00:00+00:00
[2025-07-21T08:22:27.908+0000] {processor.py:183} INFO - Processing /home/airflow/.local/lib/python3.8/site-packages/airflow/example_dags/example_short_circuit_operator.py took 0.469 seconds
[2025-07-21T08:23:06.710+0000] {processor.py:161} INFO - Started process (PID=679) to work on /home/airflow/.local/lib/python3.8/site-packages/airflow/example_dags/example_short_circuit_operator.py
[2025-07-21T08:23:06.772+0000] {processor.py:830} INFO - Processing file /home/airflow/.local/lib/python3.8/site-packages/airflow/example_dags/example_short_circuit_operator.py for tasks to queue
[2025-07-21T08:23:06.851+0000] {logging_mixin.py:188} INFO - [2025-07-21T08:23:06.839+0000] {dagbag.py:538} INFO - Filling up the DagBag from /home/airflow/.local/lib/python3.8/site-packages/airflow/example_dags/example_short_circuit_operator.py
[2025-07-21T08:23:06.893+0000] {processor.py:840} INFO - DAG(s) 'example_short_circuit_operator' retrieved from /home/airflow/.local/lib/python3.8/site-packages/airflow/example_dags/example_short_circuit_operator.py
[2025-07-21T08:23:07.152+0000] {logging_mixin.py:188} INFO - [2025-07-21T08:23:07.152+0000] {dag.py:3036} INFO - Sync 1 DAGs
[2025-07-21T08:23:07.361+0000] {logging_mixin.py:188} INFO - [2025-07-21T08:23:07.361+0000] {dag.py:3823} INFO - Setting next_dagrun for example_short_circuit_operator to 2025-07-20 00:00:00+00:00, run_after=2025-07-21 00:00:00+00:00
[2025-07-21T08:23:07.530+0000] {processor.py:183} INFO - Processing /home/airflow/.local/lib/python3.8/site-packages/airflow/example_dags/example_short_circuit_operator.py took 0.871 seconds
[2025-07-21T08:23:37.818+0000] {processor.py:161} INFO - Started process (PID=735) to work on /home/airflow/.local/lib/python3.8/site-packages/airflow/example_dags/example_short_circuit_operator.py
[2025-07-21T08:23:37.829+0000] {processor.py:830} INFO - Processing file /home/airflow/.local/lib/python3.8/site-packages/airflow/example_dags/example_short_circuit_operator.py for tasks to queue
[2025-07-21T08:23:37.834+0000] {logging_mixin.py:188} INFO - [2025-07-21T08:23:37.834+0000] {dagbag.py:538} INFO - Filling up the DagBag from /home/airflow/.local/lib/python3.8/site-packages/airflow/example_dags/example_short_circuit_operator.py
[2025-07-21T08:23:37.908+0000] {processor.py:840} INFO - DAG(s) 'example_short_circuit_operator' retrieved from /home/airflow/.local/lib/python3.8/site-packages/airflow/example_dags/example_short_circuit_operator.py
[2025-07-21T08:23:38.331+0000] {logging_mixin.py:188} INFO - [2025-07-21T08:23:38.331+0000] {dag.py:3036} INFO - Sync 1 DAGs
[2025-07-21T08:23:38.749+0000] {logging_mixin.py:188} INFO - [2025-07-21T08:23:38.748+0000] {dag.py:3823} INFO - Setting next_dagrun for example_short_circuit_operator to 2025-07-20 00:00:00+00:00, run_after=2025-07-21 00:00:00+00:00
[2025-07-21T08:23:38.973+0000] {processor.py:183} INFO - Processing /home/airflow/.local/lib/python3.8/site-packages/airflow/example_dags/example_short_circuit_operator.py took 1.176 seconds
[2025-07-21T08:24:09.564+0000] {processor.py:161} INFO - Started process (PID=789) to work on /home/airflow/.local/lib/python3.8/site-packages/airflow/example_dags/example_short_circuit_operator.py
[2025-07-21T08:24:09.567+0000] {processor.py:830} INFO - Processing file /home/airflow/.local/lib/python3.8/site-packages/airflow/example_dags/example_short_circuit_operator.py for tasks to queue
[2025-07-21T08:24:09.581+0000] {logging_mixin.py:188} INFO - [2025-07-21T08:24:09.580+0000] {dagbag.py:538} INFO - Filling up the DagBag from /home/airflow/.local/lib/python3.8/site-packages/airflow/example_dags/example_short_circuit_operator.py
[2025-07-21T08:24:09.615+0000] {processor.py:840} INFO - DAG(s) 'example_short_circuit_operator' retrieved from /home/airflow/.local/lib/python3.8/site-packages/airflow/example_dags/example_short_circuit_operator.py
[2025-07-21T08:24:09.670+0000] {logging_mixin.py:188} INFO - [2025-07-21T08:24:09.670+0000] {dag.py:3036} INFO - Sync 1 DAGs
[2025-07-21T08:24:09.712+0000] {logging_mixin.py:188} INFO - [2025-07-21T08:24:09.712+0000] {dag.py:3823} INFO - Setting next_dagrun for example_short_circuit_operator to 2025-07-20 00:00:00+00:00, run_after=2025-07-21 00:00:00+00:00
[2025-07-21T08:24:09.759+0000] {processor.py:183} INFO - Processing /home/airflow/.local/lib/python3.8/site-packages/airflow/example_dags/example_short_circuit_operator.py took 0.213 seconds
[2025-07-21T08:24:41.535+0000] {processor.py:161} INFO - Started process (PID=844) to work on /home/airflow/.local/lib/python3.8/site-packages/airflow/example_dags/example_short_circuit_operator.py
[2025-07-21T08:24:41.539+0000] {processor.py:830} INFO - Processing file /home/airflow/.local/lib/python3.8/site-packages/airflow/example_dags/example_short_circuit_operator.py for tasks to queue
[2025-07-21T08:24:41.545+0000] {logging_mixin.py:188} INFO - [2025-07-21T08:24:41.544+0000] {dagbag.py:538} INFO - Filling up the DagBag from /home/airflow/.local/lib/python3.8/site-packages/airflow/example_dags/example_short_circuit_operator.py
[2025-07-21T08:24:41.569+0000] {processor.py:840} INFO - DAG(s) 'example_short_circuit_operator' retrieved from /home/airflow/.local/lib/python3.8/site-packages/airflow/example_dags/example_short_circuit_operator.py
[2025-07-21T08:24:41.629+0000] {logging_mixin.py:188} INFO - [2025-07-21T08:24:41.628+0000] {dag.py:3036} INFO - Sync 1 DAGs
[2025-07-21T08:24:41.673+0000] {logging_mixin.py:188} INFO - [2025-07-21T08:24:41.673+0000] {dag.py:3823} INFO - Setting next_dagrun for example_short_circuit_operator to 2025-07-20 00:00:00+00:00, run_after=2025-07-21 00:00:00+00:00
[2025-07-21T08:24:41.715+0000] {processor.py:183} INFO - Processing /home/airflow/.local/lib/python3.8/site-packages/airflow/example_dags/example_short_circuit_operator.py took 0.188 seconds
[2025-07-21T08:25:14.647+0000] {processor.py:161} INFO - Started process (PID=899) to work on /home/airflow/.local/lib/python3.8/site-packages/airflow/example_dags/example_short_circuit_operator.py
[2025-07-21T08:25:14.649+0000] {processor.py:830} INFO - Processing file /home/airflow/.local/lib/python3.8/site-packages/airflow/example_dags/example_short_circuit_operator.py for tasks to queue
[2025-07-21T08:25:14.655+0000] {logging_mixin.py:188} INFO - [2025-07-21T08:25:14.654+0000] {dagbag.py:538} INFO - Filling up the DagBag from /home/airflow/.local/lib/python3.8/site-packages/airflow/example_dags/example_short_circuit_operator.py
[2025-07-21T08:25:14.669+0000] {processor.py:840} INFO - DAG(s) 'example_short_circuit_operator' retrieved from /home/airflow/.local/lib/python3.8/site-packages/airflow/example_dags/example_short_circuit_operator.py
[2025-07-21T08:25:14.835+0000] {logging_mixin.py:188} INFO - [2025-07-21T08:25:14.835+0000] {dag.py:3036} INFO - Sync 1 DAGs
[2025-07-21T08:25:15.021+0000] {logging_mixin.py:188} INFO - [2025-07-21T08:25:15.021+0000] {dag.py:3823} INFO - Setting next_dagrun for example_short_circuit_operator to 2025-07-20 00:00:00+00:00, run_after=2025-07-21 00:00:00+00:00
[2025-07-21T08:25:15.063+0000] {processor.py:183} INFO - Processing /home/airflow/.local/lib/python3.8/site-packages/airflow/example_dags/example_short_circuit_operator.py took 0.423 seconds
[2025-07-21T08:25:50.801+0000] {processor.py:161} INFO - Started process (PID=956) to work on /home/airflow/.local/lib/python3.8/site-packages/airflow/example_dags/example_short_circuit_operator.py
[2025-07-21T08:25:50.806+0000] {processor.py:830} INFO - Processing file /home/airflow/.local/lib/python3.8/site-packages/airflow/example_dags/example_short_circuit_operator.py for tasks to queue
[2025-07-21T08:25:50.821+0000] {logging_mixin.py:188} INFO - [2025-07-21T08:25:50.821+0000] {dagbag.py:538} INFO - Filling up the DagBag from /home/airflow/.local/lib/python3.8/site-packages/airflow/example_dags/example_short_circuit_operator.py
[2025-07-21T08:25:50.855+0000] {processor.py:840} INFO - DAG(s) 'example_short_circuit_operator' retrieved from /home/airflow/.local/lib/python3.8/site-packages/airflow/example_dags/example_short_circuit_operator.py
[2025-07-21T08:25:50.966+0000] {logging_mixin.py:188} INFO - [2025-07-21T08:25:50.965+0000] {dag.py:3036} INFO - Sync 1 DAGs
[2025-07-21T08:25:51.145+0000] {logging_mixin.py:188} INFO - [2025-07-21T08:25:51.145+0000] {dag.py:3823} INFO - Setting next_dagrun for example_short_circuit_operator to 2025-07-20 00:00:00+00:00, run_after=2025-07-21 00:00:00+00:00
[2025-07-21T08:25:51.246+0000] {processor.py:183} INFO - Processing /home/airflow/.local/lib/python3.8/site-packages/airflow/example_dags/example_short_circuit_operator.py took 0.463 seconds
[2025-07-21T08:26:23.397+0000] {processor.py:161} INFO - Started process (PID=1011) to work on /home/airflow/.local/lib/python3.8/site-packages/airflow/example_dags/example_short_circuit_operator.py
[2025-07-21T08:26:23.403+0000] {processor.py:830} INFO - Processing file /home/airflow/.local/lib/python3.8/site-packages/airflow/example_dags/example_short_circuit_operator.py for tasks to queue
[2025-07-21T08:26:23.407+0000] {logging_mixin.py:188} INFO - [2025-07-21T08:26:23.406+0000] {dagbag.py:538} INFO - Filling up the DagBag from /home/airflow/.local/lib/python3.8/site-packages/airflow/example_dags/example_short_circuit_operator.py
[2025-07-21T08:26:23.445+0000] {processor.py:840} INFO - DAG(s) 'example_short_circuit_operator' retrieved from /home/airflow/.local/lib/python3.8/site-packages/airflow/example_dags/example_short_circuit_operator.py
[2025-07-21T08:26:23.582+0000] {logging_mixin.py:188} INFO - [2025-07-21T08:26:23.581+0000] {dag.py:3036} INFO - Sync 1 DAGs
[2025-07-21T08:26:23.809+0000] {logging_mixin.py:188} INFO - [2025-07-21T08:26:23.794+0000] {dag.py:3823} INFO - Setting next_dagrun for example_short_circuit_operator to 2025-07-20 00:00:00+00:00, run_after=2025-07-21 00:00:00+00:00
[2025-07-21T08:26:23.864+0000] {processor.py:183} INFO - Processing /home/airflow/.local/lib/python3.8/site-packages/airflow/example_dags/example_short_circuit_operator.py took 0.485 seconds
[2025-07-21T08:26:55.867+0000] {processor.py:161} INFO - Started process (PID=1070) to work on /home/airflow/.local/lib/python3.8/site-packages/airflow/example_dags/example_short_circuit_operator.py
[2025-07-21T08:26:55.880+0000] {processor.py:830} INFO - Processing file /home/airflow/.local/lib/python3.8/site-packages/airflow/example_dags/example_short_circuit_operator.py for tasks to queue
[2025-07-21T08:26:55.890+0000] {logging_mixin.py:188} INFO - [2025-07-21T08:26:55.889+0000] {dagbag.py:538} INFO - Filling up the DagBag from /home/airflow/.local/lib/python3.8/site-packages/airflow/example_dags/example_short_circuit_operator.py
[2025-07-21T08:26:55.925+0000] {processor.py:840} INFO - DAG(s) 'example_short_circuit_operator' retrieved from /home/airflow/.local/lib/python3.8/site-packages/airflow/example_dags/example_short_circuit_operator.py
[2025-07-21T08:26:56.101+0000] {logging_mixin.py:188} INFO - [2025-07-21T08:26:56.100+0000] {dag.py:3036} INFO - Sync 1 DAGs
[2025-07-21T08:26:56.221+0000] {logging_mixin.py:188} INFO - [2025-07-21T08:26:56.220+0000] {dag.py:3823} INFO - Setting next_dagrun for example_short_circuit_operator to 2025-07-20 00:00:00+00:00, run_after=2025-07-21 00:00:00+00:00
[2025-07-21T08:26:56.336+0000] {processor.py:183} INFO - Processing /home/airflow/.local/lib/python3.8/site-packages/airflow/example_dags/example_short_circuit_operator.py took 0.477 seconds
[2025-07-21T08:27:28.191+0000] {processor.py:161} INFO - Started process (PID=1125) to work on /home/airflow/.local/lib/python3.8/site-packages/airflow/example_dags/example_short_circuit_operator.py
[2025-07-21T08:27:28.193+0000] {processor.py:830} INFO - Processing file /home/airflow/.local/lib/python3.8/site-packages/airflow/example_dags/example_short_circuit_operator.py for tasks to queue
[2025-07-21T08:27:28.203+0000] {logging_mixin.py:188} INFO - [2025-07-21T08:27:28.202+0000] {dagbag.py:538} INFO - Filling up the DagBag from /home/airflow/.local/lib/python3.8/site-packages/airflow/example_dags/example_short_circuit_operator.py
[2025-07-21T08:27:28.231+0000] {processor.py:840} INFO - DAG(s) 'example_short_circuit_operator' retrieved from /home/airflow/.local/lib/python3.8/site-packages/airflow/example_dags/example_short_circuit_operator.py
[2025-07-21T08:27:28.344+0000] {logging_mixin.py:188} INFO - [2025-07-21T08:27:28.344+0000] {dag.py:3036} INFO - Sync 1 DAGs
[2025-07-21T08:27:28.412+0000] {logging_mixin.py:188} INFO - [2025-07-21T08:27:28.412+0000] {dag.py:3823} INFO - Setting next_dagrun for example_short_circuit_operator to 2025-07-20 00:00:00+00:00, run_after=2025-07-21 00:00:00+00:00
[2025-07-21T08:27:28.465+0000] {processor.py:183} INFO - Processing /home/airflow/.local/lib/python3.8/site-packages/airflow/example_dags/example_short_circuit_operator.py took 0.294 seconds
[2025-07-21T08:27:58.737+0000] {processor.py:161} INFO - Started process (PID=1179) to work on /home/airflow/.local/lib/python3.8/site-packages/airflow/example_dags/example_short_circuit_operator.py
[2025-07-21T08:27:58.739+0000] {processor.py:830} INFO - Processing file /home/airflow/.local/lib/python3.8/site-packages/airflow/example_dags/example_short_circuit_operator.py for tasks to queue
[2025-07-21T08:27:58.744+0000] {logging_mixin.py:188} INFO - [2025-07-21T08:27:58.743+0000] {dagbag.py:538} INFO - Filling up the DagBag from /home/airflow/.local/lib/python3.8/site-packages/airflow/example_dags/example_short_circuit_operator.py
[2025-07-21T08:27:58.758+0000] {processor.py:840} INFO - DAG(s) 'example_short_circuit_operator' retrieved from /home/airflow/.local/lib/python3.8/site-packages/airflow/example_dags/example_short_circuit_operator.py
[2025-07-21T08:27:58.897+0000] {logging_mixin.py:188} INFO - [2025-07-21T08:27:58.897+0000] {dag.py:3036} INFO - Sync 1 DAGs
[2025-07-21T08:27:58.953+0000] {logging_mixin.py:188} INFO - [2025-07-21T08:27:58.953+0000] {dag.py:3823} INFO - Setting next_dagrun for example_short_circuit_operator to 2025-07-20 00:00:00+00:00, run_after=2025-07-21 00:00:00+00:00
[2025-07-21T08:27:58.993+0000] {processor.py:183} INFO - Processing /home/airflow/.local/lib/python3.8/site-packages/airflow/example_dags/example_short_circuit_operator.py took 0.264 seconds
[2025-07-21T08:28:29.160+0000] {processor.py:161} INFO - Started process (PID=1234) to work on /home/airflow/.local/lib/python3.8/site-packages/airflow/example_dags/example_short_circuit_operator.py
[2025-07-21T08:28:29.164+0000] {processor.py:830} INFO - Processing file /home/airflow/.local/lib/python3.8/site-packages/airflow/example_dags/example_short_circuit_operator.py for tasks to queue
[2025-07-21T08:28:29.169+0000] {logging_mixin.py:188} INFO - [2025-07-21T08:28:29.168+0000] {dagbag.py:538} INFO - Filling up the DagBag from /home/airflow/.local/lib/python3.8/site-packages/airflow/example_dags/example_short_circuit_operator.py
[2025-07-21T08:28:29.208+0000] {processor.py:840} INFO - DAG(s) 'example_short_circuit_operator' retrieved from /home/airflow/.local/lib/python3.8/site-packages/airflow/example_dags/example_short_circuit_operator.py
[2025-07-21T08:28:29.304+0000] {logging_mixin.py:188} INFO - [2025-07-21T08:28:29.303+0000] {dag.py:3036} INFO - Sync 1 DAGs
[2025-07-21T08:28:29.362+0000] {logging_mixin.py:188} INFO - [2025-07-21T08:28:29.362+0000] {dag.py:3823} INFO - Setting next_dagrun for example_short_circuit_operator to 2025-07-20 00:00:00+00:00, run_after=2025-07-21 00:00:00+00:00
[2025-07-21T08:28:29.436+0000] {processor.py:183} INFO - Processing /home/airflow/.local/lib/python3.8/site-packages/airflow/example_dags/example_short_circuit_operator.py took 0.286 seconds
[2025-07-21T08:28:59.721+0000] {processor.py:161} INFO - Started process (PID=1289) to work on /home/airflow/.local/lib/python3.8/site-packages/airflow/example_dags/example_short_circuit_operator.py
[2025-07-21T08:28:59.724+0000] {processor.py:830} INFO - Processing file /home/airflow/.local/lib/python3.8/site-packages/airflow/example_dags/example_short_circuit_operator.py for tasks to queue
[2025-07-21T08:28:59.728+0000] {logging_mixin.py:188} INFO - [2025-07-21T08:28:59.727+0000] {dagbag.py:538} INFO - Filling up the DagBag from /home/airflow/.local/lib/python3.8/site-packages/airflow/example_dags/example_short_circuit_operator.py
[2025-07-21T08:28:59.762+0000] {processor.py:840} INFO - DAG(s) 'example_short_circuit_operator' retrieved from /home/airflow/.local/lib/python3.8/site-packages/airflow/example_dags/example_short_circuit_operator.py
[2025-07-21T08:28:59.816+0000] {logging_mixin.py:188} INFO - [2025-07-21T08:28:59.816+0000] {dag.py:3036} INFO - Sync 1 DAGs
[2025-07-21T08:28:59.860+0000] {logging_mixin.py:188} INFO - [2025-07-21T08:28:59.859+0000] {dag.py:3823} INFO - Setting next_dagrun for example_short_circuit_operator to 2025-07-20 00:00:00+00:00, run_after=2025-07-21 00:00:00+00:00
[2025-07-21T08:28:59.920+0000] {processor.py:183} INFO - Processing /home/airflow/.local/lib/python3.8/site-packages/airflow/example_dags/example_short_circuit_operator.py took 0.206 seconds
[2025-07-21T08:29:31.308+0000] {processor.py:161} INFO - Started process (PID=1345) to work on /home/airflow/.local/lib/python3.8/site-packages/airflow/example_dags/example_short_circuit_operator.py
[2025-07-21T08:29:31.311+0000] {processor.py:830} INFO - Processing file /home/airflow/.local/lib/python3.8/site-packages/airflow/example_dags/example_short_circuit_operator.py for tasks to queue
[2025-07-21T08:29:31.324+0000] {logging_mixin.py:188} INFO - [2025-07-21T08:29:31.323+0000] {dagbag.py:538} INFO - Filling up the DagBag from /home/airflow/.local/lib/python3.8/site-packages/airflow/example_dags/example_short_circuit_operator.py
[2025-07-21T08:29:31.398+0000] {processor.py:840} INFO - DAG(s) 'example_short_circuit_operator' retrieved from /home/airflow/.local/lib/python3.8/site-packages/airflow/example_dags/example_short_circuit_operator.py
[2025-07-21T08:29:31.490+0000] {logging_mixin.py:188} INFO - [2025-07-21T08:29:31.489+0000] {dag.py:3036} INFO - Sync 1 DAGs
[2025-07-21T08:29:31.572+0000] {logging_mixin.py:188} INFO - [2025-07-21T08:29:31.571+0000] {dag.py:3823} INFO - Setting next_dagrun for example_short_circuit_operator to 2025-07-20 00:00:00+00:00, run_after=2025-07-21 00:00:00+00:00
[2025-07-21T08:29:31.718+0000] {processor.py:183} INFO - Processing /home/airflow/.local/lib/python3.8/site-packages/airflow/example_dags/example_short_circuit_operator.py took 0.434 seconds
[2025-07-21T08:30:02.517+0000] {processor.py:161} INFO - Started process (PID=1400) to work on /home/airflow/.local/lib/python3.8/site-packages/airflow/example_dags/example_short_circuit_operator.py
[2025-07-21T08:30:02.524+0000] {processor.py:830} INFO - Processing file /home/airflow/.local/lib/python3.8/site-packages/airflow/example_dags/example_short_circuit_operator.py for tasks to queue
[2025-07-21T08:30:02.531+0000] {logging_mixin.py:188} INFO - [2025-07-21T08:30:02.531+0000] {dagbag.py:538} INFO - Filling up the DagBag from /home/airflow/.local/lib/python3.8/site-packages/airflow/example_dags/example_short_circuit_operator.py
[2025-07-21T08:30:02.560+0000] {processor.py:840} INFO - DAG(s) 'example_short_circuit_operator' retrieved from /home/airflow/.local/lib/python3.8/site-packages/airflow/example_dags/example_short_circuit_operator.py
[2025-07-21T08:30:02.635+0000] {logging_mixin.py:188} INFO - [2025-07-21T08:30:02.634+0000] {dag.py:3036} INFO - Sync 1 DAGs
[2025-07-21T08:30:02.696+0000] {logging_mixin.py:188} INFO - [2025-07-21T08:30:02.696+0000] {dag.py:3823} INFO - Setting next_dagrun for example_short_circuit_operator to 2025-07-20 00:00:00+00:00, run_after=2025-07-21 00:00:00+00:00
[2025-07-21T08:30:02.770+0000] {processor.py:183} INFO - Processing /home/airflow/.local/lib/python3.8/site-packages/airflow/example_dags/example_short_circuit_operator.py took 0.266 seconds
[2025-07-21T08:30:33.317+0000] {processor.py:161} INFO - Started process (PID=1455) to work on /home/airflow/.local/lib/python3.8/site-packages/airflow/example_dags/example_short_circuit_operator.py
[2025-07-21T08:30:33.320+0000] {processor.py:830} INFO - Processing file /home/airflow/.local/lib/python3.8/site-packages/airflow/example_dags/example_short_circuit_operator.py for tasks to queue
[2025-07-21T08:30:33.325+0000] {logging_mixin.py:188} INFO - [2025-07-21T08:30:33.324+0000] {dagbag.py:538} INFO - Filling up the DagBag from /home/airflow/.local/lib/python3.8/site-packages/airflow/example_dags/example_short_circuit_operator.py
[2025-07-21T08:30:33.347+0000] {processor.py:840} INFO - DAG(s) 'example_short_circuit_operator' retrieved from /home/airflow/.local/lib/python3.8/site-packages/airflow/example_dags/example_short_circuit_operator.py
[2025-07-21T08:30:33.416+0000] {logging_mixin.py:188} INFO - [2025-07-21T08:30:33.415+0000] {dag.py:3036} INFO - Sync 1 DAGs
[2025-07-21T08:30:33.473+0000] {logging_mixin.py:188} INFO - [2025-07-21T08:30:33.471+0000] {dag.py:3823} INFO - Setting next_dagrun for example_short_circuit_operator to 2025-07-20 00:00:00+00:00, run_after=2025-07-21 00:00:00+00:00
[2025-07-21T08:30:33.518+0000] {processor.py:183} INFO - Processing /home/airflow/.local/lib/python3.8/site-packages/airflow/example_dags/example_short_circuit_operator.py took 0.229 seconds
[2025-07-21T08:31:08.292+0000] {processor.py:161} INFO - Started process (PID=1510) to work on /home/airflow/.local/lib/python3.8/site-packages/airflow/example_dags/example_short_circuit_operator.py
[2025-07-21T08:31:08.316+0000] {processor.py:830} INFO - Processing file /home/airflow/.local/lib/python3.8/site-packages/airflow/example_dags/example_short_circuit_operator.py for tasks to queue
[2025-07-21T08:31:08.339+0000] {logging_mixin.py:188} INFO - [2025-07-21T08:31:08.338+0000] {dagbag.py:538} INFO - Filling up the DagBag from /home/airflow/.local/lib/python3.8/site-packages/airflow/example_dags/example_short_circuit_operator.py
[2025-07-21T08:31:08.375+0000] {processor.py:840} INFO - DAG(s) 'example_short_circuit_operator' retrieved from /home/airflow/.local/lib/python3.8/site-packages/airflow/example_dags/example_short_circuit_operator.py
[2025-07-21T08:31:08.455+0000] {logging_mixin.py:188} INFO - [2025-07-21T08:31:08.454+0000] {dag.py:3036} INFO - Sync 1 DAGs
[2025-07-21T08:31:08.530+0000] {logging_mixin.py:188} INFO - [2025-07-21T08:31:08.529+0000] {dag.py:3823} INFO - Setting next_dagrun for example_short_circuit_operator to 2025-07-20 00:00:00+00:00, run_after=2025-07-21 00:00:00+00:00
[2025-07-21T08:31:08.602+0000] {processor.py:183} INFO - Processing /home/airflow/.local/lib/python3.8/site-packages/airflow/example_dags/example_short_circuit_operator.py took 0.316 seconds
[2025-07-21T08:31:40.172+0000] {processor.py:161} INFO - Started process (PID=1565) to work on /home/airflow/.local/lib/python3.8/site-packages/airflow/example_dags/example_short_circuit_operator.py
[2025-07-21T08:31:40.197+0000] {processor.py:830} INFO - Processing file /home/airflow/.local/lib/python3.8/site-packages/airflow/example_dags/example_short_circuit_operator.py for tasks to queue
[2025-07-21T08:31:40.201+0000] {logging_mixin.py:188} INFO - [2025-07-21T08:31:40.201+0000] {dagbag.py:538} INFO - Filling up the DagBag from /home/airflow/.local/lib/python3.8/site-packages/airflow/example_dags/example_short_circuit_operator.py
[2025-07-21T08:31:40.259+0000] {processor.py:840} INFO - DAG(s) 'example_short_circuit_operator' retrieved from /home/airflow/.local/lib/python3.8/site-packages/airflow/example_dags/example_short_circuit_operator.py
[2025-07-21T08:31:40.443+0000] {logging_mixin.py:188} INFO - [2025-07-21T08:31:40.442+0000] {dag.py:3036} INFO - Sync 1 DAGs
[2025-07-21T08:31:40.590+0000] {logging_mixin.py:188} INFO - [2025-07-21T08:31:40.590+0000] {dag.py:3823} INFO - Setting next_dagrun for example_short_circuit_operator to 2025-07-20 00:00:00+00:00, run_after=2025-07-21 00:00:00+00:00
[2025-07-21T08:31:40.682+0000] {processor.py:183} INFO - Processing /home/airflow/.local/lib/python3.8/site-packages/airflow/example_dags/example_short_circuit_operator.py took 0.531 seconds
[2025-07-21T08:32:15.354+0000] {processor.py:161} INFO - Started process (PID=1623) to work on /home/airflow/.local/lib/python3.8/site-packages/airflow/example_dags/example_short_circuit_operator.py
[2025-07-21T08:32:15.367+0000] {processor.py:830} INFO - Processing file /home/airflow/.local/lib/python3.8/site-packages/airflow/example_dags/example_short_circuit_operator.py for tasks to queue
[2025-07-21T08:32:15.383+0000] {logging_mixin.py:188} INFO - [2025-07-21T08:32:15.383+0000] {dagbag.py:538} INFO - Filling up the DagBag from /home/airflow/.local/lib/python3.8/site-packages/airflow/example_dags/example_short_circuit_operator.py
[2025-07-21T08:32:15.425+0000] {processor.py:840} INFO - DAG(s) 'example_short_circuit_operator' retrieved from /home/airflow/.local/lib/python3.8/site-packages/airflow/example_dags/example_short_circuit_operator.py
[2025-07-21T08:32:15.654+0000] {logging_mixin.py:188} INFO - [2025-07-21T08:32:15.654+0000] {dag.py:3036} INFO - Sync 1 DAGs
[2025-07-21T08:32:15.849+0000] {logging_mixin.py:188} INFO - [2025-07-21T08:32:15.848+0000] {dag.py:3823} INFO - Setting next_dagrun for example_short_circuit_operator to 2025-07-20 00:00:00+00:00, run_after=2025-07-21 00:00:00+00:00
[2025-07-21T08:32:16.041+0000] {processor.py:183} INFO - Processing /home/airflow/.local/lib/python3.8/site-packages/airflow/example_dags/example_short_circuit_operator.py took 0.700 seconds
[2025-07-21T08:32:49.880+0000] {processor.py:161} INFO - Started process (PID=1674) to work on /home/airflow/.local/lib/python3.8/site-packages/airflow/example_dags/example_short_circuit_operator.py
[2025-07-21T08:32:49.942+0000] {processor.py:830} INFO - Processing file /home/airflow/.local/lib/python3.8/site-packages/airflow/example_dags/example_short_circuit_operator.py for tasks to queue
[2025-07-21T08:32:49.962+0000] {logging_mixin.py:188} INFO - [2025-07-21T08:32:49.962+0000] {dagbag.py:538} INFO - Filling up the DagBag from /home/airflow/.local/lib/python3.8/site-packages/airflow/example_dags/example_short_circuit_operator.py
[2025-07-21T08:32:50.054+0000] {processor.py:840} INFO - DAG(s) 'example_short_circuit_operator' retrieved from /home/airflow/.local/lib/python3.8/site-packages/airflow/example_dags/example_short_circuit_operator.py
[2025-07-21T08:32:50.238+0000] {logging_mixin.py:188} INFO - [2025-07-21T08:32:50.237+0000] {dag.py:3036} INFO - Sync 1 DAGs
[2025-07-21T08:32:50.389+0000] {logging_mixin.py:188} INFO - [2025-07-21T08:32:50.389+0000] {dag.py:3823} INFO - Setting next_dagrun for example_short_circuit_operator to 2025-07-20 00:00:00+00:00, run_after=2025-07-21 00:00:00+00:00
[2025-07-21T08:32:50.988+0000] {processor.py:183} INFO - Processing /home/airflow/.local/lib/python3.8/site-packages/airflow/example_dags/example_short_circuit_operator.py took 1.115 seconds
[2025-07-21T08:33:21.976+0000] {processor.py:161} INFO - Started process (PID=1729) to work on /home/airflow/.local/lib/python3.8/site-packages/airflow/example_dags/example_short_circuit_operator.py
[2025-07-21T08:33:21.986+0000] {processor.py:830} INFO - Processing file /home/airflow/.local/lib/python3.8/site-packages/airflow/example_dags/example_short_circuit_operator.py for tasks to queue
[2025-07-21T08:33:22.051+0000] {logging_mixin.py:188} INFO - [2025-07-21T08:33:22.033+0000] {dagbag.py:538} INFO - Filling up the DagBag from /home/airflow/.local/lib/python3.8/site-packages/airflow/example_dags/example_short_circuit_operator.py
[2025-07-21T08:33:22.268+0000] {processor.py:840} INFO - DAG(s) 'example_short_circuit_operator' retrieved from /home/airflow/.local/lib/python3.8/site-packages/airflow/example_dags/example_short_circuit_operator.py
[2025-07-21T08:33:22.433+0000] {logging_mixin.py:188} INFO - [2025-07-21T08:33:22.433+0000] {dag.py:3036} INFO - Sync 1 DAGs
[2025-07-21T08:33:22.581+0000] {logging_mixin.py:188} INFO - [2025-07-21T08:33:22.581+0000] {dag.py:3823} INFO - Setting next_dagrun for example_short_circuit_operator to 2025-07-20 00:00:00+00:00, run_after=2025-07-21 00:00:00+00:00
[2025-07-21T08:33:22.859+0000] {processor.py:183} INFO - Processing /home/airflow/.local/lib/python3.8/site-packages/airflow/example_dags/example_short_circuit_operator.py took 0.931 seconds
[2025-07-21T08:33:53.718+0000] {processor.py:161} INFO - Started process (PID=1784) to work on /home/airflow/.local/lib/python3.8/site-packages/airflow/example_dags/example_short_circuit_operator.py
[2025-07-21T08:33:53.728+0000] {processor.py:830} INFO - Processing file /home/airflow/.local/lib/python3.8/site-packages/airflow/example_dags/example_short_circuit_operator.py for tasks to queue
[2025-07-21T08:33:53.743+0000] {logging_mixin.py:188} INFO - [2025-07-21T08:33:53.741+0000] {dagbag.py:538} INFO - Filling up the DagBag from /home/airflow/.local/lib/python3.8/site-packages/airflow/example_dags/example_short_circuit_operator.py
[2025-07-21T08:33:53.761+0000] {processor.py:840} INFO - DAG(s) 'example_short_circuit_operator' retrieved from /home/airflow/.local/lib/python3.8/site-packages/airflow/example_dags/example_short_circuit_operator.py
[2025-07-21T08:33:53.892+0000] {logging_mixin.py:188} INFO - [2025-07-21T08:33:53.879+0000] {dag.py:3036} INFO - Sync 1 DAGs
[2025-07-21T08:33:53.988+0000] {logging_mixin.py:188} INFO - [2025-07-21T08:33:53.988+0000] {dag.py:3823} INFO - Setting next_dagrun for example_short_circuit_operator to 2025-07-20 00:00:00+00:00, run_after=2025-07-21 00:00:00+00:00
[2025-07-21T08:33:54.064+0000] {processor.py:183} INFO - Processing /home/airflow/.local/lib/python3.8/site-packages/airflow/example_dags/example_short_circuit_operator.py took 0.387 seconds
[2025-07-21T08:34:24.419+0000] {processor.py:161} INFO - Started process (PID=1839) to work on /home/airflow/.local/lib/python3.8/site-packages/airflow/example_dags/example_short_circuit_operator.py
[2025-07-21T08:34:24.430+0000] {processor.py:830} INFO - Processing file /home/airflow/.local/lib/python3.8/site-packages/airflow/example_dags/example_short_circuit_operator.py for tasks to queue
[2025-07-21T08:34:24.435+0000] {logging_mixin.py:188} INFO - [2025-07-21T08:34:24.435+0000] {dagbag.py:538} INFO - Filling up the DagBag from /home/airflow/.local/lib/python3.8/site-packages/airflow/example_dags/example_short_circuit_operator.py
[2025-07-21T08:34:24.485+0000] {processor.py:840} INFO - DAG(s) 'example_short_circuit_operator' retrieved from /home/airflow/.local/lib/python3.8/site-packages/airflow/example_dags/example_short_circuit_operator.py
[2025-07-21T08:34:24.681+0000] {logging_mixin.py:188} INFO - [2025-07-21T08:34:24.681+0000] {dag.py:3036} INFO - Sync 1 DAGs
[2025-07-21T08:34:24.758+0000] {logging_mixin.py:188} INFO - [2025-07-21T08:34:24.757+0000] {dag.py:3823} INFO - Setting next_dagrun for example_short_circuit_operator to 2025-07-20 00:00:00+00:00, run_after=2025-07-21 00:00:00+00:00
[2025-07-21T08:34:24.840+0000] {processor.py:183} INFO - Processing /home/airflow/.local/lib/python3.8/site-packages/airflow/example_dags/example_short_circuit_operator.py took 0.441 seconds
[2025-07-21T08:34:55.300+0000] {processor.py:161} INFO - Started process (PID=1894) to work on /home/airflow/.local/lib/python3.8/site-packages/airflow/example_dags/example_short_circuit_operator.py
[2025-07-21T08:34:55.304+0000] {processor.py:830} INFO - Processing file /home/airflow/.local/lib/python3.8/site-packages/airflow/example_dags/example_short_circuit_operator.py for tasks to queue
[2025-07-21T08:34:55.312+0000] {logging_mixin.py:188} INFO - [2025-07-21T08:34:55.311+0000] {dagbag.py:538} INFO - Filling up the DagBag from /home/airflow/.local/lib/python3.8/site-packages/airflow/example_dags/example_short_circuit_operator.py
[2025-07-21T08:34:55.335+0000] {processor.py:840} INFO - DAG(s) 'example_short_circuit_operator' retrieved from /home/airflow/.local/lib/python3.8/site-packages/airflow/example_dags/example_short_circuit_operator.py
[2025-07-21T08:34:55.402+0000] {logging_mixin.py:188} INFO - [2025-07-21T08:34:55.401+0000] {dag.py:3036} INFO - Sync 1 DAGs
[2025-07-21T08:34:55.500+0000] {logging_mixin.py:188} INFO - [2025-07-21T08:34:55.498+0000] {dag.py:3823} INFO - Setting next_dagrun for example_short_circuit_operator to 2025-07-20 00:00:00+00:00, run_after=2025-07-21 00:00:00+00:00
[2025-07-21T08:34:55.559+0000] {processor.py:183} INFO - Processing /home/airflow/.local/lib/python3.8/site-packages/airflow/example_dags/example_short_circuit_operator.py took 0.284 seconds
[2025-07-21T08:35:25.918+0000] {processor.py:161} INFO - Started process (PID=1949) to work on /home/airflow/.local/lib/python3.8/site-packages/airflow/example_dags/example_short_circuit_operator.py
[2025-07-21T08:35:25.921+0000] {processor.py:830} INFO - Processing file /home/airflow/.local/lib/python3.8/site-packages/airflow/example_dags/example_short_circuit_operator.py for tasks to queue
[2025-07-21T08:35:25.930+0000] {logging_mixin.py:188} INFO - [2025-07-21T08:35:25.929+0000] {dagbag.py:538} INFO - Filling up the DagBag from /home/airflow/.local/lib/python3.8/site-packages/airflow/example_dags/example_short_circuit_operator.py
[2025-07-21T08:35:25.964+0000] {processor.py:840} INFO - DAG(s) 'example_short_circuit_operator' retrieved from /home/airflow/.local/lib/python3.8/site-packages/airflow/example_dags/example_short_circuit_operator.py
[2025-07-21T08:35:26.031+0000] {logging_mixin.py:188} INFO - [2025-07-21T08:35:26.031+0000] {dag.py:3036} INFO - Sync 1 DAGs
[2025-07-21T08:35:26.090+0000] {logging_mixin.py:188} INFO - [2025-07-21T08:35:26.089+0000] {dag.py:3823} INFO - Setting next_dagrun for example_short_circuit_operator to 2025-07-20 00:00:00+00:00, run_after=2025-07-21 00:00:00+00:00
[2025-07-21T08:35:26.136+0000] {processor.py:183} INFO - Processing /home/airflow/.local/lib/python3.8/site-packages/airflow/example_dags/example_short_circuit_operator.py took 0.231 seconds
[2025-07-21T08:35:57.184+0000] {processor.py:161} INFO - Started process (PID=2004) to work on /home/airflow/.local/lib/python3.8/site-packages/airflow/example_dags/example_short_circuit_operator.py
[2025-07-21T08:35:57.231+0000] {processor.py:830} INFO - Processing file /home/airflow/.local/lib/python3.8/site-packages/airflow/example_dags/example_short_circuit_operator.py for tasks to queue
[2025-07-21T08:35:57.252+0000] {logging_mixin.py:188} INFO - [2025-07-21T08:35:57.252+0000] {dagbag.py:538} INFO - Filling up the DagBag from /home/airflow/.local/lib/python3.8/site-packages/airflow/example_dags/example_short_circuit_operator.py
[2025-07-21T08:35:57.665+0000] {processor.py:840} INFO - DAG(s) 'example_short_circuit_operator' retrieved from /home/airflow/.local/lib/python3.8/site-packages/airflow/example_dags/example_short_circuit_operator.py
[2025-07-21T08:35:58.345+0000] {logging_mixin.py:188} INFO - [2025-07-21T08:35:58.345+0000] {dag.py:3036} INFO - Sync 1 DAGs
[2025-07-21T08:35:58.476+0000] {logging_mixin.py:188} INFO - [2025-07-21T08:35:58.476+0000] {dag.py:3823} INFO - Setting next_dagrun for example_short_circuit_operator to 2025-07-20 00:00:00+00:00, run_after=2025-07-21 00:00:00+00:00
[2025-07-21T08:35:58.633+0000] {processor.py:183} INFO - Processing /home/airflow/.local/lib/python3.8/site-packages/airflow/example_dags/example_short_circuit_operator.py took 1.468 seconds
[2025-07-21T08:36:28.931+0000] {processor.py:161} INFO - Started process (PID=2065) to work on /home/airflow/.local/lib/python3.8/site-packages/airflow/example_dags/example_short_circuit_operator.py
[2025-07-21T08:36:28.942+0000] {processor.py:830} INFO - Processing file /home/airflow/.local/lib/python3.8/site-packages/airflow/example_dags/example_short_circuit_operator.py for tasks to queue
[2025-07-21T08:36:28.964+0000] {logging_mixin.py:188} INFO - [2025-07-21T08:36:28.963+0000] {dagbag.py:538} INFO - Filling up the DagBag from /home/airflow/.local/lib/python3.8/site-packages/airflow/example_dags/example_short_circuit_operator.py
[2025-07-21T08:36:29.027+0000] {processor.py:840} INFO - DAG(s) 'example_short_circuit_operator' retrieved from /home/airflow/.local/lib/python3.8/site-packages/airflow/example_dags/example_short_circuit_operator.py
[2025-07-21T08:36:29.178+0000] {logging_mixin.py:188} INFO - [2025-07-21T08:36:29.177+0000] {dag.py:3036} INFO - Sync 1 DAGs
[2025-07-21T08:36:29.283+0000] {logging_mixin.py:188} INFO - [2025-07-21T08:36:29.282+0000] {dag.py:3823} INFO - Setting next_dagrun for example_short_circuit_operator to 2025-07-20 00:00:00+00:00, run_after=2025-07-21 00:00:00+00:00
[2025-07-21T08:36:29.335+0000] {processor.py:183} INFO - Processing /home/airflow/.local/lib/python3.8/site-packages/airflow/example_dags/example_short_circuit_operator.py took 0.440 seconds
[2025-07-21T08:36:59.611+0000] {processor.py:161} INFO - Started process (PID=2119) to work on /home/airflow/.local/lib/python3.8/site-packages/airflow/example_dags/example_short_circuit_operator.py
[2025-07-21T08:36:59.615+0000] {processor.py:830} INFO - Processing file /home/airflow/.local/lib/python3.8/site-packages/airflow/example_dags/example_short_circuit_operator.py for tasks to queue
[2025-07-21T08:36:59.622+0000] {logging_mixin.py:188} INFO - [2025-07-21T08:36:59.621+0000] {dagbag.py:538} INFO - Filling up the DagBag from /home/airflow/.local/lib/python3.8/site-packages/airflow/example_dags/example_short_circuit_operator.py
[2025-07-21T08:36:59.648+0000] {processor.py:840} INFO - DAG(s) 'example_short_circuit_operator' retrieved from /home/airflow/.local/lib/python3.8/site-packages/airflow/example_dags/example_short_circuit_operator.py
[2025-07-21T08:36:59.819+0000] {logging_mixin.py:188} INFO - [2025-07-21T08:36:59.819+0000] {dag.py:3036} INFO - Sync 1 DAGs
[2025-07-21T08:36:59.884+0000] {logging_mixin.py:188} INFO - [2025-07-21T08:36:59.883+0000] {dag.py:3823} INFO - Setting next_dagrun for example_short_circuit_operator to 2025-07-20 00:00:00+00:00, run_after=2025-07-21 00:00:00+00:00
[2025-07-21T08:36:59.945+0000] {processor.py:183} INFO - Processing /home/airflow/.local/lib/python3.8/site-packages/airflow/example_dags/example_short_circuit_operator.py took 0.349 seconds
[2025-07-21T08:37:30.863+0000] {processor.py:161} INFO - Started process (PID=2175) to work on /home/airflow/.local/lib/python3.8/site-packages/airflow/example_dags/example_short_circuit_operator.py
[2025-07-21T08:37:30.886+0000] {processor.py:830} INFO - Processing file /home/airflow/.local/lib/python3.8/site-packages/airflow/example_dags/example_short_circuit_operator.py for tasks to queue
[2025-07-21T08:37:30.905+0000] {logging_mixin.py:188} INFO - [2025-07-21T08:37:30.904+0000] {dagbag.py:538} INFO - Filling up the DagBag from /home/airflow/.local/lib/python3.8/site-packages/airflow/example_dags/example_short_circuit_operator.py
[2025-07-21T08:37:30.975+0000] {processor.py:840} INFO - DAG(s) 'example_short_circuit_operator' retrieved from /home/airflow/.local/lib/python3.8/site-packages/airflow/example_dags/example_short_circuit_operator.py
[2025-07-21T08:37:31.069+0000] {logging_mixin.py:188} INFO - [2025-07-21T08:37:31.068+0000] {dag.py:3036} INFO - Sync 1 DAGs
[2025-07-21T08:37:31.131+0000] {logging_mixin.py:188} INFO - [2025-07-21T08:37:31.130+0000] {dag.py:3823} INFO - Setting next_dagrun for example_short_circuit_operator to 2025-07-20 00:00:00+00:00, run_after=2025-07-21 00:00:00+00:00
[2025-07-21T08:37:31.179+0000] {processor.py:183} INFO - Processing /home/airflow/.local/lib/python3.8/site-packages/airflow/example_dags/example_short_circuit_operator.py took 0.337 seconds
[2025-07-21T08:38:01.257+0000] {processor.py:161} INFO - Started process (PID=2228) to work on /home/airflow/.local/lib/python3.8/site-packages/airflow/example_dags/example_short_circuit_operator.py
[2025-07-21T08:38:01.260+0000] {processor.py:830} INFO - Processing file /home/airflow/.local/lib/python3.8/site-packages/airflow/example_dags/example_short_circuit_operator.py for tasks to queue
[2025-07-21T08:38:01.268+0000] {logging_mixin.py:188} INFO - [2025-07-21T08:38:01.267+0000] {dagbag.py:538} INFO - Filling up the DagBag from /home/airflow/.local/lib/python3.8/site-packages/airflow/example_dags/example_short_circuit_operator.py
[2025-07-21T08:38:01.285+0000] {processor.py:840} INFO - DAG(s) 'example_short_circuit_operator' retrieved from /home/airflow/.local/lib/python3.8/site-packages/airflow/example_dags/example_short_circuit_operator.py
[2025-07-21T08:38:01.342+0000] {logging_mixin.py:188} INFO - [2025-07-21T08:38:01.342+0000] {dag.py:3036} INFO - Sync 1 DAGs
[2025-07-21T08:38:01.410+0000] {logging_mixin.py:188} INFO - [2025-07-21T08:38:01.409+0000] {dag.py:3823} INFO - Setting next_dagrun for example_short_circuit_operator to 2025-07-20 00:00:00+00:00, run_after=2025-07-21 00:00:00+00:00
[2025-07-21T08:38:01.478+0000] {processor.py:183} INFO - Processing /home/airflow/.local/lib/python3.8/site-packages/airflow/example_dags/example_short_circuit_operator.py took 0.229 seconds
[2025-07-21T08:38:33.870+0000] {processor.py:161} INFO - Started process (PID=2284) to work on /home/airflow/.local/lib/python3.8/site-packages/airflow/example_dags/example_short_circuit_operator.py
[2025-07-21T08:38:33.873+0000] {processor.py:830} INFO - Processing file /home/airflow/.local/lib/python3.8/site-packages/airflow/example_dags/example_short_circuit_operator.py for tasks to queue
[2025-07-21T08:38:33.877+0000] {logging_mixin.py:188} INFO - [2025-07-21T08:38:33.876+0000] {dagbag.py:538} INFO - Filling up the DagBag from /home/airflow/.local/lib/python3.8/site-packages/airflow/example_dags/example_short_circuit_operator.py
[2025-07-21T08:38:33.893+0000] {processor.py:840} INFO - DAG(s) 'example_short_circuit_operator' retrieved from /home/airflow/.local/lib/python3.8/site-packages/airflow/example_dags/example_short_circuit_operator.py
[2025-07-21T08:38:33.935+0000] {logging_mixin.py:188} INFO - [2025-07-21T08:38:33.935+0000] {dag.py:3036} INFO - Sync 1 DAGs
[2025-07-21T08:38:33.974+0000] {logging_mixin.py:188} INFO - [2025-07-21T08:38:33.974+0000] {dag.py:3823} INFO - Setting next_dagrun for example_short_circuit_operator to 2025-07-20 00:00:00+00:00, run_after=2025-07-21 00:00:00+00:00
[2025-07-21T08:38:34.294+0000] {processor.py:183} INFO - Processing /home/airflow/.local/lib/python3.8/site-packages/airflow/example_dags/example_short_circuit_operator.py took 0.434 seconds
[2025-07-21T08:39:05.291+0000] {processor.py:161} INFO - Started process (PID=2338) to work on /home/airflow/.local/lib/python3.8/site-packages/airflow/example_dags/example_short_circuit_operator.py
[2025-07-21T08:39:05.319+0000] {processor.py:830} INFO - Processing file /home/airflow/.local/lib/python3.8/site-packages/airflow/example_dags/example_short_circuit_operator.py for tasks to queue
[2025-07-21T08:39:05.345+0000] {logging_mixin.py:188} INFO - [2025-07-21T08:39:05.344+0000] {dagbag.py:538} INFO - Filling up the DagBag from /home/airflow/.local/lib/python3.8/site-packages/airflow/example_dags/example_short_circuit_operator.py
[2025-07-21T08:39:05.401+0000] {processor.py:840} INFO - DAG(s) 'example_short_circuit_operator' retrieved from /home/airflow/.local/lib/python3.8/site-packages/airflow/example_dags/example_short_circuit_operator.py
[2025-07-21T08:39:05.573+0000] {logging_mixin.py:188} INFO - [2025-07-21T08:39:05.573+0000] {dag.py:3036} INFO - Sync 1 DAGs
[2025-07-21T08:39:05.704+0000] {logging_mixin.py:188} INFO - [2025-07-21T08:39:05.703+0000] {dag.py:3823} INFO - Setting next_dagrun for example_short_circuit_operator to 2025-07-20 00:00:00+00:00, run_after=2025-07-21 00:00:00+00:00
[2025-07-21T08:39:05.806+0000] {processor.py:183} INFO - Processing /home/airflow/.local/lib/python3.8/site-packages/airflow/example_dags/example_short_circuit_operator.py took 0.535 seconds
[2025-07-21T08:39:36.775+0000] {processor.py:161} INFO - Started process (PID=2394) to work on /home/airflow/.local/lib/python3.8/site-packages/airflow/example_dags/example_short_circuit_operator.py
[2025-07-21T08:39:36.779+0000] {processor.py:830} INFO - Processing file /home/airflow/.local/lib/python3.8/site-packages/airflow/example_dags/example_short_circuit_operator.py for tasks to queue
[2025-07-21T08:39:36.787+0000] {logging_mixin.py:188} INFO - [2025-07-21T08:39:36.786+0000] {dagbag.py:538} INFO - Filling up the DagBag from /home/airflow/.local/lib/python3.8/site-packages/airflow/example_dags/example_short_circuit_operator.py
[2025-07-21T08:39:36.811+0000] {processor.py:840} INFO - DAG(s) 'example_short_circuit_operator' retrieved from /home/airflow/.local/lib/python3.8/site-packages/airflow/example_dags/example_short_circuit_operator.py
[2025-07-21T08:39:36.901+0000] {logging_mixin.py:188} INFO - [2025-07-21T08:39:36.900+0000] {dag.py:3036} INFO - Sync 1 DAGs
[2025-07-21T08:39:36.967+0000] {logging_mixin.py:188} INFO - [2025-07-21T08:39:36.967+0000] {dag.py:3823} INFO - Setting next_dagrun for example_short_circuit_operator to 2025-07-20 00:00:00+00:00, run_after=2025-07-21 00:00:00+00:00
[2025-07-21T08:39:37.023+0000] {processor.py:183} INFO - Processing /home/airflow/.local/lib/python3.8/site-packages/airflow/example_dags/example_short_circuit_operator.py took 0.262 seconds
[2025-07-21T08:40:07.942+0000] {processor.py:161} INFO - Started process (PID=2449) to work on /home/airflow/.local/lib/python3.8/site-packages/airflow/example_dags/example_short_circuit_operator.py
[2025-07-21T08:40:07.967+0000] {processor.py:830} INFO - Processing file /home/airflow/.local/lib/python3.8/site-packages/airflow/example_dags/example_short_circuit_operator.py for tasks to queue
[2025-07-21T08:40:08.003+0000] {logging_mixin.py:188} INFO - [2025-07-21T08:40:07.997+0000] {dagbag.py:538} INFO - Filling up the DagBag from /home/airflow/.local/lib/python3.8/site-packages/airflow/example_dags/example_short_circuit_operator.py
[2025-07-21T08:40:08.094+0000] {processor.py:840} INFO - DAG(s) 'example_short_circuit_operator' retrieved from /home/airflow/.local/lib/python3.8/site-packages/airflow/example_dags/example_short_circuit_operator.py
[2025-07-21T08:40:08.289+0000] {logging_mixin.py:188} INFO - [2025-07-21T08:40:08.281+0000] {dag.py:3036} INFO - Sync 1 DAGs
[2025-07-21T08:40:08.371+0000] {logging_mixin.py:188} INFO - [2025-07-21T08:40:08.371+0000] {dag.py:3823} INFO - Setting next_dagrun for example_short_circuit_operator to 2025-07-20 00:00:00+00:00, run_after=2025-07-21 00:00:00+00:00
[2025-07-21T08:40:08.445+0000] {processor.py:183} INFO - Processing /home/airflow/.local/lib/python3.8/site-packages/airflow/example_dags/example_short_circuit_operator.py took 0.533 seconds
[2025-07-21T08:40:39.027+0000] {processor.py:161} INFO - Started process (PID=2504) to work on /home/airflow/.local/lib/python3.8/site-packages/airflow/example_dags/example_short_circuit_operator.py
[2025-07-21T08:40:39.029+0000] {processor.py:830} INFO - Processing file /home/airflow/.local/lib/python3.8/site-packages/airflow/example_dags/example_short_circuit_operator.py for tasks to queue
[2025-07-21T08:40:39.040+0000] {logging_mixin.py:188} INFO - [2025-07-21T08:40:39.039+0000] {dagbag.py:538} INFO - Filling up the DagBag from /home/airflow/.local/lib/python3.8/site-packages/airflow/example_dags/example_short_circuit_operator.py
[2025-07-21T08:40:39.060+0000] {processor.py:840} INFO - DAG(s) 'example_short_circuit_operator' retrieved from /home/airflow/.local/lib/python3.8/site-packages/airflow/example_dags/example_short_circuit_operator.py
[2025-07-21T08:40:39.394+0000] {logging_mixin.py:188} INFO - [2025-07-21T08:40:39.393+0000] {dag.py:3036} INFO - Sync 1 DAGs
[2025-07-21T08:40:39.462+0000] {logging_mixin.py:188} INFO - [2025-07-21T08:40:39.462+0000] {dag.py:3823} INFO - Setting next_dagrun for example_short_circuit_operator to 2025-07-20 00:00:00+00:00, run_after=2025-07-21 00:00:00+00:00
[2025-07-21T08:40:39.580+0000] {processor.py:183} INFO - Processing /home/airflow/.local/lib/python3.8/site-packages/airflow/example_dags/example_short_circuit_operator.py took 0.561 seconds
[2025-07-21T08:41:11.166+0000] {processor.py:161} INFO - Started process (PID=2559) to work on /home/airflow/.local/lib/python3.8/site-packages/airflow/example_dags/example_short_circuit_operator.py
[2025-07-21T08:41:11.174+0000] {processor.py:830} INFO - Processing file /home/airflow/.local/lib/python3.8/site-packages/airflow/example_dags/example_short_circuit_operator.py for tasks to queue
[2025-07-21T08:41:11.180+0000] {logging_mixin.py:188} INFO - [2025-07-21T08:41:11.180+0000] {dagbag.py:538} INFO - Filling up the DagBag from /home/airflow/.local/lib/python3.8/site-packages/airflow/example_dags/example_short_circuit_operator.py
[2025-07-21T08:41:11.201+0000] {processor.py:840} INFO - DAG(s) 'example_short_circuit_operator' retrieved from /home/airflow/.local/lib/python3.8/site-packages/airflow/example_dags/example_short_circuit_operator.py
[2025-07-21T08:41:11.270+0000] {logging_mixin.py:188} INFO - [2025-07-21T08:41:11.269+0000] {dag.py:3036} INFO - Sync 1 DAGs
[2025-07-21T08:41:11.575+0000] {logging_mixin.py:188} INFO - [2025-07-21T08:41:11.575+0000] {dag.py:3823} INFO - Setting next_dagrun for example_short_circuit_operator to 2025-07-20 00:00:00+00:00, run_after=2025-07-21 00:00:00+00:00
[2025-07-21T08:41:11.635+0000] {processor.py:183} INFO - Processing /home/airflow/.local/lib/python3.8/site-packages/airflow/example_dags/example_short_circuit_operator.py took 0.490 seconds
[2025-07-21T08:41:42.361+0000] {processor.py:161} INFO - Started process (PID=2614) to work on /home/airflow/.local/lib/python3.8/site-packages/airflow/example_dags/example_short_circuit_operator.py
[2025-07-21T08:41:42.364+0000] {processor.py:830} INFO - Processing file /home/airflow/.local/lib/python3.8/site-packages/airflow/example_dags/example_short_circuit_operator.py for tasks to queue
[2025-07-21T08:41:42.370+0000] {logging_mixin.py:188} INFO - [2025-07-21T08:41:42.369+0000] {dagbag.py:538} INFO - Filling up the DagBag from /home/airflow/.local/lib/python3.8/site-packages/airflow/example_dags/example_short_circuit_operator.py
[2025-07-21T08:41:42.394+0000] {processor.py:840} INFO - DAG(s) 'example_short_circuit_operator' retrieved from /home/airflow/.local/lib/python3.8/site-packages/airflow/example_dags/example_short_circuit_operator.py
[2025-07-21T08:41:42.471+0000] {logging_mixin.py:188} INFO - [2025-07-21T08:41:42.471+0000] {dag.py:3036} INFO - Sync 1 DAGs
[2025-07-21T08:41:42.551+0000] {logging_mixin.py:188} INFO - [2025-07-21T08:41:42.550+0000] {dag.py:3823} INFO - Setting next_dagrun for example_short_circuit_operator to 2025-07-20 00:00:00+00:00, run_after=2025-07-21 00:00:00+00:00
[2025-07-21T08:41:42.596+0000] {processor.py:183} INFO - Processing /home/airflow/.local/lib/python3.8/site-packages/airflow/example_dags/example_short_circuit_operator.py took 0.247 seconds
[2025-07-21T08:42:13.969+0000] {processor.py:161} INFO - Started process (PID=2669) to work on /home/airflow/.local/lib/python3.8/site-packages/airflow/example_dags/example_short_circuit_operator.py
[2025-07-21T08:42:14.000+0000] {processor.py:830} INFO - Processing file /home/airflow/.local/lib/python3.8/site-packages/airflow/example_dags/example_short_circuit_operator.py for tasks to queue
[2025-07-21T08:42:14.011+0000] {logging_mixin.py:188} INFO - [2025-07-21T08:42:14.011+0000] {dagbag.py:538} INFO - Filling up the DagBag from /home/airflow/.local/lib/python3.8/site-packages/airflow/example_dags/example_short_circuit_operator.py
[2025-07-21T08:42:14.062+0000] {processor.py:840} INFO - DAG(s) 'example_short_circuit_operator' retrieved from /home/airflow/.local/lib/python3.8/site-packages/airflow/example_dags/example_short_circuit_operator.py
[2025-07-21T08:42:14.247+0000] {logging_mixin.py:188} INFO - [2025-07-21T08:42:14.246+0000] {dag.py:3036} INFO - Sync 1 DAGs
[2025-07-21T08:42:14.430+0000] {logging_mixin.py:188} INFO - [2025-07-21T08:42:14.429+0000] {dag.py:3823} INFO - Setting next_dagrun for example_short_circuit_operator to 2025-07-20 00:00:00+00:00, run_after=2025-07-21 00:00:00+00:00
[2025-07-21T08:42:14.520+0000] {processor.py:183} INFO - Processing /home/airflow/.local/lib/python3.8/site-packages/airflow/example_dags/example_short_circuit_operator.py took 0.558 seconds
[2025-07-21T08:42:44.639+0000] {processor.py:161} INFO - Started process (PID=2724) to work on /home/airflow/.local/lib/python3.8/site-packages/airflow/example_dags/example_short_circuit_operator.py
[2025-07-21T08:42:44.643+0000] {processor.py:830} INFO - Processing file /home/airflow/.local/lib/python3.8/site-packages/airflow/example_dags/example_short_circuit_operator.py for tasks to queue
[2025-07-21T08:42:44.648+0000] {logging_mixin.py:188} INFO - [2025-07-21T08:42:44.647+0000] {dagbag.py:538} INFO - Filling up the DagBag from /home/airflow/.local/lib/python3.8/site-packages/airflow/example_dags/example_short_circuit_operator.py
[2025-07-21T08:42:44.682+0000] {processor.py:840} INFO - DAG(s) 'example_short_circuit_operator' retrieved from /home/airflow/.local/lib/python3.8/site-packages/airflow/example_dags/example_short_circuit_operator.py
[2025-07-21T08:42:44.743+0000] {logging_mixin.py:188} INFO - [2025-07-21T08:42:44.743+0000] {dag.py:3036} INFO - Sync 1 DAGs
[2025-07-21T08:42:44.809+0000] {logging_mixin.py:188} INFO - [2025-07-21T08:42:44.809+0000] {dag.py:3823} INFO - Setting next_dagrun for example_short_circuit_operator to 2025-07-20 00:00:00+00:00, run_after=2025-07-21 00:00:00+00:00
[2025-07-21T08:42:44.851+0000] {processor.py:183} INFO - Processing /home/airflow/.local/lib/python3.8/site-packages/airflow/example_dags/example_short_circuit_operator.py took 0.223 seconds
[2025-07-21T08:43:15.523+0000] {processor.py:161} INFO - Started process (PID=2779) to work on /home/airflow/.local/lib/python3.8/site-packages/airflow/example_dags/example_short_circuit_operator.py
[2025-07-21T08:43:15.537+0000] {processor.py:830} INFO - Processing file /home/airflow/.local/lib/python3.8/site-packages/airflow/example_dags/example_short_circuit_operator.py for tasks to queue
[2025-07-21T08:43:15.542+0000] {logging_mixin.py:188} INFO - [2025-07-21T08:43:15.542+0000] {dagbag.py:538} INFO - Filling up the DagBag from /home/airflow/.local/lib/python3.8/site-packages/airflow/example_dags/example_short_circuit_operator.py
[2025-07-21T08:43:15.587+0000] {processor.py:840} INFO - DAG(s) 'example_short_circuit_operator' retrieved from /home/airflow/.local/lib/python3.8/site-packages/airflow/example_dags/example_short_circuit_operator.py
[2025-07-21T08:43:15.655+0000] {logging_mixin.py:188} INFO - [2025-07-21T08:43:15.655+0000] {dag.py:3036} INFO - Sync 1 DAGs
[2025-07-21T08:43:15.752+0000] {logging_mixin.py:188} INFO - [2025-07-21T08:43:15.751+0000] {dag.py:3823} INFO - Setting next_dagrun for example_short_circuit_operator to 2025-07-20 00:00:00+00:00, run_after=2025-07-21 00:00:00+00:00
[2025-07-21T08:43:15.832+0000] {processor.py:183} INFO - Processing /home/airflow/.local/lib/python3.8/site-packages/airflow/example_dags/example_short_circuit_operator.py took 0.329 seconds
[2025-07-21T08:43:46.634+0000] {processor.py:161} INFO - Started process (PID=2834) to work on /home/airflow/.local/lib/python3.8/site-packages/airflow/example_dags/example_short_circuit_operator.py
[2025-07-21T08:43:46.638+0000] {processor.py:830} INFO - Processing file /home/airflow/.local/lib/python3.8/site-packages/airflow/example_dags/example_short_circuit_operator.py for tasks to queue
[2025-07-21T08:43:46.648+0000] {logging_mixin.py:188} INFO - [2025-07-21T08:43:46.647+0000] {dagbag.py:538} INFO - Filling up the DagBag from /home/airflow/.local/lib/python3.8/site-packages/airflow/example_dags/example_short_circuit_operator.py
[2025-07-21T08:43:46.675+0000] {processor.py:840} INFO - DAG(s) 'example_short_circuit_operator' retrieved from /home/airflow/.local/lib/python3.8/site-packages/airflow/example_dags/example_short_circuit_operator.py
[2025-07-21T08:43:46.743+0000] {logging_mixin.py:188} INFO - [2025-07-21T08:43:46.743+0000] {dag.py:3036} INFO - Sync 1 DAGs
[2025-07-21T08:43:46.791+0000] {logging_mixin.py:188} INFO - [2025-07-21T08:43:46.791+0000] {dag.py:3823} INFO - Setting next_dagrun for example_short_circuit_operator to 2025-07-20 00:00:00+00:00, run_after=2025-07-21 00:00:00+00:00
[2025-07-21T08:43:46.857+0000] {processor.py:183} INFO - Processing /home/airflow/.local/lib/python3.8/site-packages/airflow/example_dags/example_short_circuit_operator.py took 0.236 seconds
