[2025-07-21T08:14:34.501+0000] {processor.py:161} INFO - Started process (PID=68) to work on /home/airflow/.local/lib/python3.8/site-packages/airflow/example_dags/example_latest_only_with_trigger.py
[2025-07-21T08:14:34.515+0000] {processor.py:830} INFO - Processing file /home/airflow/.local/lib/python3.8/site-packages/airflow/example_dags/example_latest_only_with_trigger.py for tasks to queue
[2025-07-21T08:14:34.532+0000] {logging_mixin.py:188} INFO - [2025-07-21T08:14:34.532+0000] {dagbag.py:538} INFO - Filling up the DagBag from /home/airflow/.local/lib/python3.8/site-packages/airflow/example_dags/example_latest_only_with_trigger.py
[2025-07-21T08:14:34.630+0000] {processor.py:840} INFO - DAG(s) 'latest_only_with_trigger' retrieved from /home/airflow/.local/lib/python3.8/site-packages/airflow/example_dags/example_latest_only_with_trigger.py
[2025-07-21T08:14:34.786+0000] {logging_mixin.py:188} INFO - [2025-07-21T08:14:34.785+0000] {dag.py:3036} INFO - Sync 1 DAGs
[2025-07-21T08:14:34.967+0000] {logging_mixin.py:188} INFO - [2025-07-21T08:14:34.966+0000] {dag.py:3823} INFO - Setting next_dagrun for latest_only_with_trigger to 2025-07-21 04:00:00+00:00, run_after=2025-07-21 08:00:00+00:00
[2025-07-21T08:14:35.035+0000] {processor.py:183} INFO - Processing /home/airflow/.local/lib/python3.8/site-packages/airflow/example_dags/example_latest_only_with_trigger.py took 0.584 seconds
[2025-07-21T08:15:08.423+0000] {processor.py:161} INFO - Started process (PID=123) to work on /home/airflow/.local/lib/python3.8/site-packages/airflow/example_dags/example_latest_only_with_trigger.py
[2025-07-21T08:15:08.429+0000] {processor.py:830} INFO - Processing file /home/airflow/.local/lib/python3.8/site-packages/airflow/example_dags/example_latest_only_with_trigger.py for tasks to queue
[2025-07-21T08:15:08.433+0000] {logging_mixin.py:188} INFO - [2025-07-21T08:15:08.432+0000] {dagbag.py:538} INFO - Filling up the DagBag from /home/airflow/.local/lib/python3.8/site-packages/airflow/example_dags/example_latest_only_with_trigger.py
[2025-07-21T08:15:08.502+0000] {processor.py:840} INFO - DAG(s) 'latest_only_with_trigger' retrieved from /home/airflow/.local/lib/python3.8/site-packages/airflow/example_dags/example_latest_only_with_trigger.py
[2025-07-21T08:15:08.697+0000] {logging_mixin.py:188} INFO - [2025-07-21T08:15:08.697+0000] {dag.py:3036} INFO - Sync 1 DAGs
[2025-07-21T08:15:08.856+0000] {logging_mixin.py:188} INFO - [2025-07-21T08:15:08.855+0000] {dag.py:3823} INFO - Setting next_dagrun for latest_only_with_trigger to 2025-07-21 04:00:00+00:00, run_after=2025-07-21 08:00:00+00:00
[2025-07-21T08:15:09.002+0000] {processor.py:183} INFO - Processing /home/airflow/.local/lib/python3.8/site-packages/airflow/example_dags/example_latest_only_with_trigger.py took 0.606 seconds
[2025-07-21T08:15:42.910+0000] {processor.py:161} INFO - Started process (PID=185) to work on /home/airflow/.local/lib/python3.8/site-packages/airflow/example_dags/example_latest_only_with_trigger.py
[2025-07-21T08:15:42.926+0000] {processor.py:830} INFO - Processing file /home/airflow/.local/lib/python3.8/site-packages/airflow/example_dags/example_latest_only_with_trigger.py for tasks to queue
[2025-07-21T08:15:42.985+0000] {logging_mixin.py:188} INFO - [2025-07-21T08:15:42.950+0000] {dagbag.py:538} INFO - Filling up the DagBag from /home/airflow/.local/lib/python3.8/site-packages/airflow/example_dags/example_latest_only_with_trigger.py
[2025-07-21T08:15:43.070+0000] {processor.py:840} INFO - DAG(s) 'latest_only_with_trigger' retrieved from /home/airflow/.local/lib/python3.8/site-packages/airflow/example_dags/example_latest_only_with_trigger.py
[2025-07-21T08:15:43.413+0000] {logging_mixin.py:188} INFO - [2025-07-21T08:15:43.412+0000] {dag.py:3036} INFO - Sync 1 DAGs
[2025-07-21T08:15:43.829+0000] {logging_mixin.py:188} INFO - [2025-07-21T08:15:43.829+0000] {dag.py:3823} INFO - Setting next_dagrun for latest_only_with_trigger to 2025-07-21 04:00:00+00:00, run_after=2025-07-21 08:00:00+00:00
[2025-07-21T08:15:44.273+0000] {processor.py:183} INFO - Processing /home/airflow/.local/lib/python3.8/site-packages/airflow/example_dags/example_latest_only_with_trigger.py took 1.420 seconds
[2025-07-21T08:16:28.638+0000] {processor.py:161} INFO - Started process (PID=240) to work on /home/airflow/.local/lib/python3.8/site-packages/airflow/example_dags/example_latest_only_with_trigger.py
[2025-07-21T08:16:28.659+0000] {processor.py:830} INFO - Processing file /home/airflow/.local/lib/python3.8/site-packages/airflow/example_dags/example_latest_only_with_trigger.py for tasks to queue
[2025-07-21T08:16:28.679+0000] {logging_mixin.py:188} INFO - [2025-07-21T08:16:28.679+0000] {dagbag.py:538} INFO - Filling up the DagBag from /home/airflow/.local/lib/python3.8/site-packages/airflow/example_dags/example_latest_only_with_trigger.py
[2025-07-21T08:16:28.866+0000] {processor.py:840} INFO - DAG(s) 'latest_only_with_trigger' retrieved from /home/airflow/.local/lib/python3.8/site-packages/airflow/example_dags/example_latest_only_with_trigger.py
[2025-07-21T08:16:29.114+0000] {logging_mixin.py:188} INFO - [2025-07-21T08:16:29.114+0000] {dag.py:3036} INFO - Sync 1 DAGs
[2025-07-21T08:16:29.311+0000] {logging_mixin.py:188} INFO - [2025-07-21T08:16:29.311+0000] {dag.py:3823} INFO - Setting next_dagrun for latest_only_with_trigger to 2025-07-21 04:00:00+00:00, run_after=2025-07-21 08:00:00+00:00
[2025-07-21T08:16:29.454+0000] {processor.py:183} INFO - Processing /home/airflow/.local/lib/python3.8/site-packages/airflow/example_dags/example_latest_only_with_trigger.py took 0.852 seconds
[2025-07-21T08:17:12.038+0000] {processor.py:161} INFO - Started process (PID=289) to work on /home/airflow/.local/lib/python3.8/site-packages/airflow/example_dags/example_latest_only_with_trigger.py
[2025-07-21T08:17:12.055+0000] {processor.py:830} INFO - Processing file /home/airflow/.local/lib/python3.8/site-packages/airflow/example_dags/example_latest_only_with_trigger.py for tasks to queue
[2025-07-21T08:17:12.080+0000] {logging_mixin.py:188} INFO - [2025-07-21T08:17:12.076+0000] {dagbag.py:538} INFO - Filling up the DagBag from /home/airflow/.local/lib/python3.8/site-packages/airflow/example_dags/example_latest_only_with_trigger.py
[2025-07-21T08:17:12.157+0000] {processor.py:840} INFO - DAG(s) 'latest_only_with_trigger' retrieved from /home/airflow/.local/lib/python3.8/site-packages/airflow/example_dags/example_latest_only_with_trigger.py
[2025-07-21T08:17:13.106+0000] {logging_mixin.py:188} INFO - [2025-07-21T08:17:13.106+0000] {dag.py:3036} INFO - Sync 1 DAGs
[2025-07-21T08:17:13.722+0000] {logging_mixin.py:188} INFO - [2025-07-21T08:17:13.722+0000] {dag.py:3823} INFO - Setting next_dagrun for latest_only_with_trigger to 2025-07-21 04:00:00+00:00, run_after=2025-07-21 08:00:00+00:00
[2025-07-21T08:17:15.168+0000] {processor.py:183} INFO - Processing /home/airflow/.local/lib/python3.8/site-packages/airflow/example_dags/example_latest_only_with_trigger.py took 3.056 seconds
[2025-07-21T08:18:17.798+0000] {processor.py:161} INFO - Started process (PID=356) to work on /home/airflow/.local/lib/python3.8/site-packages/airflow/example_dags/example_latest_only_with_trigger.py
[2025-07-21T08:18:17.958+0000] {processor.py:830} INFO - Processing file /home/airflow/.local/lib/python3.8/site-packages/airflow/example_dags/example_latest_only_with_trigger.py for tasks to queue
[2025-07-21T08:18:18.025+0000] {logging_mixin.py:188} INFO - [2025-07-21T08:18:18.024+0000] {dagbag.py:538} INFO - Filling up the DagBag from /home/airflow/.local/lib/python3.8/site-packages/airflow/example_dags/example_latest_only_with_trigger.py
[2025-07-21T08:18:18.466+0000] {processor.py:840} INFO - DAG(s) 'latest_only_with_trigger' retrieved from /home/airflow/.local/lib/python3.8/site-packages/airflow/example_dags/example_latest_only_with_trigger.py
[2025-07-21T08:18:21.961+0000] {logging_mixin.py:188} INFO - [2025-07-21T08:18:21.960+0000] {dag.py:3036} INFO - Sync 1 DAGs
[2025-07-21T08:18:22.436+0000] {logging_mixin.py:188} INFO - [2025-07-21T08:18:22.436+0000] {dag.py:3823} INFO - Setting next_dagrun for latest_only_with_trigger to 2025-07-21 04:00:00+00:00, run_after=2025-07-21 08:00:00+00:00
[2025-07-21T08:18:23.241+0000] {processor.py:183} INFO - Processing /home/airflow/.local/lib/python3.8/site-packages/airflow/example_dags/example_latest_only_with_trigger.py took 5.489 seconds
[2025-07-21T08:19:56.009+0000] {processor.py:161} INFO - Started process (PID=429) to work on /home/airflow/.local/lib/python3.8/site-packages/airflow/example_dags/example_latest_only_with_trigger.py
[2025-07-21T08:19:56.037+0000] {processor.py:830} INFO - Processing file /home/airflow/.local/lib/python3.8/site-packages/airflow/example_dags/example_latest_only_with_trigger.py for tasks to queue
[2025-07-21T08:19:56.046+0000] {logging_mixin.py:188} INFO - [2025-07-21T08:19:56.044+0000] {dagbag.py:538} INFO - Filling up the DagBag from /home/airflow/.local/lib/python3.8/site-packages/airflow/example_dags/example_latest_only_with_trigger.py
[2025-07-21T08:19:56.102+0000] {processor.py:840} INFO - DAG(s) 'latest_only_with_trigger' retrieved from /home/airflow/.local/lib/python3.8/site-packages/airflow/example_dags/example_latest_only_with_trigger.py
[2025-07-21T08:19:56.282+0000] {logging_mixin.py:188} INFO - [2025-07-21T08:19:56.254+0000] {dag.py:3036} INFO - Sync 1 DAGs
[2025-07-21T08:19:56.543+0000] {logging_mixin.py:188} INFO - [2025-07-21T08:19:56.543+0000] {dag.py:3823} INFO - Setting next_dagrun for latest_only_with_trigger to 2025-07-21 04:00:00+00:00, run_after=2025-07-21 08:00:00+00:00
[2025-07-21T08:19:56.897+0000] {processor.py:183} INFO - Processing /home/airflow/.local/lib/python3.8/site-packages/airflow/example_dags/example_latest_only_with_trigger.py took 0.930 seconds
[2025-07-21T08:20:36.784+0000] {processor.py:161} INFO - Started process (PID=484) to work on /home/airflow/.local/lib/python3.8/site-packages/airflow/example_dags/example_latest_only_with_trigger.py
[2025-07-21T08:20:36.800+0000] {processor.py:830} INFO - Processing file /home/airflow/.local/lib/python3.8/site-packages/airflow/example_dags/example_latest_only_with_trigger.py for tasks to queue
[2025-07-21T08:20:36.845+0000] {logging_mixin.py:188} INFO - [2025-07-21T08:20:36.845+0000] {dagbag.py:538} INFO - Filling up the DagBag from /home/airflow/.local/lib/python3.8/site-packages/airflow/example_dags/example_latest_only_with_trigger.py
[2025-07-21T08:20:36.911+0000] {processor.py:840} INFO - DAG(s) 'latest_only_with_trigger' retrieved from /home/airflow/.local/lib/python3.8/site-packages/airflow/example_dags/example_latest_only_with_trigger.py
[2025-07-21T08:20:37.036+0000] {logging_mixin.py:188} INFO - [2025-07-21T08:20:37.035+0000] {dag.py:3036} INFO - Sync 1 DAGs
[2025-07-21T08:20:37.232+0000] {logging_mixin.py:188} INFO - [2025-07-21T08:20:37.221+0000] {dag.py:3823} INFO - Setting next_dagrun for latest_only_with_trigger to 2025-07-21 04:00:00+00:00, run_after=2025-07-21 08:00:00+00:00
[2025-07-21T08:20:37.341+0000] {processor.py:183} INFO - Processing /home/airflow/.local/lib/python3.8/site-packages/airflow/example_dags/example_latest_only_with_trigger.py took 0.563 seconds
[2025-07-21T08:21:32.294+0000] {processor.py:161} INFO - Started process (PID=542) to work on /home/airflow/.local/lib/python3.8/site-packages/airflow/example_dags/example_latest_only_with_trigger.py
[2025-07-21T08:21:32.308+0000] {processor.py:830} INFO - Processing file /home/airflow/.local/lib/python3.8/site-packages/airflow/example_dags/example_latest_only_with_trigger.py for tasks to queue
[2025-07-21T08:21:32.312+0000] {logging_mixin.py:188} INFO - [2025-07-21T08:21:32.312+0000] {dagbag.py:538} INFO - Filling up the DagBag from /home/airflow/.local/lib/python3.8/site-packages/airflow/example_dags/example_latest_only_with_trigger.py
[2025-07-21T08:21:32.389+0000] {processor.py:840} INFO - DAG(s) 'latest_only_with_trigger' retrieved from /home/airflow/.local/lib/python3.8/site-packages/airflow/example_dags/example_latest_only_with_trigger.py
[2025-07-21T08:21:32.691+0000] {logging_mixin.py:188} INFO - [2025-07-21T08:21:32.690+0000] {dag.py:3036} INFO - Sync 1 DAGs
[2025-07-21T08:21:32.900+0000] {logging_mixin.py:188} INFO - [2025-07-21T08:21:32.899+0000] {dag.py:3823} INFO - Setting next_dagrun for latest_only_with_trigger to 2025-07-21 04:00:00+00:00, run_after=2025-07-21 08:00:00+00:00
[2025-07-21T08:21:33.159+0000] {processor.py:183} INFO - Processing /home/airflow/.local/lib/python3.8/site-packages/airflow/example_dags/example_latest_only_with_trigger.py took 0.914 seconds
[2025-07-21T08:22:06.632+0000] {processor.py:161} INFO - Started process (PID=597) to work on /home/airflow/.local/lib/python3.8/site-packages/airflow/example_dags/example_latest_only_with_trigger.py
[2025-07-21T08:22:06.822+0000] {processor.py:830} INFO - Processing file /home/airflow/.local/lib/python3.8/site-packages/airflow/example_dags/example_latest_only_with_trigger.py for tasks to queue
[2025-07-21T08:22:06.958+0000] {logging_mixin.py:188} INFO - [2025-07-21T08:22:06.957+0000] {dagbag.py:538} INFO - Filling up the DagBag from /home/airflow/.local/lib/python3.8/site-packages/airflow/example_dags/example_latest_only_with_trigger.py
[2025-07-21T08:22:07.187+0000] {processor.py:840} INFO - DAG(s) 'latest_only_with_trigger' retrieved from /home/airflow/.local/lib/python3.8/site-packages/airflow/example_dags/example_latest_only_with_trigger.py
[2025-07-21T08:22:07.654+0000] {logging_mixin.py:188} INFO - [2025-07-21T08:22:07.653+0000] {dag.py:3036} INFO - Sync 1 DAGs
[2025-07-21T08:22:08.062+0000] {logging_mixin.py:188} INFO - [2025-07-21T08:22:08.061+0000] {dag.py:3823} INFO - Setting next_dagrun for latest_only_with_trigger to 2025-07-21 04:00:00+00:00, run_after=2025-07-21 08:00:00+00:00
[2025-07-21T08:22:08.578+0000] {processor.py:183} INFO - Processing /home/airflow/.local/lib/python3.8/site-packages/airflow/example_dags/example_latest_only_with_trigger.py took 2.117 seconds
[2025-07-21T08:22:39.136+0000] {processor.py:161} INFO - Started process (PID=651) to work on /home/airflow/.local/lib/python3.8/site-packages/airflow/example_dags/example_latest_only_with_trigger.py
[2025-07-21T08:22:39.139+0000] {processor.py:830} INFO - Processing file /home/airflow/.local/lib/python3.8/site-packages/airflow/example_dags/example_latest_only_with_trigger.py for tasks to queue
[2025-07-21T08:22:39.156+0000] {logging_mixin.py:188} INFO - [2025-07-21T08:22:39.155+0000] {dagbag.py:538} INFO - Filling up the DagBag from /home/airflow/.local/lib/python3.8/site-packages/airflow/example_dags/example_latest_only_with_trigger.py
[2025-07-21T08:22:39.172+0000] {processor.py:840} INFO - DAG(s) 'latest_only_with_trigger' retrieved from /home/airflow/.local/lib/python3.8/site-packages/airflow/example_dags/example_latest_only_with_trigger.py
[2025-07-21T08:22:39.234+0000] {logging_mixin.py:188} INFO - [2025-07-21T08:22:39.234+0000] {dag.py:3036} INFO - Sync 1 DAGs
[2025-07-21T08:22:39.333+0000] {logging_mixin.py:188} INFO - [2025-07-21T08:22:39.332+0000] {dag.py:3823} INFO - Setting next_dagrun for latest_only_with_trigger to 2025-07-21 04:00:00+00:00, run_after=2025-07-21 08:00:00+00:00
[2025-07-21T08:22:39.387+0000] {processor.py:183} INFO - Processing /home/airflow/.local/lib/python3.8/site-packages/airflow/example_dags/example_latest_only_with_trigger.py took 0.262 seconds
[2025-07-21T08:23:14.208+0000] {processor.py:161} INFO - Started process (PID=696) to work on /home/airflow/.local/lib/python3.8/site-packages/airflow/example_dags/example_latest_only_with_trigger.py
[2025-07-21T08:23:14.215+0000] {processor.py:830} INFO - Processing file /home/airflow/.local/lib/python3.8/site-packages/airflow/example_dags/example_latest_only_with_trigger.py for tasks to queue
[2025-07-21T08:23:14.219+0000] {logging_mixin.py:188} INFO - [2025-07-21T08:23:14.219+0000] {dagbag.py:538} INFO - Filling up the DagBag from /home/airflow/.local/lib/python3.8/site-packages/airflow/example_dags/example_latest_only_with_trigger.py
[2025-07-21T08:23:14.237+0000] {processor.py:840} INFO - DAG(s) 'latest_only_with_trigger' retrieved from /home/airflow/.local/lib/python3.8/site-packages/airflow/example_dags/example_latest_only_with_trigger.py
[2025-07-21T08:23:14.343+0000] {logging_mixin.py:188} INFO - [2025-07-21T08:23:14.343+0000] {dag.py:3036} INFO - Sync 1 DAGs
[2025-07-21T08:23:14.435+0000] {logging_mixin.py:188} INFO - [2025-07-21T08:23:14.435+0000] {dag.py:3823} INFO - Setting next_dagrun for latest_only_with_trigger to 2025-07-21 04:00:00+00:00, run_after=2025-07-21 08:00:00+00:00
[2025-07-21T08:23:14.511+0000] {processor.py:183} INFO - Processing /home/airflow/.local/lib/python3.8/site-packages/airflow/example_dags/example_latest_only_with_trigger.py took 0.310 seconds
[2025-07-21T08:23:46.926+0000] {processor.py:161} INFO - Started process (PID=752) to work on /home/airflow/.local/lib/python3.8/site-packages/airflow/example_dags/example_latest_only_with_trigger.py
[2025-07-21T08:23:46.932+0000] {processor.py:830} INFO - Processing file /home/airflow/.local/lib/python3.8/site-packages/airflow/example_dags/example_latest_only_with_trigger.py for tasks to queue
[2025-07-21T08:23:46.941+0000] {logging_mixin.py:188} INFO - [2025-07-21T08:23:46.941+0000] {dagbag.py:538} INFO - Filling up the DagBag from /home/airflow/.local/lib/python3.8/site-packages/airflow/example_dags/example_latest_only_with_trigger.py
[2025-07-21T08:23:46.969+0000] {processor.py:840} INFO - DAG(s) 'latest_only_with_trigger' retrieved from /home/airflow/.local/lib/python3.8/site-packages/airflow/example_dags/example_latest_only_with_trigger.py
[2025-07-21T08:23:47.349+0000] {logging_mixin.py:188} INFO - [2025-07-21T08:23:47.346+0000] {dag.py:3036} INFO - Sync 1 DAGs
[2025-07-21T08:23:47.457+0000] {logging_mixin.py:188} INFO - [2025-07-21T08:23:47.456+0000] {dag.py:3823} INFO - Setting next_dagrun for latest_only_with_trigger to 2025-07-21 04:00:00+00:00, run_after=2025-07-21 08:00:00+00:00
[2025-07-21T08:23:47.603+0000] {processor.py:183} INFO - Processing /home/airflow/.local/lib/python3.8/site-packages/airflow/example_dags/example_latest_only_with_trigger.py took 0.694 seconds
[2025-07-21T08:24:29.209+0000] {processor.py:161} INFO - Started process (PID=812) to work on /home/airflow/.local/lib/python3.8/site-packages/airflow/example_dags/example_latest_only_with_trigger.py
[2025-07-21T08:24:29.211+0000] {processor.py:830} INFO - Processing file /home/airflow/.local/lib/python3.8/site-packages/airflow/example_dags/example_latest_only_with_trigger.py for tasks to queue
[2025-07-21T08:24:29.220+0000] {logging_mixin.py:188} INFO - [2025-07-21T08:24:29.219+0000] {dagbag.py:538} INFO - Filling up the DagBag from /home/airflow/.local/lib/python3.8/site-packages/airflow/example_dags/example_latest_only_with_trigger.py
[2025-07-21T08:24:29.245+0000] {processor.py:840} INFO - DAG(s) 'latest_only_with_trigger' retrieved from /home/airflow/.local/lib/python3.8/site-packages/airflow/example_dags/example_latest_only_with_trigger.py
[2025-07-21T08:24:29.309+0000] {logging_mixin.py:188} INFO - [2025-07-21T08:24:29.309+0000] {dag.py:3036} INFO - Sync 1 DAGs
[2025-07-21T08:24:29.386+0000] {logging_mixin.py:188} INFO - [2025-07-21T08:24:29.385+0000] {dag.py:3823} INFO - Setting next_dagrun for latest_only_with_trigger to 2025-07-21 04:00:00+00:00, run_after=2025-07-21 08:00:00+00:00
[2025-07-21T08:24:29.530+0000] {processor.py:183} INFO - Processing /home/airflow/.local/lib/python3.8/site-packages/airflow/example_dags/example_latest_only_with_trigger.py took 0.339 seconds
[2025-07-21T08:25:01.779+0000] {processor.py:161} INFO - Started process (PID=867) to work on /home/airflow/.local/lib/python3.8/site-packages/airflow/example_dags/example_latest_only_with_trigger.py
[2025-07-21T08:25:01.792+0000] {processor.py:830} INFO - Processing file /home/airflow/.local/lib/python3.8/site-packages/airflow/example_dags/example_latest_only_with_trigger.py for tasks to queue
[2025-07-21T08:25:01.797+0000] {logging_mixin.py:188} INFO - [2025-07-21T08:25:01.797+0000] {dagbag.py:538} INFO - Filling up the DagBag from /home/airflow/.local/lib/python3.8/site-packages/airflow/example_dags/example_latest_only_with_trigger.py
[2025-07-21T08:25:01.849+0000] {processor.py:840} INFO - DAG(s) 'latest_only_with_trigger' retrieved from /home/airflow/.local/lib/python3.8/site-packages/airflow/example_dags/example_latest_only_with_trigger.py
[2025-07-21T08:25:01.975+0000] {logging_mixin.py:188} INFO - [2025-07-21T08:25:01.975+0000] {dag.py:3036} INFO - Sync 1 DAGs
[2025-07-21T08:25:02.033+0000] {logging_mixin.py:188} INFO - [2025-07-21T08:25:02.033+0000] {dag.py:3823} INFO - Setting next_dagrun for latest_only_with_trigger to 2025-07-21 04:00:00+00:00, run_after=2025-07-21 08:00:00+00:00
[2025-07-21T08:25:02.081+0000] {processor.py:183} INFO - Processing /home/airflow/.local/lib/python3.8/site-packages/airflow/example_dags/example_latest_only_with_trigger.py took 0.312 seconds
[2025-07-21T08:25:32.450+0000] {processor.py:161} INFO - Started process (PID=923) to work on /home/airflow/.local/lib/python3.8/site-packages/airflow/example_dags/example_latest_only_with_trigger.py
[2025-07-21T08:25:32.456+0000] {processor.py:830} INFO - Processing file /home/airflow/.local/lib/python3.8/site-packages/airflow/example_dags/example_latest_only_with_trigger.py for tasks to queue
[2025-07-21T08:25:32.460+0000] {logging_mixin.py:188} INFO - [2025-07-21T08:25:32.459+0000] {dagbag.py:538} INFO - Filling up the DagBag from /home/airflow/.local/lib/python3.8/site-packages/airflow/example_dags/example_latest_only_with_trigger.py
[2025-07-21T08:25:32.478+0000] {processor.py:840} INFO - DAG(s) 'latest_only_with_trigger' retrieved from /home/airflow/.local/lib/python3.8/site-packages/airflow/example_dags/example_latest_only_with_trigger.py
[2025-07-21T08:25:32.572+0000] {logging_mixin.py:188} INFO - [2025-07-21T08:25:32.572+0000] {dag.py:3036} INFO - Sync 1 DAGs
[2025-07-21T08:25:32.686+0000] {logging_mixin.py:188} INFO - [2025-07-21T08:25:32.686+0000] {dag.py:3823} INFO - Setting next_dagrun for latest_only_with_trigger to 2025-07-21 04:00:00+00:00, run_after=2025-07-21 08:00:00+00:00
[2025-07-21T08:25:32.779+0000] {processor.py:183} INFO - Processing /home/airflow/.local/lib/python3.8/site-packages/airflow/example_dags/example_latest_only_with_trigger.py took 0.348 seconds
[2025-07-21T08:26:03.275+0000] {processor.py:161} INFO - Started process (PID=978) to work on /home/airflow/.local/lib/python3.8/site-packages/airflow/example_dags/example_latest_only_with_trigger.py
[2025-07-21T08:26:03.279+0000] {processor.py:830} INFO - Processing file /home/airflow/.local/lib/python3.8/site-packages/airflow/example_dags/example_latest_only_with_trigger.py for tasks to queue
[2025-07-21T08:26:03.289+0000] {logging_mixin.py:188} INFO - [2025-07-21T08:26:03.289+0000] {dagbag.py:538} INFO - Filling up the DagBag from /home/airflow/.local/lib/python3.8/site-packages/airflow/example_dags/example_latest_only_with_trigger.py
[2025-07-21T08:26:03.317+0000] {processor.py:840} INFO - DAG(s) 'latest_only_with_trigger' retrieved from /home/airflow/.local/lib/python3.8/site-packages/airflow/example_dags/example_latest_only_with_trigger.py
[2025-07-21T08:26:03.419+0000] {logging_mixin.py:188} INFO - [2025-07-21T08:26:03.419+0000] {dag.py:3036} INFO - Sync 1 DAGs
[2025-07-21T08:26:03.540+0000] {logging_mixin.py:188} INFO - [2025-07-21T08:26:03.539+0000] {dag.py:3823} INFO - Setting next_dagrun for latest_only_with_trigger to 2025-07-21 04:00:00+00:00, run_after=2025-07-21 08:00:00+00:00
[2025-07-21T08:26:03.703+0000] {processor.py:183} INFO - Processing /home/airflow/.local/lib/python3.8/site-packages/airflow/example_dags/example_latest_only_with_trigger.py took 0.448 seconds
[2025-07-21T08:26:37.293+0000] {processor.py:161} INFO - Started process (PID=1034) to work on /home/airflow/.local/lib/python3.8/site-packages/airflow/example_dags/example_latest_only_with_trigger.py
[2025-07-21T08:26:37.304+0000] {processor.py:830} INFO - Processing file /home/airflow/.local/lib/python3.8/site-packages/airflow/example_dags/example_latest_only_with_trigger.py for tasks to queue
[2025-07-21T08:26:37.318+0000] {logging_mixin.py:188} INFO - [2025-07-21T08:26:37.318+0000] {dagbag.py:538} INFO - Filling up the DagBag from /home/airflow/.local/lib/python3.8/site-packages/airflow/example_dags/example_latest_only_with_trigger.py
[2025-07-21T08:26:37.344+0000] {processor.py:840} INFO - DAG(s) 'latest_only_with_trigger' retrieved from /home/airflow/.local/lib/python3.8/site-packages/airflow/example_dags/example_latest_only_with_trigger.py
[2025-07-21T08:26:37.513+0000] {logging_mixin.py:188} INFO - [2025-07-21T08:26:37.506+0000] {dag.py:3036} INFO - Sync 1 DAGs
[2025-07-21T08:26:37.864+0000] {logging_mixin.py:188} INFO - [2025-07-21T08:26:37.851+0000] {dag.py:3823} INFO - Setting next_dagrun for latest_only_with_trigger to 2025-07-21 04:00:00+00:00, run_after=2025-07-21 08:00:00+00:00
[2025-07-21T08:26:38.378+0000] {processor.py:183} INFO - Processing /home/airflow/.local/lib/python3.8/site-packages/airflow/example_dags/example_latest_only_with_trigger.py took 1.104 seconds
[2025-07-21T08:27:08.977+0000] {processor.py:161} INFO - Started process (PID=1088) to work on /home/airflow/.local/lib/python3.8/site-packages/airflow/example_dags/example_latest_only_with_trigger.py
[2025-07-21T08:27:08.981+0000] {processor.py:830} INFO - Processing file /home/airflow/.local/lib/python3.8/site-packages/airflow/example_dags/example_latest_only_with_trigger.py for tasks to queue
[2025-07-21T08:27:09.001+0000] {logging_mixin.py:188} INFO - [2025-07-21T08:27:08.998+0000] {dagbag.py:538} INFO - Filling up the DagBag from /home/airflow/.local/lib/python3.8/site-packages/airflow/example_dags/example_latest_only_with_trigger.py
[2025-07-21T08:27:09.087+0000] {processor.py:840} INFO - DAG(s) 'latest_only_with_trigger' retrieved from /home/airflow/.local/lib/python3.8/site-packages/airflow/example_dags/example_latest_only_with_trigger.py
[2025-07-21T08:27:09.176+0000] {logging_mixin.py:188} INFO - [2025-07-21T08:27:09.176+0000] {dag.py:3036} INFO - Sync 1 DAGs
[2025-07-21T08:27:09.242+0000] {logging_mixin.py:188} INFO - [2025-07-21T08:27:09.242+0000] {dag.py:3823} INFO - Setting next_dagrun for latest_only_with_trigger to 2025-07-21 04:00:00+00:00, run_after=2025-07-21 08:00:00+00:00
[2025-07-21T08:27:09.301+0000] {processor.py:183} INFO - Processing /home/airflow/.local/lib/python3.8/site-packages/airflow/example_dags/example_latest_only_with_trigger.py took 0.338 seconds
[2025-07-21T08:27:39.702+0000] {processor.py:161} INFO - Started process (PID=1143) to work on /home/airflow/.local/lib/python3.8/site-packages/airflow/example_dags/example_latest_only_with_trigger.py
[2025-07-21T08:27:39.709+0000] {processor.py:830} INFO - Processing file /home/airflow/.local/lib/python3.8/site-packages/airflow/example_dags/example_latest_only_with_trigger.py for tasks to queue
[2025-07-21T08:27:39.716+0000] {logging_mixin.py:188} INFO - [2025-07-21T08:27:39.715+0000] {dagbag.py:538} INFO - Filling up the DagBag from /home/airflow/.local/lib/python3.8/site-packages/airflow/example_dags/example_latest_only_with_trigger.py
[2025-07-21T08:27:39.743+0000] {processor.py:840} INFO - DAG(s) 'latest_only_with_trigger' retrieved from /home/airflow/.local/lib/python3.8/site-packages/airflow/example_dags/example_latest_only_with_trigger.py
[2025-07-21T08:27:39.822+0000] {logging_mixin.py:188} INFO - [2025-07-21T08:27:39.821+0000] {dag.py:3036} INFO - Sync 1 DAGs
[2025-07-21T08:27:39.896+0000] {logging_mixin.py:188} INFO - [2025-07-21T08:27:39.886+0000] {dag.py:3823} INFO - Setting next_dagrun for latest_only_with_trigger to 2025-07-21 04:00:00+00:00, run_after=2025-07-21 08:00:00+00:00
[2025-07-21T08:27:39.990+0000] {processor.py:183} INFO - Processing /home/airflow/.local/lib/python3.8/site-packages/airflow/example_dags/example_latest_only_with_trigger.py took 0.294 seconds
[2025-07-21T08:28:10.525+0000] {processor.py:161} INFO - Started process (PID=1197) to work on /home/airflow/.local/lib/python3.8/site-packages/airflow/example_dags/example_latest_only_with_trigger.py
[2025-07-21T08:28:10.540+0000] {processor.py:830} INFO - Processing file /home/airflow/.local/lib/python3.8/site-packages/airflow/example_dags/example_latest_only_with_trigger.py for tasks to queue
[2025-07-21T08:28:10.560+0000] {logging_mixin.py:188} INFO - [2025-07-21T08:28:10.548+0000] {dagbag.py:538} INFO - Filling up the DagBag from /home/airflow/.local/lib/python3.8/site-packages/airflow/example_dags/example_latest_only_with_trigger.py
[2025-07-21T08:28:10.654+0000] {processor.py:840} INFO - DAG(s) 'latest_only_with_trigger' retrieved from /home/airflow/.local/lib/python3.8/site-packages/airflow/example_dags/example_latest_only_with_trigger.py
[2025-07-21T08:28:10.789+0000] {logging_mixin.py:188} INFO - [2025-07-21T08:28:10.788+0000] {dag.py:3036} INFO - Sync 1 DAGs
[2025-07-21T08:28:10.993+0000] {logging_mixin.py:188} INFO - [2025-07-21T08:28:10.992+0000] {dag.py:3823} INFO - Setting next_dagrun for latest_only_with_trigger to 2025-07-21 04:00:00+00:00, run_after=2025-07-21 08:00:00+00:00
[2025-07-21T08:28:11.145+0000] {processor.py:183} INFO - Processing /home/airflow/.local/lib/python3.8/site-packages/airflow/example_dags/example_latest_only_with_trigger.py took 0.640 seconds
[2025-07-21T08:28:43.717+0000] {processor.py:161} INFO - Started process (PID=1252) to work on /home/airflow/.local/lib/python3.8/site-packages/airflow/example_dags/example_latest_only_with_trigger.py
[2025-07-21T08:28:43.810+0000] {processor.py:830} INFO - Processing file /home/airflow/.local/lib/python3.8/site-packages/airflow/example_dags/example_latest_only_with_trigger.py for tasks to queue
[2025-07-21T08:28:43.892+0000] {logging_mixin.py:188} INFO - [2025-07-21T08:28:43.891+0000] {dagbag.py:538} INFO - Filling up the DagBag from /home/airflow/.local/lib/python3.8/site-packages/airflow/example_dags/example_latest_only_with_trigger.py
[2025-07-21T08:28:43.944+0000] {processor.py:840} INFO - DAG(s) 'latest_only_with_trigger' retrieved from /home/airflow/.local/lib/python3.8/site-packages/airflow/example_dags/example_latest_only_with_trigger.py
[2025-07-21T08:28:44.304+0000] {logging_mixin.py:188} INFO - [2025-07-21T08:28:44.280+0000] {dag.py:3036} INFO - Sync 1 DAGs
[2025-07-21T08:28:44.468+0000] {logging_mixin.py:188} INFO - [2025-07-21T08:28:44.468+0000] {dag.py:3823} INFO - Setting next_dagrun for latest_only_with_trigger to 2025-07-21 04:00:00+00:00, run_after=2025-07-21 08:00:00+00:00
[2025-07-21T08:28:44.615+0000] {processor.py:183} INFO - Processing /home/airflow/.local/lib/python3.8/site-packages/airflow/example_dags/example_latest_only_with_trigger.py took 0.931 seconds
[2025-07-21T08:29:15.635+0000] {processor.py:161} INFO - Started process (PID=1307) to work on /home/airflow/.local/lib/python3.8/site-packages/airflow/example_dags/example_latest_only_with_trigger.py
[2025-07-21T08:29:15.641+0000] {processor.py:830} INFO - Processing file /home/airflow/.local/lib/python3.8/site-packages/airflow/example_dags/example_latest_only_with_trigger.py for tasks to queue
[2025-07-21T08:29:15.658+0000] {logging_mixin.py:188} INFO - [2025-07-21T08:29:15.652+0000] {dagbag.py:538} INFO - Filling up the DagBag from /home/airflow/.local/lib/python3.8/site-packages/airflow/example_dags/example_latest_only_with_trigger.py
[2025-07-21T08:29:15.848+0000] {processor.py:840} INFO - DAG(s) 'latest_only_with_trigger' retrieved from /home/airflow/.local/lib/python3.8/site-packages/airflow/example_dags/example_latest_only_with_trigger.py
[2025-07-21T08:29:16.050+0000] {logging_mixin.py:188} INFO - [2025-07-21T08:29:16.050+0000] {dag.py:3036} INFO - Sync 1 DAGs
[2025-07-21T08:29:16.200+0000] {logging_mixin.py:188} INFO - [2025-07-21T08:29:16.200+0000] {dag.py:3823} INFO - Setting next_dagrun for latest_only_with_trigger to 2025-07-21 04:00:00+00:00, run_after=2025-07-21 08:00:00+00:00
[2025-07-21T08:29:16.284+0000] {processor.py:183} INFO - Processing /home/airflow/.local/lib/python3.8/site-packages/airflow/example_dags/example_latest_only_with_trigger.py took 0.661 seconds
[2025-07-21T08:29:46.572+0000] {processor.py:161} INFO - Started process (PID=1362) to work on /home/airflow/.local/lib/python3.8/site-packages/airflow/example_dags/example_latest_only_with_trigger.py
[2025-07-21T08:29:46.592+0000] {processor.py:830} INFO - Processing file /home/airflow/.local/lib/python3.8/site-packages/airflow/example_dags/example_latest_only_with_trigger.py for tasks to queue
[2025-07-21T08:29:46.605+0000] {logging_mixin.py:188} INFO - [2025-07-21T08:29:46.601+0000] {dagbag.py:538} INFO - Filling up the DagBag from /home/airflow/.local/lib/python3.8/site-packages/airflow/example_dags/example_latest_only_with_trigger.py
[2025-07-21T08:29:46.689+0000] {processor.py:840} INFO - DAG(s) 'latest_only_with_trigger' retrieved from /home/airflow/.local/lib/python3.8/site-packages/airflow/example_dags/example_latest_only_with_trigger.py
[2025-07-21T08:29:46.877+0000] {logging_mixin.py:188} INFO - [2025-07-21T08:29:46.876+0000] {dag.py:3036} INFO - Sync 1 DAGs
[2025-07-21T08:29:47.207+0000] {logging_mixin.py:188} INFO - [2025-07-21T08:29:47.206+0000] {dag.py:3823} INFO - Setting next_dagrun for latest_only_with_trigger to 2025-07-21 04:00:00+00:00, run_after=2025-07-21 08:00:00+00:00
[2025-07-21T08:29:47.338+0000] {processor.py:183} INFO - Processing /home/airflow/.local/lib/python3.8/site-packages/airflow/example_dags/example_latest_only_with_trigger.py took 0.790 seconds
[2025-07-21T08:30:17.452+0000] {processor.py:161} INFO - Started process (PID=1417) to work on /home/airflow/.local/lib/python3.8/site-packages/airflow/example_dags/example_latest_only_with_trigger.py
[2025-07-21T08:30:17.455+0000] {processor.py:830} INFO - Processing file /home/airflow/.local/lib/python3.8/site-packages/airflow/example_dags/example_latest_only_with_trigger.py for tasks to queue
[2025-07-21T08:30:17.460+0000] {logging_mixin.py:188} INFO - [2025-07-21T08:30:17.459+0000] {dagbag.py:538} INFO - Filling up the DagBag from /home/airflow/.local/lib/python3.8/site-packages/airflow/example_dags/example_latest_only_with_trigger.py
[2025-07-21T08:30:17.478+0000] {processor.py:840} INFO - DAG(s) 'latest_only_with_trigger' retrieved from /home/airflow/.local/lib/python3.8/site-packages/airflow/example_dags/example_latest_only_with_trigger.py
[2025-07-21T08:30:17.529+0000] {logging_mixin.py:188} INFO - [2025-07-21T08:30:17.529+0000] {dag.py:3036} INFO - Sync 1 DAGs
[2025-07-21T08:30:17.587+0000] {logging_mixin.py:188} INFO - [2025-07-21T08:30:17.586+0000] {dag.py:3823} INFO - Setting next_dagrun for latest_only_with_trigger to 2025-07-21 04:00:00+00:00, run_after=2025-07-21 08:00:00+00:00
[2025-07-21T08:30:17.635+0000] {processor.py:183} INFO - Processing /home/airflow/.local/lib/python3.8/site-packages/airflow/example_dags/example_latest_only_with_trigger.py took 0.193 seconds
[2025-07-21T08:30:47.971+0000] {processor.py:161} INFO - Started process (PID=1472) to work on /home/airflow/.local/lib/python3.8/site-packages/airflow/example_dags/example_latest_only_with_trigger.py
[2025-07-21T08:30:47.978+0000] {processor.py:830} INFO - Processing file /home/airflow/.local/lib/python3.8/site-packages/airflow/example_dags/example_latest_only_with_trigger.py for tasks to queue
[2025-07-21T08:30:47.983+0000] {logging_mixin.py:188} INFO - [2025-07-21T08:30:47.982+0000] {dagbag.py:538} INFO - Filling up the DagBag from /home/airflow/.local/lib/python3.8/site-packages/airflow/example_dags/example_latest_only_with_trigger.py
[2025-07-21T08:30:48.007+0000] {processor.py:840} INFO - DAG(s) 'latest_only_with_trigger' retrieved from /home/airflow/.local/lib/python3.8/site-packages/airflow/example_dags/example_latest_only_with_trigger.py
[2025-07-21T08:30:48.072+0000] {logging_mixin.py:188} INFO - [2025-07-21T08:30:48.072+0000] {dag.py:3036} INFO - Sync 1 DAGs
[2025-07-21T08:30:48.116+0000] {logging_mixin.py:188} INFO - [2025-07-21T08:30:48.116+0000] {dag.py:3823} INFO - Setting next_dagrun for latest_only_with_trigger to 2025-07-21 04:00:00+00:00, run_after=2025-07-21 08:00:00+00:00
[2025-07-21T08:30:48.153+0000] {processor.py:183} INFO - Processing /home/airflow/.local/lib/python3.8/site-packages/airflow/example_dags/example_latest_only_with_trigger.py took 0.196 seconds
[2025-07-21T08:31:20.439+0000] {processor.py:161} INFO - Started process (PID=1528) to work on /home/airflow/.local/lib/python3.8/site-packages/airflow/example_dags/example_latest_only_with_trigger.py
[2025-07-21T08:31:20.455+0000] {processor.py:830} INFO - Processing file /home/airflow/.local/lib/python3.8/site-packages/airflow/example_dags/example_latest_only_with_trigger.py for tasks to queue
[2025-07-21T08:31:20.461+0000] {logging_mixin.py:188} INFO - [2025-07-21T08:31:20.461+0000] {dagbag.py:538} INFO - Filling up the DagBag from /home/airflow/.local/lib/python3.8/site-packages/airflow/example_dags/example_latest_only_with_trigger.py
[2025-07-21T08:31:20.497+0000] {processor.py:840} INFO - DAG(s) 'latest_only_with_trigger' retrieved from /home/airflow/.local/lib/python3.8/site-packages/airflow/example_dags/example_latest_only_with_trigger.py
[2025-07-21T08:31:20.659+0000] {logging_mixin.py:188} INFO - [2025-07-21T08:31:20.659+0000] {dag.py:3036} INFO - Sync 1 DAGs
[2025-07-21T08:31:20.790+0000] {logging_mixin.py:188} INFO - [2025-07-21T08:31:20.789+0000] {dag.py:3823} INFO - Setting next_dagrun for latest_only_with_trigger to 2025-07-21 04:00:00+00:00, run_after=2025-07-21 08:00:00+00:00
[2025-07-21T08:31:20.875+0000] {processor.py:183} INFO - Processing /home/airflow/.local/lib/python3.8/site-packages/airflow/example_dags/example_latest_only_with_trigger.py took 0.453 seconds
[2025-07-21T08:31:51.453+0000] {processor.py:161} INFO - Started process (PID=1583) to work on /home/airflow/.local/lib/python3.8/site-packages/airflow/example_dags/example_latest_only_with_trigger.py
[2025-07-21T08:31:51.470+0000] {processor.py:830} INFO - Processing file /home/airflow/.local/lib/python3.8/site-packages/airflow/example_dags/example_latest_only_with_trigger.py for tasks to queue
[2025-07-21T08:31:51.474+0000] {logging_mixin.py:188} INFO - [2025-07-21T08:31:51.474+0000] {dagbag.py:538} INFO - Filling up the DagBag from /home/airflow/.local/lib/python3.8/site-packages/airflow/example_dags/example_latest_only_with_trigger.py
[2025-07-21T08:31:51.508+0000] {processor.py:840} INFO - DAG(s) 'latest_only_with_trigger' retrieved from /home/airflow/.local/lib/python3.8/site-packages/airflow/example_dags/example_latest_only_with_trigger.py
[2025-07-21T08:31:51.592+0000] {logging_mixin.py:188} INFO - [2025-07-21T08:31:51.591+0000] {dag.py:3036} INFO - Sync 1 DAGs
[2025-07-21T08:31:51.687+0000] {logging_mixin.py:188} INFO - [2025-07-21T08:31:51.686+0000] {dag.py:3823} INFO - Setting next_dagrun for latest_only_with_trigger to 2025-07-21 04:00:00+00:00, run_after=2025-07-21 08:00:00+00:00
[2025-07-21T08:31:51.811+0000] {processor.py:183} INFO - Processing /home/airflow/.local/lib/python3.8/site-packages/airflow/example_dags/example_latest_only_with_trigger.py took 0.382 seconds
[2025-07-21T08:32:23.161+0000] {processor.py:161} INFO - Started process (PID=1636) to work on /home/airflow/.local/lib/python3.8/site-packages/airflow/example_dags/example_latest_only_with_trigger.py
[2025-07-21T08:32:23.164+0000] {processor.py:830} INFO - Processing file /home/airflow/.local/lib/python3.8/site-packages/airflow/example_dags/example_latest_only_with_trigger.py for tasks to queue
[2025-07-21T08:32:23.169+0000] {logging_mixin.py:188} INFO - [2025-07-21T08:32:23.168+0000] {dagbag.py:538} INFO - Filling up the DagBag from /home/airflow/.local/lib/python3.8/site-packages/airflow/example_dags/example_latest_only_with_trigger.py
[2025-07-21T08:32:23.189+0000] {processor.py:840} INFO - DAG(s) 'latest_only_with_trigger' retrieved from /home/airflow/.local/lib/python3.8/site-packages/airflow/example_dags/example_latest_only_with_trigger.py
[2025-07-21T08:32:23.261+0000] {logging_mixin.py:188} INFO - [2025-07-21T08:32:23.261+0000] {dag.py:3036} INFO - Sync 1 DAGs
[2025-07-21T08:32:23.331+0000] {logging_mixin.py:188} INFO - [2025-07-21T08:32:23.331+0000] {dag.py:3823} INFO - Setting next_dagrun for latest_only_with_trigger to 2025-07-21 04:00:00+00:00, run_after=2025-07-21 08:00:00+00:00
[2025-07-21T08:32:23.375+0000] {processor.py:183} INFO - Processing /home/airflow/.local/lib/python3.8/site-packages/airflow/example_dags/example_latest_only_with_trigger.py took 0.223 seconds
[2025-07-21T08:32:54.047+0000] {processor.py:161} INFO - Started process (PID=1684) to work on /home/airflow/.local/lib/python3.8/site-packages/airflow/example_dags/example_latest_only_with_trigger.py
[2025-07-21T08:32:54.052+0000] {processor.py:830} INFO - Processing file /home/airflow/.local/lib/python3.8/site-packages/airflow/example_dags/example_latest_only_with_trigger.py for tasks to queue
[2025-07-21T08:32:54.059+0000] {logging_mixin.py:188} INFO - [2025-07-21T08:32:54.058+0000] {dagbag.py:538} INFO - Filling up the DagBag from /home/airflow/.local/lib/python3.8/site-packages/airflow/example_dags/example_latest_only_with_trigger.py
[2025-07-21T08:32:54.084+0000] {processor.py:840} INFO - DAG(s) 'latest_only_with_trigger' retrieved from /home/airflow/.local/lib/python3.8/site-packages/airflow/example_dags/example_latest_only_with_trigger.py
[2025-07-21T08:32:54.169+0000] {logging_mixin.py:188} INFO - [2025-07-21T08:32:54.169+0000] {dag.py:3036} INFO - Sync 1 DAGs
[2025-07-21T08:32:54.345+0000] {logging_mixin.py:188} INFO - [2025-07-21T08:32:54.344+0000] {dag.py:3823} INFO - Setting next_dagrun for latest_only_with_trigger to 2025-07-21 04:00:00+00:00, run_after=2025-07-21 08:00:00+00:00
[2025-07-21T08:32:54.854+0000] {processor.py:183} INFO - Processing /home/airflow/.local/lib/python3.8/site-packages/airflow/example_dags/example_latest_only_with_trigger.py took 0.816 seconds
[2025-07-21T08:33:25.674+0000] {processor.py:161} INFO - Started process (PID=1739) to work on /home/airflow/.local/lib/python3.8/site-packages/airflow/example_dags/example_latest_only_with_trigger.py
[2025-07-21T08:33:25.688+0000] {processor.py:830} INFO - Processing file /home/airflow/.local/lib/python3.8/site-packages/airflow/example_dags/example_latest_only_with_trigger.py for tasks to queue
[2025-07-21T08:33:25.703+0000] {logging_mixin.py:188} INFO - [2025-07-21T08:33:25.702+0000] {dagbag.py:538} INFO - Filling up the DagBag from /home/airflow/.local/lib/python3.8/site-packages/airflow/example_dags/example_latest_only_with_trigger.py
[2025-07-21T08:33:25.764+0000] {processor.py:840} INFO - DAG(s) 'latest_only_with_trigger' retrieved from /home/airflow/.local/lib/python3.8/site-packages/airflow/example_dags/example_latest_only_with_trigger.py
[2025-07-21T08:33:25.886+0000] {logging_mixin.py:188} INFO - [2025-07-21T08:33:25.886+0000] {dag.py:3036} INFO - Sync 1 DAGs
[2025-07-21T08:33:25.981+0000] {logging_mixin.py:188} INFO - [2025-07-21T08:33:25.980+0000] {dag.py:3823} INFO - Setting next_dagrun for latest_only_with_trigger to 2025-07-21 04:00:00+00:00, run_after=2025-07-21 08:00:00+00:00
[2025-07-21T08:33:26.054+0000] {processor.py:183} INFO - Processing /home/airflow/.local/lib/python3.8/site-packages/airflow/example_dags/example_latest_only_with_trigger.py took 0.407 seconds
[2025-07-21T08:33:56.970+0000] {processor.py:161} INFO - Started process (PID=1794) to work on /home/airflow/.local/lib/python3.8/site-packages/airflow/example_dags/example_latest_only_with_trigger.py
[2025-07-21T08:33:56.972+0000] {processor.py:830} INFO - Processing file /home/airflow/.local/lib/python3.8/site-packages/airflow/example_dags/example_latest_only_with_trigger.py for tasks to queue
[2025-07-21T08:33:56.976+0000] {logging_mixin.py:188} INFO - [2025-07-21T08:33:56.976+0000] {dagbag.py:538} INFO - Filling up the DagBag from /home/airflow/.local/lib/python3.8/site-packages/airflow/example_dags/example_latest_only_with_trigger.py
[2025-07-21T08:33:56.988+0000] {processor.py:840} INFO - DAG(s) 'latest_only_with_trigger' retrieved from /home/airflow/.local/lib/python3.8/site-packages/airflow/example_dags/example_latest_only_with_trigger.py
[2025-07-21T08:33:57.035+0000] {logging_mixin.py:188} INFO - [2025-07-21T08:33:57.035+0000] {dag.py:3036} INFO - Sync 1 DAGs
[2025-07-21T08:33:57.078+0000] {logging_mixin.py:188} INFO - [2025-07-21T08:33:57.077+0000] {dag.py:3823} INFO - Setting next_dagrun for latest_only_with_trigger to 2025-07-21 04:00:00+00:00, run_after=2025-07-21 08:00:00+00:00
[2025-07-21T08:33:57.114+0000] {processor.py:183} INFO - Processing /home/airflow/.local/lib/python3.8/site-packages/airflow/example_dags/example_latest_only_with_trigger.py took 0.151 seconds
[2025-07-21T08:34:27.770+0000] {processor.py:161} INFO - Started process (PID=1854) to work on /home/airflow/.local/lib/python3.8/site-packages/airflow/example_dags/example_latest_only_with_trigger.py
[2025-07-21T08:34:27.783+0000] {processor.py:830} INFO - Processing file /home/airflow/.local/lib/python3.8/site-packages/airflow/example_dags/example_latest_only_with_trigger.py for tasks to queue
[2025-07-21T08:34:27.792+0000] {logging_mixin.py:188} INFO - [2025-07-21T08:34:27.787+0000] {dagbag.py:538} INFO - Filling up the DagBag from /home/airflow/.local/lib/python3.8/site-packages/airflow/example_dags/example_latest_only_with_trigger.py
[2025-07-21T08:34:27.827+0000] {processor.py:840} INFO - DAG(s) 'latest_only_with_trigger' retrieved from /home/airflow/.local/lib/python3.8/site-packages/airflow/example_dags/example_latest_only_with_trigger.py
[2025-07-21T08:34:27.942+0000] {logging_mixin.py:188} INFO - [2025-07-21T08:34:27.942+0000] {dag.py:3036} INFO - Sync 1 DAGs
[2025-07-21T08:34:28.023+0000] {logging_mixin.py:188} INFO - [2025-07-21T08:34:28.022+0000] {dag.py:3823} INFO - Setting next_dagrun for latest_only_with_trigger to 2025-07-21 04:00:00+00:00, run_after=2025-07-21 08:00:00+00:00
[2025-07-21T08:34:28.125+0000] {processor.py:183} INFO - Processing /home/airflow/.local/lib/python3.8/site-packages/airflow/example_dags/example_latest_only_with_trigger.py took 0.364 seconds
[2025-07-21T08:34:58.928+0000] {processor.py:161} INFO - Started process (PID=1909) to work on /home/airflow/.local/lib/python3.8/site-packages/airflow/example_dags/example_latest_only_with_trigger.py
[2025-07-21T08:34:58.935+0000] {processor.py:830} INFO - Processing file /home/airflow/.local/lib/python3.8/site-packages/airflow/example_dags/example_latest_only_with_trigger.py for tasks to queue
[2025-07-21T08:34:58.947+0000] {logging_mixin.py:188} INFO - [2025-07-21T08:34:58.946+0000] {dagbag.py:538} INFO - Filling up the DagBag from /home/airflow/.local/lib/python3.8/site-packages/airflow/example_dags/example_latest_only_with_trigger.py
[2025-07-21T08:34:58.994+0000] {processor.py:840} INFO - DAG(s) 'latest_only_with_trigger' retrieved from /home/airflow/.local/lib/python3.8/site-packages/airflow/example_dags/example_latest_only_with_trigger.py
[2025-07-21T08:34:59.114+0000] {logging_mixin.py:188} INFO - [2025-07-21T08:34:59.114+0000] {dag.py:3036} INFO - Sync 1 DAGs
[2025-07-21T08:34:59.188+0000] {logging_mixin.py:188} INFO - [2025-07-21T08:34:59.187+0000] {dag.py:3823} INFO - Setting next_dagrun for latest_only_with_trigger to 2025-07-21 04:00:00+00:00, run_after=2025-07-21 08:00:00+00:00
[2025-07-21T08:34:59.251+0000] {processor.py:183} INFO - Processing /home/airflow/.local/lib/python3.8/site-packages/airflow/example_dags/example_latest_only_with_trigger.py took 0.360 seconds
[2025-07-21T08:35:29.843+0000] {processor.py:161} INFO - Started process (PID=1964) to work on /home/airflow/.local/lib/python3.8/site-packages/airflow/example_dags/example_latest_only_with_trigger.py
[2025-07-21T08:35:29.846+0000] {processor.py:830} INFO - Processing file /home/airflow/.local/lib/python3.8/site-packages/airflow/example_dags/example_latest_only_with_trigger.py for tasks to queue
[2025-07-21T08:35:29.852+0000] {logging_mixin.py:188} INFO - [2025-07-21T08:35:29.851+0000] {dagbag.py:538} INFO - Filling up the DagBag from /home/airflow/.local/lib/python3.8/site-packages/airflow/example_dags/example_latest_only_with_trigger.py
[2025-07-21T08:35:29.872+0000] {processor.py:840} INFO - DAG(s) 'latest_only_with_trigger' retrieved from /home/airflow/.local/lib/python3.8/site-packages/airflow/example_dags/example_latest_only_with_trigger.py
[2025-07-21T08:35:30.032+0000] {logging_mixin.py:188} INFO - [2025-07-21T08:35:30.032+0000] {dag.py:3036} INFO - Sync 1 DAGs
[2025-07-21T08:35:30.176+0000] {logging_mixin.py:188} INFO - [2025-07-21T08:35:30.176+0000] {dag.py:3823} INFO - Setting next_dagrun for latest_only_with_trigger to 2025-07-21 04:00:00+00:00, run_after=2025-07-21 08:00:00+00:00
[2025-07-21T08:35:30.291+0000] {processor.py:183} INFO - Processing /home/airflow/.local/lib/python3.8/site-packages/airflow/example_dags/example_latest_only_with_trigger.py took 0.463 seconds
[2025-07-21T08:36:00.597+0000] {processor.py:161} INFO - Started process (PID=2019) to work on /home/airflow/.local/lib/python3.8/site-packages/airflow/example_dags/example_latest_only_with_trigger.py
[2025-07-21T08:36:00.599+0000] {processor.py:830} INFO - Processing file /home/airflow/.local/lib/python3.8/site-packages/airflow/example_dags/example_latest_only_with_trigger.py for tasks to queue
[2025-07-21T08:36:00.603+0000] {logging_mixin.py:188} INFO - [2025-07-21T08:36:00.603+0000] {dagbag.py:538} INFO - Filling up the DagBag from /home/airflow/.local/lib/python3.8/site-packages/airflow/example_dags/example_latest_only_with_trigger.py
[2025-07-21T08:36:00.621+0000] {processor.py:840} INFO - DAG(s) 'latest_only_with_trigger' retrieved from /home/airflow/.local/lib/python3.8/site-packages/airflow/example_dags/example_latest_only_with_trigger.py
[2025-07-21T08:36:00.716+0000] {logging_mixin.py:188} INFO - [2025-07-21T08:36:00.715+0000] {dag.py:3036} INFO - Sync 1 DAGs
[2025-07-21T08:36:00.777+0000] {logging_mixin.py:188} INFO - [2025-07-21T08:36:00.776+0000] {dag.py:3823} INFO - Setting next_dagrun for latest_only_with_trigger to 2025-07-21 04:00:00+00:00, run_after=2025-07-21 08:00:00+00:00
[2025-07-21T08:36:00.809+0000] {processor.py:183} INFO - Processing /home/airflow/.local/lib/python3.8/site-packages/airflow/example_dags/example_latest_only_with_trigger.py took 0.225 seconds
[2025-07-21T08:36:32.146+0000] {processor.py:161} INFO - Started process (PID=2074) to work on /home/airflow/.local/lib/python3.8/site-packages/airflow/example_dags/example_latest_only_with_trigger.py
[2025-07-21T08:36:32.166+0000] {processor.py:830} INFO - Processing file /home/airflow/.local/lib/python3.8/site-packages/airflow/example_dags/example_latest_only_with_trigger.py for tasks to queue
[2025-07-21T08:36:32.177+0000] {logging_mixin.py:188} INFO - [2025-07-21T08:36:32.176+0000] {dagbag.py:538} INFO - Filling up the DagBag from /home/airflow/.local/lib/python3.8/site-packages/airflow/example_dags/example_latest_only_with_trigger.py
[2025-07-21T08:36:32.255+0000] {processor.py:840} INFO - DAG(s) 'latest_only_with_trigger' retrieved from /home/airflow/.local/lib/python3.8/site-packages/airflow/example_dags/example_latest_only_with_trigger.py
[2025-07-21T08:36:32.405+0000] {logging_mixin.py:188} INFO - [2025-07-21T08:36:32.405+0000] {dag.py:3036} INFO - Sync 1 DAGs
[2025-07-21T08:36:32.534+0000] {logging_mixin.py:188} INFO - [2025-07-21T08:36:32.534+0000] {dag.py:3823} INFO - Setting next_dagrun for latest_only_with_trigger to 2025-07-21 04:00:00+00:00, run_after=2025-07-21 08:00:00+00:00
[2025-07-21T08:36:32.630+0000] {processor.py:183} INFO - Processing /home/airflow/.local/lib/python3.8/site-packages/airflow/example_dags/example_latest_only_with_trigger.py took 0.491 seconds
[2025-07-21T08:37:03.029+0000] {processor.py:161} INFO - Started process (PID=2127) to work on /home/airflow/.local/lib/python3.8/site-packages/airflow/example_dags/example_latest_only_with_trigger.py
[2025-07-21T08:37:03.033+0000] {processor.py:830} INFO - Processing file /home/airflow/.local/lib/python3.8/site-packages/airflow/example_dags/example_latest_only_with_trigger.py for tasks to queue
[2025-07-21T08:37:03.070+0000] {logging_mixin.py:188} INFO - [2025-07-21T08:37:03.068+0000] {dagbag.py:538} INFO - Filling up the DagBag from /home/airflow/.local/lib/python3.8/site-packages/airflow/example_dags/example_latest_only_with_trigger.py
[2025-07-21T08:37:03.101+0000] {processor.py:840} INFO - DAG(s) 'latest_only_with_trigger' retrieved from /home/airflow/.local/lib/python3.8/site-packages/airflow/example_dags/example_latest_only_with_trigger.py
[2025-07-21T08:37:03.242+0000] {logging_mixin.py:188} INFO - [2025-07-21T08:37:03.241+0000] {dag.py:3036} INFO - Sync 1 DAGs
[2025-07-21T08:37:03.415+0000] {logging_mixin.py:188} INFO - [2025-07-21T08:37:03.414+0000] {dag.py:3823} INFO - Setting next_dagrun for latest_only_with_trigger to 2025-07-21 04:00:00+00:00, run_after=2025-07-21 08:00:00+00:00
[2025-07-21T08:37:03.480+0000] {processor.py:183} INFO - Processing /home/airflow/.local/lib/python3.8/site-packages/airflow/example_dags/example_latest_only_with_trigger.py took 0.468 seconds
[2025-07-21T08:37:33.832+0000] {processor.py:161} INFO - Started process (PID=2181) to work on /home/airflow/.local/lib/python3.8/site-packages/airflow/example_dags/example_latest_only_with_trigger.py
[2025-07-21T08:37:33.834+0000] {processor.py:830} INFO - Processing file /home/airflow/.local/lib/python3.8/site-packages/airflow/example_dags/example_latest_only_with_trigger.py for tasks to queue
[2025-07-21T08:37:33.839+0000] {logging_mixin.py:188} INFO - [2025-07-21T08:37:33.838+0000] {dagbag.py:538} INFO - Filling up the DagBag from /home/airflow/.local/lib/python3.8/site-packages/airflow/example_dags/example_latest_only_with_trigger.py
[2025-07-21T08:37:33.854+0000] {processor.py:840} INFO - DAG(s) 'latest_only_with_trigger' retrieved from /home/airflow/.local/lib/python3.8/site-packages/airflow/example_dags/example_latest_only_with_trigger.py
[2025-07-21T08:37:33.934+0000] {logging_mixin.py:188} INFO - [2025-07-21T08:37:33.934+0000] {dag.py:3036} INFO - Sync 1 DAGs
[2025-07-21T08:37:34.051+0000] {logging_mixin.py:188} INFO - [2025-07-21T08:37:34.050+0000] {dag.py:3823} INFO - Setting next_dagrun for latest_only_with_trigger to 2025-07-21 04:00:00+00:00, run_after=2025-07-21 08:00:00+00:00
[2025-07-21T08:37:34.095+0000] {processor.py:183} INFO - Processing /home/airflow/.local/lib/python3.8/site-packages/airflow/example_dags/example_latest_only_with_trigger.py took 0.272 seconds
[2025-07-21T08:38:04.367+0000] {processor.py:161} INFO - Started process (PID=2235) to work on /home/airflow/.local/lib/python3.8/site-packages/airflow/example_dags/example_latest_only_with_trigger.py
[2025-07-21T08:38:04.369+0000] {processor.py:830} INFO - Processing file /home/airflow/.local/lib/python3.8/site-packages/airflow/example_dags/example_latest_only_with_trigger.py for tasks to queue
[2025-07-21T08:38:04.375+0000] {logging_mixin.py:188} INFO - [2025-07-21T08:38:04.375+0000] {dagbag.py:538} INFO - Filling up the DagBag from /home/airflow/.local/lib/python3.8/site-packages/airflow/example_dags/example_latest_only_with_trigger.py
[2025-07-21T08:38:04.402+0000] {processor.py:840} INFO - DAG(s) 'latest_only_with_trigger' retrieved from /home/airflow/.local/lib/python3.8/site-packages/airflow/example_dags/example_latest_only_with_trigger.py
[2025-07-21T08:38:04.524+0000] {logging_mixin.py:188} INFO - [2025-07-21T08:38:04.522+0000] {dag.py:3036} INFO - Sync 1 DAGs
[2025-07-21T08:38:04.733+0000] {logging_mixin.py:188} INFO - [2025-07-21T08:38:04.732+0000] {dag.py:3823} INFO - Setting next_dagrun for latest_only_with_trigger to 2025-07-21 04:00:00+00:00, run_after=2025-07-21 08:00:00+00:00
[2025-07-21T08:38:04.942+0000] {processor.py:183} INFO - Processing /home/airflow/.local/lib/python3.8/site-packages/airflow/example_dags/example_latest_only_with_trigger.py took 0.583 seconds
[2025-07-21T08:38:35.204+0000] {processor.py:161} INFO - Started process (PID=2290) to work on /home/airflow/.local/lib/python3.8/site-packages/airflow/example_dags/example_latest_only_with_trigger.py
[2025-07-21T08:38:35.234+0000] {processor.py:830} INFO - Processing file /home/airflow/.local/lib/python3.8/site-packages/airflow/example_dags/example_latest_only_with_trigger.py for tasks to queue
[2025-07-21T08:38:35.240+0000] {logging_mixin.py:188} INFO - [2025-07-21T08:38:35.240+0000] {dagbag.py:538} INFO - Filling up the DagBag from /home/airflow/.local/lib/python3.8/site-packages/airflow/example_dags/example_latest_only_with_trigger.py
[2025-07-21T08:38:35.253+0000] {processor.py:840} INFO - DAG(s) 'latest_only_with_trigger' retrieved from /home/airflow/.local/lib/python3.8/site-packages/airflow/example_dags/example_latest_only_with_trigger.py
[2025-07-21T08:38:35.302+0000] {logging_mixin.py:188} INFO - [2025-07-21T08:38:35.302+0000] {dag.py:3036} INFO - Sync 1 DAGs
[2025-07-21T08:38:35.367+0000] {logging_mixin.py:188} INFO - [2025-07-21T08:38:35.366+0000] {dag.py:3823} INFO - Setting next_dagrun for latest_only_with_trigger to 2025-07-21 04:00:00+00:00, run_after=2025-07-21 08:00:00+00:00
[2025-07-21T08:38:35.653+0000] {processor.py:183} INFO - Processing /home/airflow/.local/lib/python3.8/site-packages/airflow/example_dags/example_latest_only_with_trigger.py took 0.461 seconds
[2025-07-21T08:39:06.108+0000] {processor.py:161} INFO - Started process (PID=2341) to work on /home/airflow/.local/lib/python3.8/site-packages/airflow/example_dags/example_latest_only_with_trigger.py
[2025-07-21T08:39:06.122+0000] {processor.py:830} INFO - Processing file /home/airflow/.local/lib/python3.8/site-packages/airflow/example_dags/example_latest_only_with_trigger.py for tasks to queue
[2025-07-21T08:39:06.130+0000] {logging_mixin.py:188} INFO - [2025-07-21T08:39:06.130+0000] {dagbag.py:538} INFO - Filling up the DagBag from /home/airflow/.local/lib/python3.8/site-packages/airflow/example_dags/example_latest_only_with_trigger.py
[2025-07-21T08:39:06.160+0000] {processor.py:840} INFO - DAG(s) 'latest_only_with_trigger' retrieved from /home/airflow/.local/lib/python3.8/site-packages/airflow/example_dags/example_latest_only_with_trigger.py
[2025-07-21T08:39:06.295+0000] {logging_mixin.py:188} INFO - [2025-07-21T08:39:06.295+0000] {dag.py:3036} INFO - Sync 1 DAGs
[2025-07-21T08:39:06.380+0000] {logging_mixin.py:188} INFO - [2025-07-21T08:39:06.380+0000] {dag.py:3823} INFO - Setting next_dagrun for latest_only_with_trigger to 2025-07-21 04:00:00+00:00, run_after=2025-07-21 08:00:00+00:00
[2025-07-21T08:39:06.442+0000] {processor.py:183} INFO - Processing /home/airflow/.local/lib/python3.8/site-packages/airflow/example_dags/example_latest_only_with_trigger.py took 0.341 seconds
[2025-07-21T08:39:36.750+0000] {processor.py:161} INFO - Started process (PID=2393) to work on /home/airflow/.local/lib/python3.8/site-packages/airflow/example_dags/example_latest_only_with_trigger.py
[2025-07-21T08:39:36.755+0000] {processor.py:830} INFO - Processing file /home/airflow/.local/lib/python3.8/site-packages/airflow/example_dags/example_latest_only_with_trigger.py for tasks to queue
[2025-07-21T08:39:36.766+0000] {logging_mixin.py:188} INFO - [2025-07-21T08:39:36.766+0000] {dagbag.py:538} INFO - Filling up the DagBag from /home/airflow/.local/lib/python3.8/site-packages/airflow/example_dags/example_latest_only_with_trigger.py
[2025-07-21T08:39:36.785+0000] {processor.py:840} INFO - DAG(s) 'latest_only_with_trigger' retrieved from /home/airflow/.local/lib/python3.8/site-packages/airflow/example_dags/example_latest_only_with_trigger.py
[2025-07-21T08:39:36.857+0000] {logging_mixin.py:188} INFO - [2025-07-21T08:39:36.856+0000] {dag.py:3036} INFO - Sync 1 DAGs
[2025-07-21T08:39:36.945+0000] {logging_mixin.py:188} INFO - [2025-07-21T08:39:36.945+0000] {dag.py:3823} INFO - Setting next_dagrun for latest_only_with_trigger to 2025-07-21 04:00:00+00:00, run_after=2025-07-21 08:00:00+00:00
[2025-07-21T08:39:36.996+0000] {processor.py:183} INFO - Processing /home/airflow/.local/lib/python3.8/site-packages/airflow/example_dags/example_latest_only_with_trigger.py took 0.265 seconds
[2025-07-21T08:40:07.921+0000] {processor.py:161} INFO - Started process (PID=2448) to work on /home/airflow/.local/lib/python3.8/site-packages/airflow/example_dags/example_latest_only_with_trigger.py
[2025-07-21T08:40:07.933+0000] {processor.py:830} INFO - Processing file /home/airflow/.local/lib/python3.8/site-packages/airflow/example_dags/example_latest_only_with_trigger.py for tasks to queue
[2025-07-21T08:40:07.961+0000] {logging_mixin.py:188} INFO - [2025-07-21T08:40:07.960+0000] {dagbag.py:538} INFO - Filling up the DagBag from /home/airflow/.local/lib/python3.8/site-packages/airflow/example_dags/example_latest_only_with_trigger.py
[2025-07-21T08:40:08.013+0000] {processor.py:840} INFO - DAG(s) 'latest_only_with_trigger' retrieved from /home/airflow/.local/lib/python3.8/site-packages/airflow/example_dags/example_latest_only_with_trigger.py
[2025-07-21T08:40:08.180+0000] {logging_mixin.py:188} INFO - [2025-07-21T08:40:08.167+0000] {dag.py:3036} INFO - Sync 1 DAGs
[2025-07-21T08:40:08.345+0000] {logging_mixin.py:188} INFO - [2025-07-21T08:40:08.344+0000] {dag.py:3823} INFO - Setting next_dagrun for latest_only_with_trigger to 2025-07-21 04:00:00+00:00, run_after=2025-07-21 08:00:00+00:00
[2025-07-21T08:40:08.394+0000] {processor.py:183} INFO - Processing /home/airflow/.local/lib/python3.8/site-packages/airflow/example_dags/example_latest_only_with_trigger.py took 0.534 seconds
[2025-07-21T08:40:39.004+0000] {processor.py:161} INFO - Started process (PID=2503) to work on /home/airflow/.local/lib/python3.8/site-packages/airflow/example_dags/example_latest_only_with_trigger.py
[2025-07-21T08:40:39.006+0000] {processor.py:830} INFO - Processing file /home/airflow/.local/lib/python3.8/site-packages/airflow/example_dags/example_latest_only_with_trigger.py for tasks to queue
[2025-07-21T08:40:39.010+0000] {logging_mixin.py:188} INFO - [2025-07-21T08:40:39.009+0000] {dagbag.py:538} INFO - Filling up the DagBag from /home/airflow/.local/lib/python3.8/site-packages/airflow/example_dags/example_latest_only_with_trigger.py
[2025-07-21T08:40:39.026+0000] {processor.py:840} INFO - DAG(s) 'latest_only_with_trigger' retrieved from /home/airflow/.local/lib/python3.8/site-packages/airflow/example_dags/example_latest_only_with_trigger.py
[2025-07-21T08:40:39.365+0000] {logging_mixin.py:188} INFO - [2025-07-21T08:40:39.365+0000] {dag.py:3036} INFO - Sync 1 DAGs
[2025-07-21T08:40:39.429+0000] {logging_mixin.py:188} INFO - [2025-07-21T08:40:39.429+0000] {dag.py:3823} INFO - Setting next_dagrun for latest_only_with_trigger to 2025-07-21 04:00:00+00:00, run_after=2025-07-21 08:00:00+00:00
[2025-07-21T08:40:39.463+0000] {processor.py:183} INFO - Processing /home/airflow/.local/lib/python3.8/site-packages/airflow/example_dags/example_latest_only_with_trigger.py took 0.466 seconds
[2025-07-21T08:41:09.842+0000] {processor.py:161} INFO - Started process (PID=2556) to work on /home/airflow/.local/lib/python3.8/site-packages/airflow/example_dags/example_latest_only_with_trigger.py
[2025-07-21T08:41:09.846+0000] {processor.py:830} INFO - Processing file /home/airflow/.local/lib/python3.8/site-packages/airflow/example_dags/example_latest_only_with_trigger.py for tasks to queue
[2025-07-21T08:41:09.853+0000] {logging_mixin.py:188} INFO - [2025-07-21T08:41:09.852+0000] {dagbag.py:538} INFO - Filling up the DagBag from /home/airflow/.local/lib/python3.8/site-packages/airflow/example_dags/example_latest_only_with_trigger.py
[2025-07-21T08:41:09.872+0000] {processor.py:840} INFO - DAG(s) 'latest_only_with_trigger' retrieved from /home/airflow/.local/lib/python3.8/site-packages/airflow/example_dags/example_latest_only_with_trigger.py
[2025-07-21T08:41:09.959+0000] {logging_mixin.py:188} INFO - [2025-07-21T08:41:09.958+0000] {dag.py:3036} INFO - Sync 1 DAGs
[2025-07-21T08:41:10.833+0000] {logging_mixin.py:188} INFO - [2025-07-21T08:41:10.832+0000] {dag.py:3823} INFO - Setting next_dagrun for latest_only_with_trigger to 2025-07-21 04:00:00+00:00, run_after=2025-07-21 08:00:00+00:00
[2025-07-21T08:41:10.904+0000] {processor.py:183} INFO - Processing /home/airflow/.local/lib/python3.8/site-packages/airflow/example_dags/example_latest_only_with_trigger.py took 1.075 seconds
[2025-07-21T08:41:41.843+0000] {processor.py:161} INFO - Started process (PID=2611) to work on /home/airflow/.local/lib/python3.8/site-packages/airflow/example_dags/example_latest_only_with_trigger.py
[2025-07-21T08:41:41.861+0000] {processor.py:830} INFO - Processing file /home/airflow/.local/lib/python3.8/site-packages/airflow/example_dags/example_latest_only_with_trigger.py for tasks to queue
[2025-07-21T08:41:41.890+0000] {logging_mixin.py:188} INFO - [2025-07-21T08:41:41.889+0000] {dagbag.py:538} INFO - Filling up the DagBag from /home/airflow/.local/lib/python3.8/site-packages/airflow/example_dags/example_latest_only_with_trigger.py
[2025-07-21T08:41:41.920+0000] {processor.py:840} INFO - DAG(s) 'latest_only_with_trigger' retrieved from /home/airflow/.local/lib/python3.8/site-packages/airflow/example_dags/example_latest_only_with_trigger.py
[2025-07-21T08:41:42.029+0000] {logging_mixin.py:188} INFO - [2025-07-21T08:41:42.029+0000] {dag.py:3036} INFO - Sync 1 DAGs
[2025-07-21T08:41:42.101+0000] {logging_mixin.py:188} INFO - [2025-07-21T08:41:42.100+0000] {dag.py:3823} INFO - Setting next_dagrun for latest_only_with_trigger to 2025-07-21 04:00:00+00:00, run_after=2025-07-21 08:00:00+00:00
[2025-07-21T08:41:42.183+0000] {processor.py:183} INFO - Processing /home/airflow/.local/lib/python3.8/site-packages/airflow/example_dags/example_latest_only_with_trigger.py took 0.373 seconds
[2025-07-21T08:42:12.500+0000] {processor.py:161} INFO - Started process (PID=2666) to work on /home/airflow/.local/lib/python3.8/site-packages/airflow/example_dags/example_latest_only_with_trigger.py
[2025-07-21T08:42:12.538+0000] {processor.py:830} INFO - Processing file /home/airflow/.local/lib/python3.8/site-packages/airflow/example_dags/example_latest_only_with_trigger.py for tasks to queue
[2025-07-21T08:42:12.559+0000] {logging_mixin.py:188} INFO - [2025-07-21T08:42:12.558+0000] {dagbag.py:538} INFO - Filling up the DagBag from /home/airflow/.local/lib/python3.8/site-packages/airflow/example_dags/example_latest_only_with_trigger.py
[2025-07-21T08:42:12.617+0000] {processor.py:840} INFO - DAG(s) 'latest_only_with_trigger' retrieved from /home/airflow/.local/lib/python3.8/site-packages/airflow/example_dags/example_latest_only_with_trigger.py
[2025-07-21T08:42:12.802+0000] {logging_mixin.py:188} INFO - [2025-07-21T08:42:12.798+0000] {dag.py:3036} INFO - Sync 1 DAGs
[2025-07-21T08:42:13.043+0000] {logging_mixin.py:188} INFO - [2025-07-21T08:42:13.042+0000] {dag.py:3823} INFO - Setting next_dagrun for latest_only_with_trigger to 2025-07-21 04:00:00+00:00, run_after=2025-07-21 08:00:00+00:00
[2025-07-21T08:42:13.291+0000] {processor.py:183} INFO - Processing /home/airflow/.local/lib/python3.8/site-packages/airflow/example_dags/example_latest_only_with_trigger.py took 0.821 seconds
[2025-07-21T08:42:44.204+0000] {processor.py:161} INFO - Started process (PID=2721) to work on /home/airflow/.local/lib/python3.8/site-packages/airflow/example_dags/example_latest_only_with_trigger.py
[2025-07-21T08:42:44.206+0000] {processor.py:830} INFO - Processing file /home/airflow/.local/lib/python3.8/site-packages/airflow/example_dags/example_latest_only_with_trigger.py for tasks to queue
[2025-07-21T08:42:44.212+0000] {logging_mixin.py:188} INFO - [2025-07-21T08:42:44.211+0000] {dagbag.py:538} INFO - Filling up the DagBag from /home/airflow/.local/lib/python3.8/site-packages/airflow/example_dags/example_latest_only_with_trigger.py
[2025-07-21T08:42:44.229+0000] {processor.py:840} INFO - DAG(s) 'latest_only_with_trigger' retrieved from /home/airflow/.local/lib/python3.8/site-packages/airflow/example_dags/example_latest_only_with_trigger.py
[2025-07-21T08:42:44.304+0000] {logging_mixin.py:188} INFO - [2025-07-21T08:42:44.303+0000] {dag.py:3036} INFO - Sync 1 DAGs
[2025-07-21T08:42:44.371+0000] {logging_mixin.py:188} INFO - [2025-07-21T08:42:44.371+0000] {dag.py:3823} INFO - Setting next_dagrun for latest_only_with_trigger to 2025-07-21 04:00:00+00:00, run_after=2025-07-21 08:00:00+00:00
[2025-07-21T08:42:44.419+0000] {processor.py:183} INFO - Processing /home/airflow/.local/lib/python3.8/site-packages/airflow/example_dags/example_latest_only_with_trigger.py took 0.224 seconds
[2025-07-21T08:43:14.660+0000] {processor.py:161} INFO - Started process (PID=2776) to work on /home/airflow/.local/lib/python3.8/site-packages/airflow/example_dags/example_latest_only_with_trigger.py
[2025-07-21T08:43:14.663+0000] {processor.py:830} INFO - Processing file /home/airflow/.local/lib/python3.8/site-packages/airflow/example_dags/example_latest_only_with_trigger.py for tasks to queue
[2025-07-21T08:43:14.671+0000] {logging_mixin.py:188} INFO - [2025-07-21T08:43:14.670+0000] {dagbag.py:538} INFO - Filling up the DagBag from /home/airflow/.local/lib/python3.8/site-packages/airflow/example_dags/example_latest_only_with_trigger.py
[2025-07-21T08:43:14.703+0000] {processor.py:840} INFO - DAG(s) 'latest_only_with_trigger' retrieved from /home/airflow/.local/lib/python3.8/site-packages/airflow/example_dags/example_latest_only_with_trigger.py
[2025-07-21T08:43:14.767+0000] {logging_mixin.py:188} INFO - [2025-07-21T08:43:14.767+0000] {dag.py:3036} INFO - Sync 1 DAGs
[2025-07-21T08:43:14.868+0000] {logging_mixin.py:188} INFO - [2025-07-21T08:43:14.867+0000] {dag.py:3823} INFO - Setting next_dagrun for latest_only_with_trigger to 2025-07-21 04:00:00+00:00, run_after=2025-07-21 08:00:00+00:00
[2025-07-21T08:43:14.922+0000] {processor.py:183} INFO - Processing /home/airflow/.local/lib/python3.8/site-packages/airflow/example_dags/example_latest_only_with_trigger.py took 0.275 seconds
[2025-07-21T08:43:45.157+0000] {processor.py:161} INFO - Started process (PID=2830) to work on /home/airflow/.local/lib/python3.8/site-packages/airflow/example_dags/example_latest_only_with_trigger.py
[2025-07-21T08:43:45.160+0000] {processor.py:830} INFO - Processing file /home/airflow/.local/lib/python3.8/site-packages/airflow/example_dags/example_latest_only_with_trigger.py for tasks to queue
[2025-07-21T08:43:45.166+0000] {logging_mixin.py:188} INFO - [2025-07-21T08:43:45.165+0000] {dagbag.py:538} INFO - Filling up the DagBag from /home/airflow/.local/lib/python3.8/site-packages/airflow/example_dags/example_latest_only_with_trigger.py
[2025-07-21T08:43:45.184+0000] {processor.py:840} INFO - DAG(s) 'latest_only_with_trigger' retrieved from /home/airflow/.local/lib/python3.8/site-packages/airflow/example_dags/example_latest_only_with_trigger.py
[2025-07-21T08:43:45.243+0000] {logging_mixin.py:188} INFO - [2025-07-21T08:43:45.243+0000] {dag.py:3036} INFO - Sync 1 DAGs
[2025-07-21T08:43:45.314+0000] {logging_mixin.py:188} INFO - [2025-07-21T08:43:45.313+0000] {dag.py:3823} INFO - Setting next_dagrun for latest_only_with_trigger to 2025-07-21 04:00:00+00:00, run_after=2025-07-21 08:00:00+00:00
[2025-07-21T08:43:45.364+0000] {processor.py:183} INFO - Processing /home/airflow/.local/lib/python3.8/site-packages/airflow/example_dags/example_latest_only_with_trigger.py took 0.218 seconds
