[2025-07-21T08:14:46.892+0000] {processor.py:161} INFO - Started process (PID=92) to work on /home/airflow/.local/lib/python3.8/site-packages/airflow/example_dags/example_branch_operator.py
[2025-07-21T08:14:46.915+0000] {processor.py:830} INFO - Processing file /home/airflow/.local/lib/python3.8/site-packages/airflow/example_dags/example_branch_operator.py for tasks to queue
[2025-07-21T08:14:46.921+0000] {logging_mixin.py:188} INFO - [2025-07-21T08:14:46.921+0000] {dagbag.py:538} INFO - Filling up the DagBag from /home/airflow/.local/lib/python3.8/site-packages/airflow/example_dags/example_branch_operator.py
[2025-07-21T08:14:47.039+0000] {processor.py:840} INFO - DAG(s) 'example_branch_operator' retrieved from /home/airflow/.local/lib/python3.8/site-packages/airflow/example_dags/example_branch_operator.py
[2025-07-21T08:14:47.828+0000] {logging_mixin.py:188} INFO - [2025-07-21T08:14:47.828+0000] {dag.py:3036} INFO - Sync 1 DAGs
[2025-07-21T08:14:47.946+0000] {logging_mixin.py:188} INFO - [2025-07-21T08:14:47.945+0000] {dag.py:3823} INFO - Setting next_dagrun for example_branch_operator to 2025-07-20 00:00:00+00:00, run_after=2025-07-21 00:00:00+00:00
[2025-07-21T08:14:48.076+0000] {processor.py:183} INFO - Processing /home/airflow/.local/lib/python3.8/site-packages/airflow/example_dags/example_branch_operator.py took 1.190 seconds
[2025-07-21T08:15:22.283+0000] {processor.py:161} INFO - Started process (PID=148) to work on /home/airflow/.local/lib/python3.8/site-packages/airflow/example_dags/example_branch_operator.py
[2025-07-21T08:15:22.288+0000] {processor.py:830} INFO - Processing file /home/airflow/.local/lib/python3.8/site-packages/airflow/example_dags/example_branch_operator.py for tasks to queue
[2025-07-21T08:15:22.294+0000] {logging_mixin.py:188} INFO - [2025-07-21T08:15:22.293+0000] {dagbag.py:538} INFO - Filling up the DagBag from /home/airflow/.local/lib/python3.8/site-packages/airflow/example_dags/example_branch_operator.py
[2025-07-21T08:15:22.377+0000] {processor.py:840} INFO - DAG(s) 'example_branch_operator' retrieved from /home/airflow/.local/lib/python3.8/site-packages/airflow/example_dags/example_branch_operator.py
[2025-07-21T08:15:22.586+0000] {logging_mixin.py:188} INFO - [2025-07-21T08:15:22.586+0000] {dag.py:3036} INFO - Sync 1 DAGs
[2025-07-21T08:15:22.684+0000] {logging_mixin.py:188} INFO - [2025-07-21T08:15:22.683+0000] {dag.py:3823} INFO - Setting next_dagrun for example_branch_operator to 2025-07-20 00:00:00+00:00, run_after=2025-07-21 00:00:00+00:00
[2025-07-21T08:15:22.811+0000] {processor.py:183} INFO - Processing /home/airflow/.local/lib/python3.8/site-packages/airflow/example_dags/example_branch_operator.py took 0.534 seconds
[2025-07-21T08:16:04.690+0000] {processor.py:161} INFO - Started process (PID=203) to work on /home/airflow/.local/lib/python3.8/site-packages/airflow/example_dags/example_branch_operator.py
[2025-07-21T08:16:04.695+0000] {processor.py:830} INFO - Processing file /home/airflow/.local/lib/python3.8/site-packages/airflow/example_dags/example_branch_operator.py for tasks to queue
[2025-07-21T08:16:04.719+0000] {logging_mixin.py:188} INFO - [2025-07-21T08:16:04.718+0000] {dagbag.py:538} INFO - Filling up the DagBag from /home/airflow/.local/lib/python3.8/site-packages/airflow/example_dags/example_branch_operator.py
[2025-07-21T08:16:04.847+0000] {processor.py:840} INFO - DAG(s) 'example_branch_operator' retrieved from /home/airflow/.local/lib/python3.8/site-packages/airflow/example_dags/example_branch_operator.py
[2025-07-21T08:16:05.110+0000] {logging_mixin.py:188} INFO - [2025-07-21T08:16:05.110+0000] {dag.py:3036} INFO - Sync 1 DAGs
[2025-07-21T08:16:05.401+0000] {logging_mixin.py:188} INFO - [2025-07-21T08:16:05.401+0000] {dag.py:3823} INFO - Setting next_dagrun for example_branch_operator to 2025-07-20 00:00:00+00:00, run_after=2025-07-21 00:00:00+00:00
[2025-07-21T08:16:05.806+0000] {processor.py:183} INFO - Processing /home/airflow/.local/lib/python3.8/site-packages/airflow/example_dags/example_branch_operator.py took 1.234 seconds
[2025-07-21T08:16:42.334+0000] {processor.py:161} INFO - Started process (PID=259) to work on /home/airflow/.local/lib/python3.8/site-packages/airflow/example_dags/example_branch_operator.py
[2025-07-21T08:16:42.412+0000] {processor.py:830} INFO - Processing file /home/airflow/.local/lib/python3.8/site-packages/airflow/example_dags/example_branch_operator.py for tasks to queue
[2025-07-21T08:16:42.429+0000] {logging_mixin.py:188} INFO - [2025-07-21T08:16:42.428+0000] {dagbag.py:538} INFO - Filling up the DagBag from /home/airflow/.local/lib/python3.8/site-packages/airflow/example_dags/example_branch_operator.py
[2025-07-21T08:16:42.794+0000] {processor.py:840} INFO - DAG(s) 'example_branch_operator' retrieved from /home/airflow/.local/lib/python3.8/site-packages/airflow/example_dags/example_branch_operator.py
[2025-07-21T08:16:43.816+0000] {logging_mixin.py:188} INFO - [2025-07-21T08:16:43.803+0000] {dag.py:3036} INFO - Sync 1 DAGs
[2025-07-21T08:16:44.011+0000] {logging_mixin.py:188} INFO - [2025-07-21T08:16:44.011+0000] {dag.py:3823} INFO - Setting next_dagrun for example_branch_operator to 2025-07-20 00:00:00+00:00, run_after=2025-07-21 00:00:00+00:00
[2025-07-21T08:16:44.135+0000] {processor.py:183} INFO - Processing /home/airflow/.local/lib/python3.8/site-packages/airflow/example_dags/example_branch_operator.py took 1.901 seconds
[2025-07-21T08:17:51.579+0000] {processor.py:161} INFO - Started process (PID=328) to work on /home/airflow/.local/lib/python3.8/site-packages/airflow/example_dags/example_branch_operator.py
[2025-07-21T08:17:51.642+0000] {processor.py:830} INFO - Processing file /home/airflow/.local/lib/python3.8/site-packages/airflow/example_dags/example_branch_operator.py for tasks to queue
[2025-07-21T08:17:51.790+0000] {logging_mixin.py:188} INFO - [2025-07-21T08:17:51.789+0000] {dagbag.py:538} INFO - Filling up the DagBag from /home/airflow/.local/lib/python3.8/site-packages/airflow/example_dags/example_branch_operator.py
[2025-07-21T08:17:51.972+0000] {processor.py:840} INFO - DAG(s) 'example_branch_operator' retrieved from /home/airflow/.local/lib/python3.8/site-packages/airflow/example_dags/example_branch_operator.py
[2025-07-21T08:17:52.155+0000] {logging_mixin.py:188} INFO - [2025-07-21T08:17:52.155+0000] {dag.py:3036} INFO - Sync 1 DAGs
[2025-07-21T08:17:52.437+0000] {logging_mixin.py:188} INFO - [2025-07-21T08:17:52.437+0000] {dag.py:3823} INFO - Setting next_dagrun for example_branch_operator to 2025-07-20 00:00:00+00:00, run_after=2025-07-21 00:00:00+00:00
[2025-07-21T08:17:52.600+0000] {processor.py:183} INFO - Processing /home/airflow/.local/lib/python3.8/site-packages/airflow/example_dags/example_branch_operator.py took 1.038 seconds
[2025-07-21T08:19:21.357+0000] {processor.py:161} INFO - Started process (PID=399) to work on /home/airflow/.local/lib/python3.8/site-packages/airflow/example_dags/example_branch_operator.py
[2025-07-21T08:19:21.689+0000] {processor.py:830} INFO - Processing file /home/airflow/.local/lib/python3.8/site-packages/airflow/example_dags/example_branch_operator.py for tasks to queue
[2025-07-21T08:19:21.738+0000] {logging_mixin.py:188} INFO - [2025-07-21T08:19:21.737+0000] {dagbag.py:538} INFO - Filling up the DagBag from /home/airflow/.local/lib/python3.8/site-packages/airflow/example_dags/example_branch_operator.py
[2025-07-21T08:19:22.062+0000] {processor.py:840} INFO - DAG(s) 'example_branch_operator' retrieved from /home/airflow/.local/lib/python3.8/site-packages/airflow/example_dags/example_branch_operator.py
[2025-07-21T08:19:23.499+0000] {logging_mixin.py:188} INFO - [2025-07-21T08:19:23.498+0000] {dag.py:3036} INFO - Sync 1 DAGs
[2025-07-21T08:19:23.840+0000] {logging_mixin.py:188} INFO - [2025-07-21T08:19:23.839+0000] {dag.py:3823} INFO - Setting next_dagrun for example_branch_operator to 2025-07-20 00:00:00+00:00, run_after=2025-07-21 00:00:00+00:00
[2025-07-21T08:19:23.979+0000] {processor.py:183} INFO - Processing /home/airflow/.local/lib/python3.8/site-packages/airflow/example_dags/example_branch_operator.py took 2.753 seconds
[2025-07-21T08:20:12.326+0000] {processor.py:161} INFO - Started process (PID=454) to work on /home/airflow/.local/lib/python3.8/site-packages/airflow/example_dags/example_branch_operator.py
[2025-07-21T08:20:12.338+0000] {processor.py:830} INFO - Processing file /home/airflow/.local/lib/python3.8/site-packages/airflow/example_dags/example_branch_operator.py for tasks to queue
[2025-07-21T08:20:12.349+0000] {logging_mixin.py:188} INFO - [2025-07-21T08:20:12.349+0000] {dagbag.py:538} INFO - Filling up the DagBag from /home/airflow/.local/lib/python3.8/site-packages/airflow/example_dags/example_branch_operator.py
[2025-07-21T08:20:12.464+0000] {processor.py:840} INFO - DAG(s) 'example_branch_operator' retrieved from /home/airflow/.local/lib/python3.8/site-packages/airflow/example_dags/example_branch_operator.py
[2025-07-21T08:20:12.721+0000] {logging_mixin.py:188} INFO - [2025-07-21T08:20:12.721+0000] {dag.py:3036} INFO - Sync 1 DAGs
[2025-07-21T08:20:12.868+0000] {logging_mixin.py:188} INFO - [2025-07-21T08:20:12.867+0000] {dag.py:3823} INFO - Setting next_dagrun for example_branch_operator to 2025-07-20 00:00:00+00:00, run_after=2025-07-21 00:00:00+00:00
[2025-07-21T08:20:13.196+0000] {processor.py:183} INFO - Processing /home/airflow/.local/lib/python3.8/site-packages/airflow/example_dags/example_branch_operator.py took 0.880 seconds
[2025-07-21T08:21:01.334+0000] {processor.py:161} INFO - Started process (PID=508) to work on /home/airflow/.local/lib/python3.8/site-packages/airflow/example_dags/example_branch_operator.py
[2025-07-21T08:21:01.360+0000] {processor.py:830} INFO - Processing file /home/airflow/.local/lib/python3.8/site-packages/airflow/example_dags/example_branch_operator.py for tasks to queue
[2025-07-21T08:21:01.372+0000] {logging_mixin.py:188} INFO - [2025-07-21T08:21:01.370+0000] {dagbag.py:538} INFO - Filling up the DagBag from /home/airflow/.local/lib/python3.8/site-packages/airflow/example_dags/example_branch_operator.py
[2025-07-21T08:21:01.620+0000] {processor.py:840} INFO - DAG(s) 'example_branch_operator' retrieved from /home/airflow/.local/lib/python3.8/site-packages/airflow/example_dags/example_branch_operator.py
[2025-07-21T08:21:01.934+0000] {logging_mixin.py:188} INFO - [2025-07-21T08:21:01.934+0000] {dag.py:3036} INFO - Sync 1 DAGs
[2025-07-21T08:21:02.365+0000] {logging_mixin.py:188} INFO - [2025-07-21T08:21:02.364+0000] {dag.py:3823} INFO - Setting next_dagrun for example_branch_operator to 2025-07-20 00:00:00+00:00, run_after=2025-07-21 00:00:00+00:00
[2025-07-21T08:21:02.547+0000] {processor.py:183} INFO - Processing /home/airflow/.local/lib/python3.8/site-packages/airflow/example_dags/example_branch_operator.py took 1.233 seconds
[2025-07-21T08:21:39.045+0000] {processor.py:161} INFO - Started process (PID=563) to work on /home/airflow/.local/lib/python3.8/site-packages/airflow/example_dags/example_branch_operator.py
[2025-07-21T08:21:39.048+0000] {processor.py:830} INFO - Processing file /home/airflow/.local/lib/python3.8/site-packages/airflow/example_dags/example_branch_operator.py for tasks to queue
[2025-07-21T08:21:39.052+0000] {logging_mixin.py:188} INFO - [2025-07-21T08:21:39.052+0000] {dagbag.py:538} INFO - Filling up the DagBag from /home/airflow/.local/lib/python3.8/site-packages/airflow/example_dags/example_branch_operator.py
[2025-07-21T08:21:39.110+0000] {processor.py:840} INFO - DAG(s) 'example_branch_operator' retrieved from /home/airflow/.local/lib/python3.8/site-packages/airflow/example_dags/example_branch_operator.py
[2025-07-21T08:21:39.217+0000] {logging_mixin.py:188} INFO - [2025-07-21T08:21:39.216+0000] {dag.py:3036} INFO - Sync 1 DAGs
[2025-07-21T08:21:39.507+0000] {logging_mixin.py:188} INFO - [2025-07-21T08:21:39.507+0000] {dag.py:3823} INFO - Setting next_dagrun for example_branch_operator to 2025-07-20 00:00:00+00:00, run_after=2025-07-21 00:00:00+00:00
[2025-07-21T08:21:39.580+0000] {processor.py:183} INFO - Processing /home/airflow/.local/lib/python3.8/site-packages/airflow/example_dags/example_branch_operator.py took 0.544 seconds
[2025-07-21T08:22:23.748+0000] {processor.py:161} INFO - Started process (PID=620) to work on /home/airflow/.local/lib/python3.8/site-packages/airflow/example_dags/example_branch_operator.py
[2025-07-21T08:22:23.750+0000] {processor.py:830} INFO - Processing file /home/airflow/.local/lib/python3.8/site-packages/airflow/example_dags/example_branch_operator.py for tasks to queue
[2025-07-21T08:22:23.810+0000] {logging_mixin.py:188} INFO - [2025-07-21T08:22:23.787+0000] {dagbag.py:538} INFO - Filling up the DagBag from /home/airflow/.local/lib/python3.8/site-packages/airflow/example_dags/example_branch_operator.py
[2025-07-21T08:22:23.877+0000] {processor.py:840} INFO - DAG(s) 'example_branch_operator' retrieved from /home/airflow/.local/lib/python3.8/site-packages/airflow/example_dags/example_branch_operator.py
[2025-07-21T08:22:24.126+0000] {logging_mixin.py:188} INFO - [2025-07-21T08:22:24.125+0000] {dag.py:3036} INFO - Sync 1 DAGs
[2025-07-21T08:22:24.223+0000] {logging_mixin.py:188} INFO - [2025-07-21T08:22:24.223+0000] {dag.py:3823} INFO - Setting next_dagrun for example_branch_operator to 2025-07-20 00:00:00+00:00, run_after=2025-07-21 00:00:00+00:00
[2025-07-21T08:22:24.317+0000] {processor.py:183} INFO - Processing /home/airflow/.local/lib/python3.8/site-packages/airflow/example_dags/example_branch_operator.py took 0.602 seconds
[2025-07-21T08:23:04.364+0000] {processor.py:161} INFO - Started process (PID=675) to work on /home/airflow/.local/lib/python3.8/site-packages/airflow/example_dags/example_branch_operator.py
[2025-07-21T08:23:04.442+0000] {processor.py:830} INFO - Processing file /home/airflow/.local/lib/python3.8/site-packages/airflow/example_dags/example_branch_operator.py for tasks to queue
[2025-07-21T08:23:04.472+0000] {logging_mixin.py:188} INFO - [2025-07-21T08:23:04.471+0000] {dagbag.py:538} INFO - Filling up the DagBag from /home/airflow/.local/lib/python3.8/site-packages/airflow/example_dags/example_branch_operator.py
[2025-07-21T08:23:04.581+0000] {processor.py:840} INFO - DAG(s) 'example_branch_operator' retrieved from /home/airflow/.local/lib/python3.8/site-packages/airflow/example_dags/example_branch_operator.py
[2025-07-21T08:23:04.816+0000] {logging_mixin.py:188} INFO - [2025-07-21T08:23:04.816+0000] {dag.py:3036} INFO - Sync 1 DAGs
[2025-07-21T08:23:05.004+0000] {logging_mixin.py:188} INFO - [2025-07-21T08:23:05.003+0000] {dag.py:3823} INFO - Setting next_dagrun for example_branch_operator to 2025-07-20 00:00:00+00:00, run_after=2025-07-21 00:00:00+00:00
[2025-07-21T08:23:05.331+0000] {processor.py:183} INFO - Processing /home/airflow/.local/lib/python3.8/site-packages/airflow/example_dags/example_branch_operator.py took 0.985 seconds
[2025-07-21T08:23:35.917+0000] {processor.py:161} INFO - Started process (PID=731) to work on /home/airflow/.local/lib/python3.8/site-packages/airflow/example_dags/example_branch_operator.py
[2025-07-21T08:23:35.923+0000] {processor.py:830} INFO - Processing file /home/airflow/.local/lib/python3.8/site-packages/airflow/example_dags/example_branch_operator.py for tasks to queue
[2025-07-21T08:23:35.929+0000] {logging_mixin.py:188} INFO - [2025-07-21T08:23:35.929+0000] {dagbag.py:538} INFO - Filling up the DagBag from /home/airflow/.local/lib/python3.8/site-packages/airflow/example_dags/example_branch_operator.py
[2025-07-21T08:23:36.002+0000] {processor.py:840} INFO - DAG(s) 'example_branch_operator' retrieved from /home/airflow/.local/lib/python3.8/site-packages/airflow/example_dags/example_branch_operator.py
[2025-07-21T08:23:36.099+0000] {logging_mixin.py:188} INFO - [2025-07-21T08:23:36.099+0000] {dag.py:3036} INFO - Sync 1 DAGs
[2025-07-21T08:23:36.285+0000] {logging_mixin.py:188} INFO - [2025-07-21T08:23:36.284+0000] {dag.py:3823} INFO - Setting next_dagrun for example_branch_operator to 2025-07-20 00:00:00+00:00, run_after=2025-07-21 00:00:00+00:00
[2025-07-21T08:23:36.403+0000] {processor.py:183} INFO - Processing /home/airflow/.local/lib/python3.8/site-packages/airflow/example_dags/example_branch_operator.py took 0.500 seconds
[2025-07-21T08:24:06.643+0000] {processor.py:161} INFO - Started process (PID=785) to work on /home/airflow/.local/lib/python3.8/site-packages/airflow/example_dags/example_branch_operator.py
[2025-07-21T08:24:06.662+0000] {processor.py:830} INFO - Processing file /home/airflow/.local/lib/python3.8/site-packages/airflow/example_dags/example_branch_operator.py for tasks to queue
[2025-07-21T08:24:06.667+0000] {logging_mixin.py:188} INFO - [2025-07-21T08:24:06.666+0000] {dagbag.py:538} INFO - Filling up the DagBag from /home/airflow/.local/lib/python3.8/site-packages/airflow/example_dags/example_branch_operator.py
[2025-07-21T08:24:06.710+0000] {processor.py:840} INFO - DAG(s) 'example_branch_operator' retrieved from /home/airflow/.local/lib/python3.8/site-packages/airflow/example_dags/example_branch_operator.py
[2025-07-21T08:24:06.767+0000] {logging_mixin.py:188} INFO - [2025-07-21T08:24:06.766+0000] {dag.py:3036} INFO - Sync 1 DAGs
[2025-07-21T08:24:06.814+0000] {logging_mixin.py:188} INFO - [2025-07-21T08:24:06.814+0000] {dag.py:3823} INFO - Setting next_dagrun for example_branch_operator to 2025-07-20 00:00:00+00:00, run_after=2025-07-21 00:00:00+00:00
[2025-07-21T08:24:06.869+0000] {processor.py:183} INFO - Processing /home/airflow/.local/lib/python3.8/site-packages/airflow/example_dags/example_branch_operator.py took 0.234 seconds
[2025-07-21T08:24:40.532+0000] {processor.py:161} INFO - Started process (PID=840) to work on /home/airflow/.local/lib/python3.8/site-packages/airflow/example_dags/example_branch_operator.py
[2025-07-21T08:24:40.558+0000] {processor.py:830} INFO - Processing file /home/airflow/.local/lib/python3.8/site-packages/airflow/example_dags/example_branch_operator.py for tasks to queue
[2025-07-21T08:24:40.563+0000] {logging_mixin.py:188} INFO - [2025-07-21T08:24:40.562+0000] {dagbag.py:538} INFO - Filling up the DagBag from /home/airflow/.local/lib/python3.8/site-packages/airflow/example_dags/example_branch_operator.py
[2025-07-21T08:24:40.653+0000] {processor.py:840} INFO - DAG(s) 'example_branch_operator' retrieved from /home/airflow/.local/lib/python3.8/site-packages/airflow/example_dags/example_branch_operator.py
[2025-07-21T08:24:40.791+0000] {logging_mixin.py:188} INFO - [2025-07-21T08:24:40.787+0000] {dag.py:3036} INFO - Sync 1 DAGs
[2025-07-21T08:24:40.837+0000] {logging_mixin.py:188} INFO - [2025-07-21T08:24:40.836+0000] {dag.py:3823} INFO - Setting next_dagrun for example_branch_operator to 2025-07-20 00:00:00+00:00, run_after=2025-07-21 00:00:00+00:00
[2025-07-21T08:24:40.902+0000] {processor.py:183} INFO - Processing /home/airflow/.local/lib/python3.8/site-packages/airflow/example_dags/example_branch_operator.py took 0.398 seconds
[2025-07-21T08:25:13.544+0000] {processor.py:161} INFO - Started process (PID=895) to work on /home/airflow/.local/lib/python3.8/site-packages/airflow/example_dags/example_branch_operator.py
[2025-07-21T08:25:13.546+0000] {processor.py:830} INFO - Processing file /home/airflow/.local/lib/python3.8/site-packages/airflow/example_dags/example_branch_operator.py for tasks to queue
[2025-07-21T08:25:13.550+0000] {logging_mixin.py:188} INFO - [2025-07-21T08:25:13.549+0000] {dagbag.py:538} INFO - Filling up the DagBag from /home/airflow/.local/lib/python3.8/site-packages/airflow/example_dags/example_branch_operator.py
[2025-07-21T08:25:13.661+0000] {processor.py:840} INFO - DAG(s) 'example_branch_operator' retrieved from /home/airflow/.local/lib/python3.8/site-packages/airflow/example_dags/example_branch_operator.py
[2025-07-21T08:25:13.800+0000] {logging_mixin.py:188} INFO - [2025-07-21T08:25:13.799+0000] {dag.py:3036} INFO - Sync 1 DAGs
[2025-07-21T08:25:13.851+0000] {logging_mixin.py:188} INFO - [2025-07-21T08:25:13.850+0000] {dag.py:3823} INFO - Setting next_dagrun for example_branch_operator to 2025-07-20 00:00:00+00:00, run_after=2025-07-21 00:00:00+00:00
[2025-07-21T08:25:13.903+0000] {processor.py:183} INFO - Processing /home/airflow/.local/lib/python3.8/site-packages/airflow/example_dags/example_branch_operator.py took 0.366 seconds
[2025-07-21T08:25:47.667+0000] {processor.py:161} INFO - Started process (PID=951) to work on /home/airflow/.local/lib/python3.8/site-packages/airflow/example_dags/example_branch_operator.py
[2025-07-21T08:25:47.672+0000] {processor.py:830} INFO - Processing file /home/airflow/.local/lib/python3.8/site-packages/airflow/example_dags/example_branch_operator.py for tasks to queue
[2025-07-21T08:25:47.694+0000] {logging_mixin.py:188} INFO - [2025-07-21T08:25:47.693+0000] {dagbag.py:538} INFO - Filling up the DagBag from /home/airflow/.local/lib/python3.8/site-packages/airflow/example_dags/example_branch_operator.py
[2025-07-21T08:25:47.899+0000] {processor.py:840} INFO - DAG(s) 'example_branch_operator' retrieved from /home/airflow/.local/lib/python3.8/site-packages/airflow/example_dags/example_branch_operator.py
[2025-07-21T08:25:48.575+0000] {logging_mixin.py:188} INFO - [2025-07-21T08:25:48.575+0000] {dag.py:3036} INFO - Sync 1 DAGs
[2025-07-21T08:25:48.849+0000] {logging_mixin.py:188} INFO - [2025-07-21T08:25:48.837+0000] {dag.py:3823} INFO - Setting next_dagrun for example_branch_operator to 2025-07-20 00:00:00+00:00, run_after=2025-07-21 00:00:00+00:00
[2025-07-21T08:25:48.942+0000] {processor.py:183} INFO - Processing /home/airflow/.local/lib/python3.8/site-packages/airflow/example_dags/example_branch_operator.py took 1.281 seconds
[2025-07-21T08:26:20.006+0000] {processor.py:161} INFO - Started process (PID=1006) to work on /home/airflow/.local/lib/python3.8/site-packages/airflow/example_dags/example_branch_operator.py
[2025-07-21T08:26:20.013+0000] {processor.py:830} INFO - Processing file /home/airflow/.local/lib/python3.8/site-packages/airflow/example_dags/example_branch_operator.py for tasks to queue
[2025-07-21T08:26:20.017+0000] {logging_mixin.py:188} INFO - [2025-07-21T08:26:20.017+0000] {dagbag.py:538} INFO - Filling up the DagBag from /home/airflow/.local/lib/python3.8/site-packages/airflow/example_dags/example_branch_operator.py
[2025-07-21T08:26:20.159+0000] {processor.py:840} INFO - DAG(s) 'example_branch_operator' retrieved from /home/airflow/.local/lib/python3.8/site-packages/airflow/example_dags/example_branch_operator.py
[2025-07-21T08:26:20.413+0000] {logging_mixin.py:188} INFO - [2025-07-21T08:26:20.413+0000] {dag.py:3036} INFO - Sync 1 DAGs
[2025-07-21T08:26:20.622+0000] {logging_mixin.py:188} INFO - [2025-07-21T08:26:20.621+0000] {dag.py:3823} INFO - Setting next_dagrun for example_branch_operator to 2025-07-20 00:00:00+00:00, run_after=2025-07-21 00:00:00+00:00
[2025-07-21T08:26:20.842+0000] {processor.py:183} INFO - Processing /home/airflow/.local/lib/python3.8/site-packages/airflow/example_dags/example_branch_operator.py took 0.860 seconds
[2025-07-21T08:26:52.973+0000] {processor.py:161} INFO - Started process (PID=1057) to work on /home/airflow/.local/lib/python3.8/site-packages/airflow/example_dags/example_branch_operator.py
[2025-07-21T08:26:52.975+0000] {processor.py:830} INFO - Processing file /home/airflow/.local/lib/python3.8/site-packages/airflow/example_dags/example_branch_operator.py for tasks to queue
[2025-07-21T08:26:52.991+0000] {logging_mixin.py:188} INFO - [2025-07-21T08:26:52.991+0000] {dagbag.py:538} INFO - Filling up the DagBag from /home/airflow/.local/lib/python3.8/site-packages/airflow/example_dags/example_branch_operator.py
[2025-07-21T08:26:53.068+0000] {processor.py:840} INFO - DAG(s) 'example_branch_operator' retrieved from /home/airflow/.local/lib/python3.8/site-packages/airflow/example_dags/example_branch_operator.py
[2025-07-21T08:26:53.164+0000] {logging_mixin.py:188} INFO - [2025-07-21T08:26:53.164+0000] {dag.py:3036} INFO - Sync 1 DAGs
[2025-07-21T08:26:53.242+0000] {logging_mixin.py:188} INFO - [2025-07-21T08:26:53.242+0000] {dag.py:3823} INFO - Setting next_dagrun for example_branch_operator to 2025-07-20 00:00:00+00:00, run_after=2025-07-21 00:00:00+00:00
[2025-07-21T08:26:53.301+0000] {processor.py:183} INFO - Processing /home/airflow/.local/lib/python3.8/site-packages/airflow/example_dags/example_branch_operator.py took 0.343 seconds
[2025-07-21T08:27:24.262+0000] {processor.py:161} INFO - Started process (PID=1111) to work on /home/airflow/.local/lib/python3.8/site-packages/airflow/example_dags/example_branch_operator.py
[2025-07-21T08:27:24.267+0000] {processor.py:830} INFO - Processing file /home/airflow/.local/lib/python3.8/site-packages/airflow/example_dags/example_branch_operator.py for tasks to queue
[2025-07-21T08:27:24.276+0000] {logging_mixin.py:188} INFO - [2025-07-21T08:27:24.276+0000] {dagbag.py:538} INFO - Filling up the DagBag from /home/airflow/.local/lib/python3.8/site-packages/airflow/example_dags/example_branch_operator.py
[2025-07-21T08:27:24.359+0000] {processor.py:840} INFO - DAG(s) 'example_branch_operator' retrieved from /home/airflow/.local/lib/python3.8/site-packages/airflow/example_dags/example_branch_operator.py
[2025-07-21T08:27:24.521+0000] {logging_mixin.py:188} INFO - [2025-07-21T08:27:24.512+0000] {dag.py:3036} INFO - Sync 1 DAGs
[2025-07-21T08:27:24.719+0000] {logging_mixin.py:188} INFO - [2025-07-21T08:27:24.718+0000] {dag.py:3823} INFO - Setting next_dagrun for example_branch_operator to 2025-07-20 00:00:00+00:00, run_after=2025-07-21 00:00:00+00:00
[2025-07-21T08:27:24.893+0000] {processor.py:183} INFO - Processing /home/airflow/.local/lib/python3.8/site-packages/airflow/example_dags/example_branch_operator.py took 0.645 seconds
[2025-07-21T08:27:55.208+0000] {processor.py:161} INFO - Started process (PID=1172) to work on /home/airflow/.local/lib/python3.8/site-packages/airflow/example_dags/example_branch_operator.py
[2025-07-21T08:27:55.216+0000] {processor.py:830} INFO - Processing file /home/airflow/.local/lib/python3.8/site-packages/airflow/example_dags/example_branch_operator.py for tasks to queue
[2025-07-21T08:27:55.221+0000] {logging_mixin.py:188} INFO - [2025-07-21T08:27:55.221+0000] {dagbag.py:538} INFO - Filling up the DagBag from /home/airflow/.local/lib/python3.8/site-packages/airflow/example_dags/example_branch_operator.py
[2025-07-21T08:27:55.313+0000] {processor.py:840} INFO - DAG(s) 'example_branch_operator' retrieved from /home/airflow/.local/lib/python3.8/site-packages/airflow/example_dags/example_branch_operator.py
[2025-07-21T08:27:55.462+0000] {logging_mixin.py:188} INFO - [2025-07-21T08:27:55.462+0000] {dag.py:3036} INFO - Sync 1 DAGs
[2025-07-21T08:27:55.566+0000] {logging_mixin.py:188} INFO - [2025-07-21T08:27:55.565+0000] {dag.py:3823} INFO - Setting next_dagrun for example_branch_operator to 2025-07-20 00:00:00+00:00, run_after=2025-07-21 00:00:00+00:00
[2025-07-21T08:27:55.692+0000] {processor.py:183} INFO - Processing /home/airflow/.local/lib/python3.8/site-packages/airflow/example_dags/example_branch_operator.py took 0.500 seconds
[2025-07-21T08:28:26.395+0000] {processor.py:161} INFO - Started process (PID=1229) to work on /home/airflow/.local/lib/python3.8/site-packages/airflow/example_dags/example_branch_operator.py
[2025-07-21T08:28:26.410+0000] {processor.py:830} INFO - Processing file /home/airflow/.local/lib/python3.8/site-packages/airflow/example_dags/example_branch_operator.py for tasks to queue
[2025-07-21T08:28:26.436+0000] {logging_mixin.py:188} INFO - [2025-07-21T08:28:26.435+0000] {dagbag.py:538} INFO - Filling up the DagBag from /home/airflow/.local/lib/python3.8/site-packages/airflow/example_dags/example_branch_operator.py
[2025-07-21T08:28:26.560+0000] {processor.py:840} INFO - DAG(s) 'example_branch_operator' retrieved from /home/airflow/.local/lib/python3.8/site-packages/airflow/example_dags/example_branch_operator.py
[2025-07-21T08:28:26.869+0000] {logging_mixin.py:188} INFO - [2025-07-21T08:28:26.868+0000] {dag.py:3036} INFO - Sync 1 DAGs
[2025-07-21T08:28:27.070+0000] {logging_mixin.py:188} INFO - [2025-07-21T08:28:27.070+0000] {dag.py:3823} INFO - Setting next_dagrun for example_branch_operator to 2025-07-20 00:00:00+00:00, run_after=2025-07-21 00:00:00+00:00
[2025-07-21T08:28:27.187+0000] {processor.py:183} INFO - Processing /home/airflow/.local/lib/python3.8/site-packages/airflow/example_dags/example_branch_operator.py took 0.812 seconds
[2025-07-21T08:28:58.146+0000] {processor.py:161} INFO - Started process (PID=1284) to work on /home/airflow/.local/lib/python3.8/site-packages/airflow/example_dags/example_branch_operator.py
[2025-07-21T08:28:58.148+0000] {processor.py:830} INFO - Processing file /home/airflow/.local/lib/python3.8/site-packages/airflow/example_dags/example_branch_operator.py for tasks to queue
[2025-07-21T08:28:58.551+0000] {logging_mixin.py:188} INFO - [2025-07-21T08:28:58.550+0000] {dagbag.py:538} INFO - Filling up the DagBag from /home/airflow/.local/lib/python3.8/site-packages/airflow/example_dags/example_branch_operator.py
[2025-07-21T08:28:58.669+0000] {processor.py:840} INFO - DAG(s) 'example_branch_operator' retrieved from /home/airflow/.local/lib/python3.8/site-packages/airflow/example_dags/example_branch_operator.py
[2025-07-21T08:28:58.817+0000] {logging_mixin.py:188} INFO - [2025-07-21T08:28:58.817+0000] {dag.py:3036} INFO - Sync 1 DAGs
[2025-07-21T08:28:58.857+0000] {logging_mixin.py:188} INFO - [2025-07-21T08:28:58.857+0000] {dag.py:3823} INFO - Setting next_dagrun for example_branch_operator to 2025-07-20 00:00:00+00:00, run_after=2025-07-21 00:00:00+00:00
[2025-07-21T08:28:58.888+0000] {processor.py:183} INFO - Processing /home/airflow/.local/lib/python3.8/site-packages/airflow/example_dags/example_branch_operator.py took 0.750 seconds
[2025-07-21T08:29:29.772+0000] {processor.py:161} INFO - Started process (PID=1341) to work on /home/airflow/.local/lib/python3.8/site-packages/airflow/example_dags/example_branch_operator.py
[2025-07-21T08:29:29.774+0000] {processor.py:830} INFO - Processing file /home/airflow/.local/lib/python3.8/site-packages/airflow/example_dags/example_branch_operator.py for tasks to queue
[2025-07-21T08:29:29.792+0000] {logging_mixin.py:188} INFO - [2025-07-21T08:29:29.792+0000] {dagbag.py:538} INFO - Filling up the DagBag from /home/airflow/.local/lib/python3.8/site-packages/airflow/example_dags/example_branch_operator.py
[2025-07-21T08:29:29.908+0000] {processor.py:840} INFO - DAG(s) 'example_branch_operator' retrieved from /home/airflow/.local/lib/python3.8/site-packages/airflow/example_dags/example_branch_operator.py
[2025-07-21T08:29:30.106+0000] {logging_mixin.py:188} INFO - [2025-07-21T08:29:30.105+0000] {dag.py:3036} INFO - Sync 1 DAGs
[2025-07-21T08:29:30.235+0000] {logging_mixin.py:188} INFO - [2025-07-21T08:29:30.234+0000] {dag.py:3823} INFO - Setting next_dagrun for example_branch_operator to 2025-07-20 00:00:00+00:00, run_after=2025-07-21 00:00:00+00:00
[2025-07-21T08:29:30.372+0000] {processor.py:183} INFO - Processing /home/airflow/.local/lib/python3.8/site-packages/airflow/example_dags/example_branch_operator.py took 0.632 seconds
[2025-07-21T08:30:00.526+0000] {processor.py:161} INFO - Started process (PID=1396) to work on /home/airflow/.local/lib/python3.8/site-packages/airflow/example_dags/example_branch_operator.py
[2025-07-21T08:30:00.529+0000] {processor.py:830} INFO - Processing file /home/airflow/.local/lib/python3.8/site-packages/airflow/example_dags/example_branch_operator.py for tasks to queue
[2025-07-21T08:30:00.534+0000] {logging_mixin.py:188} INFO - [2025-07-21T08:30:00.533+0000] {dagbag.py:538} INFO - Filling up the DagBag from /home/airflow/.local/lib/python3.8/site-packages/airflow/example_dags/example_branch_operator.py
[2025-07-21T08:30:00.584+0000] {processor.py:840} INFO - DAG(s) 'example_branch_operator' retrieved from /home/airflow/.local/lib/python3.8/site-packages/airflow/example_dags/example_branch_operator.py
[2025-07-21T08:30:00.650+0000] {logging_mixin.py:188} INFO - [2025-07-21T08:30:00.649+0000] {dag.py:3036} INFO - Sync 1 DAGs
[2025-07-21T08:30:00.784+0000] {logging_mixin.py:188} INFO - [2025-07-21T08:30:00.784+0000] {dag.py:3823} INFO - Setting next_dagrun for example_branch_operator to 2025-07-20 00:00:00+00:00, run_after=2025-07-21 00:00:00+00:00
[2025-07-21T08:30:00.876+0000] {processor.py:183} INFO - Processing /home/airflow/.local/lib/python3.8/site-packages/airflow/example_dags/example_branch_operator.py took 0.360 seconds
[2025-07-21T08:30:31.813+0000] {processor.py:161} INFO - Started process (PID=1451) to work on /home/airflow/.local/lib/python3.8/site-packages/airflow/example_dags/example_branch_operator.py
[2025-07-21T08:30:31.820+0000] {processor.py:830} INFO - Processing file /home/airflow/.local/lib/python3.8/site-packages/airflow/example_dags/example_branch_operator.py for tasks to queue
[2025-07-21T08:30:31.827+0000] {logging_mixin.py:188} INFO - [2025-07-21T08:30:31.827+0000] {dagbag.py:538} INFO - Filling up the DagBag from /home/airflow/.local/lib/python3.8/site-packages/airflow/example_dags/example_branch_operator.py
[2025-07-21T08:30:31.927+0000] {processor.py:840} INFO - DAG(s) 'example_branch_operator' retrieved from /home/airflow/.local/lib/python3.8/site-packages/airflow/example_dags/example_branch_operator.py
[2025-07-21T08:30:32.020+0000] {logging_mixin.py:188} INFO - [2025-07-21T08:30:32.020+0000] {dag.py:3036} INFO - Sync 1 DAGs
[2025-07-21T08:30:32.115+0000] {logging_mixin.py:188} INFO - [2025-07-21T08:30:32.115+0000] {dag.py:3823} INFO - Setting next_dagrun for example_branch_operator to 2025-07-20 00:00:00+00:00, run_after=2025-07-21 00:00:00+00:00
[2025-07-21T08:30:32.216+0000] {processor.py:183} INFO - Processing /home/airflow/.local/lib/python3.8/site-packages/airflow/example_dags/example_branch_operator.py took 0.421 seconds
[2025-07-21T08:31:06.520+0000] {processor.py:161} INFO - Started process (PID=1506) to work on /home/airflow/.local/lib/python3.8/site-packages/airflow/example_dags/example_branch_operator.py
[2025-07-21T08:31:06.536+0000] {processor.py:830} INFO - Processing file /home/airflow/.local/lib/python3.8/site-packages/airflow/example_dags/example_branch_operator.py for tasks to queue
[2025-07-21T08:31:06.550+0000] {logging_mixin.py:188} INFO - [2025-07-21T08:31:06.549+0000] {dagbag.py:538} INFO - Filling up the DagBag from /home/airflow/.local/lib/python3.8/site-packages/airflow/example_dags/example_branch_operator.py
[2025-07-21T08:31:06.651+0000] {processor.py:840} INFO - DAG(s) 'example_branch_operator' retrieved from /home/airflow/.local/lib/python3.8/site-packages/airflow/example_dags/example_branch_operator.py
[2025-07-21T08:31:06.835+0000] {logging_mixin.py:188} INFO - [2025-07-21T08:31:06.835+0000] {dag.py:3036} INFO - Sync 1 DAGs
[2025-07-21T08:31:06.962+0000] {logging_mixin.py:188} INFO - [2025-07-21T08:31:06.951+0000] {dag.py:3823} INFO - Setting next_dagrun for example_branch_operator to 2025-07-20 00:00:00+00:00, run_after=2025-07-21 00:00:00+00:00
[2025-07-21T08:31:07.061+0000] {processor.py:183} INFO - Processing /home/airflow/.local/lib/python3.8/site-packages/airflow/example_dags/example_branch_operator.py took 0.559 seconds
[2025-07-21T08:31:38.208+0000] {processor.py:161} INFO - Started process (PID=1561) to work on /home/airflow/.local/lib/python3.8/site-packages/airflow/example_dags/example_branch_operator.py
[2025-07-21T08:31:38.223+0000] {processor.py:830} INFO - Processing file /home/airflow/.local/lib/python3.8/site-packages/airflow/example_dags/example_branch_operator.py for tasks to queue
[2025-07-21T08:31:38.229+0000] {logging_mixin.py:188} INFO - [2025-07-21T08:31:38.227+0000] {dagbag.py:538} INFO - Filling up the DagBag from /home/airflow/.local/lib/python3.8/site-packages/airflow/example_dags/example_branch_operator.py
[2025-07-21T08:31:38.426+0000] {processor.py:840} INFO - DAG(s) 'example_branch_operator' retrieved from /home/airflow/.local/lib/python3.8/site-packages/airflow/example_dags/example_branch_operator.py
[2025-07-21T08:31:38.775+0000] {logging_mixin.py:188} INFO - [2025-07-21T08:31:38.774+0000] {dag.py:3036} INFO - Sync 1 DAGs
[2025-07-21T08:31:38.934+0000] {logging_mixin.py:188} INFO - [2025-07-21T08:31:38.934+0000] {dag.py:3823} INFO - Setting next_dagrun for example_branch_operator to 2025-07-20 00:00:00+00:00, run_after=2025-07-21 00:00:00+00:00
[2025-07-21T08:31:39.085+0000] {processor.py:183} INFO - Processing /home/airflow/.local/lib/python3.8/site-packages/airflow/example_dags/example_branch_operator.py took 0.905 seconds
[2025-07-21T08:32:10.713+0000] {processor.py:161} INFO - Started process (PID=1612) to work on /home/airflow/.local/lib/python3.8/site-packages/airflow/example_dags/example_branch_operator.py
[2025-07-21T08:32:10.776+0000] {processor.py:830} INFO - Processing file /home/airflow/.local/lib/python3.8/site-packages/airflow/example_dags/example_branch_operator.py for tasks to queue
[2025-07-21T08:32:10.792+0000] {logging_mixin.py:188} INFO - [2025-07-21T08:32:10.792+0000] {dagbag.py:538} INFO - Filling up the DagBag from /home/airflow/.local/lib/python3.8/site-packages/airflow/example_dags/example_branch_operator.py
[2025-07-21T08:32:10.957+0000] {processor.py:840} INFO - DAG(s) 'example_branch_operator' retrieved from /home/airflow/.local/lib/python3.8/site-packages/airflow/example_dags/example_branch_operator.py
[2025-07-21T08:32:11.081+0000] {logging_mixin.py:188} INFO - [2025-07-21T08:32:11.078+0000] {dag.py:3036} INFO - Sync 1 DAGs
[2025-07-21T08:32:11.275+0000] {logging_mixin.py:188} INFO - [2025-07-21T08:32:11.274+0000] {dag.py:3823} INFO - Setting next_dagrun for example_branch_operator to 2025-07-20 00:00:00+00:00, run_after=2025-07-21 00:00:00+00:00
[2025-07-21T08:32:11.392+0000] {processor.py:183} INFO - Processing /home/airflow/.local/lib/python3.8/site-packages/airflow/example_dags/example_branch_operator.py took 0.715 seconds
[2025-07-21T08:32:44.535+0000] {processor.py:161} INFO - Started process (PID=1667) to work on /home/airflow/.local/lib/python3.8/site-packages/airflow/example_dags/example_branch_operator.py
[2025-07-21T08:32:44.547+0000] {processor.py:830} INFO - Processing file /home/airflow/.local/lib/python3.8/site-packages/airflow/example_dags/example_branch_operator.py for tasks to queue
[2025-07-21T08:32:44.566+0000] {logging_mixin.py:188} INFO - [2025-07-21T08:32:44.565+0000] {dagbag.py:538} INFO - Filling up the DagBag from /home/airflow/.local/lib/python3.8/site-packages/airflow/example_dags/example_branch_operator.py
[2025-07-21T08:32:44.881+0000] {processor.py:840} INFO - DAG(s) 'example_branch_operator' retrieved from /home/airflow/.local/lib/python3.8/site-packages/airflow/example_dags/example_branch_operator.py
[2025-07-21T08:32:45.221+0000] {logging_mixin.py:188} INFO - [2025-07-21T08:32:45.220+0000] {dag.py:3036} INFO - Sync 1 DAGs
[2025-07-21T08:32:45.417+0000] {logging_mixin.py:188} INFO - [2025-07-21T08:32:45.416+0000] {dag.py:3823} INFO - Setting next_dagrun for example_branch_operator to 2025-07-20 00:00:00+00:00, run_after=2025-07-21 00:00:00+00:00
[2025-07-21T08:32:46.021+0000] {processor.py:183} INFO - Processing /home/airflow/.local/lib/python3.8/site-packages/airflow/example_dags/example_branch_operator.py took 1.521 seconds
[2025-07-21T08:33:16.740+0000] {processor.py:161} INFO - Started process (PID=1722) to work on /home/airflow/.local/lib/python3.8/site-packages/airflow/example_dags/example_branch_operator.py
[2025-07-21T08:33:16.748+0000] {processor.py:830} INFO - Processing file /home/airflow/.local/lib/python3.8/site-packages/airflow/example_dags/example_branch_operator.py for tasks to queue
[2025-07-21T08:33:16.773+0000] {logging_mixin.py:188} INFO - [2025-07-21T08:33:16.772+0000] {dagbag.py:538} INFO - Filling up the DagBag from /home/airflow/.local/lib/python3.8/site-packages/airflow/example_dags/example_branch_operator.py
[2025-07-21T08:33:16.880+0000] {processor.py:840} INFO - DAG(s) 'example_branch_operator' retrieved from /home/airflow/.local/lib/python3.8/site-packages/airflow/example_dags/example_branch_operator.py
[2025-07-21T08:33:16.966+0000] {logging_mixin.py:188} INFO - [2025-07-21T08:33:16.965+0000] {dag.py:3036} INFO - Sync 1 DAGs
[2025-07-21T08:33:17.017+0000] {logging_mixin.py:188} INFO - [2025-07-21T08:33:17.017+0000] {dag.py:3823} INFO - Setting next_dagrun for example_branch_operator to 2025-07-20 00:00:00+00:00, run_after=2025-07-21 00:00:00+00:00
[2025-07-21T08:33:17.102+0000] {processor.py:183} INFO - Processing /home/airflow/.local/lib/python3.8/site-packages/airflow/example_dags/example_branch_operator.py took 0.373 seconds
[2025-07-21T08:33:47.583+0000] {processor.py:161} INFO - Started process (PID=1777) to work on /home/airflow/.local/lib/python3.8/site-packages/airflow/example_dags/example_branch_operator.py
[2025-07-21T08:33:47.592+0000] {processor.py:830} INFO - Processing file /home/airflow/.local/lib/python3.8/site-packages/airflow/example_dags/example_branch_operator.py for tasks to queue
[2025-07-21T08:33:47.614+0000] {logging_mixin.py:188} INFO - [2025-07-21T08:33:47.613+0000] {dagbag.py:538} INFO - Filling up the DagBag from /home/airflow/.local/lib/python3.8/site-packages/airflow/example_dags/example_branch_operator.py
[2025-07-21T08:33:47.779+0000] {processor.py:840} INFO - DAG(s) 'example_branch_operator' retrieved from /home/airflow/.local/lib/python3.8/site-packages/airflow/example_dags/example_branch_operator.py
[2025-07-21T08:33:47.949+0000] {logging_mixin.py:188} INFO - [2025-07-21T08:33:47.949+0000] {dag.py:3036} INFO - Sync 1 DAGs
[2025-07-21T08:33:48.040+0000] {logging_mixin.py:188} INFO - [2025-07-21T08:33:48.040+0000] {dag.py:3823} INFO - Setting next_dagrun for example_branch_operator to 2025-07-20 00:00:00+00:00, run_after=2025-07-21 00:00:00+00:00
[2025-07-21T08:33:48.091+0000] {processor.py:183} INFO - Processing /home/airflow/.local/lib/python3.8/site-packages/airflow/example_dags/example_branch_operator.py took 0.539 seconds
[2025-07-21T08:34:18.284+0000] {processor.py:161} INFO - Started process (PID=1832) to work on /home/airflow/.local/lib/python3.8/site-packages/airflow/example_dags/example_branch_operator.py
[2025-07-21T08:34:18.288+0000] {processor.py:830} INFO - Processing file /home/airflow/.local/lib/python3.8/site-packages/airflow/example_dags/example_branch_operator.py for tasks to queue
[2025-07-21T08:34:18.295+0000] {logging_mixin.py:188} INFO - [2025-07-21T08:34:18.294+0000] {dagbag.py:538} INFO - Filling up the DagBag from /home/airflow/.local/lib/python3.8/site-packages/airflow/example_dags/example_branch_operator.py
[2025-07-21T08:34:18.381+0000] {processor.py:840} INFO - DAG(s) 'example_branch_operator' retrieved from /home/airflow/.local/lib/python3.8/site-packages/airflow/example_dags/example_branch_operator.py
[2025-07-21T08:34:18.466+0000] {logging_mixin.py:188} INFO - [2025-07-21T08:34:18.465+0000] {dag.py:3036} INFO - Sync 1 DAGs
[2025-07-21T08:34:18.581+0000] {logging_mixin.py:188} INFO - [2025-07-21T08:34:18.580+0000] {dag.py:3823} INFO - Setting next_dagrun for example_branch_operator to 2025-07-20 00:00:00+00:00, run_after=2025-07-21 00:00:00+00:00
[2025-07-21T08:34:18.718+0000] {processor.py:183} INFO - Processing /home/airflow/.local/lib/python3.8/site-packages/airflow/example_dags/example_branch_operator.py took 0.448 seconds
[2025-07-21T08:34:49.828+0000] {processor.py:161} INFO - Started process (PID=1888) to work on /home/airflow/.local/lib/python3.8/site-packages/airflow/example_dags/example_branch_operator.py
[2025-07-21T08:34:49.855+0000] {processor.py:830} INFO - Processing file /home/airflow/.local/lib/python3.8/site-packages/airflow/example_dags/example_branch_operator.py for tasks to queue
[2025-07-21T08:34:49.875+0000] {logging_mixin.py:188} INFO - [2025-07-21T08:34:49.875+0000] {dagbag.py:538} INFO - Filling up the DagBag from /home/airflow/.local/lib/python3.8/site-packages/airflow/example_dags/example_branch_operator.py
[2025-07-21T08:34:50.113+0000] {processor.py:840} INFO - DAG(s) 'example_branch_operator' retrieved from /home/airflow/.local/lib/python3.8/site-packages/airflow/example_dags/example_branch_operator.py
[2025-07-21T08:34:50.172+0000] {logging_mixin.py:188} INFO - [2025-07-21T08:34:50.171+0000] {dag.py:3036} INFO - Sync 1 DAGs
[2025-07-21T08:34:50.221+0000] {logging_mixin.py:188} INFO - [2025-07-21T08:34:50.221+0000] {dag.py:3823} INFO - Setting next_dagrun for example_branch_operator to 2025-07-20 00:00:00+00:00, run_after=2025-07-21 00:00:00+00:00
[2025-07-21T08:34:50.269+0000] {processor.py:183} INFO - Processing /home/airflow/.local/lib/python3.8/site-packages/airflow/example_dags/example_branch_operator.py took 0.456 seconds
[2025-07-21T08:35:20.983+0000] {processor.py:161} INFO - Started process (PID=1942) to work on /home/airflow/.local/lib/python3.8/site-packages/airflow/example_dags/example_branch_operator.py
[2025-07-21T08:35:20.991+0000] {processor.py:830} INFO - Processing file /home/airflow/.local/lib/python3.8/site-packages/airflow/example_dags/example_branch_operator.py for tasks to queue
[2025-07-21T08:35:21.000+0000] {logging_mixin.py:188} INFO - [2025-07-21T08:35:21.000+0000] {dagbag.py:538} INFO - Filling up the DagBag from /home/airflow/.local/lib/python3.8/site-packages/airflow/example_dags/example_branch_operator.py
[2025-07-21T08:35:21.092+0000] {processor.py:840} INFO - DAG(s) 'example_branch_operator' retrieved from /home/airflow/.local/lib/python3.8/site-packages/airflow/example_dags/example_branch_operator.py
[2025-07-21T08:35:21.181+0000] {logging_mixin.py:188} INFO - [2025-07-21T08:35:21.181+0000] {dag.py:3036} INFO - Sync 1 DAGs
[2025-07-21T08:35:21.266+0000] {logging_mixin.py:188} INFO - [2025-07-21T08:35:21.266+0000] {dag.py:3823} INFO - Setting next_dagrun for example_branch_operator to 2025-07-20 00:00:00+00:00, run_after=2025-07-21 00:00:00+00:00
[2025-07-21T08:35:21.325+0000] {processor.py:183} INFO - Processing /home/airflow/.local/lib/python3.8/site-packages/airflow/example_dags/example_branch_operator.py took 0.368 seconds
[2025-07-21T08:35:51.961+0000] {processor.py:161} INFO - Started process (PID=1998) to work on /home/airflow/.local/lib/python3.8/site-packages/airflow/example_dags/example_branch_operator.py
[2025-07-21T08:35:52.026+0000] {processor.py:830} INFO - Processing file /home/airflow/.local/lib/python3.8/site-packages/airflow/example_dags/example_branch_operator.py for tasks to queue
[2025-07-21T08:35:52.113+0000] {logging_mixin.py:188} INFO - [2025-07-21T08:35:52.113+0000] {dagbag.py:538} INFO - Filling up the DagBag from /home/airflow/.local/lib/python3.8/site-packages/airflow/example_dags/example_branch_operator.py
[2025-07-21T08:35:52.242+0000] {processor.py:840} INFO - DAG(s) 'example_branch_operator' retrieved from /home/airflow/.local/lib/python3.8/site-packages/airflow/example_dags/example_branch_operator.py
[2025-07-21T08:35:52.398+0000] {logging_mixin.py:188} INFO - [2025-07-21T08:35:52.398+0000] {dag.py:3036} INFO - Sync 1 DAGs
[2025-07-21T08:35:52.568+0000] {logging_mixin.py:188} INFO - [2025-07-21T08:35:52.568+0000] {dag.py:3823} INFO - Setting next_dagrun for example_branch_operator to 2025-07-20 00:00:00+00:00, run_after=2025-07-21 00:00:00+00:00
[2025-07-21T08:35:52.834+0000] {processor.py:183} INFO - Processing /home/airflow/.local/lib/python3.8/site-packages/airflow/example_dags/example_branch_operator.py took 0.906 seconds
[2025-07-21T08:36:23.624+0000] {processor.py:161} INFO - Started process (PID=2053) to work on /home/airflow/.local/lib/python3.8/site-packages/airflow/example_dags/example_branch_operator.py
[2025-07-21T08:36:23.627+0000] {processor.py:830} INFO - Processing file /home/airflow/.local/lib/python3.8/site-packages/airflow/example_dags/example_branch_operator.py for tasks to queue
[2025-07-21T08:36:23.644+0000] {logging_mixin.py:188} INFO - [2025-07-21T08:36:23.643+0000] {dagbag.py:538} INFO - Filling up the DagBag from /home/airflow/.local/lib/python3.8/site-packages/airflow/example_dags/example_branch_operator.py
[2025-07-21T08:36:23.738+0000] {processor.py:840} INFO - DAG(s) 'example_branch_operator' retrieved from /home/airflow/.local/lib/python3.8/site-packages/airflow/example_dags/example_branch_operator.py
[2025-07-21T08:36:23.865+0000] {logging_mixin.py:188} INFO - [2025-07-21T08:36:23.865+0000] {dag.py:3036} INFO - Sync 1 DAGs
[2025-07-21T08:36:24.147+0000] {logging_mixin.py:188} INFO - [2025-07-21T08:36:24.135+0000] {dag.py:3823} INFO - Setting next_dagrun for example_branch_operator to 2025-07-20 00:00:00+00:00, run_after=2025-07-21 00:00:00+00:00
[2025-07-21T08:36:24.241+0000] {processor.py:183} INFO - Processing /home/airflow/.local/lib/python3.8/site-packages/airflow/example_dags/example_branch_operator.py took 0.649 seconds
[2025-07-21T08:36:54.463+0000] {processor.py:161} INFO - Started process (PID=2107) to work on /home/airflow/.local/lib/python3.8/site-packages/airflow/example_dags/example_branch_operator.py
[2025-07-21T08:36:54.467+0000] {processor.py:830} INFO - Processing file /home/airflow/.local/lib/python3.8/site-packages/airflow/example_dags/example_branch_operator.py for tasks to queue
[2025-07-21T08:36:54.473+0000] {logging_mixin.py:188} INFO - [2025-07-21T08:36:54.473+0000] {dagbag.py:538} INFO - Filling up the DagBag from /home/airflow/.local/lib/python3.8/site-packages/airflow/example_dags/example_branch_operator.py
[2025-07-21T08:36:54.532+0000] {processor.py:840} INFO - DAG(s) 'example_branch_operator' retrieved from /home/airflow/.local/lib/python3.8/site-packages/airflow/example_dags/example_branch_operator.py
[2025-07-21T08:36:54.624+0000] {logging_mixin.py:188} INFO - [2025-07-21T08:36:54.623+0000] {dag.py:3036} INFO - Sync 1 DAGs
[2025-07-21T08:36:54.694+0000] {logging_mixin.py:188} INFO - [2025-07-21T08:36:54.693+0000] {dag.py:3823} INFO - Setting next_dagrun for example_branch_operator to 2025-07-20 00:00:00+00:00, run_after=2025-07-21 00:00:00+00:00
[2025-07-21T08:36:54.784+0000] {processor.py:183} INFO - Processing /home/airflow/.local/lib/python3.8/site-packages/airflow/example_dags/example_branch_operator.py took 0.344 seconds
[2025-07-21T08:37:25.051+0000] {processor.py:161} INFO - Started process (PID=2161) to work on /home/airflow/.local/lib/python3.8/site-packages/airflow/example_dags/example_branch_operator.py
[2025-07-21T08:37:25.054+0000] {processor.py:830} INFO - Processing file /home/airflow/.local/lib/python3.8/site-packages/airflow/example_dags/example_branch_operator.py for tasks to queue
[2025-07-21T08:37:25.061+0000] {logging_mixin.py:188} INFO - [2025-07-21T08:37:25.060+0000] {dagbag.py:538} INFO - Filling up the DagBag from /home/airflow/.local/lib/python3.8/site-packages/airflow/example_dags/example_branch_operator.py
[2025-07-21T08:37:25.178+0000] {processor.py:840} INFO - DAG(s) 'example_branch_operator' retrieved from /home/airflow/.local/lib/python3.8/site-packages/airflow/example_dags/example_branch_operator.py
[2025-07-21T08:37:25.301+0000] {logging_mixin.py:188} INFO - [2025-07-21T08:37:25.300+0000] {dag.py:3036} INFO - Sync 1 DAGs
[2025-07-21T08:37:25.511+0000] {logging_mixin.py:188} INFO - [2025-07-21T08:37:25.511+0000] {dag.py:3823} INFO - Setting next_dagrun for example_branch_operator to 2025-07-20 00:00:00+00:00, run_after=2025-07-21 00:00:00+00:00
[2025-07-21T08:37:25.576+0000] {processor.py:183} INFO - Processing /home/airflow/.local/lib/python3.8/site-packages/airflow/example_dags/example_branch_operator.py took 0.541 seconds
[2025-07-21T08:37:55.772+0000] {processor.py:161} INFO - Started process (PID=2213) to work on /home/airflow/.local/lib/python3.8/site-packages/airflow/example_dags/example_branch_operator.py
[2025-07-21T08:37:55.780+0000] {processor.py:830} INFO - Processing file /home/airflow/.local/lib/python3.8/site-packages/airflow/example_dags/example_branch_operator.py for tasks to queue
[2025-07-21T08:37:55.788+0000] {logging_mixin.py:188} INFO - [2025-07-21T08:37:55.788+0000] {dagbag.py:538} INFO - Filling up the DagBag from /home/airflow/.local/lib/python3.8/site-packages/airflow/example_dags/example_branch_operator.py
[2025-07-21T08:37:55.822+0000] {processor.py:840} INFO - DAG(s) 'example_branch_operator' retrieved from /home/airflow/.local/lib/python3.8/site-packages/airflow/example_dags/example_branch_operator.py
[2025-07-21T08:37:55.912+0000] {logging_mixin.py:188} INFO - [2025-07-21T08:37:55.912+0000] {dag.py:3036} INFO - Sync 1 DAGs
[2025-07-21T08:37:55.980+0000] {logging_mixin.py:188} INFO - [2025-07-21T08:37:55.979+0000] {dag.py:3823} INFO - Setting next_dagrun for example_branch_operator to 2025-07-20 00:00:00+00:00, run_after=2025-07-21 00:00:00+00:00
[2025-07-21T08:37:56.135+0000] {processor.py:183} INFO - Processing /home/airflow/.local/lib/python3.8/site-packages/airflow/example_dags/example_branch_operator.py took 0.376 seconds
[2025-07-21T08:38:28.600+0000] {processor.py:161} INFO - Started process (PID=2267) to work on /home/airflow/.local/lib/python3.8/site-packages/airflow/example_dags/example_branch_operator.py
[2025-07-21T08:38:28.607+0000] {processor.py:830} INFO - Processing file /home/airflow/.local/lib/python3.8/site-packages/airflow/example_dags/example_branch_operator.py for tasks to queue
[2025-07-21T08:38:28.611+0000] {logging_mixin.py:188} INFO - [2025-07-21T08:38:28.611+0000] {dagbag.py:538} INFO - Filling up the DagBag from /home/airflow/.local/lib/python3.8/site-packages/airflow/example_dags/example_branch_operator.py
[2025-07-21T08:38:28.697+0000] {processor.py:840} INFO - DAG(s) 'example_branch_operator' retrieved from /home/airflow/.local/lib/python3.8/site-packages/airflow/example_dags/example_branch_operator.py
[2025-07-21T08:38:28.882+0000] {logging_mixin.py:188} INFO - [2025-07-21T08:38:28.881+0000] {dag.py:3036} INFO - Sync 1 DAGs
[2025-07-21T08:38:29.929+0000] {logging_mixin.py:188} INFO - [2025-07-21T08:38:29.929+0000] {dag.py:3823} INFO - Setting next_dagrun for example_branch_operator to 2025-07-20 00:00:00+00:00, run_after=2025-07-21 00:00:00+00:00
[2025-07-21T08:38:30.095+0000] {processor.py:183} INFO - Processing /home/airflow/.local/lib/python3.8/site-packages/airflow/example_dags/example_branch_operator.py took 1.503 seconds
[2025-07-21T08:39:00.654+0000] {processor.py:161} INFO - Started process (PID=2329) to work on /home/airflow/.local/lib/python3.8/site-packages/airflow/example_dags/example_branch_operator.py
[2025-07-21T08:39:00.669+0000] {processor.py:830} INFO - Processing file /home/airflow/.local/lib/python3.8/site-packages/airflow/example_dags/example_branch_operator.py for tasks to queue
[2025-07-21T08:39:00.679+0000] {logging_mixin.py:188} INFO - [2025-07-21T08:39:00.679+0000] {dagbag.py:538} INFO - Filling up the DagBag from /home/airflow/.local/lib/python3.8/site-packages/airflow/example_dags/example_branch_operator.py
[2025-07-21T08:39:00.806+0000] {processor.py:840} INFO - DAG(s) 'example_branch_operator' retrieved from /home/airflow/.local/lib/python3.8/site-packages/airflow/example_dags/example_branch_operator.py
[2025-07-21T08:39:01.025+0000] {logging_mixin.py:188} INFO - [2025-07-21T08:39:01.025+0000] {dag.py:3036} INFO - Sync 1 DAGs
[2025-07-21T08:39:01.154+0000] {logging_mixin.py:188} INFO - [2025-07-21T08:39:01.143+0000] {dag.py:3823} INFO - Setting next_dagrun for example_branch_operator to 2025-07-20 00:00:00+00:00, run_after=2025-07-21 00:00:00+00:00
[2025-07-21T08:39:01.245+0000] {processor.py:183} INFO - Processing /home/airflow/.local/lib/python3.8/site-packages/airflow/example_dags/example_branch_operator.py took 0.605 seconds
[2025-07-21T08:39:31.839+0000] {processor.py:161} INFO - Started process (PID=2384) to work on /home/airflow/.local/lib/python3.8/site-packages/airflow/example_dags/example_branch_operator.py
[2025-07-21T08:39:31.842+0000] {processor.py:830} INFO - Processing file /home/airflow/.local/lib/python3.8/site-packages/airflow/example_dags/example_branch_operator.py for tasks to queue
[2025-07-21T08:39:31.848+0000] {logging_mixin.py:188} INFO - [2025-07-21T08:39:31.847+0000] {dagbag.py:538} INFO - Filling up the DagBag from /home/airflow/.local/lib/python3.8/site-packages/airflow/example_dags/example_branch_operator.py
[2025-07-21T08:39:31.919+0000] {processor.py:840} INFO - DAG(s) 'example_branch_operator' retrieved from /home/airflow/.local/lib/python3.8/site-packages/airflow/example_dags/example_branch_operator.py
[2025-07-21T08:39:32.014+0000] {logging_mixin.py:188} INFO - [2025-07-21T08:39:32.006+0000] {dag.py:3036} INFO - Sync 1 DAGs
[2025-07-21T08:39:32.079+0000] {logging_mixin.py:188} INFO - [2025-07-21T08:39:32.078+0000] {dag.py:3823} INFO - Setting next_dagrun for example_branch_operator to 2025-07-20 00:00:00+00:00, run_after=2025-07-21 00:00:00+00:00
[2025-07-21T08:39:32.140+0000] {processor.py:183} INFO - Processing /home/airflow/.local/lib/python3.8/site-packages/airflow/example_dags/example_branch_operator.py took 0.311 seconds
[2025-07-21T08:40:02.939+0000] {processor.py:161} INFO - Started process (PID=2438) to work on /home/airflow/.local/lib/python3.8/site-packages/airflow/example_dags/example_branch_operator.py
[2025-07-21T08:40:02.956+0000] {processor.py:830} INFO - Processing file /home/airflow/.local/lib/python3.8/site-packages/airflow/example_dags/example_branch_operator.py for tasks to queue
[2025-07-21T08:40:02.972+0000] {logging_mixin.py:188} INFO - [2025-07-21T08:40:02.970+0000] {dagbag.py:538} INFO - Filling up the DagBag from /home/airflow/.local/lib/python3.8/site-packages/airflow/example_dags/example_branch_operator.py
[2025-07-21T08:40:03.231+0000] {processor.py:840} INFO - DAG(s) 'example_branch_operator' retrieved from /home/airflow/.local/lib/python3.8/site-packages/airflow/example_dags/example_branch_operator.py
[2025-07-21T08:40:03.454+0000] {logging_mixin.py:188} INFO - [2025-07-21T08:40:03.454+0000] {dag.py:3036} INFO - Sync 1 DAGs
[2025-07-21T08:40:03.860+0000] {logging_mixin.py:188} INFO - [2025-07-21T08:40:03.860+0000] {dag.py:3823} INFO - Setting next_dagrun for example_branch_operator to 2025-07-20 00:00:00+00:00, run_after=2025-07-21 00:00:00+00:00
[2025-07-21T08:40:03.924+0000] {processor.py:183} INFO - Processing /home/airflow/.local/lib/python3.8/site-packages/airflow/example_dags/example_branch_operator.py took 1.015 seconds
[2025-07-21T08:40:34.390+0000] {processor.py:161} INFO - Started process (PID=2495) to work on /home/airflow/.local/lib/python3.8/site-packages/airflow/example_dags/example_branch_operator.py
[2025-07-21T08:40:34.394+0000] {processor.py:830} INFO - Processing file /home/airflow/.local/lib/python3.8/site-packages/airflow/example_dags/example_branch_operator.py for tasks to queue
[2025-07-21T08:40:34.400+0000] {logging_mixin.py:188} INFO - [2025-07-21T08:40:34.399+0000] {dagbag.py:538} INFO - Filling up the DagBag from /home/airflow/.local/lib/python3.8/site-packages/airflow/example_dags/example_branch_operator.py
[2025-07-21T08:40:34.517+0000] {processor.py:840} INFO - DAG(s) 'example_branch_operator' retrieved from /home/airflow/.local/lib/python3.8/site-packages/airflow/example_dags/example_branch_operator.py
[2025-07-21T08:40:35.043+0000] {logging_mixin.py:188} INFO - [2025-07-21T08:40:35.043+0000] {dag.py:3036} INFO - Sync 1 DAGs
[2025-07-21T08:40:35.110+0000] {logging_mixin.py:188} INFO - [2025-07-21T08:40:35.109+0000] {dag.py:3823} INFO - Setting next_dagrun for example_branch_operator to 2025-07-20 00:00:00+00:00, run_after=2025-07-21 00:00:00+00:00
[2025-07-21T08:40:35.185+0000] {processor.py:183} INFO - Processing /home/airflow/.local/lib/python3.8/site-packages/airflow/example_dags/example_branch_operator.py took 0.808 seconds
[2025-07-21T08:41:05.627+0000] {processor.py:161} INFO - Started process (PID=2550) to work on /home/airflow/.local/lib/python3.8/site-packages/airflow/example_dags/example_branch_operator.py
[2025-07-21T08:41:05.629+0000] {processor.py:830} INFO - Processing file /home/airflow/.local/lib/python3.8/site-packages/airflow/example_dags/example_branch_operator.py for tasks to queue
[2025-07-21T08:41:05.633+0000] {logging_mixin.py:188} INFO - [2025-07-21T08:41:05.632+0000] {dagbag.py:538} INFO - Filling up the DagBag from /home/airflow/.local/lib/python3.8/site-packages/airflow/example_dags/example_branch_operator.py
[2025-07-21T08:41:05.684+0000] {processor.py:840} INFO - DAG(s) 'example_branch_operator' retrieved from /home/airflow/.local/lib/python3.8/site-packages/airflow/example_dags/example_branch_operator.py
[2025-07-21T08:41:05.797+0000] {logging_mixin.py:188} INFO - [2025-07-21T08:41:05.784+0000] {dag.py:3036} INFO - Sync 1 DAGs
[2025-07-21T08:41:06.251+0000] {logging_mixin.py:188} INFO - [2025-07-21T08:41:06.250+0000] {dag.py:3823} INFO - Setting next_dagrun for example_branch_operator to 2025-07-20 00:00:00+00:00, run_after=2025-07-21 00:00:00+00:00
[2025-07-21T08:41:06.302+0000] {processor.py:183} INFO - Processing /home/airflow/.local/lib/python3.8/site-packages/airflow/example_dags/example_branch_operator.py took 0.686 seconds
[2025-07-21T08:41:36.727+0000] {processor.py:161} INFO - Started process (PID=2605) to work on /home/airflow/.local/lib/python3.8/site-packages/airflow/example_dags/example_branch_operator.py
[2025-07-21T08:41:36.742+0000] {processor.py:830} INFO - Processing file /home/airflow/.local/lib/python3.8/site-packages/airflow/example_dags/example_branch_operator.py for tasks to queue
[2025-07-21T08:41:36.746+0000] {logging_mixin.py:188} INFO - [2025-07-21T08:41:36.746+0000] {dagbag.py:538} INFO - Filling up the DagBag from /home/airflow/.local/lib/python3.8/site-packages/airflow/example_dags/example_branch_operator.py
[2025-07-21T08:41:36.871+0000] {processor.py:840} INFO - DAG(s) 'example_branch_operator' retrieved from /home/airflow/.local/lib/python3.8/site-packages/airflow/example_dags/example_branch_operator.py
[2025-07-21T08:41:37.029+0000] {logging_mixin.py:188} INFO - [2025-07-21T08:41:37.029+0000] {dag.py:3036} INFO - Sync 1 DAGs
[2025-07-21T08:41:37.197+0000] {logging_mixin.py:188} INFO - [2025-07-21T08:41:37.196+0000] {dag.py:3823} INFO - Setting next_dagrun for example_branch_operator to 2025-07-20 00:00:00+00:00, run_after=2025-07-21 00:00:00+00:00
[2025-07-21T08:41:37.338+0000] {processor.py:183} INFO - Processing /home/airflow/.local/lib/python3.8/site-packages/airflow/example_dags/example_branch_operator.py took 0.627 seconds
[2025-07-21T08:42:07.722+0000] {processor.py:161} INFO - Started process (PID=2660) to work on /home/airflow/.local/lib/python3.8/site-packages/airflow/example_dags/example_branch_operator.py
[2025-07-21T08:42:07.731+0000] {processor.py:830} INFO - Processing file /home/airflow/.local/lib/python3.8/site-packages/airflow/example_dags/example_branch_operator.py for tasks to queue
[2025-07-21T08:42:07.737+0000] {logging_mixin.py:188} INFO - [2025-07-21T08:42:07.737+0000] {dagbag.py:538} INFO - Filling up the DagBag from /home/airflow/.local/lib/python3.8/site-packages/airflow/example_dags/example_branch_operator.py
[2025-07-21T08:42:07.823+0000] {processor.py:840} INFO - DAG(s) 'example_branch_operator' retrieved from /home/airflow/.local/lib/python3.8/site-packages/airflow/example_dags/example_branch_operator.py
[2025-07-21T08:42:08.177+0000] {logging_mixin.py:188} INFO - [2025-07-21T08:42:08.175+0000] {dag.py:3036} INFO - Sync 1 DAGs
[2025-07-21T08:42:08.243+0000] {logging_mixin.py:188} INFO - [2025-07-21T08:42:08.243+0000] {dag.py:3823} INFO - Setting next_dagrun for example_branch_operator to 2025-07-20 00:00:00+00:00, run_after=2025-07-21 00:00:00+00:00
[2025-07-21T08:42:08.286+0000] {processor.py:183} INFO - Processing /home/airflow/.local/lib/python3.8/site-packages/airflow/example_dags/example_branch_operator.py took 0.596 seconds
[2025-07-21T08:42:39.002+0000] {processor.py:161} INFO - Started process (PID=2715) to work on /home/airflow/.local/lib/python3.8/site-packages/airflow/example_dags/example_branch_operator.py
[2025-07-21T08:42:39.010+0000] {processor.py:830} INFO - Processing file /home/airflow/.local/lib/python3.8/site-packages/airflow/example_dags/example_branch_operator.py for tasks to queue
[2025-07-21T08:42:39.032+0000] {logging_mixin.py:188} INFO - [2025-07-21T08:42:39.031+0000] {dagbag.py:538} INFO - Filling up the DagBag from /home/airflow/.local/lib/python3.8/site-packages/airflow/example_dags/example_branch_operator.py
[2025-07-21T08:42:39.174+0000] {processor.py:840} INFO - DAG(s) 'example_branch_operator' retrieved from /home/airflow/.local/lib/python3.8/site-packages/airflow/example_dags/example_branch_operator.py
[2025-07-21T08:42:39.246+0000] {logging_mixin.py:188} INFO - [2025-07-21T08:42:39.246+0000] {dag.py:3036} INFO - Sync 1 DAGs
[2025-07-21T08:42:39.322+0000] {logging_mixin.py:188} INFO - [2025-07-21T08:42:39.322+0000] {dag.py:3823} INFO - Setting next_dagrun for example_branch_operator to 2025-07-20 00:00:00+00:00, run_after=2025-07-21 00:00:00+00:00
[2025-07-21T08:42:39.375+0000] {processor.py:183} INFO - Processing /home/airflow/.local/lib/python3.8/site-packages/airflow/example_dags/example_branch_operator.py took 0.419 seconds
[2025-07-21T08:43:10.172+0000] {processor.py:161} INFO - Started process (PID=2770) to work on /home/airflow/.local/lib/python3.8/site-packages/airflow/example_dags/example_branch_operator.py
[2025-07-21T08:43:10.176+0000] {processor.py:830} INFO - Processing file /home/airflow/.local/lib/python3.8/site-packages/airflow/example_dags/example_branch_operator.py for tasks to queue
[2025-07-21T08:43:10.183+0000] {logging_mixin.py:188} INFO - [2025-07-21T08:43:10.183+0000] {dagbag.py:538} INFO - Filling up the DagBag from /home/airflow/.local/lib/python3.8/site-packages/airflow/example_dags/example_branch_operator.py
[2025-07-21T08:43:10.270+0000] {processor.py:840} INFO - DAG(s) 'example_branch_operator' retrieved from /home/airflow/.local/lib/python3.8/site-packages/airflow/example_dags/example_branch_operator.py
[2025-07-21T08:43:10.364+0000] {logging_mixin.py:188} INFO - [2025-07-21T08:43:10.364+0000] {dag.py:3036} INFO - Sync 1 DAGs
[2025-07-21T08:43:10.428+0000] {logging_mixin.py:188} INFO - [2025-07-21T08:43:10.427+0000] {dag.py:3823} INFO - Setting next_dagrun for example_branch_operator to 2025-07-20 00:00:00+00:00, run_after=2025-07-21 00:00:00+00:00
[2025-07-21T08:43:10.543+0000] {processor.py:183} INFO - Processing /home/airflow/.local/lib/python3.8/site-packages/airflow/example_dags/example_branch_operator.py took 0.373 seconds
[2025-07-21T08:43:41.341+0000] {processor.py:161} INFO - Started process (PID=2825) to work on /home/airflow/.local/lib/python3.8/site-packages/airflow/example_dags/example_branch_operator.py
[2025-07-21T08:43:41.390+0000] {processor.py:830} INFO - Processing file /home/airflow/.local/lib/python3.8/site-packages/airflow/example_dags/example_branch_operator.py for tasks to queue
[2025-07-21T08:43:41.405+0000] {logging_mixin.py:188} INFO - [2025-07-21T08:43:41.395+0000] {dagbag.py:538} INFO - Filling up the DagBag from /home/airflow/.local/lib/python3.8/site-packages/airflow/example_dags/example_branch_operator.py
[2025-07-21T08:43:41.631+0000] {processor.py:840} INFO - DAG(s) 'example_branch_operator' retrieved from /home/airflow/.local/lib/python3.8/site-packages/airflow/example_dags/example_branch_operator.py
[2025-07-21T08:43:41.990+0000] {logging_mixin.py:188} INFO - [2025-07-21T08:43:41.989+0000] {dag.py:3036} INFO - Sync 1 DAGs
[2025-07-21T08:43:42.064+0000] {logging_mixin.py:188} INFO - [2025-07-21T08:43:42.063+0000] {dag.py:3823} INFO - Setting next_dagrun for example_branch_operator to 2025-07-20 00:00:00+00:00, run_after=2025-07-21 00:00:00+00:00
[2025-07-21T08:43:42.115+0000] {processor.py:183} INFO - Processing /home/airflow/.local/lib/python3.8/site-packages/airflow/example_dags/example_branch_operator.py took 0.804 seconds
