[2025-07-21T08:14:44.721+0000] {processor.py:161} INFO - Started process (PID=88) to work on /home/airflow/.local/lib/python3.8/site-packages/airflow/example_dags/example_complex.py
[2025-07-21T08:14:44.734+0000] {processor.py:830} INFO - Processing file /home/airflow/.local/lib/python3.8/site-packages/airflow/example_dags/example_complex.py for tasks to queue
[2025-07-21T08:14:44.753+0000] {logging_mixin.py:188} INFO - [2025-07-21T08:14:44.752+0000] {dagbag.py:538} INFO - Filling up the DagBag from /home/airflow/.local/lib/python3.8/site-packages/airflow/example_dags/example_complex.py
[2025-07-21T08:14:44.860+0000] {processor.py:840} INFO - DAG(s) 'example_complex' retrieved from /home/airflow/.local/lib/python3.8/site-packages/airflow/example_dags/example_complex.py
[2025-07-21T08:14:45.117+0000] {logging_mixin.py:188} INFO - [2025-07-21T08:14:45.116+0000] {dag.py:3036} INFO - Sync 1 DAGs
[2025-07-21T08:14:45.188+0000] {logging_mixin.py:188} INFO - [2025-07-21T08:14:45.188+0000] {dag.py:3823} INFO - Setting next_dagrun for example_complex to None, run_after=None
[2025-07-21T08:14:45.302+0000] {processor.py:183} INFO - Processing /home/airflow/.local/lib/python3.8/site-packages/airflow/example_dags/example_complex.py took 0.588 seconds
[2025-07-21T08:15:20.321+0000] {processor.py:161} INFO - Started process (PID=144) to work on /home/airflow/.local/lib/python3.8/site-packages/airflow/example_dags/example_complex.py
[2025-07-21T08:15:20.400+0000] {processor.py:830} INFO - Processing file /home/airflow/.local/lib/python3.8/site-packages/airflow/example_dags/example_complex.py for tasks to queue
[2025-07-21T08:15:20.495+0000] {logging_mixin.py:188} INFO - [2025-07-21T08:15:20.494+0000] {dagbag.py:538} INFO - Filling up the DagBag from /home/airflow/.local/lib/python3.8/site-packages/airflow/example_dags/example_complex.py
[2025-07-21T08:15:20.554+0000] {processor.py:840} INFO - DAG(s) 'example_complex' retrieved from /home/airflow/.local/lib/python3.8/site-packages/airflow/example_dags/example_complex.py
[2025-07-21T08:15:20.958+0000] {logging_mixin.py:188} INFO - [2025-07-21T08:15:20.957+0000] {dag.py:3036} INFO - Sync 1 DAGs
[2025-07-21T08:15:21.055+0000] {logging_mixin.py:188} INFO - [2025-07-21T08:15:21.043+0000] {dag.py:3823} INFO - Setting next_dagrun for example_complex to None, run_after=None
[2025-07-21T08:15:21.285+0000] {processor.py:183} INFO - Processing /home/airflow/.local/lib/python3.8/site-packages/airflow/example_dags/example_complex.py took 1.000 seconds
[2025-07-21T08:15:59.862+0000] {processor.py:161} INFO - Started process (PID=199) to work on /home/airflow/.local/lib/python3.8/site-packages/airflow/example_dags/example_complex.py
[2025-07-21T08:15:59.870+0000] {processor.py:830} INFO - Processing file /home/airflow/.local/lib/python3.8/site-packages/airflow/example_dags/example_complex.py for tasks to queue
[2025-07-21T08:15:59.904+0000] {logging_mixin.py:188} INFO - [2025-07-21T08:15:59.903+0000] {dagbag.py:538} INFO - Filling up the DagBag from /home/airflow/.local/lib/python3.8/site-packages/airflow/example_dags/example_complex.py
[2025-07-21T08:16:00.096+0000] {processor.py:840} INFO - DAG(s) 'example_complex' retrieved from /home/airflow/.local/lib/python3.8/site-packages/airflow/example_dags/example_complex.py
[2025-07-21T08:16:01.020+0000] {logging_mixin.py:188} INFO - [2025-07-21T08:16:01.019+0000] {dag.py:3036} INFO - Sync 1 DAGs
[2025-07-21T08:16:01.134+0000] {logging_mixin.py:188} INFO - [2025-07-21T08:16:01.133+0000] {dag.py:3823} INFO - Setting next_dagrun for example_complex to None, run_after=None
[2025-07-21T08:16:01.449+0000] {processor.py:183} INFO - Processing /home/airflow/.local/lib/python3.8/site-packages/airflow/example_dags/example_complex.py took 1.593 seconds
[2025-07-21T08:16:36.837+0000] {processor.py:161} INFO - Started process (PID=254) to work on /home/airflow/.local/lib/python3.8/site-packages/airflow/example_dags/example_complex.py
[2025-07-21T08:16:36.855+0000] {processor.py:830} INFO - Processing file /home/airflow/.local/lib/python3.8/site-packages/airflow/example_dags/example_complex.py for tasks to queue
[2025-07-21T08:16:36.869+0000] {logging_mixin.py:188} INFO - [2025-07-21T08:16:36.868+0000] {dagbag.py:538} INFO - Filling up the DagBag from /home/airflow/.local/lib/python3.8/site-packages/airflow/example_dags/example_complex.py
[2025-07-21T08:16:36.934+0000] {processor.py:840} INFO - DAG(s) 'example_complex' retrieved from /home/airflow/.local/lib/python3.8/site-packages/airflow/example_dags/example_complex.py
[2025-07-21T08:16:37.211+0000] {logging_mixin.py:188} INFO - [2025-07-21T08:16:37.210+0000] {dag.py:3036} INFO - Sync 1 DAGs
[2025-07-21T08:16:37.423+0000] {logging_mixin.py:188} INFO - [2025-07-21T08:16:37.423+0000] {dag.py:3823} INFO - Setting next_dagrun for example_complex to None, run_after=None
[2025-07-21T08:16:37.987+0000] {processor.py:183} INFO - Processing /home/airflow/.local/lib/python3.8/site-packages/airflow/example_dags/example_complex.py took 1.176 seconds
[2025-07-21T08:17:45.643+0000] {processor.py:161} INFO - Started process (PID=318) to work on /home/airflow/.local/lib/python3.8/site-packages/airflow/example_dags/example_complex.py
[2025-07-21T08:17:45.728+0000] {processor.py:830} INFO - Processing file /home/airflow/.local/lib/python3.8/site-packages/airflow/example_dags/example_complex.py for tasks to queue
[2025-07-21T08:17:45.900+0000] {logging_mixin.py:188} INFO - [2025-07-21T08:17:45.899+0000] {dagbag.py:538} INFO - Filling up the DagBag from /home/airflow/.local/lib/python3.8/site-packages/airflow/example_dags/example_complex.py
[2025-07-21T08:17:46.287+0000] {processor.py:840} INFO - DAG(s) 'example_complex' retrieved from /home/airflow/.local/lib/python3.8/site-packages/airflow/example_dags/example_complex.py
[2025-07-21T08:17:46.955+0000] {logging_mixin.py:188} INFO - [2025-07-21T08:17:46.954+0000] {dag.py:3036} INFO - Sync 1 DAGs
[2025-07-21T08:17:49.661+0000] {logging_mixin.py:188} INFO - [2025-07-21T08:17:49.660+0000] {dag.py:3823} INFO - Setting next_dagrun for example_complex to None, run_after=None
[2025-07-21T08:17:49.973+0000] {processor.py:183} INFO - Processing /home/airflow/.local/lib/python3.8/site-packages/airflow/example_dags/example_complex.py took 4.337 seconds
[2025-07-21T08:19:07.897+0000] {processor.py:161} INFO - Started process (PID=389) to work on /home/airflow/.local/lib/python3.8/site-packages/airflow/example_dags/example_complex.py
[2025-07-21T08:19:07.899+0000] {processor.py:830} INFO - Processing file /home/airflow/.local/lib/python3.8/site-packages/airflow/example_dags/example_complex.py for tasks to queue
[2025-07-21T08:19:07.918+0000] {logging_mixin.py:188} INFO - [2025-07-21T08:19:07.918+0000] {dagbag.py:538} INFO - Filling up the DagBag from /home/airflow/.local/lib/python3.8/site-packages/airflow/example_dags/example_complex.py
[2025-07-21T08:19:08.057+0000] {processor.py:840} INFO - DAG(s) 'example_complex' retrieved from /home/airflow/.local/lib/python3.8/site-packages/airflow/example_dags/example_complex.py
[2025-07-21T08:19:09.023+0000] {logging_mixin.py:188} INFO - [2025-07-21T08:19:09.023+0000] {dag.py:3036} INFO - Sync 1 DAGs
[2025-07-21T08:19:09.406+0000] {logging_mixin.py:188} INFO - [2025-07-21T08:19:09.405+0000] {dag.py:3823} INFO - Setting next_dagrun for example_complex to None, run_after=None
[2025-07-21T08:19:10.717+0000] {processor.py:183} INFO - Processing /home/airflow/.local/lib/python3.8/site-packages/airflow/example_dags/example_complex.py took 2.838 seconds
[2025-07-21T08:20:04.092+0000] {processor.py:161} INFO - Started process (PID=443) to work on /home/airflow/.local/lib/python3.8/site-packages/airflow/example_dags/example_complex.py
[2025-07-21T08:20:04.095+0000] {processor.py:830} INFO - Processing file /home/airflow/.local/lib/python3.8/site-packages/airflow/example_dags/example_complex.py for tasks to queue
[2025-07-21T08:20:04.099+0000] {logging_mixin.py:188} INFO - [2025-07-21T08:20:04.098+0000] {dagbag.py:538} INFO - Filling up the DagBag from /home/airflow/.local/lib/python3.8/site-packages/airflow/example_dags/example_complex.py
[2025-07-21T08:20:04.132+0000] {processor.py:840} INFO - DAG(s) 'example_complex' retrieved from /home/airflow/.local/lib/python3.8/site-packages/airflow/example_dags/example_complex.py
[2025-07-21T08:20:04.324+0000] {logging_mixin.py:188} INFO - [2025-07-21T08:20:04.324+0000] {dag.py:3036} INFO - Sync 1 DAGs
[2025-07-21T08:20:04.388+0000] {logging_mixin.py:188} INFO - [2025-07-21T08:20:04.387+0000] {dag.py:3823} INFO - Setting next_dagrun for example_complex to None, run_after=None
[2025-07-21T08:20:04.496+0000] {processor.py:183} INFO - Processing /home/airflow/.local/lib/python3.8/site-packages/airflow/example_dags/example_complex.py took 0.412 seconds
[2025-07-21T08:20:59.189+0000] {processor.py:161} INFO - Started process (PID=504) to work on /home/airflow/.local/lib/python3.8/site-packages/airflow/example_dags/example_complex.py
[2025-07-21T08:20:59.203+0000] {processor.py:830} INFO - Processing file /home/airflow/.local/lib/python3.8/site-packages/airflow/example_dags/example_complex.py for tasks to queue
[2025-07-21T08:20:59.220+0000] {logging_mixin.py:188} INFO - [2025-07-21T08:20:59.219+0000] {dagbag.py:538} INFO - Filling up the DagBag from /home/airflow/.local/lib/python3.8/site-packages/airflow/example_dags/example_complex.py
[2025-07-21T08:20:59.351+0000] {processor.py:840} INFO - DAG(s) 'example_complex' retrieved from /home/airflow/.local/lib/python3.8/site-packages/airflow/example_dags/example_complex.py
[2025-07-21T08:20:59.621+0000] {logging_mixin.py:188} INFO - [2025-07-21T08:20:59.620+0000] {dag.py:3036} INFO - Sync 1 DAGs
[2025-07-21T08:20:59.706+0000] {logging_mixin.py:188} INFO - [2025-07-21T08:20:59.705+0000] {dag.py:3823} INFO - Setting next_dagrun for example_complex to None, run_after=None
[2025-07-21T08:20:59.830+0000] {processor.py:183} INFO - Processing /home/airflow/.local/lib/python3.8/site-packages/airflow/example_dags/example_complex.py took 0.705 seconds
[2025-07-21T08:21:38.435+0000] {processor.py:161} INFO - Started process (PID=559) to work on /home/airflow/.local/lib/python3.8/site-packages/airflow/example_dags/example_complex.py
[2025-07-21T08:21:38.437+0000] {processor.py:830} INFO - Processing file /home/airflow/.local/lib/python3.8/site-packages/airflow/example_dags/example_complex.py for tasks to queue
[2025-07-21T08:21:38.450+0000] {logging_mixin.py:188} INFO - [2025-07-21T08:21:38.449+0000] {dagbag.py:538} INFO - Filling up the DagBag from /home/airflow/.local/lib/python3.8/site-packages/airflow/example_dags/example_complex.py
[2025-07-21T08:21:38.486+0000] {processor.py:840} INFO - DAG(s) 'example_complex' retrieved from /home/airflow/.local/lib/python3.8/site-packages/airflow/example_dags/example_complex.py
[2025-07-21T08:21:38.561+0000] {logging_mixin.py:188} INFO - [2025-07-21T08:21:38.561+0000] {dag.py:3036} INFO - Sync 1 DAGs
[2025-07-21T08:21:38.601+0000] {logging_mixin.py:188} INFO - [2025-07-21T08:21:38.600+0000] {dag.py:3823} INFO - Setting next_dagrun for example_complex to None, run_after=None
[2025-07-21T08:21:38.638+0000] {processor.py:183} INFO - Processing /home/airflow/.local/lib/python3.8/site-packages/airflow/example_dags/example_complex.py took 0.218 seconds
[2025-07-21T08:22:20.671+0000] {processor.py:161} INFO - Started process (PID=616) to work on /home/airflow/.local/lib/python3.8/site-packages/airflow/example_dags/example_complex.py
[2025-07-21T08:22:20.683+0000] {processor.py:830} INFO - Processing file /home/airflow/.local/lib/python3.8/site-packages/airflow/example_dags/example_complex.py for tasks to queue
[2025-07-21T08:22:20.690+0000] {logging_mixin.py:188} INFO - [2025-07-21T08:22:20.690+0000] {dagbag.py:538} INFO - Filling up the DagBag from /home/airflow/.local/lib/python3.8/site-packages/airflow/example_dags/example_complex.py
[2025-07-21T08:22:20.792+0000] {processor.py:840} INFO - DAG(s) 'example_complex' retrieved from /home/airflow/.local/lib/python3.8/site-packages/airflow/example_dags/example_complex.py
[2025-07-21T08:22:20.947+0000] {logging_mixin.py:188} INFO - [2025-07-21T08:22:20.947+0000] {dag.py:3036} INFO - Sync 1 DAGs
[2025-07-21T08:22:21.148+0000] {logging_mixin.py:188} INFO - [2025-07-21T08:22:21.147+0000] {dag.py:3823} INFO - Setting next_dagrun for example_complex to None, run_after=None
[2025-07-21T08:22:21.286+0000] {processor.py:183} INFO - Processing /home/airflow/.local/lib/python3.8/site-packages/airflow/example_dags/example_complex.py took 0.635 seconds
[2025-07-21T08:22:57.909+0000] {processor.py:161} INFO - Started process (PID=671) to work on /home/airflow/.local/lib/python3.8/site-packages/airflow/example_dags/example_complex.py
[2025-07-21T08:22:57.998+0000] {processor.py:830} INFO - Processing file /home/airflow/.local/lib/python3.8/site-packages/airflow/example_dags/example_complex.py for tasks to queue
[2025-07-21T08:22:58.079+0000] {logging_mixin.py:188} INFO - [2025-07-21T08:22:58.079+0000] {dagbag.py:538} INFO - Filling up the DagBag from /home/airflow/.local/lib/python3.8/site-packages/airflow/example_dags/example_complex.py
[2025-07-21T08:22:58.466+0000] {processor.py:840} INFO - DAG(s) 'example_complex' retrieved from /home/airflow/.local/lib/python3.8/site-packages/airflow/example_dags/example_complex.py
[2025-07-21T08:22:59.810+0000] {logging_mixin.py:188} INFO - [2025-07-21T08:22:59.810+0000] {dag.py:3036} INFO - Sync 1 DAGs
[2025-07-21T08:23:00.212+0000] {logging_mixin.py:188} INFO - [2025-07-21T08:23:00.211+0000] {dag.py:3823} INFO - Setting next_dagrun for example_complex to None, run_after=None
[2025-07-21T08:23:01.094+0000] {processor.py:183} INFO - Processing /home/airflow/.local/lib/python3.8/site-packages/airflow/example_dags/example_complex.py took 3.310 seconds
[2025-07-21T08:23:32.176+0000] {processor.py:161} INFO - Started process (PID=727) to work on /home/airflow/.local/lib/python3.8/site-packages/airflow/example_dags/example_complex.py
[2025-07-21T08:23:32.191+0000] {processor.py:830} INFO - Processing file /home/airflow/.local/lib/python3.8/site-packages/airflow/example_dags/example_complex.py for tasks to queue
[2025-07-21T08:23:32.209+0000] {logging_mixin.py:188} INFO - [2025-07-21T08:23:32.208+0000] {dagbag.py:538} INFO - Filling up the DagBag from /home/airflow/.local/lib/python3.8/site-packages/airflow/example_dags/example_complex.py
[2025-07-21T08:23:32.501+0000] {processor.py:840} INFO - DAG(s) 'example_complex' retrieved from /home/airflow/.local/lib/python3.8/site-packages/airflow/example_dags/example_complex.py
[2025-07-21T08:23:33.053+0000] {logging_mixin.py:188} INFO - [2025-07-21T08:23:33.052+0000] {dag.py:3036} INFO - Sync 1 DAGs
[2025-07-21T08:23:33.074+0000] {logging_mixin.py:188} INFO - [2025-07-21T08:23:33.074+0000] {dag.py:3823} INFO - Setting next_dagrun for example_complex to None, run_after=None
[2025-07-21T08:23:33.334+0000] {processor.py:183} INFO - Processing /home/airflow/.local/lib/python3.8/site-packages/airflow/example_dags/example_complex.py took 1.239 seconds
[2025-07-21T08:24:04.152+0000] {processor.py:161} INFO - Started process (PID=781) to work on /home/airflow/.local/lib/python3.8/site-packages/airflow/example_dags/example_complex.py
[2025-07-21T08:24:04.186+0000] {processor.py:830} INFO - Processing file /home/airflow/.local/lib/python3.8/site-packages/airflow/example_dags/example_complex.py for tasks to queue
[2025-07-21T08:24:04.205+0000] {logging_mixin.py:188} INFO - [2025-07-21T08:24:04.204+0000] {dagbag.py:538} INFO - Filling up the DagBag from /home/airflow/.local/lib/python3.8/site-packages/airflow/example_dags/example_complex.py
[2025-07-21T08:24:04.357+0000] {processor.py:840} INFO - DAG(s) 'example_complex' retrieved from /home/airflow/.local/lib/python3.8/site-packages/airflow/example_dags/example_complex.py
[2025-07-21T08:24:04.713+0000] {logging_mixin.py:188} INFO - [2025-07-21T08:24:04.711+0000] {dag.py:3036} INFO - Sync 1 DAGs
[2025-07-21T08:24:04.856+0000] {logging_mixin.py:188} INFO - [2025-07-21T08:24:04.856+0000] {dag.py:3823} INFO - Setting next_dagrun for example_complex to None, run_after=None
[2025-07-21T08:24:05.059+0000] {processor.py:183} INFO - Processing /home/airflow/.local/lib/python3.8/site-packages/airflow/example_dags/example_complex.py took 1.117 seconds
[2025-07-21T08:24:39.507+0000] {processor.py:161} INFO - Started process (PID=836) to work on /home/airflow/.local/lib/python3.8/site-packages/airflow/example_dags/example_complex.py
[2025-07-21T08:24:39.535+0000] {processor.py:830} INFO - Processing file /home/airflow/.local/lib/python3.8/site-packages/airflow/example_dags/example_complex.py for tasks to queue
[2025-07-21T08:24:39.600+0000] {logging_mixin.py:188} INFO - [2025-07-21T08:24:39.600+0000] {dagbag.py:538} INFO - Filling up the DagBag from /home/airflow/.local/lib/python3.8/site-packages/airflow/example_dags/example_complex.py
[2025-07-21T08:24:39.667+0000] {processor.py:840} INFO - DAG(s) 'example_complex' retrieved from /home/airflow/.local/lib/python3.8/site-packages/airflow/example_dags/example_complex.py
[2025-07-21T08:24:39.858+0000] {logging_mixin.py:188} INFO - [2025-07-21T08:24:39.857+0000] {dag.py:3036} INFO - Sync 1 DAGs
[2025-07-21T08:24:39.946+0000] {logging_mixin.py:188} INFO - [2025-07-21T08:24:39.946+0000] {dag.py:3823} INFO - Setting next_dagrun for example_complex to None, run_after=None
[2025-07-21T08:24:40.023+0000] {processor.py:183} INFO - Processing /home/airflow/.local/lib/python3.8/site-packages/airflow/example_dags/example_complex.py took 0.529 seconds
[2025-07-21T08:25:11.641+0000] {processor.py:161} INFO - Started process (PID=887) to work on /home/airflow/.local/lib/python3.8/site-packages/airflow/example_dags/example_complex.py
[2025-07-21T08:25:11.650+0000] {processor.py:830} INFO - Processing file /home/airflow/.local/lib/python3.8/site-packages/airflow/example_dags/example_complex.py for tasks to queue
[2025-07-21T08:25:11.654+0000] {logging_mixin.py:188} INFO - [2025-07-21T08:25:11.653+0000] {dagbag.py:538} INFO - Filling up the DagBag from /home/airflow/.local/lib/python3.8/site-packages/airflow/example_dags/example_complex.py
[2025-07-21T08:25:11.699+0000] {processor.py:840} INFO - DAG(s) 'example_complex' retrieved from /home/airflow/.local/lib/python3.8/site-packages/airflow/example_dags/example_complex.py
[2025-07-21T08:25:11.925+0000] {logging_mixin.py:188} INFO - [2025-07-21T08:25:11.924+0000] {dag.py:3036} INFO - Sync 1 DAGs
[2025-07-21T08:25:12.032+0000] {logging_mixin.py:188} INFO - [2025-07-21T08:25:12.032+0000] {dag.py:3823} INFO - Setting next_dagrun for example_complex to None, run_after=None
[2025-07-21T08:25:12.102+0000] {processor.py:183} INFO - Processing /home/airflow/.local/lib/python3.8/site-packages/airflow/example_dags/example_complex.py took 0.498 seconds
[2025-07-21T08:25:42.942+0000] {processor.py:161} INFO - Started process (PID=943) to work on /home/airflow/.local/lib/python3.8/site-packages/airflow/example_dags/example_complex.py
[2025-07-21T08:25:42.954+0000] {processor.py:830} INFO - Processing file /home/airflow/.local/lib/python3.8/site-packages/airflow/example_dags/example_complex.py for tasks to queue
[2025-07-21T08:25:42.959+0000] {logging_mixin.py:188} INFO - [2025-07-21T08:25:42.958+0000] {dagbag.py:538} INFO - Filling up the DagBag from /home/airflow/.local/lib/python3.8/site-packages/airflow/example_dags/example_complex.py
[2025-07-21T08:25:43.002+0000] {processor.py:840} INFO - DAG(s) 'example_complex' retrieved from /home/airflow/.local/lib/python3.8/site-packages/airflow/example_dags/example_complex.py
[2025-07-21T08:25:43.327+0000] {logging_mixin.py:188} INFO - [2025-07-21T08:25:43.326+0000] {dag.py:3036} INFO - Sync 1 DAGs
[2025-07-21T08:25:43.438+0000] {logging_mixin.py:188} INFO - [2025-07-21T08:25:43.437+0000] {dag.py:3823} INFO - Setting next_dagrun for example_complex to None, run_after=None
[2025-07-21T08:25:43.627+0000] {processor.py:183} INFO - Processing /home/airflow/.local/lib/python3.8/site-packages/airflow/example_dags/example_complex.py took 0.690 seconds
[2025-07-21T08:26:14.039+0000] {processor.py:161} INFO - Started process (PID=998) to work on /home/airflow/.local/lib/python3.8/site-packages/airflow/example_dags/example_complex.py
[2025-07-21T08:26:14.060+0000] {processor.py:830} INFO - Processing file /home/airflow/.local/lib/python3.8/site-packages/airflow/example_dags/example_complex.py for tasks to queue
[2025-07-21T08:26:14.084+0000] {logging_mixin.py:188} INFO - [2025-07-21T08:26:14.084+0000] {dagbag.py:538} INFO - Filling up the DagBag from /home/airflow/.local/lib/python3.8/site-packages/airflow/example_dags/example_complex.py
[2025-07-21T08:26:14.178+0000] {processor.py:840} INFO - DAG(s) 'example_complex' retrieved from /home/airflow/.local/lib/python3.8/site-packages/airflow/example_dags/example_complex.py
[2025-07-21T08:26:14.438+0000] {logging_mixin.py:188} INFO - [2025-07-21T08:26:14.437+0000] {dag.py:3036} INFO - Sync 1 DAGs
[2025-07-21T08:26:14.556+0000] {logging_mixin.py:188} INFO - [2025-07-21T08:26:14.555+0000] {dag.py:3823} INFO - Setting next_dagrun for example_complex to None, run_after=None
[2025-07-21T08:26:14.909+0000] {processor.py:183} INFO - Processing /home/airflow/.local/lib/python3.8/site-packages/airflow/example_dags/example_complex.py took 0.893 seconds
[2025-07-21T08:26:51.695+0000] {processor.py:161} INFO - Started process (PID=1053) to work on /home/airflow/.local/lib/python3.8/site-packages/airflow/example_dags/example_complex.py
[2025-07-21T08:26:51.724+0000] {processor.py:830} INFO - Processing file /home/airflow/.local/lib/python3.8/site-packages/airflow/example_dags/example_complex.py for tasks to queue
[2025-07-21T08:26:51.748+0000] {logging_mixin.py:188} INFO - [2025-07-21T08:26:51.747+0000] {dagbag.py:538} INFO - Filling up the DagBag from /home/airflow/.local/lib/python3.8/site-packages/airflow/example_dags/example_complex.py
[2025-07-21T08:26:51.883+0000] {processor.py:840} INFO - DAG(s) 'example_complex' retrieved from /home/airflow/.local/lib/python3.8/site-packages/airflow/example_dags/example_complex.py
[2025-07-21T08:26:51.996+0000] {logging_mixin.py:188} INFO - [2025-07-21T08:26:51.996+0000] {dag.py:3036} INFO - Sync 1 DAGs
[2025-07-21T08:26:52.058+0000] {logging_mixin.py:188} INFO - [2025-07-21T08:26:52.057+0000] {dag.py:3823} INFO - Setting next_dagrun for example_complex to None, run_after=None
[2025-07-21T08:26:52.166+0000] {processor.py:183} INFO - Processing /home/airflow/.local/lib/python3.8/site-packages/airflow/example_dags/example_complex.py took 0.585 seconds
[2025-07-21T08:27:22.853+0000] {processor.py:161} INFO - Started process (PID=1107) to work on /home/airflow/.local/lib/python3.8/site-packages/airflow/example_dags/example_complex.py
[2025-07-21T08:27:22.857+0000] {processor.py:830} INFO - Processing file /home/airflow/.local/lib/python3.8/site-packages/airflow/example_dags/example_complex.py for tasks to queue
[2025-07-21T08:27:22.864+0000] {logging_mixin.py:188} INFO - [2025-07-21T08:27:22.863+0000] {dagbag.py:538} INFO - Filling up the DagBag from /home/airflow/.local/lib/python3.8/site-packages/airflow/example_dags/example_complex.py
[2025-07-21T08:27:22.905+0000] {processor.py:840} INFO - DAG(s) 'example_complex' retrieved from /home/airflow/.local/lib/python3.8/site-packages/airflow/example_dags/example_complex.py
[2025-07-21T08:27:22.989+0000] {logging_mixin.py:188} INFO - [2025-07-21T08:27:22.988+0000] {dag.py:3036} INFO - Sync 1 DAGs
[2025-07-21T08:27:23.033+0000] {logging_mixin.py:188} INFO - [2025-07-21T08:27:23.032+0000] {dag.py:3823} INFO - Setting next_dagrun for example_complex to None, run_after=None
[2025-07-21T08:27:23.125+0000] {processor.py:183} INFO - Processing /home/airflow/.local/lib/python3.8/site-packages/airflow/example_dags/example_complex.py took 0.301 seconds
[2025-07-21T08:27:53.470+0000] {processor.py:161} INFO - Started process (PID=1162) to work on /home/airflow/.local/lib/python3.8/site-packages/airflow/example_dags/example_complex.py
[2025-07-21T08:27:53.477+0000] {processor.py:830} INFO - Processing file /home/airflow/.local/lib/python3.8/site-packages/airflow/example_dags/example_complex.py for tasks to queue
[2025-07-21T08:27:53.483+0000] {logging_mixin.py:188} INFO - [2025-07-21T08:27:53.482+0000] {dagbag.py:538} INFO - Filling up the DagBag from /home/airflow/.local/lib/python3.8/site-packages/airflow/example_dags/example_complex.py
[2025-07-21T08:27:53.529+0000] {processor.py:840} INFO - DAG(s) 'example_complex' retrieved from /home/airflow/.local/lib/python3.8/site-packages/airflow/example_dags/example_complex.py
[2025-07-21T08:27:53.907+0000] {logging_mixin.py:188} INFO - [2025-07-21T08:27:53.906+0000] {dag.py:3036} INFO - Sync 1 DAGs
[2025-07-21T08:27:53.959+0000] {logging_mixin.py:188} INFO - [2025-07-21T08:27:53.957+0000] {dag.py:3823} INFO - Setting next_dagrun for example_complex to None, run_after=None
[2025-07-21T08:27:54.025+0000] {processor.py:183} INFO - Processing /home/airflow/.local/lib/python3.8/site-packages/airflow/example_dags/example_complex.py took 0.569 seconds
[2025-07-21T08:28:24.936+0000] {processor.py:161} INFO - Started process (PID=1217) to work on /home/airflow/.local/lib/python3.8/site-packages/airflow/example_dags/example_complex.py
[2025-07-21T08:28:24.940+0000] {processor.py:830} INFO - Processing file /home/airflow/.local/lib/python3.8/site-packages/airflow/example_dags/example_complex.py for tasks to queue
[2025-07-21T08:28:24.946+0000] {logging_mixin.py:188} INFO - [2025-07-21T08:28:24.945+0000] {dagbag.py:538} INFO - Filling up the DagBag from /home/airflow/.local/lib/python3.8/site-packages/airflow/example_dags/example_complex.py
[2025-07-21T08:28:24.994+0000] {processor.py:840} INFO - DAG(s) 'example_complex' retrieved from /home/airflow/.local/lib/python3.8/site-packages/airflow/example_dags/example_complex.py
[2025-07-21T08:28:25.263+0000] {logging_mixin.py:188} INFO - [2025-07-21T08:28:25.263+0000] {dag.py:3036} INFO - Sync 1 DAGs
[2025-07-21T08:28:25.306+0000] {logging_mixin.py:188} INFO - [2025-07-21T08:28:25.306+0000] {dag.py:3823} INFO - Setting next_dagrun for example_complex to None, run_after=None
[2025-07-21T08:28:25.386+0000] {processor.py:183} INFO - Processing /home/airflow/.local/lib/python3.8/site-packages/airflow/example_dags/example_complex.py took 0.462 seconds
[2025-07-21T08:28:56.016+0000] {processor.py:161} INFO - Started process (PID=1278) to work on /home/airflow/.local/lib/python3.8/site-packages/airflow/example_dags/example_complex.py
[2025-07-21T08:28:56.019+0000] {processor.py:830} INFO - Processing file /home/airflow/.local/lib/python3.8/site-packages/airflow/example_dags/example_complex.py for tasks to queue
[2025-07-21T08:28:56.037+0000] {logging_mixin.py:188} INFO - [2025-07-21T08:28:56.036+0000] {dagbag.py:538} INFO - Filling up the DagBag from /home/airflow/.local/lib/python3.8/site-packages/airflow/example_dags/example_complex.py
[2025-07-21T08:28:56.098+0000] {processor.py:840} INFO - DAG(s) 'example_complex' retrieved from /home/airflow/.local/lib/python3.8/site-packages/airflow/example_dags/example_complex.py
[2025-07-21T08:28:56.283+0000] {logging_mixin.py:188} INFO - [2025-07-21T08:28:56.283+0000] {dag.py:3036} INFO - Sync 1 DAGs
[2025-07-21T08:28:56.412+0000] {logging_mixin.py:188} INFO - [2025-07-21T08:28:56.411+0000] {dag.py:3823} INFO - Setting next_dagrun for example_complex to None, run_after=None
[2025-07-21T08:28:56.718+0000] {processor.py:183} INFO - Processing /home/airflow/.local/lib/python3.8/site-packages/airflow/example_dags/example_complex.py took 0.727 seconds
[2025-07-21T08:29:27.633+0000] {processor.py:161} INFO - Started process (PID=1334) to work on /home/airflow/.local/lib/python3.8/site-packages/airflow/example_dags/example_complex.py
[2025-07-21T08:29:27.638+0000] {processor.py:830} INFO - Processing file /home/airflow/.local/lib/python3.8/site-packages/airflow/example_dags/example_complex.py for tasks to queue
[2025-07-21T08:29:27.666+0000] {logging_mixin.py:188} INFO - [2025-07-21T08:29:27.666+0000] {dagbag.py:538} INFO - Filling up the DagBag from /home/airflow/.local/lib/python3.8/site-packages/airflow/example_dags/example_complex.py
[2025-07-21T08:29:27.713+0000] {processor.py:840} INFO - DAG(s) 'example_complex' retrieved from /home/airflow/.local/lib/python3.8/site-packages/airflow/example_dags/example_complex.py
[2025-07-21T08:29:27.901+0000] {logging_mixin.py:188} INFO - [2025-07-21T08:29:27.900+0000] {dag.py:3036} INFO - Sync 1 DAGs
[2025-07-21T08:29:27.927+0000] {logging_mixin.py:188} INFO - [2025-07-21T08:29:27.927+0000] {dag.py:3823} INFO - Setting next_dagrun for example_complex to None, run_after=None
[2025-07-21T08:29:27.979+0000] {processor.py:183} INFO - Processing /home/airflow/.local/lib/python3.8/site-packages/airflow/example_dags/example_complex.py took 0.354 seconds
[2025-07-21T08:29:58.310+0000] {processor.py:161} INFO - Started process (PID=1389) to work on /home/airflow/.local/lib/python3.8/site-packages/airflow/example_dags/example_complex.py
[2025-07-21T08:29:58.331+0000] {processor.py:830} INFO - Processing file /home/airflow/.local/lib/python3.8/site-packages/airflow/example_dags/example_complex.py for tasks to queue
[2025-07-21T08:29:58.346+0000] {logging_mixin.py:188} INFO - [2025-07-21T08:29:58.346+0000] {dagbag.py:538} INFO - Filling up the DagBag from /home/airflow/.local/lib/python3.8/site-packages/airflow/example_dags/example_complex.py
[2025-07-21T08:29:58.426+0000] {processor.py:840} INFO - DAG(s) 'example_complex' retrieved from /home/airflow/.local/lib/python3.8/site-packages/airflow/example_dags/example_complex.py
[2025-07-21T08:29:58.743+0000] {logging_mixin.py:188} INFO - [2025-07-21T08:29:58.742+0000] {dag.py:3036} INFO - Sync 1 DAGs
[2025-07-21T08:29:58.813+0000] {logging_mixin.py:188} INFO - [2025-07-21T08:29:58.813+0000] {dag.py:3823} INFO - Setting next_dagrun for example_complex to None, run_after=None
[2025-07-21T08:29:58.911+0000] {processor.py:183} INFO - Processing /home/airflow/.local/lib/python3.8/site-packages/airflow/example_dags/example_complex.py took 0.625 seconds
[2025-07-21T08:30:29.377+0000] {processor.py:161} INFO - Started process (PID=1444) to work on /home/airflow/.local/lib/python3.8/site-packages/airflow/example_dags/example_complex.py
[2025-07-21T08:30:29.380+0000] {processor.py:830} INFO - Processing file /home/airflow/.local/lib/python3.8/site-packages/airflow/example_dags/example_complex.py for tasks to queue
[2025-07-21T08:30:29.386+0000] {logging_mixin.py:188} INFO - [2025-07-21T08:30:29.385+0000] {dagbag.py:538} INFO - Filling up the DagBag from /home/airflow/.local/lib/python3.8/site-packages/airflow/example_dags/example_complex.py
[2025-07-21T08:30:29.421+0000] {processor.py:840} INFO - DAG(s) 'example_complex' retrieved from /home/airflow/.local/lib/python3.8/site-packages/airflow/example_dags/example_complex.py
[2025-07-21T08:30:29.505+0000] {logging_mixin.py:188} INFO - [2025-07-21T08:30:29.505+0000] {dag.py:3036} INFO - Sync 1 DAGs
[2025-07-21T08:30:29.540+0000] {logging_mixin.py:188} INFO - [2025-07-21T08:30:29.540+0000] {dag.py:3823} INFO - Setting next_dagrun for example_complex to None, run_after=None
[2025-07-21T08:30:29.591+0000] {processor.py:183} INFO - Processing /home/airflow/.local/lib/python3.8/site-packages/airflow/example_dags/example_complex.py took 0.225 seconds
[2025-07-21T08:31:02.233+0000] {processor.py:161} INFO - Started process (PID=1494) to work on /home/airflow/.local/lib/python3.8/site-packages/airflow/example_dags/example_complex.py
[2025-07-21T08:31:02.417+0000] {processor.py:830} INFO - Processing file /home/airflow/.local/lib/python3.8/site-packages/airflow/example_dags/example_complex.py for tasks to queue
[2025-07-21T08:31:02.421+0000] {logging_mixin.py:188} INFO - [2025-07-21T08:31:02.421+0000] {dagbag.py:538} INFO - Filling up the DagBag from /home/airflow/.local/lib/python3.8/site-packages/airflow/example_dags/example_complex.py
[2025-07-21T08:31:02.494+0000] {processor.py:840} INFO - DAG(s) 'example_complex' retrieved from /home/airflow/.local/lib/python3.8/site-packages/airflow/example_dags/example_complex.py
[2025-07-21T08:31:02.773+0000] {logging_mixin.py:188} INFO - [2025-07-21T08:31:02.773+0000] {dag.py:3036} INFO - Sync 1 DAGs
[2025-07-21T08:31:02.822+0000] {logging_mixin.py:188} INFO - [2025-07-21T08:31:02.822+0000] {dag.py:3823} INFO - Setting next_dagrun for example_complex to None, run_after=None
[2025-07-21T08:31:02.958+0000] {processor.py:183} INFO - Processing /home/airflow/.local/lib/python3.8/site-packages/airflow/example_dags/example_complex.py took 0.732 seconds
[2025-07-21T08:31:33.407+0000] {processor.py:161} INFO - Started process (PID=1549) to work on /home/airflow/.local/lib/python3.8/site-packages/airflow/example_dags/example_complex.py
[2025-07-21T08:31:33.412+0000] {processor.py:830} INFO - Processing file /home/airflow/.local/lib/python3.8/site-packages/airflow/example_dags/example_complex.py for tasks to queue
[2025-07-21T08:31:33.430+0000] {logging_mixin.py:188} INFO - [2025-07-21T08:31:33.429+0000] {dagbag.py:538} INFO - Filling up the DagBag from /home/airflow/.local/lib/python3.8/site-packages/airflow/example_dags/example_complex.py
[2025-07-21T08:31:33.492+0000] {processor.py:840} INFO - DAG(s) 'example_complex' retrieved from /home/airflow/.local/lib/python3.8/site-packages/airflow/example_dags/example_complex.py
[2025-07-21T08:31:33.658+0000] {logging_mixin.py:188} INFO - [2025-07-21T08:31:33.658+0000] {dag.py:3036} INFO - Sync 1 DAGs
[2025-07-21T08:31:33.731+0000] {logging_mixin.py:188} INFO - [2025-07-21T08:31:33.730+0000] {dag.py:3823} INFO - Setting next_dagrun for example_complex to None, run_after=None
[2025-07-21T08:31:33.823+0000] {processor.py:183} INFO - Processing /home/airflow/.local/lib/python3.8/site-packages/airflow/example_dags/example_complex.py took 0.442 seconds
[2025-07-21T08:32:04.767+0000] {processor.py:161} INFO - Started process (PID=1604) to work on /home/airflow/.local/lib/python3.8/site-packages/airflow/example_dags/example_complex.py
[2025-07-21T08:32:04.772+0000] {processor.py:830} INFO - Processing file /home/airflow/.local/lib/python3.8/site-packages/airflow/example_dags/example_complex.py for tasks to queue
[2025-07-21T08:32:04.801+0000] {logging_mixin.py:188} INFO - [2025-07-21T08:32:04.800+0000] {dagbag.py:538} INFO - Filling up the DagBag from /home/airflow/.local/lib/python3.8/site-packages/airflow/example_dags/example_complex.py
[2025-07-21T08:32:04.932+0000] {processor.py:840} INFO - DAG(s) 'example_complex' retrieved from /home/airflow/.local/lib/python3.8/site-packages/airflow/example_dags/example_complex.py
[2025-07-21T08:32:05.322+0000] {logging_mixin.py:188} INFO - [2025-07-21T08:32:05.321+0000] {dag.py:3036} INFO - Sync 1 DAGs
[2025-07-21T08:32:05.571+0000] {logging_mixin.py:188} INFO - [2025-07-21T08:32:05.570+0000] {dag.py:3823} INFO - Setting next_dagrun for example_complex to None, run_after=None
[2025-07-21T08:32:05.932+0000] {processor.py:183} INFO - Processing /home/airflow/.local/lib/python3.8/site-packages/airflow/example_dags/example_complex.py took 1.188 seconds
[2025-07-21T08:32:37.060+0000] {processor.py:161} INFO - Started process (PID=1659) to work on /home/airflow/.local/lib/python3.8/site-packages/airflow/example_dags/example_complex.py
[2025-07-21T08:32:37.412+0000] {processor.py:830} INFO - Processing file /home/airflow/.local/lib/python3.8/site-packages/airflow/example_dags/example_complex.py for tasks to queue
[2025-07-21T08:32:37.475+0000] {logging_mixin.py:188} INFO - [2025-07-21T08:32:37.474+0000] {dagbag.py:538} INFO - Filling up the DagBag from /home/airflow/.local/lib/python3.8/site-packages/airflow/example_dags/example_complex.py
[2025-07-21T08:32:37.700+0000] {processor.py:840} INFO - DAG(s) 'example_complex' retrieved from /home/airflow/.local/lib/python3.8/site-packages/airflow/example_dags/example_complex.py
[2025-07-21T08:32:38.352+0000] {logging_mixin.py:188} INFO - [2025-07-21T08:32:38.351+0000] {dag.py:3036} INFO - Sync 1 DAGs
[2025-07-21T08:32:38.505+0000] {logging_mixin.py:188} INFO - [2025-07-21T08:32:38.504+0000] {dag.py:3823} INFO - Setting next_dagrun for example_complex to None, run_after=None
[2025-07-21T08:32:39.218+0000] {processor.py:183} INFO - Processing /home/airflow/.local/lib/python3.8/site-packages/airflow/example_dags/example_complex.py took 2.172 seconds
[2025-07-21T08:33:09.511+0000] {processor.py:161} INFO - Started process (PID=1714) to work on /home/airflow/.local/lib/python3.8/site-packages/airflow/example_dags/example_complex.py
[2025-07-21T08:33:09.515+0000] {processor.py:830} INFO - Processing file /home/airflow/.local/lib/python3.8/site-packages/airflow/example_dags/example_complex.py for tasks to queue
[2025-07-21T08:33:09.521+0000] {logging_mixin.py:188} INFO - [2025-07-21T08:33:09.520+0000] {dagbag.py:538} INFO - Filling up the DagBag from /home/airflow/.local/lib/python3.8/site-packages/airflow/example_dags/example_complex.py
[2025-07-21T08:33:09.569+0000] {processor.py:840} INFO - DAG(s) 'example_complex' retrieved from /home/airflow/.local/lib/python3.8/site-packages/airflow/example_dags/example_complex.py
[2025-07-21T08:33:09.668+0000] {logging_mixin.py:188} INFO - [2025-07-21T08:33:09.667+0000] {dag.py:3036} INFO - Sync 1 DAGs
[2025-07-21T08:33:09.710+0000] {logging_mixin.py:188} INFO - [2025-07-21T08:33:09.709+0000] {dag.py:3823} INFO - Setting next_dagrun for example_complex to None, run_after=None
[2025-07-21T08:33:09.774+0000] {processor.py:183} INFO - Processing /home/airflow/.local/lib/python3.8/site-packages/airflow/example_dags/example_complex.py took 0.275 seconds
[2025-07-21T08:33:40.046+0000] {processor.py:161} INFO - Started process (PID=1769) to work on /home/airflow/.local/lib/python3.8/site-packages/airflow/example_dags/example_complex.py
[2025-07-21T08:33:40.049+0000] {processor.py:830} INFO - Processing file /home/airflow/.local/lib/python3.8/site-packages/airflow/example_dags/example_complex.py for tasks to queue
[2025-07-21T08:33:40.055+0000] {logging_mixin.py:188} INFO - [2025-07-21T08:33:40.055+0000] {dagbag.py:538} INFO - Filling up the DagBag from /home/airflow/.local/lib/python3.8/site-packages/airflow/example_dags/example_complex.py
[2025-07-21T08:33:40.092+0000] {processor.py:840} INFO - DAG(s) 'example_complex' retrieved from /home/airflow/.local/lib/python3.8/site-packages/airflow/example_dags/example_complex.py
[2025-07-21T08:33:40.201+0000] {logging_mixin.py:188} INFO - [2025-07-21T08:33:40.200+0000] {dag.py:3036} INFO - Sync 1 DAGs
[2025-07-21T08:33:40.244+0000] {logging_mixin.py:188} INFO - [2025-07-21T08:33:40.243+0000] {dag.py:3823} INFO - Setting next_dagrun for example_complex to None, run_after=None
[2025-07-21T08:33:40.358+0000] {processor.py:183} INFO - Processing /home/airflow/.local/lib/python3.8/site-packages/airflow/example_dags/example_complex.py took 0.326 seconds
[2025-07-21T08:34:11.014+0000] {processor.py:161} INFO - Started process (PID=1824) to work on /home/airflow/.local/lib/python3.8/site-packages/airflow/example_dags/example_complex.py
[2025-07-21T08:34:11.017+0000] {processor.py:830} INFO - Processing file /home/airflow/.local/lib/python3.8/site-packages/airflow/example_dags/example_complex.py for tasks to queue
[2025-07-21T08:34:11.024+0000] {logging_mixin.py:188} INFO - [2025-07-21T08:34:11.023+0000] {dagbag.py:538} INFO - Filling up the DagBag from /home/airflow/.local/lib/python3.8/site-packages/airflow/example_dags/example_complex.py
[2025-07-21T08:34:11.061+0000] {processor.py:840} INFO - DAG(s) 'example_complex' retrieved from /home/airflow/.local/lib/python3.8/site-packages/airflow/example_dags/example_complex.py
[2025-07-21T08:34:11.154+0000] {logging_mixin.py:188} INFO - [2025-07-21T08:34:11.154+0000] {dag.py:3036} INFO - Sync 1 DAGs
[2025-07-21T08:34:11.191+0000] {logging_mixin.py:188} INFO - [2025-07-21T08:34:11.190+0000] {dag.py:3823} INFO - Setting next_dagrun for example_complex to None, run_after=None
[2025-07-21T08:34:11.254+0000] {processor.py:183} INFO - Processing /home/airflow/.local/lib/python3.8/site-packages/airflow/example_dags/example_complex.py took 0.252 seconds
[2025-07-21T08:34:41.908+0000] {processor.py:161} INFO - Started process (PID=1879) to work on /home/airflow/.local/lib/python3.8/site-packages/airflow/example_dags/example_complex.py
[2025-07-21T08:34:41.922+0000] {processor.py:830} INFO - Processing file /home/airflow/.local/lib/python3.8/site-packages/airflow/example_dags/example_complex.py for tasks to queue
[2025-07-21T08:34:41.967+0000] {logging_mixin.py:188} INFO - [2025-07-21T08:34:41.967+0000] {dagbag.py:538} INFO - Filling up the DagBag from /home/airflow/.local/lib/python3.8/site-packages/airflow/example_dags/example_complex.py
[2025-07-21T08:34:42.035+0000] {processor.py:840} INFO - DAG(s) 'example_complex' retrieved from /home/airflow/.local/lib/python3.8/site-packages/airflow/example_dags/example_complex.py
[2025-07-21T08:34:42.085+0000] {logging_mixin.py:188} INFO - [2025-07-21T08:34:42.085+0000] {dag.py:3036} INFO - Sync 1 DAGs
[2025-07-21T08:34:42.107+0000] {logging_mixin.py:188} INFO - [2025-07-21T08:34:42.106+0000] {dag.py:3823} INFO - Setting next_dagrun for example_complex to None, run_after=None
[2025-07-21T08:34:42.152+0000] {processor.py:183} INFO - Processing /home/airflow/.local/lib/python3.8/site-packages/airflow/example_dags/example_complex.py took 0.260 seconds
[2025-07-21T08:35:13.766+0000] {processor.py:161} INFO - Started process (PID=1934) to work on /home/airflow/.local/lib/python3.8/site-packages/airflow/example_dags/example_complex.py
[2025-07-21T08:35:13.771+0000] {processor.py:830} INFO - Processing file /home/airflow/.local/lib/python3.8/site-packages/airflow/example_dags/example_complex.py for tasks to queue
[2025-07-21T08:35:13.778+0000] {logging_mixin.py:188} INFO - [2025-07-21T08:35:13.778+0000] {dagbag.py:538} INFO - Filling up the DagBag from /home/airflow/.local/lib/python3.8/site-packages/airflow/example_dags/example_complex.py
[2025-07-21T08:35:13.803+0000] {processor.py:840} INFO - DAG(s) 'example_complex' retrieved from /home/airflow/.local/lib/python3.8/site-packages/airflow/example_dags/example_complex.py
[2025-07-21T08:35:13.869+0000] {logging_mixin.py:188} INFO - [2025-07-21T08:35:13.869+0000] {dag.py:3036} INFO - Sync 1 DAGs
[2025-07-21T08:35:13.892+0000] {logging_mixin.py:188} INFO - [2025-07-21T08:35:13.891+0000] {dag.py:3823} INFO - Setting next_dagrun for example_complex to None, run_after=None
[2025-07-21T08:35:13.923+0000] {processor.py:183} INFO - Processing /home/airflow/.local/lib/python3.8/site-packages/airflow/example_dags/example_complex.py took 0.165 seconds
[2025-07-21T08:35:44.246+0000] {processor.py:161} INFO - Started process (PID=1989) to work on /home/airflow/.local/lib/python3.8/site-packages/airflow/example_dags/example_complex.py
[2025-07-21T08:35:44.249+0000] {processor.py:830} INFO - Processing file /home/airflow/.local/lib/python3.8/site-packages/airflow/example_dags/example_complex.py for tasks to queue
[2025-07-21T08:35:44.254+0000] {logging_mixin.py:188} INFO - [2025-07-21T08:35:44.253+0000] {dagbag.py:538} INFO - Filling up the DagBag from /home/airflow/.local/lib/python3.8/site-packages/airflow/example_dags/example_complex.py
[2025-07-21T08:35:44.316+0000] {processor.py:840} INFO - DAG(s) 'example_complex' retrieved from /home/airflow/.local/lib/python3.8/site-packages/airflow/example_dags/example_complex.py
[2025-07-21T08:35:44.523+0000] {logging_mixin.py:188} INFO - [2025-07-21T08:35:44.523+0000] {dag.py:3036} INFO - Sync 1 DAGs
[2025-07-21T08:35:44.554+0000] {logging_mixin.py:188} INFO - [2025-07-21T08:35:44.554+0000] {dag.py:3823} INFO - Setting next_dagrun for example_complex to None, run_after=None
[2025-07-21T08:35:44.594+0000] {processor.py:183} INFO - Processing /home/airflow/.local/lib/python3.8/site-packages/airflow/example_dags/example_complex.py took 0.367 seconds
[2025-07-21T08:36:14.987+0000] {processor.py:161} INFO - Started process (PID=2042) to work on /home/airflow/.local/lib/python3.8/site-packages/airflow/example_dags/example_complex.py
[2025-07-21T08:36:14.992+0000] {processor.py:830} INFO - Processing file /home/airflow/.local/lib/python3.8/site-packages/airflow/example_dags/example_complex.py for tasks to queue
[2025-07-21T08:36:14.999+0000] {logging_mixin.py:188} INFO - [2025-07-21T08:36:14.998+0000] {dagbag.py:538} INFO - Filling up the DagBag from /home/airflow/.local/lib/python3.8/site-packages/airflow/example_dags/example_complex.py
[2025-07-21T08:36:15.048+0000] {processor.py:840} INFO - DAG(s) 'example_complex' retrieved from /home/airflow/.local/lib/python3.8/site-packages/airflow/example_dags/example_complex.py
[2025-07-21T08:36:15.225+0000] {logging_mixin.py:188} INFO - [2025-07-21T08:36:15.225+0000] {dag.py:3036} INFO - Sync 1 DAGs
[2025-07-21T08:36:15.260+0000] {logging_mixin.py:188} INFO - [2025-07-21T08:36:15.259+0000] {dag.py:3823} INFO - Setting next_dagrun for example_complex to None, run_after=None
[2025-07-21T08:36:15.299+0000] {processor.py:183} INFO - Processing /home/airflow/.local/lib/python3.8/site-packages/airflow/example_dags/example_complex.py took 0.327 seconds
[2025-07-21T08:36:48.265+0000] {processor.py:161} INFO - Started process (PID=2097) to work on /home/airflow/.local/lib/python3.8/site-packages/airflow/example_dags/example_complex.py
[2025-07-21T08:36:48.267+0000] {processor.py:830} INFO - Processing file /home/airflow/.local/lib/python3.8/site-packages/airflow/example_dags/example_complex.py for tasks to queue
[2025-07-21T08:36:48.282+0000] {logging_mixin.py:188} INFO - [2025-07-21T08:36:48.282+0000] {dagbag.py:538} INFO - Filling up the DagBag from /home/airflow/.local/lib/python3.8/site-packages/airflow/example_dags/example_complex.py
[2025-07-21T08:36:48.308+0000] {processor.py:840} INFO - DAG(s) 'example_complex' retrieved from /home/airflow/.local/lib/python3.8/site-packages/airflow/example_dags/example_complex.py
[2025-07-21T08:36:48.403+0000] {logging_mixin.py:188} INFO - [2025-07-21T08:36:48.402+0000] {dag.py:3036} INFO - Sync 1 DAGs
[2025-07-21T08:36:48.430+0000] {logging_mixin.py:188} INFO - [2025-07-21T08:36:48.430+0000] {dag.py:3823} INFO - Setting next_dagrun for example_complex to None, run_after=None
[2025-07-21T08:36:48.469+0000] {processor.py:183} INFO - Processing /home/airflow/.local/lib/python3.8/site-packages/airflow/example_dags/example_complex.py took 0.213 seconds
[2025-07-21T08:37:21.469+0000] {processor.py:161} INFO - Started process (PID=2152) to work on /home/airflow/.local/lib/python3.8/site-packages/airflow/example_dags/example_complex.py
[2025-07-21T08:37:21.483+0000] {processor.py:830} INFO - Processing file /home/airflow/.local/lib/python3.8/site-packages/airflow/example_dags/example_complex.py for tasks to queue
[2025-07-21T08:37:21.499+0000] {logging_mixin.py:188} INFO - [2025-07-21T08:37:21.498+0000] {dagbag.py:538} INFO - Filling up the DagBag from /home/airflow/.local/lib/python3.8/site-packages/airflow/example_dags/example_complex.py
[2025-07-21T08:37:21.565+0000] {processor.py:840} INFO - DAG(s) 'example_complex' retrieved from /home/airflow/.local/lib/python3.8/site-packages/airflow/example_dags/example_complex.py
[2025-07-21T08:37:21.777+0000] {logging_mixin.py:188} INFO - [2025-07-21T08:37:21.777+0000] {dag.py:3036} INFO - Sync 1 DAGs
[2025-07-21T08:37:21.875+0000] {logging_mixin.py:188} INFO - [2025-07-21T08:37:21.874+0000] {dag.py:3823} INFO - Setting next_dagrun for example_complex to None, run_after=None
[2025-07-21T08:37:22.207+0000] {processor.py:183} INFO - Processing /home/airflow/.local/lib/python3.8/site-packages/airflow/example_dags/example_complex.py took 0.757 seconds
[2025-07-21T08:37:53.420+0000] {processor.py:161} INFO - Started process (PID=2208) to work on /home/airflow/.local/lib/python3.8/site-packages/airflow/example_dags/example_complex.py
[2025-07-21T08:37:53.437+0000] {processor.py:830} INFO - Processing file /home/airflow/.local/lib/python3.8/site-packages/airflow/example_dags/example_complex.py for tasks to queue
[2025-07-21T08:37:53.685+0000] {logging_mixin.py:188} INFO - [2025-07-21T08:37:53.684+0000] {dagbag.py:538} INFO - Filling up the DagBag from /home/airflow/.local/lib/python3.8/site-packages/airflow/example_dags/example_complex.py
[2025-07-21T08:37:53.831+0000] {processor.py:840} INFO - DAG(s) 'example_complex' retrieved from /home/airflow/.local/lib/python3.8/site-packages/airflow/example_dags/example_complex.py
[2025-07-21T08:37:53.904+0000] {logging_mixin.py:188} INFO - [2025-07-21T08:37:53.903+0000] {dag.py:3036} INFO - Sync 1 DAGs
[2025-07-21T08:37:53.925+0000] {logging_mixin.py:188} INFO - [2025-07-21T08:37:53.925+0000] {dag.py:3823} INFO - Setting next_dagrun for example_complex to None, run_after=None
[2025-07-21T08:37:53.983+0000] {processor.py:183} INFO - Processing /home/airflow/.local/lib/python3.8/site-packages/airflow/example_dags/example_complex.py took 0.577 seconds
[2025-07-21T08:38:24.711+0000] {processor.py:161} INFO - Started process (PID=2261) to work on /home/airflow/.local/lib/python3.8/site-packages/airflow/example_dags/example_complex.py
[2025-07-21T08:38:24.729+0000] {processor.py:830} INFO - Processing file /home/airflow/.local/lib/python3.8/site-packages/airflow/example_dags/example_complex.py for tasks to queue
[2025-07-21T08:38:24.744+0000] {logging_mixin.py:188} INFO - [2025-07-21T08:38:24.744+0000] {dagbag.py:538} INFO - Filling up the DagBag from /home/airflow/.local/lib/python3.8/site-packages/airflow/example_dags/example_complex.py
[2025-07-21T08:38:24.835+0000] {processor.py:840} INFO - DAG(s) 'example_complex' retrieved from /home/airflow/.local/lib/python3.8/site-packages/airflow/example_dags/example_complex.py
[2025-07-21T08:38:25.136+0000] {logging_mixin.py:188} INFO - [2025-07-21T08:38:25.136+0000] {dag.py:3036} INFO - Sync 1 DAGs
[2025-07-21T08:38:25.212+0000] {logging_mixin.py:188} INFO - [2025-07-21T08:38:25.212+0000] {dag.py:3823} INFO - Setting next_dagrun for example_complex to None, run_after=None
[2025-07-21T08:38:25.326+0000] {processor.py:183} INFO - Processing /home/airflow/.local/lib/python3.8/site-packages/airflow/example_dags/example_complex.py took 0.629 seconds
[2025-07-21T08:38:56.079+0000] {processor.py:161} INFO - Started process (PID=2316) to work on /home/airflow/.local/lib/python3.8/site-packages/airflow/example_dags/example_complex.py
[2025-07-21T08:38:56.083+0000] {processor.py:830} INFO - Processing file /home/airflow/.local/lib/python3.8/site-packages/airflow/example_dags/example_complex.py for tasks to queue
[2025-07-21T08:38:56.089+0000] {logging_mixin.py:188} INFO - [2025-07-21T08:38:56.088+0000] {dagbag.py:538} INFO - Filling up the DagBag from /home/airflow/.local/lib/python3.8/site-packages/airflow/example_dags/example_complex.py
[2025-07-21T08:38:56.155+0000] {processor.py:840} INFO - DAG(s) 'example_complex' retrieved from /home/airflow/.local/lib/python3.8/site-packages/airflow/example_dags/example_complex.py
[2025-07-21T08:38:56.245+0000] {logging_mixin.py:188} INFO - [2025-07-21T08:38:56.245+0000] {dag.py:3036} INFO - Sync 1 DAGs
[2025-07-21T08:38:56.306+0000] {logging_mixin.py:188} INFO - [2025-07-21T08:38:56.292+0000] {dag.py:3823} INFO - Setting next_dagrun for example_complex to None, run_after=None
[2025-07-21T08:38:56.519+0000] {processor.py:183} INFO - Processing /home/airflow/.local/lib/python3.8/site-packages/airflow/example_dags/example_complex.py took 0.467 seconds
[2025-07-21T08:39:26.782+0000] {processor.py:161} INFO - Started process (PID=2371) to work on /home/airflow/.local/lib/python3.8/site-packages/airflow/example_dags/example_complex.py
[2025-07-21T08:39:26.786+0000] {processor.py:830} INFO - Processing file /home/airflow/.local/lib/python3.8/site-packages/airflow/example_dags/example_complex.py for tasks to queue
[2025-07-21T08:39:26.792+0000] {logging_mixin.py:188} INFO - [2025-07-21T08:39:26.791+0000] {dagbag.py:538} INFO - Filling up the DagBag from /home/airflow/.local/lib/python3.8/site-packages/airflow/example_dags/example_complex.py
[2025-07-21T08:39:26.841+0000] {processor.py:840} INFO - DAG(s) 'example_complex' retrieved from /home/airflow/.local/lib/python3.8/site-packages/airflow/example_dags/example_complex.py
[2025-07-21T08:39:26.964+0000] {logging_mixin.py:188} INFO - [2025-07-21T08:39:26.963+0000] {dag.py:3036} INFO - Sync 1 DAGs
[2025-07-21T08:39:26.997+0000] {logging_mixin.py:188} INFO - [2025-07-21T08:39:26.996+0000] {dag.py:3823} INFO - Setting next_dagrun for example_complex to None, run_after=None
[2025-07-21T08:39:27.068+0000] {processor.py:183} INFO - Processing /home/airflow/.local/lib/python3.8/site-packages/airflow/example_dags/example_complex.py took 0.303 seconds
[2025-07-21T08:39:57.971+0000] {processor.py:161} INFO - Started process (PID=2426) to work on /home/airflow/.local/lib/python3.8/site-packages/airflow/example_dags/example_complex.py
[2025-07-21T08:39:58.001+0000] {processor.py:830} INFO - Processing file /home/airflow/.local/lib/python3.8/site-packages/airflow/example_dags/example_complex.py for tasks to queue
[2025-07-21T08:39:58.015+0000] {logging_mixin.py:188} INFO - [2025-07-21T08:39:58.013+0000] {dagbag.py:538} INFO - Filling up the DagBag from /home/airflow/.local/lib/python3.8/site-packages/airflow/example_dags/example_complex.py
[2025-07-21T08:39:58.131+0000] {processor.py:840} INFO - DAG(s) 'example_complex' retrieved from /home/airflow/.local/lib/python3.8/site-packages/airflow/example_dags/example_complex.py
[2025-07-21T08:39:58.866+0000] {logging_mixin.py:188} INFO - [2025-07-21T08:39:58.866+0000] {dag.py:3036} INFO - Sync 1 DAGs
[2025-07-21T08:39:58.893+0000] {logging_mixin.py:188} INFO - [2025-07-21T08:39:58.893+0000] {dag.py:3823} INFO - Setting next_dagrun for example_complex to None, run_after=None
[2025-07-21T08:39:58.929+0000] {processor.py:183} INFO - Processing /home/airflow/.local/lib/python3.8/site-packages/airflow/example_dags/example_complex.py took 1.067 seconds
[2025-07-21T08:40:29.420+0000] {processor.py:161} INFO - Started process (PID=2482) to work on /home/airflow/.local/lib/python3.8/site-packages/airflow/example_dags/example_complex.py
[2025-07-21T08:40:29.423+0000] {processor.py:830} INFO - Processing file /home/airflow/.local/lib/python3.8/site-packages/airflow/example_dags/example_complex.py for tasks to queue
[2025-07-21T08:40:29.429+0000] {logging_mixin.py:188} INFO - [2025-07-21T08:40:29.428+0000] {dagbag.py:538} INFO - Filling up the DagBag from /home/airflow/.local/lib/python3.8/site-packages/airflow/example_dags/example_complex.py
[2025-07-21T08:40:29.463+0000] {processor.py:840} INFO - DAG(s) 'example_complex' retrieved from /home/airflow/.local/lib/python3.8/site-packages/airflow/example_dags/example_complex.py
[2025-07-21T08:40:29.702+0000] {logging_mixin.py:188} INFO - [2025-07-21T08:40:29.701+0000] {dag.py:3036} INFO - Sync 1 DAGs
[2025-07-21T08:40:30.305+0000] {logging_mixin.py:188} INFO - [2025-07-21T08:40:30.305+0000] {dag.py:3823} INFO - Setting next_dagrun for example_complex to None, run_after=None
[2025-07-21T08:40:30.459+0000] {processor.py:183} INFO - Processing /home/airflow/.local/lib/python3.8/site-packages/airflow/example_dags/example_complex.py took 1.053 seconds
[2025-07-21T08:41:01.415+0000] {processor.py:161} INFO - Started process (PID=2543) to work on /home/airflow/.local/lib/python3.8/site-packages/airflow/example_dags/example_complex.py
[2025-07-21T08:41:01.427+0000] {processor.py:830} INFO - Processing file /home/airflow/.local/lib/python3.8/site-packages/airflow/example_dags/example_complex.py for tasks to queue
[2025-07-21T08:41:01.447+0000] {logging_mixin.py:188} INFO - [2025-07-21T08:41:01.447+0000] {dagbag.py:538} INFO - Filling up the DagBag from /home/airflow/.local/lib/python3.8/site-packages/airflow/example_dags/example_complex.py
[2025-07-21T08:41:01.542+0000] {processor.py:840} INFO - DAG(s) 'example_complex' retrieved from /home/airflow/.local/lib/python3.8/site-packages/airflow/example_dags/example_complex.py
[2025-07-21T08:41:01.713+0000] {logging_mixin.py:188} INFO - [2025-07-21T08:41:01.713+0000] {dag.py:3036} INFO - Sync 1 DAGs
[2025-07-21T08:41:01.805+0000] {logging_mixin.py:188} INFO - [2025-07-21T08:41:01.805+0000] {dag.py:3823} INFO - Setting next_dagrun for example_complex to None, run_after=None
[2025-07-21T08:41:02.529+0000] {processor.py:183} INFO - Processing /home/airflow/.local/lib/python3.8/site-packages/airflow/example_dags/example_complex.py took 1.121 seconds
[2025-07-21T08:41:32.916+0000] {processor.py:161} INFO - Started process (PID=2598) to work on /home/airflow/.local/lib/python3.8/site-packages/airflow/example_dags/example_complex.py
[2025-07-21T08:41:32.919+0000] {processor.py:830} INFO - Processing file /home/airflow/.local/lib/python3.8/site-packages/airflow/example_dags/example_complex.py for tasks to queue
[2025-07-21T08:41:32.928+0000] {logging_mixin.py:188} INFO - [2025-07-21T08:41:32.927+0000] {dagbag.py:538} INFO - Filling up the DagBag from /home/airflow/.local/lib/python3.8/site-packages/airflow/example_dags/example_complex.py
[2025-07-21T08:41:32.992+0000] {processor.py:840} INFO - DAG(s) 'example_complex' retrieved from /home/airflow/.local/lib/python3.8/site-packages/airflow/example_dags/example_complex.py
[2025-07-21T08:41:33.409+0000] {logging_mixin.py:188} INFO - [2025-07-21T08:41:33.409+0000] {dag.py:3036} INFO - Sync 1 DAGs
[2025-07-21T08:41:33.568+0000] {logging_mixin.py:188} INFO - [2025-07-21T08:41:33.568+0000] {dag.py:3823} INFO - Setting next_dagrun for example_complex to None, run_after=None
[2025-07-21T08:41:33.685+0000] {processor.py:183} INFO - Processing /home/airflow/.local/lib/python3.8/site-packages/airflow/example_dags/example_complex.py took 0.802 seconds
[2025-07-21T08:42:04.084+0000] {processor.py:161} INFO - Started process (PID=2653) to work on /home/airflow/.local/lib/python3.8/site-packages/airflow/example_dags/example_complex.py
[2025-07-21T08:42:04.087+0000] {processor.py:830} INFO - Processing file /home/airflow/.local/lib/python3.8/site-packages/airflow/example_dags/example_complex.py for tasks to queue
[2025-07-21T08:42:04.094+0000] {logging_mixin.py:188} INFO - [2025-07-21T08:42:04.093+0000] {dagbag.py:538} INFO - Filling up the DagBag from /home/airflow/.local/lib/python3.8/site-packages/airflow/example_dags/example_complex.py
[2025-07-21T08:42:04.133+0000] {processor.py:840} INFO - DAG(s) 'example_complex' retrieved from /home/airflow/.local/lib/python3.8/site-packages/airflow/example_dags/example_complex.py
[2025-07-21T08:42:04.243+0000] {logging_mixin.py:188} INFO - [2025-07-21T08:42:04.237+0000] {dag.py:3036} INFO - Sync 1 DAGs
[2025-07-21T08:42:04.288+0000] {logging_mixin.py:188} INFO - [2025-07-21T08:42:04.288+0000] {dag.py:3823} INFO - Setting next_dagrun for example_complex to None, run_after=None
[2025-07-21T08:42:04.347+0000] {processor.py:183} INFO - Processing /home/airflow/.local/lib/python3.8/site-packages/airflow/example_dags/example_complex.py took 0.276 seconds
[2025-07-21T08:42:34.893+0000] {processor.py:161} INFO - Started process (PID=2709) to work on /home/airflow/.local/lib/python3.8/site-packages/airflow/example_dags/example_complex.py
[2025-07-21T08:42:34.896+0000] {processor.py:830} INFO - Processing file /home/airflow/.local/lib/python3.8/site-packages/airflow/example_dags/example_complex.py for tasks to queue
[2025-07-21T08:42:34.902+0000] {logging_mixin.py:188} INFO - [2025-07-21T08:42:34.901+0000] {dagbag.py:538} INFO - Filling up the DagBag from /home/airflow/.local/lib/python3.8/site-packages/airflow/example_dags/example_complex.py
[2025-07-21T08:42:35.065+0000] {processor.py:840} INFO - DAG(s) 'example_complex' retrieved from /home/airflow/.local/lib/python3.8/site-packages/airflow/example_dags/example_complex.py
[2025-07-21T08:42:35.209+0000] {logging_mixin.py:188} INFO - [2025-07-21T08:42:35.208+0000] {dag.py:3036} INFO - Sync 1 DAGs
[2025-07-21T08:42:35.239+0000] {logging_mixin.py:188} INFO - [2025-07-21T08:42:35.239+0000] {dag.py:3823} INFO - Setting next_dagrun for example_complex to None, run_after=None
[2025-07-21T08:42:35.306+0000] {processor.py:183} INFO - Processing /home/airflow/.local/lib/python3.8/site-packages/airflow/example_dags/example_complex.py took 0.422 seconds
[2025-07-21T08:43:05.440+0000] {processor.py:161} INFO - Started process (PID=2764) to work on /home/airflow/.local/lib/python3.8/site-packages/airflow/example_dags/example_complex.py
[2025-07-21T08:43:05.443+0000] {processor.py:830} INFO - Processing file /home/airflow/.local/lib/python3.8/site-packages/airflow/example_dags/example_complex.py for tasks to queue
[2025-07-21T08:43:05.449+0000] {logging_mixin.py:188} INFO - [2025-07-21T08:43:05.448+0000] {dagbag.py:538} INFO - Filling up the DagBag from /home/airflow/.local/lib/python3.8/site-packages/airflow/example_dags/example_complex.py
[2025-07-21T08:43:05.492+0000] {processor.py:840} INFO - DAG(s) 'example_complex' retrieved from /home/airflow/.local/lib/python3.8/site-packages/airflow/example_dags/example_complex.py
[2025-07-21T08:43:05.594+0000] {logging_mixin.py:188} INFO - [2025-07-21T08:43:05.593+0000] {dag.py:3036} INFO - Sync 1 DAGs
[2025-07-21T08:43:05.694+0000] {logging_mixin.py:188} INFO - [2025-07-21T08:43:05.694+0000] {dag.py:3823} INFO - Setting next_dagrun for example_complex to None, run_after=None
[2025-07-21T08:43:05.764+0000] {processor.py:183} INFO - Processing /home/airflow/.local/lib/python3.8/site-packages/airflow/example_dags/example_complex.py took 0.337 seconds
[2025-07-21T08:43:35.876+0000] {processor.py:161} INFO - Started process (PID=2819) to work on /home/airflow/.local/lib/python3.8/site-packages/airflow/example_dags/example_complex.py
[2025-07-21T08:43:35.879+0000] {processor.py:830} INFO - Processing file /home/airflow/.local/lib/python3.8/site-packages/airflow/example_dags/example_complex.py for tasks to queue
[2025-07-21T08:43:35.884+0000] {logging_mixin.py:188} INFO - [2025-07-21T08:43:35.883+0000] {dagbag.py:538} INFO - Filling up the DagBag from /home/airflow/.local/lib/python3.8/site-packages/airflow/example_dags/example_complex.py
[2025-07-21T08:43:35.916+0000] {processor.py:840} INFO - DAG(s) 'example_complex' retrieved from /home/airflow/.local/lib/python3.8/site-packages/airflow/example_dags/example_complex.py
[2025-07-21T08:43:36.005+0000] {logging_mixin.py:188} INFO - [2025-07-21T08:43:36.005+0000] {dag.py:3036} INFO - Sync 1 DAGs
[2025-07-21T08:43:36.039+0000] {logging_mixin.py:188} INFO - [2025-07-21T08:43:36.039+0000] {dag.py:3823} INFO - Setting next_dagrun for example_complex to None, run_after=None
[2025-07-21T08:43:36.094+0000] {processor.py:183} INFO - Processing /home/airflow/.local/lib/python3.8/site-packages/airflow/example_dags/example_complex.py took 0.228 seconds
