[2025-07-21T08:14:39.213+0000] {processor.py:161} INFO - Started process (PID=72) to work on /home/airflow/.local/lib/python3.8/site-packages/airflow/example_dags/tutorial.py
[2025-07-21T08:14:39.275+0000] {processor.py:830} INFO - Processing file /home/airflow/.local/lib/python3.8/site-packages/airflow/example_dags/tutorial.py for tasks to queue
[2025-07-21T08:14:39.285+0000] {logging_mixin.py:188} INFO - [2025-07-21T08:14:39.285+0000] {dagbag.py:538} INFO - Filling up the DagBag from /home/airflow/.local/lib/python3.8/site-packages/airflow/example_dags/tutorial.py
[2025-07-21T08:14:39.376+0000] {processor.py:840} INFO - DAG(s) 'tutorial' retrieved from /home/airflow/.local/lib/python3.8/site-packages/airflow/example_dags/tutorial.py
[2025-07-21T08:14:39.691+0000] {logging_mixin.py:188} INFO - [2025-07-21T08:14:39.690+0000] {dag.py:3036} INFO - Sync 1 DAGs
[2025-07-21T08:14:39.816+0000] {logging_mixin.py:188} INFO - [2025-07-21T08:14:39.816+0000] {dag.py:3823} INFO - Setting next_dagrun for tutorial to 2025-07-20 00:00:00+00:00, run_after=2025-07-21 00:00:00+00:00
[2025-07-21T08:14:39.937+0000] {processor.py:183} INFO - Processing /home/airflow/.local/lib/python3.8/site-packages/airflow/example_dags/tutorial.py took 1.058 seconds
[2025-07-21T08:15:12.123+0000] {processor.py:161} INFO - Started process (PID=134) to work on /home/airflow/.local/lib/python3.8/site-packages/airflow/example_dags/tutorial.py
[2025-07-21T08:15:12.134+0000] {processor.py:830} INFO - Processing file /home/airflow/.local/lib/python3.8/site-packages/airflow/example_dags/tutorial.py for tasks to queue
[2025-07-21T08:15:12.147+0000] {logging_mixin.py:188} INFO - [2025-07-21T08:15:12.146+0000] {dagbag.py:538} INFO - Filling up the DagBag from /home/airflow/.local/lib/python3.8/site-packages/airflow/example_dags/tutorial.py
[2025-07-21T08:15:12.193+0000] {processor.py:840} INFO - DAG(s) 'tutorial' retrieved from /home/airflow/.local/lib/python3.8/site-packages/airflow/example_dags/tutorial.py
[2025-07-21T08:15:12.295+0000] {logging_mixin.py:188} INFO - [2025-07-21T08:15:12.295+0000] {dag.py:3036} INFO - Sync 1 DAGs
[2025-07-21T08:15:12.455+0000] {logging_mixin.py:188} INFO - [2025-07-21T08:15:12.455+0000] {dag.py:3823} INFO - Setting next_dagrun for tutorial to 2025-07-20 00:00:00+00:00, run_after=2025-07-21 00:00:00+00:00
[2025-07-21T08:15:12.719+0000] {processor.py:183} INFO - Processing /home/airflow/.local/lib/python3.8/site-packages/airflow/example_dags/tutorial.py took 0.603 seconds
[2025-07-21T08:15:50.434+0000] {processor.py:161} INFO - Started process (PID=189) to work on /home/airflow/.local/lib/python3.8/site-packages/airflow/example_dags/tutorial.py
[2025-07-21T08:15:50.526+0000] {processor.py:830} INFO - Processing file /home/airflow/.local/lib/python3.8/site-packages/airflow/example_dags/tutorial.py for tasks to queue
[2025-07-21T08:15:50.608+0000] {logging_mixin.py:188} INFO - [2025-07-21T08:15:50.607+0000] {dagbag.py:538} INFO - Filling up the DagBag from /home/airflow/.local/lib/python3.8/site-packages/airflow/example_dags/tutorial.py
[2025-07-21T08:15:50.771+0000] {processor.py:840} INFO - DAG(s) 'tutorial' retrieved from /home/airflow/.local/lib/python3.8/site-packages/airflow/example_dags/tutorial.py
[2025-07-21T08:15:51.240+0000] {logging_mixin.py:188} INFO - [2025-07-21T08:15:51.239+0000] {dag.py:3036} INFO - Sync 1 DAGs
[2025-07-21T08:15:51.970+0000] {logging_mixin.py:188} INFO - [2025-07-21T08:15:51.970+0000] {dag.py:3823} INFO - Setting next_dagrun for tutorial to 2025-07-20 00:00:00+00:00, run_after=2025-07-21 00:00:00+00:00
[2025-07-21T08:15:52.355+0000] {processor.py:183} INFO - Processing /home/airflow/.local/lib/python3.8/site-packages/airflow/example_dags/tutorial.py took 1.953 seconds
[2025-07-21T08:16:31.238+0000] {processor.py:161} INFO - Started process (PID=244) to work on /home/airflow/.local/lib/python3.8/site-packages/airflow/example_dags/tutorial.py
[2025-07-21T08:16:31.421+0000] {processor.py:830} INFO - Processing file /home/airflow/.local/lib/python3.8/site-packages/airflow/example_dags/tutorial.py for tasks to queue
[2025-07-21T08:16:31.501+0000] {logging_mixin.py:188} INFO - [2025-07-21T08:16:31.501+0000] {dagbag.py:538} INFO - Filling up the DagBag from /home/airflow/.local/lib/python3.8/site-packages/airflow/example_dags/tutorial.py
[2025-07-21T08:16:31.614+0000] {processor.py:840} INFO - DAG(s) 'tutorial' retrieved from /home/airflow/.local/lib/python3.8/site-packages/airflow/example_dags/tutorial.py
[2025-07-21T08:16:31.856+0000] {logging_mixin.py:188} INFO - [2025-07-21T08:16:31.856+0000] {dag.py:3036} INFO - Sync 1 DAGs
[2025-07-21T08:16:32.120+0000] {logging_mixin.py:188} INFO - [2025-07-21T08:16:32.110+0000] {dag.py:3823} INFO - Setting next_dagrun for tutorial to 2025-07-20 00:00:00+00:00, run_after=2025-07-21 00:00:00+00:00
[2025-07-21T08:16:32.218+0000] {processor.py:183} INFO - Processing /home/airflow/.local/lib/python3.8/site-packages/airflow/example_dags/tutorial.py took 1.018 seconds
[2025-07-21T08:17:17.707+0000] {processor.py:161} INFO - Started process (PID=299) to work on /home/airflow/.local/lib/python3.8/site-packages/airflow/example_dags/tutorial.py
[2025-07-21T08:17:17.712+0000] {processor.py:830} INFO - Processing file /home/airflow/.local/lib/python3.8/site-packages/airflow/example_dags/tutorial.py for tasks to queue
[2025-07-21T08:17:17.738+0000] {logging_mixin.py:188} INFO - [2025-07-21T08:17:17.722+0000] {dagbag.py:538} INFO - Filling up the DagBag from /home/airflow/.local/lib/python3.8/site-packages/airflow/example_dags/tutorial.py
[2025-07-21T08:17:17.869+0000] {processor.py:840} INFO - DAG(s) 'tutorial' retrieved from /home/airflow/.local/lib/python3.8/site-packages/airflow/example_dags/tutorial.py
[2025-07-21T08:17:18.430+0000] {logging_mixin.py:188} INFO - [2025-07-21T08:17:18.429+0000] {dag.py:3036} INFO - Sync 1 DAGs
[2025-07-21T08:17:18.634+0000] {logging_mixin.py:188} INFO - [2025-07-21T08:17:18.634+0000] {dag.py:3823} INFO - Setting next_dagrun for tutorial to 2025-07-20 00:00:00+00:00, run_after=2025-07-21 00:00:00+00:00
[2025-07-21T08:17:19.158+0000] {processor.py:183} INFO - Processing /home/airflow/.local/lib/python3.8/site-packages/airflow/example_dags/tutorial.py took 1.482 seconds
[2025-07-21T08:18:29.002+0000] {processor.py:161} INFO - Started process (PID=360) to work on /home/airflow/.local/lib/python3.8/site-packages/airflow/example_dags/tutorial.py
[2025-07-21T08:18:29.010+0000] {processor.py:830} INFO - Processing file /home/airflow/.local/lib/python3.8/site-packages/airflow/example_dags/tutorial.py for tasks to queue
[2025-07-21T08:18:29.123+0000] {logging_mixin.py:188} INFO - [2025-07-21T08:18:29.030+0000] {dagbag.py:538} INFO - Filling up the DagBag from /home/airflow/.local/lib/python3.8/site-packages/airflow/example_dags/tutorial.py
[2025-07-21T08:18:29.652+0000] {processor.py:840} INFO - DAG(s) 'tutorial' retrieved from /home/airflow/.local/lib/python3.8/site-packages/airflow/example_dags/tutorial.py
[2025-07-21T08:18:33.140+0000] {logging_mixin.py:188} INFO - [2025-07-21T08:18:33.139+0000] {dag.py:3036} INFO - Sync 1 DAGs
[2025-07-21T08:18:33.435+0000] {logging_mixin.py:188} INFO - [2025-07-21T08:18:33.435+0000] {dag.py:3823} INFO - Setting next_dagrun for tutorial to 2025-07-20 00:00:00+00:00, run_after=2025-07-21 00:00:00+00:00
[2025-07-21T08:18:33.882+0000] {processor.py:183} INFO - Processing /home/airflow/.local/lib/python3.8/site-packages/airflow/example_dags/tutorial.py took 4.928 seconds
[2025-07-21T08:19:58.236+0000] {processor.py:161} INFO - Started process (PID=433) to work on /home/airflow/.local/lib/python3.8/site-packages/airflow/example_dags/tutorial.py
[2025-07-21T08:19:58.242+0000] {processor.py:830} INFO - Processing file /home/airflow/.local/lib/python3.8/site-packages/airflow/example_dags/tutorial.py for tasks to queue
[2025-07-21T08:19:58.270+0000] {logging_mixin.py:188} INFO - [2025-07-21T08:19:58.270+0000] {dagbag.py:538} INFO - Filling up the DagBag from /home/airflow/.local/lib/python3.8/site-packages/airflow/example_dags/tutorial.py
[2025-07-21T08:19:58.305+0000] {processor.py:840} INFO - DAG(s) 'tutorial' retrieved from /home/airflow/.local/lib/python3.8/site-packages/airflow/example_dags/tutorial.py
[2025-07-21T08:19:58.489+0000] {logging_mixin.py:188} INFO - [2025-07-21T08:19:58.488+0000] {dag.py:3036} INFO - Sync 1 DAGs
[2025-07-21T08:19:58.779+0000] {logging_mixin.py:188} INFO - [2025-07-21T08:19:58.759+0000] {dag.py:3823} INFO - Setting next_dagrun for tutorial to 2025-07-20 00:00:00+00:00, run_after=2025-07-21 00:00:00+00:00
[2025-07-21T08:19:59.085+0000] {processor.py:183} INFO - Processing /home/airflow/.local/lib/python3.8/site-packages/airflow/example_dags/tutorial.py took 0.864 seconds
[2025-07-21T08:20:50.486+0000] {processor.py:161} INFO - Started process (PID=488) to work on /home/airflow/.local/lib/python3.8/site-packages/airflow/example_dags/tutorial.py
[2025-07-21T08:20:50.520+0000] {processor.py:830} INFO - Processing file /home/airflow/.local/lib/python3.8/site-packages/airflow/example_dags/tutorial.py for tasks to queue
[2025-07-21T08:20:50.526+0000] {logging_mixin.py:188} INFO - [2025-07-21T08:20:50.526+0000] {dagbag.py:538} INFO - Filling up the DagBag from /home/airflow/.local/lib/python3.8/site-packages/airflow/example_dags/tutorial.py
[2025-07-21T08:20:50.572+0000] {processor.py:840} INFO - DAG(s) 'tutorial' retrieved from /home/airflow/.local/lib/python3.8/site-packages/airflow/example_dags/tutorial.py
[2025-07-21T08:20:50.663+0000] {logging_mixin.py:188} INFO - [2025-07-21T08:20:50.662+0000] {dag.py:3036} INFO - Sync 1 DAGs
[2025-07-21T08:20:51.058+0000] {logging_mixin.py:188} INFO - [2025-07-21T08:20:51.058+0000] {dag.py:3823} INFO - Setting next_dagrun for tutorial to 2025-07-20 00:00:00+00:00, run_after=2025-07-21 00:00:00+00:00
[2025-07-21T08:20:51.406+0000] {processor.py:183} INFO - Processing /home/airflow/.local/lib/python3.8/site-packages/airflow/example_dags/tutorial.py took 0.926 seconds
[2025-07-21T08:21:34.928+0000] {processor.py:161} INFO - Started process (PID=546) to work on /home/airflow/.local/lib/python3.8/site-packages/airflow/example_dags/tutorial.py
[2025-07-21T08:21:34.931+0000] {processor.py:830} INFO - Processing file /home/airflow/.local/lib/python3.8/site-packages/airflow/example_dags/tutorial.py for tasks to queue
[2025-07-21T08:21:34.940+0000] {logging_mixin.py:188} INFO - [2025-07-21T08:21:34.939+0000] {dagbag.py:538} INFO - Filling up the DagBag from /home/airflow/.local/lib/python3.8/site-packages/airflow/example_dags/tutorial.py
[2025-07-21T08:21:34.951+0000] {processor.py:840} INFO - DAG(s) 'tutorial' retrieved from /home/airflow/.local/lib/python3.8/site-packages/airflow/example_dags/tutorial.py
[2025-07-21T08:21:35.036+0000] {logging_mixin.py:188} INFO - [2025-07-21T08:21:35.036+0000] {dag.py:3036} INFO - Sync 1 DAGs
[2025-07-21T08:21:35.106+0000] {logging_mixin.py:188} INFO - [2025-07-21T08:21:35.106+0000] {dag.py:3823} INFO - Setting next_dagrun for tutorial to 2025-07-20 00:00:00+00:00, run_after=2025-07-21 00:00:00+00:00
[2025-07-21T08:21:35.258+0000] {processor.py:183} INFO - Processing /home/airflow/.local/lib/python3.8/site-packages/airflow/example_dags/tutorial.py took 0.339 seconds
[2025-07-21T08:22:11.289+0000] {processor.py:161} INFO - Started process (PID=601) to work on /home/airflow/.local/lib/python3.8/site-packages/airflow/example_dags/tutorial.py
[2025-07-21T08:22:11.292+0000] {processor.py:830} INFO - Processing file /home/airflow/.local/lib/python3.8/site-packages/airflow/example_dags/tutorial.py for tasks to queue
[2025-07-21T08:22:11.306+0000] {logging_mixin.py:188} INFO - [2025-07-21T08:22:11.305+0000] {dagbag.py:538} INFO - Filling up the DagBag from /home/airflow/.local/lib/python3.8/site-packages/airflow/example_dags/tutorial.py
[2025-07-21T08:22:11.355+0000] {processor.py:840} INFO - DAG(s) 'tutorial' retrieved from /home/airflow/.local/lib/python3.8/site-packages/airflow/example_dags/tutorial.py
[2025-07-21T08:22:11.672+0000] {logging_mixin.py:188} INFO - [2025-07-21T08:22:11.672+0000] {dag.py:3036} INFO - Sync 1 DAGs
[2025-07-21T08:22:12.017+0000] {logging_mixin.py:188} INFO - [2025-07-21T08:22:12.016+0000] {dag.py:3823} INFO - Setting next_dagrun for tutorial to 2025-07-20 00:00:00+00:00, run_after=2025-07-21 00:00:00+00:00
[2025-07-21T08:22:12.216+0000] {processor.py:183} INFO - Processing /home/airflow/.local/lib/python3.8/site-packages/airflow/example_dags/tutorial.py took 0.955 seconds
[2025-07-21T08:22:43.426+0000] {processor.py:161} INFO - Started process (PID=655) to work on /home/airflow/.local/lib/python3.8/site-packages/airflow/example_dags/tutorial.py
[2025-07-21T08:22:43.428+0000] {processor.py:830} INFO - Processing file /home/airflow/.local/lib/python3.8/site-packages/airflow/example_dags/tutorial.py for tasks to queue
[2025-07-21T08:22:43.436+0000] {logging_mixin.py:188} INFO - [2025-07-21T08:22:43.435+0000] {dagbag.py:538} INFO - Filling up the DagBag from /home/airflow/.local/lib/python3.8/site-packages/airflow/example_dags/tutorial.py
[2025-07-21T08:22:43.454+0000] {processor.py:840} INFO - DAG(s) 'tutorial' retrieved from /home/airflow/.local/lib/python3.8/site-packages/airflow/example_dags/tutorial.py
[2025-07-21T08:22:43.511+0000] {logging_mixin.py:188} INFO - [2025-07-21T08:22:43.511+0000] {dag.py:3036} INFO - Sync 1 DAGs
[2025-07-21T08:22:43.585+0000] {logging_mixin.py:188} INFO - [2025-07-21T08:22:43.584+0000] {dag.py:3823} INFO - Setting next_dagrun for tutorial to 2025-07-20 00:00:00+00:00, run_after=2025-07-21 00:00:00+00:00
[2025-07-21T08:22:43.761+0000] {processor.py:183} INFO - Processing /home/airflow/.local/lib/python3.8/site-packages/airflow/example_dags/tutorial.py took 0.345 seconds
[2025-07-21T08:23:18.953+0000] {processor.py:161} INFO - Started process (PID=710) to work on /home/airflow/.local/lib/python3.8/site-packages/airflow/example_dags/tutorial.py
[2025-07-21T08:23:18.967+0000] {processor.py:830} INFO - Processing file /home/airflow/.local/lib/python3.8/site-packages/airflow/example_dags/tutorial.py for tasks to queue
[2025-07-21T08:23:19.007+0000] {logging_mixin.py:188} INFO - [2025-07-21T08:23:19.006+0000] {dagbag.py:538} INFO - Filling up the DagBag from /home/airflow/.local/lib/python3.8/site-packages/airflow/example_dags/tutorial.py
[2025-07-21T08:23:19.021+0000] {processor.py:840} INFO - DAG(s) 'tutorial' retrieved from /home/airflow/.local/lib/python3.8/site-packages/airflow/example_dags/tutorial.py
[2025-07-21T08:23:19.065+0000] {logging_mixin.py:188} INFO - [2025-07-21T08:23:19.065+0000] {dag.py:3036} INFO - Sync 1 DAGs
[2025-07-21T08:23:19.172+0000] {logging_mixin.py:188} INFO - [2025-07-21T08:23:19.172+0000] {dag.py:3823} INFO - Setting next_dagrun for tutorial to 2025-07-20 00:00:00+00:00, run_after=2025-07-21 00:00:00+00:00
[2025-07-21T08:23:19.262+0000] {processor.py:183} INFO - Processing /home/airflow/.local/lib/python3.8/site-packages/airflow/example_dags/tutorial.py took 0.326 seconds
[2025-07-21T08:23:53.323+0000] {processor.py:161} INFO - Started process (PID=771) to work on /home/airflow/.local/lib/python3.8/site-packages/airflow/example_dags/tutorial.py
[2025-07-21T08:23:53.369+0000] {processor.py:830} INFO - Processing file /home/airflow/.local/lib/python3.8/site-packages/airflow/example_dags/tutorial.py for tasks to queue
[2025-07-21T08:23:53.442+0000] {logging_mixin.py:188} INFO - [2025-07-21T08:23:53.442+0000] {dagbag.py:538} INFO - Filling up the DagBag from /home/airflow/.local/lib/python3.8/site-packages/airflow/example_dags/tutorial.py
[2025-07-21T08:23:53.494+0000] {processor.py:840} INFO - DAG(s) 'tutorial' retrieved from /home/airflow/.local/lib/python3.8/site-packages/airflow/example_dags/tutorial.py
[2025-07-21T08:23:53.602+0000] {logging_mixin.py:188} INFO - [2025-07-21T08:23:53.601+0000] {dag.py:3036} INFO - Sync 1 DAGs
[2025-07-21T08:23:53.761+0000] {logging_mixin.py:188} INFO - [2025-07-21T08:23:53.761+0000] {dag.py:3823} INFO - Setting next_dagrun for tutorial to 2025-07-20 00:00:00+00:00, run_after=2025-07-21 00:00:00+00:00
[2025-07-21T08:23:53.878+0000] {processor.py:183} INFO - Processing /home/airflow/.local/lib/python3.8/site-packages/airflow/example_dags/tutorial.py took 0.562 seconds
[2025-07-21T08:24:31.055+0000] {processor.py:161} INFO - Started process (PID=816) to work on /home/airflow/.local/lib/python3.8/site-packages/airflow/example_dags/tutorial.py
[2025-07-21T08:24:31.068+0000] {processor.py:830} INFO - Processing file /home/airflow/.local/lib/python3.8/site-packages/airflow/example_dags/tutorial.py for tasks to queue
[2025-07-21T08:24:31.072+0000] {logging_mixin.py:188} INFO - [2025-07-21T08:24:31.071+0000] {dagbag.py:538} INFO - Filling up the DagBag from /home/airflow/.local/lib/python3.8/site-packages/airflow/example_dags/tutorial.py
[2025-07-21T08:24:31.089+0000] {processor.py:840} INFO - DAG(s) 'tutorial' retrieved from /home/airflow/.local/lib/python3.8/site-packages/airflow/example_dags/tutorial.py
[2025-07-21T08:24:31.149+0000] {logging_mixin.py:188} INFO - [2025-07-21T08:24:31.148+0000] {dag.py:3036} INFO - Sync 1 DAGs
[2025-07-21T08:24:31.200+0000] {logging_mixin.py:188} INFO - [2025-07-21T08:24:31.199+0000] {dag.py:3823} INFO - Setting next_dagrun for tutorial to 2025-07-20 00:00:00+00:00, run_after=2025-07-21 00:00:00+00:00
[2025-07-21T08:24:31.304+0000] {processor.py:183} INFO - Processing /home/airflow/.local/lib/python3.8/site-packages/airflow/example_dags/tutorial.py took 0.258 seconds
[2025-07-21T08:25:03.223+0000] {processor.py:161} INFO - Started process (PID=871) to work on /home/airflow/.local/lib/python3.8/site-packages/airflow/example_dags/tutorial.py
[2025-07-21T08:25:03.226+0000] {processor.py:830} INFO - Processing file /home/airflow/.local/lib/python3.8/site-packages/airflow/example_dags/tutorial.py for tasks to queue
[2025-07-21T08:25:03.230+0000] {logging_mixin.py:188} INFO - [2025-07-21T08:25:03.229+0000] {dagbag.py:538} INFO - Filling up the DagBag from /home/airflow/.local/lib/python3.8/site-packages/airflow/example_dags/tutorial.py
[2025-07-21T08:25:03.277+0000] {processor.py:840} INFO - DAG(s) 'tutorial' retrieved from /home/airflow/.local/lib/python3.8/site-packages/airflow/example_dags/tutorial.py
[2025-07-21T08:25:03.497+0000] {logging_mixin.py:188} INFO - [2025-07-21T08:25:03.496+0000] {dag.py:3036} INFO - Sync 1 DAGs
[2025-07-21T08:25:03.627+0000] {logging_mixin.py:188} INFO - [2025-07-21T08:25:03.627+0000] {dag.py:3823} INFO - Setting next_dagrun for tutorial to 2025-07-20 00:00:00+00:00, run_after=2025-07-21 00:00:00+00:00
[2025-07-21T08:25:03.704+0000] {processor.py:183} INFO - Processing /home/airflow/.local/lib/python3.8/site-packages/airflow/example_dags/tutorial.py took 0.502 seconds
[2025-07-21T08:25:34.560+0000] {processor.py:161} INFO - Started process (PID=927) to work on /home/airflow/.local/lib/python3.8/site-packages/airflow/example_dags/tutorial.py
[2025-07-21T08:25:34.563+0000] {processor.py:830} INFO - Processing file /home/airflow/.local/lib/python3.8/site-packages/airflow/example_dags/tutorial.py for tasks to queue
[2025-07-21T08:25:34.567+0000] {logging_mixin.py:188} INFO - [2025-07-21T08:25:34.567+0000] {dagbag.py:538} INFO - Filling up the DagBag from /home/airflow/.local/lib/python3.8/site-packages/airflow/example_dags/tutorial.py
[2025-07-21T08:25:34.579+0000] {processor.py:840} INFO - DAG(s) 'tutorial' retrieved from /home/airflow/.local/lib/python3.8/site-packages/airflow/example_dags/tutorial.py
[2025-07-21T08:25:34.616+0000] {logging_mixin.py:188} INFO - [2025-07-21T08:25:34.616+0000] {dag.py:3036} INFO - Sync 1 DAGs
[2025-07-21T08:25:34.694+0000] {logging_mixin.py:188} INFO - [2025-07-21T08:25:34.694+0000] {dag.py:3823} INFO - Setting next_dagrun for tutorial to 2025-07-20 00:00:00+00:00, run_after=2025-07-21 00:00:00+00:00
[2025-07-21T08:25:34.875+0000] {processor.py:183} INFO - Processing /home/airflow/.local/lib/python3.8/site-packages/airflow/example_dags/tutorial.py took 0.322 seconds
[2025-07-21T08:26:07.213+0000] {processor.py:161} INFO - Started process (PID=982) to work on /home/airflow/.local/lib/python3.8/site-packages/airflow/example_dags/tutorial.py
[2025-07-21T08:26:07.216+0000] {processor.py:830} INFO - Processing file /home/airflow/.local/lib/python3.8/site-packages/airflow/example_dags/tutorial.py for tasks to queue
[2025-07-21T08:26:07.228+0000] {logging_mixin.py:188} INFO - [2025-07-21T08:26:07.228+0000] {dagbag.py:538} INFO - Filling up the DagBag from /home/airflow/.local/lib/python3.8/site-packages/airflow/example_dags/tutorial.py
[2025-07-21T08:26:07.259+0000] {processor.py:840} INFO - DAG(s) 'tutorial' retrieved from /home/airflow/.local/lib/python3.8/site-packages/airflow/example_dags/tutorial.py
[2025-07-21T08:26:07.350+0000] {logging_mixin.py:188} INFO - [2025-07-21T08:26:07.349+0000] {dag.py:3036} INFO - Sync 1 DAGs
[2025-07-21T08:26:07.453+0000] {logging_mixin.py:188} INFO - [2025-07-21T08:26:07.453+0000] {dag.py:3823} INFO - Setting next_dagrun for tutorial to 2025-07-20 00:00:00+00:00, run_after=2025-07-21 00:00:00+00:00
[2025-07-21T08:26:07.660+0000] {processor.py:183} INFO - Processing /home/airflow/.local/lib/python3.8/site-packages/airflow/example_dags/tutorial.py took 0.454 seconds
[2025-07-21T08:26:40.673+0000] {processor.py:161} INFO - Started process (PID=1038) to work on /home/airflow/.local/lib/python3.8/site-packages/airflow/example_dags/tutorial.py
[2025-07-21T08:26:40.688+0000] {processor.py:830} INFO - Processing file /home/airflow/.local/lib/python3.8/site-packages/airflow/example_dags/tutorial.py for tasks to queue
[2025-07-21T08:26:40.709+0000] {logging_mixin.py:188} INFO - [2025-07-21T08:26:40.708+0000] {dagbag.py:538} INFO - Filling up the DagBag from /home/airflow/.local/lib/python3.8/site-packages/airflow/example_dags/tutorial.py
[2025-07-21T08:26:40.778+0000] {processor.py:840} INFO - DAG(s) 'tutorial' retrieved from /home/airflow/.local/lib/python3.8/site-packages/airflow/example_dags/tutorial.py
[2025-07-21T08:26:40.942+0000] {logging_mixin.py:188} INFO - [2025-07-21T08:26:40.942+0000] {dag.py:3036} INFO - Sync 1 DAGs
[2025-07-21T08:26:41.176+0000] {logging_mixin.py:188} INFO - [2025-07-21T08:26:41.176+0000] {dag.py:3823} INFO - Setting next_dagrun for tutorial to 2025-07-20 00:00:00+00:00, run_after=2025-07-21 00:00:00+00:00
[2025-07-21T08:26:41.440+0000] {processor.py:183} INFO - Processing /home/airflow/.local/lib/python3.8/site-packages/airflow/example_dags/tutorial.py took 0.799 seconds
[2025-07-21T08:27:12.141+0000] {processor.py:161} INFO - Started process (PID=1092) to work on /home/airflow/.local/lib/python3.8/site-packages/airflow/example_dags/tutorial.py
[2025-07-21T08:27:12.146+0000] {processor.py:830} INFO - Processing file /home/airflow/.local/lib/python3.8/site-packages/airflow/example_dags/tutorial.py for tasks to queue
[2025-07-21T08:27:12.152+0000] {logging_mixin.py:188} INFO - [2025-07-21T08:27:12.151+0000] {dagbag.py:538} INFO - Filling up the DagBag from /home/airflow/.local/lib/python3.8/site-packages/airflow/example_dags/tutorial.py
[2025-07-21T08:27:12.173+0000] {processor.py:840} INFO - DAG(s) 'tutorial' retrieved from /home/airflow/.local/lib/python3.8/site-packages/airflow/example_dags/tutorial.py
[2025-07-21T08:27:12.249+0000] {logging_mixin.py:188} INFO - [2025-07-21T08:27:12.244+0000] {dag.py:3036} INFO - Sync 1 DAGs
[2025-07-21T08:27:12.318+0000] {logging_mixin.py:188} INFO - [2025-07-21T08:27:12.317+0000] {dag.py:3823} INFO - Setting next_dagrun for tutorial to 2025-07-20 00:00:00+00:00, run_after=2025-07-21 00:00:00+00:00
[2025-07-21T08:27:12.373+0000] {processor.py:183} INFO - Processing /home/airflow/.local/lib/python3.8/site-packages/airflow/example_dags/tutorial.py took 0.245 seconds
[2025-07-21T08:27:42.512+0000] {processor.py:161} INFO - Started process (PID=1147) to work on /home/airflow/.local/lib/python3.8/site-packages/airflow/example_dags/tutorial.py
[2025-07-21T08:27:42.515+0000] {processor.py:830} INFO - Processing file /home/airflow/.local/lib/python3.8/site-packages/airflow/example_dags/tutorial.py for tasks to queue
[2025-07-21T08:27:42.519+0000] {logging_mixin.py:188} INFO - [2025-07-21T08:27:42.519+0000] {dagbag.py:538} INFO - Filling up the DagBag from /home/airflow/.local/lib/python3.8/site-packages/airflow/example_dags/tutorial.py
[2025-07-21T08:27:42.531+0000] {processor.py:840} INFO - DAG(s) 'tutorial' retrieved from /home/airflow/.local/lib/python3.8/site-packages/airflow/example_dags/tutorial.py
[2025-07-21T08:27:42.569+0000] {logging_mixin.py:188} INFO - [2025-07-21T08:27:42.569+0000] {dag.py:3036} INFO - Sync 1 DAGs
[2025-07-21T08:27:42.623+0000] {logging_mixin.py:188} INFO - [2025-07-21T08:27:42.622+0000] {dag.py:3823} INFO - Setting next_dagrun for tutorial to 2025-07-20 00:00:00+00:00, run_after=2025-07-21 00:00:00+00:00
[2025-07-21T08:27:42.675+0000] {processor.py:183} INFO - Processing /home/airflow/.local/lib/python3.8/site-packages/airflow/example_dags/tutorial.py took 0.169 seconds
[2025-07-21T08:28:13.813+0000] {processor.py:161} INFO - Started process (PID=1202) to work on /home/airflow/.local/lib/python3.8/site-packages/airflow/example_dags/tutorial.py
[2025-07-21T08:28:13.816+0000] {processor.py:830} INFO - Processing file /home/airflow/.local/lib/python3.8/site-packages/airflow/example_dags/tutorial.py for tasks to queue
[2025-07-21T08:28:13.822+0000] {logging_mixin.py:188} INFO - [2025-07-21T08:28:13.821+0000] {dagbag.py:538} INFO - Filling up the DagBag from /home/airflow/.local/lib/python3.8/site-packages/airflow/example_dags/tutorial.py
[2025-07-21T08:28:13.837+0000] {processor.py:840} INFO - DAG(s) 'tutorial' retrieved from /home/airflow/.local/lib/python3.8/site-packages/airflow/example_dags/tutorial.py
[2025-07-21T08:28:13.899+0000] {logging_mixin.py:188} INFO - [2025-07-21T08:28:13.899+0000] {dag.py:3036} INFO - Sync 1 DAGs
[2025-07-21T08:28:13.966+0000] {logging_mixin.py:188} INFO - [2025-07-21T08:28:13.965+0000] {dag.py:3823} INFO - Setting next_dagrun for tutorial to 2025-07-20 00:00:00+00:00, run_after=2025-07-21 00:00:00+00:00
[2025-07-21T08:28:14.043+0000] {processor.py:183} INFO - Processing /home/airflow/.local/lib/python3.8/site-packages/airflow/example_dags/tutorial.py took 0.241 seconds
[2025-07-21T08:28:46.810+0000] {processor.py:161} INFO - Started process (PID=1257) to work on /home/airflow/.local/lib/python3.8/site-packages/airflow/example_dags/tutorial.py
[2025-07-21T08:28:46.873+0000] {processor.py:830} INFO - Processing file /home/airflow/.local/lib/python3.8/site-packages/airflow/example_dags/tutorial.py for tasks to queue
[2025-07-21T08:28:46.908+0000] {logging_mixin.py:188} INFO - [2025-07-21T08:28:46.907+0000] {dagbag.py:538} INFO - Filling up the DagBag from /home/airflow/.local/lib/python3.8/site-packages/airflow/example_dags/tutorial.py
[2025-07-21T08:28:47.073+0000] {processor.py:840} INFO - DAG(s) 'tutorial' retrieved from /home/airflow/.local/lib/python3.8/site-packages/airflow/example_dags/tutorial.py
[2025-07-21T08:28:47.382+0000] {logging_mixin.py:188} INFO - [2025-07-21T08:28:47.381+0000] {dag.py:3036} INFO - Sync 1 DAGs
[2025-07-21T08:28:47.868+0000] {logging_mixin.py:188} INFO - [2025-07-21T08:28:47.868+0000] {dag.py:3823} INFO - Setting next_dagrun for tutorial to 2025-07-20 00:00:00+00:00, run_after=2025-07-21 00:00:00+00:00
[2025-07-21T08:28:48.148+0000] {processor.py:183} INFO - Processing /home/airflow/.local/lib/python3.8/site-packages/airflow/example_dags/tutorial.py took 1.385 seconds
[2025-07-21T08:29:19.021+0000] {processor.py:161} INFO - Started process (PID=1312) to work on /home/airflow/.local/lib/python3.8/site-packages/airflow/example_dags/tutorial.py
[2025-07-21T08:29:19.023+0000] {processor.py:830} INFO - Processing file /home/airflow/.local/lib/python3.8/site-packages/airflow/example_dags/tutorial.py for tasks to queue
[2025-07-21T08:29:19.027+0000] {logging_mixin.py:188} INFO - [2025-07-21T08:29:19.027+0000] {dagbag.py:538} INFO - Filling up the DagBag from /home/airflow/.local/lib/python3.8/site-packages/airflow/example_dags/tutorial.py
[2025-07-21T08:29:19.039+0000] {processor.py:840} INFO - DAG(s) 'tutorial' retrieved from /home/airflow/.local/lib/python3.8/site-packages/airflow/example_dags/tutorial.py
[2025-07-21T08:29:19.085+0000] {logging_mixin.py:188} INFO - [2025-07-21T08:29:19.084+0000] {dag.py:3036} INFO - Sync 1 DAGs
[2025-07-21T08:29:19.125+0000] {logging_mixin.py:188} INFO - [2025-07-21T08:29:19.125+0000] {dag.py:3823} INFO - Setting next_dagrun for tutorial to 2025-07-20 00:00:00+00:00, run_after=2025-07-21 00:00:00+00:00
[2025-07-21T08:29:19.157+0000] {processor.py:183} INFO - Processing /home/airflow/.local/lib/python3.8/site-packages/airflow/example_dags/tutorial.py took 0.143 seconds
[2025-07-21T08:29:49.424+0000] {processor.py:161} INFO - Started process (PID=1368) to work on /home/airflow/.local/lib/python3.8/site-packages/airflow/example_dags/tutorial.py
[2025-07-21T08:29:49.438+0000] {processor.py:830} INFO - Processing file /home/airflow/.local/lib/python3.8/site-packages/airflow/example_dags/tutorial.py for tasks to queue
[2025-07-21T08:29:49.475+0000] {logging_mixin.py:188} INFO - [2025-07-21T08:29:49.474+0000] {dagbag.py:538} INFO - Filling up the DagBag from /home/airflow/.local/lib/python3.8/site-packages/airflow/example_dags/tutorial.py
[2025-07-21T08:29:49.560+0000] {processor.py:840} INFO - DAG(s) 'tutorial' retrieved from /home/airflow/.local/lib/python3.8/site-packages/airflow/example_dags/tutorial.py
[2025-07-21T08:29:49.717+0000] {logging_mixin.py:188} INFO - [2025-07-21T08:29:49.716+0000] {dag.py:3036} INFO - Sync 1 DAGs
[2025-07-21T08:29:49.837+0000] {logging_mixin.py:188} INFO - [2025-07-21T08:29:49.837+0000] {dag.py:3823} INFO - Setting next_dagrun for tutorial to 2025-07-20 00:00:00+00:00, run_after=2025-07-21 00:00:00+00:00
[2025-07-21T08:29:49.902+0000] {processor.py:183} INFO - Processing /home/airflow/.local/lib/python3.8/site-packages/airflow/example_dags/tutorial.py took 0.496 seconds
[2025-07-21T08:30:20.981+0000] {processor.py:161} INFO - Started process (PID=1423) to work on /home/airflow/.local/lib/python3.8/site-packages/airflow/example_dags/tutorial.py
[2025-07-21T08:30:20.985+0000] {processor.py:830} INFO - Processing file /home/airflow/.local/lib/python3.8/site-packages/airflow/example_dags/tutorial.py for tasks to queue
[2025-07-21T08:30:21.002+0000] {logging_mixin.py:188} INFO - [2025-07-21T08:30:21.001+0000] {dagbag.py:538} INFO - Filling up the DagBag from /home/airflow/.local/lib/python3.8/site-packages/airflow/example_dags/tutorial.py
[2025-07-21T08:30:21.066+0000] {processor.py:840} INFO - DAG(s) 'tutorial' retrieved from /home/airflow/.local/lib/python3.8/site-packages/airflow/example_dags/tutorial.py
[2025-07-21T08:30:21.172+0000] {logging_mixin.py:188} INFO - [2025-07-21T08:30:21.171+0000] {dag.py:3036} INFO - Sync 1 DAGs
[2025-07-21T08:30:21.229+0000] {logging_mixin.py:188} INFO - [2025-07-21T08:30:21.228+0000] {dag.py:3823} INFO - Setting next_dagrun for tutorial to 2025-07-20 00:00:00+00:00, run_after=2025-07-21 00:00:00+00:00
[2025-07-21T08:30:21.345+0000] {processor.py:183} INFO - Processing /home/airflow/.local/lib/python3.8/site-packages/airflow/example_dags/tutorial.py took 0.377 seconds
[2025-07-21T08:30:55.396+0000] {processor.py:161} INFO - Started process (PID=1478) to work on /home/airflow/.local/lib/python3.8/site-packages/airflow/example_dags/tutorial.py
[2025-07-21T08:30:55.430+0000] {processor.py:830} INFO - Processing file /home/airflow/.local/lib/python3.8/site-packages/airflow/example_dags/tutorial.py for tasks to queue
[2025-07-21T08:30:55.436+0000] {logging_mixin.py:188} INFO - [2025-07-21T08:30:55.436+0000] {dagbag.py:538} INFO - Filling up the DagBag from /home/airflow/.local/lib/python3.8/site-packages/airflow/example_dags/tutorial.py
[2025-07-21T08:30:55.460+0000] {processor.py:840} INFO - DAG(s) 'tutorial' retrieved from /home/airflow/.local/lib/python3.8/site-packages/airflow/example_dags/tutorial.py
[2025-07-21T08:30:55.514+0000] {logging_mixin.py:188} INFO - [2025-07-21T08:30:55.514+0000] {dag.py:3036} INFO - Sync 1 DAGs
[2025-07-21T08:30:55.615+0000] {logging_mixin.py:188} INFO - [2025-07-21T08:30:55.615+0000] {dag.py:3823} INFO - Setting next_dagrun for tutorial to 2025-07-20 00:00:00+00:00, run_after=2025-07-21 00:00:00+00:00
[2025-07-21T08:30:55.686+0000] {processor.py:183} INFO - Processing /home/airflow/.local/lib/python3.8/site-packages/airflow/example_dags/tutorial.py took 0.296 seconds
[2025-07-21T08:31:26.025+0000] {processor.py:161} INFO - Started process (PID=1533) to work on /home/airflow/.local/lib/python3.8/site-packages/airflow/example_dags/tutorial.py
[2025-07-21T08:31:26.027+0000] {processor.py:830} INFO - Processing file /home/airflow/.local/lib/python3.8/site-packages/airflow/example_dags/tutorial.py for tasks to queue
[2025-07-21T08:31:26.038+0000] {logging_mixin.py:188} INFO - [2025-07-21T08:31:26.038+0000] {dagbag.py:538} INFO - Filling up the DagBag from /home/airflow/.local/lib/python3.8/site-packages/airflow/example_dags/tutorial.py
[2025-07-21T08:31:26.053+0000] {processor.py:840} INFO - DAG(s) 'tutorial' retrieved from /home/airflow/.local/lib/python3.8/site-packages/airflow/example_dags/tutorial.py
[2025-07-21T08:31:26.113+0000] {logging_mixin.py:188} INFO - [2025-07-21T08:31:26.112+0000] {dag.py:3036} INFO - Sync 1 DAGs
[2025-07-21T08:31:26.175+0000] {logging_mixin.py:188} INFO - [2025-07-21T08:31:26.174+0000] {dag.py:3823} INFO - Setting next_dagrun for tutorial to 2025-07-20 00:00:00+00:00, run_after=2025-07-21 00:00:00+00:00
[2025-07-21T08:31:26.209+0000] {processor.py:183} INFO - Processing /home/airflow/.local/lib/python3.8/site-packages/airflow/example_dags/tutorial.py took 0.198 seconds
[2025-07-21T08:31:58.719+0000] {processor.py:161} INFO - Started process (PID=1594) to work on /home/airflow/.local/lib/python3.8/site-packages/airflow/example_dags/tutorial.py
[2025-07-21T08:31:58.730+0000] {processor.py:830} INFO - Processing file /home/airflow/.local/lib/python3.8/site-packages/airflow/example_dags/tutorial.py for tasks to queue
[2025-07-21T08:31:58.745+0000] {logging_mixin.py:188} INFO - [2025-07-21T08:31:58.736+0000] {dagbag.py:538} INFO - Filling up the DagBag from /home/airflow/.local/lib/python3.8/site-packages/airflow/example_dags/tutorial.py
[2025-07-21T08:31:58.800+0000] {processor.py:840} INFO - DAG(s) 'tutorial' retrieved from /home/airflow/.local/lib/python3.8/site-packages/airflow/example_dags/tutorial.py
[2025-07-21T08:31:58.874+0000] {logging_mixin.py:188} INFO - [2025-07-21T08:31:58.869+0000] {dag.py:3036} INFO - Sync 1 DAGs
[2025-07-21T08:31:59.014+0000] {logging_mixin.py:188} INFO - [2025-07-21T08:31:59.014+0000] {dag.py:3823} INFO - Setting next_dagrun for tutorial to 2025-07-20 00:00:00+00:00, run_after=2025-07-21 00:00:00+00:00
[2025-07-21T08:31:59.217+0000] {processor.py:183} INFO - Processing /home/airflow/.local/lib/python3.8/site-packages/airflow/example_dags/tutorial.py took 0.516 seconds
[2025-07-21T08:32:30.014+0000] {processor.py:161} INFO - Started process (PID=1649) to work on /home/airflow/.local/lib/python3.8/site-packages/airflow/example_dags/tutorial.py
[2025-07-21T08:32:30.046+0000] {processor.py:830} INFO - Processing file /home/airflow/.local/lib/python3.8/site-packages/airflow/example_dags/tutorial.py for tasks to queue
[2025-07-21T08:32:30.096+0000] {logging_mixin.py:188} INFO - [2025-07-21T08:32:30.095+0000] {dagbag.py:538} INFO - Filling up the DagBag from /home/airflow/.local/lib/python3.8/site-packages/airflow/example_dags/tutorial.py
[2025-07-21T08:32:30.114+0000] {processor.py:840} INFO - DAG(s) 'tutorial' retrieved from /home/airflow/.local/lib/python3.8/site-packages/airflow/example_dags/tutorial.py
[2025-07-21T08:32:30.208+0000] {logging_mixin.py:188} INFO - [2025-07-21T08:32:30.207+0000] {dag.py:3036} INFO - Sync 1 DAGs
[2025-07-21T08:32:30.354+0000] {logging_mixin.py:188} INFO - [2025-07-21T08:32:30.353+0000] {dag.py:3823} INFO - Setting next_dagrun for tutorial to 2025-07-20 00:00:00+00:00, run_after=2025-07-21 00:00:00+00:00
[2025-07-21T08:32:30.488+0000] {processor.py:183} INFO - Processing /home/airflow/.local/lib/python3.8/site-packages/airflow/example_dags/tutorial.py took 0.510 seconds
[2025-07-21T08:33:00.724+0000] {processor.py:161} INFO - Started process (PID=1704) to work on /home/airflow/.local/lib/python3.8/site-packages/airflow/example_dags/tutorial.py
[2025-07-21T08:33:00.727+0000] {processor.py:830} INFO - Processing file /home/airflow/.local/lib/python3.8/site-packages/airflow/example_dags/tutorial.py for tasks to queue
[2025-07-21T08:33:00.733+0000] {logging_mixin.py:188} INFO - [2025-07-21T08:33:00.732+0000] {dagbag.py:538} INFO - Filling up the DagBag from /home/airflow/.local/lib/python3.8/site-packages/airflow/example_dags/tutorial.py
[2025-07-21T08:33:00.753+0000] {processor.py:840} INFO - DAG(s) 'tutorial' retrieved from /home/airflow/.local/lib/python3.8/site-packages/airflow/example_dags/tutorial.py
[2025-07-21T08:33:00.828+0000] {logging_mixin.py:188} INFO - [2025-07-21T08:33:00.827+0000] {dag.py:3036} INFO - Sync 1 DAGs
[2025-07-21T08:33:00.892+0000] {logging_mixin.py:188} INFO - [2025-07-21T08:33:00.892+0000] {dag.py:3823} INFO - Setting next_dagrun for tutorial to 2025-07-20 00:00:00+00:00, run_after=2025-07-21 00:00:00+00:00
[2025-07-21T08:33:00.956+0000] {processor.py:183} INFO - Processing /home/airflow/.local/lib/python3.8/site-packages/airflow/example_dags/tutorial.py took 0.244 seconds
[2025-07-21T08:33:31.492+0000] {processor.py:161} INFO - Started process (PID=1759) to work on /home/airflow/.local/lib/python3.8/site-packages/airflow/example_dags/tutorial.py
[2025-07-21T08:33:31.499+0000] {processor.py:830} INFO - Processing file /home/airflow/.local/lib/python3.8/site-packages/airflow/example_dags/tutorial.py for tasks to queue
[2025-07-21T08:33:31.508+0000] {logging_mixin.py:188} INFO - [2025-07-21T08:33:31.507+0000] {dagbag.py:538} INFO - Filling up the DagBag from /home/airflow/.local/lib/python3.8/site-packages/airflow/example_dags/tutorial.py
[2025-07-21T08:33:31.531+0000] {processor.py:840} INFO - DAG(s) 'tutorial' retrieved from /home/airflow/.local/lib/python3.8/site-packages/airflow/example_dags/tutorial.py
[2025-07-21T08:33:31.608+0000] {logging_mixin.py:188} INFO - [2025-07-21T08:33:31.608+0000] {dag.py:3036} INFO - Sync 1 DAGs
[2025-07-21T08:33:31.682+0000] {logging_mixin.py:188} INFO - [2025-07-21T08:33:31.681+0000] {dag.py:3823} INFO - Setting next_dagrun for tutorial to 2025-07-20 00:00:00+00:00, run_after=2025-07-21 00:00:00+00:00
[2025-07-21T08:33:31.732+0000] {processor.py:183} INFO - Processing /home/airflow/.local/lib/python3.8/site-packages/airflow/example_dags/tutorial.py took 0.286 seconds
[2025-07-21T08:34:03.564+0000] {processor.py:161} INFO - Started process (PID=1814) to work on /home/airflow/.local/lib/python3.8/site-packages/airflow/example_dags/tutorial.py
[2025-07-21T08:34:03.567+0000] {processor.py:830} INFO - Processing file /home/airflow/.local/lib/python3.8/site-packages/airflow/example_dags/tutorial.py for tasks to queue
[2025-07-21T08:34:03.571+0000] {logging_mixin.py:188} INFO - [2025-07-21T08:34:03.570+0000] {dagbag.py:538} INFO - Filling up the DagBag from /home/airflow/.local/lib/python3.8/site-packages/airflow/example_dags/tutorial.py
[2025-07-21T08:34:03.582+0000] {processor.py:840} INFO - DAG(s) 'tutorial' retrieved from /home/airflow/.local/lib/python3.8/site-packages/airflow/example_dags/tutorial.py
[2025-07-21T08:34:03.687+0000] {logging_mixin.py:188} INFO - [2025-07-21T08:34:03.687+0000] {dag.py:3036} INFO - Sync 1 DAGs
[2025-07-21T08:34:03.792+0000] {logging_mixin.py:188} INFO - [2025-07-21T08:34:03.792+0000] {dag.py:3823} INFO - Setting next_dagrun for tutorial to 2025-07-20 00:00:00+00:00, run_after=2025-07-21 00:00:00+00:00
[2025-07-21T08:34:03.917+0000] {processor.py:183} INFO - Processing /home/airflow/.local/lib/python3.8/site-packages/airflow/example_dags/tutorial.py took 0.362 seconds
[2025-07-21T08:34:37.013+0000] {processor.py:161} INFO - Started process (PID=1867) to work on /home/airflow/.local/lib/python3.8/site-packages/airflow/example_dags/tutorial.py
[2025-07-21T08:34:37.015+0000] {processor.py:830} INFO - Processing file /home/airflow/.local/lib/python3.8/site-packages/airflow/example_dags/tutorial.py for tasks to queue
[2025-07-21T08:34:37.019+0000] {logging_mixin.py:188} INFO - [2025-07-21T08:34:37.019+0000] {dagbag.py:538} INFO - Filling up the DagBag from /home/airflow/.local/lib/python3.8/site-packages/airflow/example_dags/tutorial.py
[2025-07-21T08:34:37.066+0000] {processor.py:840} INFO - DAG(s) 'tutorial' retrieved from /home/airflow/.local/lib/python3.8/site-packages/airflow/example_dags/tutorial.py
[2025-07-21T08:34:37.350+0000] {logging_mixin.py:188} INFO - [2025-07-21T08:34:37.349+0000] {dag.py:3036} INFO - Sync 1 DAGs
[2025-07-21T08:34:37.461+0000] {logging_mixin.py:188} INFO - [2025-07-21T08:34:37.461+0000] {dag.py:3823} INFO - Setting next_dagrun for tutorial to 2025-07-20 00:00:00+00:00, run_after=2025-07-21 00:00:00+00:00
[2025-07-21T08:34:37.567+0000] {processor.py:183} INFO - Processing /home/airflow/.local/lib/python3.8/site-packages/airflow/example_dags/tutorial.py took 0.582 seconds
[2025-07-21T08:35:07.900+0000] {processor.py:161} INFO - Started process (PID=1922) to work on /home/airflow/.local/lib/python3.8/site-packages/airflow/example_dags/tutorial.py
[2025-07-21T08:35:07.903+0000] {processor.py:830} INFO - Processing file /home/airflow/.local/lib/python3.8/site-packages/airflow/example_dags/tutorial.py for tasks to queue
[2025-07-21T08:35:07.908+0000] {logging_mixin.py:188} INFO - [2025-07-21T08:35:07.908+0000] {dagbag.py:538} INFO - Filling up the DagBag from /home/airflow/.local/lib/python3.8/site-packages/airflow/example_dags/tutorial.py
[2025-07-21T08:35:07.926+0000] {processor.py:840} INFO - DAG(s) 'tutorial' retrieved from /home/airflow/.local/lib/python3.8/site-packages/airflow/example_dags/tutorial.py
[2025-07-21T08:35:08.007+0000] {logging_mixin.py:188} INFO - [2025-07-21T08:35:08.007+0000] {dag.py:3036} INFO - Sync 1 DAGs
[2025-07-21T08:35:08.088+0000] {logging_mixin.py:188} INFO - [2025-07-21T08:35:08.088+0000] {dag.py:3823} INFO - Setting next_dagrun for tutorial to 2025-07-20 00:00:00+00:00, run_after=2025-07-21 00:00:00+00:00
[2025-07-21T08:35:08.138+0000] {processor.py:183} INFO - Processing /home/airflow/.local/lib/python3.8/site-packages/airflow/example_dags/tutorial.py took 0.248 seconds
[2025-07-21T08:35:40.360+0000] {processor.py:161} INFO - Started process (PID=1977) to work on /home/airflow/.local/lib/python3.8/site-packages/airflow/example_dags/tutorial.py
[2025-07-21T08:35:40.363+0000] {processor.py:830} INFO - Processing file /home/airflow/.local/lib/python3.8/site-packages/airflow/example_dags/tutorial.py for tasks to queue
[2025-07-21T08:35:40.367+0000] {logging_mixin.py:188} INFO - [2025-07-21T08:35:40.366+0000] {dagbag.py:538} INFO - Filling up the DagBag from /home/airflow/.local/lib/python3.8/site-packages/airflow/example_dags/tutorial.py
[2025-07-21T08:35:40.382+0000] {processor.py:840} INFO - DAG(s) 'tutorial' retrieved from /home/airflow/.local/lib/python3.8/site-packages/airflow/example_dags/tutorial.py
[2025-07-21T08:35:40.436+0000] {logging_mixin.py:188} INFO - [2025-07-21T08:35:40.435+0000] {dag.py:3036} INFO - Sync 1 DAGs
[2025-07-21T08:35:40.483+0000] {logging_mixin.py:188} INFO - [2025-07-21T08:35:40.482+0000] {dag.py:3823} INFO - Setting next_dagrun for tutorial to 2025-07-20 00:00:00+00:00, run_after=2025-07-21 00:00:00+00:00
[2025-07-21T08:35:40.517+0000] {processor.py:183} INFO - Processing /home/airflow/.local/lib/python3.8/site-packages/airflow/example_dags/tutorial.py took 0.165 seconds
[2025-07-21T08:36:10.864+0000] {processor.py:161} INFO - Started process (PID=2031) to work on /home/airflow/.local/lib/python3.8/site-packages/airflow/example_dags/tutorial.py
[2025-07-21T08:36:10.868+0000] {processor.py:830} INFO - Processing file /home/airflow/.local/lib/python3.8/site-packages/airflow/example_dags/tutorial.py for tasks to queue
[2025-07-21T08:36:10.884+0000] {logging_mixin.py:188} INFO - [2025-07-21T08:36:10.883+0000] {dagbag.py:538} INFO - Filling up the DagBag from /home/airflow/.local/lib/python3.8/site-packages/airflow/example_dags/tutorial.py
[2025-07-21T08:36:10.933+0000] {processor.py:840} INFO - DAG(s) 'tutorial' retrieved from /home/airflow/.local/lib/python3.8/site-packages/airflow/example_dags/tutorial.py
[2025-07-21T08:36:11.053+0000] {logging_mixin.py:188} INFO - [2025-07-21T08:36:11.052+0000] {dag.py:3036} INFO - Sync 1 DAGs
[2025-07-21T08:36:11.111+0000] {logging_mixin.py:188} INFO - [2025-07-21T08:36:11.110+0000] {dag.py:3823} INFO - Setting next_dagrun for tutorial to 2025-07-20 00:00:00+00:00, run_after=2025-07-21 00:00:00+00:00
[2025-07-21T08:36:11.167+0000] {processor.py:183} INFO - Processing /home/airflow/.local/lib/python3.8/site-packages/airflow/example_dags/tutorial.py took 0.334 seconds
[2025-07-21T08:36:42.437+0000] {processor.py:161} INFO - Started process (PID=2086) to work on /home/airflow/.local/lib/python3.8/site-packages/airflow/example_dags/tutorial.py
[2025-07-21T08:36:42.452+0000] {processor.py:830} INFO - Processing file /home/airflow/.local/lib/python3.8/site-packages/airflow/example_dags/tutorial.py for tasks to queue
[2025-07-21T08:36:42.468+0000] {logging_mixin.py:188} INFO - [2025-07-21T08:36:42.467+0000] {dagbag.py:538} INFO - Filling up the DagBag from /home/airflow/.local/lib/python3.8/site-packages/airflow/example_dags/tutorial.py
[2025-07-21T08:36:42.534+0000] {processor.py:840} INFO - DAG(s) 'tutorial' retrieved from /home/airflow/.local/lib/python3.8/site-packages/airflow/example_dags/tutorial.py
[2025-07-21T08:36:42.701+0000] {logging_mixin.py:188} INFO - [2025-07-21T08:36:42.700+0000] {dag.py:3036} INFO - Sync 1 DAGs
[2025-07-21T08:36:43.068+0000] {logging_mixin.py:188} INFO - [2025-07-21T08:36:43.039+0000] {dag.py:3823} INFO - Setting next_dagrun for tutorial to 2025-07-20 00:00:00+00:00, run_after=2025-07-21 00:00:00+00:00
[2025-07-21T08:36:43.516+0000] {processor.py:183} INFO - Processing /home/airflow/.local/lib/python3.8/site-packages/airflow/example_dags/tutorial.py took 1.100 seconds
[2025-07-21T08:37:14.336+0000] {processor.py:161} INFO - Started process (PID=2140) to work on /home/airflow/.local/lib/python3.8/site-packages/airflow/example_dags/tutorial.py
[2025-07-21T08:37:14.339+0000] {processor.py:830} INFO - Processing file /home/airflow/.local/lib/python3.8/site-packages/airflow/example_dags/tutorial.py for tasks to queue
[2025-07-21T08:37:14.347+0000] {logging_mixin.py:188} INFO - [2025-07-21T08:37:14.346+0000] {dagbag.py:538} INFO - Filling up the DagBag from /home/airflow/.local/lib/python3.8/site-packages/airflow/example_dags/tutorial.py
[2025-07-21T08:37:14.403+0000] {processor.py:840} INFO - DAG(s) 'tutorial' retrieved from /home/airflow/.local/lib/python3.8/site-packages/airflow/example_dags/tutorial.py
[2025-07-21T08:37:14.617+0000] {logging_mixin.py:188} INFO - [2025-07-21T08:37:14.616+0000] {dag.py:3036} INFO - Sync 1 DAGs
[2025-07-21T08:37:14.704+0000] {logging_mixin.py:188} INFO - [2025-07-21T08:37:14.704+0000] {dag.py:3823} INFO - Setting next_dagrun for tutorial to 2025-07-20 00:00:00+00:00, run_after=2025-07-21 00:00:00+00:00
[2025-07-21T08:37:14.768+0000] {processor.py:183} INFO - Processing /home/airflow/.local/lib/python3.8/site-packages/airflow/example_dags/tutorial.py took 0.443 seconds
[2025-07-21T08:37:45.800+0000] {processor.py:161} INFO - Started process (PID=2196) to work on /home/airflow/.local/lib/python3.8/site-packages/airflow/example_dags/tutorial.py
[2025-07-21T08:37:45.806+0000] {processor.py:830} INFO - Processing file /home/airflow/.local/lib/python3.8/site-packages/airflow/example_dags/tutorial.py for tasks to queue
[2025-07-21T08:37:45.815+0000] {logging_mixin.py:188} INFO - [2025-07-21T08:37:45.815+0000] {dagbag.py:538} INFO - Filling up the DagBag from /home/airflow/.local/lib/python3.8/site-packages/airflow/example_dags/tutorial.py
[2025-07-21T08:37:45.853+0000] {processor.py:840} INFO - DAG(s) 'tutorial' retrieved from /home/airflow/.local/lib/python3.8/site-packages/airflow/example_dags/tutorial.py
[2025-07-21T08:37:45.978+0000] {logging_mixin.py:188} INFO - [2025-07-21T08:37:45.978+0000] {dag.py:3036} INFO - Sync 1 DAGs
[2025-07-21T08:37:46.089+0000] {logging_mixin.py:188} INFO - [2025-07-21T08:37:46.089+0000] {dag.py:3823} INFO - Setting next_dagrun for tutorial to 2025-07-20 00:00:00+00:00, run_after=2025-07-21 00:00:00+00:00
[2025-07-21T08:37:46.210+0000] {processor.py:183} INFO - Processing /home/airflow/.local/lib/python3.8/site-packages/airflow/example_dags/tutorial.py took 0.430 seconds
[2025-07-21T08:38:16.818+0000] {processor.py:161} INFO - Started process (PID=2250) to work on /home/airflow/.local/lib/python3.8/site-packages/airflow/example_dags/tutorial.py
[2025-07-21T08:38:16.822+0000] {processor.py:830} INFO - Processing file /home/airflow/.local/lib/python3.8/site-packages/airflow/example_dags/tutorial.py for tasks to queue
[2025-07-21T08:38:16.828+0000] {logging_mixin.py:188} INFO - [2025-07-21T08:38:16.827+0000] {dagbag.py:538} INFO - Filling up the DagBag from /home/airflow/.local/lib/python3.8/site-packages/airflow/example_dags/tutorial.py
[2025-07-21T08:38:16.873+0000] {processor.py:840} INFO - DAG(s) 'tutorial' retrieved from /home/airflow/.local/lib/python3.8/site-packages/airflow/example_dags/tutorial.py
[2025-07-21T08:38:16.962+0000] {logging_mixin.py:188} INFO - [2025-07-21T08:38:16.961+0000] {dag.py:3036} INFO - Sync 1 DAGs
[2025-07-21T08:38:17.109+0000] {logging_mixin.py:188} INFO - [2025-07-21T08:38:17.108+0000] {dag.py:3823} INFO - Setting next_dagrun for tutorial to 2025-07-20 00:00:00+00:00, run_after=2025-07-21 00:00:00+00:00
[2025-07-21T08:38:17.258+0000] {processor.py:183} INFO - Processing /home/airflow/.local/lib/python3.8/site-packages/airflow/example_dags/tutorial.py took 0.457 seconds
[2025-07-21T08:38:48.113+0000] {processor.py:161} INFO - Started process (PID=2305) to work on /home/airflow/.local/lib/python3.8/site-packages/airflow/example_dags/tutorial.py
[2025-07-21T08:38:48.116+0000] {processor.py:830} INFO - Processing file /home/airflow/.local/lib/python3.8/site-packages/airflow/example_dags/tutorial.py for tasks to queue
[2025-07-21T08:38:48.122+0000] {logging_mixin.py:188} INFO - [2025-07-21T08:38:48.121+0000] {dagbag.py:538} INFO - Filling up the DagBag from /home/airflow/.local/lib/python3.8/site-packages/airflow/example_dags/tutorial.py
[2025-07-21T08:38:48.139+0000] {processor.py:840} INFO - DAG(s) 'tutorial' retrieved from /home/airflow/.local/lib/python3.8/site-packages/airflow/example_dags/tutorial.py
[2025-07-21T08:38:48.220+0000] {logging_mixin.py:188} INFO - [2025-07-21T08:38:48.220+0000] {dag.py:3036} INFO - Sync 1 DAGs
[2025-07-21T08:38:48.284+0000] {logging_mixin.py:188} INFO - [2025-07-21T08:38:48.284+0000] {dag.py:3823} INFO - Setting next_dagrun for tutorial to 2025-07-20 00:00:00+00:00, run_after=2025-07-21 00:00:00+00:00
[2025-07-21T08:38:48.339+0000] {processor.py:183} INFO - Processing /home/airflow/.local/lib/python3.8/site-packages/airflow/example_dags/tutorial.py took 0.242 seconds
[2025-07-21T08:39:18.508+0000] {processor.py:161} INFO - Started process (PID=2359) to work on /home/airflow/.local/lib/python3.8/site-packages/airflow/example_dags/tutorial.py
[2025-07-21T08:39:18.510+0000] {processor.py:830} INFO - Processing file /home/airflow/.local/lib/python3.8/site-packages/airflow/example_dags/tutorial.py for tasks to queue
[2025-07-21T08:39:18.518+0000] {logging_mixin.py:188} INFO - [2025-07-21T08:39:18.517+0000] {dagbag.py:538} INFO - Filling up the DagBag from /home/airflow/.local/lib/python3.8/site-packages/airflow/example_dags/tutorial.py
[2025-07-21T08:39:18.538+0000] {processor.py:840} INFO - DAG(s) 'tutorial' retrieved from /home/airflow/.local/lib/python3.8/site-packages/airflow/example_dags/tutorial.py
[2025-07-21T08:39:18.593+0000] {logging_mixin.py:188} INFO - [2025-07-21T08:39:18.592+0000] {dag.py:3036} INFO - Sync 1 DAGs
[2025-07-21T08:39:18.984+0000] {logging_mixin.py:188} INFO - [2025-07-21T08:39:18.983+0000] {dag.py:3823} INFO - Setting next_dagrun for tutorial to 2025-07-20 00:00:00+00:00, run_after=2025-07-21 00:00:00+00:00
[2025-07-21T08:39:19.025+0000] {processor.py:183} INFO - Processing /home/airflow/.local/lib/python3.8/site-packages/airflow/example_dags/tutorial.py took 0.528 seconds
[2025-07-21T08:39:49.350+0000] {processor.py:161} INFO - Started process (PID=2414) to work on /home/airflow/.local/lib/python3.8/site-packages/airflow/example_dags/tutorial.py
[2025-07-21T08:39:49.353+0000] {processor.py:830} INFO - Processing file /home/airflow/.local/lib/python3.8/site-packages/airflow/example_dags/tutorial.py for tasks to queue
[2025-07-21T08:39:49.360+0000] {logging_mixin.py:188} INFO - [2025-07-21T08:39:49.359+0000] {dagbag.py:538} INFO - Filling up the DagBag from /home/airflow/.local/lib/python3.8/site-packages/airflow/example_dags/tutorial.py
[2025-07-21T08:39:49.380+0000] {processor.py:840} INFO - DAG(s) 'tutorial' retrieved from /home/airflow/.local/lib/python3.8/site-packages/airflow/example_dags/tutorial.py
[2025-07-21T08:39:49.455+0000] {logging_mixin.py:188} INFO - [2025-07-21T08:39:49.455+0000] {dag.py:3036} INFO - Sync 1 DAGs
[2025-07-21T08:39:49.541+0000] {logging_mixin.py:188} INFO - [2025-07-21T08:39:49.540+0000] {dag.py:3823} INFO - Setting next_dagrun for tutorial to 2025-07-20 00:00:00+00:00, run_after=2025-07-21 00:00:00+00:00
[2025-07-21T08:39:50.041+0000] {processor.py:183} INFO - Processing /home/airflow/.local/lib/python3.8/site-packages/airflow/example_dags/tutorial.py took 0.704 seconds
[2025-07-21T08:40:20.743+0000] {processor.py:161} INFO - Started process (PID=2469) to work on /home/airflow/.local/lib/python3.8/site-packages/airflow/example_dags/tutorial.py
[2025-07-21T08:40:20.758+0000] {processor.py:830} INFO - Processing file /home/airflow/.local/lib/python3.8/site-packages/airflow/example_dags/tutorial.py for tasks to queue
[2025-07-21T08:40:20.791+0000] {logging_mixin.py:188} INFO - [2025-07-21T08:40:20.790+0000] {dagbag.py:538} INFO - Filling up the DagBag from /home/airflow/.local/lib/python3.8/site-packages/airflow/example_dags/tutorial.py
[2025-07-21T08:40:20.861+0000] {processor.py:840} INFO - DAG(s) 'tutorial' retrieved from /home/airflow/.local/lib/python3.8/site-packages/airflow/example_dags/tutorial.py
[2025-07-21T08:40:20.975+0000] {logging_mixin.py:188} INFO - [2025-07-21T08:40:20.974+0000] {dag.py:3036} INFO - Sync 1 DAGs
[2025-07-21T08:40:21.093+0000] {logging_mixin.py:188} INFO - [2025-07-21T08:40:21.092+0000] {dag.py:3823} INFO - Setting next_dagrun for tutorial to 2025-07-20 00:00:00+00:00, run_after=2025-07-21 00:00:00+00:00
[2025-07-21T08:40:21.231+0000] {processor.py:183} INFO - Processing /home/airflow/.local/lib/python3.8/site-packages/airflow/example_dags/tutorial.py took 0.562 seconds
[2025-07-21T08:40:51.516+0000] {processor.py:161} INFO - Started process (PID=2523) to work on /home/airflow/.local/lib/python3.8/site-packages/airflow/example_dags/tutorial.py
[2025-07-21T08:40:51.520+0000] {processor.py:830} INFO - Processing file /home/airflow/.local/lib/python3.8/site-packages/airflow/example_dags/tutorial.py for tasks to queue
[2025-07-21T08:40:51.527+0000] {logging_mixin.py:188} INFO - [2025-07-21T08:40:51.527+0000] {dagbag.py:538} INFO - Filling up the DagBag from /home/airflow/.local/lib/python3.8/site-packages/airflow/example_dags/tutorial.py
[2025-07-21T08:40:51.547+0000] {processor.py:840} INFO - DAG(s) 'tutorial' retrieved from /home/airflow/.local/lib/python3.8/site-packages/airflow/example_dags/tutorial.py
[2025-07-21T08:40:51.612+0000] {logging_mixin.py:188} INFO - [2025-07-21T08:40:51.611+0000] {dag.py:3036} INFO - Sync 1 DAGs
[2025-07-21T08:40:51.677+0000] {logging_mixin.py:188} INFO - [2025-07-21T08:40:51.677+0000] {dag.py:3823} INFO - Setting next_dagrun for tutorial to 2025-07-20 00:00:00+00:00, run_after=2025-07-21 00:00:00+00:00
[2025-07-21T08:40:51.728+0000] {processor.py:183} INFO - Processing /home/airflow/.local/lib/python3.8/site-packages/airflow/example_dags/tutorial.py took 0.225 seconds
[2025-07-21T08:41:22.907+0000] {processor.py:161} INFO - Started process (PID=2578) to work on /home/airflow/.local/lib/python3.8/site-packages/airflow/example_dags/tutorial.py
[2025-07-21T08:41:22.942+0000] {processor.py:830} INFO - Processing file /home/airflow/.local/lib/python3.8/site-packages/airflow/example_dags/tutorial.py for tasks to queue
[2025-07-21T08:41:22.983+0000] {logging_mixin.py:188} INFO - [2025-07-21T08:41:22.983+0000] {dagbag.py:538} INFO - Filling up the DagBag from /home/airflow/.local/lib/python3.8/site-packages/airflow/example_dags/tutorial.py
[2025-07-21T08:41:23.607+0000] {processor.py:840} INFO - DAG(s) 'tutorial' retrieved from /home/airflow/.local/lib/python3.8/site-packages/airflow/example_dags/tutorial.py
[2025-07-21T08:41:23.702+0000] {logging_mixin.py:188} INFO - [2025-07-21T08:41:23.701+0000] {dag.py:3036} INFO - Sync 1 DAGs
[2025-07-21T08:41:23.753+0000] {logging_mixin.py:188} INFO - [2025-07-21T08:41:23.752+0000] {dag.py:3823} INFO - Setting next_dagrun for tutorial to 2025-07-20 00:00:00+00:00, run_after=2025-07-21 00:00:00+00:00
[2025-07-21T08:41:23.813+0000] {processor.py:183} INFO - Processing /home/airflow/.local/lib/python3.8/site-packages/airflow/example_dags/tutorial.py took 0.922 seconds
[2025-07-21T08:41:54.652+0000] {processor.py:161} INFO - Started process (PID=2633) to work on /home/airflow/.local/lib/python3.8/site-packages/airflow/example_dags/tutorial.py
[2025-07-21T08:41:54.656+0000] {processor.py:830} INFO - Processing file /home/airflow/.local/lib/python3.8/site-packages/airflow/example_dags/tutorial.py for tasks to queue
[2025-07-21T08:41:54.672+0000] {logging_mixin.py:188} INFO - [2025-07-21T08:41:54.671+0000] {dagbag.py:538} INFO - Filling up the DagBag from /home/airflow/.local/lib/python3.8/site-packages/airflow/example_dags/tutorial.py
[2025-07-21T08:41:54.745+0000] {processor.py:840} INFO - DAG(s) 'tutorial' retrieved from /home/airflow/.local/lib/python3.8/site-packages/airflow/example_dags/tutorial.py
[2025-07-21T08:41:54.992+0000] {logging_mixin.py:188} INFO - [2025-07-21T08:41:54.991+0000] {dag.py:3036} INFO - Sync 1 DAGs
[2025-07-21T08:41:55.184+0000] {logging_mixin.py:188} INFO - [2025-07-21T08:41:55.184+0000] {dag.py:3823} INFO - Setting next_dagrun for tutorial to 2025-07-20 00:00:00+00:00, run_after=2025-07-21 00:00:00+00:00
[2025-07-21T08:41:55.323+0000] {processor.py:183} INFO - Processing /home/airflow/.local/lib/python3.8/site-packages/airflow/example_dags/tutorial.py took 0.694 seconds
[2025-07-21T08:42:25.939+0000] {processor.py:161} INFO - Started process (PID=2688) to work on /home/airflow/.local/lib/python3.8/site-packages/airflow/example_dags/tutorial.py
[2025-07-21T08:42:25.943+0000] {processor.py:830} INFO - Processing file /home/airflow/.local/lib/python3.8/site-packages/airflow/example_dags/tutorial.py for tasks to queue
[2025-07-21T08:42:25.950+0000] {logging_mixin.py:188} INFO - [2025-07-21T08:42:25.949+0000] {dagbag.py:538} INFO - Filling up the DagBag from /home/airflow/.local/lib/python3.8/site-packages/airflow/example_dags/tutorial.py
[2025-07-21T08:42:25.970+0000] {processor.py:840} INFO - DAG(s) 'tutorial' retrieved from /home/airflow/.local/lib/python3.8/site-packages/airflow/example_dags/tutorial.py
[2025-07-21T08:42:26.043+0000] {logging_mixin.py:188} INFO - [2025-07-21T08:42:26.042+0000] {dag.py:3036} INFO - Sync 1 DAGs
[2025-07-21T08:42:26.108+0000] {logging_mixin.py:188} INFO - [2025-07-21T08:42:26.107+0000] {dag.py:3823} INFO - Setting next_dagrun for tutorial to 2025-07-20 00:00:00+00:00, run_after=2025-07-21 00:00:00+00:00
[2025-07-21T08:42:26.188+0000] {processor.py:183} INFO - Processing /home/airflow/.local/lib/python3.8/site-packages/airflow/example_dags/tutorial.py took 0.261 seconds
[2025-07-21T08:42:57.089+0000] {processor.py:161} INFO - Started process (PID=2745) to work on /home/airflow/.local/lib/python3.8/site-packages/airflow/example_dags/tutorial.py
[2025-07-21T08:42:57.091+0000] {processor.py:830} INFO - Processing file /home/airflow/.local/lib/python3.8/site-packages/airflow/example_dags/tutorial.py for tasks to queue
[2025-07-21T08:42:57.095+0000] {logging_mixin.py:188} INFO - [2025-07-21T08:42:57.094+0000] {dagbag.py:538} INFO - Filling up the DagBag from /home/airflow/.local/lib/python3.8/site-packages/airflow/example_dags/tutorial.py
[2025-07-21T08:42:57.106+0000] {processor.py:840} INFO - DAG(s) 'tutorial' retrieved from /home/airflow/.local/lib/python3.8/site-packages/airflow/example_dags/tutorial.py
[2025-07-21T08:42:57.144+0000] {logging_mixin.py:188} INFO - [2025-07-21T08:42:57.143+0000] {dag.py:3036} INFO - Sync 1 DAGs
[2025-07-21T08:42:57.191+0000] {logging_mixin.py:188} INFO - [2025-07-21T08:42:57.191+0000] {dag.py:3823} INFO - Setting next_dagrun for tutorial to 2025-07-20 00:00:00+00:00, run_after=2025-07-21 00:00:00+00:00
[2025-07-21T08:42:57.228+0000] {processor.py:183} INFO - Processing /home/airflow/.local/lib/python3.8/site-packages/airflow/example_dags/tutorial.py took 0.145 seconds
[2025-07-21T08:43:29.171+0000] {processor.py:161} INFO - Started process (PID=2800) to work on /home/airflow/.local/lib/python3.8/site-packages/airflow/example_dags/tutorial.py
[2025-07-21T08:43:29.179+0000] {processor.py:830} INFO - Processing file /home/airflow/.local/lib/python3.8/site-packages/airflow/example_dags/tutorial.py for tasks to queue
[2025-07-21T08:43:29.208+0000] {logging_mixin.py:188} INFO - [2025-07-21T08:43:29.208+0000] {dagbag.py:538} INFO - Filling up the DagBag from /home/airflow/.local/lib/python3.8/site-packages/airflow/example_dags/tutorial.py
[2025-07-21T08:43:29.241+0000] {processor.py:840} INFO - DAG(s) 'tutorial' retrieved from /home/airflow/.local/lib/python3.8/site-packages/airflow/example_dags/tutorial.py
[2025-07-21T08:43:29.362+0000] {logging_mixin.py:188} INFO - [2025-07-21T08:43:29.361+0000] {dag.py:3036} INFO - Sync 1 DAGs
[2025-07-21T08:43:29.484+0000] {logging_mixin.py:188} INFO - [2025-07-21T08:43:29.484+0000] {dag.py:3823} INFO - Setting next_dagrun for tutorial to 2025-07-20 00:00:00+00:00, run_after=2025-07-21 00:00:00+00:00
[2025-07-21T08:43:29.591+0000] {processor.py:183} INFO - Processing /home/airflow/.local/lib/python3.8/site-packages/airflow/example_dags/tutorial.py took 0.444 seconds
