[2025-07-21T08:14:33.947+0000] {processor.py:161} INFO - Started process (PID=66) to work on /home/airflow/.local/lib/python3.8/site-packages/airflow/example_dags/tutorial_dag.py
[2025-07-21T08:14:33.950+0000] {processor.py:830} INFO - Processing file /home/airflow/.local/lib/python3.8/site-packages/airflow/example_dags/tutorial_dag.py for tasks to queue
[2025-07-21T08:14:33.982+0000] {logging_mixin.py:188} INFO - [2025-07-21T08:14:33.981+0000] {dagbag.py:538} INFO - Filling up the DagBag from /home/airflow/.local/lib/python3.8/site-packages/airflow/example_dags/tutorial_dag.py
[2025-07-21T08:14:34.024+0000] {processor.py:840} INFO - DAG(s) 'tutorial_dag' retrieved from /home/airflow/.local/lib/python3.8/site-packages/airflow/example_dags/tutorial_dag.py
[2025-07-21T08:14:34.176+0000] {logging_mixin.py:188} INFO - [2025-07-21T08:14:34.175+0000] {dag.py:3036} INFO - Sync 1 DAGs
[2025-07-21T08:14:34.250+0000] {logging_mixin.py:188} INFO - [2025-07-21T08:14:34.249+0000] {dag.py:3823} INFO - Setting next_dagrun for tutorial_dag to None, run_after=None
[2025-07-21T08:14:34.341+0000] {processor.py:183} INFO - Processing /home/airflow/.local/lib/python3.8/site-packages/airflow/example_dags/tutorial_dag.py took 0.553 seconds
[2025-07-21T08:15:05.939+0000] {processor.py:161} INFO - Started process (PID=121) to work on /home/airflow/.local/lib/python3.8/site-packages/airflow/example_dags/tutorial_dag.py
[2025-07-21T08:15:05.975+0000] {processor.py:830} INFO - Processing file /home/airflow/.local/lib/python3.8/site-packages/airflow/example_dags/tutorial_dag.py for tasks to queue
[2025-07-21T08:15:06.052+0000] {logging_mixin.py:188} INFO - [2025-07-21T08:15:06.052+0000] {dagbag.py:538} INFO - Filling up the DagBag from /home/airflow/.local/lib/python3.8/site-packages/airflow/example_dags/tutorial_dag.py
[2025-07-21T08:15:06.137+0000] {processor.py:840} INFO - DAG(s) 'tutorial_dag' retrieved from /home/airflow/.local/lib/python3.8/site-packages/airflow/example_dags/tutorial_dag.py
[2025-07-21T08:15:06.297+0000] {logging_mixin.py:188} INFO - [2025-07-21T08:15:06.297+0000] {dag.py:3036} INFO - Sync 1 DAGs
[2025-07-21T08:15:06.503+0000] {logging_mixin.py:188} INFO - [2025-07-21T08:15:06.502+0000] {dag.py:3823} INFO - Setting next_dagrun for tutorial_dag to None, run_after=None
[2025-07-21T08:15:07.527+0000] {processor.py:183} INFO - Processing /home/airflow/.local/lib/python3.8/site-packages/airflow/example_dags/tutorial_dag.py took 1.621 seconds
[2025-07-21T08:15:38.261+0000] {processor.py:161} INFO - Started process (PID=176) to work on /home/airflow/.local/lib/python3.8/site-packages/airflow/example_dags/tutorial_dag.py
[2025-07-21T08:15:38.312+0000] {processor.py:830} INFO - Processing file /home/airflow/.local/lib/python3.8/site-packages/airflow/example_dags/tutorial_dag.py for tasks to queue
[2025-07-21T08:15:38.464+0000] {logging_mixin.py:188} INFO - [2025-07-21T08:15:38.463+0000] {dagbag.py:538} INFO - Filling up the DagBag from /home/airflow/.local/lib/python3.8/site-packages/airflow/example_dags/tutorial_dag.py
[2025-07-21T08:15:39.009+0000] {processor.py:840} INFO - DAG(s) 'tutorial_dag' retrieved from /home/airflow/.local/lib/python3.8/site-packages/airflow/example_dags/tutorial_dag.py
[2025-07-21T08:15:39.381+0000] {logging_mixin.py:188} INFO - [2025-07-21T08:15:39.380+0000] {dag.py:3036} INFO - Sync 1 DAGs
[2025-07-21T08:15:39.792+0000] {logging_mixin.py:188} INFO - [2025-07-21T08:15:39.791+0000] {dag.py:3823} INFO - Setting next_dagrun for tutorial_dag to None, run_after=None
[2025-07-21T08:15:40.279+0000] {processor.py:183} INFO - Processing /home/airflow/.local/lib/python3.8/site-packages/airflow/example_dags/tutorial_dag.py took 2.203 seconds
[2025-07-21T08:16:26.795+0000] {processor.py:161} INFO - Started process (PID=238) to work on /home/airflow/.local/lib/python3.8/site-packages/airflow/example_dags/tutorial_dag.py
[2025-07-21T08:16:26.885+0000] {processor.py:830} INFO - Processing file /home/airflow/.local/lib/python3.8/site-packages/airflow/example_dags/tutorial_dag.py for tasks to queue
[2025-07-21T08:16:26.990+0000] {logging_mixin.py:188} INFO - [2025-07-21T08:16:26.990+0000] {dagbag.py:538} INFO - Filling up the DagBag from /home/airflow/.local/lib/python3.8/site-packages/airflow/example_dags/tutorial_dag.py
[2025-07-21T08:16:27.033+0000] {processor.py:840} INFO - DAG(s) 'tutorial_dag' retrieved from /home/airflow/.local/lib/python3.8/site-packages/airflow/example_dags/tutorial_dag.py
[2025-07-21T08:16:27.535+0000] {logging_mixin.py:188} INFO - [2025-07-21T08:16:27.535+0000] {dag.py:3036} INFO - Sync 1 DAGs
[2025-07-21T08:16:27.618+0000] {logging_mixin.py:188} INFO - [2025-07-21T08:16:27.618+0000] {dag.py:3823} INFO - Setting next_dagrun for tutorial_dag to None, run_after=None
[2025-07-21T08:16:27.735+0000] {processor.py:183} INFO - Processing /home/airflow/.local/lib/python3.8/site-packages/airflow/example_dags/tutorial_dag.py took 1.217 seconds
[2025-07-21T08:17:08.450+0000] {processor.py:161} INFO - Started process (PID=287) to work on /home/airflow/.local/lib/python3.8/site-packages/airflow/example_dags/tutorial_dag.py
[2025-07-21T08:17:08.494+0000] {processor.py:830} INFO - Processing file /home/airflow/.local/lib/python3.8/site-packages/airflow/example_dags/tutorial_dag.py for tasks to queue
[2025-07-21T08:17:08.511+0000] {logging_mixin.py:188} INFO - [2025-07-21T08:17:08.510+0000] {dagbag.py:538} INFO - Filling up the DagBag from /home/airflow/.local/lib/python3.8/site-packages/airflow/example_dags/tutorial_dag.py
[2025-07-21T08:17:08.673+0000] {processor.py:840} INFO - DAG(s) 'tutorial_dag' retrieved from /home/airflow/.local/lib/python3.8/site-packages/airflow/example_dags/tutorial_dag.py
[2025-07-21T08:17:09.434+0000] {logging_mixin.py:188} INFO - [2025-07-21T08:17:09.433+0000] {dag.py:3036} INFO - Sync 1 DAGs
[2025-07-21T08:17:09.931+0000] {logging_mixin.py:188} INFO - [2025-07-21T08:17:09.931+0000] {dag.py:3823} INFO - Setting next_dagrun for tutorial_dag to None, run_after=None
[2025-07-21T08:17:10.695+0000] {processor.py:183} INFO - Processing /home/airflow/.local/lib/python3.8/site-packages/airflow/example_dags/tutorial_dag.py took 2.280 seconds
[2025-07-21T08:18:13.625+0000] {processor.py:161} INFO - Started process (PID=349) to work on /home/airflow/.local/lib/python3.8/site-packages/airflow/example_dags/tutorial_dag.py
[2025-07-21T08:18:13.641+0000] {processor.py:830} INFO - Processing file /home/airflow/.local/lib/python3.8/site-packages/airflow/example_dags/tutorial_dag.py for tasks to queue
[2025-07-21T08:18:13.674+0000] {logging_mixin.py:188} INFO - [2025-07-21T08:18:13.673+0000] {dagbag.py:538} INFO - Filling up the DagBag from /home/airflow/.local/lib/python3.8/site-packages/airflow/example_dags/tutorial_dag.py
[2025-07-21T08:18:13.719+0000] {processor.py:840} INFO - DAG(s) 'tutorial_dag' retrieved from /home/airflow/.local/lib/python3.8/site-packages/airflow/example_dags/tutorial_dag.py
[2025-07-21T08:18:14.806+0000] {logging_mixin.py:188} INFO - [2025-07-21T08:18:14.806+0000] {dag.py:3036} INFO - Sync 1 DAGs
[2025-07-21T08:18:14.951+0000] {logging_mixin.py:188} INFO - [2025-07-21T08:18:14.951+0000] {dag.py:3823} INFO - Setting next_dagrun for tutorial_dag to None, run_after=None
[2025-07-21T08:18:15.630+0000] {processor.py:183} INFO - Processing /home/airflow/.local/lib/python3.8/site-packages/airflow/example_dags/tutorial_dag.py took 2.022 seconds
[2025-07-21T08:18:56.483+0000] {processor.py:161} INFO - Started process (PID=383) to work on /home/airflow/.local/lib/python3.8/site-packages/airflow/example_dags/tutorial_dag.py
[2025-07-21T08:18:56.560+0000] {processor.py:830} INFO - Processing file /home/airflow/.local/lib/python3.8/site-packages/airflow/example_dags/tutorial_dag.py for tasks to queue
[2025-07-21T08:18:56.671+0000] {logging_mixin.py:188} INFO - [2025-07-21T08:18:56.670+0000] {dagbag.py:538} INFO - Filling up the DagBag from /home/airflow/.local/lib/python3.8/site-packages/airflow/example_dags/tutorial_dag.py
[2025-07-21T08:18:56.703+0000] {processor.py:840} INFO - DAG(s) 'tutorial_dag' retrieved from /home/airflow/.local/lib/python3.8/site-packages/airflow/example_dags/tutorial_dag.py
[2025-07-21T08:18:56.858+0000] {logging_mixin.py:188} INFO - [2025-07-21T08:18:56.858+0000] {dag.py:3036} INFO - Sync 1 DAGs
[2025-07-21T08:18:56.965+0000] {logging_mixin.py:188} INFO - [2025-07-21T08:18:56.965+0000] {dag.py:3823} INFO - Setting next_dagrun for tutorial_dag to None, run_after=None
[2025-07-21T08:18:57.202+0000] {processor.py:183} INFO - Processing /home/airflow/.local/lib/python3.8/site-packages/airflow/example_dags/tutorial_dag.py took 0.725 seconds
[2025-07-21T08:19:54.829+0000] {processor.py:161} INFO - Started process (PID=427) to work on /home/airflow/.local/lib/python3.8/site-packages/airflow/example_dags/tutorial_dag.py
[2025-07-21T08:19:54.837+0000] {processor.py:830} INFO - Processing file /home/airflow/.local/lib/python3.8/site-packages/airflow/example_dags/tutorial_dag.py for tasks to queue
[2025-07-21T08:19:54.842+0000] {logging_mixin.py:188} INFO - [2025-07-21T08:19:54.841+0000] {dagbag.py:538} INFO - Filling up the DagBag from /home/airflow/.local/lib/python3.8/site-packages/airflow/example_dags/tutorial_dag.py
[2025-07-21T08:19:54.879+0000] {processor.py:840} INFO - DAG(s) 'tutorial_dag' retrieved from /home/airflow/.local/lib/python3.8/site-packages/airflow/example_dags/tutorial_dag.py
[2025-07-21T08:19:55.069+0000] {logging_mixin.py:188} INFO - [2025-07-21T08:19:55.069+0000] {dag.py:3036} INFO - Sync 1 DAGs
[2025-07-21T08:19:55.137+0000] {logging_mixin.py:188} INFO - [2025-07-21T08:19:55.137+0000] {dag.py:3823} INFO - Setting next_dagrun for tutorial_dag to None, run_after=None
[2025-07-21T08:19:55.319+0000] {processor.py:183} INFO - Processing /home/airflow/.local/lib/python3.8/site-packages/airflow/example_dags/tutorial_dag.py took 0.497 seconds
[2025-07-21T08:20:35.288+0000] {processor.py:161} INFO - Started process (PID=482) to work on /home/airflow/.local/lib/python3.8/site-packages/airflow/example_dags/tutorial_dag.py
[2025-07-21T08:20:35.301+0000] {processor.py:830} INFO - Processing file /home/airflow/.local/lib/python3.8/site-packages/airflow/example_dags/tutorial_dag.py for tasks to queue
[2025-07-21T08:20:35.304+0000] {logging_mixin.py:188} INFO - [2025-07-21T08:20:35.304+0000] {dagbag.py:538} INFO - Filling up the DagBag from /home/airflow/.local/lib/python3.8/site-packages/airflow/example_dags/tutorial_dag.py
[2025-07-21T08:20:35.375+0000] {processor.py:840} INFO - DAG(s) 'tutorial_dag' retrieved from /home/airflow/.local/lib/python3.8/site-packages/airflow/example_dags/tutorial_dag.py
[2025-07-21T08:20:35.514+0000] {logging_mixin.py:188} INFO - [2025-07-21T08:20:35.513+0000] {dag.py:3036} INFO - Sync 1 DAGs
[2025-07-21T08:20:35.594+0000] {logging_mixin.py:188} INFO - [2025-07-21T08:20:35.593+0000] {dag.py:3823} INFO - Setting next_dagrun for tutorial_dag to None, run_after=None
[2025-07-21T08:20:35.923+0000] {processor.py:183} INFO - Processing /home/airflow/.local/lib/python3.8/site-packages/airflow/example_dags/tutorial_dag.py took 0.646 seconds
[2025-07-21T08:21:31.398+0000] {processor.py:161} INFO - Started process (PID=540) to work on /home/airflow/.local/lib/python3.8/site-packages/airflow/example_dags/tutorial_dag.py
[2025-07-21T08:21:31.407+0000] {processor.py:830} INFO - Processing file /home/airflow/.local/lib/python3.8/site-packages/airflow/example_dags/tutorial_dag.py for tasks to queue
[2025-07-21T08:21:31.432+0000] {logging_mixin.py:188} INFO - [2025-07-21T08:21:31.431+0000] {dagbag.py:538} INFO - Filling up the DagBag from /home/airflow/.local/lib/python3.8/site-packages/airflow/example_dags/tutorial_dag.py
[2025-07-21T08:21:31.533+0000] {processor.py:840} INFO - DAG(s) 'tutorial_dag' retrieved from /home/airflow/.local/lib/python3.8/site-packages/airflow/example_dags/tutorial_dag.py
[2025-07-21T08:21:31.636+0000] {logging_mixin.py:188} INFO - [2025-07-21T08:21:31.635+0000] {dag.py:3036} INFO - Sync 1 DAGs
[2025-07-21T08:21:31.732+0000] {logging_mixin.py:188} INFO - [2025-07-21T08:21:31.731+0000] {dag.py:3823} INFO - Setting next_dagrun for tutorial_dag to None, run_after=None
[2025-07-21T08:21:32.004+0000] {processor.py:183} INFO - Processing /home/airflow/.local/lib/python3.8/site-packages/airflow/example_dags/tutorial_dag.py took 0.637 seconds
[2025-07-21T08:22:04.038+0000] {processor.py:161} INFO - Started process (PID=595) to work on /home/airflow/.local/lib/python3.8/site-packages/airflow/example_dags/tutorial_dag.py
[2025-07-21T08:22:04.040+0000] {processor.py:830} INFO - Processing file /home/airflow/.local/lib/python3.8/site-packages/airflow/example_dags/tutorial_dag.py for tasks to queue
[2025-07-21T08:22:04.056+0000] {logging_mixin.py:188} INFO - [2025-07-21T08:22:04.055+0000] {dagbag.py:538} INFO - Filling up the DagBag from /home/airflow/.local/lib/python3.8/site-packages/airflow/example_dags/tutorial_dag.py
[2025-07-21T08:22:04.100+0000] {processor.py:840} INFO - DAG(s) 'tutorial_dag' retrieved from /home/airflow/.local/lib/python3.8/site-packages/airflow/example_dags/tutorial_dag.py
[2025-07-21T08:22:04.203+0000] {logging_mixin.py:188} INFO - [2025-07-21T08:22:04.191+0000] {dag.py:3036} INFO - Sync 1 DAGs
[2025-07-21T08:22:04.587+0000] {logging_mixin.py:188} INFO - [2025-07-21T08:22:04.586+0000] {dag.py:3823} INFO - Setting next_dagrun for tutorial_dag to None, run_after=None
[2025-07-21T08:22:04.914+0000] {processor.py:183} INFO - Processing /home/airflow/.local/lib/python3.8/site-packages/airflow/example_dags/tutorial_dag.py took 0.899 seconds
[2025-07-21T08:22:36.330+0000] {processor.py:161} INFO - Started process (PID=649) to work on /home/airflow/.local/lib/python3.8/site-packages/airflow/example_dags/tutorial_dag.py
[2025-07-21T08:22:36.333+0000] {processor.py:830} INFO - Processing file /home/airflow/.local/lib/python3.8/site-packages/airflow/example_dags/tutorial_dag.py for tasks to queue
[2025-07-21T08:22:36.401+0000] {logging_mixin.py:188} INFO - [2025-07-21T08:22:36.401+0000] {dagbag.py:538} INFO - Filling up the DagBag from /home/airflow/.local/lib/python3.8/site-packages/airflow/example_dags/tutorial_dag.py
[2025-07-21T08:22:36.467+0000] {processor.py:840} INFO - DAG(s) 'tutorial_dag' retrieved from /home/airflow/.local/lib/python3.8/site-packages/airflow/example_dags/tutorial_dag.py
[2025-07-21T08:22:36.689+0000] {logging_mixin.py:188} INFO - [2025-07-21T08:22:36.678+0000] {dag.py:3036} INFO - Sync 1 DAGs
[2025-07-21T08:22:36.759+0000] {logging_mixin.py:188} INFO - [2025-07-21T08:22:36.758+0000] {dag.py:3823} INFO - Setting next_dagrun for tutorial_dag to None, run_after=None
[2025-07-21T08:22:36.829+0000] {processor.py:183} INFO - Processing /home/airflow/.local/lib/python3.8/site-packages/airflow/example_dags/tutorial_dag.py took 0.516 seconds
[2025-07-21T08:23:13.478+0000] {processor.py:161} INFO - Started process (PID=694) to work on /home/airflow/.local/lib/python3.8/site-packages/airflow/example_dags/tutorial_dag.py
[2025-07-21T08:23:13.484+0000] {processor.py:830} INFO - Processing file /home/airflow/.local/lib/python3.8/site-packages/airflow/example_dags/tutorial_dag.py for tasks to queue
[2025-07-21T08:23:13.489+0000] {logging_mixin.py:188} INFO - [2025-07-21T08:23:13.488+0000] {dagbag.py:538} INFO - Filling up the DagBag from /home/airflow/.local/lib/python3.8/site-packages/airflow/example_dags/tutorial_dag.py
[2025-07-21T08:23:13.526+0000] {processor.py:840} INFO - DAG(s) 'tutorial_dag' retrieved from /home/airflow/.local/lib/python3.8/site-packages/airflow/example_dags/tutorial_dag.py
[2025-07-21T08:23:13.654+0000] {logging_mixin.py:188} INFO - [2025-07-21T08:23:13.654+0000] {dag.py:3036} INFO - Sync 1 DAGs
[2025-07-21T08:23:13.729+0000] {logging_mixin.py:188} INFO - [2025-07-21T08:23:13.728+0000] {dag.py:3823} INFO - Setting next_dagrun for tutorial_dag to None, run_after=None
[2025-07-21T08:23:14.035+0000] {processor.py:183} INFO - Processing /home/airflow/.local/lib/python3.8/site-packages/airflow/example_dags/tutorial_dag.py took 0.566 seconds
[2025-07-21T08:23:46.379+0000] {processor.py:161} INFO - Started process (PID=750) to work on /home/airflow/.local/lib/python3.8/site-packages/airflow/example_dags/tutorial_dag.py
[2025-07-21T08:23:46.381+0000] {processor.py:830} INFO - Processing file /home/airflow/.local/lib/python3.8/site-packages/airflow/example_dags/tutorial_dag.py for tasks to queue
[2025-07-21T08:23:46.385+0000] {logging_mixin.py:188} INFO - [2025-07-21T08:23:46.384+0000] {dagbag.py:538} INFO - Filling up the DagBag from /home/airflow/.local/lib/python3.8/site-packages/airflow/example_dags/tutorial_dag.py
[2025-07-21T08:23:46.408+0000] {processor.py:840} INFO - DAG(s) 'tutorial_dag' retrieved from /home/airflow/.local/lib/python3.8/site-packages/airflow/example_dags/tutorial_dag.py
[2025-07-21T08:23:46.552+0000] {logging_mixin.py:188} INFO - [2025-07-21T08:23:46.552+0000] {dag.py:3036} INFO - Sync 1 DAGs
[2025-07-21T08:23:46.605+0000] {logging_mixin.py:188} INFO - [2025-07-21T08:23:46.605+0000] {dag.py:3823} INFO - Setting next_dagrun for tutorial_dag to None, run_after=None
[2025-07-21T08:23:46.645+0000] {processor.py:183} INFO - Processing /home/airflow/.local/lib/python3.8/site-packages/airflow/example_dags/tutorial_dag.py took 0.273 seconds
[2025-07-21T08:24:24.086+0000] {processor.py:161} INFO - Started process (PID=807) to work on /home/airflow/.local/lib/python3.8/site-packages/airflow/example_dags/tutorial_dag.py
[2025-07-21T08:24:24.387+0000] {processor.py:830} INFO - Processing file /home/airflow/.local/lib/python3.8/site-packages/airflow/example_dags/tutorial_dag.py for tasks to queue
[2025-07-21T08:24:24.932+0000] {logging_mixin.py:188} INFO - [2025-07-21T08:24:24.812+0000] {dagbag.py:538} INFO - Filling up the DagBag from /home/airflow/.local/lib/python3.8/site-packages/airflow/example_dags/tutorial_dag.py
[2025-07-21T08:24:25.302+0000] {processor.py:840} INFO - DAG(s) 'tutorial_dag' retrieved from /home/airflow/.local/lib/python3.8/site-packages/airflow/example_dags/tutorial_dag.py
[2025-07-21T08:24:25.921+0000] {logging_mixin.py:188} INFO - [2025-07-21T08:24:25.920+0000] {dag.py:3036} INFO - Sync 1 DAGs
[2025-07-21T08:24:26.081+0000] {logging_mixin.py:188} INFO - [2025-07-21T08:24:26.080+0000] {dag.py:3823} INFO - Setting next_dagrun for tutorial_dag to None, run_after=None
[2025-07-21T08:24:26.378+0000] {processor.py:183} INFO - Processing /home/airflow/.local/lib/python3.8/site-packages/airflow/example_dags/tutorial_dag.py took 2.326 seconds
[2025-07-21T08:24:56.696+0000] {processor.py:161} INFO - Started process (PID=862) to work on /home/airflow/.local/lib/python3.8/site-packages/airflow/example_dags/tutorial_dag.py
[2025-07-21T08:24:56.708+0000] {processor.py:830} INFO - Processing file /home/airflow/.local/lib/python3.8/site-packages/airflow/example_dags/tutorial_dag.py for tasks to queue
[2025-07-21T08:24:56.712+0000] {logging_mixin.py:188} INFO - [2025-07-21T08:24:56.711+0000] {dagbag.py:538} INFO - Filling up the DagBag from /home/airflow/.local/lib/python3.8/site-packages/airflow/example_dags/tutorial_dag.py
[2025-07-21T08:24:56.746+0000] {processor.py:840} INFO - DAG(s) 'tutorial_dag' retrieved from /home/airflow/.local/lib/python3.8/site-packages/airflow/example_dags/tutorial_dag.py
[2025-07-21T08:24:57.011+0000] {logging_mixin.py:188} INFO - [2025-07-21T08:24:57.011+0000] {dag.py:3036} INFO - Sync 1 DAGs
[2025-07-21T08:24:57.113+0000] {logging_mixin.py:188} INFO - [2025-07-21T08:24:57.112+0000] {dag.py:3823} INFO - Setting next_dagrun for tutorial_dag to None, run_after=None
[2025-07-21T08:24:57.215+0000] {processor.py:183} INFO - Processing /home/airflow/.local/lib/python3.8/site-packages/airflow/example_dags/tutorial_dag.py took 0.528 seconds
[2025-07-21T08:25:27.757+0000] {processor.py:161} INFO - Started process (PID=918) to work on /home/airflow/.local/lib/python3.8/site-packages/airflow/example_dags/tutorial_dag.py
[2025-07-21T08:25:27.779+0000] {processor.py:830} INFO - Processing file /home/airflow/.local/lib/python3.8/site-packages/airflow/example_dags/tutorial_dag.py for tasks to queue
[2025-07-21T08:25:27.815+0000] {logging_mixin.py:188} INFO - [2025-07-21T08:25:27.815+0000] {dagbag.py:538} INFO - Filling up the DagBag from /home/airflow/.local/lib/python3.8/site-packages/airflow/example_dags/tutorial_dag.py
[2025-07-21T08:25:27.853+0000] {processor.py:840} INFO - DAG(s) 'tutorial_dag' retrieved from /home/airflow/.local/lib/python3.8/site-packages/airflow/example_dags/tutorial_dag.py
[2025-07-21T08:25:28.020+0000] {logging_mixin.py:188} INFO - [2025-07-21T08:25:28.020+0000] {dag.py:3036} INFO - Sync 1 DAGs
[2025-07-21T08:25:28.162+0000] {logging_mixin.py:188} INFO - [2025-07-21T08:25:28.161+0000] {dag.py:3823} INFO - Setting next_dagrun for tutorial_dag to None, run_after=None
[2025-07-21T08:25:28.300+0000] {processor.py:183} INFO - Processing /home/airflow/.local/lib/python3.8/site-packages/airflow/example_dags/tutorial_dag.py took 0.563 seconds
[2025-07-21T08:25:58.656+0000] {processor.py:161} INFO - Started process (PID=972) to work on /home/airflow/.local/lib/python3.8/site-packages/airflow/example_dags/tutorial_dag.py
[2025-07-21T08:25:58.751+0000] {processor.py:830} INFO - Processing file /home/airflow/.local/lib/python3.8/site-packages/airflow/example_dags/tutorial_dag.py for tasks to queue
[2025-07-21T08:25:58.764+0000] {logging_mixin.py:188} INFO - [2025-07-21T08:25:58.763+0000] {dagbag.py:538} INFO - Filling up the DagBag from /home/airflow/.local/lib/python3.8/site-packages/airflow/example_dags/tutorial_dag.py
[2025-07-21T08:25:58.798+0000] {processor.py:840} INFO - DAG(s) 'tutorial_dag' retrieved from /home/airflow/.local/lib/python3.8/site-packages/airflow/example_dags/tutorial_dag.py
[2025-07-21T08:25:58.904+0000] {logging_mixin.py:188} INFO - [2025-07-21T08:25:58.904+0000] {dag.py:3036} INFO - Sync 1 DAGs
[2025-07-21T08:25:58.992+0000] {logging_mixin.py:188} INFO - [2025-07-21T08:25:58.991+0000] {dag.py:3823} INFO - Setting next_dagrun for tutorial_dag to None, run_after=None
[2025-07-21T08:25:59.249+0000] {processor.py:183} INFO - Processing /home/airflow/.local/lib/python3.8/site-packages/airflow/example_dags/tutorial_dag.py took 0.694 seconds
[2025-07-21T08:26:30.159+0000] {processor.py:161} INFO - Started process (PID=1029) to work on /home/airflow/.local/lib/python3.8/site-packages/airflow/example_dags/tutorial_dag.py
[2025-07-21T08:26:30.383+0000] {processor.py:830} INFO - Processing file /home/airflow/.local/lib/python3.8/site-packages/airflow/example_dags/tutorial_dag.py for tasks to queue
[2025-07-21T08:26:30.706+0000] {logging_mixin.py:188} INFO - [2025-07-21T08:26:30.706+0000] {dagbag.py:538} INFO - Filling up the DagBag from /home/airflow/.local/lib/python3.8/site-packages/airflow/example_dags/tutorial_dag.py
[2025-07-21T08:26:30.856+0000] {processor.py:840} INFO - DAG(s) 'tutorial_dag' retrieved from /home/airflow/.local/lib/python3.8/site-packages/airflow/example_dags/tutorial_dag.py
[2025-07-21T08:26:31.122+0000] {logging_mixin.py:188} INFO - [2025-07-21T08:26:31.121+0000] {dag.py:3036} INFO - Sync 1 DAGs
[2025-07-21T08:26:31.277+0000] {logging_mixin.py:188} INFO - [2025-07-21T08:26:31.277+0000] {dag.py:3823} INFO - Setting next_dagrun for tutorial_dag to None, run_after=None
[2025-07-21T08:26:31.693+0000] {processor.py:183} INFO - Processing /home/airflow/.local/lib/python3.8/site-packages/airflow/example_dags/tutorial_dag.py took 1.629 seconds
[2025-07-21T08:27:02.959+0000] {processor.py:161} INFO - Started process (PID=1083) to work on /home/airflow/.local/lib/python3.8/site-packages/airflow/example_dags/tutorial_dag.py
[2025-07-21T08:27:02.976+0000] {processor.py:830} INFO - Processing file /home/airflow/.local/lib/python3.8/site-packages/airflow/example_dags/tutorial_dag.py for tasks to queue
[2025-07-21T08:27:03.016+0000] {logging_mixin.py:188} INFO - [2025-07-21T08:27:03.004+0000] {dagbag.py:538} INFO - Filling up the DagBag from /home/airflow/.local/lib/python3.8/site-packages/airflow/example_dags/tutorial_dag.py
[2025-07-21T08:27:03.122+0000] {processor.py:840} INFO - DAG(s) 'tutorial_dag' retrieved from /home/airflow/.local/lib/python3.8/site-packages/airflow/example_dags/tutorial_dag.py
[2025-07-21T08:27:03.624+0000] {logging_mixin.py:188} INFO - [2025-07-21T08:27:03.624+0000] {dag.py:3036} INFO - Sync 1 DAGs
[2025-07-21T08:27:03.709+0000] {logging_mixin.py:188} INFO - [2025-07-21T08:27:03.709+0000] {dag.py:3823} INFO - Setting next_dagrun for tutorial_dag to None, run_after=None
[2025-07-21T08:27:03.968+0000] {processor.py:183} INFO - Processing /home/airflow/.local/lib/python3.8/site-packages/airflow/example_dags/tutorial_dag.py took 1.040 seconds
[2025-07-21T08:27:34.412+0000] {processor.py:161} INFO - Started process (PID=1138) to work on /home/airflow/.local/lib/python3.8/site-packages/airflow/example_dags/tutorial_dag.py
[2025-07-21T08:27:34.414+0000] {processor.py:830} INFO - Processing file /home/airflow/.local/lib/python3.8/site-packages/airflow/example_dags/tutorial_dag.py for tasks to queue
[2025-07-21T08:27:34.418+0000] {logging_mixin.py:188} INFO - [2025-07-21T08:27:34.418+0000] {dagbag.py:538} INFO - Filling up the DagBag from /home/airflow/.local/lib/python3.8/site-packages/airflow/example_dags/tutorial_dag.py
[2025-07-21T08:27:34.447+0000] {processor.py:840} INFO - DAG(s) 'tutorial_dag' retrieved from /home/airflow/.local/lib/python3.8/site-packages/airflow/example_dags/tutorial_dag.py
[2025-07-21T08:27:34.528+0000] {logging_mixin.py:188} INFO - [2025-07-21T08:27:34.527+0000] {dag.py:3036} INFO - Sync 1 DAGs
[2025-07-21T08:27:34.579+0000] {logging_mixin.py:188} INFO - [2025-07-21T08:27:34.579+0000] {dag.py:3823} INFO - Setting next_dagrun for tutorial_dag to None, run_after=None
[2025-07-21T08:27:34.670+0000] {processor.py:183} INFO - Processing /home/airflow/.local/lib/python3.8/site-packages/airflow/example_dags/tutorial_dag.py took 0.273 seconds
[2025-07-21T08:28:05.436+0000] {processor.py:161} INFO - Started process (PID=1193) to work on /home/airflow/.local/lib/python3.8/site-packages/airflow/example_dags/tutorial_dag.py
[2025-07-21T08:28:05.446+0000] {processor.py:830} INFO - Processing file /home/airflow/.local/lib/python3.8/site-packages/airflow/example_dags/tutorial_dag.py for tasks to queue
[2025-07-21T08:28:05.461+0000] {logging_mixin.py:188} INFO - [2025-07-21T08:28:05.460+0000] {dagbag.py:538} INFO - Filling up the DagBag from /home/airflow/.local/lib/python3.8/site-packages/airflow/example_dags/tutorial_dag.py
[2025-07-21T08:28:05.476+0000] {processor.py:840} INFO - DAG(s) 'tutorial_dag' retrieved from /home/airflow/.local/lib/python3.8/site-packages/airflow/example_dags/tutorial_dag.py
[2025-07-21T08:28:05.619+0000] {logging_mixin.py:188} INFO - [2025-07-21T08:28:05.619+0000] {dag.py:3036} INFO - Sync 1 DAGs
[2025-07-21T08:28:05.694+0000] {logging_mixin.py:188} INFO - [2025-07-21T08:28:05.694+0000] {dag.py:3823} INFO - Setting next_dagrun for tutorial_dag to None, run_after=None
[2025-07-21T08:28:05.770+0000] {processor.py:183} INFO - Processing /home/airflow/.local/lib/python3.8/site-packages/airflow/example_dags/tutorial_dag.py took 0.343 seconds
[2025-07-21T08:28:37.302+0000] {processor.py:161} INFO - Started process (PID=1248) to work on /home/airflow/.local/lib/python3.8/site-packages/airflow/example_dags/tutorial_dag.py
[2025-07-21T08:28:37.306+0000] {processor.py:830} INFO - Processing file /home/airflow/.local/lib/python3.8/site-packages/airflow/example_dags/tutorial_dag.py for tasks to queue
[2025-07-21T08:28:37.312+0000] {logging_mixin.py:188} INFO - [2025-07-21T08:28:37.310+0000] {dagbag.py:538} INFO - Filling up the DagBag from /home/airflow/.local/lib/python3.8/site-packages/airflow/example_dags/tutorial_dag.py
[2025-07-21T08:28:37.353+0000] {processor.py:840} INFO - DAG(s) 'tutorial_dag' retrieved from /home/airflow/.local/lib/python3.8/site-packages/airflow/example_dags/tutorial_dag.py
[2025-07-21T08:28:37.469+0000] {logging_mixin.py:188} INFO - [2025-07-21T08:28:37.469+0000] {dag.py:3036} INFO - Sync 1 DAGs
[2025-07-21T08:28:37.509+0000] {logging_mixin.py:188} INFO - [2025-07-21T08:28:37.509+0000] {dag.py:3823} INFO - Setting next_dagrun for tutorial_dag to None, run_after=None
[2025-07-21T08:28:37.568+0000] {processor.py:183} INFO - Processing /home/airflow/.local/lib/python3.8/site-packages/airflow/example_dags/tutorial_dag.py took 0.283 seconds
[2025-07-21T08:29:08.437+0000] {processor.py:161} INFO - Started process (PID=1303) to work on /home/airflow/.local/lib/python3.8/site-packages/airflow/example_dags/tutorial_dag.py
[2025-07-21T08:29:08.440+0000] {processor.py:830} INFO - Processing file /home/airflow/.local/lib/python3.8/site-packages/airflow/example_dags/tutorial_dag.py for tasks to queue
[2025-07-21T08:29:08.448+0000] {logging_mixin.py:188} INFO - [2025-07-21T08:29:08.447+0000] {dagbag.py:538} INFO - Filling up the DagBag from /home/airflow/.local/lib/python3.8/site-packages/airflow/example_dags/tutorial_dag.py
[2025-07-21T08:29:08.464+0000] {processor.py:840} INFO - DAG(s) 'tutorial_dag' retrieved from /home/airflow/.local/lib/python3.8/site-packages/airflow/example_dags/tutorial_dag.py
[2025-07-21T08:29:08.517+0000] {logging_mixin.py:188} INFO - [2025-07-21T08:29:08.517+0000] {dag.py:3036} INFO - Sync 1 DAGs
[2025-07-21T08:29:08.563+0000] {logging_mixin.py:188} INFO - [2025-07-21T08:29:08.563+0000] {dag.py:3823} INFO - Setting next_dagrun for tutorial_dag to None, run_after=None
[2025-07-21T08:29:08.621+0000] {processor.py:183} INFO - Processing /home/airflow/.local/lib/python3.8/site-packages/airflow/example_dags/tutorial_dag.py took 0.196 seconds
[2025-07-21T08:29:38.700+0000] {processor.py:161} INFO - Started process (PID=1357) to work on /home/airflow/.local/lib/python3.8/site-packages/airflow/example_dags/tutorial_dag.py
[2025-07-21T08:29:38.702+0000] {processor.py:830} INFO - Processing file /home/airflow/.local/lib/python3.8/site-packages/airflow/example_dags/tutorial_dag.py for tasks to queue
[2025-07-21T08:29:38.705+0000] {logging_mixin.py:188} INFO - [2025-07-21T08:29:38.705+0000] {dagbag.py:538} INFO - Filling up the DagBag from /home/airflow/.local/lib/python3.8/site-packages/airflow/example_dags/tutorial_dag.py
[2025-07-21T08:29:38.716+0000] {processor.py:840} INFO - DAG(s) 'tutorial_dag' retrieved from /home/airflow/.local/lib/python3.8/site-packages/airflow/example_dags/tutorial_dag.py
[2025-07-21T08:29:38.751+0000] {logging_mixin.py:188} INFO - [2025-07-21T08:29:38.751+0000] {dag.py:3036} INFO - Sync 1 DAGs
[2025-07-21T08:29:38.781+0000] {logging_mixin.py:188} INFO - [2025-07-21T08:29:38.781+0000] {dag.py:3823} INFO - Setting next_dagrun for tutorial_dag to None, run_after=None
[2025-07-21T08:29:38.811+0000] {processor.py:183} INFO - Processing /home/airflow/.local/lib/python3.8/site-packages/airflow/example_dags/tutorial_dag.py took 0.119 seconds
[2025-07-21T08:30:10.142+0000] {processor.py:161} INFO - Started process (PID=1412) to work on /home/airflow/.local/lib/python3.8/site-packages/airflow/example_dags/tutorial_dag.py
[2025-07-21T08:30:10.155+0000] {processor.py:830} INFO - Processing file /home/airflow/.local/lib/python3.8/site-packages/airflow/example_dags/tutorial_dag.py for tasks to queue
[2025-07-21T08:30:10.159+0000] {logging_mixin.py:188} INFO - [2025-07-21T08:30:10.159+0000] {dagbag.py:538} INFO - Filling up the DagBag from /home/airflow/.local/lib/python3.8/site-packages/airflow/example_dags/tutorial_dag.py
[2025-07-21T08:30:10.170+0000] {processor.py:840} INFO - DAG(s) 'tutorial_dag' retrieved from /home/airflow/.local/lib/python3.8/site-packages/airflow/example_dags/tutorial_dag.py
[2025-07-21T08:30:10.401+0000] {logging_mixin.py:188} INFO - [2025-07-21T08:30:10.400+0000] {dag.py:3036} INFO - Sync 1 DAGs
[2025-07-21T08:30:10.458+0000] {logging_mixin.py:188} INFO - [2025-07-21T08:30:10.458+0000] {dag.py:3823} INFO - Setting next_dagrun for tutorial_dag to None, run_after=None
[2025-07-21T08:30:10.634+0000] {processor.py:183} INFO - Processing /home/airflow/.local/lib/python3.8/site-packages/airflow/example_dags/tutorial_dag.py took 0.499 seconds
[2025-07-21T08:30:41.460+0000] {processor.py:161} INFO - Started process (PID=1466) to work on /home/airflow/.local/lib/python3.8/site-packages/airflow/example_dags/tutorial_dag.py
[2025-07-21T08:30:41.476+0000] {processor.py:830} INFO - Processing file /home/airflow/.local/lib/python3.8/site-packages/airflow/example_dags/tutorial_dag.py for tasks to queue
[2025-07-21T08:30:41.486+0000] {logging_mixin.py:188} INFO - [2025-07-21T08:30:41.486+0000] {dagbag.py:538} INFO - Filling up the DagBag from /home/airflow/.local/lib/python3.8/site-packages/airflow/example_dags/tutorial_dag.py
[2025-07-21T08:30:41.519+0000] {processor.py:840} INFO - DAG(s) 'tutorial_dag' retrieved from /home/airflow/.local/lib/python3.8/site-packages/airflow/example_dags/tutorial_dag.py
[2025-07-21T08:30:41.610+0000] {logging_mixin.py:188} INFO - [2025-07-21T08:30:41.609+0000] {dag.py:3036} INFO - Sync 1 DAGs
[2025-07-21T08:30:41.653+0000] {logging_mixin.py:188} INFO - [2025-07-21T08:30:41.653+0000] {dag.py:3823} INFO - Setting next_dagrun for tutorial_dag to None, run_after=None
[2025-07-21T08:30:41.786+0000] {processor.py:183} INFO - Processing /home/airflow/.local/lib/python3.8/site-packages/airflow/example_dags/tutorial_dag.py took 0.345 seconds
[2025-07-21T08:31:12.981+0000] {processor.py:161} INFO - Started process (PID=1521) to work on /home/airflow/.local/lib/python3.8/site-packages/airflow/example_dags/tutorial_dag.py
[2025-07-21T08:31:12.988+0000] {processor.py:830} INFO - Processing file /home/airflow/.local/lib/python3.8/site-packages/airflow/example_dags/tutorial_dag.py for tasks to queue
[2025-07-21T08:31:12.996+0000] {logging_mixin.py:188} INFO - [2025-07-21T08:31:12.996+0000] {dagbag.py:538} INFO - Filling up the DagBag from /home/airflow/.local/lib/python3.8/site-packages/airflow/example_dags/tutorial_dag.py
[2025-07-21T08:31:13.020+0000] {processor.py:840} INFO - DAG(s) 'tutorial_dag' retrieved from /home/airflow/.local/lib/python3.8/site-packages/airflow/example_dags/tutorial_dag.py
[2025-07-21T08:31:13.157+0000] {logging_mixin.py:188} INFO - [2025-07-21T08:31:13.157+0000] {dag.py:3036} INFO - Sync 1 DAGs
[2025-07-21T08:31:13.260+0000] {logging_mixin.py:188} INFO - [2025-07-21T08:31:13.260+0000] {dag.py:3823} INFO - Setting next_dagrun for tutorial_dag to None, run_after=None
[2025-07-21T08:31:13.346+0000] {processor.py:183} INFO - Processing /home/airflow/.local/lib/python3.8/site-packages/airflow/example_dags/tutorial_dag.py took 0.382 seconds
[2025-07-21T08:31:43.846+0000] {processor.py:161} INFO - Started process (PID=1576) to work on /home/airflow/.local/lib/python3.8/site-packages/airflow/example_dags/tutorial_dag.py
[2025-07-21T08:31:43.863+0000] {processor.py:830} INFO - Processing file /home/airflow/.local/lib/python3.8/site-packages/airflow/example_dags/tutorial_dag.py for tasks to queue
[2025-07-21T08:31:43.872+0000] {logging_mixin.py:188} INFO - [2025-07-21T08:31:43.871+0000] {dagbag.py:538} INFO - Filling up the DagBag from /home/airflow/.local/lib/python3.8/site-packages/airflow/example_dags/tutorial_dag.py
[2025-07-21T08:31:43.906+0000] {processor.py:840} INFO - DAG(s) 'tutorial_dag' retrieved from /home/airflow/.local/lib/python3.8/site-packages/airflow/example_dags/tutorial_dag.py
[2025-07-21T08:31:44.036+0000] {logging_mixin.py:188} INFO - [2025-07-21T08:31:44.036+0000] {dag.py:3036} INFO - Sync 1 DAGs
[2025-07-21T08:31:44.176+0000] {logging_mixin.py:188} INFO - [2025-07-21T08:31:44.175+0000] {dag.py:3823} INFO - Setting next_dagrun for tutorial_dag to None, run_after=None
[2025-07-21T08:31:44.277+0000] {processor.py:183} INFO - Processing /home/airflow/.local/lib/python3.8/site-packages/airflow/example_dags/tutorial_dag.py took 0.450 seconds
[2025-07-21T08:32:18.817+0000] {processor.py:161} INFO - Started process (PID=1631) to work on /home/airflow/.local/lib/python3.8/site-packages/airflow/example_dags/tutorial_dag.py
[2025-07-21T08:32:18.820+0000] {processor.py:830} INFO - Processing file /home/airflow/.local/lib/python3.8/site-packages/airflow/example_dags/tutorial_dag.py for tasks to queue
[2025-07-21T08:32:18.826+0000] {logging_mixin.py:188} INFO - [2025-07-21T08:32:18.825+0000] {dagbag.py:538} INFO - Filling up the DagBag from /home/airflow/.local/lib/python3.8/site-packages/airflow/example_dags/tutorial_dag.py
[2025-07-21T08:32:18.836+0000] {processor.py:840} INFO - DAG(s) 'tutorial_dag' retrieved from /home/airflow/.local/lib/python3.8/site-packages/airflow/example_dags/tutorial_dag.py
[2025-07-21T08:32:18.952+0000] {logging_mixin.py:188} INFO - [2025-07-21T08:32:18.939+0000] {dag.py:3036} INFO - Sync 1 DAGs
[2025-07-21T08:32:19.021+0000] {logging_mixin.py:188} INFO - [2025-07-21T08:32:19.021+0000] {dag.py:3823} INFO - Setting next_dagrun for tutorial_dag to None, run_after=None
[2025-07-21T08:32:19.097+0000] {processor.py:183} INFO - Processing /home/airflow/.local/lib/python3.8/site-packages/airflow/example_dags/tutorial_dag.py took 0.295 seconds
[2025-07-21T08:32:53.754+0000] {processor.py:161} INFO - Started process (PID=1682) to work on /home/airflow/.local/lib/python3.8/site-packages/airflow/example_dags/tutorial_dag.py
[2025-07-21T08:32:53.757+0000] {processor.py:830} INFO - Processing file /home/airflow/.local/lib/python3.8/site-packages/airflow/example_dags/tutorial_dag.py for tasks to queue
[2025-07-21T08:32:53.772+0000] {logging_mixin.py:188} INFO - [2025-07-21T08:32:53.771+0000] {dagbag.py:538} INFO - Filling up the DagBag from /home/airflow/.local/lib/python3.8/site-packages/airflow/example_dags/tutorial_dag.py
[2025-07-21T08:32:53.782+0000] {processor.py:840} INFO - DAG(s) 'tutorial_dag' retrieved from /home/airflow/.local/lib/python3.8/site-packages/airflow/example_dags/tutorial_dag.py
[2025-07-21T08:32:53.858+0000] {logging_mixin.py:188} INFO - [2025-07-21T08:32:53.857+0000] {dag.py:3036} INFO - Sync 1 DAGs
[2025-07-21T08:32:53.897+0000] {logging_mixin.py:188} INFO - [2025-07-21T08:32:53.897+0000] {dag.py:3823} INFO - Setting next_dagrun for tutorial_dag to None, run_after=None
[2025-07-21T08:32:53.974+0000] {processor.py:183} INFO - Processing /home/airflow/.local/lib/python3.8/site-packages/airflow/example_dags/tutorial_dag.py took 0.235 seconds
[2025-07-21T08:33:24.693+0000] {processor.py:161} INFO - Started process (PID=1736) to work on /home/airflow/.local/lib/python3.8/site-packages/airflow/example_dags/tutorial_dag.py
[2025-07-21T08:33:24.706+0000] {processor.py:830} INFO - Processing file /home/airflow/.local/lib/python3.8/site-packages/airflow/example_dags/tutorial_dag.py for tasks to queue
[2025-07-21T08:33:24.710+0000] {logging_mixin.py:188} INFO - [2025-07-21T08:33:24.710+0000] {dagbag.py:538} INFO - Filling up the DagBag from /home/airflow/.local/lib/python3.8/site-packages/airflow/example_dags/tutorial_dag.py
[2025-07-21T08:33:24.763+0000] {processor.py:840} INFO - DAG(s) 'tutorial_dag' retrieved from /home/airflow/.local/lib/python3.8/site-packages/airflow/example_dags/tutorial_dag.py
[2025-07-21T08:33:24.845+0000] {logging_mixin.py:188} INFO - [2025-07-21T08:33:24.845+0000] {dag.py:3036} INFO - Sync 1 DAGs
[2025-07-21T08:33:24.884+0000] {logging_mixin.py:188} INFO - [2025-07-21T08:33:24.884+0000] {dag.py:3823} INFO - Setting next_dagrun for tutorial_dag to None, run_after=None
[2025-07-21T08:33:25.234+0000] {processor.py:183} INFO - Processing /home/airflow/.local/lib/python3.8/site-packages/airflow/example_dags/tutorial_dag.py took 0.551 seconds
[2025-07-21T08:33:56.375+0000] {processor.py:161} INFO - Started process (PID=1791) to work on /home/airflow/.local/lib/python3.8/site-packages/airflow/example_dags/tutorial_dag.py
[2025-07-21T08:33:56.389+0000] {processor.py:830} INFO - Processing file /home/airflow/.local/lib/python3.8/site-packages/airflow/example_dags/tutorial_dag.py for tasks to queue
[2025-07-21T08:33:56.395+0000] {logging_mixin.py:188} INFO - [2025-07-21T08:33:56.395+0000] {dagbag.py:538} INFO - Filling up the DagBag from /home/airflow/.local/lib/python3.8/site-packages/airflow/example_dags/tutorial_dag.py
[2025-07-21T08:33:56.447+0000] {processor.py:840} INFO - DAG(s) 'tutorial_dag' retrieved from /home/airflow/.local/lib/python3.8/site-packages/airflow/example_dags/tutorial_dag.py
[2025-07-21T08:33:56.526+0000] {logging_mixin.py:188} INFO - [2025-07-21T08:33:56.526+0000] {dag.py:3036} INFO - Sync 1 DAGs
[2025-07-21T08:33:56.581+0000] {logging_mixin.py:188} INFO - [2025-07-21T08:33:56.581+0000] {dag.py:3823} INFO - Setting next_dagrun for tutorial_dag to None, run_after=None
[2025-07-21T08:33:56.682+0000] {processor.py:183} INFO - Processing /home/airflow/.local/lib/python3.8/site-packages/airflow/example_dags/tutorial_dag.py took 0.326 seconds
[2025-07-21T08:34:27.209+0000] {processor.py:161} INFO - Started process (PID=1846) to work on /home/airflow/.local/lib/python3.8/site-packages/airflow/example_dags/tutorial_dag.py
[2025-07-21T08:34:27.214+0000] {processor.py:830} INFO - Processing file /home/airflow/.local/lib/python3.8/site-packages/airflow/example_dags/tutorial_dag.py for tasks to queue
[2025-07-21T08:34:27.218+0000] {logging_mixin.py:188} INFO - [2025-07-21T08:34:27.218+0000] {dagbag.py:538} INFO - Filling up the DagBag from /home/airflow/.local/lib/python3.8/site-packages/airflow/example_dags/tutorial_dag.py
[2025-07-21T08:34:27.231+0000] {processor.py:840} INFO - DAG(s) 'tutorial_dag' retrieved from /home/airflow/.local/lib/python3.8/site-packages/airflow/example_dags/tutorial_dag.py
[2025-07-21T08:34:27.307+0000] {logging_mixin.py:188} INFO - [2025-07-21T08:34:27.306+0000] {dag.py:3036} INFO - Sync 1 DAGs
[2025-07-21T08:34:27.413+0000] {logging_mixin.py:188} INFO - [2025-07-21T08:34:27.413+0000] {dag.py:3823} INFO - Setting next_dagrun for tutorial_dag to None, run_after=None
[2025-07-21T08:34:27.607+0000] {processor.py:183} INFO - Processing /home/airflow/.local/lib/python3.8/site-packages/airflow/example_dags/tutorial_dag.py took 0.407 seconds
[2025-07-21T08:34:58.534+0000] {processor.py:161} INFO - Started process (PID=1907) to work on /home/airflow/.local/lib/python3.8/site-packages/airflow/example_dags/tutorial_dag.py
[2025-07-21T08:34:58.537+0000] {processor.py:830} INFO - Processing file /home/airflow/.local/lib/python3.8/site-packages/airflow/example_dags/tutorial_dag.py for tasks to queue
[2025-07-21T08:34:58.546+0000] {logging_mixin.py:188} INFO - [2025-07-21T08:34:58.545+0000] {dagbag.py:538} INFO - Filling up the DagBag from /home/airflow/.local/lib/python3.8/site-packages/airflow/example_dags/tutorial_dag.py
[2025-07-21T08:34:58.575+0000] {processor.py:840} INFO - DAG(s) 'tutorial_dag' retrieved from /home/airflow/.local/lib/python3.8/site-packages/airflow/example_dags/tutorial_dag.py
[2025-07-21T08:34:58.675+0000] {logging_mixin.py:188} INFO - [2025-07-21T08:34:58.674+0000] {dag.py:3036} INFO - Sync 1 DAGs
[2025-07-21T08:34:58.734+0000] {logging_mixin.py:188} INFO - [2025-07-21T08:34:58.733+0000] {dag.py:3823} INFO - Setting next_dagrun for tutorial_dag to None, run_after=None
[2025-07-21T08:34:58.789+0000] {processor.py:183} INFO - Processing /home/airflow/.local/lib/python3.8/site-packages/airflow/example_dags/tutorial_dag.py took 0.269 seconds
[2025-07-21T08:35:29.528+0000] {processor.py:161} INFO - Started process (PID=1962) to work on /home/airflow/.local/lib/python3.8/site-packages/airflow/example_dags/tutorial_dag.py
[2025-07-21T08:35:29.534+0000] {processor.py:830} INFO - Processing file /home/airflow/.local/lib/python3.8/site-packages/airflow/example_dags/tutorial_dag.py for tasks to queue
[2025-07-21T08:35:29.540+0000] {logging_mixin.py:188} INFO - [2025-07-21T08:35:29.540+0000] {dagbag.py:538} INFO - Filling up the DagBag from /home/airflow/.local/lib/python3.8/site-packages/airflow/example_dags/tutorial_dag.py
[2025-07-21T08:35:29.562+0000] {processor.py:840} INFO - DAG(s) 'tutorial_dag' retrieved from /home/airflow/.local/lib/python3.8/site-packages/airflow/example_dags/tutorial_dag.py
[2025-07-21T08:35:29.633+0000] {logging_mixin.py:188} INFO - [2025-07-21T08:35:29.632+0000] {dag.py:3036} INFO - Sync 1 DAGs
[2025-07-21T08:35:29.676+0000] {logging_mixin.py:188} INFO - [2025-07-21T08:35:29.674+0000] {dag.py:3823} INFO - Setting next_dagrun for tutorial_dag to None, run_after=None
[2025-07-21T08:35:29.730+0000] {processor.py:183} INFO - Processing /home/airflow/.local/lib/python3.8/site-packages/airflow/example_dags/tutorial_dag.py took 0.221 seconds
[2025-07-21T08:36:00.103+0000] {processor.py:161} INFO - Started process (PID=2017) to work on /home/airflow/.local/lib/python3.8/site-packages/airflow/example_dags/tutorial_dag.py
[2025-07-21T08:36:00.106+0000] {processor.py:830} INFO - Processing file /home/airflow/.local/lib/python3.8/site-packages/airflow/example_dags/tutorial_dag.py for tasks to queue
[2025-07-21T08:36:00.114+0000] {logging_mixin.py:188} INFO - [2025-07-21T08:36:00.113+0000] {dagbag.py:538} INFO - Filling up the DagBag from /home/airflow/.local/lib/python3.8/site-packages/airflow/example_dags/tutorial_dag.py
[2025-07-21T08:36:00.152+0000] {processor.py:840} INFO - DAG(s) 'tutorial_dag' retrieved from /home/airflow/.local/lib/python3.8/site-packages/airflow/example_dags/tutorial_dag.py
[2025-07-21T08:36:00.225+0000] {logging_mixin.py:188} INFO - [2025-07-21T08:36:00.225+0000] {dag.py:3036} INFO - Sync 1 DAGs
[2025-07-21T08:36:00.250+0000] {logging_mixin.py:188} INFO - [2025-07-21T08:36:00.249+0000] {dag.py:3823} INFO - Setting next_dagrun for tutorial_dag to None, run_after=None
[2025-07-21T08:36:00.333+0000] {processor.py:183} INFO - Processing /home/airflow/.local/lib/python3.8/site-packages/airflow/example_dags/tutorial_dag.py took 0.245 seconds
[2025-07-21T08:36:30.590+0000] {processor.py:161} INFO - Started process (PID=2068) to work on /home/airflow/.local/lib/python3.8/site-packages/airflow/example_dags/tutorial_dag.py
[2025-07-21T08:36:30.613+0000] {processor.py:830} INFO - Processing file /home/airflow/.local/lib/python3.8/site-packages/airflow/example_dags/tutorial_dag.py for tasks to queue
[2025-07-21T08:36:30.620+0000] {logging_mixin.py:188} INFO - [2025-07-21T08:36:30.620+0000] {dagbag.py:538} INFO - Filling up the DagBag from /home/airflow/.local/lib/python3.8/site-packages/airflow/example_dags/tutorial_dag.py
[2025-07-21T08:36:30.661+0000] {processor.py:840} INFO - DAG(s) 'tutorial_dag' retrieved from /home/airflow/.local/lib/python3.8/site-packages/airflow/example_dags/tutorial_dag.py
[2025-07-21T08:36:30.813+0000] {logging_mixin.py:188} INFO - [2025-07-21T08:36:30.813+0000] {dag.py:3036} INFO - Sync 1 DAGs
[2025-07-21T08:36:30.902+0000] {logging_mixin.py:188} INFO - [2025-07-21T08:36:30.892+0000] {dag.py:3823} INFO - Setting next_dagrun for tutorial_dag to None, run_after=None
[2025-07-21T08:36:31.032+0000] {processor.py:183} INFO - Processing /home/airflow/.local/lib/python3.8/site-packages/airflow/example_dags/tutorial_dag.py took 0.451 seconds
[2025-07-21T08:37:01.393+0000] {processor.py:161} INFO - Started process (PID=2122) to work on /home/airflow/.local/lib/python3.8/site-packages/airflow/example_dags/tutorial_dag.py
[2025-07-21T08:37:01.396+0000] {processor.py:830} INFO - Processing file /home/airflow/.local/lib/python3.8/site-packages/airflow/example_dags/tutorial_dag.py for tasks to queue
[2025-07-21T08:37:01.401+0000] {logging_mixin.py:188} INFO - [2025-07-21T08:37:01.401+0000] {dagbag.py:538} INFO - Filling up the DagBag from /home/airflow/.local/lib/python3.8/site-packages/airflow/example_dags/tutorial_dag.py
[2025-07-21T08:37:01.426+0000] {processor.py:840} INFO - DAG(s) 'tutorial_dag' retrieved from /home/airflow/.local/lib/python3.8/site-packages/airflow/example_dags/tutorial_dag.py
[2025-07-21T08:37:01.542+0000] {logging_mixin.py:188} INFO - [2025-07-21T08:37:01.542+0000] {dag.py:3036} INFO - Sync 1 DAGs
[2025-07-21T08:37:01.613+0000] {logging_mixin.py:188} INFO - [2025-07-21T08:37:01.610+0000] {dag.py:3823} INFO - Setting next_dagrun for tutorial_dag to None, run_after=None
[2025-07-21T08:37:01.701+0000] {processor.py:183} INFO - Processing /home/airflow/.local/lib/python3.8/site-packages/airflow/example_dags/tutorial_dag.py took 0.319 seconds
[2025-07-21T08:37:32.449+0000] {processor.py:161} INFO - Started process (PID=2177) to work on /home/airflow/.local/lib/python3.8/site-packages/airflow/example_dags/tutorial_dag.py
[2025-07-21T08:37:32.452+0000] {processor.py:830} INFO - Processing file /home/airflow/.local/lib/python3.8/site-packages/airflow/example_dags/tutorial_dag.py for tasks to queue
[2025-07-21T08:37:32.469+0000] {logging_mixin.py:188} INFO - [2025-07-21T08:37:32.462+0000] {dagbag.py:538} INFO - Filling up the DagBag from /home/airflow/.local/lib/python3.8/site-packages/airflow/example_dags/tutorial_dag.py
[2025-07-21T08:37:32.493+0000] {processor.py:840} INFO - DAG(s) 'tutorial_dag' retrieved from /home/airflow/.local/lib/python3.8/site-packages/airflow/example_dags/tutorial_dag.py
[2025-07-21T08:37:32.612+0000] {logging_mixin.py:188} INFO - [2025-07-21T08:37:32.611+0000] {dag.py:3036} INFO - Sync 1 DAGs
[2025-07-21T08:37:32.697+0000] {logging_mixin.py:188} INFO - [2025-07-21T08:37:32.696+0000] {dag.py:3823} INFO - Setting next_dagrun for tutorial_dag to None, run_after=None
[2025-07-21T08:37:32.876+0000] {processor.py:183} INFO - Processing /home/airflow/.local/lib/python3.8/site-packages/airflow/example_dags/tutorial_dag.py took 0.457 seconds
[2025-07-21T08:38:03.115+0000] {processor.py:161} INFO - Started process (PID=2231) to work on /home/airflow/.local/lib/python3.8/site-packages/airflow/example_dags/tutorial_dag.py
[2025-07-21T08:38:03.122+0000] {processor.py:830} INFO - Processing file /home/airflow/.local/lib/python3.8/site-packages/airflow/example_dags/tutorial_dag.py for tasks to queue
[2025-07-21T08:38:03.128+0000] {logging_mixin.py:188} INFO - [2025-07-21T08:38:03.127+0000] {dagbag.py:538} INFO - Filling up the DagBag from /home/airflow/.local/lib/python3.8/site-packages/airflow/example_dags/tutorial_dag.py
[2025-07-21T08:38:03.162+0000] {processor.py:840} INFO - DAG(s) 'tutorial_dag' retrieved from /home/airflow/.local/lib/python3.8/site-packages/airflow/example_dags/tutorial_dag.py
[2025-07-21T08:38:03.331+0000] {logging_mixin.py:188} INFO - [2025-07-21T08:38:03.330+0000] {dag.py:3036} INFO - Sync 1 DAGs
[2025-07-21T08:38:03.488+0000] {logging_mixin.py:188} INFO - [2025-07-21T08:38:03.473+0000] {dag.py:3823} INFO - Setting next_dagrun for tutorial_dag to None, run_after=None
[2025-07-21T08:38:03.668+0000] {processor.py:183} INFO - Processing /home/airflow/.local/lib/python3.8/site-packages/airflow/example_dags/tutorial_dag.py took 0.581 seconds
[2025-07-21T08:38:34.388+0000] {processor.py:161} INFO - Started process (PID=2286) to work on /home/airflow/.local/lib/python3.8/site-packages/airflow/example_dags/tutorial_dag.py
[2025-07-21T08:38:34.398+0000] {processor.py:830} INFO - Processing file /home/airflow/.local/lib/python3.8/site-packages/airflow/example_dags/tutorial_dag.py for tasks to queue
[2025-07-21T08:38:34.402+0000] {logging_mixin.py:188} INFO - [2025-07-21T08:38:34.401+0000] {dagbag.py:538} INFO - Filling up the DagBag from /home/airflow/.local/lib/python3.8/site-packages/airflow/example_dags/tutorial_dag.py
[2025-07-21T08:38:34.414+0000] {processor.py:840} INFO - DAG(s) 'tutorial_dag' retrieved from /home/airflow/.local/lib/python3.8/site-packages/airflow/example_dags/tutorial_dag.py
[2025-07-21T08:38:34.453+0000] {logging_mixin.py:188} INFO - [2025-07-21T08:38:34.453+0000] {dag.py:3036} INFO - Sync 1 DAGs
[2025-07-21T08:38:34.477+0000] {logging_mixin.py:188} INFO - [2025-07-21T08:38:34.477+0000] {dag.py:3823} INFO - Setting next_dagrun for tutorial_dag to None, run_after=None
[2025-07-21T08:38:34.521+0000] {processor.py:183} INFO - Processing /home/airflow/.local/lib/python3.8/site-packages/airflow/example_dags/tutorial_dag.py took 0.158 seconds
[2025-07-21T08:39:04.728+0000] {processor.py:161} INFO - Started process (PID=2337) to work on /home/airflow/.local/lib/python3.8/site-packages/airflow/example_dags/tutorial_dag.py
[2025-07-21T08:39:04.734+0000] {processor.py:830} INFO - Processing file /home/airflow/.local/lib/python3.8/site-packages/airflow/example_dags/tutorial_dag.py for tasks to queue
[2025-07-21T08:39:04.754+0000] {logging_mixin.py:188} INFO - [2025-07-21T08:39:04.753+0000] {dagbag.py:538} INFO - Filling up the DagBag from /home/airflow/.local/lib/python3.8/site-packages/airflow/example_dags/tutorial_dag.py
[2025-07-21T08:39:04.823+0000] {processor.py:840} INFO - DAG(s) 'tutorial_dag' retrieved from /home/airflow/.local/lib/python3.8/site-packages/airflow/example_dags/tutorial_dag.py
[2025-07-21T08:39:05.007+0000] {logging_mixin.py:188} INFO - [2025-07-21T08:39:05.007+0000] {dag.py:3036} INFO - Sync 1 DAGs
[2025-07-21T08:39:05.109+0000] {logging_mixin.py:188} INFO - [2025-07-21T08:39:05.109+0000] {dag.py:3823} INFO - Setting next_dagrun for tutorial_dag to None, run_after=None
[2025-07-21T08:39:05.302+0000] {processor.py:183} INFO - Processing /home/airflow/.local/lib/python3.8/site-packages/airflow/example_dags/tutorial_dag.py took 0.593 seconds
[2025-07-21T08:39:35.429+0000] {processor.py:161} INFO - Started process (PID=2392) to work on /home/airflow/.local/lib/python3.8/site-packages/airflow/example_dags/tutorial_dag.py
[2025-07-21T08:39:35.451+0000] {processor.py:830} INFO - Processing file /home/airflow/.local/lib/python3.8/site-packages/airflow/example_dags/tutorial_dag.py for tasks to queue
[2025-07-21T08:39:35.476+0000] {logging_mixin.py:188} INFO - [2025-07-21T08:39:35.475+0000] {dagbag.py:538} INFO - Filling up the DagBag from /home/airflow/.local/lib/python3.8/site-packages/airflow/example_dags/tutorial_dag.py
[2025-07-21T08:39:35.506+0000] {processor.py:840} INFO - DAG(s) 'tutorial_dag' retrieved from /home/airflow/.local/lib/python3.8/site-packages/airflow/example_dags/tutorial_dag.py
[2025-07-21T08:39:35.576+0000] {logging_mixin.py:188} INFO - [2025-07-21T08:39:35.575+0000] {dag.py:3036} INFO - Sync 1 DAGs
[2025-07-21T08:39:35.613+0000] {logging_mixin.py:188} INFO - [2025-07-21T08:39:35.612+0000] {dag.py:3823} INFO - Setting next_dagrun for tutorial_dag to None, run_after=None
[2025-07-21T08:39:35.678+0000] {processor.py:183} INFO - Processing /home/airflow/.local/lib/python3.8/site-packages/airflow/example_dags/tutorial_dag.py took 0.282 seconds
[2025-07-21T08:40:06.099+0000] {processor.py:161} INFO - Started process (PID=2445) to work on /home/airflow/.local/lib/python3.8/site-packages/airflow/example_dags/tutorial_dag.py
[2025-07-21T08:40:06.103+0000] {processor.py:830} INFO - Processing file /home/airflow/.local/lib/python3.8/site-packages/airflow/example_dags/tutorial_dag.py for tasks to queue
[2025-07-21T08:40:06.109+0000] {logging_mixin.py:188} INFO - [2025-07-21T08:40:06.108+0000] {dagbag.py:538} INFO - Filling up the DagBag from /home/airflow/.local/lib/python3.8/site-packages/airflow/example_dags/tutorial_dag.py
[2025-07-21T08:40:06.127+0000] {processor.py:840} INFO - DAG(s) 'tutorial_dag' retrieved from /home/airflow/.local/lib/python3.8/site-packages/airflow/example_dags/tutorial_dag.py
[2025-07-21T08:40:06.181+0000] {logging_mixin.py:188} INFO - [2025-07-21T08:40:06.180+0000] {dag.py:3036} INFO - Sync 1 DAGs
[2025-07-21T08:40:06.216+0000] {logging_mixin.py:188} INFO - [2025-07-21T08:40:06.215+0000] {dag.py:3823} INFO - Setting next_dagrun for tutorial_dag to None, run_after=None
[2025-07-21T08:40:06.262+0000] {processor.py:183} INFO - Processing /home/airflow/.local/lib/python3.8/site-packages/airflow/example_dags/tutorial_dag.py took 0.178 seconds
[2025-07-21T08:40:36.820+0000] {processor.py:161} INFO - Started process (PID=2500) to work on /home/airflow/.local/lib/python3.8/site-packages/airflow/example_dags/tutorial_dag.py
[2025-07-21T08:40:36.825+0000] {processor.py:830} INFO - Processing file /home/airflow/.local/lib/python3.8/site-packages/airflow/example_dags/tutorial_dag.py for tasks to queue
[2025-07-21T08:40:36.833+0000] {logging_mixin.py:188} INFO - [2025-07-21T08:40:36.832+0000] {dagbag.py:538} INFO - Filling up the DagBag from /home/airflow/.local/lib/python3.8/site-packages/airflow/example_dags/tutorial_dag.py
[2025-07-21T08:40:36.852+0000] {processor.py:840} INFO - DAG(s) 'tutorial_dag' retrieved from /home/airflow/.local/lib/python3.8/site-packages/airflow/example_dags/tutorial_dag.py
[2025-07-21T08:40:37.319+0000] {logging_mixin.py:188} INFO - [2025-07-21T08:40:37.318+0000] {dag.py:3036} INFO - Sync 1 DAGs
[2025-07-21T08:40:37.385+0000] {logging_mixin.py:188} INFO - [2025-07-21T08:40:37.385+0000] {dag.py:3823} INFO - Setting next_dagrun for tutorial_dag to None, run_after=None
[2025-07-21T08:40:37.634+0000] {processor.py:183} INFO - Processing /home/airflow/.local/lib/python3.8/site-packages/airflow/example_dags/tutorial_dag.py took 0.829 seconds
[2025-07-21T08:41:08.050+0000] {processor.py:161} INFO - Started process (PID=2554) to work on /home/airflow/.local/lib/python3.8/site-packages/airflow/example_dags/tutorial_dag.py
[2025-07-21T08:41:08.053+0000] {processor.py:830} INFO - Processing file /home/airflow/.local/lib/python3.8/site-packages/airflow/example_dags/tutorial_dag.py for tasks to queue
[2025-07-21T08:41:08.060+0000] {logging_mixin.py:188} INFO - [2025-07-21T08:41:08.060+0000] {dagbag.py:538} INFO - Filling up the DagBag from /home/airflow/.local/lib/python3.8/site-packages/airflow/example_dags/tutorial_dag.py
[2025-07-21T08:41:08.101+0000] {processor.py:840} INFO - DAG(s) 'tutorial_dag' retrieved from /home/airflow/.local/lib/python3.8/site-packages/airflow/example_dags/tutorial_dag.py
[2025-07-21T08:41:08.215+0000] {logging_mixin.py:188} INFO - [2025-07-21T08:41:08.215+0000] {dag.py:3036} INFO - Sync 1 DAGs
[2025-07-21T08:41:08.533+0000] {logging_mixin.py:188} INFO - [2025-07-21T08:41:08.533+0000] {dag.py:3823} INFO - Setting next_dagrun for tutorial_dag to None, run_after=None
[2025-07-21T08:41:08.589+0000] {processor.py:183} INFO - Processing /home/airflow/.local/lib/python3.8/site-packages/airflow/example_dags/tutorial_dag.py took 0.560 seconds
[2025-07-21T08:41:38.723+0000] {processor.py:161} INFO - Started process (PID=2608) to work on /home/airflow/.local/lib/python3.8/site-packages/airflow/example_dags/tutorial_dag.py
[2025-07-21T08:41:38.725+0000] {processor.py:830} INFO - Processing file /home/airflow/.local/lib/python3.8/site-packages/airflow/example_dags/tutorial_dag.py for tasks to queue
[2025-07-21T08:41:38.737+0000] {logging_mixin.py:188} INFO - [2025-07-21T08:41:38.734+0000] {dagbag.py:538} INFO - Filling up the DagBag from /home/airflow/.local/lib/python3.8/site-packages/airflow/example_dags/tutorial_dag.py
[2025-07-21T08:41:38.776+0000] {processor.py:840} INFO - DAG(s) 'tutorial_dag' retrieved from /home/airflow/.local/lib/python3.8/site-packages/airflow/example_dags/tutorial_dag.py
[2025-07-21T08:41:38.906+0000] {logging_mixin.py:188} INFO - [2025-07-21T08:41:38.906+0000] {dag.py:3036} INFO - Sync 1 DAGs
[2025-07-21T08:41:38.973+0000] {logging_mixin.py:188} INFO - [2025-07-21T08:41:38.963+0000] {dag.py:3823} INFO - Setting next_dagrun for tutorial_dag to None, run_after=None
[2025-07-21T08:41:39.065+0000] {processor.py:183} INFO - Processing /home/airflow/.local/lib/python3.8/site-packages/airflow/example_dags/tutorial_dag.py took 0.365 seconds
[2025-07-21T08:42:09.577+0000] {processor.py:161} INFO - Started process (PID=2663) to work on /home/airflow/.local/lib/python3.8/site-packages/airflow/example_dags/tutorial_dag.py
[2025-07-21T08:42:09.581+0000] {processor.py:830} INFO - Processing file /home/airflow/.local/lib/python3.8/site-packages/airflow/example_dags/tutorial_dag.py for tasks to queue
[2025-07-21T08:42:09.588+0000] {logging_mixin.py:188} INFO - [2025-07-21T08:42:09.588+0000] {dagbag.py:538} INFO - Filling up the DagBag from /home/airflow/.local/lib/python3.8/site-packages/airflow/example_dags/tutorial_dag.py
[2025-07-21T08:42:09.610+0000] {processor.py:840} INFO - DAG(s) 'tutorial_dag' retrieved from /home/airflow/.local/lib/python3.8/site-packages/airflow/example_dags/tutorial_dag.py
[2025-07-21T08:42:09.762+0000] {logging_mixin.py:188} INFO - [2025-07-21T08:42:09.761+0000] {dag.py:3036} INFO - Sync 1 DAGs
[2025-07-21T08:42:09.893+0000] {logging_mixin.py:188} INFO - [2025-07-21T08:42:09.892+0000] {dag.py:3823} INFO - Setting next_dagrun for tutorial_dag to None, run_after=None
[2025-07-21T08:42:09.980+0000] {processor.py:183} INFO - Processing /home/airflow/.local/lib/python3.8/site-packages/airflow/example_dags/tutorial_dag.py took 0.416 seconds
[2025-07-21T08:42:40.691+0000] {processor.py:161} INFO - Started process (PID=2718) to work on /home/airflow/.local/lib/python3.8/site-packages/airflow/example_dags/tutorial_dag.py
[2025-07-21T08:42:40.705+0000] {processor.py:830} INFO - Processing file /home/airflow/.local/lib/python3.8/site-packages/airflow/example_dags/tutorial_dag.py for tasks to queue
[2025-07-21T08:42:40.726+0000] {logging_mixin.py:188} INFO - [2025-07-21T08:42:40.725+0000] {dagbag.py:538} INFO - Filling up the DagBag from /home/airflow/.local/lib/python3.8/site-packages/airflow/example_dags/tutorial_dag.py
[2025-07-21T08:42:40.746+0000] {processor.py:840} INFO - DAG(s) 'tutorial_dag' retrieved from /home/airflow/.local/lib/python3.8/site-packages/airflow/example_dags/tutorial_dag.py
[2025-07-21T08:42:40.913+0000] {logging_mixin.py:188} INFO - [2025-07-21T08:42:40.912+0000] {dag.py:3036} INFO - Sync 1 DAGs
[2025-07-21T08:42:40.987+0000] {logging_mixin.py:188} INFO - [2025-07-21T08:42:40.986+0000] {dag.py:3823} INFO - Setting next_dagrun for tutorial_dag to None, run_after=None
[2025-07-21T08:42:41.034+0000] {processor.py:183} INFO - Processing /home/airflow/.local/lib/python3.8/site-packages/airflow/example_dags/tutorial_dag.py took 0.361 seconds
[2025-07-21T08:43:11.170+0000] {processor.py:161} INFO - Started process (PID=2773) to work on /home/airflow/.local/lib/python3.8/site-packages/airflow/example_dags/tutorial_dag.py
[2025-07-21T08:43:11.173+0000] {processor.py:830} INFO - Processing file /home/airflow/.local/lib/python3.8/site-packages/airflow/example_dags/tutorial_dag.py for tasks to queue
[2025-07-21T08:43:11.179+0000] {logging_mixin.py:188} INFO - [2025-07-21T08:43:11.178+0000] {dagbag.py:538} INFO - Filling up the DagBag from /home/airflow/.local/lib/python3.8/site-packages/airflow/example_dags/tutorial_dag.py
[2025-07-21T08:43:11.194+0000] {processor.py:840} INFO - DAG(s) 'tutorial_dag' retrieved from /home/airflow/.local/lib/python3.8/site-packages/airflow/example_dags/tutorial_dag.py
[2025-07-21T08:43:11.251+0000] {logging_mixin.py:188} INFO - [2025-07-21T08:43:11.250+0000] {dag.py:3036} INFO - Sync 1 DAGs
[2025-07-21T08:43:11.283+0000] {logging_mixin.py:188} INFO - [2025-07-21T08:43:11.282+0000] {dag.py:3823} INFO - Setting next_dagrun for tutorial_dag to None, run_after=None
[2025-07-21T08:43:11.330+0000] {processor.py:183} INFO - Processing /home/airflow/.local/lib/python3.8/site-packages/airflow/example_dags/tutorial_dag.py took 0.184 seconds
[2025-07-21T08:43:42.103+0000] {processor.py:161} INFO - Started process (PID=2826) to work on /home/airflow/.local/lib/python3.8/site-packages/airflow/example_dags/tutorial_dag.py
[2025-07-21T08:43:42.106+0000] {processor.py:830} INFO - Processing file /home/airflow/.local/lib/python3.8/site-packages/airflow/example_dags/tutorial_dag.py for tasks to queue
[2025-07-21T08:43:42.112+0000] {logging_mixin.py:188} INFO - [2025-07-21T08:43:42.111+0000] {dagbag.py:538} INFO - Filling up the DagBag from /home/airflow/.local/lib/python3.8/site-packages/airflow/example_dags/tutorial_dag.py
[2025-07-21T08:43:42.128+0000] {processor.py:840} INFO - DAG(s) 'tutorial_dag' retrieved from /home/airflow/.local/lib/python3.8/site-packages/airflow/example_dags/tutorial_dag.py
[2025-07-21T08:43:42.257+0000] {logging_mixin.py:188} INFO - [2025-07-21T08:43:42.256+0000] {dag.py:3036} INFO - Sync 1 DAGs
[2025-07-21T08:43:42.329+0000] {logging_mixin.py:188} INFO - [2025-07-21T08:43:42.328+0000] {dag.py:3823} INFO - Setting next_dagrun for tutorial_dag to None, run_after=None
[2025-07-21T08:43:42.373+0000] {processor.py:183} INFO - Processing /home/airflow/.local/lib/python3.8/site-packages/airflow/example_dags/tutorial_dag.py took 0.281 seconds
