[2025-07-21T08:14:43.669+0000] {processor.py:161} INFO - Started process (PID=86) to work on /home/airflow/.local/lib/python3.8/site-packages/airflow/example_dags/tutorial_taskflow_api.py
[2025-07-21T08:14:43.676+0000] {processor.py:830} INFO - Processing file /home/airflow/.local/lib/python3.8/site-packages/airflow/example_dags/tutorial_taskflow_api.py for tasks to queue
[2025-07-21T08:14:43.689+0000] {logging_mixin.py:188} INFO - [2025-07-21T08:14:43.689+0000] {dagbag.py:538} INFO - Filling up the DagBag from /home/airflow/.local/lib/python3.8/site-packages/airflow/example_dags/tutorial_taskflow_api.py
[2025-07-21T08:14:44.024+0000] {processor.py:840} INFO - DAG(s) 'tutorial_taskflow_api' retrieved from /home/airflow/.local/lib/python3.8/site-packages/airflow/example_dags/tutorial_taskflow_api.py
[2025-07-21T08:14:44.206+0000] {logging_mixin.py:188} INFO - [2025-07-21T08:14:44.206+0000] {dag.py:3036} INFO - Sync 1 DAGs
[2025-07-21T08:14:44.277+0000] {logging_mixin.py:188} INFO - [2025-07-21T08:14:44.277+0000] {dag.py:3823} INFO - Setting next_dagrun for tutorial_taskflow_api to None, run_after=None
[2025-07-21T08:14:44.406+0000] {processor.py:183} INFO - Processing /home/airflow/.local/lib/python3.8/site-packages/airflow/example_dags/tutorial_taskflow_api.py took 0.775 seconds
[2025-07-21T08:15:19.676+0000] {processor.py:161} INFO - Started process (PID=142) to work on /home/airflow/.local/lib/python3.8/site-packages/airflow/example_dags/tutorial_taskflow_api.py
[2025-07-21T08:15:19.701+0000] {processor.py:830} INFO - Processing file /home/airflow/.local/lib/python3.8/site-packages/airflow/example_dags/tutorial_taskflow_api.py for tasks to queue
[2025-07-21T08:15:19.770+0000] {logging_mixin.py:188} INFO - [2025-07-21T08:15:19.770+0000] {dagbag.py:538} INFO - Filling up the DagBag from /home/airflow/.local/lib/python3.8/site-packages/airflow/example_dags/tutorial_taskflow_api.py
[2025-07-21T08:15:19.817+0000] {processor.py:840} INFO - DAG(s) 'tutorial_taskflow_api' retrieved from /home/airflow/.local/lib/python3.8/site-packages/airflow/example_dags/tutorial_taskflow_api.py
[2025-07-21T08:15:19.940+0000] {logging_mixin.py:188} INFO - [2025-07-21T08:15:19.939+0000] {dag.py:3036} INFO - Sync 1 DAGs
[2025-07-21T08:15:19.988+0000] {logging_mixin.py:188} INFO - [2025-07-21T08:15:19.987+0000] {dag.py:3823} INFO - Setting next_dagrun for tutorial_taskflow_api to None, run_after=None
[2025-07-21T08:15:20.135+0000] {processor.py:183} INFO - Processing /home/airflow/.local/lib/python3.8/site-packages/airflow/example_dags/tutorial_taskflow_api.py took 0.466 seconds
[2025-07-21T08:15:58.513+0000] {processor.py:161} INFO - Started process (PID=197) to work on /home/airflow/.local/lib/python3.8/site-packages/airflow/example_dags/tutorial_taskflow_api.py
[2025-07-21T08:15:58.550+0000] {processor.py:830} INFO - Processing file /home/airflow/.local/lib/python3.8/site-packages/airflow/example_dags/tutorial_taskflow_api.py for tasks to queue
[2025-07-21T08:15:58.568+0000] {logging_mixin.py:188} INFO - [2025-07-21T08:15:58.567+0000] {dagbag.py:538} INFO - Filling up the DagBag from /home/airflow/.local/lib/python3.8/site-packages/airflow/example_dags/tutorial_taskflow_api.py
[2025-07-21T08:15:58.666+0000] {processor.py:840} INFO - DAG(s) 'tutorial_taskflow_api' retrieved from /home/airflow/.local/lib/python3.8/site-packages/airflow/example_dags/tutorial_taskflow_api.py
[2025-07-21T08:15:58.982+0000] {logging_mixin.py:188} INFO - [2025-07-21T08:15:58.969+0000] {dag.py:3036} INFO - Sync 1 DAGs
[2025-07-21T08:15:59.343+0000] {logging_mixin.py:188} INFO - [2025-07-21T08:15:59.343+0000] {dag.py:3823} INFO - Setting next_dagrun for tutorial_taskflow_api to None, run_after=None
[2025-07-21T08:15:59.481+0000] {processor.py:183} INFO - Processing /home/airflow/.local/lib/python3.8/site-packages/airflow/example_dags/tutorial_taskflow_api.py took 1.067 seconds
[2025-07-21T08:16:36.392+0000] {processor.py:161} INFO - Started process (PID=252) to work on /home/airflow/.local/lib/python3.8/site-packages/airflow/example_dags/tutorial_taskflow_api.py
[2025-07-21T08:16:36.404+0000] {processor.py:830} INFO - Processing file /home/airflow/.local/lib/python3.8/site-packages/airflow/example_dags/tutorial_taskflow_api.py for tasks to queue
[2025-07-21T08:16:36.420+0000] {logging_mixin.py:188} INFO - [2025-07-21T08:16:36.419+0000] {dagbag.py:538} INFO - Filling up the DagBag from /home/airflow/.local/lib/python3.8/site-packages/airflow/example_dags/tutorial_taskflow_api.py
[2025-07-21T08:16:36.458+0000] {processor.py:840} INFO - DAG(s) 'tutorial_taskflow_api' retrieved from /home/airflow/.local/lib/python3.8/site-packages/airflow/example_dags/tutorial_taskflow_api.py
[2025-07-21T08:16:36.562+0000] {logging_mixin.py:188} INFO - [2025-07-21T08:16:36.562+0000] {dag.py:3036} INFO - Sync 1 DAGs
[2025-07-21T08:16:36.628+0000] {logging_mixin.py:188} INFO - [2025-07-21T08:16:36.628+0000] {dag.py:3823} INFO - Setting next_dagrun for tutorial_taskflow_api to None, run_after=None
[2025-07-21T08:16:36.687+0000] {processor.py:183} INFO - Processing /home/airflow/.local/lib/python3.8/site-packages/airflow/example_dags/tutorial_taskflow_api.py took 0.311 seconds
[2025-07-21T08:17:43.340+0000] {processor.py:161} INFO - Started process (PID=316) to work on /home/airflow/.local/lib/python3.8/site-packages/airflow/example_dags/tutorial_taskflow_api.py
[2025-07-21T08:17:43.354+0000] {processor.py:830} INFO - Processing file /home/airflow/.local/lib/python3.8/site-packages/airflow/example_dags/tutorial_taskflow_api.py for tasks to queue
[2025-07-21T08:17:43.366+0000] {logging_mixin.py:188} INFO - [2025-07-21T08:17:43.365+0000] {dagbag.py:538} INFO - Filling up the DagBag from /home/airflow/.local/lib/python3.8/site-packages/airflow/example_dags/tutorial_taskflow_api.py
[2025-07-21T08:17:43.423+0000] {processor.py:840} INFO - DAG(s) 'tutorial_taskflow_api' retrieved from /home/airflow/.local/lib/python3.8/site-packages/airflow/example_dags/tutorial_taskflow_api.py
[2025-07-21T08:17:43.608+0000] {logging_mixin.py:188} INFO - [2025-07-21T08:17:43.608+0000] {dag.py:3036} INFO - Sync 1 DAGs
[2025-07-21T08:17:43.933+0000] {logging_mixin.py:188} INFO - [2025-07-21T08:17:43.933+0000] {dag.py:3823} INFO - Setting next_dagrun for tutorial_taskflow_api to None, run_after=None
[2025-07-21T08:17:44.353+0000] {processor.py:183} INFO - Processing /home/airflow/.local/lib/python3.8/site-packages/airflow/example_dags/tutorial_taskflow_api.py took 1.022 seconds
[2025-07-21T08:19:05.428+0000] {processor.py:161} INFO - Started process (PID=387) to work on /home/airflow/.local/lib/python3.8/site-packages/airflow/example_dags/tutorial_taskflow_api.py
[2025-07-21T08:19:05.467+0000] {processor.py:830} INFO - Processing file /home/airflow/.local/lib/python3.8/site-packages/airflow/example_dags/tutorial_taskflow_api.py for tasks to queue
[2025-07-21T08:19:05.472+0000] {logging_mixin.py:188} INFO - [2025-07-21T08:19:05.471+0000] {dagbag.py:538} INFO - Filling up the DagBag from /home/airflow/.local/lib/python3.8/site-packages/airflow/example_dags/tutorial_taskflow_api.py
[2025-07-21T08:19:05.526+0000] {processor.py:840} INFO - DAG(s) 'tutorial_taskflow_api' retrieved from /home/airflow/.local/lib/python3.8/site-packages/airflow/example_dags/tutorial_taskflow_api.py
[2025-07-21T08:19:07.258+0000] {logging_mixin.py:188} INFO - [2025-07-21T08:19:07.257+0000] {dag.py:3036} INFO - Sync 1 DAGs
[2025-07-21T08:19:07.440+0000] {logging_mixin.py:188} INFO - [2025-07-21T08:19:07.439+0000] {dag.py:3823} INFO - Setting next_dagrun for tutorial_taskflow_api to None, run_after=None
[2025-07-21T08:19:07.746+0000] {processor.py:183} INFO - Processing /home/airflow/.local/lib/python3.8/site-packages/airflow/example_dags/tutorial_taskflow_api.py took 2.327 seconds
[2025-07-21T08:20:03.347+0000] {processor.py:161} INFO - Started process (PID=441) to work on /home/airflow/.local/lib/python3.8/site-packages/airflow/example_dags/tutorial_taskflow_api.py
[2025-07-21T08:20:03.403+0000] {processor.py:830} INFO - Processing file /home/airflow/.local/lib/python3.8/site-packages/airflow/example_dags/tutorial_taskflow_api.py for tasks to queue
[2025-07-21T08:20:03.416+0000] {logging_mixin.py:188} INFO - [2025-07-21T08:20:03.415+0000] {dagbag.py:538} INFO - Filling up the DagBag from /home/airflow/.local/lib/python3.8/site-packages/airflow/example_dags/tutorial_taskflow_api.py
[2025-07-21T08:20:03.450+0000] {processor.py:840} INFO - DAG(s) 'tutorial_taskflow_api' retrieved from /home/airflow/.local/lib/python3.8/site-packages/airflow/example_dags/tutorial_taskflow_api.py
[2025-07-21T08:20:03.641+0000] {logging_mixin.py:188} INFO - [2025-07-21T08:20:03.640+0000] {dag.py:3036} INFO - Sync 1 DAGs
[2025-07-21T08:20:03.746+0000] {logging_mixin.py:188} INFO - [2025-07-21T08:20:03.746+0000] {dag.py:3823} INFO - Setting next_dagrun for tutorial_taskflow_api to None, run_after=None
[2025-07-21T08:20:03.951+0000] {processor.py:183} INFO - Processing /home/airflow/.local/lib/python3.8/site-packages/airflow/example_dags/tutorial_taskflow_api.py took 0.655 seconds
[2025-07-21T08:20:58.067+0000] {processor.py:161} INFO - Started process (PID=502) to work on /home/airflow/.local/lib/python3.8/site-packages/airflow/example_dags/tutorial_taskflow_api.py
[2025-07-21T08:20:58.069+0000] {processor.py:830} INFO - Processing file /home/airflow/.local/lib/python3.8/site-packages/airflow/example_dags/tutorial_taskflow_api.py for tasks to queue
[2025-07-21T08:20:58.102+0000] {logging_mixin.py:188} INFO - [2025-07-21T08:20:58.101+0000] {dagbag.py:538} INFO - Filling up the DagBag from /home/airflow/.local/lib/python3.8/site-packages/airflow/example_dags/tutorial_taskflow_api.py
[2025-07-21T08:20:58.153+0000] {processor.py:840} INFO - DAG(s) 'tutorial_taskflow_api' retrieved from /home/airflow/.local/lib/python3.8/site-packages/airflow/example_dags/tutorial_taskflow_api.py
[2025-07-21T08:20:58.484+0000] {logging_mixin.py:188} INFO - [2025-07-21T08:20:58.484+0000] {dag.py:3036} INFO - Sync 1 DAGs
[2025-07-21T08:20:58.550+0000] {logging_mixin.py:188} INFO - [2025-07-21T08:20:58.549+0000] {dag.py:3823} INFO - Setting next_dagrun for tutorial_taskflow_api to None, run_after=None
[2025-07-21T08:20:58.683+0000] {processor.py:183} INFO - Processing /home/airflow/.local/lib/python3.8/site-packages/airflow/example_dags/tutorial_taskflow_api.py took 0.637 seconds
[2025-07-21T08:21:37.649+0000] {processor.py:161} INFO - Started process (PID=557) to work on /home/airflow/.local/lib/python3.8/site-packages/airflow/example_dags/tutorial_taskflow_api.py
[2025-07-21T08:21:37.667+0000] {processor.py:830} INFO - Processing file /home/airflow/.local/lib/python3.8/site-packages/airflow/example_dags/tutorial_taskflow_api.py for tasks to queue
[2025-07-21T08:21:37.689+0000] {logging_mixin.py:188} INFO - [2025-07-21T08:21:37.689+0000] {dagbag.py:538} INFO - Filling up the DagBag from /home/airflow/.local/lib/python3.8/site-packages/airflow/example_dags/tutorial_taskflow_api.py
[2025-07-21T08:21:37.714+0000] {processor.py:840} INFO - DAG(s) 'tutorial_taskflow_api' retrieved from /home/airflow/.local/lib/python3.8/site-packages/airflow/example_dags/tutorial_taskflow_api.py
[2025-07-21T08:21:37.849+0000] {logging_mixin.py:188} INFO - [2025-07-21T08:21:37.849+0000] {dag.py:3036} INFO - Sync 1 DAGs
[2025-07-21T08:21:38.016+0000] {logging_mixin.py:188} INFO - [2025-07-21T08:21:38.016+0000] {dag.py:3823} INFO - Setting next_dagrun for tutorial_taskflow_api to None, run_after=None
[2025-07-21T08:21:38.299+0000] {processor.py:183} INFO - Processing /home/airflow/.local/lib/python3.8/site-packages/airflow/example_dags/tutorial_taskflow_api.py took 0.658 seconds
[2025-07-21T08:22:19.479+0000] {processor.py:161} INFO - Started process (PID=609) to work on /home/airflow/.local/lib/python3.8/site-packages/airflow/example_dags/tutorial_taskflow_api.py
[2025-07-21T08:22:19.508+0000] {processor.py:830} INFO - Processing file /home/airflow/.local/lib/python3.8/site-packages/airflow/example_dags/tutorial_taskflow_api.py for tasks to queue
[2025-07-21T08:22:19.525+0000] {logging_mixin.py:188} INFO - [2025-07-21T08:22:19.525+0000] {dagbag.py:538} INFO - Filling up the DagBag from /home/airflow/.local/lib/python3.8/site-packages/airflow/example_dags/tutorial_taskflow_api.py
[2025-07-21T08:22:19.636+0000] {processor.py:840} INFO - DAG(s) 'tutorial_taskflow_api' retrieved from /home/airflow/.local/lib/python3.8/site-packages/airflow/example_dags/tutorial_taskflow_api.py
[2025-07-21T08:22:19.969+0000] {logging_mixin.py:188} INFO - [2025-07-21T08:22:19.968+0000] {dag.py:3036} INFO - Sync 1 DAGs
[2025-07-21T08:22:20.109+0000] {logging_mixin.py:188} INFO - [2025-07-21T08:22:20.109+0000] {dag.py:3823} INFO - Setting next_dagrun for tutorial_taskflow_api to None, run_after=None
[2025-07-21T08:22:20.251+0000] {processor.py:183} INFO - Processing /home/airflow/.local/lib/python3.8/site-packages/airflow/example_dags/tutorial_taskflow_api.py took 0.807 seconds
[2025-07-21T08:22:54.509+0000] {processor.py:161} INFO - Started process (PID=669) to work on /home/airflow/.local/lib/python3.8/site-packages/airflow/example_dags/tutorial_taskflow_api.py
[2025-07-21T08:22:54.712+0000] {processor.py:830} INFO - Processing file /home/airflow/.local/lib/python3.8/site-packages/airflow/example_dags/tutorial_taskflow_api.py for tasks to queue
[2025-07-21T08:22:54.749+0000] {logging_mixin.py:188} INFO - [2025-07-21T08:22:54.749+0000] {dagbag.py:538} INFO - Filling up the DagBag from /home/airflow/.local/lib/python3.8/site-packages/airflow/example_dags/tutorial_taskflow_api.py
[2025-07-21T08:22:54.857+0000] {processor.py:840} INFO - DAG(s) 'tutorial_taskflow_api' retrieved from /home/airflow/.local/lib/python3.8/site-packages/airflow/example_dags/tutorial_taskflow_api.py
[2025-07-21T08:22:55.030+0000] {logging_mixin.py:188} INFO - [2025-07-21T08:22:55.030+0000] {dag.py:3036} INFO - Sync 1 DAGs
[2025-07-21T08:22:55.122+0000] {logging_mixin.py:188} INFO - [2025-07-21T08:22:55.121+0000] {dag.py:3823} INFO - Setting next_dagrun for tutorial_taskflow_api to None, run_after=None
[2025-07-21T08:22:55.888+0000] {processor.py:183} INFO - Processing /home/airflow/.local/lib/python3.8/site-packages/airflow/example_dags/tutorial_taskflow_api.py took 1.414 seconds
[2025-07-21T08:23:26.955+0000] {processor.py:161} INFO - Started process (PID=725) to work on /home/airflow/.local/lib/python3.8/site-packages/airflow/example_dags/tutorial_taskflow_api.py
[2025-07-21T08:23:26.959+0000] {processor.py:830} INFO - Processing file /home/airflow/.local/lib/python3.8/site-packages/airflow/example_dags/tutorial_taskflow_api.py for tasks to queue
[2025-07-21T08:23:26.975+0000] {logging_mixin.py:188} INFO - [2025-07-21T08:23:26.974+0000] {dagbag.py:538} INFO - Filling up the DagBag from /home/airflow/.local/lib/python3.8/site-packages/airflow/example_dags/tutorial_taskflow_api.py
[2025-07-21T08:23:27.006+0000] {processor.py:840} INFO - DAG(s) 'tutorial_taskflow_api' retrieved from /home/airflow/.local/lib/python3.8/site-packages/airflow/example_dags/tutorial_taskflow_api.py
[2025-07-21T08:23:27.074+0000] {logging_mixin.py:188} INFO - [2025-07-21T08:23:27.074+0000] {dag.py:3036} INFO - Sync 1 DAGs
[2025-07-21T08:23:27.132+0000] {logging_mixin.py:188} INFO - [2025-07-21T08:23:27.131+0000] {dag.py:3823} INFO - Setting next_dagrun for tutorial_taskflow_api to None, run_after=None
[2025-07-21T08:23:27.311+0000] {processor.py:183} INFO - Processing /home/airflow/.local/lib/python3.8/site-packages/airflow/example_dags/tutorial_taskflow_api.py took 0.376 seconds
[2025-07-21T08:23:58.346+0000] {processor.py:161} INFO - Started process (PID=779) to work on /home/airflow/.local/lib/python3.8/site-packages/airflow/example_dags/tutorial_taskflow_api.py
[2025-07-21T08:23:58.348+0000] {processor.py:830} INFO - Processing file /home/airflow/.local/lib/python3.8/site-packages/airflow/example_dags/tutorial_taskflow_api.py for tasks to queue
[2025-07-21T08:23:58.353+0000] {logging_mixin.py:188} INFO - [2025-07-21T08:23:58.353+0000] {dagbag.py:538} INFO - Filling up the DagBag from /home/airflow/.local/lib/python3.8/site-packages/airflow/example_dags/tutorial_taskflow_api.py
[2025-07-21T08:23:58.370+0000] {processor.py:840} INFO - DAG(s) 'tutorial_taskflow_api' retrieved from /home/airflow/.local/lib/python3.8/site-packages/airflow/example_dags/tutorial_taskflow_api.py
[2025-07-21T08:23:58.416+0000] {logging_mixin.py:188} INFO - [2025-07-21T08:23:58.416+0000] {dag.py:3036} INFO - Sync 1 DAGs
[2025-07-21T08:23:58.472+0000] {logging_mixin.py:188} INFO - [2025-07-21T08:23:58.472+0000] {dag.py:3823} INFO - Setting next_dagrun for tutorial_taskflow_api to None, run_after=None
[2025-07-21T08:23:58.625+0000] {processor.py:183} INFO - Processing /home/airflow/.local/lib/python3.8/site-packages/airflow/example_dags/tutorial_taskflow_api.py took 0.287 seconds
[2025-07-21T08:24:39.032+0000] {processor.py:161} INFO - Started process (PID=834) to work on /home/airflow/.local/lib/python3.8/site-packages/airflow/example_dags/tutorial_taskflow_api.py
[2025-07-21T08:24:39.036+0000] {processor.py:830} INFO - Processing file /home/airflow/.local/lib/python3.8/site-packages/airflow/example_dags/tutorial_taskflow_api.py for tasks to queue
[2025-07-21T08:24:39.040+0000] {logging_mixin.py:188} INFO - [2025-07-21T08:24:39.040+0000] {dagbag.py:538} INFO - Filling up the DagBag from /home/airflow/.local/lib/python3.8/site-packages/airflow/example_dags/tutorial_taskflow_api.py
[2025-07-21T08:24:39.067+0000] {processor.py:840} INFO - DAG(s) 'tutorial_taskflow_api' retrieved from /home/airflow/.local/lib/python3.8/site-packages/airflow/example_dags/tutorial_taskflow_api.py
[2025-07-21T08:24:39.139+0000] {logging_mixin.py:188} INFO - [2025-07-21T08:24:39.139+0000] {dag.py:3036} INFO - Sync 1 DAGs
[2025-07-21T08:24:39.206+0000] {logging_mixin.py:188} INFO - [2025-07-21T08:24:39.206+0000] {dag.py:3823} INFO - Setting next_dagrun for tutorial_taskflow_api to None, run_after=None
[2025-07-21T08:24:39.358+0000] {processor.py:183} INFO - Processing /home/airflow/.local/lib/python3.8/site-packages/airflow/example_dags/tutorial_taskflow_api.py took 0.342 seconds
[2025-07-21T08:25:10.243+0000] {processor.py:161} INFO - Started process (PID=885) to work on /home/airflow/.local/lib/python3.8/site-packages/airflow/example_dags/tutorial_taskflow_api.py
[2025-07-21T08:25:10.256+0000] {processor.py:830} INFO - Processing file /home/airflow/.local/lib/python3.8/site-packages/airflow/example_dags/tutorial_taskflow_api.py for tasks to queue
[2025-07-21T08:25:10.267+0000] {logging_mixin.py:188} INFO - [2025-07-21T08:25:10.260+0000] {dagbag.py:538} INFO - Filling up the DagBag from /home/airflow/.local/lib/python3.8/site-packages/airflow/example_dags/tutorial_taskflow_api.py
[2025-07-21T08:25:10.293+0000] {processor.py:840} INFO - DAG(s) 'tutorial_taskflow_api' retrieved from /home/airflow/.local/lib/python3.8/site-packages/airflow/example_dags/tutorial_taskflow_api.py
[2025-07-21T08:25:10.359+0000] {logging_mixin.py:188} INFO - [2025-07-21T08:25:10.359+0000] {dag.py:3036} INFO - Sync 1 DAGs
[2025-07-21T08:25:10.422+0000] {logging_mixin.py:188} INFO - [2025-07-21T08:25:10.421+0000] {dag.py:3823} INFO - Setting next_dagrun for tutorial_taskflow_api to None, run_after=None
[2025-07-21T08:25:10.876+0000] {processor.py:183} INFO - Processing /home/airflow/.local/lib/python3.8/site-packages/airflow/example_dags/tutorial_taskflow_api.py took 0.648 seconds
[2025-07-21T08:25:41.517+0000] {processor.py:161} INFO - Started process (PID=940) to work on /home/airflow/.local/lib/python3.8/site-packages/airflow/example_dags/tutorial_taskflow_api.py
[2025-07-21T08:25:41.532+0000] {processor.py:830} INFO - Processing file /home/airflow/.local/lib/python3.8/site-packages/airflow/example_dags/tutorial_taskflow_api.py for tasks to queue
[2025-07-21T08:25:41.547+0000] {logging_mixin.py:188} INFO - [2025-07-21T08:25:41.537+0000] {dagbag.py:538} INFO - Filling up the DagBag from /home/airflow/.local/lib/python3.8/site-packages/airflow/example_dags/tutorial_taskflow_api.py
[2025-07-21T08:25:41.601+0000] {processor.py:840} INFO - DAG(s) 'tutorial_taskflow_api' retrieved from /home/airflow/.local/lib/python3.8/site-packages/airflow/example_dags/tutorial_taskflow_api.py
[2025-07-21T08:25:41.671+0000] {logging_mixin.py:188} INFO - [2025-07-21T08:25:41.670+0000] {dag.py:3036} INFO - Sync 1 DAGs
[2025-07-21T08:25:41.710+0000] {logging_mixin.py:188} INFO - [2025-07-21T08:25:41.709+0000] {dag.py:3823} INFO - Setting next_dagrun for tutorial_taskflow_api to None, run_after=None
[2025-07-21T08:25:41.896+0000] {processor.py:183} INFO - Processing /home/airflow/.local/lib/python3.8/site-packages/airflow/example_dags/tutorial_taskflow_api.py took 0.391 seconds
[2025-07-21T08:26:12.771+0000] {processor.py:161} INFO - Started process (PID=995) to work on /home/airflow/.local/lib/python3.8/site-packages/airflow/example_dags/tutorial_taskflow_api.py
[2025-07-21T08:26:12.773+0000] {processor.py:830} INFO - Processing file /home/airflow/.local/lib/python3.8/site-packages/airflow/example_dags/tutorial_taskflow_api.py for tasks to queue
[2025-07-21T08:26:12.777+0000] {logging_mixin.py:188} INFO - [2025-07-21T08:26:12.776+0000] {dagbag.py:538} INFO - Filling up the DagBag from /home/airflow/.local/lib/python3.8/site-packages/airflow/example_dags/tutorial_taskflow_api.py
[2025-07-21T08:26:12.792+0000] {processor.py:840} INFO - DAG(s) 'tutorial_taskflow_api' retrieved from /home/airflow/.local/lib/python3.8/site-packages/airflow/example_dags/tutorial_taskflow_api.py
[2025-07-21T08:26:12.829+0000] {logging_mixin.py:188} INFO - [2025-07-21T08:26:12.828+0000] {dag.py:3036} INFO - Sync 1 DAGs
[2025-07-21T08:26:12.857+0000] {logging_mixin.py:188} INFO - [2025-07-21T08:26:12.856+0000] {dag.py:3823} INFO - Setting next_dagrun for tutorial_taskflow_api to None, run_after=None
[2025-07-21T08:26:12.905+0000] {processor.py:183} INFO - Processing /home/airflow/.local/lib/python3.8/site-packages/airflow/example_dags/tutorial_taskflow_api.py took 0.141 seconds
[2025-07-21T08:26:46.391+0000] {processor.py:161} INFO - Started process (PID=1046) to work on /home/airflow/.local/lib/python3.8/site-packages/airflow/example_dags/tutorial_taskflow_api.py
[2025-07-21T08:26:46.406+0000] {processor.py:830} INFO - Processing file /home/airflow/.local/lib/python3.8/site-packages/airflow/example_dags/tutorial_taskflow_api.py for tasks to queue
[2025-07-21T08:26:46.423+0000] {logging_mixin.py:188} INFO - [2025-07-21T08:26:46.422+0000] {dagbag.py:538} INFO - Filling up the DagBag from /home/airflow/.local/lib/python3.8/site-packages/airflow/example_dags/tutorial_taskflow_api.py
[2025-07-21T08:26:46.504+0000] {processor.py:840} INFO - DAG(s) 'tutorial_taskflow_api' retrieved from /home/airflow/.local/lib/python3.8/site-packages/airflow/example_dags/tutorial_taskflow_api.py
[2025-07-21T08:26:46.715+0000] {logging_mixin.py:188} INFO - [2025-07-21T08:26:46.714+0000] {dag.py:3036} INFO - Sync 1 DAGs
[2025-07-21T08:26:46.985+0000] {logging_mixin.py:188} INFO - [2025-07-21T08:26:46.970+0000] {dag.py:3823} INFO - Setting next_dagrun for tutorial_taskflow_api to None, run_after=None
[2025-07-21T08:26:47.478+0000] {processor.py:183} INFO - Processing /home/airflow/.local/lib/python3.8/site-packages/airflow/example_dags/tutorial_taskflow_api.py took 1.119 seconds
[2025-07-21T08:27:18.076+0000] {processor.py:161} INFO - Started process (PID=1100) to work on /home/airflow/.local/lib/python3.8/site-packages/airflow/example_dags/tutorial_taskflow_api.py
[2025-07-21T08:27:18.080+0000] {processor.py:830} INFO - Processing file /home/airflow/.local/lib/python3.8/site-packages/airflow/example_dags/tutorial_taskflow_api.py for tasks to queue
[2025-07-21T08:27:18.087+0000] {logging_mixin.py:188} INFO - [2025-07-21T08:27:18.086+0000] {dagbag.py:538} INFO - Filling up the DagBag from /home/airflow/.local/lib/python3.8/site-packages/airflow/example_dags/tutorial_taskflow_api.py
[2025-07-21T08:27:18.135+0000] {processor.py:840} INFO - DAG(s) 'tutorial_taskflow_api' retrieved from /home/airflow/.local/lib/python3.8/site-packages/airflow/example_dags/tutorial_taskflow_api.py
[2025-07-21T08:27:18.261+0000] {logging_mixin.py:188} INFO - [2025-07-21T08:27:18.260+0000] {dag.py:3036} INFO - Sync 1 DAGs
[2025-07-21T08:27:18.330+0000] {logging_mixin.py:188} INFO - [2025-07-21T08:27:18.330+0000] {dag.py:3823} INFO - Setting next_dagrun for tutorial_taskflow_api to None, run_after=None
[2025-07-21T08:27:18.385+0000] {processor.py:183} INFO - Processing /home/airflow/.local/lib/python3.8/site-packages/airflow/example_dags/tutorial_taskflow_api.py took 0.330 seconds
[2025-07-21T08:27:48.711+0000] {processor.py:161} INFO - Started process (PID=1155) to work on /home/airflow/.local/lib/python3.8/site-packages/airflow/example_dags/tutorial_taskflow_api.py
[2025-07-21T08:27:48.715+0000] {processor.py:830} INFO - Processing file /home/airflow/.local/lib/python3.8/site-packages/airflow/example_dags/tutorial_taskflow_api.py for tasks to queue
[2025-07-21T08:27:48.720+0000] {logging_mixin.py:188} INFO - [2025-07-21T08:27:48.719+0000] {dagbag.py:538} INFO - Filling up the DagBag from /home/airflow/.local/lib/python3.8/site-packages/airflow/example_dags/tutorial_taskflow_api.py
[2025-07-21T08:27:48.736+0000] {processor.py:840} INFO - DAG(s) 'tutorial_taskflow_api' retrieved from /home/airflow/.local/lib/python3.8/site-packages/airflow/example_dags/tutorial_taskflow_api.py
[2025-07-21T08:27:48.787+0000] {logging_mixin.py:188} INFO - [2025-07-21T08:27:48.787+0000] {dag.py:3036} INFO - Sync 1 DAGs
[2025-07-21T08:27:48.820+0000] {logging_mixin.py:188} INFO - [2025-07-21T08:27:48.820+0000] {dag.py:3823} INFO - Setting next_dagrun for tutorial_taskflow_api to None, run_after=None
[2025-07-21T08:27:48.872+0000] {processor.py:183} INFO - Processing /home/airflow/.local/lib/python3.8/site-packages/airflow/example_dags/tutorial_taskflow_api.py took 0.171 seconds
[2025-07-21T08:28:19.159+0000] {processor.py:161} INFO - Started process (PID=1210) to work on /home/airflow/.local/lib/python3.8/site-packages/airflow/example_dags/tutorial_taskflow_api.py
[2025-07-21T08:28:19.164+0000] {processor.py:830} INFO - Processing file /home/airflow/.local/lib/python3.8/site-packages/airflow/example_dags/tutorial_taskflow_api.py for tasks to queue
[2025-07-21T08:28:19.168+0000] {logging_mixin.py:188} INFO - [2025-07-21T08:28:19.167+0000] {dagbag.py:538} INFO - Filling up the DagBag from /home/airflow/.local/lib/python3.8/site-packages/airflow/example_dags/tutorial_taskflow_api.py
[2025-07-21T08:28:19.180+0000] {processor.py:840} INFO - DAG(s) 'tutorial_taskflow_api' retrieved from /home/airflow/.local/lib/python3.8/site-packages/airflow/example_dags/tutorial_taskflow_api.py
[2025-07-21T08:28:19.219+0000] {logging_mixin.py:188} INFO - [2025-07-21T08:28:19.219+0000] {dag.py:3036} INFO - Sync 1 DAGs
[2025-07-21T08:28:19.242+0000] {logging_mixin.py:188} INFO - [2025-07-21T08:28:19.242+0000] {dag.py:3823} INFO - Setting next_dagrun for tutorial_taskflow_api to None, run_after=None
[2025-07-21T08:28:19.286+0000] {processor.py:183} INFO - Processing /home/airflow/.local/lib/python3.8/site-packages/airflow/example_dags/tutorial_taskflow_api.py took 0.133 seconds
[2025-07-21T08:28:50.655+0000] {processor.py:161} INFO - Started process (PID=1265) to work on /home/airflow/.local/lib/python3.8/site-packages/airflow/example_dags/tutorial_taskflow_api.py
[2025-07-21T08:28:50.664+0000] {processor.py:830} INFO - Processing file /home/airflow/.local/lib/python3.8/site-packages/airflow/example_dags/tutorial_taskflow_api.py for tasks to queue
[2025-07-21T08:28:50.670+0000] {logging_mixin.py:188} INFO - [2025-07-21T08:28:50.669+0000] {dagbag.py:538} INFO - Filling up the DagBag from /home/airflow/.local/lib/python3.8/site-packages/airflow/example_dags/tutorial_taskflow_api.py
[2025-07-21T08:28:50.706+0000] {processor.py:840} INFO - DAG(s) 'tutorial_taskflow_api' retrieved from /home/airflow/.local/lib/python3.8/site-packages/airflow/example_dags/tutorial_taskflow_api.py
[2025-07-21T08:28:50.823+0000] {logging_mixin.py:188} INFO - [2025-07-21T08:28:50.820+0000] {dag.py:3036} INFO - Sync 1 DAGs
[2025-07-21T08:28:50.848+0000] {logging_mixin.py:188} INFO - [2025-07-21T08:28:50.848+0000] {dag.py:3823} INFO - Setting next_dagrun for tutorial_taskflow_api to None, run_after=None
[2025-07-21T08:28:50.907+0000] {processor.py:183} INFO - Processing /home/airflow/.local/lib/python3.8/site-packages/airflow/example_dags/tutorial_taskflow_api.py took 0.277 seconds
[2025-07-21T08:29:22.596+0000] {processor.py:161} INFO - Started process (PID=1320) to work on /home/airflow/.local/lib/python3.8/site-packages/airflow/example_dags/tutorial_taskflow_api.py
[2025-07-21T08:29:22.606+0000] {processor.py:830} INFO - Processing file /home/airflow/.local/lib/python3.8/site-packages/airflow/example_dags/tutorial_taskflow_api.py for tasks to queue
[2025-07-21T08:29:22.613+0000] {logging_mixin.py:188} INFO - [2025-07-21T08:29:22.612+0000] {dagbag.py:538} INFO - Filling up the DagBag from /home/airflow/.local/lib/python3.8/site-packages/airflow/example_dags/tutorial_taskflow_api.py
[2025-07-21T08:29:22.640+0000] {processor.py:840} INFO - DAG(s) 'tutorial_taskflow_api' retrieved from /home/airflow/.local/lib/python3.8/site-packages/airflow/example_dags/tutorial_taskflow_api.py
[2025-07-21T08:29:22.774+0000] {logging_mixin.py:188} INFO - [2025-07-21T08:29:22.773+0000] {dag.py:3036} INFO - Sync 1 DAGs
[2025-07-21T08:29:22.821+0000] {logging_mixin.py:188} INFO - [2025-07-21T08:29:22.820+0000] {dag.py:3823} INFO - Setting next_dagrun for tutorial_taskflow_api to None, run_after=None
[2025-07-21T08:29:22.886+0000] {processor.py:183} INFO - Processing /home/airflow/.local/lib/python3.8/site-packages/airflow/example_dags/tutorial_taskflow_api.py took 0.296 seconds
[2025-07-21T08:29:53.257+0000] {processor.py:161} INFO - Started process (PID=1376) to work on /home/airflow/.local/lib/python3.8/site-packages/airflow/example_dags/tutorial_taskflow_api.py
[2025-07-21T08:29:53.267+0000] {processor.py:830} INFO - Processing file /home/airflow/.local/lib/python3.8/site-packages/airflow/example_dags/tutorial_taskflow_api.py for tasks to queue
[2025-07-21T08:29:53.276+0000] {logging_mixin.py:188} INFO - [2025-07-21T08:29:53.275+0000] {dagbag.py:538} INFO - Filling up the DagBag from /home/airflow/.local/lib/python3.8/site-packages/airflow/example_dags/tutorial_taskflow_api.py
[2025-07-21T08:29:53.296+0000] {processor.py:840} INFO - DAG(s) 'tutorial_taskflow_api' retrieved from /home/airflow/.local/lib/python3.8/site-packages/airflow/example_dags/tutorial_taskflow_api.py
[2025-07-21T08:29:53.356+0000] {logging_mixin.py:188} INFO - [2025-07-21T08:29:53.356+0000] {dag.py:3036} INFO - Sync 1 DAGs
[2025-07-21T08:29:53.388+0000] {logging_mixin.py:188} INFO - [2025-07-21T08:29:53.387+0000] {dag.py:3823} INFO - Setting next_dagrun for tutorial_taskflow_api to None, run_after=None
[2025-07-21T08:29:53.429+0000] {processor.py:183} INFO - Processing /home/airflow/.local/lib/python3.8/site-packages/airflow/example_dags/tutorial_taskflow_api.py took 0.200 seconds
[2025-07-21T08:30:24.599+0000] {processor.py:161} INFO - Started process (PID=1431) to work on /home/airflow/.local/lib/python3.8/site-packages/airflow/example_dags/tutorial_taskflow_api.py
[2025-07-21T08:30:24.601+0000] {processor.py:830} INFO - Processing file /home/airflow/.local/lib/python3.8/site-packages/airflow/example_dags/tutorial_taskflow_api.py for tasks to queue
[2025-07-21T08:30:24.606+0000] {logging_mixin.py:188} INFO - [2025-07-21T08:30:24.605+0000] {dagbag.py:538} INFO - Filling up the DagBag from /home/airflow/.local/lib/python3.8/site-packages/airflow/example_dags/tutorial_taskflow_api.py
[2025-07-21T08:30:24.621+0000] {processor.py:840} INFO - DAG(s) 'tutorial_taskflow_api' retrieved from /home/airflow/.local/lib/python3.8/site-packages/airflow/example_dags/tutorial_taskflow_api.py
[2025-07-21T08:30:24.664+0000] {logging_mixin.py:188} INFO - [2025-07-21T08:30:24.664+0000] {dag.py:3036} INFO - Sync 1 DAGs
[2025-07-21T08:30:24.689+0000] {logging_mixin.py:188} INFO - [2025-07-21T08:30:24.689+0000] {dag.py:3823} INFO - Setting next_dagrun for tutorial_taskflow_api to None, run_after=None
[2025-07-21T08:30:24.725+0000] {processor.py:183} INFO - Processing /home/airflow/.local/lib/python3.8/site-packages/airflow/example_dags/tutorial_taskflow_api.py took 0.144 seconds
[2025-07-21T08:31:00.320+0000] {processor.py:161} INFO - Started process (PID=1492) to work on /home/airflow/.local/lib/python3.8/site-packages/airflow/example_dags/tutorial_taskflow_api.py
[2025-07-21T08:31:00.333+0000] {processor.py:830} INFO - Processing file /home/airflow/.local/lib/python3.8/site-packages/airflow/example_dags/tutorial_taskflow_api.py for tasks to queue
[2025-07-21T08:31:00.349+0000] {logging_mixin.py:188} INFO - [2025-07-21T08:31:00.349+0000] {dagbag.py:538} INFO - Filling up the DagBag from /home/airflow/.local/lib/python3.8/site-packages/airflow/example_dags/tutorial_taskflow_api.py
[2025-07-21T08:31:00.372+0000] {processor.py:840} INFO - DAG(s) 'tutorial_taskflow_api' retrieved from /home/airflow/.local/lib/python3.8/site-packages/airflow/example_dags/tutorial_taskflow_api.py
[2025-07-21T08:31:00.475+0000] {logging_mixin.py:188} INFO - [2025-07-21T08:31:00.475+0000] {dag.py:3036} INFO - Sync 1 DAGs
[2025-07-21T08:31:00.710+0000] {logging_mixin.py:188} INFO - [2025-07-21T08:31:00.710+0000] {dag.py:3823} INFO - Setting next_dagrun for tutorial_taskflow_api to None, run_after=None
[2025-07-21T08:31:00.977+0000] {processor.py:183} INFO - Processing /home/airflow/.local/lib/python3.8/site-packages/airflow/example_dags/tutorial_taskflow_api.py took 0.671 seconds
[2025-07-21T08:31:31.318+0000] {processor.py:161} INFO - Started process (PID=1547) to work on /home/airflow/.local/lib/python3.8/site-packages/airflow/example_dags/tutorial_taskflow_api.py
[2025-07-21T08:31:31.320+0000] {processor.py:830} INFO - Processing file /home/airflow/.local/lib/python3.8/site-packages/airflow/example_dags/tutorial_taskflow_api.py for tasks to queue
[2025-07-21T08:31:31.324+0000] {logging_mixin.py:188} INFO - [2025-07-21T08:31:31.323+0000] {dagbag.py:538} INFO - Filling up the DagBag from /home/airflow/.local/lib/python3.8/site-packages/airflow/example_dags/tutorial_taskflow_api.py
[2025-07-21T08:31:31.353+0000] {processor.py:840} INFO - DAG(s) 'tutorial_taskflow_api' retrieved from /home/airflow/.local/lib/python3.8/site-packages/airflow/example_dags/tutorial_taskflow_api.py
[2025-07-21T08:31:31.402+0000] {logging_mixin.py:188} INFO - [2025-07-21T08:31:31.401+0000] {dag.py:3036} INFO - Sync 1 DAGs
[2025-07-21T08:31:31.427+0000] {logging_mixin.py:188} INFO - [2025-07-21T08:31:31.426+0000] {dag.py:3823} INFO - Setting next_dagrun for tutorial_taskflow_api to None, run_after=None
[2025-07-21T08:31:31.461+0000] {processor.py:183} INFO - Processing /home/airflow/.local/lib/python3.8/site-packages/airflow/example_dags/tutorial_taskflow_api.py took 0.155 seconds
[2025-07-21T08:32:02.952+0000] {processor.py:161} INFO - Started process (PID=1602) to work on /home/airflow/.local/lib/python3.8/site-packages/airflow/example_dags/tutorial_taskflow_api.py
[2025-07-21T08:32:02.971+0000] {processor.py:830} INFO - Processing file /home/airflow/.local/lib/python3.8/site-packages/airflow/example_dags/tutorial_taskflow_api.py for tasks to queue
[2025-07-21T08:32:02.992+0000] {logging_mixin.py:188} INFO - [2025-07-21T08:32:02.992+0000] {dagbag.py:538} INFO - Filling up the DagBag from /home/airflow/.local/lib/python3.8/site-packages/airflow/example_dags/tutorial_taskflow_api.py
[2025-07-21T08:32:03.117+0000] {processor.py:840} INFO - DAG(s) 'tutorial_taskflow_api' retrieved from /home/airflow/.local/lib/python3.8/site-packages/airflow/example_dags/tutorial_taskflow_api.py
[2025-07-21T08:32:03.366+0000] {logging_mixin.py:188} INFO - [2025-07-21T08:32:03.366+0000] {dag.py:3036} INFO - Sync 1 DAGs
[2025-07-21T08:32:03.479+0000] {logging_mixin.py:188} INFO - [2025-07-21T08:32:03.479+0000] {dag.py:3823} INFO - Setting next_dagrun for tutorial_taskflow_api to None, run_after=None
[2025-07-21T08:32:03.687+0000] {processor.py:183} INFO - Processing /home/airflow/.local/lib/python3.8/site-packages/airflow/example_dags/tutorial_taskflow_api.py took 0.743 seconds
[2025-07-21T08:32:36.074+0000] {processor.py:161} INFO - Started process (PID=1657) to work on /home/airflow/.local/lib/python3.8/site-packages/airflow/example_dags/tutorial_taskflow_api.py
[2025-07-21T08:32:36.088+0000] {processor.py:830} INFO - Processing file /home/airflow/.local/lib/python3.8/site-packages/airflow/example_dags/tutorial_taskflow_api.py for tasks to queue
[2025-07-21T08:32:36.099+0000] {logging_mixin.py:188} INFO - [2025-07-21T08:32:36.098+0000] {dagbag.py:538} INFO - Filling up the DagBag from /home/airflow/.local/lib/python3.8/site-packages/airflow/example_dags/tutorial_taskflow_api.py
[2025-07-21T08:32:36.212+0000] {processor.py:840} INFO - DAG(s) 'tutorial_taskflow_api' retrieved from /home/airflow/.local/lib/python3.8/site-packages/airflow/example_dags/tutorial_taskflow_api.py
[2025-07-21T08:32:36.357+0000] {logging_mixin.py:188} INFO - [2025-07-21T08:32:36.357+0000] {dag.py:3036} INFO - Sync 1 DAGs
[2025-07-21T08:32:36.409+0000] {logging_mixin.py:188} INFO - [2025-07-21T08:32:36.409+0000] {dag.py:3823} INFO - Setting next_dagrun for tutorial_taskflow_api to None, run_after=None
[2025-07-21T08:32:36.501+0000] {processor.py:183} INFO - Processing /home/airflow/.local/lib/python3.8/site-packages/airflow/example_dags/tutorial_taskflow_api.py took 0.463 seconds
[2025-07-21T08:33:06.679+0000] {processor.py:161} INFO - Started process (PID=1712) to work on /home/airflow/.local/lib/python3.8/site-packages/airflow/example_dags/tutorial_taskflow_api.py
[2025-07-21T08:33:06.683+0000] {processor.py:830} INFO - Processing file /home/airflow/.local/lib/python3.8/site-packages/airflow/example_dags/tutorial_taskflow_api.py for tasks to queue
[2025-07-21T08:33:06.690+0000] {logging_mixin.py:188} INFO - [2025-07-21T08:33:06.689+0000] {dagbag.py:538} INFO - Filling up the DagBag from /home/airflow/.local/lib/python3.8/site-packages/airflow/example_dags/tutorial_taskflow_api.py
[2025-07-21T08:33:06.715+0000] {processor.py:840} INFO - DAG(s) 'tutorial_taskflow_api' retrieved from /home/airflow/.local/lib/python3.8/site-packages/airflow/example_dags/tutorial_taskflow_api.py
[2025-07-21T08:33:06.784+0000] {logging_mixin.py:188} INFO - [2025-07-21T08:33:06.784+0000] {dag.py:3036} INFO - Sync 1 DAGs
[2025-07-21T08:33:06.821+0000] {logging_mixin.py:188} INFO - [2025-07-21T08:33:06.820+0000] {dag.py:3823} INFO - Setting next_dagrun for tutorial_taskflow_api to None, run_after=None
[2025-07-21T08:33:06.902+0000] {processor.py:183} INFO - Processing /home/airflow/.local/lib/python3.8/site-packages/airflow/example_dags/tutorial_taskflow_api.py took 0.235 seconds
[2025-07-21T08:33:37.291+0000] {processor.py:161} INFO - Started process (PID=1767) to work on /home/airflow/.local/lib/python3.8/site-packages/airflow/example_dags/tutorial_taskflow_api.py
[2025-07-21T08:33:37.303+0000] {processor.py:830} INFO - Processing file /home/airflow/.local/lib/python3.8/site-packages/airflow/example_dags/tutorial_taskflow_api.py for tasks to queue
[2025-07-21T08:33:37.323+0000] {logging_mixin.py:188} INFO - [2025-07-21T08:33:37.322+0000] {dagbag.py:538} INFO - Filling up the DagBag from /home/airflow/.local/lib/python3.8/site-packages/airflow/example_dags/tutorial_taskflow_api.py
[2025-07-21T08:33:37.369+0000] {processor.py:840} INFO - DAG(s) 'tutorial_taskflow_api' retrieved from /home/airflow/.local/lib/python3.8/site-packages/airflow/example_dags/tutorial_taskflow_api.py
[2025-07-21T08:33:37.427+0000] {logging_mixin.py:188} INFO - [2025-07-21T08:33:37.426+0000] {dag.py:3036} INFO - Sync 1 DAGs
[2025-07-21T08:33:37.465+0000] {logging_mixin.py:188} INFO - [2025-07-21T08:33:37.465+0000] {dag.py:3823} INFO - Setting next_dagrun for tutorial_taskflow_api to None, run_after=None
[2025-07-21T08:33:37.548+0000] {processor.py:183} INFO - Processing /home/airflow/.local/lib/python3.8/site-packages/airflow/example_dags/tutorial_taskflow_api.py took 0.279 seconds
[2025-07-21T08:34:08.485+0000] {processor.py:161} INFO - Started process (PID=1822) to work on /home/airflow/.local/lib/python3.8/site-packages/airflow/example_dags/tutorial_taskflow_api.py
[2025-07-21T08:34:08.516+0000] {processor.py:830} INFO - Processing file /home/airflow/.local/lib/python3.8/site-packages/airflow/example_dags/tutorial_taskflow_api.py for tasks to queue
[2025-07-21T08:34:08.659+0000] {logging_mixin.py:188} INFO - [2025-07-21T08:34:08.658+0000] {dagbag.py:538} INFO - Filling up the DagBag from /home/airflow/.local/lib/python3.8/site-packages/airflow/example_dags/tutorial_taskflow_api.py
[2025-07-21T08:34:08.695+0000] {processor.py:840} INFO - DAG(s) 'tutorial_taskflow_api' retrieved from /home/airflow/.local/lib/python3.8/site-packages/airflow/example_dags/tutorial_taskflow_api.py
[2025-07-21T08:34:08.747+0000] {logging_mixin.py:188} INFO - [2025-07-21T08:34:08.746+0000] {dag.py:3036} INFO - Sync 1 DAGs
[2025-07-21T08:34:08.779+0000] {logging_mixin.py:188} INFO - [2025-07-21T08:34:08.778+0000] {dag.py:3823} INFO - Setting next_dagrun for tutorial_taskflow_api to None, run_after=None
[2025-07-21T08:34:08.824+0000] {processor.py:183} INFO - Processing /home/airflow/.local/lib/python3.8/site-packages/airflow/example_dags/tutorial_taskflow_api.py took 0.359 seconds
[2025-07-21T08:34:41.284+0000] {processor.py:161} INFO - Started process (PID=1877) to work on /home/airflow/.local/lib/python3.8/site-packages/airflow/example_dags/tutorial_taskflow_api.py
[2025-07-21T08:34:41.296+0000] {processor.py:830} INFO - Processing file /home/airflow/.local/lib/python3.8/site-packages/airflow/example_dags/tutorial_taskflow_api.py for tasks to queue
[2025-07-21T08:34:41.311+0000] {logging_mixin.py:188} INFO - [2025-07-21T08:34:41.310+0000] {dagbag.py:538} INFO - Filling up the DagBag from /home/airflow/.local/lib/python3.8/site-packages/airflow/example_dags/tutorial_taskflow_api.py
[2025-07-21T08:34:41.351+0000] {processor.py:840} INFO - DAG(s) 'tutorial_taskflow_api' retrieved from /home/airflow/.local/lib/python3.8/site-packages/airflow/example_dags/tutorial_taskflow_api.py
[2025-07-21T08:34:41.505+0000] {logging_mixin.py:188} INFO - [2025-07-21T08:34:41.505+0000] {dag.py:3036} INFO - Sync 1 DAGs
[2025-07-21T08:34:41.571+0000] {logging_mixin.py:188} INFO - [2025-07-21T08:34:41.571+0000] {dag.py:3823} INFO - Setting next_dagrun for tutorial_taskflow_api to None, run_after=None
[2025-07-21T08:34:41.705+0000] {processor.py:183} INFO - Processing /home/airflow/.local/lib/python3.8/site-packages/airflow/example_dags/tutorial_taskflow_api.py took 0.451 seconds
[2025-07-21T08:35:12.462+0000] {processor.py:161} INFO - Started process (PID=1932) to work on /home/airflow/.local/lib/python3.8/site-packages/airflow/example_dags/tutorial_taskflow_api.py
[2025-07-21T08:35:12.476+0000] {processor.py:830} INFO - Processing file /home/airflow/.local/lib/python3.8/site-packages/airflow/example_dags/tutorial_taskflow_api.py for tasks to queue
[2025-07-21T08:35:12.487+0000] {logging_mixin.py:188} INFO - [2025-07-21T08:35:12.486+0000] {dagbag.py:538} INFO - Filling up the DagBag from /home/airflow/.local/lib/python3.8/site-packages/airflow/example_dags/tutorial_taskflow_api.py
[2025-07-21T08:35:12.537+0000] {processor.py:840} INFO - DAG(s) 'tutorial_taskflow_api' retrieved from /home/airflow/.local/lib/python3.8/site-packages/airflow/example_dags/tutorial_taskflow_api.py
[2025-07-21T08:35:12.747+0000] {logging_mixin.py:188} INFO - [2025-07-21T08:35:12.747+0000] {dag.py:3036} INFO - Sync 1 DAGs
[2025-07-21T08:35:13.013+0000] {logging_mixin.py:188} INFO - [2025-07-21T08:35:13.013+0000] {dag.py:3823} INFO - Setting next_dagrun for tutorial_taskflow_api to None, run_after=None
[2025-07-21T08:35:13.272+0000] {processor.py:183} INFO - Processing /home/airflow/.local/lib/python3.8/site-packages/airflow/example_dags/tutorial_taskflow_api.py took 0.843 seconds
[2025-07-21T08:35:43.426+0000] {processor.py:161} INFO - Started process (PID=1986) to work on /home/airflow/.local/lib/python3.8/site-packages/airflow/example_dags/tutorial_taskflow_api.py
[2025-07-21T08:35:43.429+0000] {processor.py:830} INFO - Processing file /home/airflow/.local/lib/python3.8/site-packages/airflow/example_dags/tutorial_taskflow_api.py for tasks to queue
[2025-07-21T08:35:43.434+0000] {logging_mixin.py:188} INFO - [2025-07-21T08:35:43.434+0000] {dagbag.py:538} INFO - Filling up the DagBag from /home/airflow/.local/lib/python3.8/site-packages/airflow/example_dags/tutorial_taskflow_api.py
[2025-07-21T08:35:43.455+0000] {processor.py:840} INFO - DAG(s) 'tutorial_taskflow_api' retrieved from /home/airflow/.local/lib/python3.8/site-packages/airflow/example_dags/tutorial_taskflow_api.py
[2025-07-21T08:35:43.508+0000] {logging_mixin.py:188} INFO - [2025-07-21T08:35:43.508+0000] {dag.py:3036} INFO - Sync 1 DAGs
[2025-07-21T08:35:43.551+0000] {logging_mixin.py:188} INFO - [2025-07-21T08:35:43.550+0000] {dag.py:3823} INFO - Setting next_dagrun for tutorial_taskflow_api to None, run_after=None
[2025-07-21T08:35:43.678+0000] {processor.py:183} INFO - Processing /home/airflow/.local/lib/python3.8/site-packages/airflow/example_dags/tutorial_taskflow_api.py took 0.262 seconds
[2025-07-21T08:36:14.128+0000] {processor.py:161} INFO - Started process (PID=2040) to work on /home/airflow/.local/lib/python3.8/site-packages/airflow/example_dags/tutorial_taskflow_api.py
[2025-07-21T08:36:14.131+0000] {processor.py:830} INFO - Processing file /home/airflow/.local/lib/python3.8/site-packages/airflow/example_dags/tutorial_taskflow_api.py for tasks to queue
[2025-07-21T08:36:14.136+0000] {logging_mixin.py:188} INFO - [2025-07-21T08:36:14.136+0000] {dagbag.py:538} INFO - Filling up the DagBag from /home/airflow/.local/lib/python3.8/site-packages/airflow/example_dags/tutorial_taskflow_api.py
[2025-07-21T08:36:14.166+0000] {processor.py:840} INFO - DAG(s) 'tutorial_taskflow_api' retrieved from /home/airflow/.local/lib/python3.8/site-packages/airflow/example_dags/tutorial_taskflow_api.py
[2025-07-21T08:36:14.271+0000] {logging_mixin.py:188} INFO - [2025-07-21T08:36:14.259+0000] {dag.py:3036} INFO - Sync 1 DAGs
[2025-07-21T08:36:14.437+0000] {logging_mixin.py:188} INFO - [2025-07-21T08:36:14.437+0000] {dag.py:3823} INFO - Setting next_dagrun for tutorial_taskflow_api to None, run_after=None
[2025-07-21T08:36:14.496+0000] {processor.py:183} INFO - Processing /home/airflow/.local/lib/python3.8/site-packages/airflow/example_dags/tutorial_taskflow_api.py took 0.380 seconds
[2025-07-21T08:36:47.890+0000] {processor.py:161} INFO - Started process (PID=2095) to work on /home/airflow/.local/lib/python3.8/site-packages/airflow/example_dags/tutorial_taskflow_api.py
[2025-07-21T08:36:47.893+0000] {processor.py:830} INFO - Processing file /home/airflow/.local/lib/python3.8/site-packages/airflow/example_dags/tutorial_taskflow_api.py for tasks to queue
[2025-07-21T08:36:47.897+0000] {logging_mixin.py:188} INFO - [2025-07-21T08:36:47.896+0000] {dagbag.py:538} INFO - Filling up the DagBag from /home/airflow/.local/lib/python3.8/site-packages/airflow/example_dags/tutorial_taskflow_api.py
[2025-07-21T08:36:47.913+0000] {processor.py:840} INFO - DAG(s) 'tutorial_taskflow_api' retrieved from /home/airflow/.local/lib/python3.8/site-packages/airflow/example_dags/tutorial_taskflow_api.py
[2025-07-21T08:36:47.957+0000] {logging_mixin.py:188} INFO - [2025-07-21T08:36:47.956+0000] {dag.py:3036} INFO - Sync 1 DAGs
[2025-07-21T08:36:47.994+0000] {logging_mixin.py:188} INFO - [2025-07-21T08:36:47.994+0000] {dag.py:3823} INFO - Setting next_dagrun for tutorial_taskflow_api to None, run_after=None
[2025-07-21T08:36:48.032+0000] {processor.py:183} INFO - Processing /home/airflow/.local/lib/python3.8/site-packages/airflow/example_dags/tutorial_taskflow_api.py took 0.151 seconds
[2025-07-21T08:37:19.979+0000] {processor.py:161} INFO - Started process (PID=2148) to work on /home/airflow/.local/lib/python3.8/site-packages/airflow/example_dags/tutorial_taskflow_api.py
[2025-07-21T08:37:19.986+0000] {processor.py:830} INFO - Processing file /home/airflow/.local/lib/python3.8/site-packages/airflow/example_dags/tutorial_taskflow_api.py for tasks to queue
[2025-07-21T08:37:19.990+0000] {logging_mixin.py:188} INFO - [2025-07-21T08:37:19.990+0000] {dagbag.py:538} INFO - Filling up the DagBag from /home/airflow/.local/lib/python3.8/site-packages/airflow/example_dags/tutorial_taskflow_api.py
[2025-07-21T08:37:20.012+0000] {processor.py:840} INFO - DAG(s) 'tutorial_taskflow_api' retrieved from /home/airflow/.local/lib/python3.8/site-packages/airflow/example_dags/tutorial_taskflow_api.py
[2025-07-21T08:37:20.103+0000] {logging_mixin.py:188} INFO - [2025-07-21T08:37:20.103+0000] {dag.py:3036} INFO - Sync 1 DAGs
[2025-07-21T08:37:20.143+0000] {logging_mixin.py:188} INFO - [2025-07-21T08:37:20.142+0000] {dag.py:3823} INFO - Setting next_dagrun for tutorial_taskflow_api to None, run_after=None
[2025-07-21T08:37:20.208+0000] {processor.py:183} INFO - Processing /home/airflow/.local/lib/python3.8/site-packages/airflow/example_dags/tutorial_taskflow_api.py took 0.237 seconds
[2025-07-21T08:37:52.026+0000] {processor.py:161} INFO - Started process (PID=2204) to work on /home/airflow/.local/lib/python3.8/site-packages/airflow/example_dags/tutorial_taskflow_api.py
[2025-07-21T08:37:52.057+0000] {processor.py:830} INFO - Processing file /home/airflow/.local/lib/python3.8/site-packages/airflow/example_dags/tutorial_taskflow_api.py for tasks to queue
[2025-07-21T08:37:52.077+0000] {logging_mixin.py:188} INFO - [2025-07-21T08:37:52.061+0000] {dagbag.py:538} INFO - Filling up the DagBag from /home/airflow/.local/lib/python3.8/site-packages/airflow/example_dags/tutorial_taskflow_api.py
[2025-07-21T08:37:52.119+0000] {processor.py:840} INFO - DAG(s) 'tutorial_taskflow_api' retrieved from /home/airflow/.local/lib/python3.8/site-packages/airflow/example_dags/tutorial_taskflow_api.py
[2025-07-21T08:37:52.188+0000] {logging_mixin.py:188} INFO - [2025-07-21T08:37:52.188+0000] {dag.py:3036} INFO - Sync 1 DAGs
[2025-07-21T08:37:52.279+0000] {logging_mixin.py:188} INFO - [2025-07-21T08:37:52.279+0000] {dag.py:3823} INFO - Setting next_dagrun for tutorial_taskflow_api to None, run_after=None
[2025-07-21T08:37:52.440+0000] {processor.py:183} INFO - Processing /home/airflow/.local/lib/python3.8/site-packages/airflow/example_dags/tutorial_taskflow_api.py took 0.421 seconds
[2025-07-21T08:38:23.154+0000] {processor.py:161} INFO - Started process (PID=2258) to work on /home/airflow/.local/lib/python3.8/site-packages/airflow/example_dags/tutorial_taskflow_api.py
[2025-07-21T08:38:23.165+0000] {processor.py:830} INFO - Processing file /home/airflow/.local/lib/python3.8/site-packages/airflow/example_dags/tutorial_taskflow_api.py for tasks to queue
[2025-07-21T08:38:23.258+0000] {logging_mixin.py:188} INFO - [2025-07-21T08:38:23.205+0000] {dagbag.py:538} INFO - Filling up the DagBag from /home/airflow/.local/lib/python3.8/site-packages/airflow/example_dags/tutorial_taskflow_api.py
[2025-07-21T08:38:23.445+0000] {processor.py:840} INFO - DAG(s) 'tutorial_taskflow_api' retrieved from /home/airflow/.local/lib/python3.8/site-packages/airflow/example_dags/tutorial_taskflow_api.py
[2025-07-21T08:38:23.719+0000] {logging_mixin.py:188} INFO - [2025-07-21T08:38:23.719+0000] {dag.py:3036} INFO - Sync 1 DAGs
[2025-07-21T08:38:23.810+0000] {logging_mixin.py:188} INFO - [2025-07-21T08:38:23.809+0000] {dag.py:3823} INFO - Setting next_dagrun for tutorial_taskflow_api to None, run_after=None
[2025-07-21T08:38:23.955+0000] {processor.py:183} INFO - Processing /home/airflow/.local/lib/python3.8/site-packages/airflow/example_dags/tutorial_taskflow_api.py took 0.863 seconds
[2025-07-21T08:38:54.236+0000] {processor.py:161} INFO - Started process (PID=2313) to work on /home/airflow/.local/lib/python3.8/site-packages/airflow/example_dags/tutorial_taskflow_api.py
[2025-07-21T08:38:54.240+0000] {processor.py:830} INFO - Processing file /home/airflow/.local/lib/python3.8/site-packages/airflow/example_dags/tutorial_taskflow_api.py for tasks to queue
[2025-07-21T08:38:54.247+0000] {logging_mixin.py:188} INFO - [2025-07-21T08:38:54.246+0000] {dagbag.py:538} INFO - Filling up the DagBag from /home/airflow/.local/lib/python3.8/site-packages/airflow/example_dags/tutorial_taskflow_api.py
[2025-07-21T08:38:54.271+0000] {processor.py:840} INFO - DAG(s) 'tutorial_taskflow_api' retrieved from /home/airflow/.local/lib/python3.8/site-packages/airflow/example_dags/tutorial_taskflow_api.py
[2025-07-21T08:38:54.334+0000] {logging_mixin.py:188} INFO - [2025-07-21T08:38:54.333+0000] {dag.py:3036} INFO - Sync 1 DAGs
[2025-07-21T08:38:54.384+0000] {logging_mixin.py:188} INFO - [2025-07-21T08:38:54.384+0000] {dag.py:3823} INFO - Setting next_dagrun for tutorial_taskflow_api to None, run_after=None
[2025-07-21T08:38:54.592+0000] {processor.py:183} INFO - Processing /home/airflow/.local/lib/python3.8/site-packages/airflow/example_dags/tutorial_taskflow_api.py took 0.369 seconds
[2025-07-21T08:39:25.480+0000] {processor.py:161} INFO - Started process (PID=2369) to work on /home/airflow/.local/lib/python3.8/site-packages/airflow/example_dags/tutorial_taskflow_api.py
[2025-07-21T08:39:25.484+0000] {processor.py:830} INFO - Processing file /home/airflow/.local/lib/python3.8/site-packages/airflow/example_dags/tutorial_taskflow_api.py for tasks to queue
[2025-07-21T08:39:25.489+0000] {logging_mixin.py:188} INFO - [2025-07-21T08:39:25.488+0000] {dagbag.py:538} INFO - Filling up the DagBag from /home/airflow/.local/lib/python3.8/site-packages/airflow/example_dags/tutorial_taskflow_api.py
[2025-07-21T08:39:25.517+0000] {processor.py:840} INFO - DAG(s) 'tutorial_taskflow_api' retrieved from /home/airflow/.local/lib/python3.8/site-packages/airflow/example_dags/tutorial_taskflow_api.py
[2025-07-21T08:39:25.590+0000] {logging_mixin.py:188} INFO - [2025-07-21T08:39:25.589+0000] {dag.py:3036} INFO - Sync 1 DAGs
[2025-07-21T08:39:25.625+0000] {logging_mixin.py:188} INFO - [2025-07-21T08:39:25.624+0000] {dag.py:3823} INFO - Setting next_dagrun for tutorial_taskflow_api to None, run_after=None
[2025-07-21T08:39:25.670+0000] {processor.py:183} INFO - Processing /home/airflow/.local/lib/python3.8/site-packages/airflow/example_dags/tutorial_taskflow_api.py took 0.199 seconds
[2025-07-21T08:39:56.187+0000] {processor.py:161} INFO - Started process (PID=2424) to work on /home/airflow/.local/lib/python3.8/site-packages/airflow/example_dags/tutorial_taskflow_api.py
[2025-07-21T08:39:56.191+0000] {processor.py:830} INFO - Processing file /home/airflow/.local/lib/python3.8/site-packages/airflow/example_dags/tutorial_taskflow_api.py for tasks to queue
[2025-07-21T08:39:56.204+0000] {logging_mixin.py:188} INFO - [2025-07-21T08:39:56.204+0000] {dagbag.py:538} INFO - Filling up the DagBag from /home/airflow/.local/lib/python3.8/site-packages/airflow/example_dags/tutorial_taskflow_api.py
[2025-07-21T08:39:56.231+0000] {processor.py:840} INFO - DAG(s) 'tutorial_taskflow_api' retrieved from /home/airflow/.local/lib/python3.8/site-packages/airflow/example_dags/tutorial_taskflow_api.py
[2025-07-21T08:39:56.283+0000] {logging_mixin.py:188} INFO - [2025-07-21T08:39:56.283+0000] {dag.py:3036} INFO - Sync 1 DAGs
[2025-07-21T08:39:56.622+0000] {logging_mixin.py:188} INFO - [2025-07-21T08:39:56.621+0000] {dag.py:3823} INFO - Setting next_dagrun for tutorial_taskflow_api to None, run_after=None
[2025-07-21T08:39:56.666+0000] {processor.py:183} INFO - Processing /home/airflow/.local/lib/python3.8/site-packages/airflow/example_dags/tutorial_taskflow_api.py took 0.491 seconds
[2025-07-21T08:40:27.089+0000] {processor.py:161} INFO - Started process (PID=2479) to work on /home/airflow/.local/lib/python3.8/site-packages/airflow/example_dags/tutorial_taskflow_api.py
[2025-07-21T08:40:27.091+0000] {processor.py:830} INFO - Processing file /home/airflow/.local/lib/python3.8/site-packages/airflow/example_dags/tutorial_taskflow_api.py for tasks to queue
[2025-07-21T08:40:27.095+0000] {logging_mixin.py:188} INFO - [2025-07-21T08:40:27.094+0000] {dagbag.py:538} INFO - Filling up the DagBag from /home/airflow/.local/lib/python3.8/site-packages/airflow/example_dags/tutorial_taskflow_api.py
[2025-07-21T08:40:27.107+0000] {processor.py:840} INFO - DAG(s) 'tutorial_taskflow_api' retrieved from /home/airflow/.local/lib/python3.8/site-packages/airflow/example_dags/tutorial_taskflow_api.py
[2025-07-21T08:40:27.145+0000] {logging_mixin.py:188} INFO - [2025-07-21T08:40:27.145+0000] {dag.py:3036} INFO - Sync 1 DAGs
[2025-07-21T08:40:27.167+0000] {logging_mixin.py:188} INFO - [2025-07-21T08:40:27.167+0000] {dag.py:3823} INFO - Setting next_dagrun for tutorial_taskflow_api to None, run_after=None
[2025-07-21T08:40:27.199+0000] {processor.py:183} INFO - Processing /home/airflow/.local/lib/python3.8/site-packages/airflow/example_dags/tutorial_taskflow_api.py took 0.122 seconds
[2025-07-21T08:40:58.848+0000] {processor.py:161} INFO - Started process (PID=2534) to work on /home/airflow/.local/lib/python3.8/site-packages/airflow/example_dags/tutorial_taskflow_api.py
[2025-07-21T08:40:58.867+0000] {processor.py:830} INFO - Processing file /home/airflow/.local/lib/python3.8/site-packages/airflow/example_dags/tutorial_taskflow_api.py for tasks to queue
[2025-07-21T08:40:58.872+0000] {logging_mixin.py:188} INFO - [2025-07-21T08:40:58.871+0000] {dagbag.py:538} INFO - Filling up the DagBag from /home/airflow/.local/lib/python3.8/site-packages/airflow/example_dags/tutorial_taskflow_api.py
[2025-07-21T08:40:58.909+0000] {processor.py:840} INFO - DAG(s) 'tutorial_taskflow_api' retrieved from /home/airflow/.local/lib/python3.8/site-packages/airflow/example_dags/tutorial_taskflow_api.py
[2025-07-21T08:40:59.033+0000] {logging_mixin.py:188} INFO - [2025-07-21T08:40:59.032+0000] {dag.py:3036} INFO - Sync 1 DAGs
[2025-07-21T08:40:59.142+0000] {logging_mixin.py:188} INFO - [2025-07-21T08:40:59.141+0000] {dag.py:3823} INFO - Setting next_dagrun for tutorial_taskflow_api to None, run_after=None
[2025-07-21T08:40:59.247+0000] {processor.py:183} INFO - Processing /home/airflow/.local/lib/python3.8/site-packages/airflow/example_dags/tutorial_taskflow_api.py took 0.420 seconds
[2025-07-21T08:41:30.072+0000] {processor.py:161} INFO - Started process (PID=2589) to work on /home/airflow/.local/lib/python3.8/site-packages/airflow/example_dags/tutorial_taskflow_api.py
[2025-07-21T08:41:30.083+0000] {processor.py:830} INFO - Processing file /home/airflow/.local/lib/python3.8/site-packages/airflow/example_dags/tutorial_taskflow_api.py for tasks to queue
[2025-07-21T08:41:30.102+0000] {logging_mixin.py:188} INFO - [2025-07-21T08:41:30.102+0000] {dagbag.py:538} INFO - Filling up the DagBag from /home/airflow/.local/lib/python3.8/site-packages/airflow/example_dags/tutorial_taskflow_api.py
[2025-07-21T08:41:30.176+0000] {processor.py:840} INFO - DAG(s) 'tutorial_taskflow_api' retrieved from /home/airflow/.local/lib/python3.8/site-packages/airflow/example_dags/tutorial_taskflow_api.py
[2025-07-21T08:41:30.347+0000] {logging_mixin.py:188} INFO - [2025-07-21T08:41:30.347+0000] {dag.py:3036} INFO - Sync 1 DAGs
[2025-07-21T08:41:30.538+0000] {logging_mixin.py:188} INFO - [2025-07-21T08:41:30.538+0000] {dag.py:3823} INFO - Setting next_dagrun for tutorial_taskflow_api to None, run_after=None
[2025-07-21T08:41:30.638+0000] {processor.py:183} INFO - Processing /home/airflow/.local/lib/python3.8/site-packages/airflow/example_dags/tutorial_taskflow_api.py took 0.572 seconds
[2025-07-21T08:42:01.478+0000] {processor.py:161} INFO - Started process (PID=2650) to work on /home/airflow/.local/lib/python3.8/site-packages/airflow/example_dags/tutorial_taskflow_api.py
[2025-07-21T08:42:01.484+0000] {processor.py:830} INFO - Processing file /home/airflow/.local/lib/python3.8/site-packages/airflow/example_dags/tutorial_taskflow_api.py for tasks to queue
[2025-07-21T08:42:01.501+0000] {logging_mixin.py:188} INFO - [2025-07-21T08:42:01.501+0000] {dagbag.py:538} INFO - Filling up the DagBag from /home/airflow/.local/lib/python3.8/site-packages/airflow/example_dags/tutorial_taskflow_api.py
[2025-07-21T08:42:01.542+0000] {processor.py:840} INFO - DAG(s) 'tutorial_taskflow_api' retrieved from /home/airflow/.local/lib/python3.8/site-packages/airflow/example_dags/tutorial_taskflow_api.py
[2025-07-21T08:42:01.640+0000] {logging_mixin.py:188} INFO - [2025-07-21T08:42:01.639+0000] {dag.py:3036} INFO - Sync 1 DAGs
[2025-07-21T08:42:01.678+0000] {logging_mixin.py:188} INFO - [2025-07-21T08:42:01.678+0000] {dag.py:3823} INFO - Setting next_dagrun for tutorial_taskflow_api to None, run_after=None
[2025-07-21T08:42:01.767+0000] {processor.py:183} INFO - Processing /home/airflow/.local/lib/python3.8/site-packages/airflow/example_dags/tutorial_taskflow_api.py took 0.323 seconds
[2025-07-21T08:42:32.515+0000] {processor.py:161} INFO - Started process (PID=2705) to work on /home/airflow/.local/lib/python3.8/site-packages/airflow/example_dags/tutorial_taskflow_api.py
[2025-07-21T08:42:32.518+0000] {processor.py:830} INFO - Processing file /home/airflow/.local/lib/python3.8/site-packages/airflow/example_dags/tutorial_taskflow_api.py for tasks to queue
[2025-07-21T08:42:32.525+0000] {logging_mixin.py:188} INFO - [2025-07-21T08:42:32.524+0000] {dagbag.py:538} INFO - Filling up the DagBag from /home/airflow/.local/lib/python3.8/site-packages/airflow/example_dags/tutorial_taskflow_api.py
[2025-07-21T08:42:32.596+0000] {processor.py:840} INFO - DAG(s) 'tutorial_taskflow_api' retrieved from /home/airflow/.local/lib/python3.8/site-packages/airflow/example_dags/tutorial_taskflow_api.py
[2025-07-21T08:42:33.050+0000] {logging_mixin.py:188} INFO - [2025-07-21T08:42:33.049+0000] {dag.py:3036} INFO - Sync 1 DAGs
[2025-07-21T08:42:33.092+0000] {logging_mixin.py:188} INFO - [2025-07-21T08:42:33.089+0000] {dag.py:3823} INFO - Setting next_dagrun for tutorial_taskflow_api to None, run_after=None
[2025-07-21T08:42:33.168+0000] {processor.py:183} INFO - Processing /home/airflow/.local/lib/python3.8/site-packages/airflow/example_dags/tutorial_taskflow_api.py took 0.666 seconds
[2025-07-21T08:43:03.882+0000] {processor.py:161} INFO - Started process (PID=2760) to work on /home/airflow/.local/lib/python3.8/site-packages/airflow/example_dags/tutorial_taskflow_api.py
[2025-07-21T08:43:03.886+0000] {processor.py:830} INFO - Processing file /home/airflow/.local/lib/python3.8/site-packages/airflow/example_dags/tutorial_taskflow_api.py for tasks to queue
[2025-07-21T08:43:03.893+0000] {logging_mixin.py:188} INFO - [2025-07-21T08:43:03.892+0000] {dagbag.py:538} INFO - Filling up the DagBag from /home/airflow/.local/lib/python3.8/site-packages/airflow/example_dags/tutorial_taskflow_api.py
[2025-07-21T08:43:03.915+0000] {processor.py:840} INFO - DAG(s) 'tutorial_taskflow_api' retrieved from /home/airflow/.local/lib/python3.8/site-packages/airflow/example_dags/tutorial_taskflow_api.py
[2025-07-21T08:43:04.029+0000] {logging_mixin.py:188} INFO - [2025-07-21T08:43:04.028+0000] {dag.py:3036} INFO - Sync 1 DAGs
[2025-07-21T08:43:04.138+0000] {logging_mixin.py:188} INFO - [2025-07-21T08:43:04.138+0000] {dag.py:3823} INFO - Setting next_dagrun for tutorial_taskflow_api to None, run_after=None
[2025-07-21T08:43:04.293+0000] {processor.py:183} INFO - Processing /home/airflow/.local/lib/python3.8/site-packages/airflow/example_dags/tutorial_taskflow_api.py took 0.424 seconds
[2025-07-21T08:43:35.045+0000] {processor.py:161} INFO - Started process (PID=2815) to work on /home/airflow/.local/lib/python3.8/site-packages/airflow/example_dags/tutorial_taskflow_api.py
[2025-07-21T08:43:35.049+0000] {processor.py:830} INFO - Processing file /home/airflow/.local/lib/python3.8/site-packages/airflow/example_dags/tutorial_taskflow_api.py for tasks to queue
[2025-07-21T08:43:35.070+0000] {logging_mixin.py:188} INFO - [2025-07-21T08:43:35.069+0000] {dagbag.py:538} INFO - Filling up the DagBag from /home/airflow/.local/lib/python3.8/site-packages/airflow/example_dags/tutorial_taskflow_api.py
[2025-07-21T08:43:35.099+0000] {processor.py:840} INFO - DAG(s) 'tutorial_taskflow_api' retrieved from /home/airflow/.local/lib/python3.8/site-packages/airflow/example_dags/tutorial_taskflow_api.py
[2025-07-21T08:43:35.185+0000] {logging_mixin.py:188} INFO - [2025-07-21T08:43:35.184+0000] {dag.py:3036} INFO - Sync 1 DAGs
[2025-07-21T08:43:35.220+0000] {logging_mixin.py:188} INFO - [2025-07-21T08:43:35.219+0000] {dag.py:3823} INFO - Setting next_dagrun for tutorial_taskflow_api to None, run_after=None
[2025-07-21T08:43:35.309+0000] {processor.py:183} INFO - Processing /home/airflow/.local/lib/python3.8/site-packages/airflow/example_dags/tutorial_taskflow_api.py took 0.284 seconds
